[2019-04-22 10:41:04.906][debug][command:ee37cafa-5d3e-4751-a582-7daf66d38b7a][tid:14][com.facebook.buck.event.listener.RenderingConsole] Starting render scheduler (interval 100 ms)
[2019-04-22 10:41:04.906][debug][command:ee37cafa-5d3e-4751-a582-7daf66d38b7a][tid:14][com.google.common.util.concurrent.ServiceManager] Starting PerfStatsTracking [STARTING].
[2019-04-22 10:41:04.907][debug][command:null][tid:259][com.google.common.util.concurrent.ServiceManager] Started PerfStatsTracking [RUNNING] in 734.6 μs.
[2019-04-22 10:41:04.907][debug][command:null][tid:259][com.google.common.util.concurrent.ServiceManager] Started PerfStatsTracking [RUNNING] in 734.6 μs.
[2019-04-22 10:41:04.908][debug][command:ee37cafa-5d3e-4751-a582-7daf66d38b7a][tid:14][com.google.common.util.concurrent.ServiceManager] Starting ProcessTracker [STARTING].
[2019-04-22 10:41:04.908][debug][command:null][tid:260][com.facebook.buck.util.perf.ProcessTracker] startUp
[2019-04-22 10:41:04.908][debug][command:null][tid:260][com.facebook.buck.util.perf.ProcessTracker] startUp
[2019-04-22 10:41:04.908][debug][command:ee37cafa-5d3e-4751-a582-7daf66d38b7a][tid:14][com.facebook.buck.util.environment.MacWifiSsidFinder] Getting current SSID..
[2019-04-22 10:41:04.909][debug][command:null][tid:260][com.google.common.util.concurrent.ServiceManager] Started ProcessTracker [RUNNING] in 1.940 ms.
[2019-04-22 10:41:04.909][debug][command:null][tid:260][com.google.common.util.concurrent.ServiceManager] Started ProcessTracker [RUNNING] in 1.940 ms.
[2019-04-22 10:41:04.909][debug][command:ee37cafa-5d3e-4751-a582-7daf66d38b7a][tid:14][com.facebook.buck.util.environment.MacWifiSsidFinder] Getting SSID from Wi-Fi interface: <CWInterface: 0x7fa39780d780> [interfaceName=en0]
[2019-04-22 10:41:04.910][debug][command:ee37cafa-5d3e-4751-a582-7daf66d38b7a][tid:14][com.facebook.buck.util.environment.MacWifiSsidFinder] No SSID found for interface <CWInterface: 0x7fa39780d780> [interfaceName=en0].
[2019-04-22 10:41:04.910][debug][command:ee37cafa-5d3e-4751-a582-7daf66d38b7a][tid:14][com.facebook.buck.cli.Main] InvocationInfo BuildId=[ee37cafa-5d3e-4751-a582-7daf66d38b7a] Args=[build, //BuckTest:BuckTest]
[2019-04-22 10:41:04.912][warn ][command:null][tid:263][com.facebook.buck.event.listener.PublicAnnouncementManager] Failed to get public announcements. Reason: Failed to establish connection to server.
[2019-04-22 10:41:04.912][warn ][command:null][tid:263][com.facebook.buck.event.listener.PublicAnnouncementManager] Failed to get public announcements. Reason: Failed to establish connection to server.
[2019-04-22 10:41:04.913][debug][command:null][tid:264][com.facebook.buck.util.environment.MacNetworkConfiguration] Determine network service order and extract device names
[2019-04-22 10:41:04.913][debug][command:null][tid:264][com.facebook.buck.util.environment.MacNetworkConfiguration] Determine network service order and extract device names
[2019-04-22 10:41:04.913][debug][command:null][tid:264][com.facebook.buck.util.ListeningProcessExecutor] Launching process with params ProcessExecutorParams{command=[networksetup, -listnetworkserviceorder, ]}
[2019-04-22 10:41:04.913][debug][command:null][tid:264][com.facebook.buck.util.ListeningProcessExecutor] Launching process with params ProcessExecutorParams{command=[networksetup, -listnetworkserviceorder, ]}
[2019-04-22 10:41:04.922][debug][command:null][tid:264][com.facebook.buck.util.ListeningProcessExecutor] Successfully launched process com.zaxxer.nuprocess.osx.OsxProcess@92950a9
[2019-04-22 10:41:04.922][debug][command:null][tid:264][com.facebook.buck.util.ListeningProcessExecutor] Successfully launched process com.zaxxer.nuprocess.osx.OsxProcess@92950a9
[2019-04-22 10:41:04.922][debug][command:null][tid:264][com.facebook.buck.util.ListeningProcessExecutor] Waiting for process com.facebook.buck.util.ListeningProcessExecutor$LaunchedProcessImpl@52409fd8 timeout 1000 MILLISECONDS
[2019-04-22 10:41:04.922][debug][command:null][tid:264][com.facebook.buck.util.ListeningProcessExecutor] Waiting for process com.facebook.buck.util.ListeningProcessExecutor$LaunchedProcessImpl@52409fd8 timeout 1000 MILLISECONDS
[2019-04-22 10:41:04.924][debug][command:null][tid:267][com.facebook.buck.io.watchman.WatchmanTransportClient] Query [query, /Users/stevenlee/Downloads/BuckTest 3, {since=c:1555333328:392:1:5540, expression=[not, [anyof, [type, d], [dirname, .idea], [dirname, .buckd], [dirname, buck-out/cache], [dirname, tools], [dirname, .git], [dirname, buck-out/.trash], [dirname, buck-out], [match, [build], wholename, {includedotfiles=true}], [match, **/*.pbxproj, wholename, {includedotfiles=true}], [match, **/*.xcscheme, wholename, {includedotfiles=true}], [match, **/*.xcworkspacedata, wholename, {includedotfiles=true}], [match, **/*~, wholename, {includedotfiles=true}], [match, **/#*#, wholename, {includedotfiles=true}], [match, **/.#*, wholename, {includedotfiles=true}], [match, **/*.swo, wholename, {includedotfiles=true}], [match, **/*.swp, wholename, {includedotfiles=true}], [match, **/*.swpx, wholename, {includedotfiles=true}], [match, **/*.un~, wholename, {includedotfiles=true}], [match, **/*.netrhwist, wholename, {includedotfiles=true}], [match, .idea, wholename, {includedotfiles=true}], [match, .iml, wholename, {includedotfiles=true}], [match, **/*.pydevproject, wholename, {includedotfiles=true}], [match, .project, wholename, {includedotfiles=true}], [match, .metadata, wholename, {includedotfiles=true}], [match, **/*.tmp, wholename, {includedotfiles=true}], [match, **/*.bak, wholename, {includedotfiles=true}], [match, **/*.nib, wholename, {includedotfiles=true}], [match, .classpath, wholename, {includedotfiles=true}], [match, .settings, wholename, {includedotfiles=true}], [match, .loadpath, wholename, {includedotfiles=true}], [match, .externalToolBuilders, wholename, {includedotfiles=true}], [match, .cproject, wholename, {includedotfiles=true}], [match, .buildpath, wholename, {includedotfiles=true}], [match, .DS_Store, wholename, {includedotfiles=true}], [match, .AppleDouble, wholename, {includedotfiles=true}], [match, .LSOverride, wholename, {includedotfiles=true}], [match, .Spotlight-V100, wholename, {includedotfiles=true}], [match, .Trashes, wholename, {includedotfiles=true}], [match, $RECYCLE.BIN, wholename, {includedotfiles=true}], [match, **/*.sublime-workspace, wholename, {includedotfiles=true}]]], empty_on_fresh_instance=true, fields=[name, exists, new]}] returned in 8 ms
[2019-04-22 10:41:04.924][debug][command:null][tid:267][com.facebook.buck.io.watchman.WatchmanTransportClient] Query [query, /Users/stevenlee/Downloads/BuckTest 3, {since=c:1555333328:392:1:5540, expression=[not, [anyof, [type, d], [dirname, .idea], [dirname, .buckd], [dirname, buck-out/cache], [dirname, tools], [dirname, .git], [dirname, buck-out/.trash], [dirname, buck-out], [match, [build], wholename, {includedotfiles=true}], [match, **/*.pbxproj, wholename, {includedotfiles=true}], [match, **/*.xcscheme, wholename, {includedotfiles=true}], [match, **/*.xcworkspacedata, wholename, {includedotfiles=true}], [match, **/*~, wholename, {includedotfiles=true}], [match, **/#*#, wholename, {includedotfiles=true}], [match, **/.#*, wholename, {includedotfiles=true}], [match, **/*.swo, wholename, {includedotfiles=true}], [match, **/*.swp, wholename, {includedotfiles=true}], [match, **/*.swpx, wholename, {includedotfiles=true}], [match, **/*.un~, wholename, {includedotfiles=true}], [match, **/*.netrhwist, wholename, {includedotfiles=true}], [match, .idea, wholename, {includedotfiles=true}], [match, .iml, wholename, {includedotfiles=true}], [match, **/*.pydevproject, wholename, {includedotfiles=true}], [match, .project, wholename, {includedotfiles=true}], [match, .metadata, wholename, {includedotfiles=true}], [match, **/*.tmp, wholename, {includedotfiles=true}], [match, **/*.bak, wholename, {includedotfiles=true}], [match, **/*.nib, wholename, {includedotfiles=true}], [match, .classpath, wholename, {includedotfiles=true}], [match, .settings, wholename, {includedotfiles=true}], [match, .loadpath, wholename, {includedotfiles=true}], [match, .externalToolBuilders, wholename, {includedotfiles=true}], [match, .cproject, wholename, {includedotfiles=true}], [match, .buildpath, wholename, {includedotfiles=true}], [match, .DS_Store, wholename, {includedotfiles=true}], [match, .AppleDouble, wholename, {includedotfiles=true}], [match, .LSOverride, wholename, {includedotfiles=true}], [match, .Spotlight-V100, wholename, {includedotfiles=true}], [match, .Trashes, wholename, {includedotfiles=true}], [match, $RECYCLE.BIN, wholename, {includedotfiles=true}], [match, **/*.sublime-workspace, wholename, {includedotfiles=true}]]], empty_on_fresh_instance=true, fields=[name, exists, new]}] returned in 8 ms
[2019-04-22 10:41:04.924][debug][command:null][tid:267][com.facebook.buck.io.watchman.WatchmanWatcher] Updating Watchman Cursor from c:1555333328:392:1:5540 to c:1555333328:392:1:5556
[2019-04-22 10:41:04.924][debug][command:null][tid:267][com.facebook.buck.io.watchman.WatchmanWatcher] Updating Watchman Cursor from c:1555333328:392:1:5540 to c:1555333328:392:1:5556
[2019-04-22 10:41:04.924][warn ][command:null][tid:267][com.facebook.buck.io.watchman.WatchmanWatcher] Posting WatchEvent: WatchmanPathEvent{cellPath=/Users/stevenlee/Downloads/BuckTest 3, kind=MODIFY, path=BuckTest/ViewController.swift}
[2019-04-22 10:41:04.924][warn ][command:null][tid:267][com.facebook.buck.io.watchman.WatchmanWatcher] Posting WatchEvent: WatchmanPathEvent{cellPath=/Users/stevenlee/Downloads/BuckTest 3, kind=MODIFY, path=BuckTest/ViewController.swift}
[2019-04-22 10:41:04.925][warn ][command:null][tid:267][com.facebook.buck.io.watchman.WatchmanWatcher] Posting WatchEvent: WatchmanPathEvent{cellPath=/Users/stevenlee/Downloads/BuckTest 3, kind=DELETE, path=BuckTest.xcworkspace/xcuserdata/stevenlee.xcuserdatad/.dat.nosync397b.4RsIK6}
[2019-04-22 10:41:04.925][warn ][command:null][tid:267][com.facebook.buck.io.watchman.WatchmanWatcher] Posting WatchEvent: WatchmanPathEvent{cellPath=/Users/stevenlee/Downloads/BuckTest 3, kind=DELETE, path=BuckTest.xcworkspace/xcuserdata/stevenlee.xcuserdatad/.dat.nosync397b.4RsIK6}
[2019-04-22 10:41:04.926][debug][command:null][tid:267][com.facebook.buck.parser.DaemonicParserState] /Users/stevenlee/Downloads/BuckTest 3/BuckTest.xcworkspace/xcuserdata/stevenlee.xcuserdatad/.dat.nosync397b.4RsIK6 is not owned by any build file.  Not invalidating anything.
[2019-04-22 10:41:04.926][debug][command:null][tid:267][com.facebook.buck.parser.DaemonicParserState] /Users/stevenlee/Downloads/BuckTest 3/BuckTest.xcworkspace/xcuserdata/stevenlee.xcuserdatad/.dat.nosync397b.4RsIK6 is not owned by any build file.  Not invalidating anything.
[2019-04-22 10:41:04.926][warn ][command:null][tid:267][com.facebook.buck.io.watchman.WatchmanWatcher] Posting WatchEvent: WatchmanPathEvent{cellPath=/Users/stevenlee/Downloads/BuckTest 3, kind=MODIFY, path=BuckTest.xcworkspace/xcuserdata/stevenlee.xcuserdatad/UserInterfaceState.xcuserstate}
[2019-04-22 10:41:04.926][warn ][command:null][tid:267][com.facebook.buck.io.watchman.WatchmanWatcher] Posting WatchEvent: WatchmanPathEvent{cellPath=/Users/stevenlee/Downloads/BuckTest 3, kind=MODIFY, path=BuckTest.xcworkspace/xcuserdata/stevenlee.xcuserdatad/UserInterfaceState.xcuserstate}
[2019-04-22 10:41:04.926][debug][command:ee37cafa-5d3e-4751-a582-7daf66d38b7a][tid:265][com.facebook.buck.event.listener.SuperConsoleEventBusListener] Watchman notified about file deletion: WatchmanPathEvent{cellPath=/Users/stevenlee/Downloads/BuckTest 3, kind=DELETE, path=BuckTest.xcworkspace/xcuserdata/stevenlee.xcuserdatad/.dat.nosync397b.4RsIK6}
[2019-04-22 10:41:04.926][warn ][command:null][tid:267][com.facebook.buck.io.watchman.WatchmanWatcher] Posting WatchEvent: WatchmanPathEvent{cellPath=/Users/stevenlee/Downloads/BuckTest 3, kind=DELETE, path=BuckTest.xcworkspace/xcuserdata/stevenlee.xcuserdatad/.dat.nosync397b.szU53J}
[2019-04-22 10:41:04.926][warn ][command:null][tid:267][com.facebook.buck.io.watchman.WatchmanWatcher] Posting WatchEvent: WatchmanPathEvent{cellPath=/Users/stevenlee/Downloads/BuckTest 3, kind=DELETE, path=BuckTest.xcworkspace/xcuserdata/stevenlee.xcuserdatad/.dat.nosync397b.szU53J}
[2019-04-22 10:41:04.926][debug][command:null][tid:267][com.facebook.buck.parser.DaemonicParserState] /Users/stevenlee/Downloads/BuckTest 3/BuckTest.xcworkspace/xcuserdata/stevenlee.xcuserdatad/.dat.nosync397b.szU53J is not owned by any build file.  Not invalidating anything.
[2019-04-22 10:41:04.926][debug][command:null][tid:267][com.facebook.buck.parser.DaemonicParserState] /Users/stevenlee/Downloads/BuckTest 3/BuckTest.xcworkspace/xcuserdata/stevenlee.xcuserdatad/.dat.nosync397b.szU53J is not owned by any build file.  Not invalidating anything.
[2019-04-22 10:41:04.926][debug][command:null][tid:267][com.facebook.buck.io.watchman.WatchmanWatcher] Posted 4 Watchman events.
[2019-04-22 10:41:04.926][debug][command:null][tid:267][com.facebook.buck.io.watchman.WatchmanWatcher] Posted 4 Watchman events.
[2019-04-22 10:41:04.927][debug][command:ee37cafa-5d3e-4751-a582-7daf66d38b7a][tid:265][com.facebook.buck.event.listener.SuperConsoleEventBusListener] Watchman notified about file deletion: WatchmanPathEvent{cellPath=/Users/stevenlee/Downloads/BuckTest 3, kind=DELETE, path=BuckTest.xcworkspace/xcuserdata/stevenlee.xcuserdatad/.dat.nosync397b.szU53J}
[2019-04-22 10:41:04.927][debug][command:null][tid:267][com.facebook.buck.io.watchman.WatchmanTransportClient] Closing Watchman transport.
[2019-04-22 10:41:04.927][debug][command:null][tid:267][com.facebook.buck.io.watchman.WatchmanTransportClient] Closing Watchman transport.
[2019-04-22 10:41:04.929][info ][command:ee37cafa-5d3e-4751-a582-7daf66d38b7a][tid:265][com.facebook.buck.event.listener.LoggingBuildListener] Build started at 2019-04-22 10:41:04.929
[2019-04-22 10:41:04.933][info ][command:ee37cafa-5d3e-4751-a582-7daf66d38b7a][tid:14][com.facebook.buck.core.model.actiongraph.computation.ActionGraphProvider] ActionGraph cache hit.
[2019-04-22 10:41:04.934][debug][command:ee37cafa-5d3e-4751-a582-7daf66d38b7a][tid:14][com.facebook.buck.core.build.engine.impl.MetadataChecker] Checking metadata_storage for /Users/stevenlee/Downloads/BuckTest 3
[2019-04-22 10:41:04.935][debug][command:ee37cafa-5d3e-4751-a582-7daf66d38b7a][tid:265][com.facebook.buck.event.listener.SuperConsoleEventBusListener] Action graph cache hit
[2019-04-22 10:41:04.976][debug][command:null][tid:264][com.facebook.buck.util.ListeningProcessExecutor] Wait for process returned 0
[2019-04-22 10:41:04.976][debug][command:null][tid:264][com.facebook.buck.util.ListeningProcessExecutor] Wait for process returned 0
[2019-04-22 10:41:04.976][debug][command:null][tid:264][com.facebook.buck.util.ListeningProcessExecutor] Destroying process com.facebook.buck.util.ListeningProcessExecutor$LaunchedProcessImpl@52409fd8 (force true)
[2019-04-22 10:41:04.976][debug][command:null][tid:264][com.facebook.buck.util.ListeningProcessExecutor] Destroying process com.facebook.buck.util.ListeningProcessExecutor$LaunchedProcessImpl@52409fd8 (force true)
[2019-04-22 10:41:04.976][debug][command:null][tid:264][com.facebook.buck.util.environment.MacNetworkConfiguration] Determine active state of media for device
[2019-04-22 10:41:04.976][debug][command:null][tid:264][com.facebook.buck.util.environment.MacNetworkConfiguration] Determine active state of media for device
[2019-04-22 10:41:04.976][debug][command:null][tid:264][com.facebook.buck.util.ListeningProcessExecutor] Launching process with params ProcessExecutorParams{command=[networksetup, -getMedia, en7]}
[2019-04-22 10:41:04.976][debug][command:null][tid:264][com.facebook.buck.util.ListeningProcessExecutor] Launching process with params ProcessExecutorParams{command=[networksetup, -getMedia, en7]}
[2019-04-22 10:41:04.981][warn ][command:ee37cafa-5d3e-4751-a582-7daf66d38b7a][tid:275][com.facebook.buck.rules.keys.RuleKeyBuilder] Attempting to add absolute path to rule key. Only using file name: /usr/bin/codesign
[2019-04-22 10:41:04.983][debug][command:ee37cafa-5d3e-4751-a582-7daf66d38b7a][tid:274][com.facebook.buck.core.build.engine.cache.manager.BuildCacheArtifactFetcher] Cache miss for '//BuckTest:BuckTest#dwarf-and-dsym,no-include-frameworks' with rulekey '1169e213ad2b79e43a462cd766d2e15617ef40ff'
[2019-04-22 10:41:04.989][debug][command:ee37cafa-5d3e-4751-a582-7daf66d38b7a][tid:271][com.facebook.buck.core.build.engine.cache.manager.BuildCacheArtifactFetcher] Cache miss for '//BuckTest:AppBinary#iphonesimulator-x86_64,strip-non-global,stripped' with rulekey '00381605c6aae50ee76ff4899b8561bf3a13885a'
[2019-04-22 10:41:04.991][debug][command:ee37cafa-5d3e-4751-a582-7daf66d38b7a][tid:272][com.facebook.buck.core.build.engine.cache.manager.BuildCacheArtifactFetcher] Cache miss for '//BuckTest:AppBinary#apple-dsym,iphonesimulator-x86_64' with rulekey '3482d3cc75ca745735bd0a53f44c5c08fbf0f2af'
[2019-04-22 10:41:04.999][debug][command:ee37cafa-5d3e-4751-a582-7daf66d38b7a][tid:274][com.facebook.buck.core.build.engine.cache.manager.BuildCacheArtifactFetcher] Cache miss for '//BuckTest:AppBinary#apple-debuggable-binary,dwarf-and-dsym,iphonesimulator-x86_64' with rulekey 'f66303fd552b6b7e63ac26f556ab2a94786d9156'
[2019-04-22 10:41:04.999][debug][command:ee37cafa-5d3e-4751-a582-7daf66d38b7a][tid:277][com.facebook.buck.core.build.engine.cache.manager.BuildCacheArtifactFetcher] Cache miss for '//BuckTest:AppBinary#binary,iphonesimulator-x86_64' with rulekey 'f140de6534c1629142db0019f57bb2f356487f81'
[2019-04-22 10:41:04.999][debug][command:ee37cafa-5d3e-4751-a582-7daf66d38b7a][tid:276][com.facebook.buck.core.build.engine.cache.manager.BuildCacheArtifactFetcher] Cache miss for '//BuckTest:AppLibrary#iphonesimulator-x86_64,static' with rulekey '1d0115796726f62e1d4ff9521d7557bfd9db8154'
[2019-04-22 10:41:05.007][debug][command:ee37cafa-5d3e-4751-a582-7daf66d38b7a][tid:278][com.facebook.buck.core.build.engine.cache.manager.BuildCacheArtifactFetcher] Cache miss for '//BuckTest:AppLibrary#apple-swift-compile,iphonesimulator-x86_64' with rulekey 'b4ededb604c87d287210c87a9115d87f5b090624'
[2019-04-22 10:41:05.007][debug][command:ee37cafa-5d3e-4751-a582-7daf66d38b7a][tid:273][com.facebook.buck.core.build.engine.cache.manager.BuildCacheArtifactFetcher] Cache miss for '//BuckTest:AppBinary#iphonesimulator-x86_64,swift-compile' with rulekey '4cc09a139d14d9be048061b6af3f77d10a01ff9a'
[2019-04-22 10:41:05.012][debug][command:null][tid:264][com.facebook.buck.util.ListeningProcessExecutor] Successfully launched process com.zaxxer.nuprocess.osx.OsxProcess@3fee4341
[2019-04-22 10:41:05.012][debug][command:null][tid:264][com.facebook.buck.util.ListeningProcessExecutor] Successfully launched process com.zaxxer.nuprocess.osx.OsxProcess@3fee4341
[2019-04-22 10:41:05.012][debug][command:null][tid:264][com.facebook.buck.util.ListeningProcessExecutor] Waiting for process com.facebook.buck.util.ListeningProcessExecutor$LaunchedProcessImpl@53968fab timeout 1000 MILLISECONDS
[2019-04-22 10:41:05.012][debug][command:null][tid:264][com.facebook.buck.util.ListeningProcessExecutor] Waiting for process com.facebook.buck.util.ListeningProcessExecutor$LaunchedProcessImpl@53968fab timeout 1000 MILLISECONDS
[2019-04-22 10:41:05.031][debug][command:ee37cafa-5d3e-4751-a582-7daf66d38b7a][tid:271][com.facebook.buck.core.build.engine.impl.CachingBuildRuleBuilder] Building locally: //BuckTest:AppLibrary#apple-swift-compile,iphonesimulator-x86_64
[2019-04-22 10:41:05.034][debug][command:ee37cafa-5d3e-4751-a582-7daf66d38b7a][tid:271][com.facebook.buck.swift.SwiftCompileStep] [/Users/stevenlee/Downloads/Xcode.app/Contents/Developer/Toolchains/XcodeDefault.xctoolchain/usr/bin/swiftc, -frontend, -sdk, /Users/stevenlee/Downloads/Xcode.app/Contents/Developer/Platforms/iPhoneSimulator.platform/Developer/SDKs/iPhoneSimulator.sdk, -target, x86_64-apple-ios11.0, -F, /Users/stevenlee/Downloads/BuckTest 3/buck-out/gen/Pods/Crashlytics, -F, /Users/stevenlee/Downloads/BuckTest 3/buck-out/gen/Pods/Fabric, -F, /Users/stevenlee/Downloads/BuckTest 3/buck-out/gen/Pods/Intercom, -F, /Users/stevenlee/Downloads/BuckTest 3/buck-out/gen/Pods/ZDCChat, -F, /Users/stevenlee/Downloads/BuckTest 3/buck-out/gen/Pods/ZDCChatAPI, -F, /Users/stevenlee/Downloads/BuckTest 3/buck-out/gen/Pods/ZendeskCoreSDK, -Xcc, -I, -Xcc, buck-out/gen/Pods/Alamofire#apple-swift-objc-generated-header,iphonesimulator-x86_64.hmap, -Xcc, -I, -Xcc, buck-out/gen/Pods/Armchair#apple-swift-objc-generated-header,iphonesimulator-x86_64.hmap, -Xcc, -I, -Xcc, buck-out/gen/Pods/CountryPickerSwift#apple-swift-objc-generated-header,iphonesimulator-x86_64.hmap, -Xcc, -I, -Xcc, buck-out/gen/Pods/Hero#apple-swift-objc-generated-header,iphonesimulator-x86_64.hmap, -Xcc, -I, -Xcc, buck-out/gen/Pods/IQKeyboardManagerSwift#apple-swift-objc-generated-header,iphonesimulator-x86_64.hmap, -Xcc, -I, -Xcc, buck-out/gen/Pods/Lottie#apple-swift-objc-generated-header,iphonesimulator-x86_64.hmap, -Xcc, -I, -Xcc, buck-out/gen/Pods/Mixpanel#apple-swift-objc-generated-header,iphonesimulator-x86_64.hmap, -Xcc, -I, -Xcc, buck-out/gen/Pods/RxCocoa#apple-swift-objc-generated-header,iphonesimulator-x86_64.hmap, -Xcc, -I, -Xcc, buck-out/gen/Pods/RxSwift#apple-swift-objc-generated-header,iphonesimulator-x86_64.hmap, -Xcc, -I, -Xcc, buck-out/gen/Pods/SkyFloatingLabelTextField#apple-swift-objc-generated-header,iphonesimulator-x86_64.hmap, -Xcc, -I, -Xcc, buck-out/gen/Pods/SwiftKeychainWrapper#apple-swift-objc-generated-header,iphonesimulator-x86_64.hmap, -Xcc, -I, -Xcc, buck-out/gen/Pods/SwiftyRSA#apple-swift-objc-generated-header,iphonesimulator-x86_64.hmap, -Xcc, -I, -Xcc, buck-out/gen/Pods/Swinject#apple-swift-objc-generated-header,iphonesimulator-x86_64.hmap, -Xcc, -I, -Xcc, buck-out/gen/Pods/SwinjectStoryboard#apple-swift-objc-generated-header,iphonesimulator-x86_64.hmap, -Xcc, -I, -Xcc, buck-out/gen/Pods/Validator#apple-swift-objc-generated-header,iphonesimulator-x86_64.hmap, -Xcc, -I, -Xcc, buck-out/gen/Pods/Alamofire#header-mode-symlink-tree-with-modulemap,headers,iphonesimulator-x86_64, -Xcc, -I, -Xcc, buck-out/gen/Pods/Alamofire#apple-swift-compile,iphonesimulator-x86_64, -Xcc, -I, -Xcc, buck-out, -Xcc, -I, -Xcc, buck-out/gen/Pods/Armchair#header-mode-symlink-tree-with-modulemap,headers,iphonesimulator-x86_64, -Xcc, -I, -Xcc, buck-out/gen/Pods/Armchair#apple-swift-compile,iphonesimulator-x86_64, -Xcc, -I, -Xcc, buck-out/gen/Pods/CountryPickerSwift#header-mode-symlink-tree-with-modulemap,headers,iphonesimulator-x86_64, -Xcc, -I, -Xcc, buck-out/gen/Pods/CountryPickerSwift#apple-swift-compile,iphonesimulator-x86_64, -Xcc, -I, -Xcc, buck-out/gen/Pods/Hero#header-mode-symlink-tree-with-modulemap,headers,iphonesimulator-x86_64, -Xcc, -I, -Xcc, buck-out/gen/Pods/Hero#apple-swift-compile,iphonesimulator-x86_64, -Xcc, -I, -Xcc, buck-out/gen/Pods/IGListKit#header-mode-symlink-tree-with-modulemap,headers,iphonesimulator-x86_64, -Xcc, -I, -Xcc, buck-out/gen/Pods/IQKeyboardManagerSwift#header-mode-symlink-tree-with-modulemap,headers,iphonesimulator-x86_64, -Xcc, -I, -Xcc, buck-out/gen/Pods/IQKeyboardManagerSwift#apple-swift-compile,iphonesimulator-x86_64, -Xcc, -I, -Xcc, buck-out/gen/Pods/Lottie#header-mode-symlink-tree-with-modulemap,headers,iphonesimulator-x86_64, -Xcc, -I, -Xcc, buck-out/gen/Pods/Lottie#apple-swift-compile,iphonesimulator-x86_64, -Xcc, -I, -Xcc, buck-out/gen/Pods/Mixpanel#header-mode-symlink-tree-with-modulemap,headers,iphonesimulator-x86_64, -Xcc, -I, -Xcc, buck-out/gen/Pods/Mixpanel#apple-swift-compile,iphonesimulator-x86_64, -Xcc, -I, -Xcc, buck-out/gen/Pods/RxCocoa#header-mode-symlink-tree-with-modulemap,headers,iphonesimulator-x86_64, -Xcc, -I, -Xcc, buck-out/gen/Pods/RxCocoa#apple-swift-compile,iphonesimulator-x86_64, -Xcc, -I, -Xcc, buck-out/gen/Pods/RxSwift#header-mode-symlink-tree-with-modulemap,headers,iphonesimulator-x86_64, -Xcc, -I, -Xcc, buck-out/gen/Pods/RxSwift#apple-swift-compile,iphonesimulator-x86_64, -Xcc, -I, -Xcc, buck-out/gen/Pods/SVProgressHUD#header-mode-symlink-tree-with-modulemap,headers,iphonesimulator-x86_64, -Xcc, -I, -Xcc, buck-out/gen/Pods/SkyFloatingLabelTextField#header-mode-symlink-tree-with-modulemap,headers,iphonesimulator-x86_64, -Xcc, -I, -Xcc, buck-out/gen/Pods/SkyFloatingLabelTextField#apple-swift-compile,iphonesimulator-x86_64, -Xcc, -I, -Xcc, buck-out/gen/Pods/SwiftKeychainWrapper#header-mode-symlink-tree-with-modulemap,headers,iphonesimulator-x86_64, -Xcc, -I, -Xcc, buck-out/gen/Pods/SwiftKeychainWrapper#apple-swift-compile,iphonesimulator-x86_64, -Xcc, -I, -Xcc, buck-out/gen/Pods/SwiftyRSA#header-mode-symlink-tree-with-modulemap,headers,iphonesimulator-x86_64, -Xcc, -I, -Xcc, buck-out/gen/Pods/SwiftyRSA#apple-swift-compile,iphonesimulator-x86_64, -Xcc, -I, -Xcc, buck-out/gen/Pods/Swinject#header-mode-symlink-tree-with-modulemap,headers,iphonesimulator-x86_64, -Xcc, -I, -Xcc, buck-out/gen/Pods/Swinject#apple-swift-compile,iphonesimulator-x86_64, -Xcc, -I, -Xcc, buck-out/gen/Pods/SwinjectStoryboard#header-mode-symlink-tree-with-modulemap,headers,iphonesimulator-x86_64, -Xcc, -I, -Xcc, buck-out/gen/Pods/SwinjectStoryboard#apple-swift-compile,iphonesimulator-x86_64, -Xcc, -I, -Xcc, buck-out/gen/Pods/Validator#header-mode-symlink-tree-with-modulemap,headers,iphonesimulator-x86_64, -Xcc, -I, -Xcc, buck-out/gen/Pods/Validator#apple-swift-compile,iphonesimulator-x86_64, -Xcc, -F, -Xcc, /Users/stevenlee/Downloads/BuckTest 3/buck-out/gen/Pods/Crashlytics, -Xcc, -F, -Xcc, /Users/stevenlee/Downloads/BuckTest 3/buck-out/gen/Pods/Fabric, -Xcc, -F, -Xcc, /Users/stevenlee/Downloads/BuckTest 3/buck-out/gen/Pods/Intercom, -Xcc, -F, -Xcc, /Users/stevenlee/Downloads/BuckTest 3/buck-out/gen/Pods/ZDCChat, -Xcc, -F, -Xcc, /Users/stevenlee/Downloads/BuckTest 3/buck-out/gen/Pods/ZDCChatAPI, -Xcc, -F, -Xcc, /Users/stevenlee/Downloads/BuckTest 3/buck-out/gen/Pods/ZendeskCoreSDK, -I, /Users/stevenlee/Downloads/BuckTest 3/buck-out/gen/Pods/Alamofire#apple-swift-compile,iphonesimulator-x86_64, -I, /Users/stevenlee/Downloads/BuckTest 3/buck-out/gen/Pods/Armchair#apple-swift-compile,iphonesimulator-x86_64, -I, /Users/stevenlee/Downloads/BuckTest 3/buck-out/gen/Pods/CountryPickerSwift#apple-swift-compile,iphonesimulator-x86_64, -I, /Users/stevenlee/Downloads/BuckTest 3/buck-out/gen/Pods/Hero#apple-swift-compile,iphonesimulator-x86_64, -I, /Users/stevenlee/Downloads/BuckTest 3/buck-out/gen/Pods/IQKeyboardManagerSwift#apple-swift-compile,iphonesimulator-x86_64, -I, /Users/stevenlee/Downloads/BuckTest 3/buck-out/gen/Pods/Lottie#apple-swift-compile,iphonesimulator-x86_64, -I, /Users/stevenlee/Downloads/BuckTest 3/buck-out/gen/Pods/Mixpanel#apple-swift-compile,iphonesimulator-x86_64, -I, /Users/stevenlee/Downloads/BuckTest 3/buck-out/gen/Pods/RxCocoa#apple-swift-compile,iphonesimulator-x86_64, -I, /Users/stevenlee/Downloads/BuckTest 3/buck-out/gen/Pods/RxSwift#apple-swift-compile,iphonesimulator-x86_64, -I, /Users/stevenlee/Downloads/BuckTest 3/buck-out/gen/Pods/SkyFloatingLabelTextField#apple-swift-compile,iphonesimulator-x86_64, -I, /Users/stevenlee/Downloads/BuckTest 3/buck-out/gen/Pods/SwiftKeychainWrapper#apple-swift-compile,iphonesimulator-x86_64, -I, /Users/stevenlee/Downloads/BuckTest 3/buck-out/gen/Pods/SwiftyRSA#apple-swift-compile,iphonesimulator-x86_64, -I, /Users/stevenlee/Downloads/BuckTest 3/buck-out/gen/Pods/Swinject#apple-swift-compile,iphonesimulator-x86_64, -I, /Users/stevenlee/Downloads/BuckTest 3/buck-out/gen/Pods/SwinjectStoryboard#apple-swift-compile,iphonesimulator-x86_64, -I, /Users/stevenlee/Downloads/BuckTest 3/buck-out/gen/Pods/Validator#apple-swift-compile,iphonesimulator-x86_64, -c, -enable-objc-interop, -parse-as-library, -serialize-debugging-options, -module-name, AppLibrary, -emit-module, -emit-module-path, buck-out/gen/BuckTest/AppLibrary#apple-swift-compile,iphonesimulator-x86_64/AppLibrary.swiftmodule, -emit-objc-header-path, buck-out/gen/BuckTest/AppLibrary#apple-swift-compile,iphonesimulator-x86_64/AppLibrary-Swift.h, -o, buck-out/gen/BuckTest/AppLibrary#apple-swift-compile,iphonesimulator-x86_64/AppLibrary.o, -swift-version, 4.2, -DBUCK, -enable-testing, -g, -Onone, -whole-module-optimization, -filelist, /Users/stevenlee/Downloads/BuckTest 3/buck-out/bin/BuckTest/AppLibrary#apple-swift-compile,iphonesimulator-x86_64__filelist.txt]
[2019-04-22 10:41:05.037][debug][command:ee37cafa-5d3e-4751-a582-7daf66d38b7a][tid:271][com.facebook.buck.util.ListeningProcessExecutor] Launching process with params ProcessExecutorParams{command=[/Users/stevenlee/Downloads/Xcode.app/Contents/Developer/Toolchains/XcodeDefault.xctoolchain/usr/bin/swiftc, -frontend, -sdk, /Users/stevenlee/Downloads/Xcode.app/Contents/Developer/Platforms/iPhoneSimulator.platform/Developer/SDKs/iPhoneSimulator.sdk, -target, x86_64-apple-ios11.0, -F, /Users/stevenlee/Downloads/BuckTest 3/buck-out/gen/Pods/Crashlytics, -F, /Users/stevenlee/Downloads/BuckTest 3/buck-out/gen/Pods/Fabric, -F, /Users/stevenlee/Downloads/BuckTest 3/buck-out/gen/Pods/Intercom, -F, /Users/stevenlee/Downloads/BuckTest 3/buck-out/gen/Pods/ZDCChat, -F, /Users/stevenlee/Downloads/BuckTest 3/buck-out/gen/Pods/ZDCChatAPI, -F, /Users/stevenlee/Downloads/BuckTest 3/buck-out/gen/Pods/ZendeskCoreSDK, -Xcc, -I, -Xcc, buck-out/gen/Pods/Alamofire#apple-swift-objc-generated-header,iphonesimulator-x86_64.hmap, -Xcc, -I, -Xcc, buck-out/gen/Pods/Armchair#apple-swift-objc-generated-header,iphonesimulator-x86_64.hmap, -Xcc, -I, -Xcc, buck-out/gen/Pods/CountryPickerSwift#apple-swift-objc-generated-header,iphonesimulator-x86_64.hmap, -Xcc, -I, -Xcc, buck-out/gen/Pods/Hero#apple-swift-objc-generated-header,iphonesimulator-x86_64.hmap, -Xcc, -I, -Xcc, buck-out/gen/Pods/IQKeyboardManagerSwift#apple-swift-objc-generated-header,iphonesimulator-x86_64.hmap, -Xcc, -I, -Xcc, buck-out/gen/Pods/Lottie#apple-swift-objc-generated-header,iphonesimulator-x86_64.hmap, -Xcc, -I, -Xcc, buck-out/gen/Pods/Mixpanel#apple-swift-objc-generated-header,iphonesimulator-x86_64.hmap, -Xcc, -I, -Xcc, buck-out/gen/Pods/RxCocoa#apple-swift-objc-generated-header,iphonesimulator-x86_64.hmap, -Xcc, -I, -Xcc, buck-out/gen/Pods/RxSwift#apple-swift-objc-generated-header,iphonesimulator-x86_64.hmap, -Xcc, -I, -Xcc, buck-out/gen/Pods/SkyFloatingLabelTextField#apple-swift-objc-generated-header,iphonesimulator-x86_64.hmap, -Xcc, -I, -Xcc, buck-out/gen/Pods/SwiftKeychainWrapper#apple-swift-objc-generated-header,iphonesimulator-x86_64.hmap, -Xcc, -I, -Xcc, buck-out/gen/Pods/SwiftyRSA#apple-swift-objc-generated-header,iphonesimulator-x86_64.hmap, -Xcc, -I, -Xcc, buck-out/gen/Pods/Swinject#apple-swift-objc-generated-header,iphonesimulator-x86_64.hmap, -Xcc, -I, -Xcc, buck-out/gen/Pods/SwinjectStoryboard#apple-swift-objc-generated-header,iphonesimulator-x86_64.hmap, -Xcc, -I, -Xcc, buck-out/gen/Pods/Validator#apple-swift-objc-generated-header,iphonesimulator-x86_64.hmap, -Xcc, -I, -Xcc, buck-out/gen/Pods/Alamofire#header-mode-symlink-tree-with-modulemap,headers,iphonesimulator-x86_64, -Xcc, -I, -Xcc, buck-out/gen/Pods/Alamofire#apple-swift-compile,iphonesimulator-x86_64, -Xcc, -I, -Xcc, buck-out, -Xcc, -I, -Xcc, buck-out/gen/Pods/Armchair#header-mode-symlink-tree-with-modulemap,headers,iphonesimulator-x86_64, -Xcc, -I, -Xcc, buck-out/gen/Pods/Armchair#apple-swift-compile,iphonesimulator-x86_64, -Xcc, -I, -Xcc, buck-out/gen/Pods/CountryPickerSwift#header-mode-symlink-tree-with-modulemap,headers,iphonesimulator-x86_64, -Xcc, -I, -Xcc, buck-out/gen/Pods/CountryPickerSwift#apple-swift-compile,iphonesimulator-x86_64, -Xcc, -I, -Xcc, buck-out/gen/Pods/Hero#header-mode-symlink-tree-with-modulemap,headers,iphonesimulator-x86_64, -Xcc, -I, -Xcc, buck-out/gen/Pods/Hero#apple-swift-compile,iphonesimulator-x86_64, -Xcc, -I, -Xcc, buck-out/gen/Pods/IGListKit#header-mode-symlink-tree-with-modulemap,headers,iphonesimulator-x86_64, -Xcc, -I, -Xcc, buck-out/gen/Pods/IQKeyboardManagerSwift#header-mode-symlink-tree-with-modulemap,headers,iphonesimulator-x86_64, -Xcc, -I, -Xcc, buck-out/gen/Pods/IQKeyboardManagerSwift#apple-swift-compile,iphonesimulator-x86_64, -Xcc, -I, -Xcc, buck-out/gen/Pods/Lottie#header-mode-symlink-tree-with-modulemap,headers,iphonesimulator-x86_64, -Xcc, -I, -Xcc, buck-out/gen/Pods/Lottie#apple-swift-compile,iphonesimulator-x86_64, -Xcc, -I, -Xcc, buck-out/gen/Pods/Mixpanel#header-mode-symlink-tree-with-modulemap,headers,iphonesimulator-x86_64, -Xcc, -I, -Xcc, buck-out/gen/Pods/Mixpanel#apple-swift-compile,iphonesimulator-x86_64, -Xcc, -I, -Xcc, buck-out/gen/Pods/RxCocoa#header-mode-symlink-tree-with-modulemap,headers,iphonesimulator-x86_64, -Xcc, -I, -Xcc, buck-out/gen/Pods/RxCocoa#apple-swift-compile,iphonesimulator-x86_64, -Xcc, -I, -Xcc, buck-out/gen/Pods/RxSwift#header-mode-symlink-tree-with-modulemap,headers,iphonesimulator-x86_64, -Xcc, -I, -Xcc, buck-out/gen/Pods/RxSwift#apple-swift-compile,iphonesimulator-x86_64, -Xcc, -I, -Xcc, buck-out/gen/Pods/SVProgressHUD#header-mode-symlink-tree-with-modulemap,headers,iphonesimulator-x86_64, -Xcc, -I, -Xcc, buck-out/gen/Pods/SkyFloatingLabelTextField#header-mode-symlink-tree-with-modulemap,headers,iphonesimulator-x86_64, -Xcc, -I, -Xcc, buck-out/gen/Pods/SkyFloatingLabelTextField#apple-swift-compile,iphonesimulator-x86_64, -Xcc, -I, -Xcc, buck-out/gen/Pods/SwiftKeychainWrapper#header-mode-symlink-tree-with-modulemap,headers,iphonesimulator-x86_64, -Xcc, -I, -Xcc, buck-out/gen/Pods/SwiftKeychainWrapper#apple-swift-compile,iphonesimulator-x86_64, -Xcc, -I, -Xcc, buck-out/gen/Pods/SwiftyRSA#header-mode-symlink-tree-with-modulemap,headers,iphonesimulator-x86_64, -Xcc, -I, -Xcc, buck-out/gen/Pods/SwiftyRSA#apple-swift-compile,iphonesimulator-x86_64, -Xcc, -I, -Xcc, buck-out/gen/Pods/Swinject#header-mode-symlink-tree-with-modulemap,headers,iphonesimulator-x86_64, -Xcc, -I, -Xcc, buck-out/gen/Pods/Swinject#apple-swift-compile,iphonesimulator-x86_64, -Xcc, -I, -Xcc, buck-out/gen/Pods/SwinjectStoryboard#header-mode-symlink-tree-with-modulemap,headers,iphonesimulator-x86_64, -Xcc, -I, -Xcc, buck-out/gen/Pods/SwinjectStoryboard#apple-swift-compile,iphonesimulator-x86_64, -Xcc, -I, -Xcc, buck-out/gen/Pods/Validator#header-mode-symlink-tree-with-modulemap,headers,iphonesimulator-x86_64, -Xcc, -I, -Xcc, buck-out/gen/Pods/Validator#apple-swift-compile,iphonesimulator-x86_64, -Xcc, -F, -Xcc, /Users/stevenlee/Downloads/BuckTest 3/buck-out/gen/Pods/Crashlytics, -Xcc, -F, -Xcc, /Users/stevenlee/Downloads/BuckTest 3/buck-out/gen/Pods/Fabric, -Xcc, -F, -Xcc, /Users/stevenlee/Downloads/BuckTest 3/buck-out/gen/Pods/Intercom, -Xcc, -F, -Xcc, /Users/stevenlee/Downloads/BuckTest 3/buck-out/gen/Pods/ZDCChat, -Xcc, -F, -Xcc, /Users/stevenlee/Downloads/BuckTest 3/buck-out/gen/Pods/ZDCChatAPI, -Xcc, -F, -Xcc, /Users/stevenlee/Downloads/BuckTest 3/buck-out/gen/Pods/ZendeskCoreSDK, -I, /Users/stevenlee/Downloads/BuckTest 3/buck-out/gen/Pods/Alamofire#apple-swift-compile,iphonesimulator-x86_64, -I, /Users/stevenlee/Downloads/BuckTest 3/buck-out/gen/Pods/Armchair#apple-swift-compile,iphonesimulator-x86_64, -I, /Users/stevenlee/Downloads/BuckTest 3/buck-out/gen/Pods/CountryPickerSwift#apple-swift-compile,iphonesimulator-x86_64, -I, /Users/stevenlee/Downloads/BuckTest 3/buck-out/gen/Pods/Hero#apple-swift-compile,iphonesimulator-x86_64, -I, /Users/stevenlee/Downloads/BuckTest 3/buck-out/gen/Pods/IQKeyboardManagerSwift#apple-swift-compile,iphonesimulator-x86_64, -I, /Users/stevenlee/Downloads/BuckTest 3/buck-out/gen/Pods/Lottie#apple-swift-compile,iphonesimulator-x86_64, -I, /Users/stevenlee/Downloads/BuckTest 3/buck-out/gen/Pods/Mixpanel#apple-swift-compile,iphonesimulator-x86_64, -I, /Users/stevenlee/Downloads/BuckTest 3/buck-out/gen/Pods/RxCocoa#apple-swift-compile,iphonesimulator-x86_64, -I, /Users/stevenlee/Downloads/BuckTest 3/buck-out/gen/Pods/RxSwift#apple-swift-compile,iphonesimulator-x86_64, -I, /Users/stevenlee/Downloads/BuckTest 3/buck-out/gen/Pods/SkyFloatingLabelTextField#apple-swift-compile,iphonesimulator-x86_64, -I, /Users/stevenlee/Downloads/BuckTest 3/buck-out/gen/Pods/SwiftKeychainWrapper#apple-swift-compile,iphonesimulator-x86_64, -I, /Users/stevenlee/Downloads/BuckTest 3/buck-out/gen/Pods/SwiftyRSA#apple-swift-compile,iphonesimulator-x86_64, -I, /Users/stevenlee/Downloads/BuckTest 3/buck-out/gen/Pods/Swinject#apple-swift-compile,iphonesimulator-x86_64, -I, /Users/stevenlee/Downloads/BuckTest 3/buck-out/gen/Pods/SwinjectStoryboard#apple-swift-compile,iphonesimulator-x86_64, -I, /Users/stevenlee/Downloads/BuckTest 3/buck-out/gen/Pods/Validator#apple-swift-compile,iphonesimulator-x86_64, -c, -enable-objc-interop, -parse-as-library, -serialize-debugging-options, -module-name, AppLibrary, -emit-module, -emit-module-path, buck-out/gen/BuckTest/AppLibrary#apple-swift-compile,iphonesimulator-x86_64/AppLibrary.swiftmodule, -emit-objc-header-path, buck-out/gen/BuckTest/AppLibrary#apple-swift-compile,iphonesimulator-x86_64/AppLibrary-Swift.h, -o, buck-out/gen/BuckTest/AppLibrary#apple-swift-compile,iphonesimulator-x86_64/AppLibrary.o, -swift-version, 4.2, -DBUCK, -enable-testing, -g, -Onone, -whole-module-optimization, -filelist, /Users/stevenlee/Downloads/BuckTest 3/buck-out/bin/BuckTest/AppLibrary#apple-swift-compile,iphonesimulator-x86_64__filelist.txt], directory=/Users/stevenlee/Downloads/BuckTest 3, environment={}}
[2019-04-22 10:41:05.042][debug][command:ee37cafa-5d3e-4751-a582-7daf66d38b7a][tid:271][com.facebook.buck.util.ListeningProcessExecutor] Successfully launched process com.zaxxer.nuprocess.osx.OsxProcess@2f8e2055
[2019-04-22 10:41:05.043][debug][command:ee37cafa-5d3e-4751-a582-7daf66d38b7a][tid:271][com.facebook.buck.util.ListeningProcessExecutor] Waiting for process com.facebook.buck.util.ListeningProcessExecutor$LaunchedProcessImpl@15760c2c timeout 0 SECONDS
[2019-04-22 10:41:05.056][debug][command:null][tid:264][com.facebook.buck.util.ListeningProcessExecutor] Wait for process returned 0
[2019-04-22 10:41:05.056][debug][command:null][tid:264][com.facebook.buck.util.ListeningProcessExecutor] Wait for process returned 0
[2019-04-22 10:41:05.056][debug][command:null][tid:264][com.facebook.buck.util.ListeningProcessExecutor] Destroying process com.facebook.buck.util.ListeningProcessExecutor$LaunchedProcessImpl@53968fab (force true)
[2019-04-22 10:41:05.056][debug][command:null][tid:264][com.facebook.buck.util.ListeningProcessExecutor] Destroying process com.facebook.buck.util.ListeningProcessExecutor$LaunchedProcessImpl@53968fab (force true)
[2019-04-22 10:41:05.056][debug][command:null][tid:264][com.facebook.buck.util.environment.MacNetworkConfiguration] Determine WiFi SSID of device
[2019-04-22 10:41:05.056][debug][command:null][tid:264][com.facebook.buck.util.environment.MacNetworkConfiguration] Determine WiFi SSID of device
[2019-04-22 10:41:05.057][debug][command:null][tid:264][com.facebook.buck.util.ListeningProcessExecutor] Launching process with params ProcessExecutorParams{command=[networksetup, -getairportnetwork, en7]}
[2019-04-22 10:41:05.057][debug][command:null][tid:264][com.facebook.buck.util.ListeningProcessExecutor] Launching process with params ProcessExecutorParams{command=[networksetup, -getairportnetwork, en7]}
[2019-04-22 10:41:05.061][debug][command:null][tid:264][com.facebook.buck.util.ListeningProcessExecutor] Successfully launched process com.zaxxer.nuprocess.osx.OsxProcess@47fd3888
[2019-04-22 10:41:05.061][debug][command:null][tid:264][com.facebook.buck.util.ListeningProcessExecutor] Successfully launched process com.zaxxer.nuprocess.osx.OsxProcess@47fd3888
[2019-04-22 10:41:05.061][debug][command:null][tid:264][com.facebook.buck.util.ListeningProcessExecutor] Waiting for process com.facebook.buck.util.ListeningProcessExecutor$LaunchedProcessImpl@1c5be7c0 timeout 1000 MILLISECONDS
[2019-04-22 10:41:05.061][debug][command:null][tid:264][com.facebook.buck.util.ListeningProcessExecutor] Waiting for process com.facebook.buck.util.ListeningProcessExecutor$LaunchedProcessImpl@1c5be7c0 timeout 1000 MILLISECONDS
[2019-04-22 10:41:05.105][debug][command:null][tid:264][com.facebook.buck.util.ListeningProcessExecutor] Wait for process returned 10
[2019-04-22 10:41:05.105][debug][command:null][tid:264][com.facebook.buck.util.ListeningProcessExecutor] Wait for process returned 10
[2019-04-22 10:41:05.105][debug][command:null][tid:264][com.facebook.buck.util.ListeningProcessExecutor] Destroying process com.facebook.buck.util.ListeningProcessExecutor$LaunchedProcessImpl@1c5be7c0 (force true)
[2019-04-22 10:41:05.105][debug][command:null][tid:264][com.facebook.buck.util.ListeningProcessExecutor] Destroying process com.facebook.buck.util.ListeningProcessExecutor$LaunchedProcessImpl@1c5be7c0 (force true)
[2019-04-22 10:41:05.357][debug][command:ee37cafa-5d3e-4751-a582-7daf66d38b7a][tid:271][com.facebook.buck.util.ListeningProcessExecutor] Wait for process returned 0
[2019-04-22 10:41:05.357][debug][command:ee37cafa-5d3e-4751-a582-7daf66d38b7a][tid:271][com.facebook.buck.core.build.engine.impl.CachingBuildRuleBuilder] Build completed: swift_compile //BuckTest:AppLibrary#apple-swift-compile,iphonesimulator-x86_64 (326301522ns)
[2019-04-22 10:41:05.364][debug][command:ee37cafa-5d3e-4751-a582-7daf66d38b7a][tid:276][com.facebook.buck.core.build.engine.impl.CachingBuildRuleBuilder] Building locally: //BuckTest:AppBinary#iphonesimulator-x86_64,swift-compile
[2019-04-22 10:41:05.364][debug][command:ee37cafa-5d3e-4751-a582-7daf66d38b7a][tid:273][com.facebook.buck.core.build.engine.cache.manager.BuildCacheArtifactFetcher] Cache miss for '//BuckTest:AppLibrary#iphonesimulator-x86_64,static' with rulekey 'c6dd837448743085be99532856f8e1a6c095594d'
[2019-04-22 10:41:05.365][debug][command:ee37cafa-5d3e-4751-a582-7daf66d38b7a][tid:278][com.facebook.buck.core.build.engine.impl.CachingBuildRuleBuilder] Building locally: //BuckTest:AppLibrary#iphonesimulator-x86_64,static
[2019-04-22 10:41:05.371][debug][command:ee37cafa-5d3e-4751-a582-7daf66d38b7a][tid:276][com.facebook.buck.swift.SwiftCompileStep] [/Users/stevenlee/Downloads/Xcode.app/Contents/Developer/Toolchains/XcodeDefault.xctoolchain/usr/bin/swiftc, -frontend, -sdk, /Users/stevenlee/Downloads/Xcode.app/Contents/Developer/Platforms/iPhoneSimulator.platform/Developer/SDKs/iPhoneSimulator.sdk, -target, x86_64-apple-ios11.0, -F, /Users/stevenlee/Downloads/BuckTest 3/buck-out/gen/Pods/Crashlytics, -F, /Users/stevenlee/Downloads/BuckTest 3/buck-out/gen/Pods/Fabric, -F, /Users/stevenlee/Downloads/BuckTest 3/buck-out/gen/Pods/Intercom, -F, /Users/stevenlee/Downloads/BuckTest 3/buck-out/gen/Pods/ZDCChat, -F, /Users/stevenlee/Downloads/BuckTest 3/buck-out/gen/Pods/ZDCChatAPI, -F, /Users/stevenlee/Downloads/BuckTest 3/buck-out/gen/Pods/ZendeskCoreSDK, -Xcc, -I, -Xcc, buck-out/gen/BuckTest/AppLibrary#apple-swift-objc-generated-header,iphonesimulator-x86_64.hmap, -Xcc, -I, -Xcc, buck-out/gen/Pods/Alamofire#apple-swift-objc-generated-header,iphonesimulator-x86_64.hmap, -Xcc, -I, -Xcc, buck-out/gen/Pods/Armchair#apple-swift-objc-generated-header,iphonesimulator-x86_64.hmap, -Xcc, -I, -Xcc, buck-out/gen/Pods/CountryPickerSwift#apple-swift-objc-generated-header,iphonesimulator-x86_64.hmap, -Xcc, -I, -Xcc, buck-out/gen/Pods/Hero#apple-swift-objc-generated-header,iphonesimulator-x86_64.hmap, -Xcc, -I, -Xcc, buck-out/gen/Pods/IQKeyboardManagerSwift#apple-swift-objc-generated-header,iphonesimulator-x86_64.hmap, -Xcc, -I, -Xcc, buck-out/gen/Pods/Lottie#apple-swift-objc-generated-header,iphonesimulator-x86_64.hmap, -Xcc, -I, -Xcc, buck-out/gen/Pods/Mixpanel#apple-swift-objc-generated-header,iphonesimulator-x86_64.hmap, -Xcc, -I, -Xcc, buck-out/gen/Pods/RxCocoa#apple-swift-objc-generated-header,iphonesimulator-x86_64.hmap, -Xcc, -I, -Xcc, buck-out/gen/Pods/RxSwift#apple-swift-objc-generated-header,iphonesimulator-x86_64.hmap, -Xcc, -I, -Xcc, buck-out/gen/Pods/SkyFloatingLabelTextField#apple-swift-objc-generated-header,iphonesimulator-x86_64.hmap, -Xcc, -I, -Xcc, buck-out/gen/Pods/SwiftKeychainWrapper#apple-swift-objc-generated-header,iphonesimulator-x86_64.hmap, -Xcc, -I, -Xcc, buck-out/gen/Pods/SwiftyRSA#apple-swift-objc-generated-header,iphonesimulator-x86_64.hmap, -Xcc, -I, -Xcc, buck-out/gen/Pods/Swinject#apple-swift-objc-generated-header,iphonesimulator-x86_64.hmap, -Xcc, -I, -Xcc, buck-out/gen/Pods/SwinjectStoryboard#apple-swift-objc-generated-header,iphonesimulator-x86_64.hmap, -Xcc, -I, -Xcc, buck-out/gen/Pods/Validator#apple-swift-objc-generated-header,iphonesimulator-x86_64.hmap, -Xcc, -I, -Xcc, buck-out/gen/BuckTest/AppLibrary#apple-swift-compile,iphonesimulator-x86_64, -Xcc, -I, -Xcc, buck-out, -Xcc, -I, -Xcc, buck-out/gen/Pods/Alamofire#header-mode-symlink-tree-with-modulemap,headers,iphonesimulator-x86_64, -Xcc, -I, -Xcc, buck-out/gen/Pods/Alamofire#apple-swift-compile,iphonesimulator-x86_64, -Xcc, -I, -Xcc, buck-out/gen/Pods/Armchair#header-mode-symlink-tree-with-modulemap,headers,iphonesimulator-x86_64, -Xcc, -I, -Xcc, buck-out/gen/Pods/Armchair#apple-swift-compile,iphonesimulator-x86_64, -Xcc, -I, -Xcc, buck-out/gen/Pods/CountryPickerSwift#header-mode-symlink-tree-with-modulemap,headers,iphonesimulator-x86_64, -Xcc, -I, -Xcc, buck-out/gen/Pods/CountryPickerSwift#apple-swift-compile,iphonesimulator-x86_64, -Xcc, -I, -Xcc, buck-out/gen/Pods/Hero#header-mode-symlink-tree-with-modulemap,headers,iphonesimulator-x86_64, -Xcc, -I, -Xcc, buck-out/gen/Pods/Hero#apple-swift-compile,iphonesimulator-x86_64, -Xcc, -I, -Xcc, buck-out/gen/Pods/IGListKit#header-mode-symlink-tree-with-modulemap,headers,iphonesimulator-x86_64, -Xcc, -I, -Xcc, buck-out/gen/Pods/IQKeyboardManagerSwift#header-mode-symlink-tree-with-modulemap,headers,iphonesimulator-x86_64, -Xcc, -I, -Xcc, buck-out/gen/Pods/IQKeyboardManagerSwift#apple-swift-compile,iphonesimulator-x86_64, -Xcc, -I, -Xcc, buck-out/gen/Pods/Lottie#header-mode-symlink-tree-with-modulemap,headers,iphonesimulator-x86_64, -Xcc, -I, -Xcc, buck-out/gen/Pods/Lottie#apple-swift-compile,iphonesimulator-x86_64, -Xcc, -I, -Xcc, buck-out/gen/Pods/Mixpanel#header-mode-symlink-tree-with-modulemap,headers,iphonesimulator-x86_64, -Xcc, -I, -Xcc, buck-out/gen/Pods/Mixpanel#apple-swift-compile,iphonesimulator-x86_64, -Xcc, -I, -Xcc, buck-out/gen/Pods/RxCocoa#header-mode-symlink-tree-with-modulemap,headers,iphonesimulator-x86_64, -Xcc, -I, -Xcc, buck-out/gen/Pods/RxCocoa#apple-swift-compile,iphonesimulator-x86_64, -Xcc, -I, -Xcc, buck-out/gen/Pods/RxSwift#header-mode-symlink-tree-with-modulemap,headers,iphonesimulator-x86_64, -Xcc, -I, -Xcc, buck-out/gen/Pods/RxSwift#apple-swift-compile,iphonesimulator-x86_64, -Xcc, -I, -Xcc, buck-out/gen/Pods/SVProgressHUD#header-mode-symlink-tree-with-modulemap,headers,iphonesimulator-x86_64, -Xcc, -I, -Xcc, buck-out/gen/Pods/SkyFloatingLabelTextField#header-mode-symlink-tree-with-modulemap,headers,iphonesimulator-x86_64, -Xcc, -I, -Xcc, buck-out/gen/Pods/SkyFloatingLabelTextField#apple-swift-compile,iphonesimulator-x86_64, -Xcc, -I, -Xcc, buck-out/gen/Pods/SwiftKeychainWrapper#header-mode-symlink-tree-with-modulemap,headers,iphonesimulator-x86_64, -Xcc, -I, -Xcc, buck-out/gen/Pods/SwiftKeychainWrapper#apple-swift-compile,iphonesimulator-x86_64, -Xcc, -I, -Xcc, buck-out/gen/Pods/SwiftyRSA#header-mode-symlink-tree-with-modulemap,headers,iphonesimulator-x86_64, -Xcc, -I, -Xcc, buck-out/gen/Pods/SwiftyRSA#apple-swift-compile,iphonesimulator-x86_64, -Xcc, -I, -Xcc, buck-out/gen/Pods/Swinject#header-mode-symlink-tree-with-modulemap,headers,iphonesimulator-x86_64, -Xcc, -I, -Xcc, buck-out/gen/Pods/Swinject#apple-swift-compile,iphonesimulator-x86_64, -Xcc, -I, -Xcc, buck-out/gen/Pods/SwinjectStoryboard#header-mode-symlink-tree-with-modulemap,headers,iphonesimulator-x86_64, -Xcc, -I, -Xcc, buck-out/gen/Pods/SwinjectStoryboard#apple-swift-compile,iphonesimulator-x86_64, -Xcc, -I, -Xcc, buck-out/gen/Pods/Validator#header-mode-symlink-tree-with-modulemap,headers,iphonesimulator-x86_64, -Xcc, -I, -Xcc, buck-out/gen/Pods/Validator#apple-swift-compile,iphonesimulator-x86_64, -Xcc, -F, -Xcc, /Users/stevenlee/Downloads/BuckTest 3/buck-out/gen/Pods/Crashlytics, -Xcc, -F, -Xcc, /Users/stevenlee/Downloads/BuckTest 3/buck-out/gen/Pods/Fabric, -Xcc, -F, -Xcc, /Users/stevenlee/Downloads/BuckTest 3/buck-out/gen/Pods/Intercom, -Xcc, -F, -Xcc, /Users/stevenlee/Downloads/BuckTest 3/buck-out/gen/Pods/ZDCChat, -Xcc, -F, -Xcc, /Users/stevenlee/Downloads/BuckTest 3/buck-out/gen/Pods/ZDCChatAPI, -Xcc, -F, -Xcc, /Users/stevenlee/Downloads/BuckTest 3/buck-out/gen/Pods/ZendeskCoreSDK, -I, /Users/stevenlee/Downloads/BuckTest 3/buck-out/gen/BuckTest/AppLibrary#apple-swift-compile,iphonesimulator-x86_64, -I, /Users/stevenlee/Downloads/BuckTest 3/buck-out/gen/Pods/Alamofire#apple-swift-compile,iphonesimulator-x86_64, -I, /Users/stevenlee/Downloads/BuckTest 3/buck-out/gen/Pods/Armchair#apple-swift-compile,iphonesimulator-x86_64, -I, /Users/stevenlee/Downloads/BuckTest 3/buck-out/gen/Pods/CountryPickerSwift#apple-swift-compile,iphonesimulator-x86_64, -I, /Users/stevenlee/Downloads/BuckTest 3/buck-out/gen/Pods/Hero#apple-swift-compile,iphonesimulator-x86_64, -I, /Users/stevenlee/Downloads/BuckTest 3/buck-out/gen/Pods/IQKeyboardManagerSwift#apple-swift-compile,iphonesimulator-x86_64, -I, /Users/stevenlee/Downloads/BuckTest 3/buck-out/gen/Pods/Lottie#apple-swift-compile,iphonesimulator-x86_64, -I, /Users/stevenlee/Downloads/BuckTest 3/buck-out/gen/Pods/Mixpanel#apple-swift-compile,iphonesimulator-x86_64, -I, /Users/stevenlee/Downloads/BuckTest 3/buck-out/gen/Pods/RxCocoa#apple-swift-compile,iphonesimulator-x86_64, -I, /Users/stevenlee/Downloads/BuckTest 3/buck-out/gen/Pods/RxSwift#apple-swift-compile,iphonesimulator-x86_64, -I, /Users/stevenlee/Downloads/BuckTest 3/buck-out/gen/Pods/SkyFloatingLabelTextField#apple-swift-compile,iphonesimulator-x86_64, -I, /Users/stevenlee/Downloads/BuckTest 3/buck-out/gen/Pods/SwiftKeychainWrapper#apple-swift-compile,iphonesimulator-x86_64, -I, /Users/stevenlee/Downloads/BuckTest 3/buck-out/gen/Pods/SwiftyRSA#apple-swift-compile,iphonesimulator-x86_64, -I, /Users/stevenlee/Downloads/BuckTest 3/buck-out/gen/Pods/Swinject#apple-swift-compile,iphonesimulator-x86_64, -I, /Users/stevenlee/Downloads/BuckTest 3/buck-out/gen/Pods/SwinjectStoryboard#apple-swift-compile,iphonesimulator-x86_64, -I, /Users/stevenlee/Downloads/BuckTest 3/buck-out/gen/Pods/Validator#apple-swift-compile,iphonesimulator-x86_64, -c, -enable-objc-interop, -parse-as-library, -serialize-debugging-options, -module-name, AppBinary, -emit-module, -emit-module-path, buck-out/gen/BuckTest/AppBinary#iphonesimulator-x86_64,swift-compile/AppBinary.swiftmodule, -emit-objc-header-path, buck-out/gen/BuckTest/AppBinary#iphonesimulator-x86_64,swift-compile/AppBinary-Swift.h, -o, buck-out/gen/BuckTest/AppBinary#iphonesimulator-x86_64,swift-compile/AppBinary.o, -swift-version, 4.2, -DBUCK, -enable-testing, -g, -Onone, -whole-module-optimization, -filelist, /Users/stevenlee/Downloads/BuckTest 3/buck-out/bin/BuckTest/AppBinary#iphonesimulator-x86_64,swift-compile__filelist.txt]
[2019-04-22 10:41:05.371][debug][command:ee37cafa-5d3e-4751-a582-7daf66d38b7a][tid:276][com.facebook.buck.util.ListeningProcessExecutor] Launching process with params ProcessExecutorParams{command=[/Users/stevenlee/Downloads/Xcode.app/Contents/Developer/Toolchains/XcodeDefault.xctoolchain/usr/bin/swiftc, -frontend, -sdk, /Users/stevenlee/Downloads/Xcode.app/Contents/Developer/Platforms/iPhoneSimulator.platform/Developer/SDKs/iPhoneSimulator.sdk, -target, x86_64-apple-ios11.0, -F, /Users/stevenlee/Downloads/BuckTest 3/buck-out/gen/Pods/Crashlytics, -F, /Users/stevenlee/Downloads/BuckTest 3/buck-out/gen/Pods/Fabric, -F, /Users/stevenlee/Downloads/BuckTest 3/buck-out/gen/Pods/Intercom, -F, /Users/stevenlee/Downloads/BuckTest 3/buck-out/gen/Pods/ZDCChat, -F, /Users/stevenlee/Downloads/BuckTest 3/buck-out/gen/Pods/ZDCChatAPI, -F, /Users/stevenlee/Downloads/BuckTest 3/buck-out/gen/Pods/ZendeskCoreSDK, -Xcc, -I, -Xcc, buck-out/gen/BuckTest/AppLibrary#apple-swift-objc-generated-header,iphonesimulator-x86_64.hmap, -Xcc, -I, -Xcc, buck-out/gen/Pods/Alamofire#apple-swift-objc-generated-header,iphonesimulator-x86_64.hmap, -Xcc, -I, -Xcc, buck-out/gen/Pods/Armchair#apple-swift-objc-generated-header,iphonesimulator-x86_64.hmap, -Xcc, -I, -Xcc, buck-out/gen/Pods/CountryPickerSwift#apple-swift-objc-generated-header,iphonesimulator-x86_64.hmap, -Xcc, -I, -Xcc, buck-out/gen/Pods/Hero#apple-swift-objc-generated-header,iphonesimulator-x86_64.hmap, -Xcc, -I, -Xcc, buck-out/gen/Pods/IQKeyboardManagerSwift#apple-swift-objc-generated-header,iphonesimulator-x86_64.hmap, -Xcc, -I, -Xcc, buck-out/gen/Pods/Lottie#apple-swift-objc-generated-header,iphonesimulator-x86_64.hmap, -Xcc, -I, -Xcc, buck-out/gen/Pods/Mixpanel#apple-swift-objc-generated-header,iphonesimulator-x86_64.hmap, -Xcc, -I, -Xcc, buck-out/gen/Pods/RxCocoa#apple-swift-objc-generated-header,iphonesimulator-x86_64.hmap, -Xcc, -I, -Xcc, buck-out/gen/Pods/RxSwift#apple-swift-objc-generated-header,iphonesimulator-x86_64.hmap, -Xcc, -I, -Xcc, buck-out/gen/Pods/SkyFloatingLabelTextField#apple-swift-objc-generated-header,iphonesimulator-x86_64.hmap, -Xcc, -I, -Xcc, buck-out/gen/Pods/SwiftKeychainWrapper#apple-swift-objc-generated-header,iphonesimulator-x86_64.hmap, -Xcc, -I, -Xcc, buck-out/gen/Pods/SwiftyRSA#apple-swift-objc-generated-header,iphonesimulator-x86_64.hmap, -Xcc, -I, -Xcc, buck-out/gen/Pods/Swinject#apple-swift-objc-generated-header,iphonesimulator-x86_64.hmap, -Xcc, -I, -Xcc, buck-out/gen/Pods/SwinjectStoryboard#apple-swift-objc-generated-header,iphonesimulator-x86_64.hmap, -Xcc, -I, -Xcc, buck-out/gen/Pods/Validator#apple-swift-objc-generated-header,iphonesimulator-x86_64.hmap, -Xcc, -I, -Xcc, buck-out/gen/BuckTest/AppLibrary#apple-swift-compile,iphonesimulator-x86_64, -Xcc, -I, -Xcc, buck-out, -Xcc, -I, -Xcc, buck-out/gen/Pods/Alamofire#header-mode-symlink-tree-with-modulemap,headers,iphonesimulator-x86_64, -Xcc, -I, -Xcc, buck-out/gen/Pods/Alamofire#apple-swift-compile,iphonesimulator-x86_64, -Xcc, -I, -Xcc, buck-out/gen/Pods/Armchair#header-mode-symlink-tree-with-modulemap,headers,iphonesimulator-x86_64, -Xcc, -I, -Xcc, buck-out/gen/Pods/Armchair#apple-swift-compile,iphonesimulator-x86_64, -Xcc, -I, -Xcc, buck-out/gen/Pods/CountryPickerSwift#header-mode-symlink-tree-with-modulemap,headers,iphonesimulator-x86_64, -Xcc, -I, -Xcc, buck-out/gen/Pods/CountryPickerSwift#apple-swift-compile,iphonesimulator-x86_64, -Xcc, -I, -Xcc, buck-out/gen/Pods/Hero#header-mode-symlink-tree-with-modulemap,headers,iphonesimulator-x86_64, -Xcc, -I, -Xcc, buck-out/gen/Pods/Hero#apple-swift-compile,iphonesimulator-x86_64, -Xcc, -I, -Xcc, buck-out/gen/Pods/IGListKit#header-mode-symlink-tree-with-modulemap,headers,iphonesimulator-x86_64, -Xcc, -I, -Xcc, buck-out/gen/Pods/IQKeyboardManagerSwift#header-mode-symlink-tree-with-modulemap,headers,iphonesimulator-x86_64, -Xcc, -I, -Xcc, buck-out/gen/Pods/IQKeyboardManagerSwift#apple-swift-compile,iphonesimulator-x86_64, -Xcc, -I, -Xcc, buck-out/gen/Pods/Lottie#header-mode-symlink-tree-with-modulemap,headers,iphonesimulator-x86_64, -Xcc, -I, -Xcc, buck-out/gen/Pods/Lottie#apple-swift-compile,iphonesimulator-x86_64, -Xcc, -I, -Xcc, buck-out/gen/Pods/Mixpanel#header-mode-symlink-tree-with-modulemap,headers,iphonesimulator-x86_64, -Xcc, -I, -Xcc, buck-out/gen/Pods/Mixpanel#apple-swift-compile,iphonesimulator-x86_64, -Xcc, -I, -Xcc, buck-out/gen/Pods/RxCocoa#header-mode-symlink-tree-with-modulemap,headers,iphonesimulator-x86_64, -Xcc, -I, -Xcc, buck-out/gen/Pods/RxCocoa#apple-swift-compile,iphonesimulator-x86_64, -Xcc, -I, -Xcc, buck-out/gen/Pods/RxSwift#header-mode-symlink-tree-with-modulemap,headers,iphonesimulator-x86_64, -Xcc, -I, -Xcc, buck-out/gen/Pods/RxSwift#apple-swift-compile,iphonesimulator-x86_64, -Xcc, -I, -Xcc, buck-out/gen/Pods/SVProgressHUD#header-mode-symlink-tree-with-modulemap,headers,iphonesimulator-x86_64, -Xcc, -I, -Xcc, buck-out/gen/Pods/SkyFloatingLabelTextField#header-mode-symlink-tree-with-modulemap,headers,iphonesimulator-x86_64, -Xcc, -I, -Xcc, buck-out/gen/Pods/SkyFloatingLabelTextField#apple-swift-compile,iphonesimulator-x86_64, -Xcc, -I, -Xcc, buck-out/gen/Pods/SwiftKeychainWrapper#header-mode-symlink-tree-with-modulemap,headers,iphonesimulator-x86_64, -Xcc, -I, -Xcc, buck-out/gen/Pods/SwiftKeychainWrapper#apple-swift-compile,iphonesimulator-x86_64, -Xcc, -I, -Xcc, buck-out/gen/Pods/SwiftyRSA#header-mode-symlink-tree-with-modulemap,headers,iphonesimulator-x86_64, -Xcc, -I, -Xcc, buck-out/gen/Pods/SwiftyRSA#apple-swift-compile,iphonesimulator-x86_64, -Xcc, -I, -Xcc, buck-out/gen/Pods/Swinject#header-mode-symlink-tree-with-modulemap,headers,iphonesimulator-x86_64, -Xcc, -I, -Xcc, buck-out/gen/Pods/Swinject#apple-swift-compile,iphonesimulator-x86_64, -Xcc, -I, -Xcc, buck-out/gen/Pods/SwinjectStoryboard#header-mode-symlink-tree-with-modulemap,headers,iphonesimulator-x86_64, -Xcc, -I, -Xcc, buck-out/gen/Pods/SwinjectStoryboard#apple-swift-compile,iphonesimulator-x86_64, -Xcc, -I, -Xcc, buck-out/gen/Pods/Validator#header-mode-symlink-tree-with-modulemap,headers,iphonesimulator-x86_64, -Xcc, -I, -Xcc, buck-out/gen/Pods/Validator#apple-swift-compile,iphonesimulator-x86_64, -Xcc, -F, -Xcc, /Users/stevenlee/Downloads/BuckTest 3/buck-out/gen/Pods/Crashlytics, -Xcc, -F, -Xcc, /Users/stevenlee/Downloads/BuckTest 3/buck-out/gen/Pods/Fabric, -Xcc, -F, -Xcc, /Users/stevenlee/Downloads/BuckTest 3/buck-out/gen/Pods/Intercom, -Xcc, -F, -Xcc, /Users/stevenlee/Downloads/BuckTest 3/buck-out/gen/Pods/ZDCChat, -Xcc, -F, -Xcc, /Users/stevenlee/Downloads/BuckTest 3/buck-out/gen/Pods/ZDCChatAPI, -Xcc, -F, -Xcc, /Users/stevenlee/Downloads/BuckTest 3/buck-out/gen/Pods/ZendeskCoreSDK, -I, /Users/stevenlee/Downloads/BuckTest 3/buck-out/gen/BuckTest/AppLibrary#apple-swift-compile,iphonesimulator-x86_64, -I, /Users/stevenlee/Downloads/BuckTest 3/buck-out/gen/Pods/Alamofire#apple-swift-compile,iphonesimulator-x86_64, -I, /Users/stevenlee/Downloads/BuckTest 3/buck-out/gen/Pods/Armchair#apple-swift-compile,iphonesimulator-x86_64, -I, /Users/stevenlee/Downloads/BuckTest 3/buck-out/gen/Pods/CountryPickerSwift#apple-swift-compile,iphonesimulator-x86_64, -I, /Users/stevenlee/Downloads/BuckTest 3/buck-out/gen/Pods/Hero#apple-swift-compile,iphonesimulator-x86_64, -I, /Users/stevenlee/Downloads/BuckTest 3/buck-out/gen/Pods/IQKeyboardManagerSwift#apple-swift-compile,iphonesimulator-x86_64, -I, /Users/stevenlee/Downloads/BuckTest 3/buck-out/gen/Pods/Lottie#apple-swift-compile,iphonesimulator-x86_64, -I, /Users/stevenlee/Downloads/BuckTest 3/buck-out/gen/Pods/Mixpanel#apple-swift-compile,iphonesimulator-x86_64, -I, /Users/stevenlee/Downloads/BuckTest 3/buck-out/gen/Pods/RxCocoa#apple-swift-compile,iphonesimulator-x86_64, -I, /Users/stevenlee/Downloads/BuckTest 3/buck-out/gen/Pods/RxSwift#apple-swift-compile,iphonesimulator-x86_64, -I, /Users/stevenlee/Downloads/BuckTest 3/buck-out/gen/Pods/SkyFloatingLabelTextField#apple-swift-compile,iphonesimulator-x86_64, -I, /Users/stevenlee/Downloads/BuckTest 3/buck-out/gen/Pods/SwiftKeychainWrapper#apple-swift-compile,iphonesimulator-x86_64, -I, /Users/stevenlee/Downloads/BuckTest 3/buck-out/gen/Pods/SwiftyRSA#apple-swift-compile,iphonesimulator-x86_64, -I, /Users/stevenlee/Downloads/BuckTest 3/buck-out/gen/Pods/Swinject#apple-swift-compile,iphonesimulator-x86_64, -I, /Users/stevenlee/Downloads/BuckTest 3/buck-out/gen/Pods/SwinjectStoryboard#apple-swift-compile,iphonesimulator-x86_64, -I, /Users/stevenlee/Downloads/BuckTest 3/buck-out/gen/Pods/Validator#apple-swift-compile,iphonesimulator-x86_64, -c, -enable-objc-interop, -parse-as-library, -serialize-debugging-options, -module-name, AppBinary, -emit-module, -emit-module-path, buck-out/gen/BuckTest/AppBinary#iphonesimulator-x86_64,swift-compile/AppBinary.swiftmodule, -emit-objc-header-path, buck-out/gen/BuckTest/AppBinary#iphonesimulator-x86_64,swift-compile/AppBinary-Swift.h, -o, buck-out/gen/BuckTest/AppBinary#iphonesimulator-x86_64,swift-compile/AppBinary.o, -swift-version, 4.2, -DBUCK, -enable-testing, -g, -Onone, -whole-module-optimization, -filelist, /Users/stevenlee/Downloads/BuckTest 3/buck-out/bin/BuckTest/AppBinary#iphonesimulator-x86_64,swift-compile__filelist.txt], directory=/Users/stevenlee/Downloads/BuckTest 3, environment={}}
[2019-04-22 10:41:05.378][debug][command:ee37cafa-5d3e-4751-a582-7daf66d38b7a][tid:278][com.facebook.buck.shell.ShellStep] Command: /Users/stevenlee/Downloads/Xcode.app/Contents/Developer/Toolchains/XcodeDefault.xctoolchain/usr/bin/ranlib buck-out/gen/BuckTest/AppLibrary#iphonesimulator-x86_64,static/libAppLibrary.a
[2019-04-22 10:41:05.378][debug][command:ee37cafa-5d3e-4751-a582-7daf66d38b7a][tid:278][com.facebook.buck.shell.ShellStep] Environment: PATH=/Users/stevenlee/.rvm/gems/ruby-2.6.2/bin:/Users/stevenlee/.rvm/gems/ruby-2.6.2@global/bin:/Users/stevenlee/.rvm/rubies/ruby-2.6.2/bin:/usr/local/bin:/usr/bin:/bin:/usr/sbin:/sbin:/Applications/Wireshark.app/Contents/MacOS:::/Users/stevenlee/.rvm/bin IRBRC=/Users/stevenlee/.rvm/rubies/ruby-2.6.2/.irbrc NAILGUN_TTY_2=1 NAILGUN_TTY_1=1 rvm_bin_path=/Users/stevenlee/.rvm/bin NAILGUN_TTY_0=1 BUCK_CLASSPATH=/Users/stevenlee/Downloads/BuckTest 3/.buckd/resources/ad23befe7c1a36c999860af0af69e726f1c8e423/buck_server MAKEFLAGS= TERM=xterm-256color NAILGUN_FILESEPARATOR=/ rvm_prefix=/Users/stevenlee BUCK_BUILD_ID=ee37cafa-5d3e-4751-a582-7daf66d38b7a MFLAGS= LOGNAME=stevenlee rvm_version=1.29.7-next (master) XPC_SERVICE_NAME=0 PWD=/Users/stevenlee/Downloads/BuckTest 3 TERM_PROGRAM_VERSION=421.1.1 _=/usr/bin/make NAILGUN_PATHSEPARATOR=: SHELL=/bin/bash TERM_PROGRAM=Apple_Terminal MY_RUBY_HOME=/Users/stevenlee/.rvm/rubies/ruby-2.6.2 BUCK_PYTHON_SPACE_INIT_TIME=15 OLDPWD=/Users/stevenlee GEM_HOME=/Users/stevenlee/.rvm/gems/ruby-2.6.2 USER=stevenlee CLASSPATH=/Users/stevenlee/Downloads/BuckTest 3/.buckd/resources/ad23befe7c1a36c999860af0af69e726f1c8e423/bootstrapper_jar rvm_path=/Users/stevenlee/.rvm BUCK_TERM_COLUMNS=272 TMPDIR=/var/folders/3q/crrbqtbs2vs_j7z2zzqj4g240000gp/T/ SSH_AUTH_SOCK=/private/tmp/com.apple.launchd.EdZ9FOr5h7/Listeners XPC_FLAGS=0x0 GEM_PATH=/Users/stevenlee/.rvm/gems/ruby-2.6.2:/Users/stevenlee/.rvm/gems/ruby-2.6.2@global RUBY_VERSION=ruby-2.6.2 TERM_SESSION_ID=EDBF40B0-FA62-40D8-9BE3-44177E48D367 BUCK_TTY=1 MAKELEVEL=1 __CF_USER_TEXT_ENCODING=0x1F6:0:2 Apple_PubSub_Socket_Render=/private/tmp/com.apple.launchd.vfl1hEs5OK/Render LC_CTYPE=UTF-8 SHLVL=1 HOME=/Users/stevenlee
[2019-04-22 10:41:05.379][debug][command:ee37cafa-5d3e-4751-a582-7daf66d38b7a][tid:276][com.facebook.buck.util.ListeningProcessExecutor] Successfully launched process com.zaxxer.nuprocess.osx.OsxProcess@3ebdaf39
[2019-04-22 10:41:05.380][debug][command:ee37cafa-5d3e-4751-a582-7daf66d38b7a][tid:276][com.facebook.buck.util.ListeningProcessExecutor] Waiting for process com.facebook.buck.util.ListeningProcessExecutor$LaunchedProcessImpl@751b5021 timeout 0 SECONDS
[2019-04-22 10:41:05.389][debug][command:ee37cafa-5d3e-4751-a582-7daf66d38b7a][tid:278][com.facebook.buck.shell.ShellStep] [/Users/stevenlee/Downloads/Xcode.app/Contents/Developer/Toolchains/XcodeDefault.xctoolchain/usr/bin/ranlib, buck-out/gen/BuckTest/AppLibrary#iphonesimulator-x86_64,static/libAppLibrary.a]: exit code: 0. os load (before, after): (2.308105, 2.308105). CPU count: 8. (no output)
[2019-04-22 10:41:05.390][debug][command:ee37cafa-5d3e-4751-a582-7daf66d38b7a][tid:278][com.facebook.buck.core.build.engine.impl.CachingBuildRuleBuilder] Build completed: archive //BuckTest:AppLibrary#iphonesimulator-x86_64,static (25368464ns)
[2019-04-22 10:41:05.674][debug][command:ee37cafa-5d3e-4751-a582-7daf66d38b7a][tid:276][com.facebook.buck.util.ListeningProcessExecutor] Wait for process returned 0
[2019-04-22 10:41:05.674][debug][command:ee37cafa-5d3e-4751-a582-7daf66d38b7a][tid:276][com.facebook.buck.core.build.engine.impl.CachingBuildRuleBuilder] Build completed: swift_compile //BuckTest:AppBinary#iphonesimulator-x86_64,swift-compile (310193843ns)
[2019-04-22 10:41:05.687][debug][command:ee37cafa-5d3e-4751-a582-7daf66d38b7a][tid:277][com.facebook.buck.core.build.engine.cache.manager.BuildCacheArtifactFetcher] Cache miss for '//BuckTest:AppBinary#binary,iphonesimulator-x86_64' with rulekey '50e073035f6d75fe72cdabc5f6ddf95c2f5e9485'
[2019-04-22 10:41:05.688][debug][command:ee37cafa-5d3e-4751-a582-7daf66d38b7a][tid:278][com.facebook.buck.core.build.engine.impl.CachingBuildRuleBuilder] Building locally: //BuckTest:AppBinary#binary,iphonesimulator-x86_64
[2019-04-22 10:41:05.692][debug][command:ee37cafa-5d3e-4751-a582-7daf66d38b7a][tid:278][com.facebook.buck.cxx.CxxPrepareForLinkStep] Link command (pwd=/Users/stevenlee/Downloads/BuckTest 3): /Users/stevenlee/Downloads/Xcode.app/Contents/Developer/Toolchains/XcodeDefault.xctoolchain/usr/bin/clang++ -o buck-out/gen/BuckTest/AppBinary#iphonesimulator-x86_64 -Xlinker -map -Xlinker buck-out/gen/BuckTest/AppBinary#iphonesimulator-x86_64-LinkMap.txt -isysroot /Users/stevenlee/Downloads/Xcode.app/Contents/Developer/Platforms/iPhoneSimulator.platform/Developer/SDKs/iPhoneSimulator.sdk -arch x86_64 -mios-simulator-version-min=11.0 -iquote /Users/stevenlee/Downloads/BuckTest 3 -Wl,-sdk_version -Wl,12.1 -Wl,-ObjC -Xlinker -objc_abi_version -Xlinker 2 -fobjc-arc -fobjc-link-runtime -Xlinker -add_ast_path buck-out/gen/BuckTest/AppBinary#iphonesimulator-x86_64,swift-compile/AppBinary.swiftmodule buck-out/gen/BuckTest/AppBinary#iphonesimulator-x86_64,swift-compile/AppBinary.o -Xlinker -add_ast_path buck-out/gen/BuckTest/AppLibrary#apple-swift-compile,iphonesimulator-x86_64/AppLibrary.swiftmodule buck-out/gen/BuckTest/AppLibrary#iphonesimulator-x86_64,static/libAppLibrary.a -Xlinker -add_ast_path buck-out/gen/Pods/SwinjectStoryboard#apple-swift-compile,iphonesimulator-x86_64/SwinjectStoryboard.swiftmodule buck-out/gen/Pods/SwinjectStoryboard#iphonesimulator-x86_64,static/libSwinjectStoryboard.a -Xlinker -add_ast_path buck-out/gen/Pods/RxCocoa#apple-swift-compile,iphonesimulator-x86_64/RxCocoa.swiftmodule buck-out/gen/Pods/RxCocoa#iphonesimulator-x86_64,static/libRxCocoa.a -Xlinker -add_ast_path buck-out/gen/Pods/Validator#apple-swift-compile,iphonesimulator-x86_64/Validator.swiftmodule buck-out/gen/Pods/Validator#iphonesimulator-x86_64,static/libValidator.a -Xlinker -add_ast_path buck-out/gen/Pods/Swinject#apple-swift-compile,iphonesimulator-x86_64/Swinject.swiftmodule buck-out/gen/Pods/Swinject#iphonesimulator-x86_64,static/libSwinject.a -Xlinker -add_ast_path buck-out/gen/Pods/SwiftyRSA#apple-swift-compile,iphonesimulator-x86_64/SwiftyRSA.swiftmodule buck-out/gen/Pods/SwiftyRSA#iphonesimulator-x86_64,static/libSwiftyRSA.a -Xlinker -add_ast_path buck-out/gen/Pods/SwiftKeychainWrapper#apple-swift-compile,iphonesimulator-x86_64/SwiftKeychainWrapper.swiftmodule buck-out/gen/Pods/SwiftKeychainWrapper#iphonesimulator-x86_64,static/libSwiftKeychainWrapper.a -Xlinker -add_ast_path buck-out/gen/Pods/SkyFloatingLabelTextField#apple-swift-compile,iphonesimulator-x86_64/SkyFloatingLabelTextField.swiftmodule buck-out/gen/Pods/SkyFloatingLabelTextField#iphonesimulator-x86_64,static/libSkyFloatingLabelTextField.a -Xlinker -add_ast_path buck-out/gen/Pods/RxSwift#apple-swift-compile,iphonesimulator-x86_64/RxSwift.swiftmodule buck-out/gen/Pods/RxSwift#iphonesimulator-x86_64,static/libRxSwift.a -Xlinker -add_ast_path buck-out/gen/Pods/Mixpanel#apple-swift-compile,iphonesimulator-x86_64/Mixpanel.swiftmodule buck-out/gen/Pods/Mixpanel#iphonesimulator-x86_64,static/libMixpanel.a -Xlinker -add_ast_path buck-out/gen/Pods/Lottie#apple-swift-compile,iphonesimulator-x86_64/Lottie.swiftmodule buck-out/gen/Pods/Lottie#iphonesimulator-x86_64,static/libLottie.a -Xlinker -add_ast_path buck-out/gen/Pods/IQKeyboardManagerSwift#apple-swift-compile,iphonesimulator-x86_64/IQKeyboardManagerSwift.swiftmodule buck-out/gen/Pods/IQKeyboardManagerSwift#iphonesimulator-x86_64,static/libIQKeyboardManagerSwift.a -Xlinker -add_ast_path buck-out/gen/Pods/Hero#apple-swift-compile,iphonesimulator-x86_64/Hero.swiftmodule buck-out/gen/Pods/Hero#iphonesimulator-x86_64,static/libHero.a -Xlinker -add_ast_path buck-out/gen/Pods/CountryPickerSwift#apple-swift-compile,iphonesimulator-x86_64/CountryPicker.swiftmodule buck-out/gen/Pods/CountryPickerSwift#iphonesimulator-x86_64,static/libCountryPickerSwift.a -Xlinker -add_ast_path buck-out/gen/Pods/Armchair#apple-swift-compile,iphonesimulator-x86_64/Armchair.swiftmodule buck-out/gen/Pods/Armchair#iphonesimulator-x86_64,static/libArmchair.a -Xlinker -add_ast_path buck-out/gen/Pods/Alamofire#apple-swift-compile,iphonesimulator-x86_64/Alamofire.swiftmodule buck-out/gen/Pods/Alamofire#iphonesimulator-x86_64,static/libAlamofire.a -Xlinker -rpath -Xlinker @executable_path/Frameworks -Xlinker -rpath -Xlinker @loader_path/Frameworks -L /Users/stevenlee/Downloads/Xcode.app/Contents/Developer/Toolchains/XcodeDefault.xctoolchain/usr/lib/swift/iphonesimulator -rpath @loader_path/Frameworks -rpath @loader_path/Frameworks -rpath @loader_path/Frameworks -rpath @loader_path/Frameworks -rpath @loader_path/Frameworks -rpath @loader_path/Frameworks buck-out/gen/Pods/SVProgressHUD#iphonesimulator-x86_64,static/libSVProgressHUD.a -licucore -lxml2 -rpath @loader_path/Frameworks -rpath @loader_path/Frameworks buck-out/gen/Pods/IGListKit#iphonesimulator-x86_64,static/libIGListKit.a -rpath @loader_path/Frameworks -rpath @loader_path/Frameworks -rpath @loader_path/Frameworks -rpath @loader_path/Frameworks -F /Users/stevenlee/Downloads/BuckTest 3/buck-out/gen/Pods/Crashlytics -F /Users/stevenlee/Downloads/BuckTest 3/buck-out/gen/Pods/Fabric -F /Users/stevenlee/Downloads/BuckTest 3/buck-out/gen/Pods/Intercom -F /Users/stevenlee/Downloads/BuckTest 3/buck-out/gen/Pods/ZDCChat -F /Users/stevenlee/Downloads/BuckTest 3/buck-out/gen/Pods/ZDCChatAPI -F /Users/stevenlee/Downloads/BuckTest 3/buck-out/gen/Pods/ZendeskCoreSDK -F /Users/stevenlee/Downloads/Xcode.app/Contents/Developer/Platforms/iPhoneSimulator.platform/Developer/SDKs/iPhoneSimulator.sdk/System/Library/Frameworks -framework Accelerate -framework AssetsLibrary -framework AudioToolbox -framework CoreGraphics -framework CoreTelephony -framework Foundation -framework ImageIO -framework MessageUI -framework MobileCoreServices -framework Photos -framework QuartzCore -framework Security -framework SystemConfiguration -framework UIKit -framework WebKit -framework Crashlytics -framework Fabric -framework Intercom -framework ZDCChat -framework ZDCChatAPI -framework ZendeskCoreSDK -Xlinker -filelist -Xlinker /Users/stevenlee/Downloads/BuckTest 3/buck-out/bin/BuckTest/AppBinary#binary,iphonesimulator-x86_64/filelist.txt
[2019-04-22 10:41:05.697][debug][command:ee37cafa-5d3e-4751-a582-7daf66d38b7a][tid:278][com.facebook.buck.shell.ShellStep] Command: /Users/stevenlee/Downloads/Xcode.app/Contents/Developer/Toolchains/XcodeDefault.xctoolchain/usr/bin/clang++ @/Users/stevenlee/Downloads/BuckTest 3/buck-out/bin/BuckTest/AppBinary#binary,iphonesimulator-x86_64/linker.argsfile
[2019-04-22 10:41:05.697][debug][command:ee37cafa-5d3e-4751-a582-7daf66d38b7a][tid:278][com.facebook.buck.shell.ShellStep] Environment: PATH=/Users/stevenlee/.rvm/gems/ruby-2.6.2/bin:/Users/stevenlee/.rvm/gems/ruby-2.6.2@global/bin:/Users/stevenlee/.rvm/rubies/ruby-2.6.2/bin:/usr/local/bin:/usr/bin:/bin:/usr/sbin:/sbin:/Applications/Wireshark.app/Contents/MacOS:::/Users/stevenlee/.rvm/bin IRBRC=/Users/stevenlee/.rvm/rubies/ruby-2.6.2/.irbrc NAILGUN_TTY_2=1 NAILGUN_TTY_1=1 rvm_bin_path=/Users/stevenlee/.rvm/bin NAILGUN_TTY_0=1 BUCK_CLASSPATH=/Users/stevenlee/Downloads/BuckTest 3/.buckd/resources/ad23befe7c1a36c999860af0af69e726f1c8e423/buck_server MAKEFLAGS= TERM=xterm-256color NAILGUN_FILESEPARATOR=/ rvm_prefix=/Users/stevenlee BUCK_BUILD_ID=ee37cafa-5d3e-4751-a582-7daf66d38b7a MFLAGS= LOGNAME=stevenlee rvm_version=1.29.7-next (master) XPC_SERVICE_NAME=0 PWD=/Users/stevenlee/Downloads/BuckTest 3 TERM_PROGRAM_VERSION=421.1.1 _=/usr/bin/make NAILGUN_PATHSEPARATOR=: SHELL=/bin/bash TERM_PROGRAM=Apple_Terminal MY_RUBY_HOME=/Users/stevenlee/.rvm/rubies/ruby-2.6.2 BUCK_PYTHON_SPACE_INIT_TIME=15 OLDPWD=/Users/stevenlee GEM_HOME=/Users/stevenlee/.rvm/gems/ruby-2.6.2 USER=stevenlee CLASSPATH=/Users/stevenlee/Downloads/BuckTest 3/.buckd/resources/ad23befe7c1a36c999860af0af69e726f1c8e423/bootstrapper_jar rvm_path=/Users/stevenlee/.rvm BUCK_TERM_COLUMNS=272 TMPDIR=/Users/stevenlee/Downloads/BuckTest 3/buck-out/bin/BuckTest/AppBinary#binary,iphonesimulator-x86_64 SSH_AUTH_SOCK=/private/tmp/com.apple.launchd.EdZ9FOr5h7/Listeners XPC_FLAGS=0x0 GEM_PATH=/Users/stevenlee/.rvm/gems/ruby-2.6.2:/Users/stevenlee/.rvm/gems/ruby-2.6.2@global RUBY_VERSION=ruby-2.6.2 TERM_SESSION_ID=EDBF40B0-FA62-40D8-9BE3-44177E48D367 BUCK_TTY=1 MAKELEVEL=1 __CF_USER_TEXT_ENCODING=0x1F6:0:2 Apple_PubSub_Socket_Render=/private/tmp/com.apple.launchd.vfl1hEs5OK/Render LC_CTYPE=UTF-8 SHLVL=1 HOME=/Users/stevenlee
[2019-04-22 10:41:06.724][warn ][command:ee37cafa-5d3e-4751-a582-7daf66d38b7a][tid:265][com.facebook.buck.event.listener.LoggingBuildListener] [31mduplicate symbol _main in:
[0m[31m    buck-out/gen/BuckTest/AppBinary#iphonesimulator-x86_64,swift-compile/AppBinary.o
[0m[31m    buck-out/gen/BuckTest/AppLibrary#iphonesimulator-x86_64,static/libAppLibrary.a(AppLibrary.o)
[0m[31mld: 1 duplicate symbol for architecture x86_64
[0m[31mclang: error: linker command failed with exit code 1 (use -v to see invocation)
[0m
[2019-04-22 10:41:06.724][debug][command:ee37cafa-5d3e-4751-a582-7daf66d38b7a][tid:278][com.facebook.buck.shell.ShellStep] [/Users/stevenlee/Downloads/Xcode.app/Contents/Developer/Toolchains/XcodeDefault.xctoolchain/usr/bin/clang++, @/Users/stevenlee/Downloads/BuckTest 3/buck-out/bin/BuckTest/AppBinary#binary,iphonesimulator-x86_64/linker.argsfile]: exit code: 1. os load (before, after): (2.308105, 2.308105). CPU count: 8.
stdout:

stderr:
[31mduplicate symbol _main in:
[0m[31m    buck-out/gen/BuckTest/AppBinary#iphonesimulator-x86_64,swift-compile/AppBinary.o
[0m[31m    buck-out/gen/BuckTest/AppLibrary#iphonesimulator-x86_64,static/libAppLibrary.a(AppLibrary.o)
[0m[31mld: 1 duplicate symbol for architecture x86_64
[0m[31mclang: error: linker command failed with exit code 1 (use -v to see invocation)
[0m

[2019-04-22 10:41:06.725][debug][command:ee37cafa-5d3e-4751-a582-7daf66d38b7a][tid:278][com.facebook.buck.core.build.engine.impl.CachingBuildRuleBuilder] Building rule [//BuckTest:AppBinary#binary,iphonesimulator-x86_64] failed.
com.facebook.buck.core.build.engine.impl.BuildRuleFailedException: com.facebook.buck.step.StepFailedException: Command failed with exit code 1.
stderr: [31mduplicate symbol _main in:
[0m[31m    buck-out/gen/BuckTest/AppBinary#iphonesimulator-x86_64,swift-compile/AppBinary.o
[0m[31m    buck-out/gen/BuckTest/AppLibrary#iphonesimulator-x86_64,static/libAppLibrary.a(AppLibrary.o)
[0m[31mld: 1 duplicate symbol for architecture x86_64
[0m[31mclang: error: linker command failed with exit code 1 (use -v to see invocation)
[0m
  When running <c++ link>.
	at com.facebook.buck.core.build.engine.impl.CachingBuildRuleBuilder.getFailedException(CachingBuildRuleBuilder.java:1223)
	at com.facebook.buck.core.build.engine.impl.CachingBuildRuleBuilder.lambda$build$2(CachingBuildRuleBuilder.java:386)
	at com.google.common.util.concurrent.AbstractCatchingFuture$AsyncCatchingFuture.doFallback(AbstractCatchingFuture.java:172)
	at com.google.common.util.concurrent.AbstractCatchingFuture$AsyncCatchingFuture.doFallback(AbstractCatchingFuture.java:159)
	at com.google.common.util.concurrent.AbstractCatchingFuture.run(AbstractCatchingFuture.java:112)
	at com.google.common.util.concurrent.MoreExecutors$DirectExecutor.execute(MoreExecutors.java:399)
	at com.google.common.util.concurrent.AbstractFuture.executeListener(AbstractFuture.java:1016)
	at com.google.common.util.concurrent.AbstractFuture.complete(AbstractFuture.java:867)
	at com.google.common.util.concurrent.AbstractFuture.setException(AbstractFuture.java:713)
	at com.google.common.util.concurrent.AbstractTransformFuture.run(AbstractTransformFuture.java:97)
	at com.google.common.util.concurrent.MoreExecutors$DirectExecutor.execute(MoreExecutors.java:399)
	at com.google.common.util.concurrent.AbstractFuture.executeListener(AbstractFuture.java:1016)
	at com.google.common.util.concurrent.AbstractFuture.complete(AbstractFuture.java:867)
	at com.google.common.util.concurrent.AbstractFuture.setException(AbstractFuture.java:713)
	at com.google.common.util.concurrent.AbstractTransformFuture.run(AbstractTransformFuture.java:97)
	at com.google.common.util.concurrent.MoreExecutors$DirectExecutor.execute(MoreExecutors.java:399)
	at com.google.common.util.concurrent.AbstractFuture.executeListener(AbstractFuture.java:1016)
	at com.google.common.util.concurrent.AbstractFuture.complete(AbstractFuture.java:867)
	at com.google.common.util.concurrent.AbstractFuture.setFuture(AbstractFuture.java:754)
	at com.google.common.util.concurrent.TrustedListenableFutureTask$TrustedFutureInterruptibleAsyncTask.afterRanInterruptibly(TrustedListenableFutureTask.java:170)
	at com.google.common.util.concurrent.TrustedListenableFutureTask$TrustedFutureInterruptibleAsyncTask.afterRanInterruptibly(TrustedListenableFutureTask.java:145)
	at com.google.common.util.concurrent.InterruptibleTask.run(InterruptibleTask.java:80)
	at com.google.common.util.concurrent.TrustedListenableFutureTask.run(TrustedListenableFutureTask.java:80)
	at com.facebook.buck.util.concurrent.WeightedListeningExecutorService.lambda$submit$2(WeightedListeningExecutorService.java:100)
	at com.facebook.buck.util.concurrent.WeightedListeningExecutorService.lambda$submitWithSemaphore$0(WeightedListeningExecutorService.java:74)
	at com.google.common.util.concurrent.AbstractTransformFuture$AsyncTransformFuture.doTransform(AbstractTransformFuture.java:206)
	at com.google.common.util.concurrent.AbstractTransformFuture$AsyncTransformFuture.doTransform(AbstractTransformFuture.java:195)
	at com.google.common.util.concurrent.AbstractTransformFuture.run(AbstractTransformFuture.java:115)
	at com.google.common.util.concurrent.MoreExecutors$5$1.run(MoreExecutors.java:999)
	at java.util.concurrent.ThreadPoolExecutor.runWorker(ThreadPoolExecutor.java:1149)
	at java.util.concurrent.ThreadPoolExecutor$Worker.run(ThreadPoolExecutor.java:624)
	at java.lang.Thread.run(Thread.java:748)
Caused by: com.facebook.buck.step.StepFailedException: Command failed with exit code 1.
stderr: [31mduplicate symbol _main in:
[0m[31m    buck-out/gen/BuckTest/AppBinary#iphonesimulator-x86_64,swift-compile/AppBinary.o
[0m[31m    buck-out/gen/BuckTest/AppLibrary#iphonesimulator-x86_64,static/libAppLibrary.a(AppLibrary.o)
[0m[31mld: 1 duplicate symbol for architecture x86_64
[0m[31mclang: error: linker command failed with exit code 1 (use -v to see invocation)
[0m
  When running <c++ link>.
	at com.facebook.buck.step.StepFailedException.createForFailingStepWithException(StepFailedException.java:57)
	at com.facebook.buck.step.StepFailedException.createForFailingStepWithExitCode(StepFailedException.java:51)
	at com.facebook.buck.step.DefaultStepRunner.runStepForBuildTarget(DefaultStepRunner.java:54)
	at com.facebook.buck.core.build.engine.impl.CachingBuildRuleBuilder$BuildRuleSteps.executeCommands(CachingBuildRuleBuilder.java:1449)
	at com.facebook.buck.core.build.engine.impl.CachingBuildRuleBuilder$BuildRuleSteps.runWithDefaultExecutor(CachingBuildRuleBuilder.java:1411)
	at com.facebook.buck.core.build.engine.impl.CachingBuildRuleBuilder$2.runWithDefaultBehavior(CachingBuildRuleBuilder.java:850)
	at com.google.common.util.concurrent.TrustedListenableFutureTask$TrustedFutureInterruptibleAsyncTask.runInterruptibly(TrustedListenableFutureTask.java:162)
	at com.google.common.util.concurrent.TrustedListenableFutureTask$TrustedFutureInterruptibleAsyncTask.runInterruptibly(TrustedListenableFutureTask.java:145)
	at com.google.common.util.concurrent.InterruptibleTask.run(InterruptibleTask.java:57)
	... 10 more
Caused by: com.facebook.buck.core.exceptions.HumanReadableException: Command failed with exit code 1.
stderr: [31mduplicate symbol _main in:
[0m[31m    buck-out/gen/BuckTest/AppBinary#iphonesimulator-x86_64,swift-compile/AppBinary.o
[0m[31m    buck-out/gen/BuckTest/AppLibrary#iphonesimulator-x86_64,static/libAppLibrary.a(AppLibrary.o)
[0m[31mld: 1 duplicate symbol for architecture x86_64
[0m[31mclang: error: linker command failed with exit code 1 (use -v to see invocation)
[0m
	at com.facebook.buck.step.StepFailedException.createForFailingStepWithExitCode(StepFailedException.java:52)
	... 17 more

[2019-04-22 10:41:06.726][info ][command:ee37cafa-5d3e-4751-a582-7daf66d38b7a][tid:265][com.facebook.buck.event.listener.LoggingBuildListener] Build finished at 2019-04-22 10:41:06.726
[2019-04-22 10:41:06.728][debug][command:ee37cafa-5d3e-4751-a582-7daf66d38b7a][tid:260][com.facebook.buck.util.perf.ProcessTracker] shutDown
[2019-04-22 10:41:06.728][debug][command:ee37cafa-5d3e-4751-a582-7daf66d38b7a][tid:259][com.google.common.util.concurrent.ServiceManager] Service PerfStatsTracking [TERMINATED] has terminated. Previous state was: STOPPING
[2019-04-22 10:41:06.732][debug][command:ee37cafa-5d3e-4751-a582-7daf66d38b7a][tid:14][com.facebook.buck.event.listener.RenderingConsole] Stopping render scheduler
[2019-04-22 10:41:06.733][debug][command:ee37cafa-5d3e-4751-a582-7daf66d38b7a][tid:260][com.google.common.util.concurrent.ServiceManager] Service ProcessTracker [TERMINATED] has terminated. Previous state was: STOPPING
[2019-04-22 10:41:06.733][info ][command:ee37cafa-5d3e-4751-a582-7daf66d38b7a][tid:14][com.facebook.buck.cli.Main] Awaiting termination of PROJECT executor service. Waiting for all jobs to complete, or up to maximum of 60 seconds...
[2019-04-22 10:41:06.733][info ][command:ee37cafa-5d3e-4751-a582-7daf66d38b7a][tid:14][com.facebook.buck.cli.Main] Successfully terminated PROJECT executor service.
[2019-04-22 10:41:06.733][info ][command:ee37cafa-5d3e-4751-a582-7daf66d38b7a][tid:14][com.facebook.buck.cli.Main] Awaiting termination of NETWORK executor service. Waiting for all jobs to complete, or up to maximum of 60 seconds...
[2019-04-22 10:41:06.733][info ][command:ee37cafa-5d3e-4751-a582-7daf66d38b7a][tid:14][com.facebook.buck.cli.Main] Successfully terminated NETWORK executor service.
[2019-04-22 10:41:06.733][info ][command:ee37cafa-5d3e-4751-a582-7daf66d38b7a][tid:14][com.facebook.buck.cli.Main] Awaiting termination of CPU executor service. Waiting for all jobs to complete, or up to maximum of 60 seconds...
[2019-04-22 10:41:06.733][info ][command:ee37cafa-5d3e-4751-a582-7daf66d38b7a][tid:14][com.facebook.buck.cli.Main] Successfully terminated CPU executor service.
[2019-04-22 10:41:06.733][info ][command:ee37cafa-5d3e-4751-a582-7daf66d38b7a][tid:14][com.facebook.buck.cli.Main] Awaiting termination of ScheduledExecutorService executor service. Waiting for all jobs to complete, or up to maximum of 60 seconds...
[2019-04-22 10:41:06.733][info ][command:ee37cafa-5d3e-4751-a582-7daf66d38b7a][tid:14][com.facebook.buck.cli.Main] Successfully terminated ScheduledExecutorService executor service.
[2019-04-22 10:41:06.733][info ][command:ee37cafa-5d3e-4751-a582-7daf66d38b7a][tid:14][com.facebook.buck.cli.Main] Awaiting termination of CounterAggregatorExecutor executor service. Waiting for all jobs to complete, or up to maximum of 20 seconds...
[2019-04-22 10:41:06.734][info ][command:ee37cafa-5d3e-4751-a582-7daf66d38b7a][tid:14][com.facebook.buck.cli.Main] Successfully terminated CounterAggregatorExecutor executor service.
[2019-04-22 10:41:06.734][info ][command:ee37cafa-5d3e-4751-a582-7daf66d38b7a][tid:14][com.facebook.buck.cli.Main] Awaiting termination of HTTP Read executor service. Waiting for all jobs to complete, or up to maximum of 1800 seconds...
[2019-04-22 10:41:06.734][info ][command:ee37cafa-5d3e-4751-a582-7daf66d38b7a][tid:14][com.facebook.buck.cli.Main] Successfully terminated HTTP Read executor service.
[2019-04-22 10:41:06.734][info ][command:ee37cafa-5d3e-4751-a582-7daf66d38b7a][tid:14][com.facebook.buck.cli.Main] Awaiting termination of Download Heavy Build HTTP Read executor service. Waiting for all jobs to complete, or up to maximum of 1800 seconds...
[2019-04-22 10:41:06.734][info ][command:ee37cafa-5d3e-4751-a582-7daf66d38b7a][tid:14][com.facebook.buck.cli.Main] Successfully terminated Download Heavy Build HTTP Read executor service.
[2019-04-22 10:41:06.734][info ][command:ee37cafa-5d3e-4751-a582-7daf66d38b7a][tid:14][com.facebook.buck.cli.Main] Awaiting termination of HTTP Write executor service. Waiting for all jobs to complete, or up to maximum of 1800 seconds...
[2019-04-22 10:41:06.734][info ][command:ee37cafa-5d3e-4751-a582-7daf66d38b7a][tid:14][com.facebook.buck.cli.Main] Successfully terminated HTTP Write executor service.
[2019-04-22 10:41:06.734][info ][command:ee37cafa-5d3e-4751-a582-7daf66d38b7a][tid:14][com.facebook.buck.cli.Main] Awaiting termination of Disk IO executor service. Waiting for all jobs to complete, or up to maximum of 10 seconds...
[2019-04-22 10:41:06.734][info ][command:ee37cafa-5d3e-4751-a582-7daf66d38b7a][tid:14][com.facebook.buck.cli.Main] Successfully terminated Disk IO executor service.
[2019-04-22 10:41:06.734][debug][command:null][tid:41][com.facebook.buck.io.AsynchronousDirectoryContentsCleaner] Starting to clean buck-out/.trash
[2019-04-22 10:41:06.734][debug][command:null][tid:41][com.facebook.buck.io.AsynchronousDirectoryContentsCleaner] Starting to clean buck-out/.trash
[2019-04-22 10:41:06.734][debug][command:null][tid:41][com.facebook.buck.io.AsynchronousDirectoryContentsCleaner] Done cleaning buck-out/.trash
[2019-04-22 10:41:06.734][debug][command:null][tid:41][com.facebook.buck.io.AsynchronousDirectoryContentsCleaner] Done cleaning buck-out/.trash
[2019-04-22 10:41:06.734][debug][command:null][tid:43][com.facebook.buck.event.listener.ChromeTraceBuildListener] Writing Chrome trace to buck-out/log/2019-04-22_02h41m04s_buildcommand_ee37cafa-5d3e-4751-a582-7daf66d38b7a/build.2019-04-22.10-41-04.ee37cafa-5d3e-4751-a582-7daf66d38b7a.trace
[2019-04-22 10:41:06.739][warn ][command:null][tid:14][com.facebook.buck.cli.Main] Command failed:
com.facebook.buck.command.Build$BuildExecutionException: com.facebook.buck.core.build.engine.impl.BuildRuleFailedException: com.facebook.buck.step.StepFailedException: Command failed with exit code 1.
stderr: [31mduplicate symbol _main in:
[0m[31m    buck-out/gen/BuckTest/AppBinary#iphonesimulator-x86_64,swift-compile/AppBinary.o
[0m[31m    buck-out/gen/BuckTest/AppLibrary#iphonesimulator-x86_64,static/libAppLibrary.a(AppLibrary.o)
[0m[31mld: 1 duplicate symbol for architecture x86_64
[0m[31mclang: error: linker command failed with exit code 1 (use -v to see invocation)
[0m
  When running <c++ link>.
	at com.facebook.buck.command.Build.waitForBuildToFinish(Build.java:323)
	at com.facebook.buck.command.Build.waitForBuildToFinishAndPrintFailuresToEventBus(Build.java:421)
	at com.facebook.buck.command.Build.executeAndPrintFailuresToEventBus(Build.java:144)
	at com.facebook.buck.command.LocalBuildExecutor.buildTargets(LocalBuildExecutor.java:148)
	at com.facebook.buck.cli.BuildCommand.executeLocalBuild(BuildCommand.java:761)
	at com.facebook.buck.cli.BuildCommand.executeBuildAndProcessResult(BuildCommand.java:458)
	at com.facebook.buck.cli.BuildCommand.run(BuildCommand.java:372)
	at com.facebook.buck.cli.BuildCommand.runWithoutHelp(BuildCommand.java:338)
	at com.facebook.buck.cli.AbstractCommand.run(AbstractCommand.java:242)
	at com.facebook.buck.cli.AbstractContainerCommand.run(AbstractContainerCommand.java:79)
	at com.facebook.buck.cli.Main.runMainWithExitCode(Main.java:1300)
	at com.facebook.buck.cli.Main.runMainThenExit(Main.java:464)
	at com.facebook.buck.cli.Main.nailMain(Main.java:2412)
	at sun.reflect.NativeMethodAccessorImpl.invoke0(Native Method)
	at sun.reflect.NativeMethodAccessorImpl.invoke(NativeMethodAccessorImpl.java:62)
	at sun.reflect.DelegatingMethodAccessorImpl.invoke(DelegatingMethodAccessorImpl.java:43)
	at java.lang.reflect.Method.invoke(Method.java:498)
	at com.facebook.nailgun.NGSession.runImpl(NGSession.java:313)
	at com.facebook.nailgun.NGSession.run(NGSession.java:199)
Caused by: com.facebook.buck.core.build.engine.impl.BuildRuleFailedException: com.facebook.buck.step.StepFailedException: Command failed with exit code 1.
stderr: [31mduplicate symbol _main in:
[0m[31m    buck-out/gen/BuckTest/AppBinary#iphonesimulator-x86_64,swift-compile/AppBinary.o
[0m[31m    buck-out/gen/BuckTest/AppLibrary#iphonesimulator-x86_64,static/libAppLibrary.a(AppLibrary.o)
[0m[31mld: 1 duplicate symbol for architecture x86_64
[0m[31mclang: error: linker command failed with exit code 1 (use -v to see invocation)
[0m
  When running <c++ link>.
	at com.facebook.buck.core.build.engine.impl.CachingBuildRuleBuilder.getFailedException(CachingBuildRuleBuilder.java:1223)
	at com.facebook.buck.core.build.engine.impl.CachingBuildRuleBuilder.lambda$build$2(CachingBuildRuleBuilder.java:386)
	at com.google.common.util.concurrent.AbstractCatchingFuture$AsyncCatchingFuture.doFallback(AbstractCatchingFuture.java:172)
	at com.google.common.util.concurrent.AbstractCatchingFuture$AsyncCatchingFuture.doFallback(AbstractCatchingFuture.java:159)
	at com.google.common.util.concurrent.AbstractCatchingFuture.run(AbstractCatchingFuture.java:112)
	at com.google.common.util.concurrent.MoreExecutors$DirectExecutor.execute(MoreExecutors.java:399)
	at com.google.common.util.concurrent.AbstractFuture.executeListener(AbstractFuture.java:1016)
	at com.google.common.util.concurrent.AbstractFuture.complete(AbstractFuture.java:867)
	at com.google.common.util.concurrent.AbstractFuture.setException(AbstractFuture.java:713)
	at com.google.common.util.concurrent.AbstractTransformFuture.run(AbstractTransformFuture.java:97)
	at com.google.common.util.concurrent.MoreExecutors$DirectExecutor.execute(MoreExecutors.java:399)
	at com.google.common.util.concurrent.AbstractFuture.executeListener(AbstractFuture.java:1016)
	at com.google.common.util.concurrent.AbstractFuture.complete(AbstractFuture.java:867)
	at com.google.common.util.concurrent.AbstractFuture.setException(AbstractFuture.java:713)
	at com.google.common.util.concurrent.AbstractTransformFuture.run(AbstractTransformFuture.java:97)
	at com.google.common.util.concurrent.MoreExecutors$DirectExecutor.execute(MoreExecutors.java:399)
	at com.google.common.util.concurrent.AbstractFuture.executeListener(AbstractFuture.java:1016)
	at com.google.common.util.concurrent.AbstractFuture.complete(AbstractFuture.java:867)
	at com.google.common.util.concurrent.AbstractFuture.setFuture(AbstractFuture.java:754)
	at com.google.common.util.concurrent.TrustedListenableFutureTask$TrustedFutureInterruptibleAsyncTask.afterRanInterruptibly(TrustedListenableFutureTask.java:170)
	at com.google.common.util.concurrent.TrustedListenableFutureTask$TrustedFutureInterruptibleAsyncTask.afterRanInterruptibly(TrustedListenableFutureTask.java:145)
	at com.google.common.util.concurrent.InterruptibleTask.run(InterruptibleTask.java:80)
	at com.google.common.util.concurrent.TrustedListenableFutureTask.run(TrustedListenableFutureTask.java:80)
	at com.facebook.buck.util.concurrent.WeightedListeningExecutorService.lambda$submit$2(WeightedListeningExecutorService.java:100)
	at com.facebook.buck.util.concurrent.WeightedListeningExecutorService.lambda$submitWithSemaphore$0(WeightedListeningExecutorService.java:74)
	at com.google.common.util.concurrent.AbstractTransformFuture$AsyncTransformFuture.doTransform(AbstractTransformFuture.java:206)
	at com.google.common.util.concurrent.AbstractTransformFuture$AsyncTransformFuture.doTransform(AbstractTransformFuture.java:195)
	at com.google.common.util.concurrent.AbstractTransformFuture.run(AbstractTransformFuture.java:115)
	at com.google.common.util.concurrent.MoreExecutors$5$1.run(MoreExecutors.java:999)
	at java.util.concurrent.ThreadPoolExecutor.runWorker(ThreadPoolExecutor.java:1149)
	at java.util.concurrent.ThreadPoolExecutor$Worker.run(ThreadPoolExecutor.java:624)
	at java.lang.Thread.run(Thread.java:748)
Caused by: com.facebook.buck.step.StepFailedException: Command failed with exit code 1.
stderr: [31mduplicate symbol _main in:
[0m[31m    buck-out/gen/BuckTest/AppBinary#iphonesimulator-x86_64,swift-compile/AppBinary.o
[0m[31m    buck-out/gen/BuckTest/AppLibrary#iphonesimulator-x86_64,static/libAppLibrary.a(AppLibrary.o)
[0m[31mld: 1 duplicate symbol for architecture x86_64
[0m[31mclang: error: linker command failed with exit code 1 (use -v to see invocation)
[0m
  When running <c++ link>.
	at com.facebook.buck.step.StepFailedException.createForFailingStepWithException(StepFailedException.java:57)
	at com.facebook.buck.step.StepFailedException.createForFailingStepWithExitCode(StepFailedException.java:51)
	at com.facebook.buck.step.DefaultStepRunner.runStepForBuildTarget(DefaultStepRunner.java:54)
	at com.facebook.buck.core.build.engine.impl.CachingBuildRuleBuilder$BuildRuleSteps.executeCommands(CachingBuildRuleBuilder.java:1449)
	at com.facebook.buck.core.build.engine.impl.CachingBuildRuleBuilder$BuildRuleSteps.runWithDefaultExecutor(CachingBuildRuleBuilder.java:1411)
	at com.facebook.buck.core.build.engine.impl.CachingBuildRuleBuilder$2.runWithDefaultBehavior(CachingBuildRuleBuilder.java:850)
	at com.google.common.util.concurrent.TrustedListenableFutureTask$TrustedFutureInterruptibleAsyncTask.runInterruptibly(TrustedListenableFutureTask.java:162)
	at com.google.common.util.concurrent.TrustedListenableFutureTask$TrustedFutureInterruptibleAsyncTask.runInterruptibly(TrustedListenableFutureTask.java:145)
	at com.google.common.util.concurrent.InterruptibleTask.run(InterruptibleTask.java:57)
	... 10 more
Caused by: com.facebook.buck.core.exceptions.HumanReadableException: Command failed with exit code 1.
stderr: [31mduplicate symbol _main in:
[0m[31m    buck-out/gen/BuckTest/AppBinary#iphonesimulator-x86_64,swift-compile/AppBinary.o
[0m[31m    buck-out/gen/BuckTest/AppLibrary#iphonesimulator-x86_64,static/libAppLibrary.a(AppLibrary.o)
[0m[31mld: 1 duplicate symbol for architecture x86_64
[0m[31mclang: error: linker command failed with exit code 1 (use -v to see invocation)
[0m
	at com.facebook.buck.step.StepFailedException.createForFailingStepWithExitCode(StepFailedException.java:52)
	... 17 more

[2019-04-22 10:41:06.741][warn ][command:null][tid:14][com.facebook.buck.util.Console] Command failure: Command failed with exit code 1.
stderr: [31mduplicate symbol _main in:
[0m[31m    buck-out/gen/BuckTest/AppBinary#iphonesimulator-x86_64,swift-compile/AppBinary.o
[0m[31m    buck-out/gen/BuckTest/AppLibrary#iphonesimulator-x86_64,static/libAppLibrary.a(AppLibrary.o)
[0m[31mld: 1 duplicate symbol for architecture x86_64
[0m[31mclang: error: linker command failed with exit code 1 (use -v to see invocation)
[0m
    When running <c++ link>.
    When building rule //BuckTest:AppBinary#binary,iphonesimulator-x86_64.
[2019-04-22 10:41:06.741][debug][command:null][tid:14][com.facebook.buck.cli.Main] Done.
[2019-04-22 10:41:06.742][info ][command:null][tid:14][com.facebook.nailgun.NGSession] Nail cleanly exited with status 1
[2019-04-22 10:41:06.742][debug][command:null][tid:14][com.facebook.nailgun.NGCommunicator] Shutting down socket for input
[2019-04-22 10:41:06.742][debug][command:null][tid:14][com.facebook.nailgun.NGCommunicator] Shutting down socket for output
[2019-04-22 10:41:06.742][debug][command:null][tid:14][com.facebook.nailgun.NGCommunicator] Shutting down read ExecutorService
[2019-04-22 10:41:06.742][debug][command:null][tid:14][com.facebook.nailgun.NGCommunicator] Shutting down orchestrator ExecutorService
[2019-04-22 10:41:06.742][debug][command:null][tid:253][com.facebook.nailgun.NGCommunicator] Socket is disconnected
[2019-04-22 10:41:06.742][debug][command:null][tid:253][com.facebook.nailgun.NGCommunicator] Nailgun client disconnected
[2019-04-22 10:41:06.742][debug][command:null][tid:253][com.facebook.nailgun.NGCommunicator] Orchestrator thread finished
[2019-04-22 10:41:06.743][debug][command:null][tid:14][com.facebook.nailgun.NGSession] NGSession 1 is closing client socket
[2019-04-22 10:44:44.274][debug][command:null][tid:14][com.facebook.nailgun.NGSession] NGSession 1 accepted new connection
[2019-04-22 10:44:44.277][debug][command:null][tid:284][com.facebook.nailgun.NGCommunicator] Orchestrator thread started
[2019-04-22 10:44:44.277][debug][command:null][tid:14][com.facebook.nailgun.NGCommunicator] Shutting down socket for input
[2019-04-22 10:44:44.277][debug][command:null][tid:14][com.facebook.nailgun.NGCommunicator] Shutting down socket for output
[2019-04-22 10:44:44.278][debug][command:null][tid:14][com.facebook.nailgun.NGCommunicator] Shutting down read ExecutorService
[2019-04-22 10:44:44.278][debug][command:null][tid:284][com.facebook.nailgun.NGCommunicator] Socket is disconnected
[2019-04-22 10:44:44.278][debug][command:null][tid:284][com.facebook.nailgun.NGCommunicator] Nailgun client disconnected
[2019-04-22 10:44:44.278][debug][command:null][tid:284][com.facebook.nailgun.NGCommunicator] Orchestrator thread finished
[2019-04-22 10:44:44.278][debug][command:null][tid:14][com.facebook.nailgun.NGCommunicator] Shutting down orchestrator ExecutorService
[2019-04-22 10:44:44.279][debug][command:null][tid:14][com.facebook.nailgun.NGSession] NGSession 1 is closing client socket
[2019-04-22 10:44:44.290][debug][command:null][tid:14][com.facebook.nailgun.NGSession] NGSession 1 accepted new connection
[2019-04-22 10:44:44.292][debug][command:null][tid:286][com.facebook.nailgun.NGCommunicator] Orchestrator thread started
[2019-04-22 10:44:44.293][debug][command:null][tid:14][com.facebook.buck.util.config.Configs] Loading configuration for /Users/stevenlee/Downloads/BuckTest 3
[2019-04-22 10:44:44.293][debug][command:null][tid:14][com.facebook.buck.util.config.Configs] Loaded project configuration file /Users/stevenlee/Downloads/BuckTest 3/.buckconfig
[2019-04-22 10:44:44.294][debug][command:null][tid:14][com.facebook.buck.util.config.Configs] Adding configuration overrides RawConfig{values={}}
[2019-04-22 10:44:44.296][debug][command:null][tid:14][com.facebook.buck.cli.Main] Rotating log.
[2019-04-22 10:44:44.298][debug][command:null][tid:14][com.facebook.buck.cli.Main] Starting up (build date 1970-01-01 07:29:59 +0730, rev ad23befe7c1a36c999860af0af69e726f1c8e423), args: [build, //BuckTest:BuckTest]
[2019-04-22 10:44:44.303][debug][command:null][tid:14][com.facebook.buck.cli.Main] System properties: {java.vendor=Oracle Corporation, sun.java.launcher=SUN_STANDARD, sun.management.compiler=HotSpot 64-Bit Tiered Compilers, jnidispatch.path=/Users/stevenlee/Downloads/BuckTest 3/.buckd/tmp/buck_run.lvxJYs/jna-1522160945/jna1110540400668623049.tmp, os.name=Mac OS X, buck.enable_objc=true, sun.boot.class.path=/Library/Java/JavaVirtualMachines/jdk1.8.0_201.jdk/Contents/Home/jre/lib/resources.jar:/Library/Java/JavaVirtualMachines/jdk1.8.0_201.jdk/Contents/Home/jre/lib/rt.jar:/Library/Java/JavaVirtualMachines/jdk1.8.0_201.jdk/Contents/Home/jre/lib/sunrsasign.jar:/Library/Java/JavaVirtualMachines/jdk1.8.0_201.jdk/Contents/Home/jre/lib/jsse.jar:/Library/Java/JavaVirtualMachines/jdk1.8.0_201.jdk/Contents/Home/jre/lib/jce.jar:/Library/Java/JavaVirtualMachines/jdk1.8.0_201.jdk/Contents/Home/jre/lib/charsets.jar:/Library/Java/JavaVirtualMachines/jdk1.8.0_201.jdk/Contents/Home/jre/lib/jfr.jar:/Library/Java/JavaVirtualMachines/jdk1.8.0_201.jdk/Contents/Home/jre/classes, user.country.format=SG, buck.module.resources=/Users/stevenlee/Downloads/BuckTest 3/.buckd/resources/ad23befe7c1a36c999860af0af69e726f1c8e423/buck-modules-resources, pf4j.pluginsDir=/Users/stevenlee/Downloads/BuckTest 3/.buckd/resources/ad23befe7c1a36c999860af0af69e726f1c8e423/buck-modules, buck.resource_lock_path=/Users/stevenlee/Downloads/BuckTest 3/.buckd/resources/ad23befe7c1a36c999860af0af69e726f1c8e423/.buck_lock, buck.path_to_isolated_trampoline=/Users/stevenlee/Downloads/BuckTest 3/.buckd/resources/ad23befe7c1a36c999860af0af69e726f1c8e423/path_to_isolated_trampoline, java.vm.specification.vendor=Oracle Corporation, java.runtime.version=1.8.0_201-b09, jna.loaded=true, buck.testrunner_classes=/Users/stevenlee/Downloads/BuckTest 3/.buckd/resources/ad23befe7c1a36c999860af0af69e726f1c8e423/testrunner_classes, buck.logging_config_file=/Users/stevenlee/Downloads/BuckTest 3/.buckd/resources/ad23befe7c1a36c999860af0af69e726f1c8e423/logging_config_file, buck.path_to_sh_binary_template=/Users/stevenlee/Downloads/BuckTest 3/.buckd/resources/ad23befe7c1a36c999860af0af69e726f1c8e423/path_to_sh_binary_template, user.name=stevenlee, com.facebook.nailgun.NGServer.outputPath=/Users/stevenlee/Downloads/BuckTest 3/.buckd/tmp/buck_run.lvxJYs/ngserver-out, buck.path_to_pywatchman=/Users/stevenlee/Downloads/BuckTest 3/.buckd/resources/ad23befe7c1a36c999860af0af69e726f1c8e423/path_to_pywatchman, buck.report_generator_jar=/Users/stevenlee/Downloads/BuckTest 3/.buckd/resources/ad23befe7c1a36c999860af0af69e726f1c8e423/report_generator_jar, buck.git_commit=ad23befe7c1a36c999860af0af69e726f1c8e423, user.language=en, sun.boot.library.path=/Library/Java/JavaVirtualMachines/jdk1.8.0_201.jdk/Contents/Home/jre/lib, jna.nosys=true, java.version=1.8.0_201, user.timezone=Asia/Singapore, buck.test_util_no_tests_dir=true, sun.arch.data.model=64, http.nonProxyHosts=local|*.local|169.254/16|*.169.254/16, java.endorsed.dirs=/Library/Java/JavaVirtualMachines/jdk1.8.0_201.jdk/Contents/Home/jre/lib/endorsed, sun.cpu.isalist=, sun.jnu.encoding=UTF-8, file.encoding.pkg=sun.io, file.separator=/, java.specification.name=Java Platform API Specification, buck.jacoco_agent_jar=/Users/stevenlee/Downloads/BuckTest 3/.buckd/resources/ad23befe7c1a36c999860af0af69e726f1c8e423/jacoco_agent_jar, java.class.version=52.0, user.country=GB, buck.binary_hash=dbcee53f32f7fa760cef191b77064a13, java.home=/Library/Java/JavaVirtualMachines/jdk1.8.0_201.jdk/Contents/Home/jre, buck.fix_script=/Users/stevenlee/Downloads/BuckTest 3/.buckd/resources/ad23befe7c1a36c999860af0af69e726f1c8e423/fix_script, java.vm.info=mixed mode, os.version=10.14.4, buck.version_uid=ad23befe7c1a36c999860af0af69e726f1c8e423, org.eclipse.jetty.util.log.class=org.eclipse.jetty.util.log.JavaUtilLog, path.separator=:, java.vm.version=25.201-b09, java.awt.printerjob=sun.lwawt.macosx.CPrinterJob, sun.io.unicode.encoding=UnicodeBig, awt.toolkit=sun.lwawt.macosx.LWCToolkit, buck.mode=package, buck.buck_build_type_info=/Users/stevenlee/Downloads/BuckTest 3/.buckd/resources/ad23befe7c1a36c999860af0af69e726f1c8e423/buck_build_type_info, socksNonProxyHosts=local|*.local|169.254/16|*.169.254/16, ftp.nonProxyHosts=local|*.local|169.254/16|*.169.254/16, buck.dx=/Users/stevenlee/Downloads/BuckTest 3/.buckd/resources/ad23befe7c1a36c999860af0af69e726f1c8e423/dx, buck.git_commit_timestamp=-1, user.home=/Users/stevenlee, java.specification.vendor=Oracle Corporation, buck.git_dirty=0, java.library.path=/Users/stevenlee/Downloads/BuckTest 3/.buckd/resources/ad23befe7c1a36c999860af0af69e726f1c8e423, java.vendor.url=http://java.oracle.com/, java.vm.vendor=Oracle Corporation, gopherProxySet=false, java.runtime.name=Java(TM) SE Runtime Environment, sun.java.command=com.facebook.buck.cli.bootstrapper.ClassLoaderBootstrapper com.facebook.buck.cli.Main$DaemonBootstrap local:.buckd/sock 180000, java.class.path=/Users/stevenlee/Downloads/BuckTest 3/.buckd/resources/ad23befe7c1a36c999860af0af69e726f1c8e423/bootstrapper_jar, buck.buckd_dir=/Users/stevenlee/Downloads/BuckTest 3/.buckd, buck.path_to_pathlib_py=/Users/stevenlee/Downloads/BuckTest 3/.buckd/resources/ad23befe7c1a36c999860af0af69e726f1c8e423/pathlib.py, buck.buckd_launch_time_nanos=225514068315519, java.vm.specification.name=Java Virtual Machine Specification, java.vm.specification.version=1.8, sun.cpu.endian=little, sun.os.patch.level=unknown, java.awt.headless=true, java.io.tmpdir=/Users/stevenlee/Downloads/BuckTest 3/.buckd/tmp/buck_run.lvxJYs, buck.android_agent_path=/Users/stevenlee/Downloads/BuckTest 3/.buckd/resources/ad23befe7c1a36c999860af0af69e726f1c8e423/android_agent_path, java.vendor.url.bug=http://bugreport.sun.com/bugreport/, buck.path_to_python_dsl=, jna.platform.library.path=/usr/lib:/usr/lib, os.arch=x86_64, java.awt.graphicsenv=sun.awt.CGraphicsEnvironment, java.ext.dirs=/Users/stevenlee/Library/Java/Extensions:/Library/Java/JavaVirtualMachines/jdk1.8.0_201.jdk/Contents/Home/jre/lib/ext:/Library/Java/Extensions:/Network/Library/Java/Extensions:/System/Library/Java/Extensions:/usr/lib/java, java.util.logging.config.class=com.facebook.buck.cli.bootstrapper.LogConfig, buck.path_to_six_py=/Users/stevenlee/Downloads/BuckTest 3/.buckd/resources/ad23befe7c1a36c999860af0af69e726f1c8e423/six.py, user.dir=/Users/stevenlee/Downloads/BuckTest 3, java.nio.file.spi.DefaultFileSystemProvider=com.facebook.buck.cli.bootstrapper.filesystem.BuckFileSystemProvider, line.separator=
, java.vm.name=Java HotSpot(TM) 64-Bit Server VM, buck.path_to_typing=/Users/stevenlee/Downloads/BuckTest 3/.buckd/resources/ad23befe7c1a36c999860af0af69e726f1c8e423/path_to_typing, buck.native_exopackage_fake_path=/Users/stevenlee/Downloads/BuckTest 3/.buckd/resources/ad23befe7c1a36c999860af0af69e726f1c8e423/native_exopackage_fake_path, file.encoding=UTF-8, java.specification.version=1.8}
[2019-04-22 10:44:44.303][debug][command:null][tid:14][com.facebook.buck.util.config.Configs] Loading configuration for /Users/stevenlee/Downloads/BuckTest 3
[2019-04-22 10:44:44.303][debug][command:null][tid:14][com.facebook.buck.util.config.Configs] Loaded project configuration file /Users/stevenlee/Downloads/BuckTest 3/.buckconfig
[2019-04-22 10:44:44.303][debug][command:null][tid:14][com.facebook.buck.util.config.Configs] Adding configuration overrides RawConfig{values={}}
[2019-04-22 10:44:44.305][info ][command:null][tid:14][com.facebook.buck.io.watchman.WatchmanFactory] Creating for: [/Users/stevenlee/Downloads/BuckTest 3]
[2019-04-22 10:44:44.306][debug][command:null][tid:14][com.facebook.buck.io.ExecutableFinder] Executable 'watchman' mapped to 'Optional[/usr/local/bin/watchman]'
[2019-04-22 10:44:44.306][debug][command:null][tid:14][com.facebook.buck.util.ListeningProcessExecutor] Launching process with params ProcessExecutorParams{command=[/usr/local/bin/watchman, --output-encoding=bser, get-sockname]}
[2019-04-22 10:44:44.307][debug][command:null][tid:14][com.facebook.buck.util.ListeningProcessExecutor] Successfully launched process com.zaxxer.nuprocess.osx.OsxProcess@3eb658c5
[2019-04-22 10:44:44.307][debug][command:null][tid:14][com.facebook.buck.util.ListeningProcessExecutor] Waiting for process com.facebook.buck.util.ListeningProcessExecutor$LaunchedProcessImpl@74988b65 timeout 1000000000 NANOSECONDS
[2019-04-22 10:44:44.324][debug][command:null][tid:14][com.facebook.buck.util.ListeningProcessExecutor] Wait for process returned 0
[2019-04-22 10:44:44.324][debug][command:null][tid:14][com.facebook.buck.io.watchman.WatchmanFactory] Waited 17 ms for Watchman command get-sockname, exit code 0
[2019-04-22 10:44:44.325][debug][command:null][tid:14][com.facebook.buck.io.watchman.WatchmanFactory] stdout of command: {sockname=/usr/local/var/run/watchman/stevenlee-state/sock, version=4.9.0}
[2019-04-22 10:44:44.325][info ][command:null][tid:14][com.facebook.buck.io.watchman.WatchmanFactory] Connecting to Watchman version 4.9.0 at /usr/local/var/run/watchman/stevenlee-state/sock
[2019-04-22 10:44:44.325][debug][command:null][tid:14][com.facebook.buck.io.watchman.WatchmanTransportClient] Query [version, {required=[cmd-watch-project], optional=[term-dirname, cmd-watch-project, wildmatch, wildmatch_multislash, glob_generator, clock-sync-timeout]}] returned in 0 ms
[2019-04-22 10:44:44.326][info ][command:null][tid:14][com.facebook.buck.io.watchman.WatchmanFactory] Took 0 ms to query capabilities {term-dirname=DIRNAME, cmd-watch-project=SUPPORTS_PROJECT_WATCH, wildmatch=WILDMATCH_GLOB, wildmatch_multislash=WILDMATCH_MULTISLASH, glob_generator=GLOB_GENERATOR, clock-sync-timeout=CLOCK_SYNC_TIMEOUT}
[2019-04-22 10:44:44.326][debug][command:null][tid:14][com.facebook.buck.io.watchman.WatchmanFactory] Got capabilities response: {clock-sync-timeout=true, glob_generator=true, wildmatch_multislash=false, cmd-watch-project=true, wildmatch=true, term-dirname=true}
[2019-04-22 10:44:44.326][debug][command:null][tid:14][com.facebook.buck.io.watchman.WatchmanFactory] Got Watchman capabilities: [CLOCK_SYNC_TIMEOUT, GLOB_GENERATOR, SUPPORTS_PROJECT_WATCH, WILDMATCH_GLOB, DIRNAME]
[2019-04-22 10:44:44.326][info ][command:null][tid:14][com.facebook.buck.io.watchman.WatchmanFactory] Adding watchman root: /Users/stevenlee/Downloads/BuckTest 3
[2019-04-22 10:44:44.326][debug][command:null][tid:14][com.facebook.buck.io.watchman.WatchmanTransportClient] Query [watch-project, /Users/stevenlee/Downloads/BuckTest 3] returned in 0 ms
[2019-04-22 10:44:44.327][debug][command:null][tid:14][com.facebook.buck.io.watchman.WatchmanTransportClient] Query [watch-project, /Users/stevenlee/Downloads/BuckTest 3] returned in 0 ms
[2019-04-22 10:44:44.327][info ][command:null][tid:14][com.facebook.buck.io.watchman.WatchmanFactory] Took 0 ms to add root /Users/stevenlee/Downloads/BuckTest 3
[2019-04-22 10:44:44.329][debug][command:null][tid:14][com.facebook.buck.io.watchman.WatchmanTransportClient] Query [clock, /Users/stevenlee/Downloads/BuckTest 3, {sync_timeout=100}] returned in 2 ms
[2019-04-22 10:44:44.330][info ][command:null][tid:14][com.facebook.buck.io.watchman.WatchmanFactory] Took 2 ms to query for initial clock id Optional[c:1555333328:392:1:5587]
[2019-04-22 10:44:44.330][debug][command:null][tid:14][com.facebook.buck.io.watchman.WatchmanFactory] Connected to Watchman
[2019-04-22 10:44:44.330][debug][command:null][tid:14][com.facebook.buck.io.watchman.WatchmanTransportClient] Closing Watchman transport.
[2019-04-22 10:44:44.330][debug][command:null][tid:14][com.facebook.buck.cli.Main] Watchman capabilities: [CLOCK_SYNC_TIMEOUT, GLOB_GENERATOR, SUPPORTS_PROJECT_WATCH, WILDMATCH_GLOB, DIRNAME] Project watches: {/Users/stevenlee/Downloads/BuckTest 3=ProjectWatch{watchRoot=/Users/stevenlee/Downloads/BuckTest 3}} Glob handler config: PYTHON Query timeout ms config: Optional.empty
[2019-04-22 10:44:44.331][warn ][command:null][tid:14][com.facebook.buck.cli.DaemonLifecycleManager] Shutting down and restarting daemon on config or directory graphBuilder change (ImmutableCell{cellPathResolver=DefaultCellPathResolver{root=/Users/stevenlee/Downloads/BuckTest 3, cellPaths={}}} != ImmutableCell{cellPathResolver=DefaultCellPathResolver{root=/Users/stevenlee/Downloads/BuckTest 3, cellPaths={}}})
[2019-04-22 10:44:44.332][info ][command:null][tid:14][com.facebook.buck.cli.DaemonLifecycleManager] Reusing web server
[2019-04-22 10:44:44.332][info ][command:null][tid:21][com.facebook.buck.support.bgtasks.AsyncBackgroundTaskManager] Scheduler thread interrupted; shutting down manager
[2019-04-22 10:44:44.334][warn ][command:null][tid:14][com.facebook.buck.cli.Daemon] Can't start web server
[2019-04-22 10:44:44.334][debug][command:null][tid:14][com.facebook.buck.cli.Daemon] Using Watchman Cursor: {/Users/stevenlee/Downloads/BuckTest 3=c:1555333328:392:1:5587}
