[2019-04-22 10:52:27.885][debug][command:null][tid:14][com.facebook.buck.cli.Main] Starting up (build date 1970-01-01 07:29:59 +0730, rev ad23befe7c1a36c999860af0af69e726f1c8e423), args: [build, //BuckTest:BuckTest]
[2019-04-22 10:52:27.890][debug][command:null][tid:14][com.facebook.buck.cli.Main] System properties: {java.vendor=Oracle Corporation, sun.java.launcher=SUN_STANDARD, sun.management.compiler=HotSpot 64-Bit Tiered Compilers, jnidispatch.path=/Users/stevenlee/Downloads/BuckTest 3/.buckd/tmp/buck_run.lvxJYs/jna-1522160945/jna1110540400668623049.tmp, os.name=Mac OS X, buck.enable_objc=true, sun.boot.class.path=/Library/Java/JavaVirtualMachines/jdk1.8.0_201.jdk/Contents/Home/jre/lib/resources.jar:/Library/Java/JavaVirtualMachines/jdk1.8.0_201.jdk/Contents/Home/jre/lib/rt.jar:/Library/Java/JavaVirtualMachines/jdk1.8.0_201.jdk/Contents/Home/jre/lib/sunrsasign.jar:/Library/Java/JavaVirtualMachines/jdk1.8.0_201.jdk/Contents/Home/jre/lib/jsse.jar:/Library/Java/JavaVirtualMachines/jdk1.8.0_201.jdk/Contents/Home/jre/lib/jce.jar:/Library/Java/JavaVirtualMachines/jdk1.8.0_201.jdk/Contents/Home/jre/lib/charsets.jar:/Library/Java/JavaVirtualMachines/jdk1.8.0_201.jdk/Contents/Home/jre/lib/jfr.jar:/Library/Java/JavaVirtualMachines/jdk1.8.0_201.jdk/Contents/Home/jre/classes, user.country.format=SG, buck.module.resources=/Users/stevenlee/Downloads/BuckTest 3/.buckd/resources/ad23befe7c1a36c999860af0af69e726f1c8e423/buck-modules-resources, pf4j.pluginsDir=/Users/stevenlee/Downloads/BuckTest 3/.buckd/resources/ad23befe7c1a36c999860af0af69e726f1c8e423/buck-modules, buck.resource_lock_path=/Users/stevenlee/Downloads/BuckTest 3/.buckd/resources/ad23befe7c1a36c999860af0af69e726f1c8e423/.buck_lock, buck.path_to_isolated_trampoline=/Users/stevenlee/Downloads/BuckTest 3/.buckd/resources/ad23befe7c1a36c999860af0af69e726f1c8e423/path_to_isolated_trampoline, java.vm.specification.vendor=Oracle Corporation, java.runtime.version=1.8.0_201-b09, jna.loaded=true, buck.testrunner_classes=/Users/stevenlee/Downloads/BuckTest 3/.buckd/resources/ad23befe7c1a36c999860af0af69e726f1c8e423/testrunner_classes, buck.logging_config_file=/Users/stevenlee/Downloads/BuckTest 3/.buckd/resources/ad23befe7c1a36c999860af0af69e726f1c8e423/logging_config_file, buck.path_to_sh_binary_template=/Users/stevenlee/Downloads/BuckTest 3/.buckd/resources/ad23befe7c1a36c999860af0af69e726f1c8e423/path_to_sh_binary_template, user.name=stevenlee, com.facebook.nailgun.NGServer.outputPath=/Users/stevenlee/Downloads/BuckTest 3/.buckd/tmp/buck_run.lvxJYs/ngserver-out, buck.path_to_pywatchman=/Users/stevenlee/Downloads/BuckTest 3/.buckd/resources/ad23befe7c1a36c999860af0af69e726f1c8e423/path_to_pywatchman, buck.report_generator_jar=/Users/stevenlee/Downloads/BuckTest 3/.buckd/resources/ad23befe7c1a36c999860af0af69e726f1c8e423/report_generator_jar, buck.git_commit=ad23befe7c1a36c999860af0af69e726f1c8e423, user.language=en, sun.boot.library.path=/Library/Java/JavaVirtualMachines/jdk1.8.0_201.jdk/Contents/Home/jre/lib, jna.nosys=true, java.version=1.8.0_201, user.timezone=Asia/Singapore, buck.test_util_no_tests_dir=true, sun.arch.data.model=64, http.nonProxyHosts=local|*.local|169.254/16|*.169.254/16, java.endorsed.dirs=/Library/Java/JavaVirtualMachines/jdk1.8.0_201.jdk/Contents/Home/jre/lib/endorsed, sun.cpu.isalist=, sun.jnu.encoding=UTF-8, file.encoding.pkg=sun.io, file.separator=/, java.specification.name=Java Platform API Specification, buck.jacoco_agent_jar=/Users/stevenlee/Downloads/BuckTest 3/.buckd/resources/ad23befe7c1a36c999860af0af69e726f1c8e423/jacoco_agent_jar, java.class.version=52.0, user.country=GB, buck.binary_hash=dbcee53f32f7fa760cef191b77064a13, java.home=/Library/Java/JavaVirtualMachines/jdk1.8.0_201.jdk/Contents/Home/jre, buck.fix_script=/Users/stevenlee/Downloads/BuckTest 3/.buckd/resources/ad23befe7c1a36c999860af0af69e726f1c8e423/fix_script, java.vm.info=mixed mode, os.version=10.14.4, buck.version_uid=ad23befe7c1a36c999860af0af69e726f1c8e423, org.eclipse.jetty.util.log.class=org.eclipse.jetty.util.log.JavaUtilLog, path.separator=:, java.vm.version=25.201-b09, java.awt.printerjob=sun.lwawt.macosx.CPrinterJob, sun.io.unicode.encoding=UnicodeBig, awt.toolkit=sun.lwawt.macosx.LWCToolkit, buck.mode=package, buck.buck_build_type_info=/Users/stevenlee/Downloads/BuckTest 3/.buckd/resources/ad23befe7c1a36c999860af0af69e726f1c8e423/buck_build_type_info, socksNonProxyHosts=local|*.local|169.254/16|*.169.254/16, ftp.nonProxyHosts=local|*.local|169.254/16|*.169.254/16, buck.dx=/Users/stevenlee/Downloads/BuckTest 3/.buckd/resources/ad23befe7c1a36c999860af0af69e726f1c8e423/dx, buck.git_commit_timestamp=-1, user.home=/Users/stevenlee, java.specification.vendor=Oracle Corporation, buck.git_dirty=0, java.library.path=/Users/stevenlee/Downloads/BuckTest 3/.buckd/resources/ad23befe7c1a36c999860af0af69e726f1c8e423, java.vendor.url=http://java.oracle.com/, java.vm.vendor=Oracle Corporation, gopherProxySet=false, java.runtime.name=Java(TM) SE Runtime Environment, sun.java.command=com.facebook.buck.cli.bootstrapper.ClassLoaderBootstrapper com.facebook.buck.cli.Main$DaemonBootstrap local:.buckd/sock 180000, java.class.path=/Users/stevenlee/Downloads/BuckTest 3/.buckd/resources/ad23befe7c1a36c999860af0af69e726f1c8e423/bootstrapper_jar, buck.buckd_dir=/Users/stevenlee/Downloads/BuckTest 3/.buckd, buck.path_to_pathlib_py=/Users/stevenlee/Downloads/BuckTest 3/.buckd/resources/ad23befe7c1a36c999860af0af69e726f1c8e423/pathlib.py, buck.buckd_launch_time_nanos=225514068315519, java.vm.specification.name=Java Virtual Machine Specification, java.vm.specification.version=1.8, sun.cpu.endian=little, sun.os.patch.level=unknown, java.awt.headless=true, java.io.tmpdir=/Users/stevenlee/Downloads/BuckTest 3/.buckd/tmp/buck_run.lvxJYs, buck.android_agent_path=/Users/stevenlee/Downloads/BuckTest 3/.buckd/resources/ad23befe7c1a36c999860af0af69e726f1c8e423/android_agent_path, java.vendor.url.bug=http://bugreport.sun.com/bugreport/, buck.path_to_python_dsl=, jna.platform.library.path=/usr/lib:/usr/lib, os.arch=x86_64, java.awt.graphicsenv=sun.awt.CGraphicsEnvironment, java.ext.dirs=/Users/stevenlee/Library/Java/Extensions:/Library/Java/JavaVirtualMachines/jdk1.8.0_201.jdk/Contents/Home/jre/lib/ext:/Library/Java/Extensions:/Network/Library/Java/Extensions:/System/Library/Java/Extensions:/usr/lib/java, java.util.logging.config.class=com.facebook.buck.cli.bootstrapper.LogConfig, buck.path_to_six_py=/Users/stevenlee/Downloads/BuckTest 3/.buckd/resources/ad23befe7c1a36c999860af0af69e726f1c8e423/six.py, user.dir=/Users/stevenlee/Downloads/BuckTest 3, java.nio.file.spi.DefaultFileSystemProvider=com.facebook.buck.cli.bootstrapper.filesystem.BuckFileSystemProvider, line.separator=
, java.vm.name=Java HotSpot(TM) 64-Bit Server VM, buck.path_to_typing=/Users/stevenlee/Downloads/BuckTest 3/.buckd/resources/ad23befe7c1a36c999860af0af69e726f1c8e423/path_to_typing, buck.native_exopackage_fake_path=/Users/stevenlee/Downloads/BuckTest 3/.buckd/resources/ad23befe7c1a36c999860af0af69e726f1c8e423/native_exopackage_fake_path, file.encoding=UTF-8, java.specification.version=1.8}
[2019-04-22 10:52:27.890][debug][command:null][tid:14][com.facebook.buck.util.config.Configs] Loading configuration for /Users/stevenlee/Downloads/BuckTest 3
[2019-04-22 10:52:27.891][debug][command:null][tid:14][com.facebook.buck.util.config.Configs] Loaded project configuration file /Users/stevenlee/Downloads/BuckTest 3/.buckconfig
[2019-04-22 10:52:27.891][debug][command:null][tid:14][com.facebook.buck.util.config.Configs] Adding configuration overrides RawConfig{values={}}
[2019-04-22 10:52:27.892][info ][command:null][tid:14][com.facebook.buck.io.watchman.WatchmanFactory] Creating for: [/Users/stevenlee/Downloads/BuckTest 3]
[2019-04-22 10:52:27.893][debug][command:null][tid:14][com.facebook.buck.io.ExecutableFinder] Executable 'watchman' mapped to 'Optional[/usr/local/bin/watchman]'
[2019-04-22 10:52:27.893][debug][command:null][tid:14][com.facebook.buck.util.ListeningProcessExecutor] Launching process with params ProcessExecutorParams{command=[/usr/local/bin/watchman, --output-encoding=bser, get-sockname]}
[2019-04-22 10:52:27.894][debug][command:null][tid:14][com.facebook.buck.util.ListeningProcessExecutor] Successfully launched process com.zaxxer.nuprocess.osx.OsxProcess@68a42f25
[2019-04-22 10:52:27.894][debug][command:null][tid:14][com.facebook.buck.util.ListeningProcessExecutor] Waiting for process com.facebook.buck.util.ListeningProcessExecutor$LaunchedProcessImpl@76466db9 timeout 1000000000 NANOSECONDS
[2019-04-22 10:52:27.911][debug][command:null][tid:14][com.facebook.buck.util.ListeningProcessExecutor] Wait for process returned 0
[2019-04-22 10:52:27.911][debug][command:null][tid:14][com.facebook.buck.io.watchman.WatchmanFactory] Waited 17 ms for Watchman command get-sockname, exit code 0
[2019-04-22 10:52:27.911][debug][command:null][tid:14][com.facebook.buck.io.watchman.WatchmanFactory] stdout of command: {sockname=/usr/local/var/run/watchman/stevenlee-state/sock, version=4.9.0}
[2019-04-22 10:52:27.911][info ][command:null][tid:14][com.facebook.buck.io.watchman.WatchmanFactory] Connecting to Watchman version 4.9.0 at /usr/local/var/run/watchman/stevenlee-state/sock
[2019-04-22 10:52:27.912][debug][command:null][tid:14][com.facebook.buck.io.watchman.WatchmanTransportClient] Query [version, {required=[cmd-watch-project], optional=[term-dirname, cmd-watch-project, wildmatch, wildmatch_multislash, glob_generator, clock-sync-timeout]}] returned in 0 ms
[2019-04-22 10:52:27.912][info ][command:null][tid:14][com.facebook.buck.io.watchman.WatchmanFactory] Took 0 ms to query capabilities {term-dirname=DIRNAME, cmd-watch-project=SUPPORTS_PROJECT_WATCH, wildmatch=WILDMATCH_GLOB, wildmatch_multislash=WILDMATCH_MULTISLASH, glob_generator=GLOB_GENERATOR, clock-sync-timeout=CLOCK_SYNC_TIMEOUT}
[2019-04-22 10:52:27.912][debug][command:null][tid:14][com.facebook.buck.io.watchman.WatchmanFactory] Got capabilities response: {clock-sync-timeout=true, glob_generator=true, wildmatch_multislash=false, cmd-watch-project=true, wildmatch=true, term-dirname=true}
[2019-04-22 10:52:27.912][debug][command:null][tid:14][com.facebook.buck.io.watchman.WatchmanFactory] Got Watchman capabilities: [CLOCK_SYNC_TIMEOUT, GLOB_GENERATOR, SUPPORTS_PROJECT_WATCH, WILDMATCH_GLOB, DIRNAME]
[2019-04-22 10:52:27.912][info ][command:null][tid:14][com.facebook.buck.io.watchman.WatchmanFactory] Adding watchman root: /Users/stevenlee/Downloads/BuckTest 3
[2019-04-22 10:52:27.913][debug][command:null][tid:14][com.facebook.buck.io.watchman.WatchmanTransportClient] Query [watch-project, /Users/stevenlee/Downloads/BuckTest 3] returned in 0 ms
[2019-04-22 10:52:27.913][debug][command:null][tid:14][com.facebook.buck.io.watchman.WatchmanTransportClient] Query [watch-project, /Users/stevenlee/Downloads/BuckTest 3] returned in 0 ms
[2019-04-22 10:52:27.913][info ][command:null][tid:14][com.facebook.buck.io.watchman.WatchmanFactory] Took 0 ms to add root /Users/stevenlee/Downloads/BuckTest 3
[2019-04-22 10:52:27.919][debug][command:null][tid:14][com.facebook.buck.io.watchman.WatchmanTransportClient] Query [clock, /Users/stevenlee/Downloads/BuckTest 3, {sync_timeout=100}] returned in 5 ms
[2019-04-22 10:52:27.919][info ][command:null][tid:14][com.facebook.buck.io.watchman.WatchmanFactory] Took 5 ms to query for initial clock id Optional[c:1555333328:392:1:5639]
[2019-04-22 10:52:27.919][debug][command:null][tid:14][com.facebook.buck.io.watchman.WatchmanFactory] Connected to Watchman
[2019-04-22 10:52:27.919][debug][command:null][tid:14][com.facebook.buck.io.watchman.WatchmanTransportClient] Closing Watchman transport.
[2019-04-22 10:52:27.919][debug][command:null][tid:14][com.facebook.buck.cli.Main] Watchman capabilities: [CLOCK_SYNC_TIMEOUT, GLOB_GENERATOR, SUPPORTS_PROJECT_WATCH, WILDMATCH_GLOB, DIRNAME] Project watches: {/Users/stevenlee/Downloads/BuckTest 3=ProjectWatch{watchRoot=/Users/stevenlee/Downloads/BuckTest 3}} Glob handler config: PYTHON Query timeout ms config: Optional.empty
[2019-04-22 10:52:27.934][debug][command:null][tid:14][com.facebook.buck.apple.toolchain.impl.AppleToolchainDiscovery] Searching for Xcode toolchains under /Users/stevenlee/Downloads/Xcode.app/Contents/Developer/Toolchains
[2019-04-22 10:52:27.934][debug][command:null][tid:14][com.facebook.buck.apple.toolchain.impl.AppleToolchainDiscovery] Searching for Xcode toolchains in /Users/stevenlee/Downloads/Xcode.app/Contents/Developer/Toolchains
[2019-04-22 10:52:27.935][debug][command:null][tid:14][com.facebook.buck.apple.toolchain.impl.AppleToolchainDiscovery] Getting identifier for for Xcode toolchain under /Users/stevenlee/Downloads/Xcode.app/Contents/Developer/Toolchains/XcodeDefault.xctoolchain
[2019-04-22 10:52:27.935][debug][command:null][tid:14][com.facebook.buck.apple.toolchain.impl.AppleToolchainDiscovery] Mapped SDK identifier com.apple.dt.toolchain.XcodeDefault to path /Users/stevenlee/Downloads/Xcode.app/Contents/Developer/Toolchains/XcodeDefault.xctoolchain
[2019-04-22 10:52:27.935][debug][command:null][tid:14][com.facebook.buck.apple.toolchain.impl.AppleSdkDiscovery] Searching for Xcode platforms under /Users/stevenlee/Downloads/Xcode.app/Contents/Developer/Platforms
[2019-04-22 10:52:27.935][debug][command:null][tid:14][com.facebook.buck.apple.toolchain.impl.AppleSdkDiscovery] Searching for Xcode SDKs in /Users/stevenlee/Downloads/Xcode.app/Contents/Developer/Platforms
[2019-04-22 10:52:27.935][debug][command:null][tid:14][com.facebook.buck.apple.toolchain.impl.AppleSdkDiscovery] Fetching SDK name for /Users/stevenlee/Downloads/Xcode.app/Contents/Developer/Platforms/AppleTVOS.platform/Developer/SDKs/AppleTVOS12.1.sdk
[2019-04-22 10:52:27.935][debug][command:null][tid:14][com.facebook.buck.apple.toolchain.impl.AppleSdkDiscovery] Found SDK AppleSdk{name=appletvos12.1, version=12.1, applePlatform=ApplePlatform{name=appletvos, provisioningProfileName=tvOS, architectures=[arm64], minVersionFlagPrefix=-mtvos-version-min=, appIncludesFrameworks=false}, architectures=[arm64], toolchains=[AppleToolchain{identifier=com.apple.dt.toolchain.XcodeDefault, path=/Users/stevenlee/Downloads/Xcode.app/Contents/Developer/Toolchains/XcodeDefault.xctoolchain}]}
[2019-04-22 10:52:27.936][debug][command:null][tid:14][com.facebook.buck.apple.toolchain.impl.AppleSdkDiscovery] Fetching SDK name for /Users/stevenlee/Downloads/Xcode.app/Contents/Developer/Platforms/AppleTVOS.platform/Developer/SDKs/AppleTVOS.sdk
[2019-04-22 10:52:27.936][debug][command:null][tid:14][com.facebook.buck.apple.toolchain.impl.AppleSdkDiscovery] Skipping already scanned SDK directory /Users/stevenlee/Downloads/Xcode.app/Contents/Developer/Platforms/AppleTVOS.platform/Developer/SDKs/AppleTVOS.sdk
[2019-04-22 10:52:27.936][debug][command:null][tid:14][com.facebook.buck.apple.toolchain.impl.AppleSdkDiscovery] Fetching SDK name for /Users/stevenlee/Downloads/Xcode.app/Contents/Developer/Platforms/iPhoneOS.platform/Developer/SDKs/iPhoneOS.sdk
[2019-04-22 10:52:27.937][debug][command:null][tid:14][com.facebook.buck.apple.toolchain.impl.AppleSdkDiscovery] Found SDK AppleSdk{name=iphoneos12.1, version=12.1, applePlatform=ApplePlatform{name=iphoneos, swiftName=ios, provisioningProfileName=iOS, architectures=[armv7, arm64], minVersionFlagPrefix=-mios-version-min=, stubBinaryPath=Library/Application Support/WatchKit/WK, appIncludesFrameworks=false}, architectures=[armv7, arm64], toolchains=[AppleToolchain{identifier=com.apple.dt.toolchain.XcodeDefault, path=/Users/stevenlee/Downloads/Xcode.app/Contents/Developer/Toolchains/XcodeDefault.xctoolchain}]}
[2019-04-22 10:52:27.937][debug][command:null][tid:14][com.facebook.buck.apple.toolchain.impl.AppleSdkDiscovery] Fetching SDK name for /Users/stevenlee/Downloads/Xcode.app/Contents/Developer/Platforms/iPhoneOS.platform/Developer/SDKs/iPhoneOS12.1.sdk
[2019-04-22 10:52:27.937][debug][command:null][tid:14][com.facebook.buck.apple.toolchain.impl.AppleSdkDiscovery] Skipping already scanned SDK directory /Users/stevenlee/Downloads/Xcode.app/Contents/Developer/Platforms/iPhoneOS.platform/Developer/SDKs/iPhoneOS.sdk
[2019-04-22 10:52:27.938][debug][command:null][tid:14][com.facebook.buck.apple.toolchain.impl.AppleSdkDiscovery] Fetching SDK name for /Users/stevenlee/Downloads/Xcode.app/Contents/Developer/Platforms/WatchOS.platform/Developer/SDKs/WatchOS.sdk
[2019-04-22 10:52:27.938][debug][command:null][tid:14][com.facebook.buck.apple.toolchain.impl.AppleSdkDiscovery] Found SDK AppleSdk{name=watchos5.1, version=5.1, applePlatform=ApplePlatform{name=watchos, provisioningProfileName=iOS, architectures=[armv7k, arm64_32], minVersionFlagPrefix=-mwatchos-version-min=, stubBinaryPath=Library/Application Support/WatchKit/WK, appIncludesFrameworks=false}, architectures=[armv7k, arm64_32], toolchains=[AppleToolchain{identifier=com.apple.dt.toolchain.XcodeDefault, path=/Users/stevenlee/Downloads/Xcode.app/Contents/Developer/Toolchains/XcodeDefault.xctoolchain}]}
[2019-04-22 10:52:27.939][debug][command:null][tid:14][com.facebook.buck.apple.toolchain.impl.AppleSdkDiscovery] Fetching SDK name for /Users/stevenlee/Downloads/Xcode.app/Contents/Developer/Platforms/WatchOS.platform/Developer/SDKs/WatchOS5.1.sdk
[2019-04-22 10:52:27.939][debug][command:null][tid:14][com.facebook.buck.apple.toolchain.impl.AppleSdkDiscovery] Skipping already scanned SDK directory /Users/stevenlee/Downloads/Xcode.app/Contents/Developer/Platforms/WatchOS.platform/Developer/SDKs/WatchOS.sdk
[2019-04-22 10:52:27.939][debug][command:null][tid:14][com.facebook.buck.apple.toolchain.impl.AppleSdkDiscovery] Fetching SDK name for /Users/stevenlee/Downloads/Xcode.app/Contents/Developer/Platforms/MacOSX.platform/Developer/SDKs/MacOSX10.14.sdk
[2019-04-22 10:52:27.940][debug][command:null][tid:14][com.facebook.buck.apple.toolchain.impl.AppleSdkDiscovery] Found SDK AppleSdk{name=macosx10.14, version=10.14, applePlatform=ApplePlatform{name=macosx, architectures=[i386, x86_64], minVersionFlagPrefix=-mmacosx-version-min=, appIncludesFrameworks=true}, architectures=[i386, x86_64], toolchains=[AppleToolchain{identifier=com.apple.dt.toolchain.XcodeDefault, path=/Users/stevenlee/Downloads/Xcode.app/Contents/Developer/Toolchains/XcodeDefault.xctoolchain}]}
[2019-04-22 10:52:27.940][debug][command:null][tid:14][com.facebook.buck.apple.toolchain.impl.AppleSdkDiscovery] Fetching SDK name for /Users/stevenlee/Downloads/Xcode.app/Contents/Developer/Platforms/MacOSX.platform/Developer/SDKs/MacOSX.sdk
[2019-04-22 10:52:27.940][debug][command:null][tid:14][com.facebook.buck.apple.toolchain.impl.AppleSdkDiscovery] Skipping already scanned SDK directory /Users/stevenlee/Downloads/Xcode.app/Contents/Developer/Platforms/MacOSX.platform/Developer/SDKs/MacOSX.sdk
[2019-04-22 10:52:27.940][debug][command:null][tid:14][com.facebook.buck.apple.toolchain.impl.AppleSdkDiscovery] Fetching SDK name for /Users/stevenlee/Downloads/Xcode.app/Contents/Developer/Platforms/WatchSimulator.platform/Developer/SDKs/WatchSimulator.sdk
[2019-04-22 10:52:27.941][debug][command:null][tid:14][com.facebook.buck.apple.toolchain.impl.AppleSdkDiscovery] Found SDK AppleSdk{name=watchsimulator5.1, version=5.1, applePlatform=ApplePlatform{name=watchsimulator, architectures=[i386, x86_64], minVersionFlagPrefix=-mwatchos-simulator-version-min=, stubBinaryPath=Library/Application Support/WatchKit/WK, appIncludesFrameworks=false}, architectures=[i386, x86_64], toolchains=[AppleToolchain{identifier=com.apple.dt.toolchain.XcodeDefault, path=/Users/stevenlee/Downloads/Xcode.app/Contents/Developer/Toolchains/XcodeDefault.xctoolchain}]}
[2019-04-22 10:52:27.941][debug][command:null][tid:14][com.facebook.buck.apple.toolchain.impl.AppleSdkDiscovery] Fetching SDK name for /Users/stevenlee/Downloads/Xcode.app/Contents/Developer/Platforms/WatchSimulator.platform/Developer/SDKs/WatchSimulator5.1.sdk
[2019-04-22 10:52:27.941][debug][command:null][tid:14][com.facebook.buck.apple.toolchain.impl.AppleSdkDiscovery] Skipping already scanned SDK directory /Users/stevenlee/Downloads/Xcode.app/Contents/Developer/Platforms/WatchSimulator.platform/Developer/SDKs/WatchSimulator.sdk
[2019-04-22 10:52:27.941][debug][command:null][tid:14][com.facebook.buck.apple.toolchain.impl.AppleSdkDiscovery] Fetching SDK name for /Users/stevenlee/Downloads/Xcode.app/Contents/Developer/Platforms/AppleTVSimulator.platform/Developer/SDKs/AppleTVSimulator.sdk
[2019-04-22 10:52:27.941][debug][command:null][tid:14][com.facebook.buck.apple.toolchain.impl.AppleSdkDiscovery] Found SDK AppleSdk{name=appletvsimulator12.1, version=12.1, applePlatform=ApplePlatform{name=appletvsimulator, swiftName=tvos, architectures=[x86_64], minVersionFlagPrefix=-mtvos-simulator-version-min=, appIncludesFrameworks=false}, architectures=[x86_64], toolchains=[AppleToolchain{identifier=com.apple.dt.toolchain.XcodeDefault, path=/Users/stevenlee/Downloads/Xcode.app/Contents/Developer/Toolchains/XcodeDefault.xctoolchain}]}
[2019-04-22 10:52:27.942][debug][command:null][tid:14][com.facebook.buck.apple.toolchain.impl.AppleSdkDiscovery] Fetching SDK name for /Users/stevenlee/Downloads/Xcode.app/Contents/Developer/Platforms/AppleTVSimulator.platform/Developer/SDKs/AppleTVSimulator12.1.sdk
[2019-04-22 10:52:27.942][debug][command:null][tid:14][com.facebook.buck.apple.toolchain.impl.AppleSdkDiscovery] Skipping already scanned SDK directory /Users/stevenlee/Downloads/Xcode.app/Contents/Developer/Platforms/AppleTVSimulator.platform/Developer/SDKs/AppleTVSimulator.sdk
[2019-04-22 10:52:27.942][debug][command:null][tid:14][com.facebook.buck.apple.toolchain.impl.AppleSdkDiscovery] Fetching SDK name for /Users/stevenlee/Downloads/Xcode.app/Contents/Developer/Platforms/iPhoneSimulator.platform/Developer/SDKs/iPhoneSimulator.sdk
[2019-04-22 10:52:27.942][debug][command:null][tid:14][com.facebook.buck.apple.toolchain.impl.AppleSdkDiscovery] Found SDK AppleSdk{name=iphonesimulator12.1, version=12.1, applePlatform=ApplePlatform{name=iphonesimulator, swiftName=ios, architectures=[i386, x86_64], minVersionFlagPrefix=-mios-simulator-version-min=, stubBinaryPath=Library/Application Support/WatchKit/WK, appIncludesFrameworks=false}, architectures=[i386, x86_64], toolchains=[AppleToolchain{identifier=com.apple.dt.toolchain.XcodeDefault, path=/Users/stevenlee/Downloads/Xcode.app/Contents/Developer/Toolchains/XcodeDefault.xctoolchain}]}
[2019-04-22 10:52:27.942][debug][command:null][tid:14][com.facebook.buck.apple.toolchain.impl.AppleSdkDiscovery] Fetching SDK name for /Users/stevenlee/Downloads/Xcode.app/Contents/Developer/Platforms/iPhoneSimulator.platform/Developer/SDKs/iPhoneSimulator12.1.sdk
[2019-04-22 10:52:27.942][debug][command:null][tid:14][com.facebook.buck.apple.toolchain.impl.AppleSdkDiscovery] Skipping already scanned SDK directory /Users/stevenlee/Downloads/Xcode.app/Contents/Developer/Platforms/iPhoneSimulator.platform/Developer/SDKs/iPhoneSimulator.sdk
[2019-04-22 10:52:27.943][warn ][command:null][tid:14][com.facebook.buck.core.toolchain.impl.DefaultToolchainProvider] Cannot create a toolchain: android-ndk-location. Cause: Android NDK could not be found. Make sure to set one of these  environment variables: ANDROID_NDK_REPOSITORY, ANDROID_NDK, or NDK_HOME or ndk.ndk_path or ndk.ndk_repository_path in your .buckconfig
[2019-04-22 10:52:27.945][debug][command:f75c90d5-f03c-464d-b5a7-59c521031ea6][tid:14][com.facebook.buck.event.listener.RenderingConsole] Starting render scheduler (interval 100 ms)
[2019-04-22 10:52:27.945][debug][command:f75c90d5-f03c-464d-b5a7-59c521031ea6][tid:14][com.google.common.util.concurrent.ServiceManager] Starting PerfStatsTracking [STARTING].
[2019-04-22 10:52:27.946][debug][command:null][tid:406][com.google.common.util.concurrent.ServiceManager] Started PerfStatsTracking [RUNNING] in 759.5 Î¼s.
[2019-04-22 10:52:27.947][debug][command:null][tid:407][com.facebook.buck.util.perf.ProcessTracker] startUp
[2019-04-22 10:52:27.947][debug][command:f75c90d5-f03c-464d-b5a7-59c521031ea6][tid:14][com.google.common.util.concurrent.ServiceManager] Starting ProcessTracker [STARTING].
[2019-04-22 10:52:27.947][debug][command:f75c90d5-f03c-464d-b5a7-59c521031ea6][tid:14][com.facebook.buck.util.environment.MacWifiSsidFinder] Getting current SSID..
[2019-04-22 10:52:27.948][debug][command:null][tid:407][com.google.common.util.concurrent.ServiceManager] Started ProcessTracker [RUNNING] in 2.110 ms.
[2019-04-22 10:52:27.948][debug][command:f75c90d5-f03c-464d-b5a7-59c521031ea6][tid:14][com.facebook.buck.util.environment.MacWifiSsidFinder] Getting SSID from Wi-Fi interface: <CWInterface: 0x7fa39780d780> [interfaceName=en0]
[2019-04-22 10:52:27.949][debug][command:f75c90d5-f03c-464d-b5a7-59c521031ea6][tid:14][com.facebook.buck.util.environment.MacWifiSsidFinder] No SSID found for interface <CWInterface: 0x7fa39780d780> [interfaceName=en0].
[2019-04-22 10:52:27.949][debug][command:f75c90d5-f03c-464d-b5a7-59c521031ea6][tid:14][com.facebook.buck.cli.Main] InvocationInfo BuildId=[f75c90d5-f03c-464d-b5a7-59c521031ea6] Args=[build, //BuckTest:BuckTest]
[2019-04-22 10:52:27.951][warn ][command:null][tid:410][com.facebook.buck.event.listener.PublicAnnouncementManager] Failed to get public announcements. Reason: Failed to establish connection to server.
[2019-04-22 10:52:27.951][debug][command:null][tid:411][com.facebook.buck.util.environment.MacNetworkConfiguration] Determine network service order and extract device names
[2019-04-22 10:52:27.951][debug][command:null][tid:411][com.facebook.buck.util.ListeningProcessExecutor] Launching process with params ProcessExecutorParams{command=[networksetup, -listnetworkserviceorder, ]}
[2019-04-22 10:52:27.958][debug][command:null][tid:411][com.facebook.buck.util.ListeningProcessExecutor] Successfully launched process com.zaxxer.nuprocess.osx.OsxProcess@7ae90373
[2019-04-22 10:52:27.958][debug][command:null][tid:411][com.facebook.buck.util.ListeningProcessExecutor] Waiting for process com.facebook.buck.util.ListeningProcessExecutor$LaunchedProcessImpl@50dca295 timeout 1000 MILLISECONDS
[2019-04-22 10:52:27.965][debug][command:null][tid:414][com.facebook.buck.io.watchman.WatchmanTransportClient] Query [query, /Users/stevenlee/Downloads/BuckTest 3, {since=c:1555333328:392:1:5620, expression=[not, [anyof, [type, d], [dirname, .idea], [dirname, .buckd], [dirname, buck-out/cache], [dirname, tools], [dirname, .git], [dirname, buck-out/.trash], [dirname, buck-out], [match, [build], wholename, {includedotfiles=true}], [match, **/*.pbxproj, wholename, {includedotfiles=true}], [match, **/*.xcscheme, wholename, {includedotfiles=true}], [match, **/*.xcworkspacedata, wholename, {includedotfiles=true}], [match, **/*~, wholename, {includedotfiles=true}], [match, **/#*#, wholename, {includedotfiles=true}], [match, **/.#*, wholename, {includedotfiles=true}], [match, **/*.swo, wholename, {includedotfiles=true}], [match, **/*.swp, wholename, {includedotfiles=true}], [match, **/*.swpx, wholename, {includedotfiles=true}], [match, **/*.un~, wholename, {includedotfiles=true}], [match, **/*.netrhwist, wholename, {includedotfiles=true}], [match, .idea, wholename, {includedotfiles=true}], [match, .iml, wholename, {includedotfiles=true}], [match, **/*.pydevproject, wholename, {includedotfiles=true}], [match, .project, wholename, {includedotfiles=true}], [match, .metadata, wholename, {includedotfiles=true}], [match, **/*.tmp, wholename, {includedotfiles=true}], [match, **/*.bak, wholename, {includedotfiles=true}], [match, **/*.nib, wholename, {includedotfiles=true}], [match, .classpath, wholename, {includedotfiles=true}], [match, .settings, wholename, {includedotfiles=true}], [match, .loadpath, wholename, {includedotfiles=true}], [match, .externalToolBuilders, wholename, {includedotfiles=true}], [match, .cproject, wholename, {includedotfiles=true}], [match, .buildpath, wholename, {includedotfiles=true}], [match, .DS_Store, wholename, {includedotfiles=true}], [match, .AppleDouble, wholename, {includedotfiles=true}], [match, .LSOverride, wholename, {includedotfiles=true}], [match, .Spotlight-V100, wholename, {includedotfiles=true}], [match, .Trashes, wholename, {includedotfiles=true}], [match, $RECYCLE.BIN, wholename, {includedotfiles=true}], [match, **/*.sublime-workspace, wholename, {includedotfiles=true}]]], empty_on_fresh_instance=true, fields=[name, exists, new]}] returned in 11 ms
[2019-04-22 10:52:27.966][debug][command:null][tid:414][com.facebook.buck.io.watchman.WatchmanWatcher] Updating Watchman Cursor from c:1555333328:392:1:5620 to c:1555333328:392:1:5642
[2019-04-22 10:52:27.966][warn ][command:null][tid:414][com.facebook.buck.io.watchman.WatchmanWatcher] Posting WatchEvent: WatchmanPathEvent{cellPath=/Users/stevenlee/Downloads/BuckTest 3, kind=MODIFY, path=BuckTest/BUCK}
[2019-04-22 10:52:27.966][debug][command:null][tid:414][com.facebook.buck.parser.DaemonicCellState] Invalidating target for path /Users/stevenlee/Downloads/BuckTest 3/BuckTest/BUCK: //BuckTest:AppAsset
[2019-04-22 10:52:27.967][debug][command:null][tid:414][com.facebook.buck.parser.DaemonicCellState] Invalidating target for path /Users/stevenlee/Downloads/BuckTest 3/BuckTest/BUCK: //BuckTest:AppLibrary
[2019-04-22 10:52:27.967][debug][command:null][tid:414][com.facebook.buck.parser.DaemonicCellState] Invalidating target for path /Users/stevenlee/Downloads/BuckTest 3/BuckTest/BUCK: //BuckTest:AppTest
[2019-04-22 10:52:27.967][debug][command:null][tid:414][com.facebook.buck.parser.DaemonicCellState] Invalidating target for path /Users/stevenlee/Downloads/BuckTest 3/BuckTest/BUCK: //BuckTest:PalmerahAppPackage
[2019-04-22 10:52:27.967][debug][command:null][tid:414][com.facebook.buck.parser.DaemonicCellState] Invalidating target for path /Users/stevenlee/Downloads/BuckTest 3/BuckTest/BUCK: //BuckTest:AppBinary
[2019-04-22 10:52:27.967][debug][command:null][tid:414][com.facebook.buck.parser.DaemonicCellState] Invalidating target for path /Users/stevenlee/Downloads/BuckTest 3/BuckTest/BUCK: //BuckTest:BuckTest
[2019-04-22 10:52:27.967][debug][command:null][tid:414][com.facebook.buck.parser.DaemonicCellState] Invalidating target for path /Users/stevenlee/Downloads/BuckTest 3/BuckTest/BUCK: //BuckTest:AppResources
[2019-04-22 10:52:27.967][warn ][command:null][tid:414][com.facebook.buck.io.watchman.WatchmanWatcher] Posting WatchEvent: WatchmanPathEvent{cellPath=/Users/stevenlee/Downloads/BuckTest 3, kind=DELETE, path=BuckTest.xcworkspace/xcuserdata/stevenlee.xcuserdatad/.dat.nosync397b.8Kdukq}
[2019-04-22 10:52:27.968][debug][command:null][tid:414][com.facebook.buck.parser.DaemonicParserState] /Users/stevenlee/Downloads/BuckTest 3/BuckTest.xcworkspace/xcuserdata/stevenlee.xcuserdatad/.dat.nosync397b.8Kdukq is not owned by any build file.  Not invalidating anything.
[2019-04-22 10:52:27.968][warn ][command:null][tid:414][com.facebook.buck.io.watchman.WatchmanWatcher] Posting WatchEvent: WatchmanPathEvent{cellPath=/Users/stevenlee/Downloads/BuckTest 3, kind=MODIFY, path=BuckTest.xcworkspace/xcuserdata/stevenlee.xcuserdatad/UserInterfaceState.xcuserstate}
[2019-04-22 10:52:27.968][debug][command:f75c90d5-f03c-464d-b5a7-59c521031ea6][tid:412][com.facebook.buck.event.listener.SuperConsoleEventBusListener] Watchman notified about file deletion: WatchmanPathEvent{cellPath=/Users/stevenlee/Downloads/BuckTest 3, kind=DELETE, path=BuckTest.xcworkspace/xcuserdata/stevenlee.xcuserdatad/.dat.nosync397b.8Kdukq}
[2019-04-22 10:52:27.968][warn ][command:null][tid:414][com.facebook.buck.io.watchman.WatchmanWatcher] Posting WatchEvent: WatchmanPathEvent{cellPath=/Users/stevenlee/Downloads/BuckTest 3, kind=MODIFY, path=BuckTest/ViewController.swift}
[2019-04-22 10:52:27.968][warn ][command:null][tid:414][com.facebook.buck.io.watchman.WatchmanWatcher] Posting WatchEvent: WatchmanPathEvent{cellPath=/Users/stevenlee/Downloads/BuckTest 3, kind=DELETE, path=BuckTest.xcworkspace/xcuserdata/stevenlee.xcuserdatad/.dat.nosync397b.odyGSl}
[2019-04-22 10:52:27.968][debug][command:null][tid:414][com.facebook.buck.parser.DaemonicParserState] /Users/stevenlee/Downloads/BuckTest 3/BuckTest.xcworkspace/xcuserdata/stevenlee.xcuserdatad/.dat.nosync397b.odyGSl is not owned by any build file.  Not invalidating anything.
[2019-04-22 10:52:27.968][debug][command:null][tid:414][com.facebook.buck.io.watchman.WatchmanWatcher] Posted 5 Watchman events.
[2019-04-22 10:52:27.968][debug][command:f75c90d5-f03c-464d-b5a7-59c521031ea6][tid:412][com.facebook.buck.event.listener.SuperConsoleEventBusListener] Watchman notified about file deletion: WatchmanPathEvent{cellPath=/Users/stevenlee/Downloads/BuckTest 3, kind=DELETE, path=BuckTest.xcworkspace/xcuserdata/stevenlee.xcuserdatad/.dat.nosync397b.odyGSl}
[2019-04-22 10:52:27.968][debug][command:null][tid:414][com.facebook.buck.io.watchman.WatchmanTransportClient] Closing Watchman transport.
[2019-04-22 10:52:27.970][info ][command:f75c90d5-f03c-464d-b5a7-59c521031ea6][tid:412][com.facebook.buck.event.listener.LoggingBuildListener] Build started at 2019-04-22 10:52:27.970
[2019-04-22 10:52:27.972][debug][command:f75c90d5-f03c-464d-b5a7-59c521031ea6][tid:418][com.facebook.buck.io.ExecutableFinder] Executable 'python2' mapped to 'Optional[/usr/local/bin/python2]'
[2019-04-22 10:52:27.984][warn ][command:f75c90d5-f03c-464d-b5a7-59c521031ea6][tid:421][com.facebook.buck.core.toolchain.impl.DefaultToolchainProvider] Cannot create a toolchain: ndk-cxx-platforms. Cause: Android NDK could not be found. Make sure to set one of these  environment variables: ANDROID_NDK_REPOSITORY, ANDROID_NDK, or NDK_HOME or ndk.ndk_path or ndk.ndk_repository_path in your .buckconfig
[2019-04-22 10:52:27.984][debug][command:f75c90d5-f03c-464d-b5a7-59c521031ea6][tid:421][com.facebook.buck.apple.toolchain.impl.AppleCxxPlatforms] SDK AppleSdk{name=appletvos12.1, version=12.1, applePlatform=ApplePlatform{name=appletvos, provisioningProfileName=tvOS, architectures=[arm64], minVersionFlagPrefix=-mtvos-version-min=, appIncludesFrameworks=false}, architectures=[arm64], toolchains=[AppleToolchain{identifier=com.apple.dt.toolchain.XcodeDefault, path=/Users/stevenlee/Downloads/Xcode.app/Contents/Developer/Toolchains/XcodeDefault.xctoolchain}]} using default version 12.1
[2019-04-22 10:52:27.986][debug][command:f75c90d5-f03c-464d-b5a7-59c521031ea6][tid:421][com.facebook.buck.apple.toolchain.impl.AppleCxxPlatforms] Xcode build version is: 10B61
[2019-04-22 10:52:27.995][debug][command:f75c90d5-f03c-464d-b5a7-59c521031ea6][tid:421][com.facebook.buck.apple.toolchain.impl.AppleCxxPlatforms] Apple toolchain path: /Users/stevenlee/Downloads/Xcode.app/Contents/Developer/Toolchains/XcodeDefault.xctoolchain
[2019-04-22 10:52:27.995][debug][command:f75c90d5-f03c-464d-b5a7-59c521031ea6][tid:421][com.facebook.buck.apple.toolchain.impl.AppleCxxPlatforms] Headers verification platform whitelist: [^\Q/Users/stevenlee/Downloads/Xcode.app/Contents/Developer/Platforms/AppleTVOS.platform/Developer/Library/Frameworks\E\/.*, ^\Q/Users/stevenlee/Downloads/Xcode.app/Contents/Developer/Platforms/AppleTVOS.platform/Developer/SDKs/AppleTVOS.sdk\E\/.*, ^\Q/Users/stevenlee/Downloads/Xcode.app/Contents/Developer/Toolchains/XcodeDefault.xctoolchain\E\/.*]
[2019-04-22 10:52:27.996][debug][command:f75c90d5-f03c-464d-b5a7-59c521031ea6][tid:421][com.facebook.buck.apple.toolchain.impl.AppleCxxPlatforms] SDK AppleSdk{name=iphoneos12.1, version=12.1, applePlatform=ApplePlatform{name=iphoneos, swiftName=ios, provisioningProfileName=iOS, architectures=[armv7, arm64], minVersionFlagPrefix=-mios-version-min=, stubBinaryPath=Library/Application Support/WatchKit/WK, appIncludesFrameworks=false}, architectures=[armv7, arm64], toolchains=[AppleToolchain{identifier=com.apple.dt.toolchain.XcodeDefault, path=/Users/stevenlee/Downloads/Xcode.app/Contents/Developer/Toolchains/XcodeDefault.xctoolchain}]} using default version 11.0
[2019-04-22 10:52:27.997][debug][command:f75c90d5-f03c-464d-b5a7-59c521031ea6][tid:421][com.facebook.buck.apple.toolchain.impl.AppleCxxPlatforms] Xcode build version is: 10B61
[2019-04-22 10:52:27.999][debug][command:f75c90d5-f03c-464d-b5a7-59c521031ea6][tid:421][com.facebook.buck.apple.toolchain.impl.AppleCxxPlatforms] Apple toolchain path: /Users/stevenlee/Downloads/Xcode.app/Contents/Developer/Toolchains/XcodeDefault.xctoolchain
[2019-04-22 10:52:28.000][debug][command:f75c90d5-f03c-464d-b5a7-59c521031ea6][tid:421][com.facebook.buck.apple.toolchain.impl.AppleCxxPlatforms] Headers verification platform whitelist: [^\Q/Users/stevenlee/Downloads/Xcode.app/Contents/Developer/Platforms/iPhoneOS.platform/Developer/Library/Frameworks\E\/.*, ^\Q/Users/stevenlee/Downloads/Xcode.app/Contents/Developer/Platforms/iPhoneOS.platform/Developer/SDKs/iPhoneOS.sdk\E\/.*, ^\Q/Users/stevenlee/Downloads/Xcode.app/Contents/Developer/Toolchains/XcodeDefault.xctoolchain\E\/.*]
[2019-04-22 10:52:28.001][debug][command:f75c90d5-f03c-464d-b5a7-59c521031ea6][tid:421][com.facebook.buck.apple.toolchain.impl.AppleCxxPlatforms] Xcode build version is: 10B61
[2019-04-22 10:52:28.003][debug][command:f75c90d5-f03c-464d-b5a7-59c521031ea6][tid:421][com.facebook.buck.apple.toolchain.impl.AppleCxxPlatforms] Apple toolchain path: /Users/stevenlee/Downloads/Xcode.app/Contents/Developer/Toolchains/XcodeDefault.xctoolchain
[2019-04-22 10:52:28.003][debug][command:f75c90d5-f03c-464d-b5a7-59c521031ea6][tid:421][com.facebook.buck.apple.toolchain.impl.AppleCxxPlatforms] Headers verification platform whitelist: [^\Q/Users/stevenlee/Downloads/Xcode.app/Contents/Developer/Platforms/iPhoneOS.platform/Developer/Library/Frameworks\E\/.*, ^\Q/Users/stevenlee/Downloads/Xcode.app/Contents/Developer/Platforms/iPhoneOS.platform/Developer/SDKs/iPhoneOS.sdk\E\/.*, ^\Q/Users/stevenlee/Downloads/Xcode.app/Contents/Developer/Toolchains/XcodeDefault.xctoolchain\E\/.*]
[2019-04-22 10:52:28.004][debug][command:f75c90d5-f03c-464d-b5a7-59c521031ea6][tid:421][com.facebook.buck.apple.toolchain.impl.AppleCxxPlatforms] SDK AppleSdk{name=watchos5.1, version=5.1, applePlatform=ApplePlatform{name=watchos, provisioningProfileName=iOS, architectures=[armv7k, arm64_32], minVersionFlagPrefix=-mwatchos-version-min=, stubBinaryPath=Library/Application Support/WatchKit/WK, appIncludesFrameworks=false}, architectures=[armv7k, arm64_32], toolchains=[AppleToolchain{identifier=com.apple.dt.toolchain.XcodeDefault, path=/Users/stevenlee/Downloads/Xcode.app/Contents/Developer/Toolchains/XcodeDefault.xctoolchain}]} using default version 5.1
[2019-04-22 10:52:28.008][debug][command:f75c90d5-f03c-464d-b5a7-59c521031ea6][tid:421][com.facebook.buck.apple.toolchain.impl.AppleCxxPlatforms] Xcode build version is: 10B61
[2019-04-22 10:52:28.008][debug][command:null][tid:411][com.facebook.buck.util.ListeningProcessExecutor] Wait for process returned 0
[2019-04-22 10:52:28.008][debug][command:null][tid:411][com.facebook.buck.util.ListeningProcessExecutor] Destroying process com.facebook.buck.util.ListeningProcessExecutor$LaunchedProcessImpl@50dca295 (force true)
[2019-04-22 10:52:28.008][debug][command:null][tid:411][com.facebook.buck.util.environment.MacNetworkConfiguration] Determine active state of media for device
[2019-04-22 10:52:28.009][debug][command:null][tid:411][com.facebook.buck.util.ListeningProcessExecutor] Launching process with params ProcessExecutorParams{command=[networksetup, -getMedia, en7]}
[2019-04-22 10:52:28.010][debug][command:f75c90d5-f03c-464d-b5a7-59c521031ea6][tid:421][com.facebook.buck.apple.toolchain.impl.AppleCxxPlatforms] Apple toolchain path: /Users/stevenlee/Downloads/Xcode.app/Contents/Developer/Toolchains/XcodeDefault.xctoolchain
[2019-04-22 10:52:28.010][debug][command:f75c90d5-f03c-464d-b5a7-59c521031ea6][tid:421][com.facebook.buck.apple.toolchain.impl.AppleCxxPlatforms] Headers verification platform whitelist: [^\Q/Users/stevenlee/Downloads/Xcode.app/Contents/Developer/Platforms/WatchOS.platform/Developer/Library/Frameworks\E\/.*, ^\Q/Users/stevenlee/Downloads/Xcode.app/Contents/Developer/Platforms/WatchOS.platform/Developer/SDKs/WatchOS.sdk\E\/.*, ^\Q/Users/stevenlee/Downloads/Xcode.app/Contents/Developer/Toolchains/XcodeDefault.xctoolchain\E\/.*]
[2019-04-22 10:52:28.012][debug][command:f75c90d5-f03c-464d-b5a7-59c521031ea6][tid:421][com.facebook.buck.apple.toolchain.impl.AppleCxxPlatforms] Xcode build version is: 10B61
[2019-04-22 10:52:28.015][debug][command:null][tid:411][com.facebook.buck.util.ListeningProcessExecutor] Successfully launched process com.zaxxer.nuprocess.osx.OsxProcess@2fbb3dfb
[2019-04-22 10:52:28.016][debug][command:null][tid:411][com.facebook.buck.util.ListeningProcessExecutor] Waiting for process com.facebook.buck.util.ListeningProcessExecutor$LaunchedProcessImpl@2f9e8a84 timeout 1000 MILLISECONDS
[2019-04-22 10:52:28.017][debug][command:f75c90d5-f03c-464d-b5a7-59c521031ea6][tid:421][com.facebook.buck.apple.toolchain.impl.AppleCxxPlatforms] Apple toolchain path: /Users/stevenlee/Downloads/Xcode.app/Contents/Developer/Toolchains/XcodeDefault.xctoolchain
[2019-04-22 10:52:28.017][debug][command:f75c90d5-f03c-464d-b5a7-59c521031ea6][tid:421][com.facebook.buck.apple.toolchain.impl.AppleCxxPlatforms] Headers verification platform whitelist: [^\Q/Users/stevenlee/Downloads/Xcode.app/Contents/Developer/Platforms/WatchOS.platform/Developer/Library/Frameworks\E\/.*, ^\Q/Users/stevenlee/Downloads/Xcode.app/Contents/Developer/Platforms/WatchOS.platform/Developer/SDKs/WatchOS.sdk\E\/.*, ^\Q/Users/stevenlee/Downloads/Xcode.app/Contents/Developer/Toolchains/XcodeDefault.xctoolchain\E\/.*]
[2019-04-22 10:52:28.017][debug][command:f75c90d5-f03c-464d-b5a7-59c521031ea6][tid:421][com.facebook.buck.apple.toolchain.impl.AppleCxxPlatforms] SDK AppleSdk{name=macosx10.14, version=10.14, applePlatform=ApplePlatform{name=macosx, architectures=[i386, x86_64], minVersionFlagPrefix=-mmacosx-version-min=, appIncludesFrameworks=true}, architectures=[i386, x86_64], toolchains=[AppleToolchain{identifier=com.apple.dt.toolchain.XcodeDefault, path=/Users/stevenlee/Downloads/Xcode.app/Contents/Developer/Toolchains/XcodeDefault.xctoolchain}]} using default version 10.14
[2019-04-22 10:52:28.018][debug][command:f75c90d5-f03c-464d-b5a7-59c521031ea6][tid:421][com.facebook.buck.apple.toolchain.impl.AppleCxxPlatforms] Xcode build version is: 10B61
[2019-04-22 10:52:28.030][warn ][command:f75c90d5-f03c-464d-b5a7-59c521031ea6][tid:421][com.facebook.buck.apple.toolchain.impl.AppleCxxPlatforms] In /Users/stevenlee/Downloads/Xcode.app/Contents/Developer/Platforms/MacOSX.platform/version.plist, missing ProductBuildVersion. Build version will be unset for this platform.
[2019-04-22 10:52:28.030][debug][command:f75c90d5-f03c-464d-b5a7-59c521031ea6][tid:421][com.facebook.buck.apple.toolchain.impl.AppleCxxPlatforms] Apple toolchain path: /Users/stevenlee/Downloads/Xcode.app/Contents/Developer/Toolchains/XcodeDefault.xctoolchain
[2019-04-22 10:52:28.030][debug][command:f75c90d5-f03c-464d-b5a7-59c521031ea6][tid:421][com.facebook.buck.apple.toolchain.impl.AppleCxxPlatforms] Headers verification platform whitelist: [^\Q/Users/stevenlee/Downloads/Xcode.app/Contents/Developer/Platforms/MacOSX.platform/Developer/Library/Frameworks\E\/.*, ^\Q/Users/stevenlee/Downloads/Xcode.app/Contents/Developer/Platforms/MacOSX.platform/Developer/SDKs/MacOSX.sdk\E\/.*, ^\Q/Users/stevenlee/Downloads/Xcode.app/Contents/Developer/Toolchains/XcodeDefault.xctoolchain\E\/.*]
[2019-04-22 10:52:28.034][debug][command:f75c90d5-f03c-464d-b5a7-59c521031ea6][tid:421][com.facebook.buck.apple.toolchain.impl.AppleCxxPlatforms] Xcode build version is: 10B61
[2019-04-22 10:52:28.036][warn ][command:f75c90d5-f03c-464d-b5a7-59c521031ea6][tid:421][com.facebook.buck.apple.toolchain.impl.AppleCxxPlatforms] In /Users/stevenlee/Downloads/Xcode.app/Contents/Developer/Platforms/MacOSX.platform/version.plist, missing ProductBuildVersion. Build version will be unset for this platform.
[2019-04-22 10:52:28.036][debug][command:f75c90d5-f03c-464d-b5a7-59c521031ea6][tid:421][com.facebook.buck.apple.toolchain.impl.AppleCxxPlatforms] Apple toolchain path: /Users/stevenlee/Downloads/Xcode.app/Contents/Developer/Toolchains/XcodeDefault.xctoolchain
[2019-04-22 10:52:28.036][debug][command:f75c90d5-f03c-464d-b5a7-59c521031ea6][tid:421][com.facebook.buck.apple.toolchain.impl.AppleCxxPlatforms] Headers verification platform whitelist: [^\Q/Users/stevenlee/Downloads/Xcode.app/Contents/Developer/Platforms/MacOSX.platform/Developer/Library/Frameworks\E\/.*, ^\Q/Users/stevenlee/Downloads/Xcode.app/Contents/Developer/Platforms/MacOSX.platform/Developer/SDKs/MacOSX.sdk\E\/.*, ^\Q/Users/stevenlee/Downloads/Xcode.app/Contents/Developer/Toolchains/XcodeDefault.xctoolchain\E\/.*]
[2019-04-22 10:52:28.037][debug][command:f75c90d5-f03c-464d-b5a7-59c521031ea6][tid:421][com.facebook.buck.apple.toolchain.impl.AppleCxxPlatforms] SDK AppleSdk{name=watchsimulator5.1, version=5.1, applePlatform=ApplePlatform{name=watchsimulator, architectures=[i386, x86_64], minVersionFlagPrefix=-mwatchos-simulator-version-min=, stubBinaryPath=Library/Application Support/WatchKit/WK, appIncludesFrameworks=false}, architectures=[i386, x86_64], toolchains=[AppleToolchain{identifier=com.apple.dt.toolchain.XcodeDefault, path=/Users/stevenlee/Downloads/Xcode.app/Contents/Developer/Toolchains/XcodeDefault.xctoolchain}]} using default version 5.1
[2019-04-22 10:52:28.038][debug][command:f75c90d5-f03c-464d-b5a7-59c521031ea6][tid:421][com.facebook.buck.apple.toolchain.impl.AppleCxxPlatforms] Xcode build version is: 10B61
[2019-04-22 10:52:28.040][debug][command:f75c90d5-f03c-464d-b5a7-59c521031ea6][tid:421][com.facebook.buck.apple.toolchain.impl.AppleCxxPlatforms] Apple toolchain path: /Users/stevenlee/Downloads/Xcode.app/Contents/Developer/Toolchains/XcodeDefault.xctoolchain
[2019-04-22 10:52:28.040][debug][command:f75c90d5-f03c-464d-b5a7-59c521031ea6][tid:421][com.facebook.buck.apple.toolchain.impl.AppleCxxPlatforms] Headers verification platform whitelist: [^\Q/Users/stevenlee/Downloads/Xcode.app/Contents/Developer/Platforms/WatchSimulator.platform/Developer/Library/Frameworks\E\/.*, ^\Q/Users/stevenlee/Downloads/Xcode.app/Contents/Developer/Platforms/WatchSimulator.platform/Developer/SDKs/WatchSimulator.sdk\E\/.*, ^\Q/Users/stevenlee/Downloads/Xcode.app/Contents/Developer/Toolchains/XcodeDefault.xctoolchain\E\/.*]
[2019-04-22 10:52:28.043][debug][command:f75c90d5-f03c-464d-b5a7-59c521031ea6][tid:421][com.facebook.buck.apple.toolchain.impl.AppleCxxPlatforms] Xcode build version is: 10B61
[2019-04-22 10:52:28.045][debug][command:f75c90d5-f03c-464d-b5a7-59c521031ea6][tid:421][com.facebook.buck.apple.toolchain.impl.AppleCxxPlatforms] Apple toolchain path: /Users/stevenlee/Downloads/Xcode.app/Contents/Developer/Toolchains/XcodeDefault.xctoolchain
[2019-04-22 10:52:28.045][debug][command:f75c90d5-f03c-464d-b5a7-59c521031ea6][tid:421][com.facebook.buck.apple.toolchain.impl.AppleCxxPlatforms] Headers verification platform whitelist: [^\Q/Users/stevenlee/Downloads/Xcode.app/Contents/Developer/Platforms/WatchSimulator.platform/Developer/Library/Frameworks\E\/.*, ^\Q/Users/stevenlee/Downloads/Xcode.app/Contents/Developer/Platforms/WatchSimulator.platform/Developer/SDKs/WatchSimulator.sdk\E\/.*, ^\Q/Users/stevenlee/Downloads/Xcode.app/Contents/Developer/Toolchains/XcodeDefault.xctoolchain\E\/.*]
[2019-04-22 10:52:28.045][debug][command:f75c90d5-f03c-464d-b5a7-59c521031ea6][tid:421][com.facebook.buck.apple.toolchain.impl.AppleCxxPlatforms] SDK AppleSdk{name=appletvsimulator12.1, version=12.1, applePlatform=ApplePlatform{name=appletvsimulator, swiftName=tvos, architectures=[x86_64], minVersionFlagPrefix=-mtvos-simulator-version-min=, appIncludesFrameworks=false}, architectures=[x86_64], toolchains=[AppleToolchain{identifier=com.apple.dt.toolchain.XcodeDefault, path=/Users/stevenlee/Downloads/Xcode.app/Contents/Developer/Toolchains/XcodeDefault.xctoolchain}]} using default version 12.1
[2019-04-22 10:52:28.049][debug][command:f75c90d5-f03c-464d-b5a7-59c521031ea6][tid:421][com.facebook.buck.apple.toolchain.impl.AppleCxxPlatforms] Xcode build version is: 10B61
[2019-04-22 10:52:28.051][warn ][command:f75c90d5-f03c-464d-b5a7-59c521031ea6][tid:421][com.facebook.buck.apple.toolchain.impl.AppleCxxPlatforms] /Users/stevenlee/Downloads/Xcode.app/Contents/Developer/Platforms/AppleTVSimulator.platform/version.plist does not exist. Build version will be unset for this platform.
[2019-04-22 10:52:28.051][debug][command:f75c90d5-f03c-464d-b5a7-59c521031ea6][tid:421][com.facebook.buck.apple.toolchain.impl.AppleCxxPlatforms] Apple toolchain path: /Users/stevenlee/Downloads/Xcode.app/Contents/Developer/Toolchains/XcodeDefault.xctoolchain
[2019-04-22 10:52:28.053][debug][command:f75c90d5-f03c-464d-b5a7-59c521031ea6][tid:421][com.facebook.buck.apple.toolchain.impl.AppleCxxPlatforms] Headers verification platform whitelist: [^\Q/Users/stevenlee/Downloads/Xcode.app/Contents/Developer/Platforms/AppleTVSimulator.platform/Developer/Library/Frameworks\E\/.*, ^\Q/Users/stevenlee/Downloads/Xcode.app/Contents/Developer/Platforms/AppleTVSimulator.platform/Developer/SDKs/AppleTVSimulator.sdk\E\/.*, ^\Q/Users/stevenlee/Downloads/Xcode.app/Contents/Developer/Toolchains/XcodeDefault.xctoolchain\E\/.*]
[2019-04-22 10:52:28.053][debug][command:f75c90d5-f03c-464d-b5a7-59c521031ea6][tid:421][com.facebook.buck.apple.toolchain.impl.AppleCxxPlatforms] SDK AppleSdk{name=iphonesimulator12.1, version=12.1, applePlatform=ApplePlatform{name=iphonesimulator, swiftName=ios, architectures=[i386, x86_64], minVersionFlagPrefix=-mios-simulator-version-min=, stubBinaryPath=Library/Application Support/WatchKit/WK, appIncludesFrameworks=false}, architectures=[i386, x86_64], toolchains=[AppleToolchain{identifier=com.apple.dt.toolchain.XcodeDefault, path=/Users/stevenlee/Downloads/Xcode.app/Contents/Developer/Toolchains/XcodeDefault.xctoolchain}]} using default version 11.0
[2019-04-22 10:52:28.057][debug][command:f75c90d5-f03c-464d-b5a7-59c521031ea6][tid:421][com.facebook.buck.apple.toolchain.impl.AppleCxxPlatforms] Xcode build version is: 10B61
[2019-04-22 10:52:28.058][warn ][command:f75c90d5-f03c-464d-b5a7-59c521031ea6][tid:421][com.facebook.buck.apple.toolchain.impl.AppleCxxPlatforms] /Users/stevenlee/Downloads/Xcode.app/Contents/Developer/Platforms/iPhoneSimulator.platform/version.plist does not exist. Build version will be unset for this platform.
[2019-04-22 10:52:28.058][debug][command:f75c90d5-f03c-464d-b5a7-59c521031ea6][tid:421][com.facebook.buck.apple.toolchain.impl.AppleCxxPlatforms] Apple toolchain path: /Users/stevenlee/Downloads/Xcode.app/Contents/Developer/Toolchains/XcodeDefault.xctoolchain
[2019-04-22 10:52:28.058][debug][command:f75c90d5-f03c-464d-b5a7-59c521031ea6][tid:421][com.facebook.buck.apple.toolchain.impl.AppleCxxPlatforms] Headers verification platform whitelist: [^\Q/Users/stevenlee/Downloads/Xcode.app/Contents/Developer/Platforms/iPhoneSimulator.platform/Developer/Library/Frameworks\E\/.*, ^\Q/Users/stevenlee/Downloads/Xcode.app/Contents/Developer/Platforms/iPhoneSimulator.platform/Developer/SDKs/iPhoneSimulator.sdk\E\/.*, ^\Q/Users/stevenlee/Downloads/Xcode.app/Contents/Developer/Toolchains/XcodeDefault.xctoolchain\E\/.*]
[2019-04-22 10:52:28.058][debug][command:null][tid:411][com.facebook.buck.util.ListeningProcessExecutor] Wait for process returned 0
[2019-04-22 10:52:28.059][debug][command:null][tid:411][com.facebook.buck.util.ListeningProcessExecutor] Destroying process com.facebook.buck.util.ListeningProcessExecutor$LaunchedProcessImpl@2f9e8a84 (force true)
[2019-04-22 10:52:28.059][debug][command:null][tid:411][com.facebook.buck.util.environment.MacNetworkConfiguration] Determine WiFi SSID of device
[2019-04-22 10:52:28.060][debug][command:null][tid:411][com.facebook.buck.util.ListeningProcessExecutor] Launching process with params ProcessExecutorParams{command=[networksetup, -getairportnetwork, en7]}
[2019-04-22 10:52:28.064][debug][command:f75c90d5-f03c-464d-b5a7-59c521031ea6][tid:421][com.facebook.buck.apple.toolchain.impl.AppleCxxPlatforms] Xcode build version is: 10B61
[2019-04-22 10:52:28.064][debug][command:null][tid:411][com.facebook.buck.util.ListeningProcessExecutor] Successfully launched process com.zaxxer.nuprocess.osx.OsxProcess@33bb5db7
[2019-04-22 10:52:28.065][debug][command:null][tid:411][com.facebook.buck.util.ListeningProcessExecutor] Waiting for process com.facebook.buck.util.ListeningProcessExecutor$LaunchedProcessImpl@15e796e4 timeout 1000 MILLISECONDS
[2019-04-22 10:52:28.065][warn ][command:f75c90d5-f03c-464d-b5a7-59c521031ea6][tid:421][com.facebook.buck.apple.toolchain.impl.AppleCxxPlatforms] /Users/stevenlee/Downloads/Xcode.app/Contents/Developer/Platforms/iPhoneSimulator.platform/version.plist does not exist. Build version will be unset for this platform.
[2019-04-22 10:52:28.065][debug][command:f75c90d5-f03c-464d-b5a7-59c521031ea6][tid:421][com.facebook.buck.apple.toolchain.impl.AppleCxxPlatforms] Apple toolchain path: /Users/stevenlee/Downloads/Xcode.app/Contents/Developer/Toolchains/XcodeDefault.xctoolchain
[2019-04-22 10:52:28.065][debug][command:f75c90d5-f03c-464d-b5a7-59c521031ea6][tid:421][com.facebook.buck.apple.toolchain.impl.AppleCxxPlatforms] Headers verification platform whitelist: [^\Q/Users/stevenlee/Downloads/Xcode.app/Contents/Developer/Platforms/iPhoneSimulator.platform/Developer/Library/Frameworks\E\/.*, ^\Q/Users/stevenlee/Downloads/Xcode.app/Contents/Developer/Platforms/iPhoneSimulator.platform/Developer/SDKs/iPhoneSimulator.sdk\E\/.*, ^\Q/Users/stevenlee/Downloads/Xcode.app/Contents/Developer/Toolchains/XcodeDefault.xctoolchain\E\/.*]
[2019-04-22 10:52:28.066][debug][command:f75c90d5-f03c-464d-b5a7-59c521031ea6][tid:421][com.facebook.buck.apple.toolchain.impl.AppleCxxPlatforms] SDK AppleSdk{name=appletvos, version=12.1, applePlatform=ApplePlatform{name=appletvos, provisioningProfileName=tvOS, architectures=[arm64], minVersionFlagPrefix=-mtvos-version-min=, appIncludesFrameworks=false}, architectures=[arm64], toolchains=[AppleToolchain{identifier=com.apple.dt.toolchain.XcodeDefault, path=/Users/stevenlee/Downloads/Xcode.app/Contents/Developer/Toolchains/XcodeDefault.xctoolchain}]} using default version 12.1
[2019-04-22 10:52:28.069][debug][command:f75c90d5-f03c-464d-b5a7-59c521031ea6][tid:421][com.facebook.buck.apple.toolchain.impl.AppleCxxPlatforms] Xcode build version is: 10B61
[2019-04-22 10:52:28.071][debug][command:f75c90d5-f03c-464d-b5a7-59c521031ea6][tid:421][com.facebook.buck.apple.toolchain.impl.AppleCxxPlatforms] Apple toolchain path: /Users/stevenlee/Downloads/Xcode.app/Contents/Developer/Toolchains/XcodeDefault.xctoolchain
[2019-04-22 10:52:28.071][debug][command:f75c90d5-f03c-464d-b5a7-59c521031ea6][tid:421][com.facebook.buck.apple.toolchain.impl.AppleCxxPlatforms] Headers verification platform whitelist: [^\Q/Users/stevenlee/Downloads/Xcode.app/Contents/Developer/Platforms/AppleTVOS.platform/Developer/Library/Frameworks\E\/.*, ^\Q/Users/stevenlee/Downloads/Xcode.app/Contents/Developer/Platforms/AppleTVOS.platform/Developer/SDKs/AppleTVOS.sdk\E\/.*, ^\Q/Users/stevenlee/Downloads/Xcode.app/Contents/Developer/Toolchains/XcodeDefault.xctoolchain\E\/.*]
[2019-04-22 10:52:28.072][debug][command:f75c90d5-f03c-464d-b5a7-59c521031ea6][tid:421][com.facebook.buck.apple.toolchain.impl.AppleCxxPlatforms] SDK AppleSdk{name=appletvsimulator, version=12.1, applePlatform=ApplePlatform{name=appletvsimulator, swiftName=tvos, architectures=[x86_64], minVersionFlagPrefix=-mtvos-simulator-version-min=, appIncludesFrameworks=false}, architectures=[x86_64], toolchains=[AppleToolchain{identifier=com.apple.dt.toolchain.XcodeDefault, path=/Users/stevenlee/Downloads/Xcode.app/Contents/Developer/Toolchains/XcodeDefault.xctoolchain}]} using default version 12.1
[2019-04-22 10:52:28.075][debug][command:f75c90d5-f03c-464d-b5a7-59c521031ea6][tid:421][com.facebook.buck.apple.toolchain.impl.AppleCxxPlatforms] Xcode build version is: 10B61
[2019-04-22 10:52:28.076][warn ][command:f75c90d5-f03c-464d-b5a7-59c521031ea6][tid:421][com.facebook.buck.apple.toolchain.impl.AppleCxxPlatforms] /Users/stevenlee/Downloads/Xcode.app/Contents/Developer/Platforms/AppleTVSimulator.platform/version.plist does not exist. Build version will be unset for this platform.
[2019-04-22 10:52:28.076][debug][command:f75c90d5-f03c-464d-b5a7-59c521031ea6][tid:421][com.facebook.buck.apple.toolchain.impl.AppleCxxPlatforms] Apple toolchain path: /Users/stevenlee/Downloads/Xcode.app/Contents/Developer/Toolchains/XcodeDefault.xctoolchain
[2019-04-22 10:52:28.077][debug][command:f75c90d5-f03c-464d-b5a7-59c521031ea6][tid:421][com.facebook.buck.apple.toolchain.impl.AppleCxxPlatforms] Headers verification platform whitelist: [^\Q/Users/stevenlee/Downloads/Xcode.app/Contents/Developer/Platforms/AppleTVSimulator.platform/Developer/Library/Frameworks\E\/.*, ^\Q/Users/stevenlee/Downloads/Xcode.app/Contents/Developer/Platforms/AppleTVSimulator.platform/Developer/SDKs/AppleTVSimulator.sdk\E\/.*, ^\Q/Users/stevenlee/Downloads/Xcode.app/Contents/Developer/Toolchains/XcodeDefault.xctoolchain\E\/.*]
[2019-04-22 10:52:28.077][debug][command:f75c90d5-f03c-464d-b5a7-59c521031ea6][tid:421][com.facebook.buck.apple.toolchain.impl.AppleCxxPlatforms] SDK AppleSdk{name=iphoneos, version=12.1, applePlatform=ApplePlatform{name=iphoneos, swiftName=ios, provisioningProfileName=iOS, architectures=[armv7, arm64], minVersionFlagPrefix=-mios-version-min=, stubBinaryPath=Library/Application Support/WatchKit/WK, appIncludesFrameworks=false}, architectures=[armv7, arm64], toolchains=[AppleToolchain{identifier=com.apple.dt.toolchain.XcodeDefault, path=/Users/stevenlee/Downloads/Xcode.app/Contents/Developer/Toolchains/XcodeDefault.xctoolchain}]} using default version 11.0
[2019-04-22 10:52:28.078][debug][command:f75c90d5-f03c-464d-b5a7-59c521031ea6][tid:421][com.facebook.buck.apple.toolchain.impl.AppleCxxPlatforms] Xcode build version is: 10B61
[2019-04-22 10:52:28.089][debug][command:f75c90d5-f03c-464d-b5a7-59c521031ea6][tid:421][com.facebook.buck.apple.toolchain.impl.AppleCxxPlatforms] Apple toolchain path: /Users/stevenlee/Downloads/Xcode.app/Contents/Developer/Toolchains/XcodeDefault.xctoolchain
[2019-04-22 10:52:28.089][debug][command:f75c90d5-f03c-464d-b5a7-59c521031ea6][tid:421][com.facebook.buck.apple.toolchain.impl.AppleCxxPlatforms] Headers verification platform whitelist: [^\Q/Users/stevenlee/Downloads/Xcode.app/Contents/Developer/Platforms/iPhoneOS.platform/Developer/Library/Frameworks\E\/.*, ^\Q/Users/stevenlee/Downloads/Xcode.app/Contents/Developer/Platforms/iPhoneOS.platform/Developer/SDKs/iPhoneOS.sdk\E\/.*, ^\Q/Users/stevenlee/Downloads/Xcode.app/Contents/Developer/Toolchains/XcodeDefault.xctoolchain\E\/.*]
[2019-04-22 10:52:28.091][debug][command:f75c90d5-f03c-464d-b5a7-59c521031ea6][tid:421][com.facebook.buck.apple.toolchain.impl.AppleCxxPlatforms] Xcode build version is: 10B61
[2019-04-22 10:52:28.092][debug][command:f75c90d5-f03c-464d-b5a7-59c521031ea6][tid:421][com.facebook.buck.apple.toolchain.impl.AppleCxxPlatforms] Apple toolchain path: /Users/stevenlee/Downloads/Xcode.app/Contents/Developer/Toolchains/XcodeDefault.xctoolchain
[2019-04-22 10:52:28.092][debug][command:f75c90d5-f03c-464d-b5a7-59c521031ea6][tid:421][com.facebook.buck.apple.toolchain.impl.AppleCxxPlatforms] Headers verification platform whitelist: [^\Q/Users/stevenlee/Downloads/Xcode.app/Contents/Developer/Platforms/iPhoneOS.platform/Developer/Library/Frameworks\E\/.*, ^\Q/Users/stevenlee/Downloads/Xcode.app/Contents/Developer/Platforms/iPhoneOS.platform/Developer/SDKs/iPhoneOS.sdk\E\/.*, ^\Q/Users/stevenlee/Downloads/Xcode.app/Contents/Developer/Toolchains/XcodeDefault.xctoolchain\E\/.*]
[2019-04-22 10:52:28.093][debug][command:f75c90d5-f03c-464d-b5a7-59c521031ea6][tid:421][com.facebook.buck.apple.toolchain.impl.AppleCxxPlatforms] SDK AppleSdk{name=iphonesimulator, version=12.1, applePlatform=ApplePlatform{name=iphonesimulator, swiftName=ios, architectures=[i386, x86_64], minVersionFlagPrefix=-mios-simulator-version-min=, stubBinaryPath=Library/Application Support/WatchKit/WK, appIncludesFrameworks=false}, architectures=[i386, x86_64], toolchains=[AppleToolchain{identifier=com.apple.dt.toolchain.XcodeDefault, path=/Users/stevenlee/Downloads/Xcode.app/Contents/Developer/Toolchains/XcodeDefault.xctoolchain}]} using default version 11.0
[2019-04-22 10:52:28.094][debug][command:f75c90d5-f03c-464d-b5a7-59c521031ea6][tid:421][com.facebook.buck.apple.toolchain.impl.AppleCxxPlatforms] Xcode build version is: 10B61
[2019-04-22 10:52:28.095][warn ][command:f75c90d5-f03c-464d-b5a7-59c521031ea6][tid:421][com.facebook.buck.apple.toolchain.impl.AppleCxxPlatforms] /Users/stevenlee/Downloads/Xcode.app/Contents/Developer/Platforms/iPhoneSimulator.platform/version.plist does not exist. Build version will be unset for this platform.
[2019-04-22 10:52:28.095][debug][command:f75c90d5-f03c-464d-b5a7-59c521031ea6][tid:421][com.facebook.buck.apple.toolchain.impl.AppleCxxPlatforms] Apple toolchain path: /Users/stevenlee/Downloads/Xcode.app/Contents/Developer/Toolchains/XcodeDefault.xctoolchain
[2019-04-22 10:52:28.096][debug][command:f75c90d5-f03c-464d-b5a7-59c521031ea6][tid:421][com.facebook.buck.apple.toolchain.impl.AppleCxxPlatforms] Headers verification platform whitelist: [^\Q/Users/stevenlee/Downloads/Xcode.app/Contents/Developer/Platforms/iPhoneSimulator.platform/Developer/Library/Frameworks\E\/.*, ^\Q/Users/stevenlee/Downloads/Xcode.app/Contents/Developer/Platforms/iPhoneSimulator.platform/Developer/SDKs/iPhoneSimulator.sdk\E\/.*, ^\Q/Users/stevenlee/Downloads/Xcode.app/Contents/Developer/Toolchains/XcodeDefault.xctoolchain\E\/.*]
[2019-04-22 10:52:28.098][debug][command:f75c90d5-f03c-464d-b5a7-59c521031ea6][tid:421][com.facebook.buck.apple.toolchain.impl.AppleCxxPlatforms] Xcode build version is: 10B61
[2019-04-22 10:52:28.098][warn ][command:f75c90d5-f03c-464d-b5a7-59c521031ea6][tid:421][com.facebook.buck.apple.toolchain.impl.AppleCxxPlatforms] /Users/stevenlee/Downloads/Xcode.app/Contents/Developer/Platforms/iPhoneSimulator.platform/version.plist does not exist. Build version will be unset for this platform.
[2019-04-22 10:52:28.099][debug][command:f75c90d5-f03c-464d-b5a7-59c521031ea6][tid:421][com.facebook.buck.apple.toolchain.impl.AppleCxxPlatforms] Apple toolchain path: /Users/stevenlee/Downloads/Xcode.app/Contents/Developer/Toolchains/XcodeDefault.xctoolchain
[2019-04-22 10:52:28.099][debug][command:f75c90d5-f03c-464d-b5a7-59c521031ea6][tid:421][com.facebook.buck.apple.toolchain.impl.AppleCxxPlatforms] Headers verification platform whitelist: [^\Q/Users/stevenlee/Downloads/Xcode.app/Contents/Developer/Platforms/iPhoneSimulator.platform/Developer/Library/Frameworks\E\/.*, ^\Q/Users/stevenlee/Downloads/Xcode.app/Contents/Developer/Platforms/iPhoneSimulator.platform/Developer/SDKs/iPhoneSimulator.sdk\E\/.*, ^\Q/Users/stevenlee/Downloads/Xcode.app/Contents/Developer/Toolchains/XcodeDefault.xctoolchain\E\/.*]
[2019-04-22 10:52:28.099][debug][command:f75c90d5-f03c-464d-b5a7-59c521031ea6][tid:421][com.facebook.buck.apple.toolchain.impl.AppleCxxPlatforms] SDK AppleSdk{name=macosx, version=10.14, applePlatform=ApplePlatform{name=macosx, architectures=[i386, x86_64], minVersionFlagPrefix=-mmacosx-version-min=, appIncludesFrameworks=true}, architectures=[i386, x86_64], toolchains=[AppleToolchain{identifier=com.apple.dt.toolchain.XcodeDefault, path=/Users/stevenlee/Downloads/Xcode.app/Contents/Developer/Toolchains/XcodeDefault.xctoolchain}]} using default version 10.14
[2019-04-22 10:52:28.101][debug][command:f75c90d5-f03c-464d-b5a7-59c521031ea6][tid:421][com.facebook.buck.apple.toolchain.impl.AppleCxxPlatforms] Xcode build version is: 10B61
[2019-04-22 10:52:28.103][warn ][command:f75c90d5-f03c-464d-b5a7-59c521031ea6][tid:421][com.facebook.buck.apple.toolchain.impl.AppleCxxPlatforms] In /Users/stevenlee/Downloads/Xcode.app/Contents/Developer/Platforms/MacOSX.platform/version.plist, missing ProductBuildVersion. Build version will be unset for this platform.
[2019-04-22 10:52:28.103][debug][command:f75c90d5-f03c-464d-b5a7-59c521031ea6][tid:421][com.facebook.buck.apple.toolchain.impl.AppleCxxPlatforms] Apple toolchain path: /Users/stevenlee/Downloads/Xcode.app/Contents/Developer/Toolchains/XcodeDefault.xctoolchain
[2019-04-22 10:52:28.103][debug][command:f75c90d5-f03c-464d-b5a7-59c521031ea6][tid:421][com.facebook.buck.apple.toolchain.impl.AppleCxxPlatforms] Headers verification platform whitelist: [^\Q/Users/stevenlee/Downloads/Xcode.app/Contents/Developer/Platforms/MacOSX.platform/Developer/Library/Frameworks\E\/.*, ^\Q/Users/stevenlee/Downloads/Xcode.app/Contents/Developer/Platforms/MacOSX.platform/Developer/SDKs/MacOSX.sdk\E\/.*, ^\Q/Users/stevenlee/Downloads/Xcode.app/Contents/Developer/Toolchains/XcodeDefault.xctoolchain\E\/.*]
[2019-04-22 10:52:28.104][debug][command:null][tid:411][com.facebook.buck.util.ListeningProcessExecutor] Wait for process returned 10
[2019-04-22 10:52:28.104][debug][command:null][tid:411][com.facebook.buck.util.ListeningProcessExecutor] Destroying process com.facebook.buck.util.ListeningProcessExecutor$LaunchedProcessImpl@15e796e4 (force true)
[2019-04-22 10:52:28.105][debug][command:f75c90d5-f03c-464d-b5a7-59c521031ea6][tid:421][com.facebook.buck.apple.toolchain.impl.AppleCxxPlatforms] Xcode build version is: 10B61
[2019-04-22 10:52:28.106][warn ][command:f75c90d5-f03c-464d-b5a7-59c521031ea6][tid:421][com.facebook.buck.apple.toolchain.impl.AppleCxxPlatforms] In /Users/stevenlee/Downloads/Xcode.app/Contents/Developer/Platforms/MacOSX.platform/version.plist, missing ProductBuildVersion. Build version will be unset for this platform.
[2019-04-22 10:52:28.107][debug][command:f75c90d5-f03c-464d-b5a7-59c521031ea6][tid:421][com.facebook.buck.apple.toolchain.impl.AppleCxxPlatforms] Apple toolchain path: /Users/stevenlee/Downloads/Xcode.app/Contents/Developer/Toolchains/XcodeDefault.xctoolchain
[2019-04-22 10:52:28.107][debug][command:f75c90d5-f03c-464d-b5a7-59c521031ea6][tid:421][com.facebook.buck.apple.toolchain.impl.AppleCxxPlatforms] Headers verification platform whitelist: [^\Q/Users/stevenlee/Downloads/Xcode.app/Contents/Developer/Platforms/MacOSX.platform/Developer/Library/Frameworks\E\/.*, ^\Q/Users/stevenlee/Downloads/Xcode.app/Contents/Developer/Platforms/MacOSX.platform/Developer/SDKs/MacOSX.sdk\E\/.*, ^\Q/Users/stevenlee/Downloads/Xcode.app/Contents/Developer/Toolchains/XcodeDefault.xctoolchain\E\/.*]
[2019-04-22 10:52:28.107][debug][command:f75c90d5-f03c-464d-b5a7-59c521031ea6][tid:421][com.facebook.buck.apple.toolchain.impl.AppleCxxPlatforms] SDK AppleSdk{name=watchos, version=5.1, applePlatform=ApplePlatform{name=watchos, provisioningProfileName=iOS, architectures=[armv7k, arm64_32], minVersionFlagPrefix=-mwatchos-version-min=, stubBinaryPath=Library/Application Support/WatchKit/WK, appIncludesFrameworks=false}, architectures=[armv7k, arm64_32], toolchains=[AppleToolchain{identifier=com.apple.dt.toolchain.XcodeDefault, path=/Users/stevenlee/Downloads/Xcode.app/Contents/Developer/Toolchains/XcodeDefault.xctoolchain}]} using default version 5.1
[2019-04-22 10:52:28.108][debug][command:f75c90d5-f03c-464d-b5a7-59c521031ea6][tid:421][com.facebook.buck.apple.toolchain.impl.AppleCxxPlatforms] Xcode build version is: 10B61
[2019-04-22 10:52:28.110][debug][command:f75c90d5-f03c-464d-b5a7-59c521031ea6][tid:421][com.facebook.buck.apple.toolchain.impl.AppleCxxPlatforms] Apple toolchain path: /Users/stevenlee/Downloads/Xcode.app/Contents/Developer/Toolchains/XcodeDefault.xctoolchain
[2019-04-22 10:52:28.110][debug][command:f75c90d5-f03c-464d-b5a7-59c521031ea6][tid:421][com.facebook.buck.apple.toolchain.impl.AppleCxxPlatforms] Headers verification platform whitelist: [^\Q/Users/stevenlee/Downloads/Xcode.app/Contents/Developer/Platforms/WatchOS.platform/Developer/Library/Frameworks\E\/.*, ^\Q/Users/stevenlee/Downloads/Xcode.app/Contents/Developer/Platforms/WatchOS.platform/Developer/SDKs/WatchOS.sdk\E\/.*, ^\Q/Users/stevenlee/Downloads/Xcode.app/Contents/Developer/Toolchains/XcodeDefault.xctoolchain\E\/.*]
[2019-04-22 10:52:28.112][debug][command:f75c90d5-f03c-464d-b5a7-59c521031ea6][tid:421][com.facebook.buck.apple.toolchain.impl.AppleCxxPlatforms] Xcode build version is: 10B61
[2019-04-22 10:52:28.114][debug][command:f75c90d5-f03c-464d-b5a7-59c521031ea6][tid:421][com.facebook.buck.apple.toolchain.impl.AppleCxxPlatforms] Apple toolchain path: /Users/stevenlee/Downloads/Xcode.app/Contents/Developer/Toolchains/XcodeDefault.xctoolchain
[2019-04-22 10:52:28.114][debug][command:f75c90d5-f03c-464d-b5a7-59c521031ea6][tid:421][com.facebook.buck.apple.toolchain.impl.AppleCxxPlatforms] Headers verification platform whitelist: [^\Q/Users/stevenlee/Downloads/Xcode.app/Contents/Developer/Platforms/WatchOS.platform/Developer/Library/Frameworks\E\/.*, ^\Q/Users/stevenlee/Downloads/Xcode.app/Contents/Developer/Platforms/WatchOS.platform/Developer/SDKs/WatchOS.sdk\E\/.*, ^\Q/Users/stevenlee/Downloads/Xcode.app/Contents/Developer/Toolchains/XcodeDefault.xctoolchain\E\/.*]
[2019-04-22 10:52:28.114][debug][command:f75c90d5-f03c-464d-b5a7-59c521031ea6][tid:421][com.facebook.buck.apple.toolchain.impl.AppleCxxPlatforms] SDK AppleSdk{name=watchsimulator, version=5.1, applePlatform=ApplePlatform{name=watchsimulator, architectures=[i386, x86_64], minVersionFlagPrefix=-mwatchos-simulator-version-min=, stubBinaryPath=Library/Application Support/WatchKit/WK, appIncludesFrameworks=false}, architectures=[i386, x86_64], toolchains=[AppleToolchain{identifier=com.apple.dt.toolchain.XcodeDefault, path=/Users/stevenlee/Downloads/Xcode.app/Contents/Developer/Toolchains/XcodeDefault.xctoolchain}]} using default version 5.1
[2019-04-22 10:52:28.115][debug][command:f75c90d5-f03c-464d-b5a7-59c521031ea6][tid:421][com.facebook.buck.apple.toolchain.impl.AppleCxxPlatforms] Xcode build version is: 10B61
[2019-04-22 10:52:28.117][debug][command:f75c90d5-f03c-464d-b5a7-59c521031ea6][tid:421][com.facebook.buck.apple.toolchain.impl.AppleCxxPlatforms] Apple toolchain path: /Users/stevenlee/Downloads/Xcode.app/Contents/Developer/Toolchains/XcodeDefault.xctoolchain
[2019-04-22 10:52:28.117][debug][command:f75c90d5-f03c-464d-b5a7-59c521031ea6][tid:421][com.facebook.buck.apple.toolchain.impl.AppleCxxPlatforms] Headers verification platform whitelist: [^\Q/Users/stevenlee/Downloads/Xcode.app/Contents/Developer/Platforms/WatchSimulator.platform/Developer/Library/Frameworks\E\/.*, ^\Q/Users/stevenlee/Downloads/Xcode.app/Contents/Developer/Platforms/WatchSimulator.platform/Developer/SDKs/WatchSimulator.sdk\E\/.*, ^\Q/Users/stevenlee/Downloads/Xcode.app/Contents/Developer/Toolchains/XcodeDefault.xctoolchain\E\/.*]
[2019-04-22 10:52:28.119][debug][command:f75c90d5-f03c-464d-b5a7-59c521031ea6][tid:421][com.facebook.buck.apple.toolchain.impl.AppleCxxPlatforms] Xcode build version is: 10B61
[2019-04-22 10:52:28.121][debug][command:f75c90d5-f03c-464d-b5a7-59c521031ea6][tid:421][com.facebook.buck.apple.toolchain.impl.AppleCxxPlatforms] Apple toolchain path: /Users/stevenlee/Downloads/Xcode.app/Contents/Developer/Toolchains/XcodeDefault.xctoolchain
[2019-04-22 10:52:28.121][debug][command:f75c90d5-f03c-464d-b5a7-59c521031ea6][tid:421][com.facebook.buck.apple.toolchain.impl.AppleCxxPlatforms] Headers verification platform whitelist: [^\Q/Users/stevenlee/Downloads/Xcode.app/Contents/Developer/Platforms/WatchSimulator.platform/Developer/Library/Frameworks\E\/.*, ^\Q/Users/stevenlee/Downloads/Xcode.app/Contents/Developer/Platforms/WatchSimulator.platform/Developer/SDKs/WatchSimulator.sdk\E\/.*, ^\Q/Users/stevenlee/Downloads/Xcode.app/Contents/Developer/Toolchains/XcodeDefault.xctoolchain\E\/.*]
[2019-04-22 10:52:28.123][debug][command:f75c90d5-f03c-464d-b5a7-59c521031ea6][tid:421][com.facebook.buck.io.ExecutableFinder] Executable 'clang' mapped to 'Optional[/usr/bin/clang]'
[2019-04-22 10:52:28.123][debug][command:f75c90d5-f03c-464d-b5a7-59c521031ea6][tid:421][com.facebook.buck.io.ExecutableFinder] Executable 'clang++' mapped to 'Optional[/usr/bin/clang++]'
[2019-04-22 10:52:28.123][debug][command:f75c90d5-f03c-464d-b5a7-59c521031ea6][tid:421][com.facebook.buck.cxx.toolchain.CxxPlatforms] Using config default C++ platform CxxPlatform{flavor=iphonesimulator-x86_64, as=com.facebook.buck.cxx.toolchain.CompilerProvider@4e3d3716, asflags=[-isysroot, /Users/stevenlee/Downloads/Xcode.app/Contents/Developer/Platforms/iPhoneSimulator.platform/Developer/SDKs/iPhoneSimulator.sdk, -arch, x86_64, -mios-simulator-version-min=11.0, -iquote, /Users/stevenlee/Downloads/BuckTest 3], aspp=com.facebook.buck.cxx.toolchain.PreprocessorProvider@40fac0a1, asppflags=[], cc=com.facebook.buck.cxx.toolchain.CompilerProvider@44c55c66, cflags=[-isysroot, /Users/stevenlee/Downloads/Xcode.app/Contents/Developer/Platforms/iPhoneSimulator.platform/Developer/SDKs/iPhoneSimulator.sdk, -arch, x86_64, -mios-simulator-version-min=11.0, -iquote, /Users/stevenlee/Downloads/BuckTest 3, -g, -fmodules, -fobjc-arc, -D, BUCK, -w], cxx=com.facebook.buck.cxx.toolchain.CompilerProvider@1c7ca9a, cxxflags=[-isysroot, /Users/stevenlee/Downloads/Xcode.app/Contents/Developer/Platforms/iPhoneSimulator.platform/Developer/SDKs/iPhoneSimulator.sdk, -arch, x86_64, -mios-simulator-version-min=11.0, -iquote, /Users/stevenlee/Downloads/BuckTest 3, -fobjc-arc, -std=c++14, -D, DEBUG, -g], cpp=com.facebook.buck.cxx.toolchain.PreprocessorProvider@26e5d833, cppflags=[], cxxpp=com.facebook.buck.cxx.toolchain.PreprocessorProvider@300ceb86, cxxppflags=[], cudappflags=[], cudaflags=[], hipppflags=[], hipflags=[], asmppflags=[], asmflags=[], ld=com.facebook.buck.cxx.toolchain.linker.DefaultLinkerProvider@5ec4a78d, ldflags=[-isysroot, /Users/stevenlee/Downloads/Xcode.app/Contents/Developer/Platforms/iPhoneSimulator.platform/Developer/SDKs/iPhoneSimulator.sdk, -arch, x86_64, -mios-simulator-version-min=11.0, -iquote, /Users/stevenlee/Downloads/BuckTest 3, -Wl,-sdk_version, -Wl,12.1, -Wl,-ObjC, -Xlinker, -objc_abi_version, -Xlinker, 2, -fobjc-arc, -fobjc-link-runtime], runtimeLdflags={}, strip=VersionedTool{path=/Users/stevenlee/Downloads/Xcode.app/Contents/Developer/Toolchains/XcodeDefault.xctoolchain/usr/bin/strip, extraArgs=[], name=apple-strip, version=12.1:10B61}, stripFlags=[], ar=com.facebook.buck.cxx.toolchain.ArchiverProvider$1@61e835d5, archiveContents=NORMAL, arflags=[], ranlib=com.facebook.buck.core.toolchain.toolprovider.impl.ConstantToolProvider@69c45d9b, ranlibflags=[], symbolNameTool=com.facebook.buck.cxx.toolchain.LazyDelegatingSymbolNameTool@3ec3dbfe, sharedLibraryExtension=dylib, sharedLibraryVersionedExtensionFormat=%s.dylib, staticLibraryExtension=a, objectFileExtension=o, compilerDebugPathSanitizer=com.facebook.buck.cxx.toolchain.PrefixMapDebugPathSanitizer@45c0eb64, assemblerDebugPathSanitizer=com.facebook.buck.cxx.toolchain.MungingDebugPathSanitizer@65a62894, headerVerification=HeaderVerification{mode=IGNORE, whitelist=[], platformWhitelist=[^\Q/Users/stevenlee/Downloads/Xcode.app/Contents/Developer/Platforms/iPhoneSimulator.platform/Developer/Library/Frameworks\E\/.*, ^\Q/Users/stevenlee/Downloads/Xcode.app/Contents/Developer/Platforms/iPhoneSimulator.platform/Developer/SDKs/iPhoneSimulator.sdk\E\/.*, ^\Q/Users/stevenlee/Downloads/Xcode.app/Contents/Developer/Toolchains/XcodeDefault.xctoolchain\E\/.*], whitelistPatterns=[^\Q/Users/stevenlee/Downloads/Xcode.app/Contents/Developer/Platforms/iPhoneSimulator.platform/Developer/Library/Frameworks\E\/.*, ^\Q/Users/stevenlee/Downloads/Xcode.app/Contents/Developer/Platforms/iPhoneSimulator.platform/Developer/SDKs/iPhoneSimulator.sdk\E\/.*, ^\Q/Users/stevenlee/Downloads/Xcode.app/Contents/Developer/Toolchains/XcodeDefault.xctoolchain\E\/.*]}, flagMacros={SDKROOT=/Users/stevenlee/Downloads/Xcode.app/Contents/Developer/Platforms/iPhoneSimulator.platform/Developer/SDKs/iPhoneSimulator.sdk, PLATFORM_DIR=/Users/stevenlee/Downloads/Xcode.app/Contents/Developer/Platforms/iPhoneSimulator.platform, CURRENT_ARCH=x86_64, DEVELOPER_DIR=/Users/stevenlee/Downloads/Xcode.app/Contents/Developer}, publicHeadersSymlinksEnabled=true, privateHeadersSymlinksEnabled=true, picTypeForSharedLinking=PIC, conflictingHeaderBasenameWhitelist=[]}
[2019-04-22 10:52:28.130][debug][command:f75c90d5-f03c-464d-b5a7-59c521031ea6][tid:14][com.facebook.buck.core.model.actiongraph.computation.ActionGraphProvider] Computing TargetGraph HashCode...
[2019-04-22 10:52:28.130][info ][command:f75c90d5-f03c-464d-b5a7-59c521031ea6][tid:14][com.facebook.buck.core.model.actiongraph.computation.ActionGraphProvider] ActionGraph cache miss against 1 entries.
[2019-04-22 10:52:28.130][debug][command:f75c90d5-f03c-464d-b5a7-59c521031ea6][tid:14][com.facebook.buck.core.model.actiongraph.computation.SerialActionGraphFactory] start target graph walk
[2019-04-22 10:52:28.153][debug][command:f75c90d5-f03c-464d-b5a7-59c521031ea6][tid:14][com.facebook.buck.apple.toolchain.impl.ProvisioningProfileStoreFactory] Provisioning profile search path: /Users/stevenlee/Library/MobileDevice/Provisioning Profiles
[2019-04-22 10:52:28.159][debug][command:f75c90d5-f03c-464d-b5a7-59c521031ea6][tid:14][com.facebook.buck.core.model.actiongraph.computation.SerialActionGraphFactory] end target graph walk
[2019-04-22 10:52:28.159][info ][command:f75c90d5-f03c-464d-b5a7-59c521031ea6][tid:14][com.facebook.buck.core.model.actiongraph.computation.ActionGraphProvider] ActionGraph cache assignment.
[2019-04-22 10:52:28.159][debug][command:f75c90d5-f03c-464d-b5a7-59c521031ea6][tid:14][com.facebook.buck.core.build.engine.impl.MetadataChecker] Checking metadata_storage for /Users/stevenlee/Downloads/BuckTest 3
[2019-04-22 10:52:28.172][warn ][command:f75c90d5-f03c-464d-b5a7-59c521031ea6][tid:424][com.facebook.buck.rules.keys.RuleKeyBuilder] Attempting to add absolute path to rule key. Only using file name: /usr/bin/codesign
[2019-04-22 10:52:28.174][debug][command:f75c90d5-f03c-464d-b5a7-59c521031ea6][tid:420][com.facebook.buck.core.build.engine.cache.manager.BuildCacheArtifactFetcher] Cache miss for '//BuckTest:BuckTest#dwarf-and-dsym,no-include-frameworks' with rulekey '82dfc8b5091cb3aa077f83cbe069c854e9a1a1a1'
[2019-04-22 10:52:28.175][debug][command:f75c90d5-f03c-464d-b5a7-59c521031ea6][tid:419][com.facebook.buck.core.build.engine.cache.manager.BuildCacheArtifactFetcher] Cache miss for '//BuckTest:AppBinary#apple-dsym,iphonesimulator-x86_64' with rulekey '72297dab1d94fec51e01aa2950bc93d50d4d45b9'
[2019-04-22 10:52:28.175][debug][command:f75c90d5-f03c-464d-b5a7-59c521031ea6][tid:418][com.facebook.buck.core.build.engine.cache.manager.BuildCacheArtifactFetcher] Cache miss for '//BuckTest:AppBinary#apple-debuggable-binary,dwarf-and-dsym,iphonesimulator-x86_64' with rulekey 'ac1b0e1fd0954f4eebee74c19b8133482e899ab4'
[2019-04-22 10:52:28.175][debug][command:f75c90d5-f03c-464d-b5a7-59c521031ea6][tid:426][com.facebook.buck.core.build.engine.cache.manager.BuildCacheArtifactFetcher] Cache miss for '//BuckTest:AppBinary#iphonesimulator-x86_64,strip-non-global,stripped' with rulekey '0f59e38b15ae23eb8da7c0bdccde881ea0fed831'
[2019-04-22 10:52:28.175][debug][command:f75c90d5-f03c-464d-b5a7-59c521031ea6][tid:426][com.facebook.buck.core.build.engine.cache.manager.BuildCacheArtifactFetcher] Cache miss for '//BuckTest:AppBinary#binary,iphonesimulator-x86_64' with rulekey 'cb267785ef78d30252a5d7bb7d56db1a73e3996e'
[2019-04-22 10:52:28.176][debug][command:f75c90d5-f03c-464d-b5a7-59c521031ea6][tid:426][com.facebook.buck.core.build.engine.cache.manager.BuildCacheArtifactFetcher] Cache miss for '//BuckTest:AppLibrary#iphonesimulator-x86_64,static' with rulekey '2624aa05930b3efad857394cec1b30a1d0afb847'
[2019-04-22 10:52:28.176][debug][command:f75c90d5-f03c-464d-b5a7-59c521031ea6][tid:426][com.facebook.buck.core.build.engine.cache.manager.BuildCacheArtifactFetcher] Cache miss for '//BuckTest:AppLibrary#apple-swift-compile,iphonesimulator-x86_64' with rulekey '354530246fddd55e2f51ac3d3daca9cbbbc15614'
[2019-04-22 10:52:28.176][debug][command:f75c90d5-f03c-464d-b5a7-59c521031ea6][tid:425][com.facebook.buck.core.build.engine.cache.manager.BuildCacheArtifactFetcher] Cache miss for '//BuckTest:AppBinary#iphonesimulator-x86_64,swift-compile' with rulekey 'e6eb32e9a5b5ae920e1b23665c3d803cbd566074'
[2019-04-22 10:52:28.177][debug][command:f75c90d5-f03c-464d-b5a7-59c521031ea6][tid:426][com.facebook.buck.core.build.engine.impl.CachingBuildRuleBuilder] Building locally: //BuckTest:AppLibrary#apple-swift-compile,iphonesimulator-x86_64
[2019-04-22 10:52:28.178][debug][command:f75c90d5-f03c-464d-b5a7-59c521031ea6][tid:425][com.facebook.buck.core.build.engine.impl.CachingBuildRuleBuilder] Building locally: //BuckTest:AppLibrary
[2019-04-22 10:52:28.178][debug][command:f75c90d5-f03c-464d-b5a7-59c521031ea6][tid:425][com.facebook.buck.core.build.engine.impl.CachingBuildRuleBuilder] Build completed: cxx_library //BuckTest:AppLibrary (15160ns)
[2019-04-22 10:52:28.179][debug][command:f75c90d5-f03c-464d-b5a7-59c521031ea6][tid:426][com.facebook.buck.swift.SwiftCompileStep] [/Users/stevenlee/Downloads/Xcode.app/Contents/Developer/Toolchains/XcodeDefault.xctoolchain/usr/bin/swiftc, -frontend, -sdk, /Users/stevenlee/Downloads/Xcode.app/Contents/Developer/Platforms/iPhoneSimulator.platform/Developer/SDKs/iPhoneSimulator.sdk, -target, x86_64-apple-ios11.0, -Xcc, -I, -Xcc, buck-out/gen/Pods/Alamofire#apple-swift-objc-generated-header,iphonesimulator-x86_64.hmap, -Xcc, -I, -Xcc, buck-out/gen/Pods/Alamofire#header-mode-symlink-tree-with-modulemap,headers,iphonesimulator-x86_64, -Xcc, -I, -Xcc, buck-out/gen/Pods/Alamofire#apple-swift-compile,iphonesimulator-x86_64, -Xcc, -I, -Xcc, buck-out, -Xcc, -I, -Xcc, buck-out/gen/Pods/IGListKit#header-mode-symlink-tree-with-modulemap,headers,iphonesimulator-x86_64, -I, /Users/stevenlee/Downloads/BuckTest 3/buck-out/gen/Pods/Alamofire#apple-swift-compile,iphonesimulator-x86_64, -c, -enable-objc-interop, -parse-as-library, -serialize-debugging-options, -module-name, AppLibrary, -emit-module, -emit-module-path, buck-out/gen/BuckTest/AppLibrary#apple-swift-compile,iphonesimulator-x86_64/AppLibrary.swiftmodule, -emit-objc-header-path, buck-out/gen/BuckTest/AppLibrary#apple-swift-compile,iphonesimulator-x86_64/AppLibrary-Swift.h, -o, buck-out/gen/BuckTest/AppLibrary#apple-swift-compile,iphonesimulator-x86_64/AppLibrary.o, -swift-version, 4.2, -DBUCK, -enable-testing, -g, -Onone, -whole-module-optimization, -filelist, /Users/stevenlee/Downloads/BuckTest 3/buck-out/bin/BuckTest/AppLibrary#apple-swift-compile,iphonesimulator-x86_64__filelist.txt]
[2019-04-22 10:52:28.179][debug][command:f75c90d5-f03c-464d-b5a7-59c521031ea6][tid:426][com.facebook.buck.util.ListeningProcessExecutor] Launching process with params ProcessExecutorParams{command=[/Users/stevenlee/Downloads/Xcode.app/Contents/Developer/Toolchains/XcodeDefault.xctoolchain/usr/bin/swiftc, -frontend, -sdk, /Users/stevenlee/Downloads/Xcode.app/Contents/Developer/Platforms/iPhoneSimulator.platform/Developer/SDKs/iPhoneSimulator.sdk, -target, x86_64-apple-ios11.0, -Xcc, -I, -Xcc, buck-out/gen/Pods/Alamofire#apple-swift-objc-generated-header,iphonesimulator-x86_64.hmap, -Xcc, -I, -Xcc, buck-out/gen/Pods/Alamofire#header-mode-symlink-tree-with-modulemap,headers,iphonesimulator-x86_64, -Xcc, -I, -Xcc, buck-out/gen/Pods/Alamofire#apple-swift-compile,iphonesimulator-x86_64, -Xcc, -I, -Xcc, buck-out, -Xcc, -I, -Xcc, buck-out/gen/Pods/IGListKit#header-mode-symlink-tree-with-modulemap,headers,iphonesimulator-x86_64, -I, /Users/stevenlee/Downloads/BuckTest 3/buck-out/gen/Pods/Alamofire#apple-swift-compile,iphonesimulator-x86_64, -c, -enable-objc-interop, -parse-as-library, -serialize-debugging-options, -module-name, AppLibrary, -emit-module, -emit-module-path, buck-out/gen/BuckTest/AppLibrary#apple-swift-compile,iphonesimulator-x86_64/AppLibrary.swiftmodule, -emit-objc-header-path, buck-out/gen/BuckTest/AppLibrary#apple-swift-compile,iphonesimulator-x86_64/AppLibrary-Swift.h, -o, buck-out/gen/BuckTest/AppLibrary#apple-swift-compile,iphonesimulator-x86_64/AppLibrary.o, -swift-version, 4.2, -DBUCK, -enable-testing, -g, -Onone, -whole-module-optimization, -filelist, /Users/stevenlee/Downloads/BuckTest 3/buck-out/bin/BuckTest/AppLibrary#apple-swift-compile,iphonesimulator-x86_64__filelist.txt], directory=/Users/stevenlee/Downloads/BuckTest 3, environment={}}
[2019-04-22 10:52:28.184][debug][command:f75c90d5-f03c-464d-b5a7-59c521031ea6][tid:426][com.facebook.buck.util.ListeningProcessExecutor] Successfully launched process com.zaxxer.nuprocess.osx.OsxProcess@6b289a86
[2019-04-22 10:52:28.184][debug][command:f75c90d5-f03c-464d-b5a7-59c521031ea6][tid:427][com.facebook.buck.core.build.engine.impl.CachingBuildRuleBuilder] Building locally: //BuckTest:AppBinary#iphonesimulator-x86_64,swift-companion
[2019-04-22 10:52:28.184][debug][command:f75c90d5-f03c-464d-b5a7-59c521031ea6][tid:427][com.facebook.buck.core.build.engine.impl.CachingBuildRuleBuilder] Build completed: swift_library //BuckTest:AppBinary#iphonesimulator-x86_64,swift-companion (21378ns)
[2019-04-22 10:52:28.184][debug][command:f75c90d5-f03c-464d-b5a7-59c521031ea6][tid:426][com.facebook.buck.util.ListeningProcessExecutor] Waiting for process com.facebook.buck.util.ListeningProcessExecutor$LaunchedProcessImpl@1a5f2368 timeout 0 SECONDS
[2019-04-22 10:52:28.548][debug][command:f75c90d5-f03c-464d-b5a7-59c521031ea6][tid:426][com.facebook.buck.util.ListeningProcessExecutor] Wait for process returned 0
[2019-04-22 10:52:28.548][debug][command:f75c90d5-f03c-464d-b5a7-59c521031ea6][tid:426][com.facebook.buck.core.build.engine.impl.CachingBuildRuleBuilder] Build completed: swift_compile //BuckTest:AppLibrary#apple-swift-compile,iphonesimulator-x86_64 (371348180ns)
[2019-04-22 10:52:28.555][debug][command:f75c90d5-f03c-464d-b5a7-59c521031ea6][tid:427][com.facebook.buck.core.build.engine.cache.manager.BuildCacheArtifactFetcher] Cache miss for '//BuckTest:AppLibrary#iphonesimulator-x86_64,static' with rulekey 'f140745da27587803679326bda1683a96d6f4667'
[2019-04-22 10:52:28.556][debug][command:f75c90d5-f03c-464d-b5a7-59c521031ea6][tid:424][com.facebook.buck.core.build.engine.impl.CachingBuildRuleBuilder] Building locally: //BuckTest:AppBinary#iphonesimulator-x86_64,swift-compile
[2019-04-22 10:52:28.558][debug][command:f75c90d5-f03c-464d-b5a7-59c521031ea6][tid:421][com.facebook.buck.core.build.engine.impl.CachingBuildRuleBuilder] Building locally: //BuckTest:AppLibrary#iphonesimulator-x86_64,static
[2019-04-22 10:52:28.558][debug][command:f75c90d5-f03c-464d-b5a7-59c521031ea6][tid:424][com.facebook.buck.swift.SwiftCompileStep] [/Users/stevenlee/Downloads/Xcode.app/Contents/Developer/Toolchains/XcodeDefault.xctoolchain/usr/bin/swiftc, -frontend, -sdk, /Users/stevenlee/Downloads/Xcode.app/Contents/Developer/Platforms/iPhoneSimulator.platform/Developer/SDKs/iPhoneSimulator.sdk, -target, x86_64-apple-ios11.0, -Xcc, -I, -Xcc, buck-out/gen/BuckTest/AppLibrary#apple-swift-objc-generated-header,iphonesimulator-x86_64.hmap, -Xcc, -I, -Xcc, buck-out/gen/Pods/Alamofire#apple-swift-objc-generated-header,iphonesimulator-x86_64.hmap, -Xcc, -I, -Xcc, buck-out/gen/BuckTest/AppLibrary#apple-swift-compile,iphonesimulator-x86_64, -Xcc, -I, -Xcc, buck-out, -Xcc, -I, -Xcc, buck-out/gen/Pods/Alamofire#header-mode-symlink-tree-with-modulemap,headers,iphonesimulator-x86_64, -Xcc, -I, -Xcc, buck-out/gen/Pods/Alamofire#apple-swift-compile,iphonesimulator-x86_64, -Xcc, -I, -Xcc, buck-out/gen/Pods/IGListKit#header-mode-symlink-tree-with-modulemap,headers,iphonesimulator-x86_64, -I, /Users/stevenlee/Downloads/BuckTest 3/buck-out/gen/BuckTest/AppLibrary#apple-swift-compile,iphonesimulator-x86_64, -I, /Users/stevenlee/Downloads/BuckTest 3/buck-out/gen/Pods/Alamofire#apple-swift-compile,iphonesimulator-x86_64, -c, -enable-objc-interop, -parse-as-library, -serialize-debugging-options, -module-name, AppBinary, -emit-module, -emit-module-path, buck-out/gen/BuckTest/AppBinary#iphonesimulator-x86_64,swift-compile/AppBinary.swiftmodule, -emit-objc-header-path, buck-out/gen/BuckTest/AppBinary#iphonesimulator-x86_64,swift-compile/AppBinary-Swift.h, -o, buck-out/gen/BuckTest/AppBinary#iphonesimulator-x86_64,swift-compile/AppBinary.o, -swift-version, 4.2, -DBUCK, -enable-testing, -g, -Onone, -whole-module-optimization, -filelist, /Users/stevenlee/Downloads/BuckTest 3/buck-out/bin/BuckTest/AppBinary#iphonesimulator-x86_64,swift-compile__filelist.txt]
[2019-04-22 10:52:28.558][debug][command:f75c90d5-f03c-464d-b5a7-59c521031ea6][tid:424][com.facebook.buck.util.ListeningProcessExecutor] Launching process with params ProcessExecutorParams{command=[/Users/stevenlee/Downloads/Xcode.app/Contents/Developer/Toolchains/XcodeDefault.xctoolchain/usr/bin/swiftc, -frontend, -sdk, /Users/stevenlee/Downloads/Xcode.app/Contents/Developer/Platforms/iPhoneSimulator.platform/Developer/SDKs/iPhoneSimulator.sdk, -target, x86_64-apple-ios11.0, -Xcc, -I, -Xcc, buck-out/gen/BuckTest/AppLibrary#apple-swift-objc-generated-header,iphonesimulator-x86_64.hmap, -Xcc, -I, -Xcc, buck-out/gen/Pods/Alamofire#apple-swift-objc-generated-header,iphonesimulator-x86_64.hmap, -Xcc, -I, -Xcc, buck-out/gen/BuckTest/AppLibrary#apple-swift-compile,iphonesimulator-x86_64, -Xcc, -I, -Xcc, buck-out, -Xcc, -I, -Xcc, buck-out/gen/Pods/Alamofire#header-mode-symlink-tree-with-modulemap,headers,iphonesimulator-x86_64, -Xcc, -I, -Xcc, buck-out/gen/Pods/Alamofire#apple-swift-compile,iphonesimulator-x86_64, -Xcc, -I, -Xcc, buck-out/gen/Pods/IGListKit#header-mode-symlink-tree-with-modulemap,headers,iphonesimulator-x86_64, -I, /Users/stevenlee/Downloads/BuckTest 3/buck-out/gen/BuckTest/AppLibrary#apple-swift-compile,iphonesimulator-x86_64, -I, /Users/stevenlee/Downloads/BuckTest 3/buck-out/gen/Pods/Alamofire#apple-swift-compile,iphonesimulator-x86_64, -c, -enable-objc-interop, -parse-as-library, -serialize-debugging-options, -module-name, AppBinary, -emit-module, -emit-module-path, buck-out/gen/BuckTest/AppBinary#iphonesimulator-x86_64,swift-compile/AppBinary.swiftmodule, -emit-objc-header-path, buck-out/gen/BuckTest/AppBinary#iphonesimulator-x86_64,swift-compile/AppBinary-Swift.h, -o, buck-out/gen/BuckTest/AppBinary#iphonesimulator-x86_64,swift-compile/AppBinary.o, -swift-version, 4.2, -DBUCK, -enable-testing, -g, -Onone, -whole-module-optimization, -filelist, /Users/stevenlee/Downloads/BuckTest 3/buck-out/bin/BuckTest/AppBinary#iphonesimulator-x86_64,swift-compile__filelist.txt], directory=/Users/stevenlee/Downloads/BuckTest 3, environment={}}
[2019-04-22 10:52:28.561][debug][command:f75c90d5-f03c-464d-b5a7-59c521031ea6][tid:424][com.facebook.buck.util.ListeningProcessExecutor] Successfully launched process com.zaxxer.nuprocess.osx.OsxProcess@33da1fc5
[2019-04-22 10:52:28.562][debug][command:f75c90d5-f03c-464d-b5a7-59c521031ea6][tid:424][com.facebook.buck.util.ListeningProcessExecutor] Waiting for process com.facebook.buck.util.ListeningProcessExecutor$LaunchedProcessImpl@e6821c4 timeout 0 SECONDS
[2019-04-22 10:52:28.573][debug][command:f75c90d5-f03c-464d-b5a7-59c521031ea6][tid:421][com.facebook.buck.shell.ShellStep] Command: /Users/stevenlee/Downloads/Xcode.app/Contents/Developer/Toolchains/XcodeDefault.xctoolchain/usr/bin/ranlib buck-out/gen/BuckTest/AppLibrary#iphonesimulator-x86_64,static/libAppLibrary.a
[2019-04-22 10:52:28.573][debug][command:f75c90d5-f03c-464d-b5a7-59c521031ea6][tid:421][com.facebook.buck.shell.ShellStep] Environment: PATH=/Users/stevenlee/.rvm/gems/ruby-2.6.2/bin:/Users/stevenlee/.rvm/gems/ruby-2.6.2@global/bin:/Users/stevenlee/.rvm/rubies/ruby-2.6.2/bin:/usr/local/bin:/usr/bin:/bin:/usr/sbin:/sbin:/Applications/Wireshark.app/Contents/MacOS:::/Users/stevenlee/.rvm/bin IRBRC=/Users/stevenlee/.rvm/rubies/ruby-2.6.2/.irbrc NAILGUN_TTY_2=1 NAILGUN_TTY_1=1 rvm_bin_path=/Users/stevenlee/.rvm/bin NAILGUN_TTY_0=1 BUCK_CLASSPATH=/Users/stevenlee/Downloads/BuckTest 3/.buckd/resources/ad23befe7c1a36c999860af0af69e726f1c8e423/buck_server MAKEFLAGS= TERM=xterm-256color NAILGUN_FILESEPARATOR=/ rvm_prefix=/Users/stevenlee BUCK_BUILD_ID=f75c90d5-f03c-464d-b5a7-59c521031ea6 MFLAGS= LOGNAME=stevenlee rvm_version=1.29.7-next (master) XPC_SERVICE_NAME=0 PWD=/Users/stevenlee/Downloads/BuckTest 3 TERM_PROGRAM_VERSION=421.1.1 _=/usr/bin/make NAILGUN_PATHSEPARATOR=: SHELL=/bin/bash TERM_PROGRAM=Apple_Terminal MY_RUBY_HOME=/Users/stevenlee/.rvm/rubies/ruby-2.6.2 BUCK_PYTHON_SPACE_INIT_TIME=15 OLDPWD=/Users/stevenlee GEM_HOME=/Users/stevenlee/.rvm/gems/ruby-2.6.2 USER=stevenlee CLASSPATH=/Users/stevenlee/Downloads/BuckTest 3/.buckd/resources/ad23befe7c1a36c999860af0af69e726f1c8e423/bootstrapper_jar rvm_path=/Users/stevenlee/.rvm BUCK_TERM_COLUMNS=272 TMPDIR=/var/folders/3q/crrbqtbs2vs_j7z2zzqj4g240000gp/T/ SSH_AUTH_SOCK=/private/tmp/com.apple.launchd.EdZ9FOr5h7/Listeners XPC_FLAGS=0x0 GEM_PATH=/Users/stevenlee/.rvm/gems/ruby-2.6.2:/Users/stevenlee/.rvm/gems/ruby-2.6.2@global RUBY_VERSION=ruby-2.6.2 TERM_SESSION_ID=EDBF40B0-FA62-40D8-9BE3-44177E48D367 BUCK_TTY=1 MAKELEVEL=1 __CF_USER_TEXT_ENCODING=0x1F6:0:2 Apple_PubSub_Socket_Render=/private/tmp/com.apple.launchd.vfl1hEs5OK/Render LC_CTYPE=UTF-8 SHLVL=1 HOME=/Users/stevenlee
[2019-04-22 10:52:28.579][debug][command:f75c90d5-f03c-464d-b5a7-59c521031ea6][tid:421][com.facebook.buck.shell.ShellStep] [/Users/stevenlee/Downloads/Xcode.app/Contents/Developer/Toolchains/XcodeDefault.xctoolchain/usr/bin/ranlib, buck-out/gen/BuckTest/AppLibrary#iphonesimulator-x86_64,static/libAppLibrary.a]: exit code: 0. os load (before, after): (1.878906, 1.878906). CPU count: 8. (no output)
[2019-04-22 10:52:28.580][debug][command:f75c90d5-f03c-464d-b5a7-59c521031ea6][tid:421][com.facebook.buck.core.build.engine.impl.CachingBuildRuleBuilder] Build completed: archive //BuckTest:AppLibrary#iphonesimulator-x86_64,static (21962583ns)
[2019-04-22 10:52:28.798][debug][command:f75c90d5-f03c-464d-b5a7-59c521031ea6][tid:424][com.facebook.buck.util.ListeningProcessExecutor] Wait for process returned 0
[2019-04-22 10:52:28.798][debug][command:f75c90d5-f03c-464d-b5a7-59c521031ea6][tid:424][com.facebook.buck.core.build.engine.impl.CachingBuildRuleBuilder] Build completed: swift_compile //BuckTest:AppBinary#iphonesimulator-x86_64,swift-compile (241575444ns)
[2019-04-22 10:52:28.806][debug][command:f75c90d5-f03c-464d-b5a7-59c521031ea6][tid:419][com.facebook.buck.core.build.engine.cache.manager.BuildCacheArtifactFetcher] Cache miss for '//BuckTest:AppBinary#binary,iphonesimulator-x86_64' with rulekey 'e4bed2e54fb4973195d903e24aa0c7ba09d159df'
[2019-04-22 10:52:28.807][debug][command:f75c90d5-f03c-464d-b5a7-59c521031ea6][tid:421][com.facebook.buck.core.build.engine.impl.CachingBuildRuleBuilder] Building locally: //BuckTest:AppBinary#binary,iphonesimulator-x86_64
[2019-04-22 10:52:28.807][debug][command:f75c90d5-f03c-464d-b5a7-59c521031ea6][tid:421][com.facebook.buck.cxx.CxxPrepareForLinkStep] Link command (pwd=/Users/stevenlee/Downloads/BuckTest 3): /Users/stevenlee/Downloads/Xcode.app/Contents/Developer/Toolchains/XcodeDefault.xctoolchain/usr/bin/clang++ -o buck-out/gen/BuckTest/AppBinary#iphonesimulator-x86_64 -Xlinker -map -Xlinker buck-out/gen/BuckTest/AppBinary#iphonesimulator-x86_64-LinkMap.txt -isysroot /Users/stevenlee/Downloads/Xcode.app/Contents/Developer/Platforms/iPhoneSimulator.platform/Developer/SDKs/iPhoneSimulator.sdk -arch x86_64 -mios-simulator-version-min=11.0 -iquote /Users/stevenlee/Downloads/BuckTest 3 -Wl,-sdk_version -Wl,12.1 -Wl,-ObjC -Xlinker -objc_abi_version -Xlinker 2 -fobjc-arc -fobjc-link-runtime -Xlinker -add_ast_path buck-out/gen/BuckTest/AppBinary#iphonesimulator-x86_64,swift-compile/AppBinary.swiftmodule buck-out/gen/BuckTest/AppBinary#iphonesimulator-x86_64,swift-compile/AppBinary.o -Xlinker -add_ast_path buck-out/gen/BuckTest/AppLibrary#apple-swift-compile,iphonesimulator-x86_64/AppLibrary.swiftmodule buck-out/gen/BuckTest/AppLibrary#iphonesimulator-x86_64,static/libAppLibrary.a -Xlinker -add_ast_path buck-out/gen/Pods/Alamofire#apple-swift-compile,iphonesimulator-x86_64/Alamofire.swiftmodule buck-out/gen/Pods/Alamofire#iphonesimulator-x86_64,static/libAlamofire.a -Xlinker -rpath -Xlinker @executable_path/Frameworks -Xlinker -rpath -Xlinker @loader_path/Frameworks -L /Users/stevenlee/Downloads/Xcode.app/Contents/Developer/Toolchains/XcodeDefault.xctoolchain/usr/lib/swift/iphonesimulator buck-out/gen/Pods/IGListKit#iphonesimulator-x86_64,static/libIGListKit.a -F /Users/stevenlee/Downloads/Xcode.app/Contents/Developer/Platforms/iPhoneSimulator.platform/Developer/SDKs/iPhoneSimulator.sdk/System/Library/Frameworks -framework AssetsLibrary -framework CoreTelephony -framework Foundation -framework UIKit -Xlinker -filelist -Xlinker /Users/stevenlee/Downloads/BuckTest 3/buck-out/bin/BuckTest/AppBinary#binary,iphonesimulator-x86_64/filelist.txt
[2019-04-22 10:52:28.810][debug][command:f75c90d5-f03c-464d-b5a7-59c521031ea6][tid:421][com.facebook.buck.shell.ShellStep] Command: /Users/stevenlee/Downloads/Xcode.app/Contents/Developer/Toolchains/XcodeDefault.xctoolchain/usr/bin/clang++ @/Users/stevenlee/Downloads/BuckTest 3/buck-out/bin/BuckTest/AppBinary#binary,iphonesimulator-x86_64/linker.argsfile
[2019-04-22 10:52:28.810][debug][command:f75c90d5-f03c-464d-b5a7-59c521031ea6][tid:421][com.facebook.buck.shell.ShellStep] Environment: PATH=/Users/stevenlee/.rvm/gems/ruby-2.6.2/bin:/Users/stevenlee/.rvm/gems/ruby-2.6.2@global/bin:/Users/stevenlee/.rvm/rubies/ruby-2.6.2/bin:/usr/local/bin:/usr/bin:/bin:/usr/sbin:/sbin:/Applications/Wireshark.app/Contents/MacOS:::/Users/stevenlee/.rvm/bin IRBRC=/Users/stevenlee/.rvm/rubies/ruby-2.6.2/.irbrc NAILGUN_TTY_2=1 NAILGUN_TTY_1=1 rvm_bin_path=/Users/stevenlee/.rvm/bin NAILGUN_TTY_0=1 BUCK_CLASSPATH=/Users/stevenlee/Downloads/BuckTest 3/.buckd/resources/ad23befe7c1a36c999860af0af69e726f1c8e423/buck_server MAKEFLAGS= TERM=xterm-256color NAILGUN_FILESEPARATOR=/ rvm_prefix=/Users/stevenlee BUCK_BUILD_ID=f75c90d5-f03c-464d-b5a7-59c521031ea6 MFLAGS= LOGNAME=stevenlee rvm_version=1.29.7-next (master) XPC_SERVICE_NAME=0 PWD=/Users/stevenlee/Downloads/BuckTest 3 TERM_PROGRAM_VERSION=421.1.1 _=/usr/bin/make NAILGUN_PATHSEPARATOR=: SHELL=/bin/bash TERM_PROGRAM=Apple_Terminal MY_RUBY_HOME=/Users/stevenlee/.rvm/rubies/ruby-2.6.2 BUCK_PYTHON_SPACE_INIT_TIME=15 OLDPWD=/Users/stevenlee GEM_HOME=/Users/stevenlee/.rvm/gems/ruby-2.6.2 USER=stevenlee CLASSPATH=/Users/stevenlee/Downloads/BuckTest 3/.buckd/resources/ad23befe7c1a36c999860af0af69e726f1c8e423/bootstrapper_jar rvm_path=/Users/stevenlee/.rvm BUCK_TERM_COLUMNS=272 TMPDIR=/Users/stevenlee/Downloads/BuckTest 3/buck-out/bin/BuckTest/AppBinary#binary,iphonesimulator-x86_64 SSH_AUTH_SOCK=/private/tmp/com.apple.launchd.EdZ9FOr5h7/Listeners XPC_FLAGS=0x0 GEM_PATH=/Users/stevenlee/.rvm/gems/ruby-2.6.2:/Users/stevenlee/.rvm/gems/ruby-2.6.2@global RUBY_VERSION=ruby-2.6.2 TERM_SESSION_ID=EDBF40B0-FA62-40D8-9BE3-44177E48D367 BUCK_TTY=1 MAKELEVEL=1 __CF_USER_TEXT_ENCODING=0x1F6:0:2 Apple_PubSub_Socket_Render=/private/tmp/com.apple.launchd.vfl1hEs5OK/Render LC_CTYPE=UTF-8 SHLVL=1 HOME=/Users/stevenlee
[2019-04-22 10:52:29.005][warn ][command:f75c90d5-f03c-464d-b5a7-59c521031ea6][tid:412][com.facebook.buck.event.listener.LoggingBuildListener] [31mduplicate symbol _main in:
[0m[31m    buck-out/gen/BuckTest/AppBinary#iphonesimulator-x86_64,swift-compile/AppBinary.o
[0m[31m    buck-out/gen/BuckTest/AppLibrary#iphonesimulator-x86_64,static/libAppLibrary.a(AppLibrary.o)
[0m[31mld: 1 duplicate symbol for architecture x86_64
[0m[31mclang: error: linker command failed with exit code 1 (use -v to see invocation)
[0m
[2019-04-22 10:52:29.005][debug][command:f75c90d5-f03c-464d-b5a7-59c521031ea6][tid:421][com.facebook.buck.shell.ShellStep] [/Users/stevenlee/Downloads/Xcode.app/Contents/Developer/Toolchains/XcodeDefault.xctoolchain/usr/bin/clang++, @/Users/stevenlee/Downloads/BuckTest 3/buck-out/bin/BuckTest/AppBinary#binary,iphonesimulator-x86_64/linker.argsfile]: exit code: 1. os load (before, after): (1.878906, 1.878906). CPU count: 8.
stdout:

stderr:
[31mduplicate symbol _main in:
[0m[31m    buck-out/gen/BuckTest/AppBinary#iphonesimulator-x86_64,swift-compile/AppBinary.o
[0m[31m    buck-out/gen/BuckTest/AppLibrary#iphonesimulator-x86_64,static/libAppLibrary.a(AppLibrary.o)
[0m[31mld: 1 duplicate symbol for architecture x86_64
[0m[31mclang: error: linker command failed with exit code 1 (use -v to see invocation)
[0m

[2019-04-22 10:52:29.005][debug][command:f75c90d5-f03c-464d-b5a7-59c521031ea6][tid:421][com.facebook.buck.core.build.engine.impl.CachingBuildRuleBuilder] Building rule [//BuckTest:AppBinary#binary,iphonesimulator-x86_64] failed.
com.facebook.buck.core.build.engine.impl.BuildRuleFailedException: com.facebook.buck.step.StepFailedException: Command failed with exit code 1.
stderr: [31mduplicate symbol _main in:
[0m[31m    buck-out/gen/BuckTest/AppBinary#iphonesimulator-x86_64,swift-compile/AppBinary.o
[0m[31m    buck-out/gen/BuckTest/AppLibrary#iphonesimulator-x86_64,static/libAppLibrary.a(AppLibrary.o)
[0m[31mld: 1 duplicate symbol for architecture x86_64
[0m[31mclang: error: linker command failed with exit code 1 (use -v to see invocation)
[0m
  When running <c++ link>.
	at com.facebook.buck.core.build.engine.impl.CachingBuildRuleBuilder.getFailedException(CachingBuildRuleBuilder.java:1223)
	at com.facebook.buck.core.build.engine.impl.CachingBuildRuleBuilder.lambda$build$2(CachingBuildRuleBuilder.java:386)
	at com.google.common.util.concurrent.AbstractCatchingFuture$AsyncCatchingFuture.doFallback(AbstractCatchingFuture.java:172)
	at com.google.common.util.concurrent.AbstractCatchingFuture$AsyncCatchingFuture.doFallback(AbstractCatchingFuture.java:159)
	at com.google.common.util.concurrent.AbstractCatchingFuture.run(AbstractCatchingFuture.java:112)
	at com.google.common.util.concurrent.MoreExecutors$DirectExecutor.execute(MoreExecutors.java:399)
	at com.google.common.util.concurrent.AbstractFuture.executeListener(AbstractFuture.java:1016)
	at com.google.common.util.concurrent.AbstractFuture.complete(AbstractFuture.java:867)
	at com.google.common.util.concurrent.AbstractFuture.setException(AbstractFuture.java:713)
	at com.google.common.util.concurrent.AbstractTransformFuture.run(AbstractTransformFuture.java:97)
	at com.google.common.util.concurrent.MoreExecutors$DirectExecutor.execute(MoreExecutors.java:399)
	at com.google.common.util.concurrent.AbstractFuture.executeListener(AbstractFuture.java:1016)
	at com.google.common.util.concurrent.AbstractFuture.complete(AbstractFuture.java:867)
	at com.google.common.util.concurrent.AbstractFuture.setException(AbstractFuture.java:713)
	at com.google.common.util.concurrent.AbstractTransformFuture.run(AbstractTransformFuture.java:97)
	at com.google.common.util.concurrent.MoreExecutors$DirectExecutor.execute(MoreExecutors.java:399)
	at com.google.common.util.concurrent.AbstractFuture.executeListener(AbstractFuture.java:1016)
	at com.google.common.util.concurrent.AbstractFuture.complete(AbstractFuture.java:867)
	at com.google.common.util.concurrent.AbstractFuture.setFuture(AbstractFuture.java:754)
	at com.google.common.util.concurrent.TrustedListenableFutureTask$TrustedFutureInterruptibleAsyncTask.afterRanInterruptibly(TrustedListenableFutureTask.java:170)
	at com.google.common.util.concurrent.TrustedListenableFutureTask$TrustedFutureInterruptibleAsyncTask.afterRanInterruptibly(TrustedListenableFutureTask.java:145)
	at com.google.common.util.concurrent.InterruptibleTask.run(InterruptibleTask.java:80)
	at com.google.common.util.concurrent.TrustedListenableFutureTask.run(TrustedListenableFutureTask.java:80)
	at com.facebook.buck.util.concurrent.WeightedListeningExecutorService.lambda$submit$2(WeightedListeningExecutorService.java:100)
	at com.facebook.buck.util.concurrent.WeightedListeningExecutorService.lambda$submitWithSemaphore$0(WeightedListeningExecutorService.java:74)
	at com.google.common.util.concurrent.AbstractTransformFuture$AsyncTransformFuture.doTransform(AbstractTransformFuture.java:206)
	at com.google.common.util.concurrent.AbstractTransformFuture$AsyncTransformFuture.doTransform(AbstractTransformFuture.java:195)
	at com.google.common.util.concurrent.AbstractTransformFuture.run(AbstractTransformFuture.java:115)
	at com.google.common.util.concurrent.MoreExecutors$5$1.run(MoreExecutors.java:999)
	at java.util.concurrent.ThreadPoolExecutor.runWorker(ThreadPoolExecutor.java:1149)
	at java.util.concurrent.ThreadPoolExecutor$Worker.run(ThreadPoolExecutor.java:624)
	at java.lang.Thread.run(Thread.java:748)
Caused by: com.facebook.buck.step.StepFailedException: Command failed with exit code 1.
stderr: [31mduplicate symbol _main in:
[0m[31m    buck-out/gen/BuckTest/AppBinary#iphonesimulator-x86_64,swift-compile/AppBinary.o
[0m[31m    buck-out/gen/BuckTest/AppLibrary#iphonesimulator-x86_64,static/libAppLibrary.a(AppLibrary.o)
[0m[31mld: 1 duplicate symbol for architecture x86_64
[0m[31mclang: error: linker command failed with exit code 1 (use -v to see invocation)
[0m
  When running <c++ link>.
	at com.facebook.buck.step.StepFailedException.createForFailingStepWithException(StepFailedException.java:57)
	at com.facebook.buck.step.StepFailedException.createForFailingStepWithExitCode(StepFailedException.java:51)
	at com.facebook.buck.step.DefaultStepRunner.runStepForBuildTarget(DefaultStepRunner.java:54)
	at com.facebook.buck.core.build.engine.impl.CachingBuildRuleBuilder$BuildRuleSteps.executeCommands(CachingBuildRuleBuilder.java:1449)
	at com.facebook.buck.core.build.engine.impl.CachingBuildRuleBuilder$BuildRuleSteps.runWithDefaultExecutor(CachingBuildRuleBuilder.java:1411)
	at com.facebook.buck.core.build.engine.impl.CachingBuildRuleBuilder$2.runWithDefaultBehavior(CachingBuildRuleBuilder.java:850)
	at com.google.common.util.concurrent.TrustedListenableFutureTask$TrustedFutureInterruptibleAsyncTask.runInterruptibly(TrustedListenableFutureTask.java:162)
	at com.google.common.util.concurrent.TrustedListenableFutureTask$TrustedFutureInterruptibleAsyncTask.runInterruptibly(TrustedListenableFutureTask.java:145)
	at com.google.common.util.concurrent.InterruptibleTask.run(InterruptibleTask.java:57)
	... 10 more
Caused by: com.facebook.buck.core.exceptions.HumanReadableException: Command failed with exit code 1.
stderr: [31mduplicate symbol _main in:
[0m[31m    buck-out/gen/BuckTest/AppBinary#iphonesimulator-x86_64,swift-compile/AppBinary.o
[0m[31m    buck-out/gen/BuckTest/AppLibrary#iphonesimulator-x86_64,static/libAppLibrary.a(AppLibrary.o)
[0m[31mld: 1 duplicate symbol for architecture x86_64
[0m[31mclang: error: linker command failed with exit code 1 (use -v to see invocation)
[0m
	at com.facebook.buck.step.StepFailedException.createForFailingStepWithExitCode(StepFailedException.java:52)
	... 17 more

[2019-04-22 10:52:29.007][info ][command:f75c90d5-f03c-464d-b5a7-59c521031ea6][tid:412][com.facebook.buck.event.listener.LoggingBuildListener] Build finished at 2019-04-22 10:52:29.007
[2019-04-22 10:52:29.008][debug][command:f75c90d5-f03c-464d-b5a7-59c521031ea6][tid:407][com.facebook.buck.util.perf.ProcessTracker] shutDown
[2019-04-22 10:52:29.008][debug][command:f75c90d5-f03c-464d-b5a7-59c521031ea6][tid:406][com.google.common.util.concurrent.ServiceManager] Service PerfStatsTracking [TERMINATED] has terminated. Previous state was: STOPPING
[2019-04-22 10:52:29.008][debug][command:f75c90d5-f03c-464d-b5a7-59c521031ea6][tid:14][com.facebook.buck.event.listener.RenderingConsole] Stopping render scheduler
[2019-04-22 10:52:29.010][info ][command:f75c90d5-f03c-464d-b5a7-59c521031ea6][tid:14][com.facebook.buck.cli.Main] Awaiting termination of PROJECT executor service. Waiting for all jobs to complete, or up to maximum of 60 seconds...
[2019-04-22 10:52:29.010][info ][command:f75c90d5-f03c-464d-b5a7-59c521031ea6][tid:14][com.facebook.buck.cli.Main] Successfully terminated PROJECT executor service.
[2019-04-22 10:52:29.010][info ][command:f75c90d5-f03c-464d-b5a7-59c521031ea6][tid:14][com.facebook.buck.cli.Main] Awaiting termination of NETWORK executor service. Waiting for all jobs to complete, or up to maximum of 60 seconds...
[2019-04-22 10:52:29.010][info ][command:f75c90d5-f03c-464d-b5a7-59c521031ea6][tid:14][com.facebook.buck.cli.Main] Successfully terminated NETWORK executor service.
[2019-04-22 10:52:29.010][debug][command:f75c90d5-f03c-464d-b5a7-59c521031ea6][tid:407][com.google.common.util.concurrent.ServiceManager] Service ProcessTracker [TERMINATED] has terminated. Previous state was: STOPPING
[2019-04-22 10:52:29.010][info ][command:f75c90d5-f03c-464d-b5a7-59c521031ea6][tid:14][com.facebook.buck.cli.Main] Awaiting termination of CPU executor service. Waiting for all jobs to complete, or up to maximum of 60 seconds...
[2019-04-22 10:52:29.010][info ][command:f75c90d5-f03c-464d-b5a7-59c521031ea6][tid:14][com.facebook.buck.cli.Main] Successfully terminated CPU executor service.
[2019-04-22 10:52:29.010][info ][command:f75c90d5-f03c-464d-b5a7-59c521031ea6][tid:14][com.facebook.buck.cli.Main] Awaiting termination of ScheduledExecutorService executor service. Waiting for all jobs to complete, or up to maximum of 60 seconds...
[2019-04-22 10:52:29.010][info ][command:f75c90d5-f03c-464d-b5a7-59c521031ea6][tid:14][com.facebook.buck.cli.Main] Successfully terminated ScheduledExecutorService executor service.
[2019-04-22 10:52:29.010][info ][command:f75c90d5-f03c-464d-b5a7-59c521031ea6][tid:14][com.facebook.buck.cli.Main] Awaiting termination of CounterAggregatorExecutor executor service. Waiting for all jobs to complete, or up to maximum of 20 seconds...
[2019-04-22 10:52:29.010][info ][command:f75c90d5-f03c-464d-b5a7-59c521031ea6][tid:14][com.facebook.buck.cli.Main] Successfully terminated CounterAggregatorExecutor executor service.
[2019-04-22 10:52:29.010][info ][command:f75c90d5-f03c-464d-b5a7-59c521031ea6][tid:14][com.facebook.buck.cli.Main] Awaiting termination of HTTP Read executor service. Waiting for all jobs to complete, or up to maximum of 1800 seconds...
[2019-04-22 10:52:29.010][info ][command:f75c90d5-f03c-464d-b5a7-59c521031ea6][tid:14][com.facebook.buck.cli.Main] Successfully terminated HTTP Read executor service.
[2019-04-22 10:52:29.010][info ][command:f75c90d5-f03c-464d-b5a7-59c521031ea6][tid:14][com.facebook.buck.cli.Main] Awaiting termination of Download Heavy Build HTTP Read executor service. Waiting for all jobs to complete, or up to maximum of 1800 seconds...
[2019-04-22 10:52:29.010][info ][command:f75c90d5-f03c-464d-b5a7-59c521031ea6][tid:14][com.facebook.buck.cli.Main] Successfully terminated Download Heavy Build HTTP Read executor service.
[2019-04-22 10:52:29.010][info ][command:f75c90d5-f03c-464d-b5a7-59c521031ea6][tid:14][com.facebook.buck.cli.Main] Awaiting termination of HTTP Write executor service. Waiting for all jobs to complete, or up to maximum of 1800 seconds...
[2019-04-22 10:52:29.010][info ][command:f75c90d5-f03c-464d-b5a7-59c521031ea6][tid:14][com.facebook.buck.cli.Main] Successfully terminated HTTP Write executor service.
[2019-04-22 10:52:29.010][info ][command:f75c90d5-f03c-464d-b5a7-59c521031ea6][tid:14][com.facebook.buck.cli.Main] Awaiting termination of Disk IO executor service. Waiting for all jobs to complete, or up to maximum of 10 seconds...
[2019-04-22 10:52:29.010][info ][command:f75c90d5-f03c-464d-b5a7-59c521031ea6][tid:14][com.facebook.buck.cli.Main] Successfully terminated Disk IO executor service.
[2019-04-22 10:52:29.010][debug][command:null][tid:41][com.facebook.buck.io.AsynchronousDirectoryContentsCleaner] Starting to clean buck-out/.trash
[2019-04-22 10:52:29.011][debug][command:null][tid:41][com.facebook.buck.io.AsynchronousDirectoryContentsCleaner] Done cleaning buck-out/.trash
[2019-04-22 10:52:29.011][debug][command:null][tid:322][com.facebook.buck.event.listener.ChromeTraceBuildListener] Writing Chrome trace to buck-out/log/2019-04-22_02h52m27s_buildcommand_f75c90d5-f03c-464d-b5a7-59c521031ea6/build.2019-04-22.10-52-27.f75c90d5-f03c-464d-b5a7-59c521031ea6.trace
[2019-04-22 10:52:29.016][warn ][command:null][tid:14][com.facebook.buck.cli.Main] Command failed:
com.facebook.buck.command.Build$BuildExecutionException: com.facebook.buck.core.build.engine.impl.BuildRuleFailedException: com.facebook.buck.step.StepFailedException: Command failed with exit code 1.
stderr: [31mduplicate symbol _main in:
[0m[31m    buck-out/gen/BuckTest/AppBinary#iphonesimulator-x86_64,swift-compile/AppBinary.o
[0m[31m    buck-out/gen/BuckTest/AppLibrary#iphonesimulator-x86_64,static/libAppLibrary.a(AppLibrary.o)
[0m[31mld: 1 duplicate symbol for architecture x86_64
[0m[31mclang: error: linker command failed with exit code 1 (use -v to see invocation)
[0m
  When running <c++ link>.
	at com.facebook.buck.command.Build.waitForBuildToFinish(Build.java:323)
	at com.facebook.buck.command.Build.waitForBuildToFinishAndPrintFailuresToEventBus(Build.java:421)
	at com.facebook.buck.command.Build.executeAndPrintFailuresToEventBus(Build.java:144)
	at com.facebook.buck.command.LocalBuildExecutor.buildTargets(LocalBuildExecutor.java:148)
	at com.facebook.buck.cli.BuildCommand.executeLocalBuild(BuildCommand.java:761)
	at com.facebook.buck.cli.BuildCommand.executeBuildAndProcessResult(BuildCommand.java:458)
	at com.facebook.buck.cli.BuildCommand.run(BuildCommand.java:372)
	at com.facebook.buck.cli.BuildCommand.runWithoutHelp(BuildCommand.java:338)
	at com.facebook.buck.cli.AbstractCommand.run(AbstractCommand.java:242)
	at com.facebook.buck.cli.AbstractContainerCommand.run(AbstractContainerCommand.java:79)
	at com.facebook.buck.cli.Main.runMainWithExitCode(Main.java:1300)
	at com.facebook.buck.cli.Main.runMainThenExit(Main.java:464)
	at com.facebook.buck.cli.Main.nailMain(Main.java:2412)
	at sun.reflect.NativeMethodAccessorImpl.invoke0(Native Method)
	at sun.reflect.NativeMethodAccessorImpl.invoke(NativeMethodAccessorImpl.java:62)
	at sun.reflect.DelegatingMethodAccessorImpl.invoke(DelegatingMethodAccessorImpl.java:43)
	at java.lang.reflect.Method.invoke(Method.java:498)
	at com.facebook.nailgun.NGSession.runImpl(NGSession.java:313)
	at com.facebook.nailgun.NGSession.run(NGSession.java:199)
Caused by: com.facebook.buck.core.build.engine.impl.BuildRuleFailedException: com.facebook.buck.step.StepFailedException: Command failed with exit code 1.
stderr: [31mduplicate symbol _main in:
[0m[31m    buck-out/gen/BuckTest/AppBinary#iphonesimulator-x86_64,swift-compile/AppBinary.o
[0m[31m    buck-out/gen/BuckTest/AppLibrary#iphonesimulator-x86_64,static/libAppLibrary.a(AppLibrary.o)
[0m[31mld: 1 duplicate symbol for architecture x86_64
[0m[31mclang: error: linker command failed with exit code 1 (use -v to see invocation)
[0m
  When running <c++ link>.
	at com.facebook.buck.core.build.engine.impl.CachingBuildRuleBuilder.getFailedException(CachingBuildRuleBuilder.java:1223)
	at com.facebook.buck.core.build.engine.impl.CachingBuildRuleBuilder.lambda$build$2(CachingBuildRuleBuilder.java:386)
	at com.google.common.util.concurrent.AbstractCatchingFuture$AsyncCatchingFuture.doFallback(AbstractCatchingFuture.java:172)
	at com.google.common.util.concurrent.AbstractCatchingFuture$AsyncCatchingFuture.doFallback(AbstractCatchingFuture.java:159)
	at com.google.common.util.concurrent.AbstractCatchingFuture.run(AbstractCatchingFuture.java:112)
	at com.google.common.util.concurrent.MoreExecutors$DirectExecutor.execute(MoreExecutors.java:399)
	at com.google.common.util.concurrent.AbstractFuture.executeListener(AbstractFuture.java:1016)
	at com.google.common.util.concurrent.AbstractFuture.complete(AbstractFuture.java:867)
	at com.google.common.util.concurrent.AbstractFuture.setException(AbstractFuture.java:713)
	at com.google.common.util.concurrent.AbstractTransformFuture.run(AbstractTransformFuture.java:97)
	at com.google.common.util.concurrent.MoreExecutors$DirectExecutor.execute(MoreExecutors.java:399)
	at com.google.common.util.concurrent.AbstractFuture.executeListener(AbstractFuture.java:1016)
	at com.google.common.util.concurrent.AbstractFuture.complete(AbstractFuture.java:867)
	at com.google.common.util.concurrent.AbstractFuture.setException(AbstractFuture.java:713)
	at com.google.common.util.concurrent.AbstractTransformFuture.run(AbstractTransformFuture.java:97)
	at com.google.common.util.concurrent.MoreExecutors$DirectExecutor.execute(MoreExecutors.java:399)
	at com.google.common.util.concurrent.AbstractFuture.executeListener(AbstractFuture.java:1016)
	at com.google.common.util.concurrent.AbstractFuture.complete(AbstractFuture.java:867)
	at com.google.common.util.concurrent.AbstractFuture.setFuture(AbstractFuture.java:754)
	at com.google.common.util.concurrent.TrustedListenableFutureTask$TrustedFutureInterruptibleAsyncTask.afterRanInterruptibly(TrustedListenableFutureTask.java:170)
	at com.google.common.util.concurrent.TrustedListenableFutureTask$TrustedFutureInterruptibleAsyncTask.afterRanInterruptibly(TrustedListenableFutureTask.java:145)
	at com.google.common.util.concurrent.InterruptibleTask.run(InterruptibleTask.java:80)
	at com.google.common.util.concurrent.TrustedListenableFutureTask.run(TrustedListenableFutureTask.java:80)
	at com.facebook.buck.util.concurrent.WeightedListeningExecutorService.lambda$submit$2(WeightedListeningExecutorService.java:100)
	at com.facebook.buck.util.concurrent.WeightedListeningExecutorService.lambda$submitWithSemaphore$0(WeightedListeningExecutorService.java:74)
	at com.google.common.util.concurrent.AbstractTransformFuture$AsyncTransformFuture.doTransform(AbstractTransformFuture.java:206)
	at com.google.common.util.concurrent.AbstractTransformFuture$AsyncTransformFuture.doTransform(AbstractTransformFuture.java:195)
	at com.google.common.util.concurrent.AbstractTransformFuture.run(AbstractTransformFuture.java:115)
	at com.google.common.util.concurrent.MoreExecutors$5$1.run(MoreExecutors.java:999)
	at java.util.concurrent.ThreadPoolExecutor.runWorker(ThreadPoolExecutor.java:1149)
	at java.util.concurrent.ThreadPoolExecutor$Worker.run(ThreadPoolExecutor.java:624)
	at java.lang.Thread.run(Thread.java:748)
Caused by: com.facebook.buck.step.StepFailedException: Command failed with exit code 1.
stderr: [31mduplicate symbol _main in:
[0m[31m    buck-out/gen/BuckTest/AppBinary#iphonesimulator-x86_64,swift-compile/AppBinary.o
[0m[31m    buck-out/gen/BuckTest/AppLibrary#iphonesimulator-x86_64,static/libAppLibrary.a(AppLibrary.o)
[0m[31mld: 1 duplicate symbol for architecture x86_64
[0m[31mclang: error: linker command failed with exit code 1 (use -v to see invocation)
[0m
  When running <c++ link>.
	at com.facebook.buck.step.StepFailedException.createForFailingStepWithException(StepFailedException.java:57)
	at com.facebook.buck.step.StepFailedException.createForFailingStepWithExitCode(StepFailedException.java:51)
	at com.facebook.buck.step.DefaultStepRunner.runStepForBuildTarget(DefaultStepRunner.java:54)
	at com.facebook.buck.core.build.engine.impl.CachingBuildRuleBuilder$BuildRuleSteps.executeCommands(CachingBuildRuleBuilder.java:1449)
	at com.facebook.buck.core.build.engine.impl.CachingBuildRuleBuilder$BuildRuleSteps.runWithDefaultExecutor(CachingBuildRuleBuilder.java:1411)
	at com.facebook.buck.core.build.engine.impl.CachingBuildRuleBuilder$2.runWithDefaultBehavior(CachingBuildRuleBuilder.java:850)
	at com.google.common.util.concurrent.TrustedListenableFutureTask$TrustedFutureInterruptibleAsyncTask.runInterruptibly(TrustedListenableFutureTask.java:162)
	at com.google.common.util.concurrent.TrustedListenableFutureTask$TrustedFutureInterruptibleAsyncTask.runInterruptibly(TrustedListenableFutureTask.java:145)
	at com.google.common.util.concurrent.InterruptibleTask.run(InterruptibleTask.java:57)
	... 10 more
Caused by: com.facebook.buck.core.exceptions.HumanReadableException: Command failed with exit code 1.
stderr: [31mduplicate symbol _main in:
[0m[31m    buck-out/gen/BuckTest/AppBinary#iphonesimulator-x86_64,swift-compile/AppBinary.o
[0m[31m    buck-out/gen/BuckTest/AppLibrary#iphonesimulator-x86_64,static/libAppLibrary.a(AppLibrary.o)
[0m[31mld: 1 duplicate symbol for architecture x86_64
[0m[31mclang: error: linker command failed with exit code 1 (use -v to see invocation)
[0m
	at com.facebook.buck.step.StepFailedException.createForFailingStepWithExitCode(StepFailedException.java:52)
	... 17 more

[2019-04-22 10:52:29.017][warn ][command:null][tid:14][com.facebook.buck.util.Console] Command failure: Command failed with exit code 1.
stderr: [31mduplicate symbol _main in:
[0m[31m    buck-out/gen/BuckTest/AppBinary#iphonesimulator-x86_64,swift-compile/AppBinary.o
[0m[31m    buck-out/gen/BuckTest/AppLibrary#iphonesimulator-x86_64,static/libAppLibrary.a(AppLibrary.o)
[0m[31mld: 1 duplicate symbol for architecture x86_64
[0m[31mclang: error: linker command failed with exit code 1 (use -v to see invocation)
[0m
    When running <c++ link>.
    When building rule //BuckTest:AppBinary#binary,iphonesimulator-x86_64.
[2019-04-22 10:52:29.017][debug][command:null][tid:14][com.facebook.buck.cli.Main] Done.
[2019-04-22 10:52:29.017][info ][command:null][tid:14][com.facebook.nailgun.NGSession] Nail cleanly exited with status 1
[2019-04-22 10:52:29.017][debug][command:null][tid:14][com.facebook.nailgun.NGCommunicator] Shutting down socket for input
[2019-04-22 10:52:29.017][debug][command:null][tid:14][com.facebook.nailgun.NGCommunicator] Shutting down socket for output
[2019-04-22 10:52:29.017][debug][command:null][tid:14][com.facebook.nailgun.NGCommunicator] Shutting down read ExecutorService
[2019-04-22 10:52:29.018][debug][command:null][tid:398][com.facebook.nailgun.NGCommunicator] Socket is disconnected
[2019-04-22 10:52:29.018][debug][command:null][tid:398][com.facebook.nailgun.NGCommunicator] Nailgun client disconnected
[2019-04-22 10:52:29.018][debug][command:null][tid:14][com.facebook.nailgun.NGCommunicator] Shutting down orchestrator ExecutorService
[2019-04-22 10:52:29.018][debug][command:null][tid:398][com.facebook.nailgun.NGCommunicator] Orchestrator thread finished
[2019-04-22 10:52:29.018][debug][command:null][tid:14][com.facebook.nailgun.NGSession] NGSession 1 is closing client socket
[2019-04-22 10:52:46.242][debug][command:null][tid:14][com.facebook.nailgun.NGSession] NGSession 1 accepted new connection
[2019-04-22 10:52:46.245][debug][command:null][tid:430][com.facebook.nailgun.NGCommunicator] Orchestrator thread started
[2019-04-22 10:52:46.245][debug][command:null][tid:14][com.facebook.nailgun.NGCommunicator] Shutting down socket for input
[2019-04-22 10:52:46.245][debug][command:null][tid:14][com.facebook.nailgun.NGCommunicator] Shutting down socket for output
[2019-04-22 10:52:46.245][debug][command:null][tid:14][com.facebook.nailgun.NGCommunicator] Shutting down read ExecutorService
[2019-04-22 10:52:46.245][debug][command:null][tid:430][com.facebook.nailgun.NGCommunicator] Socket is disconnected
[2019-04-22 10:52:46.245][debug][command:null][tid:430][com.facebook.nailgun.NGCommunicator] Nailgun client disconnected
[2019-04-22 10:52:46.245][debug][command:null][tid:14][com.facebook.nailgun.NGCommunicator] Shutting down orchestrator ExecutorService
[2019-04-22 10:52:46.245][debug][command:null][tid:430][com.facebook.nailgun.NGCommunicator] Orchestrator thread finished
[2019-04-22 10:52:46.246][debug][command:null][tid:14][com.facebook.nailgun.NGSession] NGSession 1 is closing client socket
[2019-04-22 10:52:46.256][debug][command:null][tid:14][com.facebook.nailgun.NGSession] NGSession 1 accepted new connection
[2019-04-22 10:52:46.259][debug][command:null][tid:432][com.facebook.nailgun.NGCommunicator] Orchestrator thread started
[2019-04-22 10:52:46.260][debug][command:null][tid:14][com.facebook.buck.util.config.Configs] Loading configuration for /Users/stevenlee/Downloads/BuckTest 3
[2019-04-22 10:52:46.260][debug][command:null][tid:14][com.facebook.buck.util.config.Configs] Loaded project configuration file /Users/stevenlee/Downloads/BuckTest 3/.buckconfig
[2019-04-22 10:52:46.260][debug][command:null][tid:14][com.facebook.buck.util.config.Configs] Adding configuration overrides RawConfig{values={}}
[2019-04-22 10:52:46.263][debug][command:null][tid:14][com.facebook.buck.cli.Main] Rotating log.
