[2019-04-11 15:33:21.431][debug][command:null][tid:14][com.facebook.buck.cli.Main] Starting up (build date 1970-01-01 07:29:59 +0730, rev ad23befe7c1a36c999860af0af69e726f1c8e423), args: [build, //BuckTest:BuckTest]
[2019-04-11 15:33:21.436][debug][command:null][tid:14][com.facebook.buck.cli.Main] System properties: {java.vendor=Oracle Corporation, sun.java.launcher=SUN_STANDARD, sun.management.compiler=HotSpot 64-Bit Tiered Compilers, jnidispatch.path=/Users/stevenlee/Downloads/BuckTest 3/.buckd/tmp/buck_run.AzLW03/jna-1522160945/jna8454960487638627117.tmp, os.name=Mac OS X, buck.enable_objc=true, sun.boot.class.path=/Library/Java/JavaVirtualMachines/jdk1.8.0_201.jdk/Contents/Home/jre/lib/resources.jar:/Library/Java/JavaVirtualMachines/jdk1.8.0_201.jdk/Contents/Home/jre/lib/rt.jar:/Library/Java/JavaVirtualMachines/jdk1.8.0_201.jdk/Contents/Home/jre/lib/sunrsasign.jar:/Library/Java/JavaVirtualMachines/jdk1.8.0_201.jdk/Contents/Home/jre/lib/jsse.jar:/Library/Java/JavaVirtualMachines/jdk1.8.0_201.jdk/Contents/Home/jre/lib/jce.jar:/Library/Java/JavaVirtualMachines/jdk1.8.0_201.jdk/Contents/Home/jre/lib/charsets.jar:/Library/Java/JavaVirtualMachines/jdk1.8.0_201.jdk/Contents/Home/jre/lib/jfr.jar:/Library/Java/JavaVirtualMachines/jdk1.8.0_201.jdk/Contents/Home/jre/classes, user.country.format=SG, buck.module.resources=/Users/stevenlee/Downloads/BuckTest 3/.buckd/resources/ad23befe7c1a36c999860af0af69e726f1c8e423/buck-modules-resources, pf4j.pluginsDir=/Users/stevenlee/Downloads/BuckTest 3/.buckd/resources/ad23befe7c1a36c999860af0af69e726f1c8e423/buck-modules, buck.resource_lock_path=/Users/stevenlee/Downloads/BuckTest 3/.buckd/resources/ad23befe7c1a36c999860af0af69e726f1c8e423/.buck_lock, buck.path_to_isolated_trampoline=/Users/stevenlee/Downloads/BuckTest 3/.buckd/resources/ad23befe7c1a36c999860af0af69e726f1c8e423/path_to_isolated_trampoline, java.vm.specification.vendor=Oracle Corporation, java.runtime.version=1.8.0_201-b09, jna.loaded=true, buck.testrunner_classes=/Users/stevenlee/Downloads/BuckTest 3/.buckd/resources/ad23befe7c1a36c999860af0af69e726f1c8e423/testrunner_classes, buck.logging_config_file=/Users/stevenlee/Downloads/BuckTest 3/.buckd/resources/ad23befe7c1a36c999860af0af69e726f1c8e423/logging_config_file, buck.path_to_sh_binary_template=/Users/stevenlee/Downloads/BuckTest 3/.buckd/resources/ad23befe7c1a36c999860af0af69e726f1c8e423/path_to_sh_binary_template, user.name=stevenlee, com.facebook.nailgun.NGServer.outputPath=/Users/stevenlee/Downloads/BuckTest 3/.buckd/tmp/buck_run.AzLW03/ngserver-out, buck.path_to_pywatchman=/Users/stevenlee/Downloads/BuckTest 3/.buckd/resources/ad23befe7c1a36c999860af0af69e726f1c8e423/path_to_pywatchman, buck.report_generator_jar=/Users/stevenlee/Downloads/BuckTest 3/.buckd/resources/ad23befe7c1a36c999860af0af69e726f1c8e423/report_generator_jar, buck.git_commit=ad23befe7c1a36c999860af0af69e726f1c8e423, user.language=en, sun.boot.library.path=/Library/Java/JavaVirtualMachines/jdk1.8.0_201.jdk/Contents/Home/jre/lib, jna.nosys=true, java.version=1.8.0_201, user.timezone=Asia/Singapore, buck.test_util_no_tests_dir=true, sun.arch.data.model=64, http.nonProxyHosts=local|*.local|169.254/16|*.169.254/16, java.endorsed.dirs=/Library/Java/JavaVirtualMachines/jdk1.8.0_201.jdk/Contents/Home/jre/lib/endorsed, sun.cpu.isalist=, sun.jnu.encoding=UTF-8, file.encoding.pkg=sun.io, file.separator=/, java.specification.name=Java Platform API Specification, buck.jacoco_agent_jar=/Users/stevenlee/Downloads/BuckTest 3/.buckd/resources/ad23befe7c1a36c999860af0af69e726f1c8e423/jacoco_agent_jar, java.class.version=52.0, user.country=GB, buck.binary_hash=dbcee53f32f7fa760cef191b77064a13, java.home=/Library/Java/JavaVirtualMachines/jdk1.8.0_201.jdk/Contents/Home/jre, buck.fix_script=/Users/stevenlee/Downloads/BuckTest 3/.buckd/resources/ad23befe7c1a36c999860af0af69e726f1c8e423/fix_script, java.vm.info=mixed mode, os.version=10.14.4, buck.version_uid=ad23befe7c1a36c999860af0af69e726f1c8e423, org.eclipse.jetty.util.log.class=org.eclipse.jetty.util.log.JavaUtilLog, path.separator=:, java.vm.version=25.201-b09, java.awt.printerjob=sun.lwawt.macosx.CPrinterJob, sun.io.unicode.encoding=UnicodeBig, awt.toolkit=sun.lwawt.macosx.LWCToolkit, buck.mode=package, buck.buck_build_type_info=/Users/stevenlee/Downloads/BuckTest 3/.buckd/resources/ad23befe7c1a36c999860af0af69e726f1c8e423/buck_build_type_info, socksNonProxyHosts=local|*.local|169.254/16|*.169.254/16, ftp.nonProxyHosts=local|*.local|169.254/16|*.169.254/16, buck.dx=/Users/stevenlee/Downloads/BuckTest 3/.buckd/resources/ad23befe7c1a36c999860af0af69e726f1c8e423/dx, buck.git_commit_timestamp=-1, user.home=/Users/stevenlee, java.specification.vendor=Oracle Corporation, buck.git_dirty=0, java.library.path=/Users/stevenlee/Downloads/BuckTest 3/.buckd/resources/ad23befe7c1a36c999860af0af69e726f1c8e423, java.vendor.url=http://java.oracle.com/, java.vm.vendor=Oracle Corporation, gopherProxySet=false, java.runtime.name=Java(TM) SE Runtime Environment, sun.java.command=com.facebook.buck.cli.bootstrapper.ClassLoaderBootstrapper com.facebook.buck.cli.Main$DaemonBootstrap local:.buckd/sock 180000, java.class.path=/Users/stevenlee/Downloads/BuckTest 3/.buckd/resources/ad23befe7c1a36c999860af0af69e726f1c8e423/bootstrapper_jar, buck.buckd_dir=/Users/stevenlee/Downloads/BuckTest 3/.buckd, buck.path_to_pathlib_py=/Users/stevenlee/Downloads/BuckTest 3/.buckd/resources/ad23befe7c1a36c999860af0af69e726f1c8e423/pathlib.py, buck.buckd_launch_time_nanos=158044577246401, java.vm.specification.name=Java Virtual Machine Specification, java.vm.specification.version=1.8, sun.cpu.endian=little, sun.os.patch.level=unknown, java.awt.headless=true, java.io.tmpdir=/Users/stevenlee/Downloads/BuckTest 3/.buckd/tmp/buck_run.AzLW03, buck.android_agent_path=/Users/stevenlee/Downloads/BuckTest 3/.buckd/resources/ad23befe7c1a36c999860af0af69e726f1c8e423/android_agent_path, java.vendor.url.bug=http://bugreport.sun.com/bugreport/, buck.path_to_python_dsl=, jna.platform.library.path=/usr/lib:/usr/lib, os.arch=x86_64, java.awt.graphicsenv=sun.awt.CGraphicsEnvironment, java.ext.dirs=/Users/stevenlee/Library/Java/Extensions:/Library/Java/JavaVirtualMachines/jdk1.8.0_201.jdk/Contents/Home/jre/lib/ext:/Library/Java/Extensions:/Network/Library/Java/Extensions:/System/Library/Java/Extensions:/usr/lib/java, java.util.logging.config.class=com.facebook.buck.cli.bootstrapper.LogConfig, buck.path_to_six_py=/Users/stevenlee/Downloads/BuckTest 3/.buckd/resources/ad23befe7c1a36c999860af0af69e726f1c8e423/six.py, user.dir=/Users/stevenlee/Downloads/BuckTest 3, java.nio.file.spi.DefaultFileSystemProvider=com.facebook.buck.cli.bootstrapper.filesystem.BuckFileSystemProvider, line.separator=
, java.vm.name=Java HotSpot(TM) 64-Bit Server VM, buck.path_to_typing=/Users/stevenlee/Downloads/BuckTest 3/.buckd/resources/ad23befe7c1a36c999860af0af69e726f1c8e423/path_to_typing, buck.native_exopackage_fake_path=/Users/stevenlee/Downloads/BuckTest 3/.buckd/resources/ad23befe7c1a36c999860af0af69e726f1c8e423/native_exopackage_fake_path, file.encoding=UTF-8, java.specification.version=1.8}
[2019-04-11 15:33:21.437][debug][command:null][tid:14][com.facebook.buck.util.config.Configs] Loading configuration for /Users/stevenlee/Downloads/BuckTest 3
[2019-04-11 15:33:21.437][debug][command:null][tid:14][com.facebook.buck.util.config.Configs] Loaded project configuration file /Users/stevenlee/Downloads/BuckTest 3/.buckconfig
[2019-04-11 15:33:21.437][debug][command:null][tid:14][com.facebook.buck.util.config.Configs] Adding configuration overrides RawConfig{values={}}
[2019-04-11 15:33:21.439][info ][command:null][tid:14][com.facebook.buck.io.watchman.WatchmanFactory] Creating for: [/Users/stevenlee/Downloads/BuckTest 3]
[2019-04-11 15:33:21.439][debug][command:null][tid:14][com.facebook.buck.io.ExecutableFinder] Executable 'watchman' mapped to 'Optional[/usr/local/bin/watchman]'
[2019-04-11 15:33:21.439][debug][command:null][tid:14][com.facebook.buck.util.ListeningProcessExecutor] Launching process with params ProcessExecutorParams{command=[/usr/local/bin/watchman, --output-encoding=bser, get-sockname]}
[2019-04-11 15:33:21.441][debug][command:null][tid:14][com.facebook.buck.util.ListeningProcessExecutor] Successfully launched process com.zaxxer.nuprocess.osx.OsxProcess@2980cbec
[2019-04-11 15:33:21.441][debug][command:null][tid:14][com.facebook.buck.util.ListeningProcessExecutor] Waiting for process com.facebook.buck.util.ListeningProcessExecutor$LaunchedProcessImpl@725662fd timeout 1000000000 NANOSECONDS
[2019-04-11 15:33:21.457][debug][command:null][tid:14][com.facebook.buck.util.ListeningProcessExecutor] Wait for process returned 0
[2019-04-11 15:33:21.457][debug][command:null][tid:14][com.facebook.buck.io.watchman.WatchmanFactory] Waited 16 ms for Watchman command get-sockname, exit code 0
[2019-04-11 15:33:21.457][debug][command:null][tid:14][com.facebook.buck.io.watchman.WatchmanFactory] stdout of command: {sockname=/usr/local/var/run/watchman/stevenlee-state/sock, version=4.9.0}
[2019-04-11 15:33:21.457][info ][command:null][tid:14][com.facebook.buck.io.watchman.WatchmanFactory] Connecting to Watchman version 4.9.0 at /usr/local/var/run/watchman/stevenlee-state/sock
[2019-04-11 15:33:21.458][debug][command:null][tid:14][com.facebook.buck.io.watchman.WatchmanTransportClient] Query [version, {required=[cmd-watch-project], optional=[term-dirname, cmd-watch-project, wildmatch, wildmatch_multislash, glob_generator, clock-sync-timeout]}] returned in 0 ms
[2019-04-11 15:33:21.458][info ][command:null][tid:14][com.facebook.buck.io.watchman.WatchmanFactory] Took 0 ms to query capabilities {term-dirname=DIRNAME, cmd-watch-project=SUPPORTS_PROJECT_WATCH, wildmatch=WILDMATCH_GLOB, wildmatch_multislash=WILDMATCH_MULTISLASH, glob_generator=GLOB_GENERATOR, clock-sync-timeout=CLOCK_SYNC_TIMEOUT}
[2019-04-11 15:33:21.458][debug][command:null][tid:14][com.facebook.buck.io.watchman.WatchmanFactory] Got capabilities response: {clock-sync-timeout=true, glob_generator=true, wildmatch_multislash=false, cmd-watch-project=true, wildmatch=true, term-dirname=true}
[2019-04-11 15:33:21.458][debug][command:null][tid:14][com.facebook.buck.io.watchman.WatchmanFactory] Got Watchman capabilities: [CLOCK_SYNC_TIMEOUT, GLOB_GENERATOR, SUPPORTS_PROJECT_WATCH, WILDMATCH_GLOB, DIRNAME]
[2019-04-11 15:33:21.458][info ][command:null][tid:14][com.facebook.buck.io.watchman.WatchmanFactory] Adding watchman root: /Users/stevenlee/Downloads/BuckTest 3
[2019-04-11 15:33:21.458][debug][command:null][tid:14][com.facebook.buck.io.watchman.WatchmanTransportClient] Query [watch-project, /Users/stevenlee/Downloads/BuckTest 3] returned in 0 ms
[2019-04-11 15:33:21.459][debug][command:null][tid:14][com.facebook.buck.io.watchman.WatchmanTransportClient] Query [watch-project, /Users/stevenlee/Downloads/BuckTest 3] returned in 0 ms
[2019-04-11 15:33:21.459][info ][command:null][tid:14][com.facebook.buck.io.watchman.WatchmanFactory] Took 0 ms to add root /Users/stevenlee/Downloads/BuckTest 3
[2019-04-11 15:33:21.464][debug][command:null][tid:14][com.facebook.buck.io.watchman.WatchmanTransportClient] Query [clock, /Users/stevenlee/Downloads/BuckTest 3, {sync_timeout=100}] returned in 5 ms
[2019-04-11 15:33:21.464][info ][command:null][tid:14][com.facebook.buck.io.watchman.WatchmanFactory] Took 5 ms to query for initial clock id Optional[c:1554802630:396:1:5594]
[2019-04-11 15:33:21.465][debug][command:null][tid:14][com.facebook.buck.io.watchman.WatchmanFactory] Connected to Watchman
[2019-04-11 15:33:21.465][debug][command:null][tid:14][com.facebook.buck.io.watchman.WatchmanTransportClient] Closing Watchman transport.
[2019-04-11 15:33:21.465][debug][command:null][tid:14][com.facebook.buck.cli.Main] Watchman capabilities: [CLOCK_SYNC_TIMEOUT, GLOB_GENERATOR, SUPPORTS_PROJECT_WATCH, WILDMATCH_GLOB, DIRNAME] Project watches: {/Users/stevenlee/Downloads/BuckTest 3=ProjectWatch{watchRoot=/Users/stevenlee/Downloads/BuckTest 3}} Glob handler config: PYTHON Query timeout ms config: Optional.empty
[2019-04-11 15:33:21.476][debug][command:null][tid:14][com.facebook.buck.apple.toolchain.impl.AppleToolchainDiscovery] Searching for Xcode toolchains under /Users/stevenlee/Downloads/Xcode.app/Contents/Developer/Toolchains
[2019-04-11 15:33:21.476][debug][command:null][tid:14][com.facebook.buck.apple.toolchain.impl.AppleToolchainDiscovery] Searching for Xcode toolchains in /Users/stevenlee/Downloads/Xcode.app/Contents/Developer/Toolchains
[2019-04-11 15:33:21.477][debug][command:null][tid:14][com.facebook.buck.apple.toolchain.impl.AppleToolchainDiscovery] Getting identifier for for Xcode toolchain under /Users/stevenlee/Downloads/Xcode.app/Contents/Developer/Toolchains/XcodeDefault.xctoolchain
[2019-04-11 15:33:21.477][debug][command:null][tid:14][com.facebook.buck.apple.toolchain.impl.AppleToolchainDiscovery] Mapped SDK identifier com.apple.dt.toolchain.XcodeDefault to path /Users/stevenlee/Downloads/Xcode.app/Contents/Developer/Toolchains/XcodeDefault.xctoolchain
[2019-04-11 15:33:21.477][debug][command:null][tid:14][com.facebook.buck.apple.toolchain.impl.AppleSdkDiscovery] Searching for Xcode platforms under /Users/stevenlee/Downloads/Xcode.app/Contents/Developer/Platforms
[2019-04-11 15:33:21.477][debug][command:null][tid:14][com.facebook.buck.apple.toolchain.impl.AppleSdkDiscovery] Searching for Xcode SDKs in /Users/stevenlee/Downloads/Xcode.app/Contents/Developer/Platforms
[2019-04-11 15:33:21.477][debug][command:null][tid:14][com.facebook.buck.apple.toolchain.impl.AppleSdkDiscovery] Fetching SDK name for /Users/stevenlee/Downloads/Xcode.app/Contents/Developer/Platforms/AppleTVOS.platform/Developer/SDKs/AppleTVOS12.1.sdk
[2019-04-11 15:33:21.477][debug][command:null][tid:14][com.facebook.buck.apple.toolchain.impl.AppleSdkDiscovery] Found SDK AppleSdk{name=appletvos12.1, version=12.1, applePlatform=ApplePlatform{name=appletvos, provisioningProfileName=tvOS, architectures=[arm64], minVersionFlagPrefix=-mtvos-version-min=, appIncludesFrameworks=false}, architectures=[arm64], toolchains=[AppleToolchain{identifier=com.apple.dt.toolchain.XcodeDefault, path=/Users/stevenlee/Downloads/Xcode.app/Contents/Developer/Toolchains/XcodeDefault.xctoolchain}]}
[2019-04-11 15:33:21.477][debug][command:null][tid:14][com.facebook.buck.apple.toolchain.impl.AppleSdkDiscovery] Fetching SDK name for /Users/stevenlee/Downloads/Xcode.app/Contents/Developer/Platforms/AppleTVOS.platform/Developer/SDKs/AppleTVOS.sdk
[2019-04-11 15:33:21.478][debug][command:null][tid:14][com.facebook.buck.apple.toolchain.impl.AppleSdkDiscovery] Skipping already scanned SDK directory /Users/stevenlee/Downloads/Xcode.app/Contents/Developer/Platforms/AppleTVOS.platform/Developer/SDKs/AppleTVOS.sdk
[2019-04-11 15:33:21.478][debug][command:null][tid:14][com.facebook.buck.apple.toolchain.impl.AppleSdkDiscovery] Fetching SDK name for /Users/stevenlee/Downloads/Xcode.app/Contents/Developer/Platforms/iPhoneOS.platform/Developer/SDKs/iPhoneOS.sdk
[2019-04-11 15:33:21.478][debug][command:null][tid:14][com.facebook.buck.apple.toolchain.impl.AppleSdkDiscovery] Found SDK AppleSdk{name=iphoneos12.1, version=12.1, applePlatform=ApplePlatform{name=iphoneos, swiftName=ios, provisioningProfileName=iOS, architectures=[armv7, arm64], minVersionFlagPrefix=-mios-version-min=, stubBinaryPath=Library/Application Support/WatchKit/WK, appIncludesFrameworks=false}, architectures=[armv7, arm64], toolchains=[AppleToolchain{identifier=com.apple.dt.toolchain.XcodeDefault, path=/Users/stevenlee/Downloads/Xcode.app/Contents/Developer/Toolchains/XcodeDefault.xctoolchain}]}
[2019-04-11 15:33:21.478][debug][command:null][tid:14][com.facebook.buck.apple.toolchain.impl.AppleSdkDiscovery] Fetching SDK name for /Users/stevenlee/Downloads/Xcode.app/Contents/Developer/Platforms/iPhoneOS.platform/Developer/SDKs/iPhoneOS12.1.sdk
[2019-04-11 15:33:21.478][debug][command:null][tid:14][com.facebook.buck.apple.toolchain.impl.AppleSdkDiscovery] Skipping already scanned SDK directory /Users/stevenlee/Downloads/Xcode.app/Contents/Developer/Platforms/iPhoneOS.platform/Developer/SDKs/iPhoneOS.sdk
[2019-04-11 15:33:21.478][debug][command:null][tid:14][com.facebook.buck.apple.toolchain.impl.AppleSdkDiscovery] Fetching SDK name for /Users/stevenlee/Downloads/Xcode.app/Contents/Developer/Platforms/WatchOS.platform/Developer/SDKs/WatchOS.sdk
[2019-04-11 15:33:21.478][debug][command:null][tid:14][com.facebook.buck.apple.toolchain.impl.AppleSdkDiscovery] Found SDK AppleSdk{name=watchos5.1, version=5.1, applePlatform=ApplePlatform{name=watchos, provisioningProfileName=iOS, architectures=[armv7k, arm64_32], minVersionFlagPrefix=-mwatchos-version-min=, stubBinaryPath=Library/Application Support/WatchKit/WK, appIncludesFrameworks=false}, architectures=[armv7k, arm64_32], toolchains=[AppleToolchain{identifier=com.apple.dt.toolchain.XcodeDefault, path=/Users/stevenlee/Downloads/Xcode.app/Contents/Developer/Toolchains/XcodeDefault.xctoolchain}]}
[2019-04-11 15:33:21.479][debug][command:null][tid:14][com.facebook.buck.apple.toolchain.impl.AppleSdkDiscovery] Fetching SDK name for /Users/stevenlee/Downloads/Xcode.app/Contents/Developer/Platforms/WatchOS.platform/Developer/SDKs/WatchOS5.1.sdk
[2019-04-11 15:33:21.479][debug][command:null][tid:14][com.facebook.buck.apple.toolchain.impl.AppleSdkDiscovery] Skipping already scanned SDK directory /Users/stevenlee/Downloads/Xcode.app/Contents/Developer/Platforms/WatchOS.platform/Developer/SDKs/WatchOS.sdk
[2019-04-11 15:33:21.479][debug][command:null][tid:14][com.facebook.buck.apple.toolchain.impl.AppleSdkDiscovery] Fetching SDK name for /Users/stevenlee/Downloads/Xcode.app/Contents/Developer/Platforms/MacOSX.platform/Developer/SDKs/MacOSX10.14.sdk
[2019-04-11 15:33:21.479][debug][command:null][tid:14][com.facebook.buck.apple.toolchain.impl.AppleSdkDiscovery] Found SDK AppleSdk{name=macosx10.14, version=10.14, applePlatform=ApplePlatform{name=macosx, architectures=[i386, x86_64], minVersionFlagPrefix=-mmacosx-version-min=, appIncludesFrameworks=true}, architectures=[i386, x86_64], toolchains=[AppleToolchain{identifier=com.apple.dt.toolchain.XcodeDefault, path=/Users/stevenlee/Downloads/Xcode.app/Contents/Developer/Toolchains/XcodeDefault.xctoolchain}]}
[2019-04-11 15:33:21.479][debug][command:null][tid:14][com.facebook.buck.apple.toolchain.impl.AppleSdkDiscovery] Fetching SDK name for /Users/stevenlee/Downloads/Xcode.app/Contents/Developer/Platforms/MacOSX.platform/Developer/SDKs/MacOSX.sdk
[2019-04-11 15:33:21.479][debug][command:null][tid:14][com.facebook.buck.apple.toolchain.impl.AppleSdkDiscovery] Skipping already scanned SDK directory /Users/stevenlee/Downloads/Xcode.app/Contents/Developer/Platforms/MacOSX.platform/Developer/SDKs/MacOSX.sdk
[2019-04-11 15:33:21.479][debug][command:null][tid:14][com.facebook.buck.apple.toolchain.impl.AppleSdkDiscovery] Fetching SDK name for /Users/stevenlee/Downloads/Xcode.app/Contents/Developer/Platforms/WatchSimulator.platform/Developer/SDKs/WatchSimulator.sdk
[2019-04-11 15:33:21.479][debug][command:null][tid:14][com.facebook.buck.apple.toolchain.impl.AppleSdkDiscovery] Found SDK AppleSdk{name=watchsimulator5.1, version=5.1, applePlatform=ApplePlatform{name=watchsimulator, architectures=[i386, x86_64], minVersionFlagPrefix=-mwatchos-simulator-version-min=, stubBinaryPath=Library/Application Support/WatchKit/WK, appIncludesFrameworks=false}, architectures=[i386, x86_64], toolchains=[AppleToolchain{identifier=com.apple.dt.toolchain.XcodeDefault, path=/Users/stevenlee/Downloads/Xcode.app/Contents/Developer/Toolchains/XcodeDefault.xctoolchain}]}
[2019-04-11 15:33:21.480][debug][command:null][tid:14][com.facebook.buck.apple.toolchain.impl.AppleSdkDiscovery] Fetching SDK name for /Users/stevenlee/Downloads/Xcode.app/Contents/Developer/Platforms/WatchSimulator.platform/Developer/SDKs/WatchSimulator5.1.sdk
[2019-04-11 15:33:21.480][debug][command:null][tid:14][com.facebook.buck.apple.toolchain.impl.AppleSdkDiscovery] Skipping already scanned SDK directory /Users/stevenlee/Downloads/Xcode.app/Contents/Developer/Platforms/WatchSimulator.platform/Developer/SDKs/WatchSimulator.sdk
[2019-04-11 15:33:21.480][debug][command:null][tid:14][com.facebook.buck.apple.toolchain.impl.AppleSdkDiscovery] Fetching SDK name for /Users/stevenlee/Downloads/Xcode.app/Contents/Developer/Platforms/AppleTVSimulator.platform/Developer/SDKs/AppleTVSimulator.sdk
[2019-04-11 15:33:21.480][debug][command:null][tid:14][com.facebook.buck.apple.toolchain.impl.AppleSdkDiscovery] Found SDK AppleSdk{name=appletvsimulator12.1, version=12.1, applePlatform=ApplePlatform{name=appletvsimulator, swiftName=tvos, architectures=[x86_64], minVersionFlagPrefix=-mtvos-simulator-version-min=, appIncludesFrameworks=false}, architectures=[x86_64], toolchains=[AppleToolchain{identifier=com.apple.dt.toolchain.XcodeDefault, path=/Users/stevenlee/Downloads/Xcode.app/Contents/Developer/Toolchains/XcodeDefault.xctoolchain}]}
[2019-04-11 15:33:21.480][debug][command:null][tid:14][com.facebook.buck.apple.toolchain.impl.AppleSdkDiscovery] Fetching SDK name for /Users/stevenlee/Downloads/Xcode.app/Contents/Developer/Platforms/AppleTVSimulator.platform/Developer/SDKs/AppleTVSimulator12.1.sdk
[2019-04-11 15:33:21.480][debug][command:null][tid:14][com.facebook.buck.apple.toolchain.impl.AppleSdkDiscovery] Skipping already scanned SDK directory /Users/stevenlee/Downloads/Xcode.app/Contents/Developer/Platforms/AppleTVSimulator.platform/Developer/SDKs/AppleTVSimulator.sdk
[2019-04-11 15:33:21.480][debug][command:null][tid:14][com.facebook.buck.apple.toolchain.impl.AppleSdkDiscovery] Fetching SDK name for /Users/stevenlee/Downloads/Xcode.app/Contents/Developer/Platforms/iPhoneSimulator.platform/Developer/SDKs/iPhoneSimulator.sdk
[2019-04-11 15:33:21.480][debug][command:null][tid:14][com.facebook.buck.apple.toolchain.impl.AppleSdkDiscovery] Found SDK AppleSdk{name=iphonesimulator12.1, version=12.1, applePlatform=ApplePlatform{name=iphonesimulator, swiftName=ios, architectures=[i386, x86_64], minVersionFlagPrefix=-mios-simulator-version-min=, stubBinaryPath=Library/Application Support/WatchKit/WK, appIncludesFrameworks=false}, architectures=[i386, x86_64], toolchains=[AppleToolchain{identifier=com.apple.dt.toolchain.XcodeDefault, path=/Users/stevenlee/Downloads/Xcode.app/Contents/Developer/Toolchains/XcodeDefault.xctoolchain}]}
[2019-04-11 15:33:21.480][debug][command:null][tid:14][com.facebook.buck.apple.toolchain.impl.AppleSdkDiscovery] Fetching SDK name for /Users/stevenlee/Downloads/Xcode.app/Contents/Developer/Platforms/iPhoneSimulator.platform/Developer/SDKs/iPhoneSimulator12.1.sdk
[2019-04-11 15:33:21.481][debug][command:null][tid:14][com.facebook.buck.apple.toolchain.impl.AppleSdkDiscovery] Skipping already scanned SDK directory /Users/stevenlee/Downloads/Xcode.app/Contents/Developer/Platforms/iPhoneSimulator.platform/Developer/SDKs/iPhoneSimulator.sdk
[2019-04-11 15:33:21.481][warn ][command:null][tid:14][com.facebook.buck.core.toolchain.impl.DefaultToolchainProvider] Cannot create a toolchain: android-ndk-location. Cause: Android NDK could not be found. Make sure to set one of these  environment variables: ANDROID_NDK_REPOSITORY, ANDROID_NDK, or NDK_HOME or ndk.ndk_path or ndk.ndk_repository_path in your .buckconfig
[2019-04-11 15:33:21.483][debug][command:a0c49b7b-9f55-457b-b7b1-811f0852e662][tid:14][com.facebook.buck.event.listener.RenderingConsole] Starting render scheduler (interval 100 ms)
[2019-04-11 15:33:21.483][debug][command:a0c49b7b-9f55-457b-b7b1-811f0852e662][tid:14][com.google.common.util.concurrent.ServiceManager] Starting PerfStatsTracking [STARTING].
[2019-04-11 15:33:21.484][debug][command:a0c49b7b-9f55-457b-b7b1-811f0852e662][tid:14][com.google.common.util.concurrent.ServiceManager] Starting ProcessTracker [STARTING].
[2019-04-11 15:33:21.484][debug][command:null][tid:1367][com.facebook.buck.util.perf.ProcessTracker] startUp
[2019-04-11 15:33:21.484][debug][command:a0c49b7b-9f55-457b-b7b1-811f0852e662][tid:14][com.facebook.buck.util.environment.MacWifiSsidFinder] Getting current SSID..
[2019-04-11 15:33:21.483][debug][command:null][tid:1366][com.google.common.util.concurrent.ServiceManager] Started PerfStatsTracking [RUNNING] in 514.3 Î¼s.
[2019-04-11 15:33:21.485][debug][command:null][tid:1367][com.google.common.util.concurrent.ServiceManager] Started ProcessTracker [RUNNING] in 1.761 ms.
[2019-04-11 15:33:21.485][debug][command:a0c49b7b-9f55-457b-b7b1-811f0852e662][tid:14][com.facebook.buck.util.environment.MacWifiSsidFinder] Getting SSID from Wi-Fi interface: <CWInterface: 0x7ff4a3865430> [interfaceName=en0]
[2019-04-11 15:33:21.486][debug][command:a0c49b7b-9f55-457b-b7b1-811f0852e662][tid:14][com.facebook.buck.util.environment.MacWifiSsidFinder] No SSID found for interface <CWInterface: 0x7ff4a3865430> [interfaceName=en0].
[2019-04-11 15:33:21.486][debug][command:a0c49b7b-9f55-457b-b7b1-811f0852e662][tid:14][com.facebook.buck.cli.Main] InvocationInfo BuildId=[a0c49b7b-9f55-457b-b7b1-811f0852e662] Args=[build, //BuckTest:BuckTest]
[2019-04-11 15:33:21.489][warn ][command:null][tid:1370][com.facebook.buck.event.listener.PublicAnnouncementManager] Failed to get public announcements. Reason: Failed to establish connection to server.
[2019-04-11 15:33:21.489][debug][command:null][tid:1371][com.facebook.buck.util.environment.MacNetworkConfiguration] Determine network service order and extract device names
[2019-04-11 15:33:21.489][debug][command:null][tid:1371][com.facebook.buck.util.ListeningProcessExecutor] Launching process with params ProcessExecutorParams{command=[networksetup, -listnetworkserviceorder, ]}
[2019-04-11 15:33:21.490][debug][command:null][tid:1371][com.facebook.buck.util.ListeningProcessExecutor] Successfully launched process com.zaxxer.nuprocess.osx.OsxProcess@768eab2f
[2019-04-11 15:33:21.491][debug][command:null][tid:1371][com.facebook.buck.util.ListeningProcessExecutor] Waiting for process com.facebook.buck.util.ListeningProcessExecutor$LaunchedProcessImpl@6da38bac timeout 1000 MILLISECONDS
[2019-04-11 15:33:21.494][debug][command:null][tid:1373][com.facebook.buck.io.watchman.WatchmanTransportClient] Query [query, /Users/stevenlee/Downloads/BuckTest 3, {since=c:1554802630:396:1:5511, expression=[not, [anyof, [type, d], [dirname, .idea], [dirname, .buckd], [dirname, buck-out/cache], [dirname, tools], [dirname, .git], [dirname, buck-out/.trash], [dirname, buck-out], [match, [build], wholename, {includedotfiles=true}], [match, **/*.pbxproj, wholename, {includedotfiles=true}], [match, **/*.xcscheme, wholename, {includedotfiles=true}], [match, **/*.xcworkspacedata, wholename, {includedotfiles=true}], [match, **/*~, wholename, {includedotfiles=true}], [match, **/#*#, wholename, {includedotfiles=true}], [match, **/.#*, wholename, {includedotfiles=true}], [match, **/*.swo, wholename, {includedotfiles=true}], [match, **/*.swp, wholename, {includedotfiles=true}], [match, **/*.swpx, wholename, {includedotfiles=true}], [match, **/*.un~, wholename, {includedotfiles=true}], [match, **/*.netrhwist, wholename, {includedotfiles=true}], [match, .idea, wholename, {includedotfiles=true}], [match, .iml, wholename, {includedotfiles=true}], [match, **/*.pydevproject, wholename, {includedotfiles=true}], [match, .project, wholename, {includedotfiles=true}], [match, .metadata, wholename, {includedotfiles=true}], [match, **/*.tmp, wholename, {includedotfiles=true}], [match, **/*.bak, wholename, {includedotfiles=true}], [match, **/*.nib, wholename, {includedotfiles=true}], [match, .classpath, wholename, {includedotfiles=true}], [match, .settings, wholename, {includedotfiles=true}], [match, .loadpath, wholename, {includedotfiles=true}], [match, .externalToolBuilders, wholename, {includedotfiles=true}], [match, .cproject, wholename, {includedotfiles=true}], [match, .buildpath, wholename, {includedotfiles=true}], [match, .DS_Store, wholename, {includedotfiles=true}], [match, .AppleDouble, wholename, {includedotfiles=true}], [match, .LSOverride, wholename, {includedotfiles=true}], [match, .Spotlight-V100, wholename, {includedotfiles=true}], [match, .Trashes, wholename, {includedotfiles=true}], [match, $RECYCLE.BIN, wholename, {includedotfiles=true}], [match, **/*.sublime-workspace, wholename, {includedotfiles=true}]]], empty_on_fresh_instance=true, fields=[name, exists, new]}] returned in 3 ms
[2019-04-11 15:33:21.494][debug][command:null][tid:1373][com.facebook.buck.io.watchman.WatchmanWatcher] Updating Watchman Cursor from c:1554802630:396:1:5511 to c:1554802630:396:1:5596
[2019-04-11 15:33:21.494][debug][command:null][tid:1373][com.facebook.buck.io.watchman.WatchmanWatcher] Posted 0 Watchman events.
[2019-04-11 15:33:21.494][debug][command:null][tid:1373][com.facebook.buck.io.watchman.WatchmanTransportClient] Closing Watchman transport.
[2019-04-11 15:33:21.496][info ][command:a0c49b7b-9f55-457b-b7b1-811f0852e662][tid:1372][com.facebook.buck.event.listener.LoggingBuildListener] Build started at 2019-04-11 15:33:21.496
[2019-04-11 15:33:21.497][info ][command:a0c49b7b-9f55-457b-b7b1-811f0852e662][tid:14][com.facebook.buck.core.model.actiongraph.computation.ActionGraphProvider] ActionGraph cache hit.
[2019-04-11 15:33:21.497][debug][command:a0c49b7b-9f55-457b-b7b1-811f0852e662][tid:1372][com.facebook.buck.event.listener.SuperConsoleEventBusListener] Action graph cache hit: Watchman reported no changes
[2019-04-11 15:33:21.497][debug][command:a0c49b7b-9f55-457b-b7b1-811f0852e662][tid:14][com.facebook.buck.core.build.engine.impl.MetadataChecker] Checking metadata_storage for /Users/stevenlee/Downloads/BuckTest 3
[2019-04-11 15:33:21.525][warn ][command:a0c49b7b-9f55-457b-b7b1-811f0852e662][tid:1379][com.facebook.buck.rules.keys.RuleKeyBuilder] Attempting to add absolute path to rule key. Only using file name: /usr/bin/codesign
[2019-04-11 15:33:21.526][debug][command:a0c49b7b-9f55-457b-b7b1-811f0852e662][tid:1384][com.facebook.buck.core.build.engine.cache.manager.BuildCacheArtifactFetcher] Cache miss for '//BuckTest:BuckTest#dwarf-and-dsym,no-include-frameworks' with rulekey 'd577ac70785fce3694918c602f74f89805dd4035'
[2019-04-11 15:33:21.528][debug][command:a0c49b7b-9f55-457b-b7b1-811f0852e662][tid:1384][com.facebook.buck.core.build.engine.cache.manager.BuildCacheArtifactFetcher] Cache miss for '//BuckTest:AppBinary#iphonesimulator-x86_64,strip-non-global,stripped' with rulekey 'd8f75b47ad859cc16b65450fde0a9bb06873adff'
[2019-04-11 15:33:21.528][debug][command:a0c49b7b-9f55-457b-b7b1-811f0852e662][tid:1380][com.facebook.buck.core.build.engine.cache.manager.BuildCacheArtifactFetcher] Cache miss for '//BuckTest:AppBinary#apple-dsym,iphonesimulator-x86_64' with rulekey '5cadf675e22f2c3ef07dcbb43c8ac6a6312059d9'
[2019-04-11 15:33:21.529][debug][command:a0c49b7b-9f55-457b-b7b1-811f0852e662][tid:1377][com.facebook.buck.core.build.engine.cache.manager.BuildCacheArtifactFetcher] Cache miss for '//Pods:FirebaseDatabase#iphonesimulator-x86_64,static' with rulekey '14c89d520208f6ea270471d41963946e74358b96'
[2019-04-11 15:33:21.529][debug][command:a0c49b7b-9f55-457b-b7b1-811f0852e662][tid:1380][com.facebook.buck.core.build.engine.cache.manager.BuildCacheArtifactFetcher] Cache miss for '//BuckTest:AppBinary#apple-debuggable-binary,dwarf-and-dsym,iphonesimulator-x86_64' with rulekey '314a79d2235e61dd290d977f3885b81457724b47'
[2019-04-11 15:33:21.529][debug][command:a0c49b7b-9f55-457b-b7b1-811f0852e662][tid:1384][com.facebook.buck.core.build.engine.cache.manager.BuildCacheArtifactFetcher] Cache miss for '//BuckTest:AppBinary#binary,iphonesimulator-x86_64' with rulekey '0ef7557f580a855ced6a06b812b7b858e787882c'
[2019-04-11 15:33:21.538][debug][command:a0c49b7b-9f55-457b-b7b1-811f0852e662][tid:1382][com.facebook.buck.core.build.engine.cache.manager.BuildCacheArtifactFetcher] Cache miss for '//Pods:FirebaseDatabase#compile-FMerge.m.ocd43c405,iphonesimulator-x86_64' with rulekey '7e16e51888fee9922b3d8ad6159ba134f7914295'
[2019-04-11 15:33:21.538][debug][command:a0c49b7b-9f55-457b-b7b1-811f0852e662][tid:1382][com.facebook.buck.core.build.engine.cache.manager.BuildCacheArtifactFetcher] Cache miss for '//Pods:FirebaseDatabase#compile-FKeepSyncedEventRegistration.m.oe6f6d18d,iphonesimulator-x86_64' with rulekey '823fd5f543a4bf4e6aad316e7c1742ecd10ed756'
[2019-04-11 15:33:21.538][debug][command:a0c49b7b-9f55-457b-b7b1-811f0852e662][tid:1380][com.facebook.buck.core.build.engine.cache.manager.BuildCacheArtifactFetcher] Cache miss for '//Pods:FirebaseDatabase#compile-FSRWebSocket.m.o58fc643b,iphonesimulator-x86_64' with rulekey 'e7aa98f65818faa06884fb141d3c77b6d7d8738d'
[2019-04-11 15:33:21.538][debug][command:a0c49b7b-9f55-457b-b7b1-811f0852e662][tid:1379][com.facebook.buck.core.build.engine.cache.manager.BuildCacheArtifactFetcher] Cache miss for '//Pods:FirebaseDatabase#compile-FConstants.m.oac4aafe0,iphonesimulator-x86_64' with rulekey '2c0b6435bf3317a2d3f52439a874987d2d3c7c20'
[2019-04-11 15:33:21.538][debug][command:a0c49b7b-9f55-457b-b7b1-811f0852e662][tid:1381][com.facebook.buck.core.build.engine.cache.manager.BuildCacheArtifactFetcher] Cache miss for '//Pods:FirebaseDatabase#compile-FIRDatabaseQuery.m.oa283731a,iphonesimulator-x86_64' with rulekey '5994ba168837491b6f6e923943231a88a7108a57'
[2019-04-11 15:33:21.539][debug][command:a0c49b7b-9f55-457b-b7b1-811f0852e662][tid:1379][com.facebook.buck.core.build.engine.cache.manager.BuildCacheArtifactFetcher] Cache miss for '//Pods:FirebaseDatabase#compile-FTreeSortedDictionary.m.o6c79c953,iphonesimulator-x86_64' with rulekey '6578598bb88d6033f5faea3cdda9dbb45a78f2b5'
[2019-04-11 15:33:21.539][debug][command:a0c49b7b-9f55-457b-b7b1-811f0852e662][tid:1381][com.facebook.buck.core.build.engine.cache.manager.BuildCacheArtifactFetcher] Cache miss for '//Pods:FirebaseDatabase#compile-FTupleNodePath.m.o72634321,iphonesimulator-x86_64' with rulekey '3a70aafc6308e7924e32d15c89cf23f972af2bf4'
[2019-04-11 15:33:21.539][debug][command:a0c49b7b-9f55-457b-b7b1-811f0852e662][tid:1378][com.facebook.buck.core.build.engine.cache.manager.BuildCacheArtifactFetcher] Cache miss for '//Pods:FirebaseDatabase#compile-FTupleCallbackStatus.m.od855ed3e,iphonesimulator-x86_64' with rulekey '0cf2136d3c3759136b8e9e0cc58cd1a62fbd1ab7'
[2019-04-11 15:33:21.539][debug][command:a0c49b7b-9f55-457b-b7b1-811f0852e662][tid:1381][com.facebook.buck.core.build.engine.cache.manager.BuildCacheArtifactFetcher] Cache miss for '//Pods:FirebaseDatabase#compile-FTrackedQuery.m.o631aafa4,iphonesimulator-x86_64' with rulekey 'a44e1858ad21e22f6d9caab867409e76d21f06bd'
[2019-04-11 15:33:21.539][debug][command:a0c49b7b-9f55-457b-b7b1-811f0852e662][tid:1378][com.facebook.buck.core.build.engine.cache.manager.BuildCacheArtifactFetcher] Cache miss for '//Pods:FirebaseDatabase#compile-FMaxNode.m.o8fcbcb4b,iphonesimulator-x86_64' with rulekey 'ff91573499853a16e579cf6d57b3f59069bbb4b7'
[2019-04-11 15:33:21.538][debug][command:a0c49b7b-9f55-457b-b7b1-811f0852e662][tid:1382][com.facebook.buck.core.build.engine.cache.manager.BuildCacheArtifactFetcher] Cache miss for '//Pods:FirebaseDatabase#compile-FRangedFilter.m.oeb27f7c8,iphonesimulator-x86_64' with rulekey '0ec5e32d6aa504b48472266b0deba81b235722a3'
[2019-04-11 15:33:21.539][debug][command:a0c49b7b-9f55-457b-b7b1-811f0852e662][tid:1378][com.facebook.buck.core.build.engine.cache.manager.BuildCacheArtifactFetcher] Cache miss for '//Pods:FirebaseDatabase#compile-FSnapshotHolder.m.o875187ac,iphonesimulator-x86_64' with rulekey 'c0d4f5b1b1fa61210f6658e91d8c85fc011827b5'
[2019-04-11 15:33:21.539][debug][command:a0c49b7b-9f55-457b-b7b1-811f0852e662][tid:1382][com.facebook.buck.core.build.engine.cache.manager.BuildCacheArtifactFetcher] Cache miss for '//Pods:FirebaseDatabase#compile-FImmutableTree.m.o4b55cc29,iphonesimulator-x86_64' with rulekey 'bb079e2a1ff746c1c91c96c3b6d06db4dd83b360'
[2019-04-11 15:33:21.539][debug][command:a0c49b7b-9f55-457b-b7b1-811f0852e662][tid:1377][com.facebook.buck.core.build.engine.cache.manager.BuildCacheArtifactFetcher] Cache miss for '//Pods:FirebaseDatabase#compile-FImmutableSortedSet.m.oa04d7aa1,iphonesimulator-x86_64' with rulekey '1c69caa0e610a5ca4875cfeb807324eca704d8c8'
[2019-04-11 15:33:21.539][debug][command:a0c49b7b-9f55-457b-b7b1-811f0852e662][tid:1378][com.facebook.buck.core.build.engine.cache.manager.BuildCacheArtifactFetcher] Cache miss for '//Pods:FirebaseDatabase#compile-FAtomicNumber.m.o506c59c7,iphonesimulator-x86_64' with rulekey '3bf3ec3c116309b873141148f5d5555a40b922e7'
[2019-04-11 15:33:21.539][debug][command:a0c49b7b-9f55-457b-b7b1-811f0852e662][tid:1378][com.facebook.buck.core.build.engine.cache.manager.BuildCacheArtifactFetcher] Cache miss for '//Pods:FirebaseDatabase#compile-FOverwrite.m.o9ab45bcc,iphonesimulator-x86_64' with rulekey '753fdb0317f3593952096af6ae3720cb85251634'
[2019-04-11 15:33:21.538][debug][command:a0c49b7b-9f55-457b-b7b1-811f0852e662][tid:1380][com.facebook.buck.core.build.engine.cache.manager.BuildCacheArtifactFetcher] Cache miss for '//Pods:FirebaseDatabase#compile-FSparseSnapshotTree.m.o8189bce9,iphonesimulator-x86_64' with rulekey '5e03a512e4c03f0afcbf6d4893a41c1177196d2a'
[2019-04-11 15:33:21.539][debug][command:a0c49b7b-9f55-457b-b7b1-811f0852e662][tid:1378][com.facebook.buck.core.build.engine.cache.manager.BuildCacheArtifactFetcher] Cache miss for '//Pods:FirebaseDatabase#compile-FNamedNode.m.of55a2a27,iphonesimulator-x86_64' with rulekey '86f4e092ad6a1257f2531dd7a9c2033d0baebd44'
[2019-04-11 15:33:21.539][debug][command:a0c49b7b-9f55-457b-b7b1-811f0852e662][tid:1380][com.facebook.buck.core.build.engine.cache.manager.BuildCacheArtifactFetcher] Cache miss for '//Pods:FirebaseDatabase#compile-FLeafNode.m.od3f353e8,iphonesimulator-x86_64' with rulekey '0a45c80e329931b468d911c95dff7004564cbd06'
[2019-04-11 15:33:21.539][debug][command:a0c49b7b-9f55-457b-b7b1-811f0852e662][tid:1383][com.facebook.buck.core.build.engine.cache.manager.BuildCacheArtifactFetcher] Cache miss for '//Pods:FirebaseDatabase#compile-FRepo.m.o0248513f,iphonesimulator-x86_64' with rulekey 'f994449a32879f48ec92c0799fcf50fab7780175'
[2019-04-11 15:33:21.540][debug][command:a0c49b7b-9f55-457b-b7b1-811f0852e662][tid:1378][com.facebook.buck.core.build.engine.cache.manager.BuildCacheArtifactFetcher] Cache miss for '//Pods:FirebaseDatabase#compile-FQueryParams.m.oc8ae2ac1,iphonesimulator-x86_64' with rulekey 'd58bc14e568c14afe4b368a8fd1912df03a203f5'
[2019-04-11 15:33:21.540][debug][command:a0c49b7b-9f55-457b-b7b1-811f0852e662][tid:1383][com.facebook.buck.core.build.engine.cache.manager.BuildCacheArtifactFetcher] Cache miss for '//Pods:FirebaseDatabase#compile-FServerValues.m.od0eb3796,iphonesimulator-x86_64' with rulekey 'ea7e0aeab312976804e456fbc0b65f08e06c5aa9'
[2019-04-11 15:33:21.540][debug][command:a0c49b7b-9f55-457b-b7b1-811f0852e662][tid:1383][com.facebook.buck.core.build.engine.cache.manager.BuildCacheArtifactFetcher] Cache miss for '//Pods:FirebaseDatabase#compile-FView.m.oa87705a8,iphonesimulator-x86_64' with rulekey '509d3baefdbc7c9bc72573fa2524fdd42f8bba20'
[2019-04-11 15:33:21.540][debug][command:a0c49b7b-9f55-457b-b7b1-811f0852e662][tid:1378][com.facebook.buck.core.build.engine.cache.manager.BuildCacheArtifactFetcher] Cache miss for '//Pods:FirebaseDatabase#compile-FQuerySpec.m.o2d8c5796,iphonesimulator-x86_64' with rulekey '41d14ab149246f499a03a20441f64545b9299e13'
[2019-04-11 15:33:21.540][debug][command:a0c49b7b-9f55-457b-b7b1-811f0852e662][tid:1383][com.facebook.buck.core.build.engine.cache.manager.BuildCacheArtifactFetcher] Cache miss for '//Pods:FirebaseDatabase#compile-FCompoundWrite.m.o16342973,iphonesimulator-x86_64' with rulekey '55919358857f85c643283af3a439925aed82a681'
[2019-04-11 15:33:21.540][debug][command:a0c49b7b-9f55-457b-b7b1-811f0852e662][tid:1384][com.facebook.buck.core.build.engine.cache.manager.BuildCacheArtifactFetcher] Cache miss for '//Pods:FirebaseDatabase#compile-FValidation.m.odfe89a68,iphonesimulator-x86_64' with rulekey 'e03bf697f09dddc58b839b55d26d427e966a54b6'
[2019-04-11 15:33:21.540][debug][command:a0c49b7b-9f55-457b-b7b1-811f0852e662][tid:1383][com.facebook.buck.core.build.engine.cache.manager.BuildCacheArtifactFetcher] Cache miss for '//Pods:FirebaseDatabase#compile-FSyncTree.m.o0c7d6106,iphonesimulator-x86_64' with rulekey 'd37e5513d0182d8f2bb42950aaf40a47066bb18d'
[2019-04-11 15:33:21.540][debug][command:a0c49b7b-9f55-457b-b7b1-811f0852e662][tid:1384][com.facebook.buck.core.build.engine.cache.manager.BuildCacheArtifactFetcher] Cache miss for '//Pods:FirebaseDatabase#compile-FWriteRecord.m.oa1d814f5,iphonesimulator-x86_64' with rulekey '41ed4758038935623631723b604e8eda6551b377'
[2019-04-11 15:33:21.540][debug][command:a0c49b7b-9f55-457b-b7b1-811f0852e662][tid:1383][com.facebook.buck.core.build.engine.cache.manager.BuildCacheArtifactFetcher] Cache miss for '//Pods:FirebaseDatabase#compile-FArraySortedDictionary.m.o49c814d1,iphonesimulator-x86_64' with rulekey 'effed08df2e7fcbbcae91be3f8d60710f2718241'
[2019-04-11 15:33:21.539][debug][command:a0c49b7b-9f55-457b-b7b1-811f0852e662][tid:1377][com.facebook.buck.core.build.engine.cache.manager.BuildCacheArtifactFetcher] Cache miss for '//Pods:FirebaseDatabase#compile-FStringUtilities.m.o71cbf738,iphonesimulator-x86_64' with rulekey '9708c1b2a4bcce5e5f82dc1a2c335236d42230d8'
[2019-04-11 15:33:21.540][debug][command:a0c49b7b-9f55-457b-b7b1-811f0852e662][tid:1383][com.facebook.buck.core.build.engine.cache.manager.BuildCacheArtifactFetcher] Cache miss for '//Pods:FirebaseDatabase#compile-FTreeNode.m.o9df0c4d8,iphonesimulator-x86_64' with rulekey 'd3c2c36f6595c2b7e1dc88ae4184bb41f596272a'
[2019-04-11 15:33:21.539][debug][command:a0c49b7b-9f55-457b-b7b1-811f0852e662][tid:1382][com.facebook.buck.core.build.engine.cache.manager.BuildCacheArtifactFetcher] Cache miss for '//Pods:FirebaseDatabase#compile-FIRDatabase.m.obae9bcbf,iphonesimulator-x86_64' with rulekey 'e3d52e5695c5ec3673830c4a2927714f069c2274'
[2019-04-11 15:33:21.540][debug][command:a0c49b7b-9f55-457b-b7b1-811f0852e662][tid:1383][com.facebook.buck.core.build.engine.cache.manager.BuildCacheArtifactFetcher] Cache miss for '//Pods:FirebaseDatabase#compile-FWriteTree.m.o93698049,iphonesimulator-x86_64' with rulekey '38aa421683c83047f93c716e8d6ae1b3ff1b2192'
[2019-04-11 15:33:21.540][debug][command:a0c49b7b-9f55-457b-b7b1-811f0852e662][tid:1377][com.facebook.buck.core.build.engine.cache.manager.BuildCacheArtifactFetcher] Cache miss for '//Pods:FirebaseDatabase#compile-FTuplePathValue.m.of7d2848c,iphonesimulator-x86_64' with rulekey 'df4d15c76e86e4e51b45d799615e0aecaf3491c2'
[2019-04-11 15:33:21.540][debug][command:a0c49b7b-9f55-457b-b7b1-811f0852e662][tid:1383][com.facebook.buck.core.build.engine.cache.manager.BuildCacheArtifactFetcher] Cache miss for '//Pods:FirebaseDatabase#compile-FLimitedFilter.m.o72d4a9b6,iphonesimulator-x86_64' with rulekey '3888290f0b1cf008543973bac6d6eea57da5b8f5'
[2019-04-11 15:33:21.541][debug][command:a0c49b7b-9f55-457b-b7b1-811f0852e662][tid:1377][com.facebook.buck.core.build.engine.cache.manager.BuildCacheArtifactFetcher] Cache miss for '//Pods:FirebaseDatabase#compile-FUtilities.m.occc455c2,iphonesimulator-x86_64' with rulekey '02fe7aa0faf5ced5e3152704e13a50bb7b91561e'
[2019-04-11 15:33:21.541][debug][command:a0c49b7b-9f55-457b-b7b1-811f0852e662][tid:1382][com.facebook.buck.core.build.engine.cache.manager.BuildCacheArtifactFetcher] Cache miss for '//Pods:FirebaseDatabase#compile-FPersistenceManager.m.o4d416512,iphonesimulator-x86_64' with rulekey '4f643a4f01bf677bcf685a60d5e225e1ccadb674'
[2019-04-11 15:33:21.541][debug][command:a0c49b7b-9f55-457b-b7b1-811f0852e662][tid:1382][com.facebook.buck.core.build.engine.cache.manager.BuildCacheArtifactFetcher] Cache miss for '//Pods:FirebaseDatabase#compile-FAuthTokenProvider.m.o5cbf1cc7,iphonesimulator-x86_64' with rulekey 'ee9517737e2b9e706c4c0c2b07ae459d1e396e8c'
[2019-04-11 15:33:21.541][debug][command:a0c49b7b-9f55-457b-b7b1-811f0852e662][tid:1382][com.facebook.buck.core.build.engine.cache.manager.BuildCacheArtifactFetcher] Cache miss for '//Pods:FirebaseDatabase#compile-FAckUserWrite.m.oe4bdf212,iphonesimulator-x86_64' with rulekey '6b42fe950950f6c736b1e32d9b6023b9a74cb223'
[2019-04-11 15:33:21.539][debug][command:a0c49b7b-9f55-457b-b7b1-811f0852e662][tid:1381][com.facebook.buck.core.build.engine.cache.manager.BuildCacheArtifactFetcher] Cache miss for '//Pods:FirebaseDatabase#compile-FClock.m.ode5de794,iphonesimulator-x86_64' with rulekey '8fbda2f2cf024867ebb5a6f6541043163f30f8de'
[2019-04-11 15:33:21.541][debug][command:a0c49b7b-9f55-457b-b7b1-811f0852e662][tid:1382][com.facebook.buck.core.build.engine.cache.manager.BuildCacheArtifactFetcher] Cache miss for '//Pods:FirebaseDatabase#compile-FSyncPoint.m.o4cdafafb,iphonesimulator-x86_64' with rulekey '2f2f06259e3d6f31022600116f23c69db6465941'
[2019-04-11 15:33:21.541][debug][command:a0c49b7b-9f55-457b-b7b1-811f0852e662][tid:1382][com.facebook.buck.core.build.engine.cache.manager.BuildCacheArtifactFetcher] Cache miss for '//Pods:FirebaseDatabase#compile-FEventEmitter.m.o0e00be6b,iphonesimulator-x86_64' with rulekey '9848fd643fd08d3d5e162bf8f10f1fb39bc4b468'
[2019-04-11 15:33:21.541][debug][command:a0c49b7b-9f55-457b-b7b1-811f0852e662][tid:1381][com.facebook.buck.core.build.engine.cache.manager.BuildCacheArtifactFetcher] Cache miss for '//Pods:FirebaseDatabase#compile-FChildEventRegistration.m.oaf23e5fb,iphonesimulator-x86_64' with rulekey 'a98537ad2284ff9c8c8542a3e9b3e1187e7f4a88'
[2019-04-11 15:33:21.541][debug][command:a0c49b7b-9f55-457b-b7b1-811f0852e662][tid:1382][com.facebook.buck.core.build.engine.cache.manager.BuildCacheArtifactFetcher] Cache miss for '//Pods:FirebaseDatabase#compile-FPathIndex.m.o3f80d8bd,iphonesimulator-x86_64' with rulekey '2df6f325c1543dd33821ca32b06219a4a14b8b03'
[2019-04-11 15:33:21.541][debug][command:a0c49b7b-9f55-457b-b7b1-811f0852e662][tid:1382][com.facebook.buck.core.build.engine.cache.manager.BuildCacheArtifactFetcher] Cache miss for '//Pods:FirebaseDatabase#compile-FConnection.m.oc6259a2d,iphonesimulator-x86_64' with rulekey 'f889a56de352d3b61d8d1c44f3b2f1332ac273c8'
[2019-04-11 15:33:21.541][debug][command:a0c49b7b-9f55-457b-b7b1-811f0852e662][tid:1381][com.facebook.buck.core.build.engine.cache.manager.BuildCacheArtifactFetcher] Cache miss for '//Pods:FirebaseDatabase#compile-FIRDatabaseComponent.m.oa01a384b,iphonesimulator-x86_64' with rulekey '2e112162520fd058f06d44007cd02ecfce0e28f9'
[2019-04-11 15:33:21.539][debug][command:a0c49b7b-9f55-457b-b7b1-811f0852e662][tid:1379][com.facebook.buck.core.build.engine.cache.manager.BuildCacheArtifactFetcher] Cache miss for '//Pods:FirebaseDatabase#compile-FIRDataSnapshot.m.o86426540,iphonesimulator-x86_64' with rulekey 'e7733b11a96568eb01e61189c05051c0b1352f1f'
[2019-04-11 15:33:21.542][debug][command:a0c49b7b-9f55-457b-b7b1-811f0852e662][tid:1382][com.facebook.buck.core.build.engine.cache.manager.BuildCacheArtifactFetcher] Cache miss for '//Pods:FirebaseDatabase#compile-FCompoundHash.m.o7311f10e,iphonesimulator-x86_64' with rulekey 'b489ccae6655c83ec88f278cea5573ab57907c16'
[2019-04-11 15:33:21.542][debug][command:a0c49b7b-9f55-457b-b7b1-811f0852e662][tid:1382][com.facebook.buck.core.build.engine.cache.manager.BuildCacheArtifactFetcher] Cache miss for '//Pods:FirebaseDatabase#compile-FTreeSortedDictionaryEnumerator.m.o2380d206,iphonesimulator-x86_64' with rulekey '4fb1252de7722106131c822a004858cc7fa4035c'
[2019-04-11 15:33:21.543][debug][command:a0c49b7b-9f55-457b-b7b1-811f0852e662][tid:1382][com.facebook.buck.core.build.engine.cache.manager.BuildCacheArtifactFetcher] Cache miss for '//Pods:FirebaseDatabase#compile-FTupleUserCallback.m.o7cb0111b,iphonesimulator-x86_64' with rulekey '0ce34a44a2994350aff603d5550b8083f1301a15'
[2019-04-11 15:33:21.543][debug][command:a0c49b7b-9f55-457b-b7b1-811f0852e662][tid:1382][com.facebook.buck.core.build.engine.cache.manager.BuildCacheArtifactFetcher] Cache miss for '//Pods:FirebaseDatabase#compile-FTupleStringNode.m.ob17a4de7,iphonesimulator-x86_64' with rulekey '3ad0562b4cd27261a9025346a699d7e5784bb4ce'
[2019-04-11 15:33:21.543][debug][command:a0c49b7b-9f55-457b-b7b1-811f0852e662][tid:1381][com.facebook.buck.core.build.engine.cache.manager.BuildCacheArtifactFetcher] Cache miss for '//Pods:FirebaseDatabase#compile-FKeyIndex.m.o79c39567,iphonesimulator-x86_64' with rulekey 'c0d2222ead4a5df7d8084b4ab43044593f49a8ac'
[2019-04-11 15:33:21.541][debug][command:a0c49b7b-9f55-457b-b7b1-811f0852e662][tid:1377][com.facebook.buck.core.build.engine.cache.manager.BuildCacheArtifactFetcher] Cache miss for '//Pods:FirebaseDatabase#compile-FRepoManager.m.o8967e4ba,iphonesimulator-x86_64' with rulekey '485b4d7236138372cc275b9ecd0ceb75253e0239'
[2019-04-11 15:33:21.547][debug][command:null][tid:1371][com.facebook.buck.util.ListeningProcessExecutor] Wait for process returned 0
[2019-04-11 15:33:21.547][debug][command:null][tid:1371][com.facebook.buck.util.ListeningProcessExecutor] Destroying process com.facebook.buck.util.ListeningProcessExecutor$LaunchedProcessImpl@6da38bac (force true)
[2019-04-11 15:33:21.547][debug][command:null][tid:1371][com.facebook.buck.util.environment.MacNetworkConfiguration] Determine active state of media for device
[2019-04-11 15:33:21.547][debug][command:null][tid:1371][com.facebook.buck.util.ListeningProcessExecutor] Launching process with params ProcessExecutorParams{command=[networksetup, -getMedia, en7]}
[2019-04-11 15:33:21.541][debug][command:a0c49b7b-9f55-457b-b7b1-811f0852e662][tid:1383][com.facebook.buck.core.build.engine.cache.manager.BuildCacheArtifactFetcher] Cache miss for '//Pods:FirebaseDatabase#compile-FTransformedEnumerator.m.ofd5d3da7,iphonesimulator-x86_64' with rulekey '443d81929f3d738593fcf98fde77b30b5f85bfda'
[2019-04-11 15:33:21.540][debug][command:a0c49b7b-9f55-457b-b7b1-811f0852e662][tid:1384][com.facebook.buck.core.build.engine.cache.manager.BuildCacheArtifactFetcher] Cache miss for '//Pods:FirebaseDatabase#compile-FPersistentConnection.m.oe39638f9,iphonesimulator-x86_64' with rulekey '62cc686eee5d4d1d54da209ab6b5177ae4894465'
[2019-04-11 15:33:21.540][debug][command:a0c49b7b-9f55-457b-b7b1-811f0852e662][tid:1378][com.facebook.buck.core.build.engine.cache.manager.BuildCacheArtifactFetcher] Cache miss for '//Pods:FirebaseDatabase#compile-FRepoInfo.m.od7596f40,iphonesimulator-x86_64' with rulekey 'b74416b699076ce532eec1108a9ee0ee9b495c6e'
[2019-04-11 15:33:21.540][debug][command:a0c49b7b-9f55-457b-b7b1-811f0852e662][tid:1380][com.facebook.buck.core.build.engine.cache.manager.BuildCacheArtifactFetcher] Cache miss for '//Pods:FirebaseDatabase#compile-FWriteTreeRef.m.o053e06c6,iphonesimulator-x86_64' with rulekey '41c23fbc344b5d5692414584a5983bf5451623b3'
[2019-04-11 15:33:21.557][debug][command:a0c49b7b-9f55-457b-b7b1-811f0852e662][tid:1381][com.facebook.buck.core.build.engine.cache.manager.BuildCacheArtifactFetcher] Cache miss for '//Pods:FirebaseDatabase#compile-FIRDatabaseQuery.m.oa283731a,iphonesimulator-x86_64' with rulekey '3b38856c9d0c59b6873ae9ca82bedd9d8cfdadae'
[2019-04-11 15:33:21.557][debug][command:a0c49b7b-9f55-457b-b7b1-811f0852e662][tid:1379][com.facebook.buck.core.build.engine.cache.manager.BuildCacheArtifactFetcher] Cache miss for '//Pods:FirebaseDatabase#compile-FTupleNodePath.m.o72634321,iphonesimulator-x86_64' with rulekey 'd5d2e56ff0dbe8b77f653fe3eb44a4225ba64a7a'
[2019-04-11 15:33:21.557][debug][command:a0c49b7b-9f55-457b-b7b1-811f0852e662][tid:1378][com.facebook.buck.core.build.engine.cache.manager.BuildCacheArtifactFetcher] Cache miss for '//Pods:FirebaseDatabase#compile-FMerge.m.ocd43c405,iphonesimulator-x86_64' with rulekey 'df42fca61d15baa8bcaffc38059c969616bd200f'
[2019-04-11 15:33:21.557][debug][command:a0c49b7b-9f55-457b-b7b1-811f0852e662][tid:1381][com.facebook.buck.core.build.engine.cache.manager.BuildCacheArtifactFetcher] Cache miss for '//Pods:FirebaseDatabase#compile-FTupleCallbackStatus.m.od855ed3e,iphonesimulator-x86_64' with rulekey '50d0c71ef6bc09576c9fce24d3792215d87169bb'
[2019-04-11 15:33:21.557][debug][command:a0c49b7b-9f55-457b-b7b1-811f0852e662][tid:1379][com.facebook.buck.core.build.engine.cache.manager.BuildCacheArtifactFetcher] Cache miss for '//Pods:FirebaseDatabase#compile-FTrackedQuery.m.o631aafa4,iphonesimulator-x86_64' with rulekey '2e28c5ccca98619e8832b21a3b509eaa9df59c30'
[2019-04-11 15:33:21.557][debug][command:a0c49b7b-9f55-457b-b7b1-811f0852e662][tid:1382][com.facebook.buck.core.build.engine.cache.manager.BuildCacheArtifactFetcher] Cache miss for '//Pods:FirebaseDatabase#compile-FMaxNode.m.o8fcbcb4b,iphonesimulator-x86_64' with rulekey '21ad70110089b6325fc83788e15505c5a558af6a'
[2019-04-11 15:33:21.557][debug][command:a0c49b7b-9f55-457b-b7b1-811f0852e662][tid:1381][com.facebook.buck.core.build.engine.cache.manager.BuildCacheArtifactFetcher] Cache miss for '//Pods:FirebaseDatabase#compile-FSnapshotHolder.m.o875187ac,iphonesimulator-x86_64' with rulekey 'acf04b7583a54ef74eb5f8294b0da26951da49cd'
[2019-04-11 15:33:21.557][debug][command:a0c49b7b-9f55-457b-b7b1-811f0852e662][tid:1377][com.facebook.buck.core.build.engine.cache.manager.BuildCacheArtifactFetcher] Cache miss for '//Pods:FirebaseDatabase#compile-FAtomicNumber.m.o506c59c7,iphonesimulator-x86_64' with rulekey 'ef5cc0538b0ca16e9e0c5f5c9f3fffdf8c9432d5'
[2019-04-11 15:33:21.557][debug][command:a0c49b7b-9f55-457b-b7b1-811f0852e662][tid:1382][com.facebook.buck.core.build.engine.cache.manager.BuildCacheArtifactFetcher] Cache miss for '//Pods:FirebaseDatabase#compile-FImmutableTree.m.o4b55cc29,iphonesimulator-x86_64' with rulekey '11b25d50d6e6782b83a3b44c325f5eaf0285fef4'
[2019-04-11 15:33:21.557][debug][command:a0c49b7b-9f55-457b-b7b1-811f0852e662][tid:1378][com.facebook.buck.core.build.engine.cache.manager.BuildCacheArtifactFetcher] Cache miss for '//Pods:FirebaseDatabase#compile-FRangedFilter.m.oeb27f7c8,iphonesimulator-x86_64' with rulekey '26e6d2225970a9a970e893fabb465a0a53aa2bcb'
[2019-04-11 15:33:21.557][debug][command:a0c49b7b-9f55-457b-b7b1-811f0852e662][tid:1382][com.facebook.buck.core.build.engine.cache.manager.BuildCacheArtifactFetcher] Cache miss for '//Pods:FirebaseDatabase#compile-FQueryParams.m.oc8ae2ac1,iphonesimulator-x86_64' with rulekey 'b70433465f2d9f84eb2f93877772000fbe014e1b'
[2019-04-11 15:33:21.557][debug][command:a0c49b7b-9f55-457b-b7b1-811f0852e662][tid:1378][com.facebook.buck.core.build.engine.cache.manager.BuildCacheArtifactFetcher] Cache miss for '//Pods:FirebaseDatabase#compile-FConstants.m.oac4aafe0,iphonesimulator-x86_64' with rulekey '124ee50b81f7c1cd20ce8850fb584e0e7f279ff8'
[2019-04-11 15:33:21.557][debug][command:a0c49b7b-9f55-457b-b7b1-811f0852e662][tid:1382][com.facebook.buck.core.build.engine.cache.manager.BuildCacheArtifactFetcher] Cache miss for '//Pods:FirebaseDatabase#compile-FTreeSortedDictionary.m.o6c79c953,iphonesimulator-x86_64' with rulekey 'd04b5cbb6ddfc56b6694735af4577e30b703a240'
[2019-04-11 15:33:21.557][debug][command:a0c49b7b-9f55-457b-b7b1-811f0852e662][tid:1378][com.facebook.buck.core.build.engine.cache.manager.BuildCacheArtifactFetcher] Cache miss for '//Pods:FirebaseDatabase#compile-FServerValues.m.od0eb3796,iphonesimulator-x86_64' with rulekey '32f81077ac9efc53c410bebbc82cba827a513f92'
[2019-04-11 15:33:21.557][debug][command:a0c49b7b-9f55-457b-b7b1-811f0852e662][tid:1384][com.facebook.buck.core.build.engine.cache.manager.BuildCacheArtifactFetcher] Cache miss for '//Pods:FirebaseDatabase#compile-FView.m.oa87705a8,iphonesimulator-x86_64' with rulekey 'e4cb1bb27e6fe0818e697e05ed0ce48a688dbd46'
[2019-04-11 15:33:21.557][debug][command:a0c49b7b-9f55-457b-b7b1-811f0852e662][tid:1378][com.facebook.buck.core.build.engine.cache.manager.BuildCacheArtifactFetcher] Cache miss for '//Pods:FirebaseDatabase#compile-FQuerySpec.m.o2d8c5796,iphonesimulator-x86_64' with rulekey '3d8732569a98015b1e435c1db8a0ad3e11dd16c4'
[2019-04-11 15:33:21.557][debug][command:a0c49b7b-9f55-457b-b7b1-811f0852e662][tid:1384][com.facebook.buck.core.build.engine.cache.manager.BuildCacheArtifactFetcher] Cache miss for '//Pods:FirebaseDatabase#compile-FCompoundWrite.m.o16342973,iphonesimulator-x86_64' with rulekey 'b7e974f8e7dd8c3cc344d09b9cce03d8e44adcdb'
[2019-04-11 15:33:21.557][debug][command:a0c49b7b-9f55-457b-b7b1-811f0852e662][tid:1378][com.facebook.buck.core.build.engine.cache.manager.BuildCacheArtifactFetcher] Cache miss for '//Pods:FirebaseDatabase#compile-FValidation.m.odfe89a68,iphonesimulator-x86_64' with rulekey 'ccfd94f15e9877b8c19ec686afb59b90153c3f86'
[2019-04-11 15:33:21.557][debug][command:a0c49b7b-9f55-457b-b7b1-811f0852e662][tid:1384][com.facebook.buck.core.build.engine.cache.manager.BuildCacheArtifactFetcher] Cache miss for '//Pods:FirebaseDatabase#compile-FSyncTree.m.o0c7d6106,iphonesimulator-x86_64' with rulekey '10994546198dde618be37818c84f0b8e38a5cea0'
[2019-04-11 15:33:21.557][debug][command:a0c49b7b-9f55-457b-b7b1-811f0852e662][tid:1378][com.facebook.buck.core.build.engine.cache.manager.BuildCacheArtifactFetcher] Cache miss for '//Pods:FirebaseDatabase#compile-FWriteRecord.m.oa1d814f5,iphonesimulator-x86_64' with rulekey '0da7bc8a95616c0750b390eec7249729050a1c51'
[2019-04-11 15:33:21.557][debug][command:a0c49b7b-9f55-457b-b7b1-811f0852e662][tid:1384][com.facebook.buck.core.build.engine.cache.manager.BuildCacheArtifactFetcher] Cache miss for '//Pods:FirebaseDatabase#compile-FStringUtilities.m.o71cbf738,iphonesimulator-x86_64' with rulekey '484dc6ad7f69cc198b1f932da1571effb288960d'
[2019-04-11 15:33:21.558][debug][command:a0c49b7b-9f55-457b-b7b1-811f0852e662][tid:1378][com.facebook.buck.core.build.engine.cache.manager.BuildCacheArtifactFetcher] Cache miss for '//Pods:FirebaseDatabase#compile-FArraySortedDictionary.m.o49c814d1,iphonesimulator-x86_64' with rulekey '69654a42b8966734086581ef3e638f34b190b047'
[2019-04-11 15:33:21.558][debug][command:a0c49b7b-9f55-457b-b7b1-811f0852e662][tid:1384][com.facebook.buck.core.build.engine.cache.manager.BuildCacheArtifactFetcher] Cache miss for '//Pods:FirebaseDatabase#compile-FTreeNode.m.o9df0c4d8,iphonesimulator-x86_64' with rulekey '7d386aed71f1ea42719be38a37fdd89ed2ad66d1'
[2019-04-11 15:33:21.558][debug][command:a0c49b7b-9f55-457b-b7b1-811f0852e662][tid:1378][com.facebook.buck.core.build.engine.cache.manager.BuildCacheArtifactFetcher] Cache miss for '//Pods:FirebaseDatabase#compile-FIRDatabase.m.obae9bcbf,iphonesimulator-x86_64' with rulekey '976c5a96bfbaa142f00c26753585dcac1ab179df'
[2019-04-11 15:33:21.558][debug][command:a0c49b7b-9f55-457b-b7b1-811f0852e662][tid:1384][com.facebook.buck.core.build.engine.cache.manager.BuildCacheArtifactFetcher] Cache miss for '//Pods:FirebaseDatabase#compile-FWriteTree.m.o93698049,iphonesimulator-x86_64' with rulekey 'ac9f887faadc5de117b3ad9842ffd5de089a0da7'
[2019-04-11 15:33:21.558][debug][command:a0c49b7b-9f55-457b-b7b1-811f0852e662][tid:1378][com.facebook.buck.core.build.engine.cache.manager.BuildCacheArtifactFetcher] Cache miss for '//Pods:FirebaseDatabase#compile-FTuplePathValue.m.of7d2848c,iphonesimulator-x86_64' with rulekey 'b3f9b1a5745f1d4aa85ccdf3f8ef120d9dfc828b'
[2019-04-11 15:33:21.558][debug][command:a0c49b7b-9f55-457b-b7b1-811f0852e662][tid:1384][com.facebook.buck.core.build.engine.cache.manager.BuildCacheArtifactFetcher] Cache miss for '//Pods:FirebaseDatabase#compile-FUtilities.m.occc455c2,iphonesimulator-x86_64' with rulekey 'a9f1245bc8aab7d77cb6fd6b4f8fbe76fe1f3637'
[2019-04-11 15:33:21.558][debug][command:a0c49b7b-9f55-457b-b7b1-811f0852e662][tid:1378][com.facebook.buck.core.build.engine.cache.manager.BuildCacheArtifactFetcher] Cache miss for '//Pods:FirebaseDatabase#compile-FLimitedFilter.m.o72d4a9b6,iphonesimulator-x86_64' with rulekey 'd660230c6c20cdc65e5bd6469a743ea8ef4562a5'
[2019-04-11 15:33:21.558][debug][command:a0c49b7b-9f55-457b-b7b1-811f0852e662][tid:1378][com.facebook.buck.core.build.engine.cache.manager.BuildCacheArtifactFetcher] Cache miss for '//Pods:FirebaseDatabase#compile-FAuthTokenProvider.m.o5cbf1cc7,iphonesimulator-x86_64' with rulekey 'ae50631f9fdc1b2c44ac477d9bcddfff09e66959'
[2019-04-11 15:33:21.557][debug][command:a0c49b7b-9f55-457b-b7b1-811f0852e662][tid:1377][com.facebook.buck.core.build.engine.cache.manager.BuildCacheArtifactFetcher] Cache miss for '//Pods:FirebaseDatabase#compile-FKeepSyncedEventRegistration.m.oe6f6d18d,iphonesimulator-x86_64' with rulekey 'f8cd358438465d0ca93c55cd4fbe3c6886b28491'
[2019-04-11 15:33:21.558][debug][command:a0c49b7b-9f55-457b-b7b1-811f0852e662][tid:1378][com.facebook.buck.core.build.engine.cache.manager.BuildCacheArtifactFetcher] Cache miss for '//Pods:FirebaseDatabase#compile-FAckUserWrite.m.oe4bdf212,iphonesimulator-x86_64' with rulekey '4cd0dbb3c379738bc4447aa9d85a95de83b7bcd8'
[2019-04-11 15:33:21.558][debug][command:a0c49b7b-9f55-457b-b7b1-811f0852e662][tid:1377][com.facebook.buck.core.build.engine.cache.manager.BuildCacheArtifactFetcher] Cache miss for '//Pods:FirebaseDatabase#compile-FClock.m.ode5de794,iphonesimulator-x86_64' with rulekey '77e20624e3658b50b829233e9bb2a2ddfdefc40a'
[2019-04-11 15:33:21.558][debug][command:a0c49b7b-9f55-457b-b7b1-811f0852e662][tid:1378][com.facebook.buck.core.build.engine.cache.manager.BuildCacheArtifactFetcher] Cache miss for '//Pods:FirebaseDatabase#compile-FEventEmitter.m.o0e00be6b,iphonesimulator-x86_64' with rulekey '54d5b811a2a4c73ef14536749dcd8c5e6fdcdef3'
[2019-04-11 15:33:21.557][debug][command:a0c49b7b-9f55-457b-b7b1-811f0852e662][tid:1383][com.facebook.buck.core.build.engine.cache.manager.BuildCacheArtifactFetcher] Cache miss for '//Pods:FirebaseDatabase#compile-FLeafNode.m.od3f353e8,iphonesimulator-x86_64' with rulekey '561746bf054def8cb3bac8c992ff696227b2cdc9'
[2019-04-11 15:33:21.557][debug][command:a0c49b7b-9f55-457b-b7b1-811f0852e662][tid:1381][com.facebook.buck.core.build.engine.cache.manager.BuildCacheArtifactFetcher] Cache miss for '//Pods:FirebaseDatabase#compile-FOverwrite.m.o9ab45bcc,iphonesimulator-x86_64' with rulekey 'e03049ca549ea1cd536b178d1de141c6f9d53bb1'
[2019-04-11 15:33:21.558][debug][command:a0c49b7b-9f55-457b-b7b1-811f0852e662][tid:1380][com.facebook.buck.core.build.engine.cache.manager.BuildCacheArtifactFetcher] Cache miss for '//Pods:FirebaseDatabase#compile-FConnection.m.oc6259a2d,iphonesimulator-x86_64' with rulekey '078ce17493e10d441cf04a410a8967b34374f9e4'
[2019-04-11 15:33:21.558][debug][command:a0c49b7b-9f55-457b-b7b1-811f0852e662][tid:1381][com.facebook.buck.core.build.engine.cache.manager.BuildCacheArtifactFetcher] Cache miss for '//Pods:FirebaseDatabase#compile-FIRDatabaseComponent.m.oa01a384b,iphonesimulator-x86_64' with rulekey 'a685b2111c4d0416e2e8c97dba4d3404031349c1'
[2019-04-11 15:33:21.558][debug][command:a0c49b7b-9f55-457b-b7b1-811f0852e662][tid:1380][com.facebook.buck.core.build.engine.cache.manager.BuildCacheArtifactFetcher] Cache miss for '//Pods:FirebaseDatabase#compile-FIRDataSnapshot.m.o86426540,iphonesimulator-x86_64' with rulekey '3dbe58241a622ee24110d4ef350c06ddbc7b418a'
[2019-04-11 15:33:21.558][debug][command:a0c49b7b-9f55-457b-b7b1-811f0852e662][tid:1381][com.facebook.buck.core.build.engine.cache.manager.BuildCacheArtifactFetcher] Cache miss for '//Pods:FirebaseDatabase#compile-FCompoundHash.m.o7311f10e,iphonesimulator-x86_64' with rulekey '8eb8e192dda5891d69ce8ecab0f0a0e08be46cdf'
[2019-04-11 15:33:21.558][debug][command:a0c49b7b-9f55-457b-b7b1-811f0852e662][tid:1380][com.facebook.buck.core.build.engine.cache.manager.BuildCacheArtifactFetcher] Cache miss for '//Pods:FirebaseDatabase#compile-FTreeSortedDictionaryEnumerator.m.o2380d206,iphonesimulator-x86_64' with rulekey '0272a3f6ffd89a399564359353d25364f9126b6a'
[2019-04-11 15:33:21.557][debug][command:a0c49b7b-9f55-457b-b7b1-811f0852e662][tid:1379][com.facebook.buck.core.build.engine.cache.manager.BuildCacheArtifactFetcher] Cache miss for '//Pods:FirebaseDatabase#compile-FImmutableSortedSet.m.oa04d7aa1,iphonesimulator-x86_64' with rulekey 'd9299e61d5684abd170804dd322293a15b2949c5'
[2019-04-11 15:33:21.558][debug][command:a0c49b7b-9f55-457b-b7b1-811f0852e662][tid:1381][com.facebook.buck.core.build.engine.cache.manager.BuildCacheArtifactFetcher] Cache miss for '//Pods:FirebaseDatabase#compile-FTupleUserCallback.m.o7cb0111b,iphonesimulator-x86_64' with rulekey '67d6cdd5ae54af864d77478cace0e3ff8f75db28'
[2019-04-11 15:33:21.558][debug][command:a0c49b7b-9f55-457b-b7b1-811f0852e662][tid:1380][com.facebook.buck.core.build.engine.cache.manager.BuildCacheArtifactFetcher] Cache miss for '//Pods:FirebaseDatabase#compile-FTupleStringNode.m.ob17a4de7,iphonesimulator-x86_64' with rulekey '148b4f79b90c3ca5158991db277b64a3e9d14957'
[2019-04-11 15:33:21.559][debug][command:a0c49b7b-9f55-457b-b7b1-811f0852e662][tid:1379][com.facebook.buck.core.build.engine.cache.manager.BuildCacheArtifactFetcher] Cache miss for '//Pods:FirebaseDatabase#compile-FKeyIndex.m.o79c39567,iphonesimulator-x86_64' with rulekey 'dd6a4a5df839db7f82e0d928a2b506b215f54fed'
[2019-04-11 15:33:21.559][debug][command:a0c49b7b-9f55-457b-b7b1-811f0852e662][tid:1380][com.facebook.buck.core.build.engine.cache.manager.BuildCacheArtifactFetcher] Cache miss for '//Pods:FirebaseDatabase#compile-FTransformedEnumerator.m.ofd5d3da7,iphonesimulator-x86_64' with rulekey '55deb5f20d6cff5edc0c148234c9fcbeb52ddd6c'
[2019-04-11 15:33:21.558][debug][command:a0c49b7b-9f55-457b-b7b1-811f0852e662][tid:1383][com.facebook.buck.core.build.engine.cache.manager.BuildCacheArtifactFetcher] Cache miss for '//Pods:FirebaseDatabase#compile-FPathIndex.m.o3f80d8bd,iphonesimulator-x86_64' with rulekey 'e6480fa67266a9a1f133db5c0bbadee1e91fbd12'
[2019-04-11 15:33:21.558][debug][command:null][tid:1371][com.facebook.buck.util.ListeningProcessExecutor] Successfully launched process com.zaxxer.nuprocess.osx.OsxProcess@672e53f3
[2019-04-11 15:33:21.558][debug][command:a0c49b7b-9f55-457b-b7b1-811f0852e662][tid:1378][com.facebook.buck.core.build.engine.cache.manager.BuildCacheArtifactFetcher] Cache miss for '//Pods:FirebaseDatabase#compile-FChildEventRegistration.m.oaf23e5fb,iphonesimulator-x86_64' with rulekey '5655f94e45eeb0ba302eaa94b78d1fc3d00e05c4'
[2019-04-11 15:33:21.567][debug][command:a0c49b7b-9f55-457b-b7b1-811f0852e662][tid:1378][com.facebook.buck.core.build.engine.cache.manager.BuildCacheArtifactFetcher] Cache miss for '//Pods:FirebaseDatabase#compile-FRepoInfo.m.od7596f40,iphonesimulator-x86_64' with rulekey '3751e372f145d54a5d508a538481b6420b0f62b1'
[2019-04-11 15:33:21.558][debug][command:a0c49b7b-9f55-457b-b7b1-811f0852e662][tid:1377][com.facebook.buck.core.build.engine.cache.manager.BuildCacheArtifactFetcher] Cache miss for '//Pods:FirebaseDatabase#compile-FSyncPoint.m.o4cdafafb,iphonesimulator-x86_64' with rulekey '09303161e85086697d0b0158a06d206bc0bf7c5d'
[2019-04-11 15:33:21.558][debug][command:a0c49b7b-9f55-457b-b7b1-811f0852e662][tid:1384][com.facebook.buck.core.build.engine.cache.manager.BuildCacheArtifactFetcher] Cache miss for '//Pods:FirebaseDatabase#compile-FPersistenceManager.m.o4d416512,iphonesimulator-x86_64' with rulekey '6bc425d80c2701641be9b68d94e4b0c4ec5099ff'
[2019-04-11 15:33:21.567][debug][command:a0c49b7b-9f55-457b-b7b1-811f0852e662][tid:1384][com.facebook.buck.core.build.engine.cache.manager.BuildCacheArtifactFetcher] Cache miss for '//Pods:FirebaseDatabase#compile-FWriteTreeRef.m.o053e06c6,iphonesimulator-x86_64' with rulekey '7805ab4f091f9c8b98756eb98933f778a40b78ab'
[2019-04-11 15:33:21.557][debug][command:a0c49b7b-9f55-457b-b7b1-811f0852e662][tid:1382][com.facebook.buck.core.build.engine.cache.manager.BuildCacheArtifactFetcher] Cache miss for '//Pods:FirebaseDatabase#compile-FSRWebSocket.m.o58fc643b,iphonesimulator-x86_64' with rulekey '2003171ad2c6506c4c243e7c3a9305b142244db4'
[2019-04-11 15:33:21.567][debug][command:null][tid:1371][com.facebook.buck.util.ListeningProcessExecutor] Waiting for process com.facebook.buck.util.ListeningProcessExecutor$LaunchedProcessImpl@312a494f timeout 1000 MILLISECONDS
[2019-04-11 15:33:21.559][debug][command:a0c49b7b-9f55-457b-b7b1-811f0852e662][tid:1379][com.facebook.buck.core.build.engine.cache.manager.BuildCacheArtifactFetcher] Cache miss for '//Pods:FirebaseDatabase#compile-FPersistentConnection.m.oe39638f9,iphonesimulator-x86_64' with rulekey '107c6589f5f9a5ca3898874e739fdc25ac3df4a1'
[2019-04-11 15:33:21.559][debug][command:a0c49b7b-9f55-457b-b7b1-811f0852e662][tid:1381][com.facebook.buck.core.build.engine.cache.manager.BuildCacheArtifactFetcher] Cache miss for '//Pods:FirebaseDatabase#compile-FRepoManager.m.o8967e4ba,iphonesimulator-x86_64' with rulekey 'f47a341d72ed6efc708e99359bfa4f066774cd1e'
[2019-04-11 15:33:21.570][debug][command:a0c49b7b-9f55-457b-b7b1-811f0852e662][tid:1378][com.facebook.buck.core.build.engine.cache.manager.BuildCacheArtifactFetcher] Cache miss for '//Pods:FirebaseDatabase#compile-FSparseSnapshotTree.m.o8189bce9,iphonesimulator-x86_64' with rulekey '2a1ec4efd20dd71e495e064bc61c2f9bf6d690a2'
[2019-04-11 15:33:21.572][debug][command:a0c49b7b-9f55-457b-b7b1-811f0852e662][tid:1378][com.facebook.buck.core.build.engine.cache.manager.BuildCacheArtifactFetcher] Cache miss for '//Pods:FirebaseDatabase#compile-FNamedNode.m.of55a2a27,iphonesimulator-x86_64' with rulekey 'aa67b901363d229af9033dcc2f8dd38f98b36013'
[2019-04-11 15:33:21.574][debug][command:a0c49b7b-9f55-457b-b7b1-811f0852e662][tid:1379][com.facebook.buck.core.build.engine.cache.manager.BuildCacheArtifactFetcher] Cache miss for '//Pods:FirebaseDatabase#compile-FRepo.m.o0248513f,iphonesimulator-x86_64' with rulekey '6bc3629023f534ca505db391f04336b0a3d9b266'
[2019-04-11 15:33:21.579][debug][command:a0c49b7b-9f55-457b-b7b1-811f0852e662][tid:1384][com.facebook.buck.core.build.engine.impl.CachingBuildRuleBuilder] Building locally: //Pods:FirebaseDatabase#compile-FIRDatabaseQuery.m.oa283731a,iphonesimulator-x86_64
[2019-04-11 15:33:21.579][debug][command:a0c49b7b-9f55-457b-b7b1-811f0852e662][tid:1383][com.facebook.buck.core.build.engine.impl.CachingBuildRuleBuilder] Building locally: //Pods:FirebaseDatabase#compile-FMerge.m.ocd43c405,iphonesimulator-x86_64
[2019-04-11 15:33:21.580][debug][command:a0c49b7b-9f55-457b-b7b1-811f0852e662][tid:1378][com.facebook.buck.core.build.engine.impl.CachingBuildRuleBuilder] Building locally: //Pods:FirebaseDatabase#compile-FTupleCallbackStatus.m.od855ed3e,iphonesimulator-x86_64
[2019-04-11 15:33:21.580][debug][command:a0c49b7b-9f55-457b-b7b1-811f0852e662][tid:1381][com.facebook.buck.core.build.engine.impl.CachingBuildRuleBuilder] Building locally: //Pods:FirebaseDatabase#compile-FMaxNode.m.o8fcbcb4b,iphonesimulator-x86_64
[2019-04-11 15:33:21.580][debug][command:a0c49b7b-9f55-457b-b7b1-811f0852e662][tid:1380][com.facebook.buck.core.build.engine.impl.CachingBuildRuleBuilder] Building locally: //Pods:FirebaseDatabase#compile-FTrackedQuery.m.o631aafa4,iphonesimulator-x86_64
[2019-04-11 15:33:21.579][debug][command:a0c49b7b-9f55-457b-b7b1-811f0852e662][tid:1377][com.facebook.buck.core.build.engine.impl.CachingBuildRuleBuilder] Building locally: //Pods:FirebaseDatabase#compile-FTupleNodePath.m.o72634321,iphonesimulator-x86_64
[2019-04-11 15:33:21.580][debug][command:a0c49b7b-9f55-457b-b7b1-811f0852e662][tid:1379][com.facebook.buck.core.build.engine.impl.CachingBuildRuleBuilder] Building locally: //Pods:FirebaseDatabase#compile-FAtomicNumber.m.o506c59c7,iphonesimulator-x86_64
[2019-04-11 15:33:21.580][debug][command:a0c49b7b-9f55-457b-b7b1-811f0852e662][tid:1382][com.facebook.buck.core.build.engine.impl.CachingBuildRuleBuilder] Building locally: //Pods:FirebaseDatabase#compile-FRangedFilter.m.oeb27f7c8,iphonesimulator-x86_64
[2019-04-11 15:33:21.585][debug][command:a0c49b7b-9f55-457b-b7b1-811f0852e662][tid:1382][com.facebook.buck.cxx.CxxPreprocessAndCompileStep] preprocess_and_compile Pods/FirebaseDatabase/Firebase/Database/FRangedFilter.m -> buck-out/gen/Pods/FirebaseDatabase#compile-FRangedFilter.m.oeb27f7c8,iphonesimulator-x86_64/FirebaseDatabase/Firebase/Database/FRangedFilter.m.o
[2019-04-11 15:33:21.588][debug][command:a0c49b7b-9f55-457b-b7b1-811f0852e662][tid:1379][com.facebook.buck.cxx.CxxPreprocessAndCompileStep] preprocess_and_compile Pods/FirebaseDatabase/Firebase/Database/Utilities/FAtomicNumber.m -> buck-out/gen/Pods/FirebaseDatabase#compile-FAtomicNumber.m.o506c59c7,iphonesimulator-x86_64/FirebaseDatabase/Firebase/Database/Utilities/FAtomicNumber.m.o
[2019-04-11 15:33:21.588][debug][command:a0c49b7b-9f55-457b-b7b1-811f0852e662][tid:1380][com.facebook.buck.cxx.CxxPreprocessAndCompileStep] preprocess_and_compile Pods/FirebaseDatabase/Firebase/Database/Persistence/FTrackedQuery.m -> buck-out/gen/Pods/FirebaseDatabase#compile-FTrackedQuery.m.o631aafa4,iphonesimulator-x86_64/FirebaseDatabase/Firebase/Database/Persistence/FTrackedQuery.m.o
[2019-04-11 15:33:21.589][debug][command:a0c49b7b-9f55-457b-b7b1-811f0852e662][tid:1382][com.facebook.buck.cxx.CxxPreprocessAndCompileStep] Running command (pwd=Optional[/Users/stevenlee/Downloads/BuckTest 3]): (verbosity level disables command output)
[2019-04-11 15:33:21.590][debug][command:a0c49b7b-9f55-457b-b7b1-811f0852e662][tid:1380][com.facebook.buck.cxx.CxxPreprocessAndCompileStep] Running command (pwd=Optional[/Users/stevenlee/Downloads/BuckTest 3]): (verbosity level disables command output)
[2019-04-11 15:33:21.590][debug][command:a0c49b7b-9f55-457b-b7b1-811f0852e662][tid:1378][com.facebook.buck.cxx.CxxPreprocessAndCompileStep] preprocess_and_compile Pods/FirebaseDatabase/Firebase/Database/Utilities/Tuples/FTupleCallbackStatus.m -> buck-out/gen/Pods/FirebaseDatabase#compile-FTupleCallbackStatus.m.od855ed3e,iphonesimulator-x86_64/FirebaseDatabase/Firebase/Database/Utilities/Tuples/FTupleCallbackStatus.m.o
[2019-04-11 15:33:21.590][debug][command:a0c49b7b-9f55-457b-b7b1-811f0852e662][tid:1384][com.facebook.buck.cxx.CxxPreprocessAndCompileStep] preprocess_and_compile Pods/FirebaseDatabase/Firebase/Database/Api/FIRDatabaseQuery.m -> buck-out/gen/Pods/FirebaseDatabase#compile-FIRDatabaseQuery.m.oa283731a,iphonesimulator-x86_64/FirebaseDatabase/Firebase/Database/Api/FIRDatabaseQuery.m.o
[2019-04-11 15:33:21.590][debug][command:a0c49b7b-9f55-457b-b7b1-811f0852e662][tid:1379][com.facebook.buck.cxx.CxxPreprocessAndCompileStep] Running command (pwd=Optional[/Users/stevenlee/Downloads/BuckTest 3]): (verbosity level disables command output)
[2019-04-11 15:33:21.590][debug][command:a0c49b7b-9f55-457b-b7b1-811f0852e662][tid:1377][com.facebook.buck.cxx.CxxPreprocessAndCompileStep] preprocess_and_compile Pods/FirebaseDatabase/Firebase/Database/Utilities/Tuples/FTupleNodePath.m -> buck-out/gen/Pods/FirebaseDatabase#compile-FTupleNodePath.m.o72634321,iphonesimulator-x86_64/FirebaseDatabase/Firebase/Database/Utilities/Tuples/FTupleNodePath.m.o
[2019-04-11 15:33:21.590][debug][command:a0c49b7b-9f55-457b-b7b1-811f0852e662][tid:1381][com.facebook.buck.cxx.CxxPreprocessAndCompileStep] preprocess_and_compile Pods/FirebaseDatabase/Firebase/Database/FMaxNode.m -> buck-out/gen/Pods/FirebaseDatabase#compile-FMaxNode.m.o8fcbcb4b,iphonesimulator-x86_64/FirebaseDatabase/Firebase/Database/FMaxNode.m.o
[2019-04-11 15:33:21.590][debug][command:a0c49b7b-9f55-457b-b7b1-811f0852e662][tid:1384][com.facebook.buck.cxx.CxxPreprocessAndCompileStep] Running command (pwd=Optional[/Users/stevenlee/Downloads/BuckTest 3]): (verbosity level disables command output)
[2019-04-11 15:33:21.591][debug][command:a0c49b7b-9f55-457b-b7b1-811f0852e662][tid:1378][com.facebook.buck.cxx.CxxPreprocessAndCompileStep] Running command (pwd=Optional[/Users/stevenlee/Downloads/BuckTest 3]): (verbosity level disables command output)
[2019-04-11 15:33:21.591][debug][command:a0c49b7b-9f55-457b-b7b1-811f0852e662][tid:1377][com.facebook.buck.cxx.CxxPreprocessAndCompileStep] Running command (pwd=Optional[/Users/stevenlee/Downloads/BuckTest 3]): (verbosity level disables command output)
[2019-04-11 15:33:21.591][debug][command:a0c49b7b-9f55-457b-b7b1-811f0852e662][tid:1383][com.facebook.buck.cxx.CxxPreprocessAndCompileStep] preprocess_and_compile Pods/FirebaseDatabase/Firebase/Database/Core/Operation/FMerge.m -> buck-out/gen/Pods/FirebaseDatabase#compile-FMerge.m.ocd43c405,iphonesimulator-x86_64/FirebaseDatabase/Firebase/Database/Core/Operation/FMerge.m.o
[2019-04-11 15:33:21.591][debug][command:a0c49b7b-9f55-457b-b7b1-811f0852e662][tid:1381][com.facebook.buck.cxx.CxxPreprocessAndCompileStep] Running command (pwd=Optional[/Users/stevenlee/Downloads/BuckTest 3]): (verbosity level disables command output)
[2019-04-11 15:33:21.592][debug][command:a0c49b7b-9f55-457b-b7b1-811f0852e662][tid:1383][com.facebook.buck.cxx.CxxPreprocessAndCompileStep] Running command (pwd=Optional[/Users/stevenlee/Downloads/BuckTest 3]): (verbosity level disables command output)
[2019-04-11 15:33:21.602][debug][command:null][tid:1371][com.facebook.buck.util.ListeningProcessExecutor] Wait for process returned 0
[2019-04-11 15:33:21.602][debug][command:null][tid:1371][com.facebook.buck.util.ListeningProcessExecutor] Destroying process com.facebook.buck.util.ListeningProcessExecutor$LaunchedProcessImpl@312a494f (force true)
[2019-04-11 15:33:21.602][debug][command:null][tid:1371][com.facebook.buck.util.environment.MacNetworkConfiguration] Determine WiFi SSID of device
[2019-04-11 15:33:21.602][debug][command:null][tid:1371][com.facebook.buck.util.ListeningProcessExecutor] Launching process with params ProcessExecutorParams{command=[networksetup, -getairportnetwork, en7]}
[2019-04-11 15:33:21.669][debug][command:null][tid:1371][com.facebook.buck.util.ListeningProcessExecutor] Successfully launched process com.zaxxer.nuprocess.osx.OsxProcess@64489792
[2019-04-11 15:33:21.669][debug][command:null][tid:1371][com.facebook.buck.util.ListeningProcessExecutor] Waiting for process com.facebook.buck.util.ListeningProcessExecutor$LaunchedProcessImpl@65741f28 timeout 1000 MILLISECONDS
[2019-04-11 15:33:21.705][debug][command:a0c49b7b-9f55-457b-b7b1-811f0852e662][tid:1383][com.facebook.buck.core.build.engine.impl.CachingBuildRuleBuilder] Build completed: cxx_preprocess_and_compile //Pods:FirebaseDatabase#compile-FMerge.m.ocd43c405,iphonesimulator-x86_64 (125214016ns)
[2019-04-11 15:33:21.705][debug][command:a0c49b7b-9f55-457b-b7b1-811f0852e662][tid:1383][com.facebook.buck.core.build.engine.impl.CachingBuildRuleBuilder] Building locally: //Pods:FirebaseDatabase#compile-FImmutableTree.m.o4b55cc29,iphonesimulator-x86_64
[2019-04-11 15:33:21.708][debug][command:a0c49b7b-9f55-457b-b7b1-811f0852e662][tid:1377][com.facebook.buck.core.build.engine.impl.CachingBuildRuleBuilder] Build completed: cxx_preprocess_and_compile //Pods:FirebaseDatabase#compile-FTupleNodePath.m.o72634321,iphonesimulator-x86_64 (128409713ns)
[2019-04-11 15:33:21.708][debug][command:a0c49b7b-9f55-457b-b7b1-811f0852e662][tid:1377][com.facebook.buck.core.build.engine.impl.CachingBuildRuleBuilder] Building locally: //Pods:FirebaseDatabase#compile-FConstants.m.oac4aafe0,iphonesimulator-x86_64
[2019-04-11 15:33:21.710][debug][command:a0c49b7b-9f55-457b-b7b1-811f0852e662][tid:1383][com.facebook.buck.cxx.CxxPreprocessAndCompileStep] preprocess_and_compile Pods/FirebaseDatabase/Firebase/Database/Core/Utilities/FImmutableTree.m -> buck-out/gen/Pods/FirebaseDatabase#compile-FImmutableTree.m.o4b55cc29,iphonesimulator-x86_64/FirebaseDatabase/Firebase/Database/Core/Utilities/FImmutableTree.m.o
[2019-04-11 15:33:21.713][debug][command:a0c49b7b-9f55-457b-b7b1-811f0852e662][tid:1383][com.facebook.buck.cxx.CxxPreprocessAndCompileStep] Running command (pwd=Optional[/Users/stevenlee/Downloads/BuckTest 3]): (verbosity level disables command output)
[2019-04-11 15:33:21.713][debug][command:a0c49b7b-9f55-457b-b7b1-811f0852e662][tid:1377][com.facebook.buck.cxx.CxxPreprocessAndCompileStep] preprocess_and_compile Pods/FirebaseDatabase/Firebase/Database/Constants/FConstants.m -> buck-out/gen/Pods/FirebaseDatabase#compile-FConstants.m.oac4aafe0,iphonesimulator-x86_64/FirebaseDatabase/Firebase/Database/Constants/FConstants.m.o
[2019-04-11 15:33:21.713][debug][command:a0c49b7b-9f55-457b-b7b1-811f0852e662][tid:1377][com.facebook.buck.cxx.CxxPreprocessAndCompileStep] Running command (pwd=Optional[/Users/stevenlee/Downloads/BuckTest 3]): (verbosity level disables command output)
[2019-04-11 15:33:21.715][debug][command:a0c49b7b-9f55-457b-b7b1-811f0852e662][tid:1378][com.facebook.buck.core.build.engine.impl.CachingBuildRuleBuilder] Build completed: cxx_preprocess_and_compile //Pods:FirebaseDatabase#compile-FTupleCallbackStatus.m.od855ed3e,iphonesimulator-x86_64 (135395268ns)
[2019-04-11 15:33:21.715][debug][command:a0c49b7b-9f55-457b-b7b1-811f0852e662][tid:1381][com.facebook.buck.core.build.engine.impl.CachingBuildRuleBuilder] Build completed: cxx_preprocess_and_compile //Pods:FirebaseDatabase#compile-FMaxNode.m.o8fcbcb4b,iphonesimulator-x86_64 (135358239ns)
[2019-04-11 15:33:21.715][debug][command:a0c49b7b-9f55-457b-b7b1-811f0852e662][tid:1381][com.facebook.buck.core.build.engine.impl.CachingBuildRuleBuilder] Building locally: //Pods:FirebaseDatabase#compile-FTreeSortedDictionary.m.o6c79c953,iphonesimulator-x86_64
[2019-04-11 15:33:21.715][debug][command:a0c49b7b-9f55-457b-b7b1-811f0852e662][tid:1382][com.facebook.buck.core.build.engine.impl.CachingBuildRuleBuilder] Build completed: cxx_preprocess_and_compile //Pods:FirebaseDatabase#compile-FRangedFilter.m.oeb27f7c8,iphonesimulator-x86_64 (135356226ns)
[2019-04-11 15:33:21.715][debug][command:a0c49b7b-9f55-457b-b7b1-811f0852e662][tid:1378][com.facebook.buck.core.build.engine.impl.CachingBuildRuleBuilder] Building locally: //Pods:FirebaseDatabase#compile-FServerValues.m.od0eb3796,iphonesimulator-x86_64
[2019-04-11 15:33:21.716][debug][command:a0c49b7b-9f55-457b-b7b1-811f0852e662][tid:1382][com.facebook.buck.core.build.engine.impl.CachingBuildRuleBuilder] Building locally: //Pods:FirebaseDatabase#compile-FQuerySpec.m.o2d8c5796,iphonesimulator-x86_64
[2019-04-11 15:33:21.720][debug][command:a0c49b7b-9f55-457b-b7b1-811f0852e662][tid:1378][com.facebook.buck.cxx.CxxPreprocessAndCompileStep] preprocess_and_compile Pods/FirebaseDatabase/Firebase/Database/Core/FServerValues.m -> buck-out/gen/Pods/FirebaseDatabase#compile-FServerValues.m.od0eb3796,iphonesimulator-x86_64/FirebaseDatabase/Firebase/Database/Core/FServerValues.m.o
[2019-04-11 15:33:21.721][debug][command:a0c49b7b-9f55-457b-b7b1-811f0852e662][tid:1382][com.facebook.buck.cxx.CxxPreprocessAndCompileStep] preprocess_and_compile Pods/FirebaseDatabase/Firebase/Database/Core/FQuerySpec.m -> buck-out/gen/Pods/FirebaseDatabase#compile-FQuerySpec.m.o2d8c5796,iphonesimulator-x86_64/FirebaseDatabase/Firebase/Database/Core/FQuerySpec.m.o
[2019-04-11 15:33:21.721][debug][command:a0c49b7b-9f55-457b-b7b1-811f0852e662][tid:1378][com.facebook.buck.cxx.CxxPreprocessAndCompileStep] Running command (pwd=Optional[/Users/stevenlee/Downloads/BuckTest 3]): (verbosity level disables command output)
[2019-04-11 15:33:21.721][debug][command:a0c49b7b-9f55-457b-b7b1-811f0852e662][tid:1381][com.facebook.buck.cxx.CxxPreprocessAndCompileStep] preprocess_and_compile Pods/FirebaseDatabase/Firebase/Database/third_party/FImmutableSortedDictionary/FImmutableSortedDictionary/FTreeSortedDictionary.m -> buck-out/gen/Pods/FirebaseDatabase#compile-FTreeSortedDictionary.m.o6c79c953,iphonesimulator-x86_64/FirebaseDatabase/Firebase/Database/third_party/FImmutableSortedDictionary/FImmutableSortedDictionary/FTreeSortedDictionary.m.o
[2019-04-11 15:33:21.721][debug][command:a0c49b7b-9f55-457b-b7b1-811f0852e662][tid:1382][com.facebook.buck.cxx.CxxPreprocessAndCompileStep] Running command (pwd=Optional[/Users/stevenlee/Downloads/BuckTest 3]): (verbosity level disables command output)
[2019-04-11 15:33:21.722][debug][command:a0c49b7b-9f55-457b-b7b1-811f0852e662][tid:1381][com.facebook.buck.cxx.CxxPreprocessAndCompileStep] Running command (pwd=Optional[/Users/stevenlee/Downloads/BuckTest 3]): (verbosity level disables command output)
[2019-04-11 15:33:21.732][debug][command:null][tid:1371][com.facebook.buck.util.ListeningProcessExecutor] Wait for process returned 10
[2019-04-11 15:33:21.732][debug][command:null][tid:1371][com.facebook.buck.util.ListeningProcessExecutor] Destroying process com.facebook.buck.util.ListeningProcessExecutor$LaunchedProcessImpl@65741f28 (force true)
[2019-04-11 15:33:21.770][debug][command:a0c49b7b-9f55-457b-b7b1-811f0852e662][tid:1379][com.facebook.buck.core.build.engine.impl.CachingBuildRuleBuilder] Build completed: cxx_preprocess_and_compile //Pods:FirebaseDatabase#compile-FAtomicNumber.m.o506c59c7,iphonesimulator-x86_64 (189869964ns)
[2019-04-11 15:33:21.770][debug][command:a0c49b7b-9f55-457b-b7b1-811f0852e662][tid:1379][com.facebook.buck.core.build.engine.impl.CachingBuildRuleBuilder] Building locally: //Pods:FirebaseDatabase#compile-FValidation.m.odfe89a68,iphonesimulator-x86_64
[2019-04-11 15:33:21.772][debug][command:a0c49b7b-9f55-457b-b7b1-811f0852e662][tid:1380][com.facebook.buck.core.build.engine.impl.CachingBuildRuleBuilder] Build completed: cxx_preprocess_and_compile //Pods:FirebaseDatabase#compile-FTrackedQuery.m.o631aafa4,iphonesimulator-x86_64 (192368054ns)
[2019-04-11 15:33:21.773][debug][command:a0c49b7b-9f55-457b-b7b1-811f0852e662][tid:1380][com.facebook.buck.core.build.engine.impl.CachingBuildRuleBuilder] Building locally: //Pods:FirebaseDatabase#compile-FView.m.oa87705a8,iphonesimulator-x86_64
[2019-04-11 15:33:21.774][debug][command:a0c49b7b-9f55-457b-b7b1-811f0852e662][tid:1379][com.facebook.buck.cxx.CxxPreprocessAndCompileStep] preprocess_and_compile Pods/FirebaseDatabase/Firebase/Database/Utilities/FValidation.m -> buck-out/gen/Pods/FirebaseDatabase#compile-FValidation.m.odfe89a68,iphonesimulator-x86_64/FirebaseDatabase/Firebase/Database/Utilities/FValidation.m.o
[2019-04-11 15:33:21.775][debug][command:a0c49b7b-9f55-457b-b7b1-811f0852e662][tid:1379][com.facebook.buck.cxx.CxxPreprocessAndCompileStep] Running command (pwd=Optional[/Users/stevenlee/Downloads/BuckTest 3]): (verbosity level disables command output)
[2019-04-11 15:33:21.777][debug][command:a0c49b7b-9f55-457b-b7b1-811f0852e662][tid:1380][com.facebook.buck.cxx.CxxPreprocessAndCompileStep] preprocess_and_compile Pods/FirebaseDatabase/Firebase/Database/Core/View/FView.m -> buck-out/gen/Pods/FirebaseDatabase#compile-FView.m.oa87705a8,iphonesimulator-x86_64/FirebaseDatabase/Firebase/Database/Core/View/FView.m.o
[2019-04-11 15:33:21.778][debug][command:a0c49b7b-9f55-457b-b7b1-811f0852e662][tid:1380][com.facebook.buck.cxx.CxxPreprocessAndCompileStep] Running command (pwd=Optional[/Users/stevenlee/Downloads/BuckTest 3]): (verbosity level disables command output)
[2019-04-11 15:33:21.816][debug][command:a0c49b7b-9f55-457b-b7b1-811f0852e662][tid:1377][com.facebook.buck.core.build.engine.impl.CachingBuildRuleBuilder] Build completed: cxx_preprocess_and_compile //Pods:FirebaseDatabase#compile-FConstants.m.oac4aafe0,iphonesimulator-x86_64 (107623625ns)
[2019-04-11 15:33:21.816][debug][command:a0c49b7b-9f55-457b-b7b1-811f0852e662][tid:1377][com.facebook.buck.core.build.engine.impl.CachingBuildRuleBuilder] Building locally: //Pods:FirebaseDatabase#compile-FCompoundWrite.m.o16342973,iphonesimulator-x86_64
[2019-04-11 15:33:21.821][debug][command:a0c49b7b-9f55-457b-b7b1-811f0852e662][tid:1377][com.facebook.buck.cxx.CxxPreprocessAndCompileStep] preprocess_and_compile Pods/FirebaseDatabase/Firebase/Database/Snapshot/FCompoundWrite.m -> buck-out/gen/Pods/FirebaseDatabase#compile-FCompoundWrite.m.o16342973,iphonesimulator-x86_64/FirebaseDatabase/Firebase/Database/Snapshot/FCompoundWrite.m.o
[2019-04-11 15:33:21.821][debug][command:a0c49b7b-9f55-457b-b7b1-811f0852e662][tid:1377][com.facebook.buck.cxx.CxxPreprocessAndCompileStep] Running command (pwd=Optional[/Users/stevenlee/Downloads/BuckTest 3]): (verbosity level disables command output)
[2019-04-11 15:33:21.851][debug][command:a0c49b7b-9f55-457b-b7b1-811f0852e662][tid:1382][com.facebook.buck.core.build.engine.impl.CachingBuildRuleBuilder] Build completed: cxx_preprocess_and_compile //Pods:FirebaseDatabase#compile-FQuerySpec.m.o2d8c5796,iphonesimulator-x86_64 (135266998ns)
[2019-04-11 15:33:21.851][debug][command:a0c49b7b-9f55-457b-b7b1-811f0852e662][tid:1384][com.facebook.buck.core.build.engine.impl.CachingBuildRuleBuilder] Build completed: cxx_preprocess_and_compile //Pods:FirebaseDatabase#compile-FIRDatabaseQuery.m.oa283731a,iphonesimulator-x86_64 (271541277ns)
[2019-04-11 15:33:21.851][debug][command:a0c49b7b-9f55-457b-b7b1-811f0852e662][tid:1382][com.facebook.buck.core.build.engine.impl.CachingBuildRuleBuilder] Building locally: //Pods:FirebaseDatabase#compile-FSyncTree.m.o0c7d6106,iphonesimulator-x86_64
[2019-04-11 15:33:21.853][debug][command:a0c49b7b-9f55-457b-b7b1-811f0852e662][tid:1384][com.facebook.buck.cxx.Depfiles] Processing dependency file buck-out/gen/Pods/FirebaseDatabase#compile-FQuerySpec.m.o2d8c5796,iphonesimulator-x86_64/FirebaseDatabase/Firebase/Database/Core/FQuerySpec.m.o.dep as Makefile
[2019-04-11 15:33:21.855][debug][command:a0c49b7b-9f55-457b-b7b1-811f0852e662][tid:1378][com.facebook.buck.core.build.engine.impl.CachingBuildRuleBuilder] Build completed: cxx_preprocess_and_compile //Pods:FirebaseDatabase#compile-FServerValues.m.od0eb3796,iphonesimulator-x86_64 (138998895ns)
[2019-04-11 15:33:21.855][debug][command:a0c49b7b-9f55-457b-b7b1-811f0852e662][tid:1378][com.facebook.buck.core.build.engine.impl.CachingBuildRuleBuilder] Building locally: //Pods:FirebaseDatabase#compile-FStringUtilities.m.o71cbf738,iphonesimulator-x86_64
[2019-04-11 15:33:21.856][debug][command:a0c49b7b-9f55-457b-b7b1-811f0852e662][tid:1382][com.facebook.buck.cxx.CxxPreprocessAndCompileStep] preprocess_and_compile Pods/FirebaseDatabase/Firebase/Database/Core/FSyncTree.m -> buck-out/gen/Pods/FirebaseDatabase#compile-FSyncTree.m.o0c7d6106,iphonesimulator-x86_64/FirebaseDatabase/Firebase/Database/Core/FSyncTree.m.o
[2019-04-11 15:33:21.856][debug][command:a0c49b7b-9f55-457b-b7b1-811f0852e662][tid:1382][com.facebook.buck.cxx.CxxPreprocessAndCompileStep] Running command (pwd=Optional[/Users/stevenlee/Downloads/BuckTest 3]): (verbosity level disables command output)
[2019-04-11 15:33:21.858][debug][command:a0c49b7b-9f55-457b-b7b1-811f0852e662][tid:1378][com.facebook.buck.cxx.CxxPreprocessAndCompileStep] preprocess_and_compile Pods/FirebaseDatabase/Firebase/Database/Utilities/FStringUtilities.m -> buck-out/gen/Pods/FirebaseDatabase#compile-FStringUtilities.m.o71cbf738,iphonesimulator-x86_64/FirebaseDatabase/Firebase/Database/Utilities/FStringUtilities.m.o
[2019-04-11 15:33:21.859][debug][command:a0c49b7b-9f55-457b-b7b1-811f0852e662][tid:1378][com.facebook.buck.cxx.CxxPreprocessAndCompileStep] Running command (pwd=Optional[/Users/stevenlee/Downloads/BuckTest 3]): (verbosity level disables command output)
[2019-04-11 15:33:21.874][debug][command:a0c49b7b-9f55-457b-b7b1-811f0852e662][tid:1384][com.facebook.buck.core.build.engine.impl.CachingBuildRuleBuilder] Building locally: //Pods:FirebaseDatabase#compile-FArraySortedDictionary.m.o49c814d1,iphonesimulator-x86_64
[2019-04-11 15:33:21.879][debug][command:a0c49b7b-9f55-457b-b7b1-811f0852e662][tid:1384][com.facebook.buck.cxx.CxxPreprocessAndCompileStep] preprocess_and_compile Pods/FirebaseDatabase/Firebase/Database/third_party/FImmutableSortedDictionary/FImmutableSortedDictionary/FArraySortedDictionary.m -> buck-out/gen/Pods/FirebaseDatabase#compile-FArraySortedDictionary.m.o49c814d1,iphonesimulator-x86_64/FirebaseDatabase/Firebase/Database/third_party/FImmutableSortedDictionary/FImmutableSortedDictionary/FArraySortedDictionary.m.o
[2019-04-11 15:33:21.880][debug][command:a0c49b7b-9f55-457b-b7b1-811f0852e662][tid:1384][com.facebook.buck.cxx.CxxPreprocessAndCompileStep] Running command (pwd=Optional[/Users/stevenlee/Downloads/BuckTest 3]): (verbosity level disables command output)
[2019-04-11 15:33:21.887][debug][command:a0c49b7b-9f55-457b-b7b1-811f0852e662][tid:1381][com.facebook.buck.core.build.engine.impl.CachingBuildRuleBuilder] Build completed: cxx_preprocess_and_compile //Pods:FirebaseDatabase#compile-FTreeSortedDictionary.m.o6c79c953,iphonesimulator-x86_64 (171232374ns)
[2019-04-11 15:33:21.887][debug][command:a0c49b7b-9f55-457b-b7b1-811f0852e662][tid:1381][com.facebook.buck.core.build.engine.impl.CachingBuildRuleBuilder] Building locally: //Pods:FirebaseDatabase#compile-FTreeNode.m.o9df0c4d8,iphonesimulator-x86_64
[2019-04-11 15:33:21.891][debug][command:a0c49b7b-9f55-457b-b7b1-811f0852e662][tid:1381][com.facebook.buck.cxx.CxxPreprocessAndCompileStep] preprocess_and_compile Pods/FirebaseDatabase/Firebase/Database/Core/Utilities/FTreeNode.m -> buck-out/gen/Pods/FirebaseDatabase#compile-FTreeNode.m.o9df0c4d8,iphonesimulator-x86_64/FirebaseDatabase/Firebase/Database/Core/Utilities/FTreeNode.m.o
[2019-04-11 15:33:21.891][debug][command:a0c49b7b-9f55-457b-b7b1-811f0852e662][tid:1381][com.facebook.buck.cxx.CxxPreprocessAndCompileStep] Running command (pwd=Optional[/Users/stevenlee/Downloads/BuckTest 3]): (verbosity level disables command output)
[2019-04-11 15:33:21.910][debug][command:a0c49b7b-9f55-457b-b7b1-811f0852e662][tid:1383][com.facebook.buck.core.build.engine.impl.CachingBuildRuleBuilder] Build completed: cxx_preprocess_and_compile //Pods:FirebaseDatabase#compile-FImmutableTree.m.o4b55cc29,iphonesimulator-x86_64 (205195610ns)
[2019-04-11 15:33:21.910][debug][command:a0c49b7b-9f55-457b-b7b1-811f0852e662][tid:1383][com.facebook.buck.core.build.engine.impl.CachingBuildRuleBuilder] Building locally: //Pods:FirebaseDatabase#compile-FWriteRecord.m.oa1d814f5,iphonesimulator-x86_64
[2019-04-11 15:33:21.914][debug][command:a0c49b7b-9f55-457b-b7b1-811f0852e662][tid:1383][com.facebook.buck.cxx.CxxPreprocessAndCompileStep] preprocess_and_compile Pods/FirebaseDatabase/Firebase/Database/Core/FWriteRecord.m -> buck-out/gen/Pods/FirebaseDatabase#compile-FWriteRecord.m.oa1d814f5,iphonesimulator-x86_64/FirebaseDatabase/Firebase/Database/Core/FWriteRecord.m.o
[2019-04-11 15:33:21.915][debug][command:a0c49b7b-9f55-457b-b7b1-811f0852e662][tid:1383][com.facebook.buck.cxx.CxxPreprocessAndCompileStep] Running command (pwd=Optional[/Users/stevenlee/Downloads/BuckTest 3]): (verbosity level disables command output)
[2019-04-11 15:33:21.916][debug][command:a0c49b7b-9f55-457b-b7b1-811f0852e662][tid:1379][com.facebook.buck.core.build.engine.impl.CachingBuildRuleBuilder] Build completed: cxx_preprocess_and_compile //Pods:FirebaseDatabase#compile-FValidation.m.odfe89a68,iphonesimulator-x86_64 (146432013ns)
[2019-04-11 15:33:21.916][debug][command:a0c49b7b-9f55-457b-b7b1-811f0852e662][tid:1379][com.facebook.buck.core.build.engine.impl.CachingBuildRuleBuilder] Building locally: //Pods:FirebaseDatabase#compile-FQueryParams.m.oc8ae2ac1,iphonesimulator-x86_64
[2019-04-11 15:33:21.945][debug][command:a0c49b7b-9f55-457b-b7b1-811f0852e662][tid:1380][com.facebook.buck.core.build.engine.impl.CachingBuildRuleBuilder] Build completed: cxx_preprocess_and_compile //Pods:FirebaseDatabase#compile-FView.m.oa87705a8,iphonesimulator-x86_64 (172682799ns)
[2019-04-11 15:33:21.945][debug][command:a0c49b7b-9f55-457b-b7b1-811f0852e662][tid:1379][com.facebook.buck.cxx.CxxPreprocessAndCompileStep] preprocess_and_compile Pods/FirebaseDatabase/Firebase/Database/Core/FQueryParams.m -> buck-out/gen/Pods/FirebaseDatabase#compile-FQueryParams.m.oc8ae2ac1,iphonesimulator-x86_64/FirebaseDatabase/Firebase/Database/Core/FQueryParams.m.o
[2019-04-11 15:33:21.945][debug][command:a0c49b7b-9f55-457b-b7b1-811f0852e662][tid:1380][com.facebook.buck.core.build.engine.impl.CachingBuildRuleBuilder] Building locally: //Pods:FirebaseDatabase#compile-FWriteTree.m.o93698049,iphonesimulator-x86_64
[2019-04-11 15:33:21.946][debug][command:a0c49b7b-9f55-457b-b7b1-811f0852e662][tid:1379][com.facebook.buck.cxx.CxxPreprocessAndCompileStep] Running command (pwd=Optional[/Users/stevenlee/Downloads/BuckTest 3]): (verbosity level disables command output)
[2019-04-11 15:33:21.950][debug][command:a0c49b7b-9f55-457b-b7b1-811f0852e662][tid:1380][com.facebook.buck.cxx.CxxPreprocessAndCompileStep] preprocess_and_compile Pods/FirebaseDatabase/Firebase/Database/Core/FWriteTree.m -> buck-out/gen/Pods/FirebaseDatabase#compile-FWriteTree.m.o93698049,iphonesimulator-x86_64/FirebaseDatabase/Firebase/Database/Core/FWriteTree.m.o
[2019-04-11 15:33:21.950][debug][command:a0c49b7b-9f55-457b-b7b1-811f0852e662][tid:1380][com.facebook.buck.cxx.CxxPreprocessAndCompileStep] Running command (pwd=Optional[/Users/stevenlee/Downloads/BuckTest 3]): (verbosity level disables command output)
[2019-04-11 15:33:21.963][debug][command:a0c49b7b-9f55-457b-b7b1-811f0852e662][tid:1378][com.facebook.buck.core.build.engine.impl.CachingBuildRuleBuilder] Build completed: cxx_preprocess_and_compile //Pods:FirebaseDatabase#compile-FStringUtilities.m.o71cbf738,iphonesimulator-x86_64 (108264313ns)
[2019-04-11 15:33:21.963][debug][command:a0c49b7b-9f55-457b-b7b1-811f0852e662][tid:1378][com.facebook.buck.core.build.engine.impl.CachingBuildRuleBuilder] Building locally: //Pods:FirebaseDatabase#compile-FIRDatabase.m.obae9bcbf,iphonesimulator-x86_64
[2019-04-11 15:33:21.965][debug][command:a0c49b7b-9f55-457b-b7b1-811f0852e662][tid:1377][com.facebook.buck.core.build.engine.impl.CachingBuildRuleBuilder] Build completed: cxx_preprocess_and_compile //Pods:FirebaseDatabase#compile-FCompoundWrite.m.o16342973,iphonesimulator-x86_64 (148926146ns)
[2019-04-11 15:33:21.965][debug][command:a0c49b7b-9f55-457b-b7b1-811f0852e662][tid:1377][com.facebook.buck.core.build.engine.impl.CachingBuildRuleBuilder] Building locally: //Pods:FirebaseDatabase#compile-FTuplePathValue.m.of7d2848c,iphonesimulator-x86_64
[2019-04-11 15:33:21.967][debug][command:a0c49b7b-9f55-457b-b7b1-811f0852e662][tid:1378][com.facebook.buck.cxx.CxxPreprocessAndCompileStep] preprocess_and_compile Pods/FirebaseDatabase/Firebase/Database/Api/FIRDatabase.m -> buck-out/gen/Pods/FirebaseDatabase#compile-FIRDatabase.m.obae9bcbf,iphonesimulator-x86_64/FirebaseDatabase/Firebase/Database/Api/FIRDatabase.m.o
[2019-04-11 15:33:21.968][debug][command:a0c49b7b-9f55-457b-b7b1-811f0852e662][tid:1378][com.facebook.buck.cxx.CxxPreprocessAndCompileStep] Running command (pwd=Optional[/Users/stevenlee/Downloads/BuckTest 3]): (verbosity level disables command output)
[2019-04-11 15:33:21.969][debug][command:a0c49b7b-9f55-457b-b7b1-811f0852e662][tid:1377][com.facebook.buck.cxx.CxxPreprocessAndCompileStep] preprocess_and_compile Pods/FirebaseDatabase/Firebase/Database/Utilities/Tuples/FTuplePathValue.m -> buck-out/gen/Pods/FirebaseDatabase#compile-FTuplePathValue.m.of7d2848c,iphonesimulator-x86_64/FirebaseDatabase/Firebase/Database/Utilities/Tuples/FTuplePathValue.m.o
[2019-04-11 15:33:21.970][debug][command:a0c49b7b-9f55-457b-b7b1-811f0852e662][tid:1377][com.facebook.buck.cxx.CxxPreprocessAndCompileStep] Running command (pwd=Optional[/Users/stevenlee/Downloads/BuckTest 3]): (verbosity level disables command output)
[2019-04-11 15:33:21.982][debug][command:a0c49b7b-9f55-457b-b7b1-811f0852e662][tid:1381][com.facebook.buck.core.build.engine.impl.CachingBuildRuleBuilder] Build completed: cxx_preprocess_and_compile //Pods:FirebaseDatabase#compile-FTreeNode.m.o9df0c4d8,iphonesimulator-x86_64 (95169277ns)
[2019-04-11 15:33:21.982][debug][command:a0c49b7b-9f55-457b-b7b1-811f0852e662][tid:1381][com.facebook.buck.core.build.engine.impl.CachingBuildRuleBuilder] Building locally: //Pods:FirebaseDatabase#compile-FUtilities.m.occc455c2,iphonesimulator-x86_64
[2019-04-11 15:33:21.987][debug][command:a0c49b7b-9f55-457b-b7b1-811f0852e662][tid:1381][com.facebook.buck.cxx.CxxPreprocessAndCompileStep] preprocess_and_compile Pods/FirebaseDatabase/Firebase/Database/Utilities/FUtilities.m -> buck-out/gen/Pods/FirebaseDatabase#compile-FUtilities.m.occc455c2,iphonesimulator-x86_64/FirebaseDatabase/Firebase/Database/Utilities/FUtilities.m.o
[2019-04-11 15:33:21.987][debug][command:a0c49b7b-9f55-457b-b7b1-811f0852e662][tid:1381][com.facebook.buck.cxx.CxxPreprocessAndCompileStep] Running command (pwd=Optional[/Users/stevenlee/Downloads/BuckTest 3]): (verbosity level disables command output)
[2019-04-11 15:33:22.015][debug][command:a0c49b7b-9f55-457b-b7b1-811f0852e662][tid:1384][com.facebook.buck.core.build.engine.impl.CachingBuildRuleBuilder] Build completed: cxx_preprocess_and_compile //Pods:FirebaseDatabase#compile-FArraySortedDictionary.m.o49c814d1,iphonesimulator-x86_64 (140887030ns)
[2019-04-11 15:33:22.015][debug][command:a0c49b7b-9f55-457b-b7b1-811f0852e662][tid:1384][com.facebook.buck.core.build.engine.impl.CachingBuildRuleBuilder] Building locally: //Pods:FirebaseDatabase#compile-FLimitedFilter.m.o72d4a9b6,iphonesimulator-x86_64
[2019-04-11 15:33:22.021][debug][command:a0c49b7b-9f55-457b-b7b1-811f0852e662][tid:1384][com.facebook.buck.cxx.CxxPreprocessAndCompileStep] preprocess_and_compile Pods/FirebaseDatabase/Firebase/Database/Core/View/Filter/FLimitedFilter.m -> buck-out/gen/Pods/FirebaseDatabase#compile-FLimitedFilter.m.o72d4a9b6,iphonesimulator-x86_64/FirebaseDatabase/Firebase/Database/Core/View/Filter/FLimitedFilter.m.o
[2019-04-11 15:33:22.021][debug][command:a0c49b7b-9f55-457b-b7b1-811f0852e662][tid:1384][com.facebook.buck.cxx.CxxPreprocessAndCompileStep] Running command (pwd=Optional[/Users/stevenlee/Downloads/BuckTest 3]): (verbosity level disables command output)
[2019-04-11 15:33:22.022][debug][command:a0c49b7b-9f55-457b-b7b1-811f0852e662][tid:1383][com.facebook.buck.core.build.engine.impl.CachingBuildRuleBuilder] Build completed: cxx_preprocess_and_compile //Pods:FirebaseDatabase#compile-FWriteRecord.m.oa1d814f5,iphonesimulator-x86_64 (111854593ns)
[2019-04-11 15:33:22.022][debug][command:a0c49b7b-9f55-457b-b7b1-811f0852e662][tid:1383][com.facebook.buck.core.build.engine.impl.CachingBuildRuleBuilder] Building locally: //Pods:FirebaseDatabase#compile-FAuthTokenProvider.m.o5cbf1cc7,iphonesimulator-x86_64
[2019-04-11 15:33:22.026][debug][command:a0c49b7b-9f55-457b-b7b1-811f0852e662][tid:1383][com.facebook.buck.cxx.CxxPreprocessAndCompileStep] preprocess_and_compile Pods/FirebaseDatabase/Firebase/Database/Login/FAuthTokenProvider.m -> buck-out/gen/Pods/FirebaseDatabase#compile-FAuthTokenProvider.m.o5cbf1cc7,iphonesimulator-x86_64/FirebaseDatabase/Firebase/Database/Login/FAuthTokenProvider.m.o
[2019-04-11 15:33:22.027][debug][command:a0c49b7b-9f55-457b-b7b1-811f0852e662][tid:1383][com.facebook.buck.cxx.CxxPreprocessAndCompileStep] Running command (pwd=Optional[/Users/stevenlee/Downloads/BuckTest 3]): (verbosity level disables command output)
[2019-04-11 15:33:22.068][debug][command:a0c49b7b-9f55-457b-b7b1-811f0852e662][tid:1377][com.facebook.buck.core.build.engine.impl.CachingBuildRuleBuilder] Build completed: cxx_preprocess_and_compile //Pods:FirebaseDatabase#compile-FTuplePathValue.m.of7d2848c,iphonesimulator-x86_64 (102400802ns)
[2019-04-11 15:33:22.068][debug][command:a0c49b7b-9f55-457b-b7b1-811f0852e662][tid:1377][com.facebook.buck.core.build.engine.impl.CachingBuildRuleBuilder] Building locally: //Pods:FirebaseDatabase#compile-FAckUserWrite.m.oe4bdf212,iphonesimulator-x86_64
[2019-04-11 15:33:22.072][debug][command:a0c49b7b-9f55-457b-b7b1-811f0852e662][tid:1377][com.facebook.buck.cxx.CxxPreprocessAndCompileStep] preprocess_and_compile Pods/FirebaseDatabase/Firebase/Database/Core/Operation/FAckUserWrite.m -> buck-out/gen/Pods/FirebaseDatabase#compile-FAckUserWrite.m.oe4bdf212,iphonesimulator-x86_64/FirebaseDatabase/Firebase/Database/Core/Operation/FAckUserWrite.m.o
[2019-04-11 15:33:22.073][debug][command:a0c49b7b-9f55-457b-b7b1-811f0852e662][tid:1377][com.facebook.buck.cxx.CxxPreprocessAndCompileStep] Running command (pwd=Optional[/Users/stevenlee/Downloads/BuckTest 3]): (verbosity level disables command output)
[2019-04-11 15:33:22.079][warn ][command:a0c49b7b-9f55-457b-b7b1-811f0852e662][tid:1378][com.facebook.buck.cxx.CxxPreprocessAndCompileStep] error 1 preprocess_and_compile Pods/FirebaseDatabase/Firebase/Database/Api/FIRDatabase.m
[2019-04-11 15:33:22.079][warn ][command:a0c49b7b-9f55-457b-b7b1-811f0852e662][tid:1372][com.facebook.buck.event.listener.LoggingBuildListener] While building module 'FirebaseAuthInterop' imported from Pods/FirebaseDatabase/Firebase/Database/Api/FIRDatabase.m:19:
In file included from <module-includes>:1:
In file included from buck-out/gen/Pods/FirebaseAuthInterop#header-mode-symlink-tree-with-modulemap,headers,iphonesimulator-x86_64/FirebaseAuthInterop/FirebaseAuthInterop.h:1:
[1mPods/FirebaseAuthInterop/Interop/Auth/Public/FIRAuthInterop.h:20:1: [0m[0;1;31merror: [0m[1munknown type name 'NS_ASSUME_NONNULL_BEGIN'[0m
NS_ASSUME_NONNULL_BEGIN
[0;1;32m^
[0m[1mPods/FirebaseAuthInterop/Interop/Auth/Public/FIRAuthInterop.h:25:1: [0m[0;1;31merror: [0m[1mexpected identifier or '('[0m
typedef void (^FIRTokenCallback)(NSString *_Nullable token, NSError *_Nullable error)
[0;1;32m^
[0m[1mPods/FirebaseAuthInterop/Interop/Auth/Public/FIRAuthInterop.h:30:1: [0m[0;1;31merror: [0m[1mexpected function body after function declarator[0m
@protocol FIRAuthInterop
[0;1;32m^
[0m[1mPods/FirebaseAuthInterop/Interop/Auth/Public/FIRAuthInterop.h:36:13: [0m[0;1;31merror: [0m[1mexpected ')'[0m
- (nullable NSString *)getUserID;
[0;1;32m            ^
[0m[1mPods/FirebaseAuthInterop/Interop/Auth/Public/FIRAuthInterop.h:36:3: [0m[0;1;30mnote: [0mto match this '('[0m
- (nullable NSString *)getUserID;
[0;1;32m  ^
[0m[1mPods/FirebaseAuthInterop/Interop/Auth/Public/FIRAuthInterop.h:36:1: [0m[0;1;31merror: [0m[1mmissing context for method declaration[0m
- (nullable NSString *)getUserID;
[0;1;32m^
[0m[1mPods/FirebaseAuthInterop/Interop/Auth/Public/FIRAuthInterop.h:38:1: [0m[0;1;31merror: [0m[1mexpected method body[0m
@end
[0;1;32m^
[0m[1mPods/FirebaseDatabase/Firebase/Database/Api/FIRDatabase.m:19:9: [0m[0;1;31mfatal error: [0m[1mcould not build module 'FirebaseAuthInterop'[0m
#import <FirebaseAuthInterop/FIRAuthInterop.h>
[0;1;32m ~~~~~~~^
[0m7 errors generated.
[2019-04-11 15:33:22.081][debug][command:a0c49b7b-9f55-457b-b7b1-811f0852e662][tid:1378][com.facebook.buck.cxx.Depfiles] Processing dependency file buck-out/gen/Pods/FirebaseDatabase#compile-FMerge.m.ocd43c405,iphonesimulator-x86_64/FirebaseDatabase/Firebase/Database/Core/Operation/FMerge.m.o.dep as Makefile
[2019-04-11 15:33:22.085][debug][command:a0c49b7b-9f55-457b-b7b1-811f0852e662][tid:1379][com.facebook.buck.core.build.engine.impl.CachingBuildRuleBuilder] Build completed: cxx_preprocess_and_compile //Pods:FirebaseDatabase#compile-FQueryParams.m.oc8ae2ac1,iphonesimulator-x86_64 (168635812ns)
[2019-04-11 15:33:22.086][debug][command:a0c49b7b-9f55-457b-b7b1-811f0852e662][tid:1379][com.facebook.buck.cxx.Depfiles] Processing dependency file buck-out/gen/Pods/FirebaseDatabase#compile-FTupleNodePath.m.o72634321,iphonesimulator-x86_64/FirebaseDatabase/Firebase/Database/Utilities/Tuples/FTupleNodePath.m.o.dep as Makefile
[2019-04-11 15:33:22.107][debug][command:a0c49b7b-9f55-457b-b7b1-811f0852e662][tid:1378][com.facebook.buck.cxx.Depfiles] Processing dependency file buck-out/gen/Pods/FirebaseDatabase#compile-FTupleCallbackStatus.m.od855ed3e,iphonesimulator-x86_64/FirebaseDatabase/Firebase/Database/Utilities/Tuples/FTupleCallbackStatus.m.o.dep as Makefile
[2019-04-11 15:33:22.110][debug][command:a0c49b7b-9f55-457b-b7b1-811f0852e662][tid:1379][com.facebook.buck.cxx.Depfiles] Processing dependency file buck-out/gen/Pods/FirebaseDatabase#compile-FMaxNode.m.o8fcbcb4b,iphonesimulator-x86_64/FirebaseDatabase/Firebase/Database/FMaxNode.m.o.dep as Makefile
[2019-04-11 15:33:22.118][debug][command:a0c49b7b-9f55-457b-b7b1-811f0852e662][tid:1380][com.facebook.buck.core.build.engine.impl.CachingBuildRuleBuilder] Build completed: cxx_preprocess_and_compile //Pods:FirebaseDatabase#compile-FWriteTree.m.o93698049,iphonesimulator-x86_64 (172744206ns)
[2019-04-11 15:33:22.119][debug][command:a0c49b7b-9f55-457b-b7b1-811f0852e662][tid:1380][com.facebook.buck.cxx.Depfiles] Processing dependency file buck-out/gen/Pods/FirebaseDatabase#compile-FRangedFilter.m.oeb27f7c8,iphonesimulator-x86_64/FirebaseDatabase/Firebase/Database/FRangedFilter.m.o.dep as Makefile
[2019-04-11 15:33:22.122][debug][command:a0c49b7b-9f55-457b-b7b1-811f0852e662][tid:1381][com.facebook.buck.core.build.engine.impl.CachingBuildRuleBuilder] Build completed: cxx_preprocess_and_compile //Pods:FirebaseDatabase#compile-FUtilities.m.occc455c2,iphonesimulator-x86_64 (139707936ns)
[2019-04-11 15:33:22.123][debug][command:a0c49b7b-9f55-457b-b7b1-811f0852e662][tid:1381][com.facebook.buck.cxx.Depfiles] Processing dependency file buck-out/gen/Pods/FirebaseDatabase#compile-FAtomicNumber.m.o506c59c7,iphonesimulator-x86_64/FirebaseDatabase/Firebase/Database/Utilities/FAtomicNumber.m.o.dep as Makefile
[2019-04-11 15:33:22.135][debug][command:a0c49b7b-9f55-457b-b7b1-811f0852e662][tid:1379][com.facebook.buck.cxx.Depfiles] Processing dependency file buck-out/gen/Pods/FirebaseDatabase#compile-FTrackedQuery.m.o631aafa4,iphonesimulator-x86_64/FirebaseDatabase/Firebase/Database/Persistence/FTrackedQuery.m.o.dep as Makefile
[2019-04-11 15:33:22.136][debug][command:a0c49b7b-9f55-457b-b7b1-811f0852e662][tid:1378][com.facebook.buck.cxx.Depfiles] Processing dependency file buck-out/gen/Pods/FirebaseDatabase#compile-FConstants.m.oac4aafe0,iphonesimulator-x86_64/FirebaseDatabase/Firebase/Database/Constants/FConstants.m.o.dep as Makefile
[2019-04-11 15:33:22.140][warn ][command:a0c49b7b-9f55-457b-b7b1-811f0852e662][tid:1383][com.facebook.buck.cxx.CxxPreprocessAndCompileStep] error 1 preprocess_and_compile Pods/FirebaseDatabase/Firebase/Database/Login/FAuthTokenProvider.m
[2019-04-11 15:33:22.140][warn ][command:a0c49b7b-9f55-457b-b7b1-811f0852e662][tid:1372][com.facebook.buck.event.listener.LoggingBuildListener] While building module 'FirebaseAuthInterop' imported from Pods/FirebaseDatabase/Firebase/Database/Login/FAuthTokenProvider.m:19:
In file included from <module-includes>:1:
In file included from buck-out/gen/Pods/FirebaseAuthInterop#header-mode-symlink-tree-with-modulemap,headers,iphonesimulator-x86_64/FirebaseAuthInterop/FirebaseAuthInterop.h:1:
[1mPods/FirebaseAuthInterop/Interop/Auth/Public/FIRAuthInterop.h:20:1: [0m[0;1;31merror: [0m[1munknown type name 'NS_ASSUME_NONNULL_BEGIN'[0m
NS_ASSUME_NONNULL_BEGIN
[0;1;32m^
[0m[1mPods/FirebaseAuthInterop/Interop/Auth/Public/FIRAuthInterop.h:25:1: [0m[0;1;31merror: [0m[1mexpected identifier or '('[0m
typedef void (^FIRTokenCallback)(NSString *_Nullable token, NSError *_Nullable error)
[0;1;32m^
[0m[1mPods/FirebaseAuthInterop/Interop/Auth/Public/FIRAuthInterop.h:30:1: [0m[0;1;31merror: [0m[1mexpected function body after function declarator[0m
@protocol FIRAuthInterop
[0;1;32m^
[0m[1mPods/FirebaseAuthInterop/Interop/Auth/Public/FIRAuthInterop.h:36:13: [0m[0;1;31merror: [0m[1mexpected ')'[0m
- (nullable NSString *)getUserID;
[0;1;32m            ^
[0m[1mPods/FirebaseAuthInterop/Interop/Auth/Public/FIRAuthInterop.h:36:3: [0m[0;1;30mnote: [0mto match this '('[0m
- (nullable NSString *)getUserID;
[0;1;32m  ^
[0m[1mPods/FirebaseAuthInterop/Interop/Auth/Public/FIRAuthInterop.h:36:1: [0m[0;1;31merror: [0m[1mmissing context for method declaration[0m
- (nullable NSString *)getUserID;
[0;1;32m^
[0m[1mPods/FirebaseAuthInterop/Interop/Auth/Public/FIRAuthInterop.h:38:1: [0m[0;1;31merror: [0m[1mexpected method body[0m
@end
[0;1;32m^
[0m[1mPods/FirebaseDatabase/Firebase/Database/Login/FAuthTokenProvider.m:19:9: [0m[0;1;31mfatal error: [0m[1mcould not build module 'FirebaseAuthInterop'[0m
#import <FirebaseAuthInterop/FIRAuthInterop.h>
[0;1;32m ~~~~~~~^
[0m7 errors generated.
[2019-04-11 15:33:22.141][debug][command:a0c49b7b-9f55-457b-b7b1-811f0852e662][tid:1383][com.facebook.buck.cxx.Depfiles] Processing dependency file buck-out/gen/Pods/FirebaseDatabase#compile-FIRDatabaseQuery.m.oa283731a,iphonesimulator-x86_64/FirebaseDatabase/Firebase/Database/Api/FIRDatabaseQuery.m.o.dep as Makefile
[2019-04-11 15:33:22.144][debug][command:a0c49b7b-9f55-457b-b7b1-811f0852e662][tid:1380][com.facebook.buck.cxx.Depfiles] Processing dependency file buck-out/gen/Pods/FirebaseDatabase#compile-FServerValues.m.od0eb3796,iphonesimulator-x86_64/FirebaseDatabase/Firebase/Database/Core/FServerValues.m.o.dep as Makefile
[2019-04-11 15:33:22.156][debug][command:a0c49b7b-9f55-457b-b7b1-811f0852e662][tid:1382][com.facebook.buck.core.build.engine.impl.CachingBuildRuleBuilder] Build completed: cxx_preprocess_and_compile //Pods:FirebaseDatabase#compile-FSyncTree.m.o0c7d6106,iphonesimulator-x86_64 (304506847ns)
[2019-04-11 15:33:22.157][debug][command:a0c49b7b-9f55-457b-b7b1-811f0852e662][tid:1382][com.facebook.buck.cxx.Depfiles] Processing dependency file buck-out/gen/Pods/FirebaseDatabase#compile-FTreeSortedDictionary.m.o6c79c953,iphonesimulator-x86_64/FirebaseDatabase/Firebase/Database/third_party/FImmutableSortedDictionary/FImmutableSortedDictionary/FTreeSortedDictionary.m.o.dep as Makefile
[2019-04-11 15:33:22.164][debug][command:a0c49b7b-9f55-457b-b7b1-811f0852e662][tid:1384][com.facebook.buck.core.build.engine.impl.CachingBuildRuleBuilder] Build completed: cxx_preprocess_and_compile //Pods:FirebaseDatabase#compile-FLimitedFilter.m.o72d4a9b6,iphonesimulator-x86_64 (148619578ns)
[2019-04-11 15:33:22.165][debug][command:a0c49b7b-9f55-457b-b7b1-811f0852e662][tid:1384][com.facebook.buck.cxx.Depfiles] Processing dependency file buck-out/gen/Pods/FirebaseDatabase#compile-FImmutableTree.m.o4b55cc29,iphonesimulator-x86_64/FirebaseDatabase/Firebase/Database/Core/Utilities/FImmutableTree.m.o.dep as Makefile
[2019-04-11 15:33:22.168][debug][command:a0c49b7b-9f55-457b-b7b1-811f0852e662][tid:1381][com.facebook.buck.cxx.Depfiles] Processing dependency file buck-out/gen/Pods/FirebaseDatabase#compile-FValidation.m.odfe89a68,iphonesimulator-x86_64/FirebaseDatabase/Firebase/Database/Utilities/FValidation.m.o.dep as Makefile
[2019-04-11 15:33:22.169][debug][command:a0c49b7b-9f55-457b-b7b1-811f0852e662][tid:1379][com.facebook.buck.cxx.Depfiles] Processing dependency file buck-out/gen/Pods/FirebaseDatabase#compile-FView.m.oa87705a8,iphonesimulator-x86_64/FirebaseDatabase/Firebase/Database/Core/View/FView.m.o.dep as Makefile
[2019-04-11 15:33:22.171][debug][command:a0c49b7b-9f55-457b-b7b1-811f0852e662][tid:1378][com.facebook.buck.cxx.Depfiles] Processing dependency file buck-out/gen/Pods/FirebaseDatabase#compile-FStringUtilities.m.o71cbf738,iphonesimulator-x86_64/FirebaseDatabase/Firebase/Database/Utilities/FStringUtilities.m.o.dep as Makefile
[2019-04-11 15:33:22.174][debug][command:a0c49b7b-9f55-457b-b7b1-811f0852e662][tid:1383][com.facebook.buck.cxx.Depfiles] Processing dependency file buck-out/gen/Pods/FirebaseDatabase#compile-FCompoundWrite.m.o16342973,iphonesimulator-x86_64/FirebaseDatabase/Firebase/Database/Snapshot/FCompoundWrite.m.o.dep as Makefile
[2019-04-11 15:33:22.177][debug][command:a0c49b7b-9f55-457b-b7b1-811f0852e662][tid:1380][com.facebook.buck.cxx.Depfiles] Processing dependency file buck-out/gen/Pods/FirebaseDatabase#compile-FTreeNode.m.o9df0c4d8,iphonesimulator-x86_64/FirebaseDatabase/Firebase/Database/Core/Utilities/FTreeNode.m.o.dep as Makefile
[2019-04-11 15:33:22.181][debug][command:a0c49b7b-9f55-457b-b7b1-811f0852e662][tid:1377][com.facebook.buck.core.build.engine.impl.CachingBuildRuleBuilder] Build completed: cxx_preprocess_and_compile //Pods:FirebaseDatabase#compile-FAckUserWrite.m.oe4bdf212,iphonesimulator-x86_64 (113413510ns)
[2019-04-11 15:33:22.183][debug][command:a0c49b7b-9f55-457b-b7b1-811f0852e662][tid:1377][com.facebook.buck.cxx.Depfiles] Processing dependency file buck-out/gen/Pods/FirebaseDatabase#compile-FArraySortedDictionary.m.o49c814d1,iphonesimulator-x86_64/FirebaseDatabase/Firebase/Database/third_party/FImmutableSortedDictionary/FImmutableSortedDictionary/FArraySortedDictionary.m.o.dep as Makefile
[2019-04-11 15:33:22.194][debug][command:a0c49b7b-9f55-457b-b7b1-811f0852e662][tid:1382][com.facebook.buck.cxx.Depfiles] Processing dependency file buck-out/gen/Pods/FirebaseDatabase#compile-FWriteRecord.m.oa1d814f5,iphonesimulator-x86_64/FirebaseDatabase/Firebase/Database/Core/FWriteRecord.m.o.dep as Makefile
[2019-04-11 15:33:22.202][debug][command:a0c49b7b-9f55-457b-b7b1-811f0852e662][tid:1381][com.facebook.buck.cxx.Depfiles] Processing dependency file buck-out/gen/Pods/FirebaseDatabase#compile-FTuplePathValue.m.of7d2848c,iphonesimulator-x86_64/FirebaseDatabase/Firebase/Database/Utilities/Tuples/FTuplePathValue.m.o.dep as Makefile
[2019-04-11 15:33:22.204][debug][command:a0c49b7b-9f55-457b-b7b1-811f0852e662][tid:1383][com.facebook.buck.core.build.engine.impl.CachingBuildRuleBuilder] Building rule [//Pods:FirebaseDatabase#compile-FIRDatabase.m.obae9bcbf,iphonesimulator-x86_64] failed.
com.facebook.buck.core.build.engine.impl.BuildRuleFailedException: com.facebook.buck.step.StepFailedException: Command failed with exit code 1.
stderr: While building module 'FirebaseAuthInterop' imported from Pods/FirebaseDatabase/Firebase/Database/Api/FIRDatabase.m:19:
In file included from <module-includes>:1:
In file included from buck-out/gen/Pods/FirebaseAuthInterop#header-mode-symlink-tree-with-modulemap,headers,iphonesimulator-x86_64/FirebaseAuthInterop/FirebaseAuthInterop.h:1:
[1mPods/FirebaseAuthInterop/Interop/Auth/Public/FIRAuthInterop.h:20:1: [0m[0;1;31merror: [0m[1munknown type name 'NS_ASSUME_NONNULL_BEGIN'[0m
NS_ASSUME_NONNULL_BEGIN
[0;1;32m^
[0m[1mPods/FirebaseAuthInterop/Interop/Auth/Public/FIRAuthInterop.h:25:1: [0m[0;1;31merror: [0m[1mexpected identifier or '('[0m
typedef void (^FIRTokenCallback)(NSString *_Nullable token, NSError *_Nullable error)
[0;1;32m^
[0m[1mPods/FirebaseAuthInterop/Interop/Auth/Public/FIRAuthInterop.h:30:1: [0m[0;1;31merror: [0m[1mexpected function body after function declarator[0m
@protocol FIRAuthInterop
[0;1;32m^
[0m[1mPods/FirebaseAuthInterop/Interop/Auth/Public/FIRAuthInterop.h:36:13: [0m[0;1;31merror: [0m[1mexpected ')'[0m
- (nullable NSString *)getUserID;
[0;1;32m            ^
[0m[1mPods/FirebaseAuthInterop/Interop/Auth/Public/FIRAuthInterop.h:36:3: [0m[0;1;30mnote: [0mto match this '('[0m
- (nullable NSString *)getUserID;
[0;1;32m  ^
[0m[1mPods/FirebaseAuthInterop/Interop/Auth/Public/FIRAuthInterop.h:36:1: [0m[0;1;31merror: [0m[1mmissing context for method declaration[0m
- (nullable NSString *)getUserID;
[0;1;32m^
[0m[1mPods/FirebaseAuthInterop/Interop/Auth/Public/FIRAuthInterop.h:38:1: [0m[0;1;31merror: [0m[1mexpected method body[0m
@end
[0;1;32m^
[0m[1mPods/FirebaseDatabase/Firebase/Database/Api/FIRDatabase.m:19:9: [0m[0;1;31mfatal error: [0m[1mcould not build module 'FirebaseAuthInterop'[0m
#import <FirebaseAuthInterop/FIRAuthInterop.h>
[0;1;32m ~~~~~~~^
[0m7 errors generated.
  When running <objective-c preprocess_and_compile>.
	at com.facebook.buck.core.build.engine.impl.CachingBuildRuleBuilder.getFailedException(CachingBuildRuleBuilder.java:1223)
	at com.facebook.buck.core.build.engine.impl.CachingBuildRuleBuilder.lambda$build$2(CachingBuildRuleBuilder.java:386)
	at com.google.common.util.concurrent.AbstractCatchingFuture$AsyncCatchingFuture.doFallback(AbstractCatchingFuture.java:172)
	at com.google.common.util.concurrent.AbstractCatchingFuture$AsyncCatchingFuture.doFallback(AbstractCatchingFuture.java:159)
	at com.google.common.util.concurrent.AbstractCatchingFuture.run(AbstractCatchingFuture.java:112)
	at com.google.common.util.concurrent.MoreExecutors$DirectExecutor.execute(MoreExecutors.java:399)
	at com.google.common.util.concurrent.AbstractFuture.executeListener(AbstractFuture.java:1016)
	at com.google.common.util.concurrent.AbstractFuture.complete(AbstractFuture.java:867)
	at com.google.common.util.concurrent.AbstractFuture.setException(AbstractFuture.java:713)
	at com.google.common.util.concurrent.AbstractTransformFuture.run(AbstractTransformFuture.java:97)
	at com.google.common.util.concurrent.MoreExecutors$DirectExecutor.execute(MoreExecutors.java:399)
	at com.google.common.util.concurrent.AbstractFuture.executeListener(AbstractFuture.java:1016)
	at com.google.common.util.concurrent.AbstractFuture.complete(AbstractFuture.java:867)
	at com.google.common.util.concurrent.AbstractFuture.setException(AbstractFuture.java:713)
	at com.google.common.util.concurrent.AbstractTransformFuture.run(AbstractTransformFuture.java:97)
	at com.google.common.util.concurrent.MoreExecutors$DirectExecutor.execute(MoreExecutors.java:399)
	at com.google.common.util.concurrent.AbstractFuture.executeListener(AbstractFuture.java:1016)
	at com.google.common.util.concurrent.AbstractFuture.complete(AbstractFuture.java:867)
	at com.google.common.util.concurrent.AbstractFuture.setFuture(AbstractFuture.java:754)
	at com.google.common.util.concurrent.TrustedListenableFutureTask$TrustedFutureInterruptibleAsyncTask.afterRanInterruptibly(TrustedListenableFutureTask.java:170)
	at com.google.common.util.concurrent.TrustedListenableFutureTask$TrustedFutureInterruptibleAsyncTask.afterRanInterruptibly(TrustedListenableFutureTask.java:145)
	at com.google.common.util.concurrent.InterruptibleTask.run(InterruptibleTask.java:80)
	at com.google.common.util.concurrent.TrustedListenableFutureTask.run(TrustedListenableFutureTask.java:80)
	at com.facebook.buck.util.concurrent.WeightedListeningExecutorService.lambda$submit$2(WeightedListeningExecutorService.java:100)
	at com.facebook.buck.util.concurrent.WeightedListeningExecutorService.lambda$submitWithSemaphore$0(WeightedListeningExecutorService.java:74)
	at com.google.common.util.concurrent.AbstractTransformFuture$AsyncTransformFuture.doTransform(AbstractTransformFuture.java:206)
	at com.google.common.util.concurrent.AbstractTransformFuture$AsyncTransformFuture.doTransform(AbstractTransformFuture.java:195)
	at com.google.common.util.concurrent.AbstractTransformFuture.run(AbstractTransformFuture.java:115)
	at com.google.common.util.concurrent.MoreExecutors$5$1.run(MoreExecutors.java:999)
	at java.util.concurrent.ThreadPoolExecutor.runWorker(ThreadPoolExecutor.java:1149)
	at java.util.concurrent.ThreadPoolExecutor$Worker.run(ThreadPoolExecutor.java:624)
	at java.lang.Thread.run(Thread.java:748)
Caused by: com.facebook.buck.step.StepFailedException: Command failed with exit code 1.
stderr: While building module 'FirebaseAuthInterop' imported from Pods/FirebaseDatabase/Firebase/Database/Api/FIRDatabase.m:19:
In file included from <module-includes>:1:
In file included from buck-out/gen/Pods/FirebaseAuthInterop#header-mode-symlink-tree-with-modulemap,headers,iphonesimulator-x86_64/FirebaseAuthInterop/FirebaseAuthInterop.h:1:
[1mPods/FirebaseAuthInterop/Interop/Auth/Public/FIRAuthInterop.h:20:1: [0m[0;1;31merror: [0m[1munknown type name 'NS_ASSUME_NONNULL_BEGIN'[0m
NS_ASSUME_NONNULL_BEGIN
[0;1;32m^
[0m[1mPods/FirebaseAuthInterop/Interop/Auth/Public/FIRAuthInterop.h:25:1: [0m[0;1;31merror: [0m[1mexpected identifier or '('[0m
typedef void (^FIRTokenCallback)(NSString *_Nullable token, NSError *_Nullable error)
[0;1;32m^
[0m[1mPods/FirebaseAuthInterop/Interop/Auth/Public/FIRAuthInterop.h:30:1: [0m[0;1;31merror: [0m[1mexpected function body after function declarator[0m
@protocol FIRAuthInterop
[0;1;32m^
[0m[1mPods/FirebaseAuthInterop/Interop/Auth/Public/FIRAuthInterop.h:36:13: [0m[0;1;31merror: [0m[1mexpected ')'[0m
- (nullable NSString *)getUserID;
[0;1;32m            ^
[0m[1mPods/FirebaseAuthInterop/Interop/Auth/Public/FIRAuthInterop.h:36:3: [0m[0;1;30mnote: [0mto match this '('[0m
- (nullable NSString *)getUserID;
[0;1;32m  ^
[0m[1mPods/FirebaseAuthInterop/Interop/Auth/Public/FIRAuthInterop.h:36:1: [0m[0;1;31merror: [0m[1mmissing context for method declaration[0m
- (nullable NSString *)getUserID;
[0;1;32m^
[0m[1mPods/FirebaseAuthInterop/Interop/Auth/Public/FIRAuthInterop.h:38:1: [0m[0;1;31merror: [0m[1mexpected method body[0m
@end
[0;1;32m^
[0m[1mPods/FirebaseDatabase/Firebase/Database/Api/FIRDatabase.m:19:9: [0m[0;1;31mfatal error: [0m[1mcould not build module 'FirebaseAuthInterop'[0m
#import <FirebaseAuthInterop/FIRAuthInterop.h>
[0;1;32m ~~~~~~~^
[0m7 errors generated.
  When running <objective-c preprocess_and_compile>.
	at com.facebook.buck.step.StepFailedException.createForFailingStepWithException(StepFailedException.java:57)
	at com.facebook.buck.step.StepFailedException.createForFailingStepWithExitCode(StepFailedException.java:51)
	at com.facebook.buck.step.DefaultStepRunner.runStepForBuildTarget(DefaultStepRunner.java:54)
	at com.facebook.buck.core.build.engine.impl.CachingBuildRuleBuilder$BuildRuleSteps.executeCommands(CachingBuildRuleBuilder.java:1449)
	at com.facebook.buck.core.build.engine.impl.CachingBuildRuleBuilder$BuildRuleSteps.runWithDefaultExecutor(CachingBuildRuleBuilder.java:1411)
	at com.facebook.buck.core.build.engine.impl.CachingBuildRuleBuilder$2.runWithDefaultBehavior(CachingBuildRuleBuilder.java:850)
	at com.google.common.util.concurrent.TrustedListenableFutureTask$TrustedFutureInterruptibleAsyncTask.runInterruptibly(TrustedListenableFutureTask.java:162)
	at com.google.common.util.concurrent.TrustedListenableFutureTask$TrustedFutureInterruptibleAsyncTask.runInterruptibly(TrustedListenableFutureTask.java:145)
	at com.google.common.util.concurrent.InterruptibleTask.run(InterruptibleTask.java:57)
	... 10 more
Caused by: com.facebook.buck.core.exceptions.HumanReadableException: Command failed with exit code 1.
stderr: While building module 'FirebaseAuthInterop' imported from Pods/FirebaseDatabase/Firebase/Database/Api/FIRDatabase.m:19:
In file included from <module-includes>:1:
In file included from buck-out/gen/Pods/FirebaseAuthInterop#header-mode-symlink-tree-with-modulemap,headers,iphonesimulator-x86_64/FirebaseAuthInterop/FirebaseAuthInterop.h:1:
[1mPods/FirebaseAuthInterop/Interop/Auth/Public/FIRAuthInterop.h:20:1: [0m[0;1;31merror: [0m[1munknown type name 'NS_ASSUME_NONNULL_BEGIN'[0m
NS_ASSUME_NONNULL_BEGIN
[0;1;32m^
[0m[1mPods/FirebaseAuthInterop/Interop/Auth/Public/FIRAuthInterop.h:25:1: [0m[0;1;31merror: [0m[1mexpected identifier or '('[0m
typedef void (^FIRTokenCallback)(NSString *_Nullable token, NSError *_Nullable error)
[0;1;32m^
[0m[1mPods/FirebaseAuthInterop/Interop/Auth/Public/FIRAuthInterop.h:30:1: [0m[0;1;31merror: [0m[1mexpected function body after function declarator[0m
@protocol FIRAuthInterop
[0;1;32m^
[0m[1mPods/FirebaseAuthInterop/Interop/Auth/Public/FIRAuthInterop.h:36:13: [0m[0;1;31merror: [0m[1mexpected ')'[0m
- (nullable NSString *)getUserID;
[0;1;32m            ^
[0m[1mPods/FirebaseAuthInterop/Interop/Auth/Public/FIRAuthInterop.h:36:3: [0m[0;1;30mnote: [0mto match this '('[0m
- (nullable NSString *)getUserID;
[0;1;32m  ^
[0m[1mPods/FirebaseAuthInterop/Interop/Auth/Public/FIRAuthInterop.h:36:1: [0m[0;1;31merror: [0m[1mmissing context for method declaration[0m
- (nullable NSString *)getUserID;
[0;1;32m^
[0m[1mPods/FirebaseAuthInterop/Interop/Auth/Public/FIRAuthInterop.h:38:1: [0m[0;1;31merror: [0m[1mexpected method body[0m
@end
[0;1;32m^
[0m[1mPods/FirebaseDatabase/Firebase/Database/Api/FIRDatabase.m:19:9: [0m[0;1;31mfatal error: [0m[1mcould not build module 'FirebaseAuthInterop'[0m
#import <FirebaseAuthInterop/FIRAuthInterop.h>
[0;1;32m ~~~~~~~^
[0m7 errors generated.
	at com.facebook.buck.step.StepFailedException.createForFailingStepWithExitCode(StepFailedException.java:52)
	... 17 more

[2019-04-11 15:33:22.207][debug][command:a0c49b7b-9f55-457b-b7b1-811f0852e662][tid:1383][com.facebook.buck.cxx.Depfiles] Processing dependency file buck-out/gen/Pods/FirebaseDatabase#compile-FQueryParams.m.oc8ae2ac1,iphonesimulator-x86_64/FirebaseDatabase/Firebase/Database/Core/FQueryParams.m.o.dep as Makefile
[2019-04-11 15:33:22.211][debug][command:a0c49b7b-9f55-457b-b7b1-811f0852e662][tid:1377][com.facebook.buck.cxx.Depfiles] Processing dependency file buck-out/gen/Pods/FirebaseDatabase#compile-FWriteTree.m.o93698049,iphonesimulator-x86_64/FirebaseDatabase/Firebase/Database/Core/FWriteTree.m.o.dep as Makefile
[2019-04-11 15:33:22.214][debug][command:a0c49b7b-9f55-457b-b7b1-811f0852e662][tid:1379][com.facebook.buck.cxx.Depfiles] Processing dependency file buck-out/gen/Pods/FirebaseDatabase#compile-FUtilities.m.occc455c2,iphonesimulator-x86_64/FirebaseDatabase/Firebase/Database/Utilities/FUtilities.m.o.dep as Makefile
[2019-04-11 15:33:22.228][debug][command:a0c49b7b-9f55-457b-b7b1-811f0852e662][tid:1381][com.facebook.buck.core.build.engine.impl.CachingBuildRuleBuilder] Building rule [//Pods:FirebaseDatabase#compile-FAuthTokenProvider.m.o5cbf1cc7,iphonesimulator-x86_64] failed.
com.facebook.buck.core.build.engine.impl.BuildRuleFailedException: com.facebook.buck.step.StepFailedException: Command failed with exit code 1.
stderr: While building module 'FirebaseAuthInterop' imported from Pods/FirebaseDatabase/Firebase/Database/Login/FAuthTokenProvider.m:19:
In file included from <module-includes>:1:
In file included from buck-out/gen/Pods/FirebaseAuthInterop#header-mode-symlink-tree-with-modulemap,headers,iphonesimulator-x86_64/FirebaseAuthInterop/FirebaseAuthInterop.h:1:
[1mPods/FirebaseAuthInterop/Interop/Auth/Public/FIRAuthInterop.h:20:1: [0m[0;1;31merror: [0m[1munknown type name 'NS_ASSUME_NONNULL_BEGIN'[0m
NS_ASSUME_NONNULL_BEGIN
[0;1;32m^
[0m[1mPods/FirebaseAuthInterop/Interop/Auth/Public/FIRAuthInterop.h:25:1: [0m[0;1;31merror: [0m[1mexpected identifier or '('[0m
typedef void (^FIRTokenCallback)(NSString *_Nullable token, NSError *_Nullable error)
[0;1;32m^
[0m[1mPods/FirebaseAuthInterop/Interop/Auth/Public/FIRAuthInterop.h:30:1: [0m[0;1;31merror: [0m[1mexpected function body after function declarator[0m
@protocol FIRAuthInterop
[0;1;32m^
[0m[1mPods/FirebaseAuthInterop/Interop/Auth/Public/FIRAuthInterop.h:36:13: [0m[0;1;31merror: [0m[1mexpected ')'[0m
- (nullable NSString *)getUserID;
[0;1;32m            ^
[0m[1mPods/FirebaseAuthInterop/Interop/Auth/Public/FIRAuthInterop.h:36:3: [0m[0;1;30mnote: [0mto match this '('[0m
- (nullable NSString *)getUserID;
[0;1;32m  ^
[0m[1mPods/FirebaseAuthInterop/Interop/Auth/Public/FIRAuthInterop.h:36:1: [0m[0;1;31merror: [0m[1mmissing context for method declaration[0m
- (nullable NSString *)getUserID;
[0;1;32m^
[0m[1mPods/FirebaseAuthInterop/Interop/Auth/Public/FIRAuthInterop.h:38:1: [0m[0;1;31merror: [0m[1mexpected method body[0m
@end
[0;1;32m^
[0m[1mPods/FirebaseDatabase/Firebase/Database/Login/FAuthTokenProvider.m:19:9: [0m[0;1;31mfatal error: [0m[1mcould not build module 'FirebaseAuthInterop'[0m
#import <FirebaseAuthInterop/FIRAuthInterop.h>
[0;1;32m ~~~~~~~^
[0m7 errors generated.
  When running <objective-c preprocess_and_compile>.
	at com.facebook.buck.core.build.engine.impl.CachingBuildRuleBuilder.getFailedException(CachingBuildRuleBuilder.java:1223)
	at com.facebook.buck.core.build.engine.impl.CachingBuildRuleBuilder.lambda$build$2(CachingBuildRuleBuilder.java:386)
	at com.google.common.util.concurrent.AbstractCatchingFuture$AsyncCatchingFuture.doFallback(AbstractCatchingFuture.java:172)
	at com.google.common.util.concurrent.AbstractCatchingFuture$AsyncCatchingFuture.doFallback(AbstractCatchingFuture.java:159)
	at com.google.common.util.concurrent.AbstractCatchingFuture.run(AbstractCatchingFuture.java:112)
	at com.google.common.util.concurrent.MoreExecutors$DirectExecutor.execute(MoreExecutors.java:399)
	at com.google.common.util.concurrent.AbstractFuture.executeListener(AbstractFuture.java:1016)
	at com.google.common.util.concurrent.AbstractFuture.complete(AbstractFuture.java:867)
	at com.google.common.util.concurrent.AbstractFuture.setException(AbstractFuture.java:713)
	at com.google.common.util.concurrent.AbstractTransformFuture.run(AbstractTransformFuture.java:97)
	at com.google.common.util.concurrent.MoreExecutors$DirectExecutor.execute(MoreExecutors.java:399)
	at com.google.common.util.concurrent.AbstractFuture.executeListener(AbstractFuture.java:1016)
	at com.google.common.util.concurrent.AbstractFuture.complete(AbstractFuture.java:867)
	at com.google.common.util.concurrent.AbstractFuture.setException(AbstractFuture.java:713)
	at com.google.common.util.concurrent.AbstractTransformFuture.run(AbstractTransformFuture.java:97)
	at com.google.common.util.concurrent.MoreExecutors$DirectExecutor.execute(MoreExecutors.java:399)
	at com.google.common.util.concurrent.AbstractFuture.executeListener(AbstractFuture.java:1016)
	at com.google.common.util.concurrent.AbstractFuture.complete(AbstractFuture.java:867)
	at com.google.common.util.concurrent.AbstractFuture.setFuture(AbstractFuture.java:754)
	at com.google.common.util.concurrent.TrustedListenableFutureTask$TrustedFutureInterruptibleAsyncTask.afterRanInterruptibly(TrustedListenableFutureTask.java:170)
	at com.google.common.util.concurrent.TrustedListenableFutureTask$TrustedFutureInterruptibleAsyncTask.afterRanInterruptibly(TrustedListenableFutureTask.java:145)
	at com.google.common.util.concurrent.InterruptibleTask.run(InterruptibleTask.java:80)
	at com.google.common.util.concurrent.TrustedListenableFutureTask.run(TrustedListenableFutureTask.java:80)
	at com.facebook.buck.util.concurrent.WeightedListeningExecutorService.lambda$submit$2(WeightedListeningExecutorService.java:100)
	at com.facebook.buck.util.concurrent.WeightedListeningExecutorService.lambda$submitWithSemaphore$0(WeightedListeningExecutorService.java:74)
	at com.google.common.util.concurrent.AbstractTransformFuture$AsyncTransformFuture.doTransform(AbstractTransformFuture.java:206)
	at com.google.common.util.concurrent.AbstractTransformFuture$AsyncTransformFuture.doTransform(AbstractTransformFuture.java:195)
	at com.google.common.util.concurrent.AbstractTransformFuture.run(AbstractTransformFuture.java:115)
	at com.google.common.util.concurrent.MoreExecutors$5$1.run(MoreExecutors.java:999)
	at java.util.concurrent.ThreadPoolExecutor.runWorker(ThreadPoolExecutor.java:1149)
	at java.util.concurrent.ThreadPoolExecutor$Worker.run(ThreadPoolExecutor.java:624)
	at java.lang.Thread.run(Thread.java:748)
Caused by: com.facebook.buck.step.StepFailedException: Command failed with exit code 1.
stderr: While building module 'FirebaseAuthInterop' imported from Pods/FirebaseDatabase/Firebase/Database/Login/FAuthTokenProvider.m:19:
In file included from <module-includes>:1:
In file included from buck-out/gen/Pods/FirebaseAuthInterop#header-mode-symlink-tree-with-modulemap,headers,iphonesimulator-x86_64/FirebaseAuthInterop/FirebaseAuthInterop.h:1:
[1mPods/FirebaseAuthInterop/Interop/Auth/Public/FIRAuthInterop.h:20:1: [0m[0;1;31merror: [0m[1munknown type name 'NS_ASSUME_NONNULL_BEGIN'[0m
NS_ASSUME_NONNULL_BEGIN
[0;1;32m^
[0m[1mPods/FirebaseAuthInterop/Interop/Auth/Public/FIRAuthInterop.h:25:1: [0m[0;1;31merror: [0m[1mexpected identifier or '('[0m
typedef void (^FIRTokenCallback)(NSString *_Nullable token, NSError *_Nullable error)
[0;1;32m^
[0m[1mPods/FirebaseAuthInterop/Interop/Auth/Public/FIRAuthInterop.h:30:1: [0m[0;1;31merror: [0m[1mexpected function body after function declarator[0m
@protocol FIRAuthInterop
[0;1;32m^
[0m[1mPods/FirebaseAuthInterop/Interop/Auth/Public/FIRAuthInterop.h:36:13: [0m[0;1;31merror: [0m[1mexpected ')'[0m
- (nullable NSString *)getUserID;
[0;1;32m            ^
[0m[1mPods/FirebaseAuthInterop/Interop/Auth/Public/FIRAuthInterop.h:36:3: [0m[0;1;30mnote: [0mto match this '('[0m
- (nullable NSString *)getUserID;
[0;1;32m  ^
[0m[1mPods/FirebaseAuthInterop/Interop/Auth/Public/FIRAuthInterop.h:36:1: [0m[0;1;31merror: [0m[1mmissing context for method declaration[0m
- (nullable NSString *)getUserID;
[0;1;32m^
[0m[1mPods/FirebaseAuthInterop/Interop/Auth/Public/FIRAuthInterop.h:38:1: [0m[0;1;31merror: [0m[1mexpected method body[0m
@end
[0;1;32m^
[0m[1mPods/FirebaseDatabase/Firebase/Database/Login/FAuthTokenProvider.m:19:9: [0m[0;1;31mfatal error: [0m[1mcould not build module 'FirebaseAuthInterop'[0m
#import <FirebaseAuthInterop/FIRAuthInterop.h>
[0;1;32m ~~~~~~~^
[0m7 errors generated.
  When running <objective-c preprocess_and_compile>.
	at com.facebook.buck.step.StepFailedException.createForFailingStepWithException(StepFailedException.java:57)
	at com.facebook.buck.step.StepFailedException.createForFailingStepWithExitCode(StepFailedException.java:51)
	at com.facebook.buck.step.DefaultStepRunner.runStepForBuildTarget(DefaultStepRunner.java:54)
	at com.facebook.buck.core.build.engine.impl.CachingBuildRuleBuilder$BuildRuleSteps.executeCommands(CachingBuildRuleBuilder.java:1449)
	at com.facebook.buck.core.build.engine.impl.CachingBuildRuleBuilder$BuildRuleSteps.runWithDefaultExecutor(CachingBuildRuleBuilder.java:1411)
	at com.facebook.buck.core.build.engine.impl.CachingBuildRuleBuilder$2.runWithDefaultBehavior(CachingBuildRuleBuilder.java:850)
	at com.google.common.util.concurrent.TrustedListenableFutureTask$TrustedFutureInterruptibleAsyncTask.runInterruptibly(TrustedListenableFutureTask.java:162)
	at com.google.common.util.concurrent.TrustedListenableFutureTask$TrustedFutureInterruptibleAsyncTask.runInterruptibly(TrustedListenableFutureTask.java:145)
	at com.google.common.util.concurrent.InterruptibleTask.run(InterruptibleTask.java:57)
	... 10 more
Caused by: com.facebook.buck.core.exceptions.HumanReadableException: Command failed with exit code 1.
stderr: While building module 'FirebaseAuthInterop' imported from Pods/FirebaseDatabase/Firebase/Database/Login/FAuthTokenProvider.m:19:
In file included from <module-includes>:1:
In file included from buck-out/gen/Pods/FirebaseAuthInterop#header-mode-symlink-tree-with-modulemap,headers,iphonesimulator-x86_64/FirebaseAuthInterop/FirebaseAuthInterop.h:1:
[1mPods/FirebaseAuthInterop/Interop/Auth/Public/FIRAuthInterop.h:20:1: [0m[0;1;31merror: [0m[1munknown type name 'NS_ASSUME_NONNULL_BEGIN'[0m
NS_ASSUME_NONNULL_BEGIN
[0;1;32m^
[0m[1mPods/FirebaseAuthInterop/Interop/Auth/Public/FIRAuthInterop.h:25:1: [0m[0;1;31merror: [0m[1mexpected identifier or '('[0m
typedef void (^FIRTokenCallback)(NSString *_Nullable token, NSError *_Nullable error)
[0;1;32m^
[0m[1mPods/FirebaseAuthInterop/Interop/Auth/Public/FIRAuthInterop.h:30:1: [0m[0;1;31merror: [0m[1mexpected function body after function declarator[0m
@protocol FIRAuthInterop
[0;1;32m^
[0m[1mPods/FirebaseAuthInterop/Interop/Auth/Public/FIRAuthInterop.h:36:13: [0m[0;1;31merror: [0m[1mexpected ')'[0m
- (nullable NSString *)getUserID;
[0;1;32m            ^
[0m[1mPods/FirebaseAuthInterop/Interop/Auth/Public/FIRAuthInterop.h:36:3: [0m[0;1;30mnote: [0mto match this '('[0m
- (nullable NSString *)getUserID;
[0;1;32m  ^
[0m[1mPods/FirebaseAuthInterop/Interop/Auth/Public/FIRAuthInterop.h:36:1: [0m[0;1;31merror: [0m[1mmissing context for method declaration[0m
- (nullable NSString *)getUserID;
[0;1;32m^
[0m[1mPods/FirebaseAuthInterop/Interop/Auth/Public/FIRAuthInterop.h:38:1: [0m[0;1;31merror: [0m[1mexpected method body[0m
@end
[0;1;32m^
[0m[1mPods/FirebaseDatabase/Firebase/Database/Login/FAuthTokenProvider.m:19:9: [0m[0;1;31mfatal error: [0m[1mcould not build module 'FirebaseAuthInterop'[0m
#import <FirebaseAuthInterop/FIRAuthInterop.h>
[0;1;32m ~~~~~~~^
[0m7 errors generated.
	at com.facebook.buck.step.StepFailedException.createForFailingStepWithExitCode(StepFailedException.java:52)
	... 17 more

[2019-04-11 15:33:22.235][debug][command:a0c49b7b-9f55-457b-b7b1-811f0852e662][tid:1384][com.facebook.buck.cxx.Depfiles] Processing dependency file buck-out/gen/Pods/FirebaseDatabase#compile-FSyncTree.m.o0c7d6106,iphonesimulator-x86_64/FirebaseDatabase/Firebase/Database/Core/FSyncTree.m.o.dep as Makefile
[2019-04-11 15:33:22.236][debug][command:a0c49b7b-9f55-457b-b7b1-811f0852e662][tid:1382][com.facebook.buck.cxx.Depfiles] Processing dependency file buck-out/gen/Pods/FirebaseDatabase#compile-FLimitedFilter.m.o72d4a9b6,iphonesimulator-x86_64/FirebaseDatabase/Firebase/Database/Core/View/Filter/FLimitedFilter.m.o.dep as Makefile
[2019-04-11 15:33:22.260][debug][command:a0c49b7b-9f55-457b-b7b1-811f0852e662][tid:1377][com.facebook.buck.cxx.Depfiles] Processing dependency file buck-out/gen/Pods/FirebaseDatabase#compile-FAckUserWrite.m.oe4bdf212,iphonesimulator-x86_64/FirebaseDatabase/Firebase/Database/Core/Operation/FAckUserWrite.m.o.dep as Makefile
[2019-04-11 15:33:22.323][info ][command:a0c49b7b-9f55-457b-b7b1-811f0852e662][tid:1372][com.facebook.buck.event.listener.LoggingBuildListener] Build finished at 2019-04-11 15:33:22.323
[2019-04-11 15:33:22.324][debug][command:a0c49b7b-9f55-457b-b7b1-811f0852e662][tid:1367][com.facebook.buck.util.perf.ProcessTracker] shutDown
[2019-04-11 15:33:22.324][debug][command:null][tid:1366][com.google.common.util.concurrent.ServiceManager] Service PerfStatsTracking [TERMINATED] has terminated. Previous state was: STOPPING
[2019-04-11 15:33:22.325][debug][command:a0c49b7b-9f55-457b-b7b1-811f0852e662][tid:14][com.facebook.buck.event.listener.RenderingConsole] Stopping render scheduler
[2019-04-11 15:33:22.326][info ][command:a0c49b7b-9f55-457b-b7b1-811f0852e662][tid:14][com.facebook.buck.cli.Main] Awaiting termination of PROJECT executor service. Waiting for all jobs to complete, or up to maximum of 60 seconds...
[2019-04-11 15:33:22.327][info ][command:a0c49b7b-9f55-457b-b7b1-811f0852e662][tid:14][com.facebook.buck.cli.Main] Successfully terminated PROJECT executor service.
[2019-04-11 15:33:22.327][info ][command:a0c49b7b-9f55-457b-b7b1-811f0852e662][tid:14][com.facebook.buck.cli.Main] Awaiting termination of NETWORK executor service. Waiting for all jobs to complete, or up to maximum of 60 seconds...
[2019-04-11 15:33:22.327][info ][command:a0c49b7b-9f55-457b-b7b1-811f0852e662][tid:14][com.facebook.buck.cli.Main] Successfully terminated NETWORK executor service.
[2019-04-11 15:33:22.327][info ][command:a0c49b7b-9f55-457b-b7b1-811f0852e662][tid:14][com.facebook.buck.cli.Main] Awaiting termination of CPU executor service. Waiting for all jobs to complete, or up to maximum of 60 seconds...
[2019-04-11 15:33:22.327][info ][command:a0c49b7b-9f55-457b-b7b1-811f0852e662][tid:14][com.facebook.buck.cli.Main] Successfully terminated CPU executor service.
[2019-04-11 15:33:22.327][info ][command:a0c49b7b-9f55-457b-b7b1-811f0852e662][tid:14][com.facebook.buck.cli.Main] Awaiting termination of ScheduledExecutorService executor service. Waiting for all jobs to complete, or up to maximum of 60 seconds...
[2019-04-11 15:33:22.327][info ][command:a0c49b7b-9f55-457b-b7b1-811f0852e662][tid:14][com.facebook.buck.cli.Main] Successfully terminated ScheduledExecutorService executor service.
[2019-04-11 15:33:22.327][info ][command:a0c49b7b-9f55-457b-b7b1-811f0852e662][tid:14][com.facebook.buck.cli.Main] Awaiting termination of CounterAggregatorExecutor executor service. Waiting for all jobs to complete, or up to maximum of 20 seconds...
[2019-04-11 15:33:22.327][info ][command:a0c49b7b-9f55-457b-b7b1-811f0852e662][tid:14][com.facebook.buck.cli.Main] Successfully terminated CounterAggregatorExecutor executor service.
[2019-04-11 15:33:22.327][info ][command:a0c49b7b-9f55-457b-b7b1-811f0852e662][tid:14][com.facebook.buck.cli.Main] Awaiting termination of HTTP Read executor service. Waiting for all jobs to complete, or up to maximum of 1800 seconds...
[2019-04-11 15:33:22.327][info ][command:a0c49b7b-9f55-457b-b7b1-811f0852e662][tid:14][com.facebook.buck.cli.Main] Successfully terminated HTTP Read executor service.
[2019-04-11 15:33:22.327][info ][command:a0c49b7b-9f55-457b-b7b1-811f0852e662][tid:14][com.facebook.buck.cli.Main] Awaiting termination of Download Heavy Build HTTP Read executor service. Waiting for all jobs to complete, or up to maximum of 1800 seconds...
[2019-04-11 15:33:22.327][info ][command:a0c49b7b-9f55-457b-b7b1-811f0852e662][tid:14][com.facebook.buck.cli.Main] Successfully terminated Download Heavy Build HTTP Read executor service.
[2019-04-11 15:33:22.327][info ][command:a0c49b7b-9f55-457b-b7b1-811f0852e662][tid:14][com.facebook.buck.cli.Main] Awaiting termination of HTTP Write executor service. Waiting for all jobs to complete, or up to maximum of 1800 seconds...
[2019-04-11 15:33:22.327][info ][command:a0c49b7b-9f55-457b-b7b1-811f0852e662][tid:14][com.facebook.buck.cli.Main] Successfully terminated HTTP Write executor service.
[2019-04-11 15:33:22.327][info ][command:a0c49b7b-9f55-457b-b7b1-811f0852e662][tid:14][com.facebook.buck.cli.Main] Awaiting termination of Disk IO executor service. Waiting for all jobs to complete, or up to maximum of 10 seconds...
[2019-04-11 15:33:22.327][info ][command:a0c49b7b-9f55-457b-b7b1-811f0852e662][tid:14][com.facebook.buck.cli.Main] Successfully terminated Disk IO executor service.
[2019-04-11 15:33:22.327][debug][command:null][tid:62][com.facebook.buck.io.AsynchronousDirectoryContentsCleaner] Starting to clean buck-out/.trash
[2019-04-11 15:33:22.327][debug][command:null][tid:62][com.facebook.buck.io.AsynchronousDirectoryContentsCleaner] Done cleaning buck-out/.trash
[2019-04-11 15:33:22.328][debug][command:null][tid:66][com.facebook.buck.event.listener.ChromeTraceBuildListener] Writing Chrome trace to buck-out/log/2019-04-11_07h33m21s_buildcommand_a0c49b7b-9f55-457b-b7b1-811f0852e662/build.2019-04-11.15-33-21.a0c49b7b-9f55-457b-b7b1-811f0852e662.trace
[2019-04-11 15:33:22.333][debug][command:null][tid:1367][com.google.common.util.concurrent.ServiceManager] Service ProcessTracker [TERMINATED] has terminated. Previous state was: STOPPING
[2019-04-11 15:33:22.334][warn ][command:null][tid:14][com.facebook.buck.cli.Main] Command failed:
com.facebook.buck.command.Build$BuildExecutionException: com.facebook.buck.core.build.engine.impl.BuildRuleFailedException: com.facebook.buck.step.StepFailedException: Command failed with exit code 1.
stderr: While building module 'FirebaseAuthInterop' imported from Pods/FirebaseDatabase/Firebase/Database/Api/FIRDatabase.m:19:
In file included from <module-includes>:1:
In file included from buck-out/gen/Pods/FirebaseAuthInterop#header-mode-symlink-tree-with-modulemap,headers,iphonesimulator-x86_64/FirebaseAuthInterop/FirebaseAuthInterop.h:1:
[1mPods/FirebaseAuthInterop/Interop/Auth/Public/FIRAuthInterop.h:20:1: [0m[0;1;31merror: [0m[1munknown type name 'NS_ASSUME_NONNULL_BEGIN'[0m
NS_ASSUME_NONNULL_BEGIN
[0;1;32m^
[0m[1mPods/FirebaseAuthInterop/Interop/Auth/Public/FIRAuthInterop.h:25:1: [0m[0;1;31merror: [0m[1mexpected identifier or '('[0m
typedef void (^FIRTokenCallback)(NSString *_Nullable token, NSError *_Nullable error)
[0;1;32m^
[0m[1mPods/FirebaseAuthInterop/Interop/Auth/Public/FIRAuthInterop.h:30:1: [0m[0;1;31merror: [0m[1mexpected function body after function declarator[0m
@protocol FIRAuthInterop
[0;1;32m^
[0m[1mPods/FirebaseAuthInterop/Interop/Auth/Public/FIRAuthInterop.h:36:13: [0m[0;1;31merror: [0m[1mexpected ')'[0m
- (nullable NSString *)getUserID;
[0;1;32m            ^
[0m[1mPods/FirebaseAuthInterop/Interop/Auth/Public/FIRAuthInterop.h:36:3: [0m[0;1;30mnote: [0mto match this '('[0m
- (nullable NSString *)getUserID;
[0;1;32m  ^
[0m[1mPods/FirebaseAuthInterop/Interop/Auth/Public/FIRAuthInterop.h:36:1: [0m[0;1;31merror: [0m[1mmissing context for method declaration[0m
- (nullable NSString *)getUserID;
[0;1;32m^
[0m[1mPods/FirebaseAuthInterop/Interop/Auth/Public/FIRAuthInterop.h:38:1: [0m[0;1;31merror: [0m[1mexpected method body[0m
@end
[0;1;32m^
[0m[1mPods/FirebaseDatabase/Firebase/Database/Api/FIRDatabase.m:19:9: [0m[0;1;31mfatal error: [0m[1mcould not build module 'FirebaseAuthInterop'[0m
#import <FirebaseAuthInterop/FIRAuthInterop.h>
[0;1;32m ~~~~~~~^
[0m7 errors generated.
  When running <objective-c preprocess_and_compile>.
	at com.facebook.buck.command.Build.waitForBuildToFinish(Build.java:323)
	at com.facebook.buck.command.Build.waitForBuildToFinishAndPrintFailuresToEventBus(Build.java:421)
	at com.facebook.buck.command.Build.executeAndPrintFailuresToEventBus(Build.java:144)
	at com.facebook.buck.command.LocalBuildExecutor.buildTargets(LocalBuildExecutor.java:148)
	at com.facebook.buck.cli.BuildCommand.executeLocalBuild(BuildCommand.java:761)
	at com.facebook.buck.cli.BuildCommand.executeBuildAndProcessResult(BuildCommand.java:458)
	at com.facebook.buck.cli.BuildCommand.run(BuildCommand.java:372)
	at com.facebook.buck.cli.BuildCommand.runWithoutHelp(BuildCommand.java:338)
	at com.facebook.buck.cli.AbstractCommand.run(AbstractCommand.java:242)
	at com.facebook.buck.cli.AbstractContainerCommand.run(AbstractContainerCommand.java:79)
	at com.facebook.buck.cli.Main.runMainWithExitCode(Main.java:1300)
	at com.facebook.buck.cli.Main.runMainThenExit(Main.java:464)
	at com.facebook.buck.cli.Main.nailMain(Main.java:2412)
	at sun.reflect.NativeMethodAccessorImpl.invoke0(Native Method)
	at sun.reflect.NativeMethodAccessorImpl.invoke(NativeMethodAccessorImpl.java:62)
	at sun.reflect.DelegatingMethodAccessorImpl.invoke(DelegatingMethodAccessorImpl.java:43)
	at java.lang.reflect.Method.invoke(Method.java:498)
	at com.facebook.nailgun.NGSession.runImpl(NGSession.java:313)
	at com.facebook.nailgun.NGSession.run(NGSession.java:199)
Caused by: com.facebook.buck.core.build.engine.impl.BuildRuleFailedException: com.facebook.buck.step.StepFailedException: Command failed with exit code 1.
stderr: While building module 'FirebaseAuthInterop' imported from Pods/FirebaseDatabase/Firebase/Database/Api/FIRDatabase.m:19:
In file included from <module-includes>:1:
In file included from buck-out/gen/Pods/FirebaseAuthInterop#header-mode-symlink-tree-with-modulemap,headers,iphonesimulator-x86_64/FirebaseAuthInterop/FirebaseAuthInterop.h:1:
[1mPods/FirebaseAuthInterop/Interop/Auth/Public/FIRAuthInterop.h:20:1: [0m[0;1;31merror: [0m[1munknown type name 'NS_ASSUME_NONNULL_BEGIN'[0m
NS_ASSUME_NONNULL_BEGIN
[0;1;32m^
[0m[1mPods/FirebaseAuthInterop/Interop/Auth/Public/FIRAuthInterop.h:25:1: [0m[0;1;31merror: [0m[1mexpected identifier or '('[0m
typedef void (^FIRTokenCallback)(NSString *_Nullable token, NSError *_Nullable error)
[0;1;32m^
[0m[1mPods/FirebaseAuthInterop/Interop/Auth/Public/FIRAuthInterop.h:30:1: [0m[0;1;31merror: [0m[1mexpected function body after function declarator[0m
@protocol FIRAuthInterop
[0;1;32m^
[0m[1mPods/FirebaseAuthInterop/Interop/Auth/Public/FIRAuthInterop.h:36:13: [0m[0;1;31merror: [0m[1mexpected ')'[0m
- (nullable NSString *)getUserID;
[0;1;32m            ^
[0m[1mPods/FirebaseAuthInterop/Interop/Auth/Public/FIRAuthInterop.h:36:3: [0m[0;1;30mnote: [0mto match this '('[0m
- (nullable NSString *)getUserID;
[0;1;32m  ^
[0m[1mPods/FirebaseAuthInterop/Interop/Auth/Public/FIRAuthInterop.h:36:1: [0m[0;1;31merror: [0m[1mmissing context for method declaration[0m
- (nullable NSString *)getUserID;
[0;1;32m^
[0m[1mPods/FirebaseAuthInterop/Interop/Auth/Public/FIRAuthInterop.h:38:1: [0m[0;1;31merror: [0m[1mexpected method body[0m
@end
[0;1;32m^
[0m[1mPods/FirebaseDatabase/Firebase/Database/Api/FIRDatabase.m:19:9: [0m[0;1;31mfatal error: [0m[1mcould not build module 'FirebaseAuthInterop'[0m
#import <FirebaseAuthInterop/FIRAuthInterop.h>
[0;1;32m ~~~~~~~^
[0m7 errors generated.
  When running <objective-c preprocess_and_compile>.
	at com.facebook.buck.core.build.engine.impl.CachingBuildRuleBuilder.getFailedException(CachingBuildRuleBuilder.java:1223)
	at com.facebook.buck.core.build.engine.impl.CachingBuildRuleBuilder.lambda$build$2(CachingBuildRuleBuilder.java:386)
	at com.google.common.util.concurrent.AbstractCatchingFuture$AsyncCatchingFuture.doFallback(AbstractCatchingFuture.java:172)
	at com.google.common.util.concurrent.AbstractCatchingFuture$AsyncCatchingFuture.doFallback(AbstractCatchingFuture.java:159)
	at com.google.common.util.concurrent.AbstractCatchingFuture.run(AbstractCatchingFuture.java:112)
	at com.google.common.util.concurrent.MoreExecutors$DirectExecutor.execute(MoreExecutors.java:399)
	at com.google.common.util.concurrent.AbstractFuture.executeListener(AbstractFuture.java:1016)
	at com.google.common.util.concurrent.AbstractFuture.complete(AbstractFuture.java:867)
	at com.google.common.util.concurrent.AbstractFuture.setException(AbstractFuture.java:713)
	at com.google.common.util.concurrent.AbstractTransformFuture.run(AbstractTransformFuture.java:97)
	at com.google.common.util.concurrent.MoreExecutors$DirectExecutor.execute(MoreExecutors.java:399)
	at com.google.common.util.concurrent.AbstractFuture.executeListener(AbstractFuture.java:1016)
	at com.google.common.util.concurrent.AbstractFuture.complete(AbstractFuture.java:867)
	at com.google.common.util.concurrent.AbstractFuture.setException(AbstractFuture.java:713)
	at com.google.common.util.concurrent.AbstractTransformFuture.run(AbstractTransformFuture.java:97)
	at com.google.common.util.concurrent.MoreExecutors$DirectExecutor.execute(MoreExecutors.java:399)
	at com.google.common.util.concurrent.AbstractFuture.executeListener(AbstractFuture.java:1016)
	at com.google.common.util.concurrent.AbstractFuture.complete(AbstractFuture.java:867)
	at com.google.common.util.concurrent.AbstractFuture.setFuture(AbstractFuture.java:754)
	at com.google.common.util.concurrent.TrustedListenableFutureTask$TrustedFutureInterruptibleAsyncTask.afterRanInterruptibly(TrustedListenableFutureTask.java:170)
	at com.google.common.util.concurrent.TrustedListenableFutureTask$TrustedFutureInterruptibleAsyncTask.afterRanInterruptibly(TrustedListenableFutureTask.java:145)
	at com.google.common.util.concurrent.InterruptibleTask.run(InterruptibleTask.java:80)
	at com.google.common.util.concurrent.TrustedListenableFutureTask.run(TrustedListenableFutureTask.java:80)
	at com.facebook.buck.util.concurrent.WeightedListeningExecutorService.lambda$submit$2(WeightedListeningExecutorService.java:100)
	at com.facebook.buck.util.concurrent.WeightedListeningExecutorService.lambda$submitWithSemaphore$0(WeightedListeningExecutorService.java:74)
	at com.google.common.util.concurrent.AbstractTransformFuture$AsyncTransformFuture.doTransform(AbstractTransformFuture.java:206)
	at com.google.common.util.concurrent.AbstractTransformFuture$AsyncTransformFuture.doTransform(AbstractTransformFuture.java:195)
	at com.google.common.util.concurrent.AbstractTransformFuture.run(AbstractTransformFuture.java:115)
	at com.google.common.util.concurrent.MoreExecutors$5$1.run(MoreExecutors.java:999)
	at java.util.concurrent.ThreadPoolExecutor.runWorker(ThreadPoolExecutor.java:1149)
	at java.util.concurrent.ThreadPoolExecutor$Worker.run(ThreadPoolExecutor.java:624)
	at java.lang.Thread.run(Thread.java:748)
Caused by: com.facebook.buck.step.StepFailedException: Command failed with exit code 1.
stderr: While building module 'FirebaseAuthInterop' imported from Pods/FirebaseDatabase/Firebase/Database/Api/FIRDatabase.m:19:
In file included from <module-includes>:1:
In file included from buck-out/gen/Pods/FirebaseAuthInterop#header-mode-symlink-tree-with-modulemap,headers,iphonesimulator-x86_64/FirebaseAuthInterop/FirebaseAuthInterop.h:1:
[1mPods/FirebaseAuthInterop/Interop/Auth/Public/FIRAuthInterop.h:20:1: [0m[0;1;31merror: [0m[1munknown type name 'NS_ASSUME_NONNULL_BEGIN'[0m
NS_ASSUME_NONNULL_BEGIN
[0;1;32m^
[0m[1mPods/FirebaseAuthInterop/Interop/Auth/Public/FIRAuthInterop.h:25:1: [0m[0;1;31merror: [0m[1mexpected identifier or '('[0m
typedef void (^FIRTokenCallback)(NSString *_Nullable token, NSError *_Nullable error)
[0;1;32m^
[0m[1mPods/FirebaseAuthInterop/Interop/Auth/Public/FIRAuthInterop.h:30:1: [0m[0;1;31merror: [0m[1mexpected function body after function declarator[0m
@protocol FIRAuthInterop
[0;1;32m^
[0m[1mPods/FirebaseAuthInterop/Interop/Auth/Public/FIRAuthInterop.h:36:13: [0m[0;1;31merror: [0m[1mexpected ')'[0m
- (nullable NSString *)getUserID;
[0;1;32m            ^
[0m[1mPods/FirebaseAuthInterop/Interop/Auth/Public/FIRAuthInterop.h:36:3: [0m[0;1;30mnote: [0mto match this '('[0m
- (nullable NSString *)getUserID;
[0;1;32m  ^
[0m[1mPods/FirebaseAuthInterop/Interop/Auth/Public/FIRAuthInterop.h:36:1: [0m[0;1;31merror: [0m[1mmissing context for method declaration[0m
- (nullable NSString *)getUserID;
[0;1;32m^
[0m[1mPods/FirebaseAuthInterop/Interop/Auth/Public/FIRAuthInterop.h:38:1: [0m[0;1;31merror: [0m[1mexpected method body[0m
@end
[0;1;32m^
[0m[1mPods/FirebaseDatabase/Firebase/Database/Api/FIRDatabase.m:19:9: [0m[0;1;31mfatal error: [0m[1mcould not build module 'FirebaseAuthInterop'[0m
#import <FirebaseAuthInterop/FIRAuthInterop.h>
[0;1;32m ~~~~~~~^
[0m7 errors generated.
  When running <objective-c preprocess_and_compile>.
	at com.facebook.buck.step.StepFailedException.createForFailingStepWithException(StepFailedException.java:57)
	at com.facebook.buck.step.StepFailedException.createForFailingStepWithExitCode(StepFailedException.java:51)
	at com.facebook.buck.step.DefaultStepRunner.runStepForBuildTarget(DefaultStepRunner.java:54)
	at com.facebook.buck.core.build.engine.impl.CachingBuildRuleBuilder$BuildRuleSteps.executeCommands(CachingBuildRuleBuilder.java:1449)
	at com.facebook.buck.core.build.engine.impl.CachingBuildRuleBuilder$BuildRuleSteps.runWithDefaultExecutor(CachingBuildRuleBuilder.java:1411)
	at com.facebook.buck.core.build.engine.impl.CachingBuildRuleBuilder$2.runWithDefaultBehavior(CachingBuildRuleBuilder.java:850)
	at com.google.common.util.concurrent.TrustedListenableFutureTask$TrustedFutureInterruptibleAsyncTask.runInterruptibly(TrustedListenableFutureTask.java:162)
	at com.google.common.util.concurrent.TrustedListenableFutureTask$TrustedFutureInterruptibleAsyncTask.runInterruptibly(TrustedListenableFutureTask.java:145)
	at com.google.common.util.concurrent.InterruptibleTask.run(InterruptibleTask.java:57)
	... 10 more
Caused by: com.facebook.buck.core.exceptions.HumanReadableException: Command failed with exit code 1.
stderr: While building module 'FirebaseAuthInterop' imported from Pods/FirebaseDatabase/Firebase/Database/Api/FIRDatabase.m:19:
In file included from <module-includes>:1:
In file included from buck-out/gen/Pods/FirebaseAuthInterop#header-mode-symlink-tree-with-modulemap,headers,iphonesimulator-x86_64/FirebaseAuthInterop/FirebaseAuthInterop.h:1:
[1mPods/FirebaseAuthInterop/Interop/Auth/Public/FIRAuthInterop.h:20:1: [0m[0;1;31merror: [0m[1munknown type name 'NS_ASSUME_NONNULL_BEGIN'[0m
NS_ASSUME_NONNULL_BEGIN
[0;1;32m^
[0m[1mPods/FirebaseAuthInterop/Interop/Auth/Public/FIRAuthInterop.h:25:1: [0m[0;1;31merror: [0m[1mexpected identifier or '('[0m
typedef void (^FIRTokenCallback)(NSString *_Nullable token, NSError *_Nullable error)
[0;1;32m^
[0m[1mPods/FirebaseAuthInterop/Interop/Auth/Public/FIRAuthInterop.h:30:1: [0m[0;1;31merror: [0m[1mexpected function body after function declarator[0m
@protocol FIRAuthInterop
[0;1;32m^
[0m[1mPods/FirebaseAuthInterop/Interop/Auth/Public/FIRAuthInterop.h:36:13: [0m[0;1;31merror: [0m[1mexpected ')'[0m
- (nullable NSString *)getUserID;
[0;1;32m            ^
[0m[1mPods/FirebaseAuthInterop/Interop/Auth/Public/FIRAuthInterop.h:36:3: [0m[0;1;30mnote: [0mto match this '('[0m
- (nullable NSString *)getUserID;
[0;1;32m  ^
[0m[1mPods/FirebaseAuthInterop/Interop/Auth/Public/FIRAuthInterop.h:36:1: [0m[0;1;31merror: [0m[1mmissing context for method declaration[0m
- (nullable NSString *)getUserID;
[0;1;32m^
[0m[1mPods/FirebaseAuthInterop/Interop/Auth/Public/FIRAuthInterop.h:38:1: [0m[0;1;31merror: [0m[1mexpected method body[0m
@end
[0;1;32m^
[0m[1mPods/FirebaseDatabase/Firebase/Database/Api/FIRDatabase.m:19:9: [0m[0;1;31mfatal error: [0m[1mcould not build module 'FirebaseAuthInterop'[0m
#import <FirebaseAuthInterop/FIRAuthInterop.h>
[0;1;32m ~~~~~~~^
[0m7 errors generated.
	at com.facebook.buck.step.StepFailedException.createForFailingStepWithExitCode(StepFailedException.java:52)
	... 17 more

[2019-04-11 15:33:22.335][warn ][command:null][tid:14][com.facebook.buck.util.Console] Command failure: Command failed with exit code 1.
stderr: While building module 'FirebaseAuthInterop' imported from Pods/FirebaseDatabase/Firebase/Database/Api/FIRDatabase.m:19:
In file included from <module-includes>:1:
In file included from buck-out/gen/Pods/FirebaseAuthInterop#header-mode-symlink-tree-with-modulemap,headers,iphonesimulator-x86_64/FirebaseAuthInterop/FirebaseAuthInterop.h:1:
[1mPods/FirebaseAuthInterop/Interop/Auth/Public/FIRAuthInterop.h:20:1: [0m[0;1;31merror: [0m[1munknown type name 'NS_ASSUME_NONNULL_BEGIN'[0m
NS_ASSUME_NONNULL_BEGIN
[0;1;32m^
[0m[1mPods/FirebaseAuthInterop/Interop/Auth/Public/FIRAuthInterop.h:25:1: [0m[0;1;31merror: [0m[1mexpected identifier or '('[0m
typedef void (^FIRTokenCallback)(NSString *_Nullable token, NSError *_Nullable error)
[0;1;32m^
[0m[1mPods/FirebaseAuthInterop/Interop/Auth/Public/FIRAuthInterop.h:30:1: [0m[0;1;31merror: [0m[1mexpected function body after function declarator[0m
@protocol FIRAuthInterop
[0;1;32m^
[0m[1mPods/FirebaseAuthInterop/Interop/Auth/Public/FIRAuthInterop.h:36:13: [0m[0;1;31merror: [0m[1mexpected ')'[0m
- (nullable NSString *)getUserID;
[0;1;32m            ^
[0m[1mPods/FirebaseAuthInterop/Interop/Auth/Public/FIRAuthInterop.h:36:3: [0m[0;1;30mnote: [0mto match this '('[0m
- (nullable NSString *)getUserID;
[0;1;32m  ^
[0m[1mPods/FirebaseAuthInterop/Interop/Auth/Public/FIRAuthInterop.h:36:1: [0m[0;1;31merror: [0m[1mmissing context for method declaration[0m
- (nullable NSString *)getUserID;
[0;1;32m^
[0m[1mPods/FirebaseAuthInterop/Interop/Auth/Public/FIRAuthInterop.h:38:1: [0m[0;1;31merror: [0m[1mexpected method body[0m
@end
[0;1;32m^
[0m[1mPods/FirebaseDatabase/Firebase/Database/Api/FIRDatabase.m:19:9: [0m[0;1;31mfatal error: [0m[1mcould not build module 'FirebaseAuthInterop'[0m
#import <FirebaseAuthInterop/FIRAuthInterop.h>
[0;1;32m ~~~~~~~^
[0m7 errors generated.
    When running <objective-c preprocess_and_compile>.
    When building rule //Pods:FirebaseDatabase#compile-FIRDatabase.m.obae9bcbf,iphonesimulator-x86_64.
[2019-04-11 15:33:22.335][debug][command:null][tid:14][com.facebook.buck.cli.Main] Done.
[2019-04-11 15:33:22.336][info ][command:null][tid:14][com.facebook.nailgun.NGSession] Nail cleanly exited with status 1
[2019-04-11 15:33:22.336][debug][command:null][tid:14][com.facebook.nailgun.NGCommunicator] Shutting down socket for input
[2019-04-11 15:33:22.336][debug][command:null][tid:14][com.facebook.nailgun.NGCommunicator] Shutting down socket for output
[2019-04-11 15:33:22.336][debug][command:null][tid:1358][com.facebook.nailgun.NGCommunicator] Socket is disconnected
[2019-04-11 15:33:22.336][debug][command:null][tid:14][com.facebook.nailgun.NGCommunicator] Shutting down read ExecutorService
[2019-04-11 15:33:22.336][debug][command:null][tid:1358][com.facebook.nailgun.NGCommunicator] Nailgun client disconnected
[2019-04-11 15:33:22.336][debug][command:null][tid:1358][com.facebook.nailgun.NGCommunicator] Orchestrator thread finished
[2019-04-11 15:33:22.336][debug][command:null][tid:14][com.facebook.nailgun.NGCommunicator] Shutting down orchestrator ExecutorService
[2019-04-11 15:33:22.337][debug][command:null][tid:14][com.facebook.nailgun.NGSession] NGSession 1 is closing client socket
[2019-04-11 15:38:16.717][debug][command:null][tid:14][com.facebook.nailgun.NGSession] NGSession 1 accepted new connection
[2019-04-11 15:38:16.719][debug][command:null][tid:1402][com.facebook.nailgun.NGCommunicator] Orchestrator thread started
[2019-04-11 15:38:16.719][debug][command:null][tid:14][com.facebook.nailgun.NGCommunicator] Shutting down socket for input
[2019-04-11 15:38:16.719][debug][command:null][tid:14][com.facebook.nailgun.NGCommunicator] Shutting down socket for output
[2019-04-11 15:38:16.719][debug][command:null][tid:14][com.facebook.nailgun.NGCommunicator] Shutting down read ExecutorService
[2019-04-11 15:38:16.719][debug][command:null][tid:14][com.facebook.nailgun.NGCommunicator] Shutting down orchestrator ExecutorService
[2019-04-11 15:38:16.719][debug][command:null][tid:1402][com.facebook.nailgun.NGCommunicator] Socket is disconnected
[2019-04-11 15:38:16.719][debug][command:null][tid:1402][com.facebook.nailgun.NGCommunicator] Nailgun client disconnected
[2019-04-11 15:38:16.719][debug][command:null][tid:1402][com.facebook.nailgun.NGCommunicator] Orchestrator thread finished
[2019-04-11 15:38:16.720][debug][command:null][tid:14][com.facebook.nailgun.NGSession] NGSession 1 is closing client socket
[2019-04-11 15:38:16.728][debug][command:null][tid:14][com.facebook.nailgun.NGSession] NGSession 1 accepted new connection
[2019-04-11 15:38:16.731][debug][command:null][tid:1404][com.facebook.nailgun.NGCommunicator] Orchestrator thread started
[2019-04-11 15:38:16.731][debug][command:null][tid:14][com.facebook.buck.util.config.Configs] Loading configuration for /Users/stevenlee/Downloads/BuckTest 3
[2019-04-11 15:38:16.732][debug][command:null][tid:14][com.facebook.buck.util.config.Configs] Loaded project configuration file /Users/stevenlee/Downloads/BuckTest 3/.buckconfig
[2019-04-11 15:38:16.732][debug][command:null][tid:14][com.facebook.buck.util.config.Configs] Adding configuration overrides RawConfig{values={}}
[2019-04-11 15:38:16.733][debug][command:null][tid:14][com.facebook.buck.cli.Main] Rotating log.
