[2019-04-22 10:44:44.298][debug][command:null][tid:14][com.facebook.buck.cli.Main] Starting up (build date 1970-01-01 07:29:59 +0730, rev ad23befe7c1a36c999860af0af69e726f1c8e423), args: [build, //BuckTest:BuckTest]
[2019-04-22 10:44:44.303][debug][command:null][tid:14][com.facebook.buck.cli.Main] System properties: {java.vendor=Oracle Corporation, sun.java.launcher=SUN_STANDARD, sun.management.compiler=HotSpot 64-Bit Tiered Compilers, jnidispatch.path=/Users/stevenlee/Downloads/BuckTest 3/.buckd/tmp/buck_run.lvxJYs/jna-1522160945/jna1110540400668623049.tmp, os.name=Mac OS X, buck.enable_objc=true, sun.boot.class.path=/Library/Java/JavaVirtualMachines/jdk1.8.0_201.jdk/Contents/Home/jre/lib/resources.jar:/Library/Java/JavaVirtualMachines/jdk1.8.0_201.jdk/Contents/Home/jre/lib/rt.jar:/Library/Java/JavaVirtualMachines/jdk1.8.0_201.jdk/Contents/Home/jre/lib/sunrsasign.jar:/Library/Java/JavaVirtualMachines/jdk1.8.0_201.jdk/Contents/Home/jre/lib/jsse.jar:/Library/Java/JavaVirtualMachines/jdk1.8.0_201.jdk/Contents/Home/jre/lib/jce.jar:/Library/Java/JavaVirtualMachines/jdk1.8.0_201.jdk/Contents/Home/jre/lib/charsets.jar:/Library/Java/JavaVirtualMachines/jdk1.8.0_201.jdk/Contents/Home/jre/lib/jfr.jar:/Library/Java/JavaVirtualMachines/jdk1.8.0_201.jdk/Contents/Home/jre/classes, user.country.format=SG, buck.module.resources=/Users/stevenlee/Downloads/BuckTest 3/.buckd/resources/ad23befe7c1a36c999860af0af69e726f1c8e423/buck-modules-resources, pf4j.pluginsDir=/Users/stevenlee/Downloads/BuckTest 3/.buckd/resources/ad23befe7c1a36c999860af0af69e726f1c8e423/buck-modules, buck.resource_lock_path=/Users/stevenlee/Downloads/BuckTest 3/.buckd/resources/ad23befe7c1a36c999860af0af69e726f1c8e423/.buck_lock, buck.path_to_isolated_trampoline=/Users/stevenlee/Downloads/BuckTest 3/.buckd/resources/ad23befe7c1a36c999860af0af69e726f1c8e423/path_to_isolated_trampoline, java.vm.specification.vendor=Oracle Corporation, java.runtime.version=1.8.0_201-b09, jna.loaded=true, buck.testrunner_classes=/Users/stevenlee/Downloads/BuckTest 3/.buckd/resources/ad23befe7c1a36c999860af0af69e726f1c8e423/testrunner_classes, buck.logging_config_file=/Users/stevenlee/Downloads/BuckTest 3/.buckd/resources/ad23befe7c1a36c999860af0af69e726f1c8e423/logging_config_file, buck.path_to_sh_binary_template=/Users/stevenlee/Downloads/BuckTest 3/.buckd/resources/ad23befe7c1a36c999860af0af69e726f1c8e423/path_to_sh_binary_template, user.name=stevenlee, com.facebook.nailgun.NGServer.outputPath=/Users/stevenlee/Downloads/BuckTest 3/.buckd/tmp/buck_run.lvxJYs/ngserver-out, buck.path_to_pywatchman=/Users/stevenlee/Downloads/BuckTest 3/.buckd/resources/ad23befe7c1a36c999860af0af69e726f1c8e423/path_to_pywatchman, buck.report_generator_jar=/Users/stevenlee/Downloads/BuckTest 3/.buckd/resources/ad23befe7c1a36c999860af0af69e726f1c8e423/report_generator_jar, buck.git_commit=ad23befe7c1a36c999860af0af69e726f1c8e423, user.language=en, sun.boot.library.path=/Library/Java/JavaVirtualMachines/jdk1.8.0_201.jdk/Contents/Home/jre/lib, jna.nosys=true, java.version=1.8.0_201, user.timezone=Asia/Singapore, buck.test_util_no_tests_dir=true, sun.arch.data.model=64, http.nonProxyHosts=local|*.local|169.254/16|*.169.254/16, java.endorsed.dirs=/Library/Java/JavaVirtualMachines/jdk1.8.0_201.jdk/Contents/Home/jre/lib/endorsed, sun.cpu.isalist=, sun.jnu.encoding=UTF-8, file.encoding.pkg=sun.io, file.separator=/, java.specification.name=Java Platform API Specification, buck.jacoco_agent_jar=/Users/stevenlee/Downloads/BuckTest 3/.buckd/resources/ad23befe7c1a36c999860af0af69e726f1c8e423/jacoco_agent_jar, java.class.version=52.0, user.country=GB, buck.binary_hash=dbcee53f32f7fa760cef191b77064a13, java.home=/Library/Java/JavaVirtualMachines/jdk1.8.0_201.jdk/Contents/Home/jre, buck.fix_script=/Users/stevenlee/Downloads/BuckTest 3/.buckd/resources/ad23befe7c1a36c999860af0af69e726f1c8e423/fix_script, java.vm.info=mixed mode, os.version=10.14.4, buck.version_uid=ad23befe7c1a36c999860af0af69e726f1c8e423, org.eclipse.jetty.util.log.class=org.eclipse.jetty.util.log.JavaUtilLog, path.separator=:, java.vm.version=25.201-b09, java.awt.printerjob=sun.lwawt.macosx.CPrinterJob, sun.io.unicode.encoding=UnicodeBig, awt.toolkit=sun.lwawt.macosx.LWCToolkit, buck.mode=package, buck.buck_build_type_info=/Users/stevenlee/Downloads/BuckTest 3/.buckd/resources/ad23befe7c1a36c999860af0af69e726f1c8e423/buck_build_type_info, socksNonProxyHosts=local|*.local|169.254/16|*.169.254/16, ftp.nonProxyHosts=local|*.local|169.254/16|*.169.254/16, buck.dx=/Users/stevenlee/Downloads/BuckTest 3/.buckd/resources/ad23befe7c1a36c999860af0af69e726f1c8e423/dx, buck.git_commit_timestamp=-1, user.home=/Users/stevenlee, java.specification.vendor=Oracle Corporation, buck.git_dirty=0, java.library.path=/Users/stevenlee/Downloads/BuckTest 3/.buckd/resources/ad23befe7c1a36c999860af0af69e726f1c8e423, java.vendor.url=http://java.oracle.com/, java.vm.vendor=Oracle Corporation, gopherProxySet=false, java.runtime.name=Java(TM) SE Runtime Environment, sun.java.command=com.facebook.buck.cli.bootstrapper.ClassLoaderBootstrapper com.facebook.buck.cli.Main$DaemonBootstrap local:.buckd/sock 180000, java.class.path=/Users/stevenlee/Downloads/BuckTest 3/.buckd/resources/ad23befe7c1a36c999860af0af69e726f1c8e423/bootstrapper_jar, buck.buckd_dir=/Users/stevenlee/Downloads/BuckTest 3/.buckd, buck.path_to_pathlib_py=/Users/stevenlee/Downloads/BuckTest 3/.buckd/resources/ad23befe7c1a36c999860af0af69e726f1c8e423/pathlib.py, buck.buckd_launch_time_nanos=225514068315519, java.vm.specification.name=Java Virtual Machine Specification, java.vm.specification.version=1.8, sun.cpu.endian=little, sun.os.patch.level=unknown, java.awt.headless=true, java.io.tmpdir=/Users/stevenlee/Downloads/BuckTest 3/.buckd/tmp/buck_run.lvxJYs, buck.android_agent_path=/Users/stevenlee/Downloads/BuckTest 3/.buckd/resources/ad23befe7c1a36c999860af0af69e726f1c8e423/android_agent_path, java.vendor.url.bug=http://bugreport.sun.com/bugreport/, buck.path_to_python_dsl=, jna.platform.library.path=/usr/lib:/usr/lib, os.arch=x86_64, java.awt.graphicsenv=sun.awt.CGraphicsEnvironment, java.ext.dirs=/Users/stevenlee/Library/Java/Extensions:/Library/Java/JavaVirtualMachines/jdk1.8.0_201.jdk/Contents/Home/jre/lib/ext:/Library/Java/Extensions:/Network/Library/Java/Extensions:/System/Library/Java/Extensions:/usr/lib/java, java.util.logging.config.class=com.facebook.buck.cli.bootstrapper.LogConfig, buck.path_to_six_py=/Users/stevenlee/Downloads/BuckTest 3/.buckd/resources/ad23befe7c1a36c999860af0af69e726f1c8e423/six.py, user.dir=/Users/stevenlee/Downloads/BuckTest 3, java.nio.file.spi.DefaultFileSystemProvider=com.facebook.buck.cli.bootstrapper.filesystem.BuckFileSystemProvider, line.separator=
, java.vm.name=Java HotSpot(TM) 64-Bit Server VM, buck.path_to_typing=/Users/stevenlee/Downloads/BuckTest 3/.buckd/resources/ad23befe7c1a36c999860af0af69e726f1c8e423/path_to_typing, buck.native_exopackage_fake_path=/Users/stevenlee/Downloads/BuckTest 3/.buckd/resources/ad23befe7c1a36c999860af0af69e726f1c8e423/native_exopackage_fake_path, file.encoding=UTF-8, java.specification.version=1.8}
[2019-04-22 10:44:44.303][debug][command:null][tid:14][com.facebook.buck.util.config.Configs] Loading configuration for /Users/stevenlee/Downloads/BuckTest 3
[2019-04-22 10:44:44.303][debug][command:null][tid:14][com.facebook.buck.util.config.Configs] Loaded project configuration file /Users/stevenlee/Downloads/BuckTest 3/.buckconfig
[2019-04-22 10:44:44.303][debug][command:null][tid:14][com.facebook.buck.util.config.Configs] Adding configuration overrides RawConfig{values={}}
[2019-04-22 10:44:44.305][info ][command:null][tid:14][com.facebook.buck.io.watchman.WatchmanFactory] Creating for: [/Users/stevenlee/Downloads/BuckTest 3]
[2019-04-22 10:44:44.306][debug][command:null][tid:14][com.facebook.buck.io.ExecutableFinder] Executable 'watchman' mapped to 'Optional[/usr/local/bin/watchman]'
[2019-04-22 10:44:44.306][debug][command:null][tid:14][com.facebook.buck.util.ListeningProcessExecutor] Launching process with params ProcessExecutorParams{command=[/usr/local/bin/watchman, --output-encoding=bser, get-sockname]}
[2019-04-22 10:44:44.307][debug][command:null][tid:14][com.facebook.buck.util.ListeningProcessExecutor] Successfully launched process com.zaxxer.nuprocess.osx.OsxProcess@3eb658c5
[2019-04-22 10:44:44.307][debug][command:null][tid:14][com.facebook.buck.util.ListeningProcessExecutor] Waiting for process com.facebook.buck.util.ListeningProcessExecutor$LaunchedProcessImpl@74988b65 timeout 1000000000 NANOSECONDS
[2019-04-22 10:44:44.324][debug][command:null][tid:14][com.facebook.buck.util.ListeningProcessExecutor] Wait for process returned 0
[2019-04-22 10:44:44.324][debug][command:null][tid:14][com.facebook.buck.io.watchman.WatchmanFactory] Waited 17 ms for Watchman command get-sockname, exit code 0
[2019-04-22 10:44:44.325][debug][command:null][tid:14][com.facebook.buck.io.watchman.WatchmanFactory] stdout of command: {sockname=/usr/local/var/run/watchman/stevenlee-state/sock, version=4.9.0}
[2019-04-22 10:44:44.325][info ][command:null][tid:14][com.facebook.buck.io.watchman.WatchmanFactory] Connecting to Watchman version 4.9.0 at /usr/local/var/run/watchman/stevenlee-state/sock
[2019-04-22 10:44:44.325][debug][command:null][tid:14][com.facebook.buck.io.watchman.WatchmanTransportClient] Query [version, {required=[cmd-watch-project], optional=[term-dirname, cmd-watch-project, wildmatch, wildmatch_multislash, glob_generator, clock-sync-timeout]}] returned in 0 ms
[2019-04-22 10:44:44.326][info ][command:null][tid:14][com.facebook.buck.io.watchman.WatchmanFactory] Took 0 ms to query capabilities {term-dirname=DIRNAME, cmd-watch-project=SUPPORTS_PROJECT_WATCH, wildmatch=WILDMATCH_GLOB, wildmatch_multislash=WILDMATCH_MULTISLASH, glob_generator=GLOB_GENERATOR, clock-sync-timeout=CLOCK_SYNC_TIMEOUT}
[2019-04-22 10:44:44.326][debug][command:null][tid:14][com.facebook.buck.io.watchman.WatchmanFactory] Got capabilities response: {clock-sync-timeout=true, glob_generator=true, wildmatch_multislash=false, cmd-watch-project=true, wildmatch=true, term-dirname=true}
[2019-04-22 10:44:44.326][debug][command:null][tid:14][com.facebook.buck.io.watchman.WatchmanFactory] Got Watchman capabilities: [CLOCK_SYNC_TIMEOUT, GLOB_GENERATOR, SUPPORTS_PROJECT_WATCH, WILDMATCH_GLOB, DIRNAME]
[2019-04-22 10:44:44.326][info ][command:null][tid:14][com.facebook.buck.io.watchman.WatchmanFactory] Adding watchman root: /Users/stevenlee/Downloads/BuckTest 3
[2019-04-22 10:44:44.326][debug][command:null][tid:14][com.facebook.buck.io.watchman.WatchmanTransportClient] Query [watch-project, /Users/stevenlee/Downloads/BuckTest 3] returned in 0 ms
[2019-04-22 10:44:44.327][debug][command:null][tid:14][com.facebook.buck.io.watchman.WatchmanTransportClient] Query [watch-project, /Users/stevenlee/Downloads/BuckTest 3] returned in 0 ms
[2019-04-22 10:44:44.327][info ][command:null][tid:14][com.facebook.buck.io.watchman.WatchmanFactory] Took 0 ms to add root /Users/stevenlee/Downloads/BuckTest 3
[2019-04-22 10:44:44.329][debug][command:null][tid:14][com.facebook.buck.io.watchman.WatchmanTransportClient] Query [clock, /Users/stevenlee/Downloads/BuckTest 3, {sync_timeout=100}] returned in 2 ms
[2019-04-22 10:44:44.330][info ][command:null][tid:14][com.facebook.buck.io.watchman.WatchmanFactory] Took 2 ms to query for initial clock id Optional[c:1555333328:392:1:5587]
[2019-04-22 10:44:44.330][debug][command:null][tid:14][com.facebook.buck.io.watchman.WatchmanFactory] Connected to Watchman
[2019-04-22 10:44:44.330][debug][command:null][tid:14][com.facebook.buck.io.watchman.WatchmanTransportClient] Closing Watchman transport.
[2019-04-22 10:44:44.330][debug][command:null][tid:14][com.facebook.buck.cli.Main] Watchman capabilities: [CLOCK_SYNC_TIMEOUT, GLOB_GENERATOR, SUPPORTS_PROJECT_WATCH, WILDMATCH_GLOB, DIRNAME] Project watches: {/Users/stevenlee/Downloads/BuckTest 3=ProjectWatch{watchRoot=/Users/stevenlee/Downloads/BuckTest 3}} Glob handler config: PYTHON Query timeout ms config: Optional.empty
[2019-04-22 10:44:44.331][warn ][command:null][tid:14][com.facebook.buck.cli.DaemonLifecycleManager] Shutting down and restarting daemon on config or directory graphBuilder change (ImmutableCell{cellPathResolver=DefaultCellPathResolver{root=/Users/stevenlee/Downloads/BuckTest 3, cellPaths={}}} != ImmutableCell{cellPathResolver=DefaultCellPathResolver{root=/Users/stevenlee/Downloads/BuckTest 3, cellPaths={}}})
[2019-04-22 10:44:44.332][info ][command:null][tid:14][com.facebook.buck.cli.DaemonLifecycleManager] Reusing web server
[2019-04-22 10:44:44.332][info ][command:null][tid:21][com.facebook.buck.support.bgtasks.AsyncBackgroundTaskManager] Scheduler thread interrupted; shutting down manager
[2019-04-22 10:44:44.334][warn ][command:null][tid:14][com.facebook.buck.cli.Daemon] Can't start web server
[2019-04-22 10:44:44.334][debug][command:null][tid:14][com.facebook.buck.cli.Daemon] Using Watchman Cursor: {/Users/stevenlee/Downloads/BuckTest 3=c:1555333328:392:1:5587}
[2019-04-22 10:44:44.336][debug][command:0fc3d85c-1716-4140-a303-075b9cba0d39][tid:14][com.facebook.buck.event.listener.RenderingConsole] Starting render scheduler (interval 100 ms)
[2019-04-22 10:44:44.336][debug][command:0fc3d85c-1716-4140-a303-075b9cba0d39][tid:14][com.google.common.util.concurrent.ServiceManager] Starting PerfStatsTracking [RUNNING].
[2019-04-22 10:44:44.337][debug][command:0fc3d85c-1716-4140-a303-075b9cba0d39][tid:14][com.google.common.util.concurrent.ServiceManager] Started PerfStatsTracking [RUNNING] in 480.7 Î¼s.
[2019-04-22 10:44:44.337][debug][command:0fc3d85c-1716-4140-a303-075b9cba0d39][tid:14][com.google.common.util.concurrent.ServiceManager] Starting ProcessTracker [STARTING].
[2019-04-22 10:44:44.337][debug][command:0fc3d85c-1716-4140-a303-075b9cba0d39][tid:14][com.facebook.buck.util.environment.MacWifiSsidFinder] Getting current SSID..
[2019-04-22 10:44:44.337][debug][command:null][tid:294][com.facebook.buck.util.perf.ProcessTracker] startUp
[2019-04-22 10:44:44.338][debug][command:null][tid:294][com.google.common.util.concurrent.ServiceManager] Started ProcessTracker [RUNNING] in 1.274 ms.
[2019-04-22 10:44:44.338][debug][command:0fc3d85c-1716-4140-a303-075b9cba0d39][tid:14][com.facebook.buck.util.environment.MacWifiSsidFinder] Getting SSID from Wi-Fi interface: <CWInterface: 0x7fa39780d780> [interfaceName=en0]
[2019-04-22 10:44:44.339][debug][command:0fc3d85c-1716-4140-a303-075b9cba0d39][tid:14][com.facebook.buck.util.environment.MacWifiSsidFinder] No SSID found for interface <CWInterface: 0x7fa39780d780> [interfaceName=en0].
[2019-04-22 10:44:44.339][debug][command:0fc3d85c-1716-4140-a303-075b9cba0d39][tid:14][com.facebook.buck.cli.Main] InvocationInfo BuildId=[0fc3d85c-1716-4140-a303-075b9cba0d39] Args=[build, //BuckTest:BuckTest]
[2019-04-22 10:44:44.341][warn ][command:null][tid:297][com.facebook.buck.event.listener.PublicAnnouncementManager] Failed to get public announcements. Reason: Failed to establish connection to server.
[2019-04-22 10:44:44.341][debug][command:null][tid:298][com.facebook.buck.util.environment.MacNetworkConfiguration] Determine network service order and extract device names
[2019-04-22 10:44:44.341][debug][command:null][tid:298][com.facebook.buck.util.ListeningProcessExecutor] Launching process with params ProcessExecutorParams{command=[networksetup, -listnetworkserviceorder, ]}
[2019-04-22 10:44:44.343][debug][command:null][tid:298][com.facebook.buck.util.ListeningProcessExecutor] Successfully launched process com.zaxxer.nuprocess.osx.OsxProcess@5004c073
[2019-04-22 10:44:44.343][debug][command:null][tid:298][com.facebook.buck.util.ListeningProcessExecutor] Waiting for process com.facebook.buck.util.ListeningProcessExecutor$LaunchedProcessImpl@3eaa95bb timeout 1000 MILLISECONDS
[2019-04-22 10:44:44.351][debug][command:null][tid:302][com.facebook.buck.io.watchman.WatchmanTransportClient] Query [query, /Users/stevenlee/Downloads/BuckTest 3, {since=c:1555333328:392:1:5587, expression=[not, [anyof, [type, d], [dirname, .idea], [dirname, .buckd], [dirname, buck-out/cache], [dirname, tools], [dirname, .git], [dirname, buck-out/.trash], [dirname, buck-out], [match, [build], wholename, {includedotfiles=true}], [match, **/*.pbxproj, wholename, {includedotfiles=true}], [match, **/*.xcscheme, wholename, {includedotfiles=true}], [match, **/*.xcworkspacedata, wholename, {includedotfiles=true}], [match, **/*~, wholename, {includedotfiles=true}], [match, **/#*#, wholename, {includedotfiles=true}], [match, **/.#*, wholename, {includedotfiles=true}], [match, **/*.swo, wholename, {includedotfiles=true}], [match, **/*.swp, wholename, {includedotfiles=true}], [match, **/*.swpx, wholename, {includedotfiles=true}], [match, **/*.un~, wholename, {includedotfiles=true}], [match, **/*.netrhwist, wholename, {includedotfiles=true}], [match, .idea, wholename, {includedotfiles=true}], [match, .iml, wholename, {includedotfiles=true}], [match, **/*.pydevproject, wholename, {includedotfiles=true}], [match, .project, wholename, {includedotfiles=true}], [match, .metadata, wholename, {includedotfiles=true}], [match, **/*.tmp, wholename, {includedotfiles=true}], [match, **/*.bak, wholename, {includedotfiles=true}], [match, **/*.nib, wholename, {includedotfiles=true}], [match, .classpath, wholename, {includedotfiles=true}], [match, .settings, wholename, {includedotfiles=true}], [match, .loadpath, wholename, {includedotfiles=true}], [match, .externalToolBuilders, wholename, {includedotfiles=true}], [match, .cproject, wholename, {includedotfiles=true}], [match, .buildpath, wholename, {includedotfiles=true}], [match, .DS_Store, wholename, {includedotfiles=true}], [match, .AppleDouble, wholename, {includedotfiles=true}], [match, .LSOverride, wholename, {includedotfiles=true}], [match, .Spotlight-V100, wholename, {includedotfiles=true}], [match, .Trashes, wholename, {includedotfiles=true}], [match, $RECYCLE.BIN, wholename, {includedotfiles=true}], [match, **/*.sublime-workspace, wholename, {includedotfiles=true}]]], empty_on_fresh_instance=true, fields=[name, exists, new]}] returned in 7 ms
[2019-04-22 10:44:44.352][debug][command:null][tid:302][com.facebook.buck.io.watchman.WatchmanWatcher] Updating Watchman Cursor from c:1555333328:392:1:5587 to c:1555333328:392:1:5589
[2019-04-22 10:44:44.352][debug][command:null][tid:302][com.facebook.buck.io.watchman.WatchmanWatcher] Posted 0 Watchman events.
[2019-04-22 10:44:44.352][debug][command:null][tid:302][com.facebook.buck.io.watchman.WatchmanTransportClient] Closing Watchman transport.
[2019-04-22 10:44:44.353][info ][command:0fc3d85c-1716-4140-a303-075b9cba0d39][tid:299][com.facebook.buck.event.listener.LoggingBuildListener] Build started at 2019-04-22 10:44:44.353
[2019-04-22 10:44:44.354][debug][command:0fc3d85c-1716-4140-a303-075b9cba0d39][tid:14][com.facebook.buck.parser.DaemonicParserState] Starting to invalidate caches for /Users/stevenlee/Downloads/BuckTest 3..
[2019-04-22 10:44:44.354][debug][command:0fc3d85c-1716-4140-a303-075b9cba0d39][tid:14][com.facebook.buck.parser.DaemonicParserState] Cell caches were empty, no data invalidated.
[2019-04-22 10:44:44.359][debug][command:0fc3d85c-1716-4140-a303-075b9cba0d39][tid:305][com.facebook.buck.io.ExecutableFinder] Executable 'python2' mapped to 'Optional[/usr/local/bin/python2]'
[2019-04-22 10:44:44.379][warn ][command:0fc3d85c-1716-4140-a303-075b9cba0d39][tid:308][com.facebook.buck.core.toolchain.impl.DefaultToolchainProvider] Cannot create a toolchain: android-ndk-location. Cause: Android NDK could not be found. Make sure to set one of these  environment variables: ANDROID_NDK_REPOSITORY, ANDROID_NDK, or NDK_HOME or ndk.ndk_path or ndk.ndk_repository_path in your .buckconfig
[2019-04-22 10:44:44.379][warn ][command:0fc3d85c-1716-4140-a303-075b9cba0d39][tid:308][com.facebook.buck.core.toolchain.impl.DefaultToolchainProvider] Cannot create a toolchain: ndk-cxx-platforms. Cause: Android NDK could not be found. Make sure to set one of these  environment variables: ANDROID_NDK_REPOSITORY, ANDROID_NDK, or NDK_HOME or ndk.ndk_path or ndk.ndk_repository_path in your .buckconfig
[2019-04-22 10:44:44.387][debug][command:null][tid:298][com.facebook.buck.util.ListeningProcessExecutor] Wait for process returned 0
[2019-04-22 10:44:44.387][debug][command:null][tid:298][com.facebook.buck.util.ListeningProcessExecutor] Destroying process com.facebook.buck.util.ListeningProcessExecutor$LaunchedProcessImpl@3eaa95bb (force true)
[2019-04-22 10:44:44.387][debug][command:null][tid:298][com.facebook.buck.util.environment.MacNetworkConfiguration] Determine active state of media for device
[2019-04-22 10:44:44.387][debug][command:null][tid:298][com.facebook.buck.util.ListeningProcessExecutor] Launching process with params ProcessExecutorParams{command=[networksetup, -getMedia, en7]}
[2019-04-22 10:44:44.389][debug][command:null][tid:298][com.facebook.buck.util.ListeningProcessExecutor] Successfully launched process com.zaxxer.nuprocess.osx.OsxProcess@5a4673cf
[2019-04-22 10:44:44.389][debug][command:null][tid:298][com.facebook.buck.util.ListeningProcessExecutor] Waiting for process com.facebook.buck.util.ListeningProcessExecutor$LaunchedProcessImpl@48d76838 timeout 1000 MILLISECONDS
[2019-04-22 10:44:44.395][debug][command:0fc3d85c-1716-4140-a303-075b9cba0d39][tid:308][com.facebook.buck.apple.toolchain.impl.AppleToolchainDiscovery] Searching for Xcode toolchains under /Users/stevenlee/Downloads/Xcode.app/Contents/Developer/Toolchains
[2019-04-22 10:44:44.395][debug][command:0fc3d85c-1716-4140-a303-075b9cba0d39][tid:308][com.facebook.buck.apple.toolchain.impl.AppleToolchainDiscovery] Searching for Xcode toolchains in /Users/stevenlee/Downloads/Xcode.app/Contents/Developer/Toolchains
[2019-04-22 10:44:44.395][debug][command:0fc3d85c-1716-4140-a303-075b9cba0d39][tid:308][com.facebook.buck.apple.toolchain.impl.AppleToolchainDiscovery] Getting identifier for for Xcode toolchain under /Users/stevenlee/Downloads/Xcode.app/Contents/Developer/Toolchains/XcodeDefault.xctoolchain
[2019-04-22 10:44:44.395][debug][command:0fc3d85c-1716-4140-a303-075b9cba0d39][tid:308][com.facebook.buck.apple.toolchain.impl.AppleToolchainDiscovery] Mapped SDK identifier com.apple.dt.toolchain.XcodeDefault to path /Users/stevenlee/Downloads/Xcode.app/Contents/Developer/Toolchains/XcodeDefault.xctoolchain
[2019-04-22 10:44:44.395][debug][command:0fc3d85c-1716-4140-a303-075b9cba0d39][tid:308][com.facebook.buck.apple.toolchain.impl.AppleSdkDiscovery] Searching for Xcode platforms under /Users/stevenlee/Downloads/Xcode.app/Contents/Developer/Platforms
[2019-04-22 10:44:44.395][debug][command:0fc3d85c-1716-4140-a303-075b9cba0d39][tid:308][com.facebook.buck.apple.toolchain.impl.AppleSdkDiscovery] Searching for Xcode SDKs in /Users/stevenlee/Downloads/Xcode.app/Contents/Developer/Platforms
[2019-04-22 10:44:44.396][debug][command:0fc3d85c-1716-4140-a303-075b9cba0d39][tid:308][com.facebook.buck.apple.toolchain.impl.AppleSdkDiscovery] Fetching SDK name for /Users/stevenlee/Downloads/Xcode.app/Contents/Developer/Platforms/AppleTVOS.platform/Developer/SDKs/AppleTVOS12.1.sdk
[2019-04-22 10:44:44.396][debug][command:0fc3d85c-1716-4140-a303-075b9cba0d39][tid:308][com.facebook.buck.apple.toolchain.impl.AppleSdkDiscovery] Found SDK AppleSdk{name=appletvos12.1, version=12.1, applePlatform=ApplePlatform{name=appletvos, provisioningProfileName=tvOS, architectures=[arm64], minVersionFlagPrefix=-mtvos-version-min=, appIncludesFrameworks=false}, architectures=[arm64], toolchains=[AppleToolchain{identifier=com.apple.dt.toolchain.XcodeDefault, path=/Users/stevenlee/Downloads/Xcode.app/Contents/Developer/Toolchains/XcodeDefault.xctoolchain}]}
[2019-04-22 10:44:44.396][debug][command:0fc3d85c-1716-4140-a303-075b9cba0d39][tid:308][com.facebook.buck.apple.toolchain.impl.AppleSdkDiscovery] Fetching SDK name for /Users/stevenlee/Downloads/Xcode.app/Contents/Developer/Platforms/AppleTVOS.platform/Developer/SDKs/AppleTVOS.sdk
[2019-04-22 10:44:44.396][debug][command:0fc3d85c-1716-4140-a303-075b9cba0d39][tid:308][com.facebook.buck.apple.toolchain.impl.AppleSdkDiscovery] Skipping already scanned SDK directory /Users/stevenlee/Downloads/Xcode.app/Contents/Developer/Platforms/AppleTVOS.platform/Developer/SDKs/AppleTVOS.sdk
[2019-04-22 10:44:44.396][debug][command:0fc3d85c-1716-4140-a303-075b9cba0d39][tid:308][com.facebook.buck.apple.toolchain.impl.AppleSdkDiscovery] Fetching SDK name for /Users/stevenlee/Downloads/Xcode.app/Contents/Developer/Platforms/iPhoneOS.platform/Developer/SDKs/iPhoneOS.sdk
[2019-04-22 10:44:44.397][debug][command:0fc3d85c-1716-4140-a303-075b9cba0d39][tid:308][com.facebook.buck.apple.toolchain.impl.AppleSdkDiscovery] Found SDK AppleSdk{name=iphoneos12.1, version=12.1, applePlatform=ApplePlatform{name=iphoneos, swiftName=ios, provisioningProfileName=iOS, architectures=[armv7, arm64], minVersionFlagPrefix=-mios-version-min=, stubBinaryPath=Library/Application Support/WatchKit/WK, appIncludesFrameworks=false}, architectures=[armv7, arm64], toolchains=[AppleToolchain{identifier=com.apple.dt.toolchain.XcodeDefault, path=/Users/stevenlee/Downloads/Xcode.app/Contents/Developer/Toolchains/XcodeDefault.xctoolchain}]}
[2019-04-22 10:44:44.397][debug][command:0fc3d85c-1716-4140-a303-075b9cba0d39][tid:308][com.facebook.buck.apple.toolchain.impl.AppleSdkDiscovery] Fetching SDK name for /Users/stevenlee/Downloads/Xcode.app/Contents/Developer/Platforms/iPhoneOS.platform/Developer/SDKs/iPhoneOS12.1.sdk
[2019-04-22 10:44:44.397][debug][command:0fc3d85c-1716-4140-a303-075b9cba0d39][tid:308][com.facebook.buck.apple.toolchain.impl.AppleSdkDiscovery] Skipping already scanned SDK directory /Users/stevenlee/Downloads/Xcode.app/Contents/Developer/Platforms/iPhoneOS.platform/Developer/SDKs/iPhoneOS.sdk
[2019-04-22 10:44:44.397][debug][command:0fc3d85c-1716-4140-a303-075b9cba0d39][tid:308][com.facebook.buck.apple.toolchain.impl.AppleSdkDiscovery] Fetching SDK name for /Users/stevenlee/Downloads/Xcode.app/Contents/Developer/Platforms/WatchOS.platform/Developer/SDKs/WatchOS.sdk
[2019-04-22 10:44:44.397][debug][command:0fc3d85c-1716-4140-a303-075b9cba0d39][tid:308][com.facebook.buck.apple.toolchain.impl.AppleSdkDiscovery] Found SDK AppleSdk{name=watchos5.1, version=5.1, applePlatform=ApplePlatform{name=watchos, provisioningProfileName=iOS, architectures=[armv7k, arm64_32], minVersionFlagPrefix=-mwatchos-version-min=, stubBinaryPath=Library/Application Support/WatchKit/WK, appIncludesFrameworks=false}, architectures=[armv7k, arm64_32], toolchains=[AppleToolchain{identifier=com.apple.dt.toolchain.XcodeDefault, path=/Users/stevenlee/Downloads/Xcode.app/Contents/Developer/Toolchains/XcodeDefault.xctoolchain}]}
[2019-04-22 10:44:44.397][debug][command:0fc3d85c-1716-4140-a303-075b9cba0d39][tid:308][com.facebook.buck.apple.toolchain.impl.AppleSdkDiscovery] Fetching SDK name for /Users/stevenlee/Downloads/Xcode.app/Contents/Developer/Platforms/WatchOS.platform/Developer/SDKs/WatchOS5.1.sdk
[2019-04-22 10:44:44.398][debug][command:0fc3d85c-1716-4140-a303-075b9cba0d39][tid:308][com.facebook.buck.apple.toolchain.impl.AppleSdkDiscovery] Skipping already scanned SDK directory /Users/stevenlee/Downloads/Xcode.app/Contents/Developer/Platforms/WatchOS.platform/Developer/SDKs/WatchOS.sdk
[2019-04-22 10:44:44.398][debug][command:0fc3d85c-1716-4140-a303-075b9cba0d39][tid:308][com.facebook.buck.apple.toolchain.impl.AppleSdkDiscovery] Fetching SDK name for /Users/stevenlee/Downloads/Xcode.app/Contents/Developer/Platforms/MacOSX.platform/Developer/SDKs/MacOSX10.14.sdk
[2019-04-22 10:44:44.399][debug][command:0fc3d85c-1716-4140-a303-075b9cba0d39][tid:308][com.facebook.buck.apple.toolchain.impl.AppleSdkDiscovery] Found SDK AppleSdk{name=macosx10.14, version=10.14, applePlatform=ApplePlatform{name=macosx, architectures=[i386, x86_64], minVersionFlagPrefix=-mmacosx-version-min=, appIncludesFrameworks=true}, architectures=[i386, x86_64], toolchains=[AppleToolchain{identifier=com.apple.dt.toolchain.XcodeDefault, path=/Users/stevenlee/Downloads/Xcode.app/Contents/Developer/Toolchains/XcodeDefault.xctoolchain}]}
[2019-04-22 10:44:44.400][debug][command:0fc3d85c-1716-4140-a303-075b9cba0d39][tid:308][com.facebook.buck.apple.toolchain.impl.AppleSdkDiscovery] Fetching SDK name for /Users/stevenlee/Downloads/Xcode.app/Contents/Developer/Platforms/MacOSX.platform/Developer/SDKs/MacOSX.sdk
[2019-04-22 10:44:44.400][debug][command:0fc3d85c-1716-4140-a303-075b9cba0d39][tid:308][com.facebook.buck.apple.toolchain.impl.AppleSdkDiscovery] Skipping already scanned SDK directory /Users/stevenlee/Downloads/Xcode.app/Contents/Developer/Platforms/MacOSX.platform/Developer/SDKs/MacOSX.sdk
[2019-04-22 10:44:44.400][debug][command:0fc3d85c-1716-4140-a303-075b9cba0d39][tid:308][com.facebook.buck.apple.toolchain.impl.AppleSdkDiscovery] Fetching SDK name for /Users/stevenlee/Downloads/Xcode.app/Contents/Developer/Platforms/WatchSimulator.platform/Developer/SDKs/WatchSimulator.sdk
[2019-04-22 10:44:44.402][debug][command:0fc3d85c-1716-4140-a303-075b9cba0d39][tid:308][com.facebook.buck.apple.toolchain.impl.AppleSdkDiscovery] Found SDK AppleSdk{name=watchsimulator5.1, version=5.1, applePlatform=ApplePlatform{name=watchsimulator, architectures=[i386, x86_64], minVersionFlagPrefix=-mwatchos-simulator-version-min=, stubBinaryPath=Library/Application Support/WatchKit/WK, appIncludesFrameworks=false}, architectures=[i386, x86_64], toolchains=[AppleToolchain{identifier=com.apple.dt.toolchain.XcodeDefault, path=/Users/stevenlee/Downloads/Xcode.app/Contents/Developer/Toolchains/XcodeDefault.xctoolchain}]}
[2019-04-22 10:44:44.402][debug][command:0fc3d85c-1716-4140-a303-075b9cba0d39][tid:308][com.facebook.buck.apple.toolchain.impl.AppleSdkDiscovery] Fetching SDK name for /Users/stevenlee/Downloads/Xcode.app/Contents/Developer/Platforms/WatchSimulator.platform/Developer/SDKs/WatchSimulator5.1.sdk
[2019-04-22 10:44:44.402][debug][command:0fc3d85c-1716-4140-a303-075b9cba0d39][tid:308][com.facebook.buck.apple.toolchain.impl.AppleSdkDiscovery] Skipping already scanned SDK directory /Users/stevenlee/Downloads/Xcode.app/Contents/Developer/Platforms/WatchSimulator.platform/Developer/SDKs/WatchSimulator.sdk
[2019-04-22 10:44:44.402][debug][command:0fc3d85c-1716-4140-a303-075b9cba0d39][tid:308][com.facebook.buck.apple.toolchain.impl.AppleSdkDiscovery] Fetching SDK name for /Users/stevenlee/Downloads/Xcode.app/Contents/Developer/Platforms/AppleTVSimulator.platform/Developer/SDKs/AppleTVSimulator.sdk
[2019-04-22 10:44:44.403][debug][command:0fc3d85c-1716-4140-a303-075b9cba0d39][tid:308][com.facebook.buck.apple.toolchain.impl.AppleSdkDiscovery] Found SDK AppleSdk{name=appletvsimulator12.1, version=12.1, applePlatform=ApplePlatform{name=appletvsimulator, swiftName=tvos, architectures=[x86_64], minVersionFlagPrefix=-mtvos-simulator-version-min=, appIncludesFrameworks=false}, architectures=[x86_64], toolchains=[AppleToolchain{identifier=com.apple.dt.toolchain.XcodeDefault, path=/Users/stevenlee/Downloads/Xcode.app/Contents/Developer/Toolchains/XcodeDefault.xctoolchain}]}
[2019-04-22 10:44:44.403][debug][command:0fc3d85c-1716-4140-a303-075b9cba0d39][tid:308][com.facebook.buck.apple.toolchain.impl.AppleSdkDiscovery] Fetching SDK name for /Users/stevenlee/Downloads/Xcode.app/Contents/Developer/Platforms/AppleTVSimulator.platform/Developer/SDKs/AppleTVSimulator12.1.sdk
[2019-04-22 10:44:44.403][debug][command:0fc3d85c-1716-4140-a303-075b9cba0d39][tid:308][com.facebook.buck.apple.toolchain.impl.AppleSdkDiscovery] Skipping already scanned SDK directory /Users/stevenlee/Downloads/Xcode.app/Contents/Developer/Platforms/AppleTVSimulator.platform/Developer/SDKs/AppleTVSimulator.sdk
[2019-04-22 10:44:44.403][debug][command:0fc3d85c-1716-4140-a303-075b9cba0d39][tid:308][com.facebook.buck.apple.toolchain.impl.AppleSdkDiscovery] Fetching SDK name for /Users/stevenlee/Downloads/Xcode.app/Contents/Developer/Platforms/iPhoneSimulator.platform/Developer/SDKs/iPhoneSimulator.sdk
[2019-04-22 10:44:44.405][debug][command:0fc3d85c-1716-4140-a303-075b9cba0d39][tid:308][com.facebook.buck.apple.toolchain.impl.AppleSdkDiscovery] Found SDK AppleSdk{name=iphonesimulator12.1, version=12.1, applePlatform=ApplePlatform{name=iphonesimulator, swiftName=ios, architectures=[i386, x86_64], minVersionFlagPrefix=-mios-simulator-version-min=, stubBinaryPath=Library/Application Support/WatchKit/WK, appIncludesFrameworks=false}, architectures=[i386, x86_64], toolchains=[AppleToolchain{identifier=com.apple.dt.toolchain.XcodeDefault, path=/Users/stevenlee/Downloads/Xcode.app/Contents/Developer/Toolchains/XcodeDefault.xctoolchain}]}
[2019-04-22 10:44:44.405][debug][command:0fc3d85c-1716-4140-a303-075b9cba0d39][tid:308][com.facebook.buck.apple.toolchain.impl.AppleSdkDiscovery] Fetching SDK name for /Users/stevenlee/Downloads/Xcode.app/Contents/Developer/Platforms/iPhoneSimulator.platform/Developer/SDKs/iPhoneSimulator12.1.sdk
[2019-04-22 10:44:44.405][debug][command:0fc3d85c-1716-4140-a303-075b9cba0d39][tid:308][com.facebook.buck.apple.toolchain.impl.AppleSdkDiscovery] Skipping already scanned SDK directory /Users/stevenlee/Downloads/Xcode.app/Contents/Developer/Platforms/iPhoneSimulator.platform/Developer/SDKs/iPhoneSimulator.sdk
[2019-04-22 10:44:44.405][debug][command:0fc3d85c-1716-4140-a303-075b9cba0d39][tid:308][com.facebook.buck.apple.toolchain.impl.AppleCxxPlatforms] SDK AppleSdk{name=appletvos12.1, version=12.1, applePlatform=ApplePlatform{name=appletvos, provisioningProfileName=tvOS, architectures=[arm64], minVersionFlagPrefix=-mtvos-version-min=, appIncludesFrameworks=false}, architectures=[arm64], toolchains=[AppleToolchain{identifier=com.apple.dt.toolchain.XcodeDefault, path=/Users/stevenlee/Downloads/Xcode.app/Contents/Developer/Toolchains/XcodeDefault.xctoolchain}]} using default version 12.1
[2019-04-22 10:44:44.407][debug][command:0fc3d85c-1716-4140-a303-075b9cba0d39][tid:308][com.facebook.buck.apple.toolchain.impl.AppleCxxPlatforms] Xcode build version is: 10B61
[2019-04-22 10:44:44.411][debug][command:0fc3d85c-1716-4140-a303-075b9cba0d39][tid:308][com.facebook.buck.apple.toolchain.impl.AppleCxxPlatforms] Apple toolchain path: /Users/stevenlee/Downloads/Xcode.app/Contents/Developer/Toolchains/XcodeDefault.xctoolchain
[2019-04-22 10:44:44.411][debug][command:0fc3d85c-1716-4140-a303-075b9cba0d39][tid:308][com.facebook.buck.apple.toolchain.impl.AppleCxxPlatforms] Headers verification platform whitelist: [^\Q/Users/stevenlee/Downloads/Xcode.app/Contents/Developer/Platforms/AppleTVOS.platform/Developer/Library/Frameworks\E\/.*, ^\Q/Users/stevenlee/Downloads/Xcode.app/Contents/Developer/Platforms/AppleTVOS.platform/Developer/SDKs/AppleTVOS.sdk\E\/.*, ^\Q/Users/stevenlee/Downloads/Xcode.app/Contents/Developer/Toolchains/XcodeDefault.xctoolchain\E\/.*]
[2019-04-22 10:44:44.412][debug][command:0fc3d85c-1716-4140-a303-075b9cba0d39][tid:308][com.facebook.buck.apple.toolchain.impl.AppleCxxPlatforms] SDK AppleSdk{name=iphoneos12.1, version=12.1, applePlatform=ApplePlatform{name=iphoneos, swiftName=ios, provisioningProfileName=iOS, architectures=[armv7, arm64], minVersionFlagPrefix=-mios-version-min=, stubBinaryPath=Library/Application Support/WatchKit/WK, appIncludesFrameworks=false}, architectures=[armv7, arm64], toolchains=[AppleToolchain{identifier=com.apple.dt.toolchain.XcodeDefault, path=/Users/stevenlee/Downloads/Xcode.app/Contents/Developer/Toolchains/XcodeDefault.xctoolchain}]} using default version 11.0
[2019-04-22 10:44:44.415][debug][command:0fc3d85c-1716-4140-a303-075b9cba0d39][tid:308][com.facebook.buck.apple.toolchain.impl.AppleCxxPlatforms] Xcode build version is: 10B61
[2019-04-22 10:44:44.417][debug][command:0fc3d85c-1716-4140-a303-075b9cba0d39][tid:308][com.facebook.buck.apple.toolchain.impl.AppleCxxPlatforms] Apple toolchain path: /Users/stevenlee/Downloads/Xcode.app/Contents/Developer/Toolchains/XcodeDefault.xctoolchain
[2019-04-22 10:44:44.417][debug][command:0fc3d85c-1716-4140-a303-075b9cba0d39][tid:308][com.facebook.buck.apple.toolchain.impl.AppleCxxPlatforms] Headers verification platform whitelist: [^\Q/Users/stevenlee/Downloads/Xcode.app/Contents/Developer/Platforms/iPhoneOS.platform/Developer/Library/Frameworks\E\/.*, ^\Q/Users/stevenlee/Downloads/Xcode.app/Contents/Developer/Platforms/iPhoneOS.platform/Developer/SDKs/iPhoneOS.sdk\E\/.*, ^\Q/Users/stevenlee/Downloads/Xcode.app/Contents/Developer/Toolchains/XcodeDefault.xctoolchain\E\/.*]
[2019-04-22 10:44:44.418][debug][command:0fc3d85c-1716-4140-a303-075b9cba0d39][tid:308][com.facebook.buck.apple.toolchain.impl.AppleCxxPlatforms] Xcode build version is: 10B61
[2019-04-22 10:44:44.420][debug][command:0fc3d85c-1716-4140-a303-075b9cba0d39][tid:308][com.facebook.buck.apple.toolchain.impl.AppleCxxPlatforms] Apple toolchain path: /Users/stevenlee/Downloads/Xcode.app/Contents/Developer/Toolchains/XcodeDefault.xctoolchain
[2019-04-22 10:44:44.420][debug][command:0fc3d85c-1716-4140-a303-075b9cba0d39][tid:308][com.facebook.buck.apple.toolchain.impl.AppleCxxPlatforms] Headers verification platform whitelist: [^\Q/Users/stevenlee/Downloads/Xcode.app/Contents/Developer/Platforms/iPhoneOS.platform/Developer/Library/Frameworks\E\/.*, ^\Q/Users/stevenlee/Downloads/Xcode.app/Contents/Developer/Platforms/iPhoneOS.platform/Developer/SDKs/iPhoneOS.sdk\E\/.*, ^\Q/Users/stevenlee/Downloads/Xcode.app/Contents/Developer/Toolchains/XcodeDefault.xctoolchain\E\/.*]
[2019-04-22 10:44:44.420][debug][command:0fc3d85c-1716-4140-a303-075b9cba0d39][tid:308][com.facebook.buck.apple.toolchain.impl.AppleCxxPlatforms] SDK AppleSdk{name=watchos5.1, version=5.1, applePlatform=ApplePlatform{name=watchos, provisioningProfileName=iOS, architectures=[armv7k, arm64_32], minVersionFlagPrefix=-mwatchos-version-min=, stubBinaryPath=Library/Application Support/WatchKit/WK, appIncludesFrameworks=false}, architectures=[armv7k, arm64_32], toolchains=[AppleToolchain{identifier=com.apple.dt.toolchain.XcodeDefault, path=/Users/stevenlee/Downloads/Xcode.app/Contents/Developer/Toolchains/XcodeDefault.xctoolchain}]} using default version 5.1
[2019-04-22 10:44:44.421][debug][command:0fc3d85c-1716-4140-a303-075b9cba0d39][tid:308][com.facebook.buck.apple.toolchain.impl.AppleCxxPlatforms] Xcode build version is: 10B61
[2019-04-22 10:44:44.425][debug][command:null][tid:298][com.facebook.buck.util.ListeningProcessExecutor] Wait for process returned 0
[2019-04-22 10:44:44.425][debug][command:null][tid:298][com.facebook.buck.util.ListeningProcessExecutor] Destroying process com.facebook.buck.util.ListeningProcessExecutor$LaunchedProcessImpl@48d76838 (force true)
[2019-04-22 10:44:44.425][debug][command:null][tid:298][com.facebook.buck.util.environment.MacNetworkConfiguration] Determine WiFi SSID of device
[2019-04-22 10:44:44.425][debug][command:null][tid:298][com.facebook.buck.util.ListeningProcessExecutor] Launching process with params ProcessExecutorParams{command=[networksetup, -getairportnetwork, en7]}
[2019-04-22 10:44:44.425][debug][command:0fc3d85c-1716-4140-a303-075b9cba0d39][tid:308][com.facebook.buck.apple.toolchain.impl.AppleCxxPlatforms] Apple toolchain path: /Users/stevenlee/Downloads/Xcode.app/Contents/Developer/Toolchains/XcodeDefault.xctoolchain
[2019-04-22 10:44:44.426][debug][command:0fc3d85c-1716-4140-a303-075b9cba0d39][tid:308][com.facebook.buck.apple.toolchain.impl.AppleCxxPlatforms] Headers verification platform whitelist: [^\Q/Users/stevenlee/Downloads/Xcode.app/Contents/Developer/Platforms/WatchOS.platform/Developer/Library/Frameworks\E\/.*, ^\Q/Users/stevenlee/Downloads/Xcode.app/Contents/Developer/Platforms/WatchOS.platform/Developer/SDKs/WatchOS.sdk\E\/.*, ^\Q/Users/stevenlee/Downloads/Xcode.app/Contents/Developer/Toolchains/XcodeDefault.xctoolchain\E\/.*]
[2019-04-22 10:44:44.426][debug][command:null][tid:298][com.facebook.buck.util.ListeningProcessExecutor] Successfully launched process com.zaxxer.nuprocess.osx.OsxProcess@2e3183cc
[2019-04-22 10:44:44.426][debug][command:null][tid:298][com.facebook.buck.util.ListeningProcessExecutor] Waiting for process com.facebook.buck.util.ListeningProcessExecutor$LaunchedProcessImpl@6e2239 timeout 1000 MILLISECONDS
[2019-04-22 10:44:44.427][debug][command:0fc3d85c-1716-4140-a303-075b9cba0d39][tid:308][com.facebook.buck.apple.toolchain.impl.AppleCxxPlatforms] Xcode build version is: 10B61
[2019-04-22 10:44:44.428][debug][command:0fc3d85c-1716-4140-a303-075b9cba0d39][tid:308][com.facebook.buck.apple.toolchain.impl.AppleCxxPlatforms] Apple toolchain path: /Users/stevenlee/Downloads/Xcode.app/Contents/Developer/Toolchains/XcodeDefault.xctoolchain
[2019-04-22 10:44:44.428][debug][command:0fc3d85c-1716-4140-a303-075b9cba0d39][tid:308][com.facebook.buck.apple.toolchain.impl.AppleCxxPlatforms] Headers verification platform whitelist: [^\Q/Users/stevenlee/Downloads/Xcode.app/Contents/Developer/Platforms/WatchOS.platform/Developer/Library/Frameworks\E\/.*, ^\Q/Users/stevenlee/Downloads/Xcode.app/Contents/Developer/Platforms/WatchOS.platform/Developer/SDKs/WatchOS.sdk\E\/.*, ^\Q/Users/stevenlee/Downloads/Xcode.app/Contents/Developer/Toolchains/XcodeDefault.xctoolchain\E\/.*]
[2019-04-22 10:44:44.436][debug][command:0fc3d85c-1716-4140-a303-075b9cba0d39][tid:308][com.facebook.buck.apple.toolchain.impl.AppleCxxPlatforms] SDK AppleSdk{name=macosx10.14, version=10.14, applePlatform=ApplePlatform{name=macosx, architectures=[i386, x86_64], minVersionFlagPrefix=-mmacosx-version-min=, appIncludesFrameworks=true}, architectures=[i386, x86_64], toolchains=[AppleToolchain{identifier=com.apple.dt.toolchain.XcodeDefault, path=/Users/stevenlee/Downloads/Xcode.app/Contents/Developer/Toolchains/XcodeDefault.xctoolchain}]} using default version 10.14
[2019-04-22 10:44:44.438][debug][command:0fc3d85c-1716-4140-a303-075b9cba0d39][tid:308][com.facebook.buck.apple.toolchain.impl.AppleCxxPlatforms] Xcode build version is: 10B61
[2019-04-22 10:44:44.440][warn ][command:0fc3d85c-1716-4140-a303-075b9cba0d39][tid:308][com.facebook.buck.apple.toolchain.impl.AppleCxxPlatforms] In /Users/stevenlee/Downloads/Xcode.app/Contents/Developer/Platforms/MacOSX.platform/version.plist, missing ProductBuildVersion. Build version will be unset for this platform.
[2019-04-22 10:44:44.440][debug][command:0fc3d85c-1716-4140-a303-075b9cba0d39][tid:308][com.facebook.buck.apple.toolchain.impl.AppleCxxPlatforms] Apple toolchain path: /Users/stevenlee/Downloads/Xcode.app/Contents/Developer/Toolchains/XcodeDefault.xctoolchain
[2019-04-22 10:44:44.440][debug][command:0fc3d85c-1716-4140-a303-075b9cba0d39][tid:308][com.facebook.buck.apple.toolchain.impl.AppleCxxPlatforms] Headers verification platform whitelist: [^\Q/Users/stevenlee/Downloads/Xcode.app/Contents/Developer/Platforms/MacOSX.platform/Developer/Library/Frameworks\E\/.*, ^\Q/Users/stevenlee/Downloads/Xcode.app/Contents/Developer/Platforms/MacOSX.platform/Developer/SDKs/MacOSX.sdk\E\/.*, ^\Q/Users/stevenlee/Downloads/Xcode.app/Contents/Developer/Toolchains/XcodeDefault.xctoolchain\E\/.*]
[2019-04-22 10:44:44.443][debug][command:0fc3d85c-1716-4140-a303-075b9cba0d39][tid:308][com.facebook.buck.apple.toolchain.impl.AppleCxxPlatforms] Xcode build version is: 10B61
[2019-04-22 10:44:44.444][warn ][command:0fc3d85c-1716-4140-a303-075b9cba0d39][tid:308][com.facebook.buck.apple.toolchain.impl.AppleCxxPlatforms] In /Users/stevenlee/Downloads/Xcode.app/Contents/Developer/Platforms/MacOSX.platform/version.plist, missing ProductBuildVersion. Build version will be unset for this platform.
[2019-04-22 10:44:44.444][debug][command:0fc3d85c-1716-4140-a303-075b9cba0d39][tid:308][com.facebook.buck.apple.toolchain.impl.AppleCxxPlatforms] Apple toolchain path: /Users/stevenlee/Downloads/Xcode.app/Contents/Developer/Toolchains/XcodeDefault.xctoolchain
[2019-04-22 10:44:44.444][debug][command:0fc3d85c-1716-4140-a303-075b9cba0d39][tid:308][com.facebook.buck.apple.toolchain.impl.AppleCxxPlatforms] Headers verification platform whitelist: [^\Q/Users/stevenlee/Downloads/Xcode.app/Contents/Developer/Platforms/MacOSX.platform/Developer/Library/Frameworks\E\/.*, ^\Q/Users/stevenlee/Downloads/Xcode.app/Contents/Developer/Platforms/MacOSX.platform/Developer/SDKs/MacOSX.sdk\E\/.*, ^\Q/Users/stevenlee/Downloads/Xcode.app/Contents/Developer/Toolchains/XcodeDefault.xctoolchain\E\/.*]
[2019-04-22 10:44:44.447][debug][command:0fc3d85c-1716-4140-a303-075b9cba0d39][tid:308][com.facebook.buck.apple.toolchain.impl.AppleCxxPlatforms] SDK AppleSdk{name=watchsimulator5.1, version=5.1, applePlatform=ApplePlatform{name=watchsimulator, architectures=[i386, x86_64], minVersionFlagPrefix=-mwatchos-simulator-version-min=, stubBinaryPath=Library/Application Support/WatchKit/WK, appIncludesFrameworks=false}, architectures=[i386, x86_64], toolchains=[AppleToolchain{identifier=com.apple.dt.toolchain.XcodeDefault, path=/Users/stevenlee/Downloads/Xcode.app/Contents/Developer/Toolchains/XcodeDefault.xctoolchain}]} using default version 5.1
[2019-04-22 10:44:44.448][debug][command:0fc3d85c-1716-4140-a303-075b9cba0d39][tid:308][com.facebook.buck.apple.toolchain.impl.AppleCxxPlatforms] Xcode build version is: 10B61
[2019-04-22 10:44:44.449][debug][command:0fc3d85c-1716-4140-a303-075b9cba0d39][tid:308][com.facebook.buck.apple.toolchain.impl.AppleCxxPlatforms] Apple toolchain path: /Users/stevenlee/Downloads/Xcode.app/Contents/Developer/Toolchains/XcodeDefault.xctoolchain
[2019-04-22 10:44:44.452][debug][command:0fc3d85c-1716-4140-a303-075b9cba0d39][tid:308][com.facebook.buck.apple.toolchain.impl.AppleCxxPlatforms] Headers verification platform whitelist: [^\Q/Users/stevenlee/Downloads/Xcode.app/Contents/Developer/Platforms/WatchSimulator.platform/Developer/Library/Frameworks\E\/.*, ^\Q/Users/stevenlee/Downloads/Xcode.app/Contents/Developer/Platforms/WatchSimulator.platform/Developer/SDKs/WatchSimulator.sdk\E\/.*, ^\Q/Users/stevenlee/Downloads/Xcode.app/Contents/Developer/Toolchains/XcodeDefault.xctoolchain\E\/.*]
[2019-04-22 10:44:44.453][debug][command:0fc3d85c-1716-4140-a303-075b9cba0d39][tid:308][com.facebook.buck.apple.toolchain.impl.AppleCxxPlatforms] Xcode build version is: 10B61
[2019-04-22 10:44:44.458][debug][command:0fc3d85c-1716-4140-a303-075b9cba0d39][tid:308][com.facebook.buck.apple.toolchain.impl.AppleCxxPlatforms] Apple toolchain path: /Users/stevenlee/Downloads/Xcode.app/Contents/Developer/Toolchains/XcodeDefault.xctoolchain
[2019-04-22 10:44:44.459][debug][command:0fc3d85c-1716-4140-a303-075b9cba0d39][tid:308][com.facebook.buck.apple.toolchain.impl.AppleCxxPlatforms] Headers verification platform whitelist: [^\Q/Users/stevenlee/Downloads/Xcode.app/Contents/Developer/Platforms/WatchSimulator.platform/Developer/Library/Frameworks\E\/.*, ^\Q/Users/stevenlee/Downloads/Xcode.app/Contents/Developer/Platforms/WatchSimulator.platform/Developer/SDKs/WatchSimulator.sdk\E\/.*, ^\Q/Users/stevenlee/Downloads/Xcode.app/Contents/Developer/Toolchains/XcodeDefault.xctoolchain\E\/.*]
[2019-04-22 10:44:44.459][debug][command:0fc3d85c-1716-4140-a303-075b9cba0d39][tid:308][com.facebook.buck.apple.toolchain.impl.AppleCxxPlatforms] SDK AppleSdk{name=appletvsimulator12.1, version=12.1, applePlatform=ApplePlatform{name=appletvsimulator, swiftName=tvos, architectures=[x86_64], minVersionFlagPrefix=-mtvos-simulator-version-min=, appIncludesFrameworks=false}, architectures=[x86_64], toolchains=[AppleToolchain{identifier=com.apple.dt.toolchain.XcodeDefault, path=/Users/stevenlee/Downloads/Xcode.app/Contents/Developer/Toolchains/XcodeDefault.xctoolchain}]} using default version 12.1
[2019-04-22 10:44:44.460][debug][command:0fc3d85c-1716-4140-a303-075b9cba0d39][tid:308][com.facebook.buck.apple.toolchain.impl.AppleCxxPlatforms] Xcode build version is: 10B61
[2019-04-22 10:44:44.461][warn ][command:0fc3d85c-1716-4140-a303-075b9cba0d39][tid:308][com.facebook.buck.apple.toolchain.impl.AppleCxxPlatforms] /Users/stevenlee/Downloads/Xcode.app/Contents/Developer/Platforms/AppleTVSimulator.platform/version.plist does not exist. Build version will be unset for this platform.
[2019-04-22 10:44:44.461][debug][command:0fc3d85c-1716-4140-a303-075b9cba0d39][tid:308][com.facebook.buck.apple.toolchain.impl.AppleCxxPlatforms] Apple toolchain path: /Users/stevenlee/Downloads/Xcode.app/Contents/Developer/Toolchains/XcodeDefault.xctoolchain
[2019-04-22 10:44:44.461][debug][command:0fc3d85c-1716-4140-a303-075b9cba0d39][tid:308][com.facebook.buck.apple.toolchain.impl.AppleCxxPlatforms] Headers verification platform whitelist: [^\Q/Users/stevenlee/Downloads/Xcode.app/Contents/Developer/Platforms/AppleTVSimulator.platform/Developer/Library/Frameworks\E\/.*, ^\Q/Users/stevenlee/Downloads/Xcode.app/Contents/Developer/Platforms/AppleTVSimulator.platform/Developer/SDKs/AppleTVSimulator.sdk\E\/.*, ^\Q/Users/stevenlee/Downloads/Xcode.app/Contents/Developer/Toolchains/XcodeDefault.xctoolchain\E\/.*]
[2019-04-22 10:44:44.461][debug][command:0fc3d85c-1716-4140-a303-075b9cba0d39][tid:308][com.facebook.buck.apple.toolchain.impl.AppleCxxPlatforms] SDK AppleSdk{name=iphonesimulator12.1, version=12.1, applePlatform=ApplePlatform{name=iphonesimulator, swiftName=ios, architectures=[i386, x86_64], minVersionFlagPrefix=-mios-simulator-version-min=, stubBinaryPath=Library/Application Support/WatchKit/WK, appIncludesFrameworks=false}, architectures=[i386, x86_64], toolchains=[AppleToolchain{identifier=com.apple.dt.toolchain.XcodeDefault, path=/Users/stevenlee/Downloads/Xcode.app/Contents/Developer/Toolchains/XcodeDefault.xctoolchain}]} using default version 11.0
[2019-04-22 10:44:44.462][debug][command:0fc3d85c-1716-4140-a303-075b9cba0d39][tid:308][com.facebook.buck.apple.toolchain.impl.AppleCxxPlatforms] Xcode build version is: 10B61
[2019-04-22 10:44:44.463][warn ][command:0fc3d85c-1716-4140-a303-075b9cba0d39][tid:308][com.facebook.buck.apple.toolchain.impl.AppleCxxPlatforms] /Users/stevenlee/Downloads/Xcode.app/Contents/Developer/Platforms/iPhoneSimulator.platform/version.plist does not exist. Build version will be unset for this platform.
[2019-04-22 10:44:44.463][debug][command:0fc3d85c-1716-4140-a303-075b9cba0d39][tid:308][com.facebook.buck.apple.toolchain.impl.AppleCxxPlatforms] Apple toolchain path: /Users/stevenlee/Downloads/Xcode.app/Contents/Developer/Toolchains/XcodeDefault.xctoolchain
[2019-04-22 10:44:44.463][debug][command:0fc3d85c-1716-4140-a303-075b9cba0d39][tid:308][com.facebook.buck.apple.toolchain.impl.AppleCxxPlatforms] Headers verification platform whitelist: [^\Q/Users/stevenlee/Downloads/Xcode.app/Contents/Developer/Platforms/iPhoneSimulator.platform/Developer/Library/Frameworks\E\/.*, ^\Q/Users/stevenlee/Downloads/Xcode.app/Contents/Developer/Platforms/iPhoneSimulator.platform/Developer/SDKs/iPhoneSimulator.sdk\E\/.*, ^\Q/Users/stevenlee/Downloads/Xcode.app/Contents/Developer/Toolchains/XcodeDefault.xctoolchain\E\/.*]
[2019-04-22 10:44:44.464][debug][command:null][tid:298][com.facebook.buck.util.ListeningProcessExecutor] Wait for process returned 10
[2019-04-22 10:44:44.464][debug][command:null][tid:298][com.facebook.buck.util.ListeningProcessExecutor] Destroying process com.facebook.buck.util.ListeningProcessExecutor$LaunchedProcessImpl@6e2239 (force true)
[2019-04-22 10:44:44.464][debug][command:0fc3d85c-1716-4140-a303-075b9cba0d39][tid:308][com.facebook.buck.apple.toolchain.impl.AppleCxxPlatforms] Xcode build version is: 10B61
[2019-04-22 10:44:44.465][warn ][command:0fc3d85c-1716-4140-a303-075b9cba0d39][tid:308][com.facebook.buck.apple.toolchain.impl.AppleCxxPlatforms] /Users/stevenlee/Downloads/Xcode.app/Contents/Developer/Platforms/iPhoneSimulator.platform/version.plist does not exist. Build version will be unset for this platform.
[2019-04-22 10:44:44.465][debug][command:0fc3d85c-1716-4140-a303-075b9cba0d39][tid:308][com.facebook.buck.apple.toolchain.impl.AppleCxxPlatforms] Apple toolchain path: /Users/stevenlee/Downloads/Xcode.app/Contents/Developer/Toolchains/XcodeDefault.xctoolchain
[2019-04-22 10:44:44.466][debug][command:0fc3d85c-1716-4140-a303-075b9cba0d39][tid:308][com.facebook.buck.apple.toolchain.impl.AppleCxxPlatforms] Headers verification platform whitelist: [^\Q/Users/stevenlee/Downloads/Xcode.app/Contents/Developer/Platforms/iPhoneSimulator.platform/Developer/Library/Frameworks\E\/.*, ^\Q/Users/stevenlee/Downloads/Xcode.app/Contents/Developer/Platforms/iPhoneSimulator.platform/Developer/SDKs/iPhoneSimulator.sdk\E\/.*, ^\Q/Users/stevenlee/Downloads/Xcode.app/Contents/Developer/Toolchains/XcodeDefault.xctoolchain\E\/.*]
[2019-04-22 10:44:44.466][debug][command:0fc3d85c-1716-4140-a303-075b9cba0d39][tid:308][com.facebook.buck.apple.toolchain.impl.AppleCxxPlatforms] SDK AppleSdk{name=appletvos, version=12.1, applePlatform=ApplePlatform{name=appletvos, provisioningProfileName=tvOS, architectures=[arm64], minVersionFlagPrefix=-mtvos-version-min=, appIncludesFrameworks=false}, architectures=[arm64], toolchains=[AppleToolchain{identifier=com.apple.dt.toolchain.XcodeDefault, path=/Users/stevenlee/Downloads/Xcode.app/Contents/Developer/Toolchains/XcodeDefault.xctoolchain}]} using default version 12.1
[2019-04-22 10:44:44.467][debug][command:0fc3d85c-1716-4140-a303-075b9cba0d39][tid:308][com.facebook.buck.apple.toolchain.impl.AppleCxxPlatforms] Xcode build version is: 10B61
[2019-04-22 10:44:44.468][debug][command:0fc3d85c-1716-4140-a303-075b9cba0d39][tid:308][com.facebook.buck.apple.toolchain.impl.AppleCxxPlatforms] Apple toolchain path: /Users/stevenlee/Downloads/Xcode.app/Contents/Developer/Toolchains/XcodeDefault.xctoolchain
[2019-04-22 10:44:44.468][debug][command:0fc3d85c-1716-4140-a303-075b9cba0d39][tid:308][com.facebook.buck.apple.toolchain.impl.AppleCxxPlatforms] Headers verification platform whitelist: [^\Q/Users/stevenlee/Downloads/Xcode.app/Contents/Developer/Platforms/AppleTVOS.platform/Developer/Library/Frameworks\E\/.*, ^\Q/Users/stevenlee/Downloads/Xcode.app/Contents/Developer/Platforms/AppleTVOS.platform/Developer/SDKs/AppleTVOS.sdk\E\/.*, ^\Q/Users/stevenlee/Downloads/Xcode.app/Contents/Developer/Toolchains/XcodeDefault.xctoolchain\E\/.*]
[2019-04-22 10:44:44.468][debug][command:0fc3d85c-1716-4140-a303-075b9cba0d39][tid:308][com.facebook.buck.apple.toolchain.impl.AppleCxxPlatforms] SDK AppleSdk{name=appletvsimulator, version=12.1, applePlatform=ApplePlatform{name=appletvsimulator, swiftName=tvos, architectures=[x86_64], minVersionFlagPrefix=-mtvos-simulator-version-min=, appIncludesFrameworks=false}, architectures=[x86_64], toolchains=[AppleToolchain{identifier=com.apple.dt.toolchain.XcodeDefault, path=/Users/stevenlee/Downloads/Xcode.app/Contents/Developer/Toolchains/XcodeDefault.xctoolchain}]} using default version 12.1
[2019-04-22 10:44:44.469][debug][command:0fc3d85c-1716-4140-a303-075b9cba0d39][tid:308][com.facebook.buck.apple.toolchain.impl.AppleCxxPlatforms] Xcode build version is: 10B61
[2019-04-22 10:44:44.470][warn ][command:0fc3d85c-1716-4140-a303-075b9cba0d39][tid:308][com.facebook.buck.apple.toolchain.impl.AppleCxxPlatforms] /Users/stevenlee/Downloads/Xcode.app/Contents/Developer/Platforms/AppleTVSimulator.platform/version.plist does not exist. Build version will be unset for this platform.
[2019-04-22 10:44:44.470][debug][command:0fc3d85c-1716-4140-a303-075b9cba0d39][tid:308][com.facebook.buck.apple.toolchain.impl.AppleCxxPlatforms] Apple toolchain path: /Users/stevenlee/Downloads/Xcode.app/Contents/Developer/Toolchains/XcodeDefault.xctoolchain
[2019-04-22 10:44:44.470][debug][command:0fc3d85c-1716-4140-a303-075b9cba0d39][tid:308][com.facebook.buck.apple.toolchain.impl.AppleCxxPlatforms] Headers verification platform whitelist: [^\Q/Users/stevenlee/Downloads/Xcode.app/Contents/Developer/Platforms/AppleTVSimulator.platform/Developer/Library/Frameworks\E\/.*, ^\Q/Users/stevenlee/Downloads/Xcode.app/Contents/Developer/Platforms/AppleTVSimulator.platform/Developer/SDKs/AppleTVSimulator.sdk\E\/.*, ^\Q/Users/stevenlee/Downloads/Xcode.app/Contents/Developer/Toolchains/XcodeDefault.xctoolchain\E\/.*]
[2019-04-22 10:44:44.470][debug][command:0fc3d85c-1716-4140-a303-075b9cba0d39][tid:308][com.facebook.buck.apple.toolchain.impl.AppleCxxPlatforms] SDK AppleSdk{name=iphoneos, version=12.1, applePlatform=ApplePlatform{name=iphoneos, swiftName=ios, provisioningProfileName=iOS, architectures=[armv7, arm64], minVersionFlagPrefix=-mios-version-min=, stubBinaryPath=Library/Application Support/WatchKit/WK, appIncludesFrameworks=false}, architectures=[armv7, arm64], toolchains=[AppleToolchain{identifier=com.apple.dt.toolchain.XcodeDefault, path=/Users/stevenlee/Downloads/Xcode.app/Contents/Developer/Toolchains/XcodeDefault.xctoolchain}]} using default version 11.0
[2019-04-22 10:44:44.471][debug][command:0fc3d85c-1716-4140-a303-075b9cba0d39][tid:308][com.facebook.buck.apple.toolchain.impl.AppleCxxPlatforms] Xcode build version is: 10B61
[2019-04-22 10:44:44.472][debug][command:0fc3d85c-1716-4140-a303-075b9cba0d39][tid:308][com.facebook.buck.apple.toolchain.impl.AppleCxxPlatforms] Apple toolchain path: /Users/stevenlee/Downloads/Xcode.app/Contents/Developer/Toolchains/XcodeDefault.xctoolchain
[2019-04-22 10:44:44.472][debug][command:0fc3d85c-1716-4140-a303-075b9cba0d39][tid:308][com.facebook.buck.apple.toolchain.impl.AppleCxxPlatforms] Headers verification platform whitelist: [^\Q/Users/stevenlee/Downloads/Xcode.app/Contents/Developer/Platforms/iPhoneOS.platform/Developer/Library/Frameworks\E\/.*, ^\Q/Users/stevenlee/Downloads/Xcode.app/Contents/Developer/Platforms/iPhoneOS.platform/Developer/SDKs/iPhoneOS.sdk\E\/.*, ^\Q/Users/stevenlee/Downloads/Xcode.app/Contents/Developer/Toolchains/XcodeDefault.xctoolchain\E\/.*]
[2019-04-22 10:44:44.475][debug][command:0fc3d85c-1716-4140-a303-075b9cba0d39][tid:308][com.facebook.buck.apple.toolchain.impl.AppleCxxPlatforms] Xcode build version is: 10B61
[2019-04-22 10:44:44.477][debug][command:0fc3d85c-1716-4140-a303-075b9cba0d39][tid:308][com.facebook.buck.apple.toolchain.impl.AppleCxxPlatforms] Apple toolchain path: /Users/stevenlee/Downloads/Xcode.app/Contents/Developer/Toolchains/XcodeDefault.xctoolchain
[2019-04-22 10:44:44.477][debug][command:0fc3d85c-1716-4140-a303-075b9cba0d39][tid:308][com.facebook.buck.apple.toolchain.impl.AppleCxxPlatforms] Headers verification platform whitelist: [^\Q/Users/stevenlee/Downloads/Xcode.app/Contents/Developer/Platforms/iPhoneOS.platform/Developer/Library/Frameworks\E\/.*, ^\Q/Users/stevenlee/Downloads/Xcode.app/Contents/Developer/Platforms/iPhoneOS.platform/Developer/SDKs/iPhoneOS.sdk\E\/.*, ^\Q/Users/stevenlee/Downloads/Xcode.app/Contents/Developer/Toolchains/XcodeDefault.xctoolchain\E\/.*]
[2019-04-22 10:44:44.477][debug][command:0fc3d85c-1716-4140-a303-075b9cba0d39][tid:308][com.facebook.buck.apple.toolchain.impl.AppleCxxPlatforms] SDK AppleSdk{name=iphonesimulator, version=12.1, applePlatform=ApplePlatform{name=iphonesimulator, swiftName=ios, architectures=[i386, x86_64], minVersionFlagPrefix=-mios-simulator-version-min=, stubBinaryPath=Library/Application Support/WatchKit/WK, appIncludesFrameworks=false}, architectures=[i386, x86_64], toolchains=[AppleToolchain{identifier=com.apple.dt.toolchain.XcodeDefault, path=/Users/stevenlee/Downloads/Xcode.app/Contents/Developer/Toolchains/XcodeDefault.xctoolchain}]} using default version 11.0
[2019-04-22 10:44:44.478][debug][command:0fc3d85c-1716-4140-a303-075b9cba0d39][tid:308][com.facebook.buck.apple.toolchain.impl.AppleCxxPlatforms] Xcode build version is: 10B61
[2019-04-22 10:44:44.478][warn ][command:0fc3d85c-1716-4140-a303-075b9cba0d39][tid:308][com.facebook.buck.apple.toolchain.impl.AppleCxxPlatforms] /Users/stevenlee/Downloads/Xcode.app/Contents/Developer/Platforms/iPhoneSimulator.platform/version.plist does not exist. Build version will be unset for this platform.
[2019-04-22 10:44:44.479][debug][command:0fc3d85c-1716-4140-a303-075b9cba0d39][tid:308][com.facebook.buck.apple.toolchain.impl.AppleCxxPlatforms] Apple toolchain path: /Users/stevenlee/Downloads/Xcode.app/Contents/Developer/Toolchains/XcodeDefault.xctoolchain
[2019-04-22 10:44:44.479][debug][command:0fc3d85c-1716-4140-a303-075b9cba0d39][tid:308][com.facebook.buck.apple.toolchain.impl.AppleCxxPlatforms] Headers verification platform whitelist: [^\Q/Users/stevenlee/Downloads/Xcode.app/Contents/Developer/Platforms/iPhoneSimulator.platform/Developer/Library/Frameworks\E\/.*, ^\Q/Users/stevenlee/Downloads/Xcode.app/Contents/Developer/Platforms/iPhoneSimulator.platform/Developer/SDKs/iPhoneSimulator.sdk\E\/.*, ^\Q/Users/stevenlee/Downloads/Xcode.app/Contents/Developer/Toolchains/XcodeDefault.xctoolchain\E\/.*]
[2019-04-22 10:44:44.480][debug][command:0fc3d85c-1716-4140-a303-075b9cba0d39][tid:308][com.facebook.buck.apple.toolchain.impl.AppleCxxPlatforms] Xcode build version is: 10B61
[2019-04-22 10:44:44.480][warn ][command:0fc3d85c-1716-4140-a303-075b9cba0d39][tid:308][com.facebook.buck.apple.toolchain.impl.AppleCxxPlatforms] /Users/stevenlee/Downloads/Xcode.app/Contents/Developer/Platforms/iPhoneSimulator.platform/version.plist does not exist. Build version will be unset for this platform.
[2019-04-22 10:44:44.480][debug][command:0fc3d85c-1716-4140-a303-075b9cba0d39][tid:308][com.facebook.buck.apple.toolchain.impl.AppleCxxPlatforms] Apple toolchain path: /Users/stevenlee/Downloads/Xcode.app/Contents/Developer/Toolchains/XcodeDefault.xctoolchain
[2019-04-22 10:44:44.480][debug][command:0fc3d85c-1716-4140-a303-075b9cba0d39][tid:308][com.facebook.buck.apple.toolchain.impl.AppleCxxPlatforms] Headers verification platform whitelist: [^\Q/Users/stevenlee/Downloads/Xcode.app/Contents/Developer/Platforms/iPhoneSimulator.platform/Developer/Library/Frameworks\E\/.*, ^\Q/Users/stevenlee/Downloads/Xcode.app/Contents/Developer/Platforms/iPhoneSimulator.platform/Developer/SDKs/iPhoneSimulator.sdk\E\/.*, ^\Q/Users/stevenlee/Downloads/Xcode.app/Contents/Developer/Toolchains/XcodeDefault.xctoolchain\E\/.*]
[2019-04-22 10:44:44.481][debug][command:0fc3d85c-1716-4140-a303-075b9cba0d39][tid:308][com.facebook.buck.apple.toolchain.impl.AppleCxxPlatforms] SDK AppleSdk{name=macosx, version=10.14, applePlatform=ApplePlatform{name=macosx, architectures=[i386, x86_64], minVersionFlagPrefix=-mmacosx-version-min=, appIncludesFrameworks=true}, architectures=[i386, x86_64], toolchains=[AppleToolchain{identifier=com.apple.dt.toolchain.XcodeDefault, path=/Users/stevenlee/Downloads/Xcode.app/Contents/Developer/Toolchains/XcodeDefault.xctoolchain}]} using default version 10.14
[2019-04-22 10:44:44.481][debug][command:0fc3d85c-1716-4140-a303-075b9cba0d39][tid:308][com.facebook.buck.apple.toolchain.impl.AppleCxxPlatforms] Xcode build version is: 10B61
[2019-04-22 10:44:44.482][warn ][command:0fc3d85c-1716-4140-a303-075b9cba0d39][tid:308][com.facebook.buck.apple.toolchain.impl.AppleCxxPlatforms] In /Users/stevenlee/Downloads/Xcode.app/Contents/Developer/Platforms/MacOSX.platform/version.plist, missing ProductBuildVersion. Build version will be unset for this platform.
[2019-04-22 10:44:44.482][debug][command:0fc3d85c-1716-4140-a303-075b9cba0d39][tid:308][com.facebook.buck.apple.toolchain.impl.AppleCxxPlatforms] Apple toolchain path: /Users/stevenlee/Downloads/Xcode.app/Contents/Developer/Toolchains/XcodeDefault.xctoolchain
[2019-04-22 10:44:44.483][debug][command:0fc3d85c-1716-4140-a303-075b9cba0d39][tid:308][com.facebook.buck.apple.toolchain.impl.AppleCxxPlatforms] Headers verification platform whitelist: [^\Q/Users/stevenlee/Downloads/Xcode.app/Contents/Developer/Platforms/MacOSX.platform/Developer/Library/Frameworks\E\/.*, ^\Q/Users/stevenlee/Downloads/Xcode.app/Contents/Developer/Platforms/MacOSX.platform/Developer/SDKs/MacOSX.sdk\E\/.*, ^\Q/Users/stevenlee/Downloads/Xcode.app/Contents/Developer/Toolchains/XcodeDefault.xctoolchain\E\/.*]
[2019-04-22 10:44:44.484][debug][command:0fc3d85c-1716-4140-a303-075b9cba0d39][tid:308][com.facebook.buck.apple.toolchain.impl.AppleCxxPlatforms] Xcode build version is: 10B61
[2019-04-22 10:44:44.485][warn ][command:0fc3d85c-1716-4140-a303-075b9cba0d39][tid:308][com.facebook.buck.apple.toolchain.impl.AppleCxxPlatforms] In /Users/stevenlee/Downloads/Xcode.app/Contents/Developer/Platforms/MacOSX.platform/version.plist, missing ProductBuildVersion. Build version will be unset for this platform.
[2019-04-22 10:44:44.485][debug][command:0fc3d85c-1716-4140-a303-075b9cba0d39][tid:308][com.facebook.buck.apple.toolchain.impl.AppleCxxPlatforms] Apple toolchain path: /Users/stevenlee/Downloads/Xcode.app/Contents/Developer/Toolchains/XcodeDefault.xctoolchain
[2019-04-22 10:44:44.485][debug][command:0fc3d85c-1716-4140-a303-075b9cba0d39][tid:308][com.facebook.buck.apple.toolchain.impl.AppleCxxPlatforms] Headers verification platform whitelist: [^\Q/Users/stevenlee/Downloads/Xcode.app/Contents/Developer/Platforms/MacOSX.platform/Developer/Library/Frameworks\E\/.*, ^\Q/Users/stevenlee/Downloads/Xcode.app/Contents/Developer/Platforms/MacOSX.platform/Developer/SDKs/MacOSX.sdk\E\/.*, ^\Q/Users/stevenlee/Downloads/Xcode.app/Contents/Developer/Toolchains/XcodeDefault.xctoolchain\E\/.*]
[2019-04-22 10:44:44.485][debug][command:0fc3d85c-1716-4140-a303-075b9cba0d39][tid:308][com.facebook.buck.apple.toolchain.impl.AppleCxxPlatforms] SDK AppleSdk{name=watchos, version=5.1, applePlatform=ApplePlatform{name=watchos, provisioningProfileName=iOS, architectures=[armv7k, arm64_32], minVersionFlagPrefix=-mwatchos-version-min=, stubBinaryPath=Library/Application Support/WatchKit/WK, appIncludesFrameworks=false}, architectures=[armv7k, arm64_32], toolchains=[AppleToolchain{identifier=com.apple.dt.toolchain.XcodeDefault, path=/Users/stevenlee/Downloads/Xcode.app/Contents/Developer/Toolchains/XcodeDefault.xctoolchain}]} using default version 5.1
[2019-04-22 10:44:44.486][debug][command:0fc3d85c-1716-4140-a303-075b9cba0d39][tid:308][com.facebook.buck.apple.toolchain.impl.AppleCxxPlatforms] Xcode build version is: 10B61
[2019-04-22 10:44:44.487][debug][command:0fc3d85c-1716-4140-a303-075b9cba0d39][tid:308][com.facebook.buck.apple.toolchain.impl.AppleCxxPlatforms] Apple toolchain path: /Users/stevenlee/Downloads/Xcode.app/Contents/Developer/Toolchains/XcodeDefault.xctoolchain
[2019-04-22 10:44:44.487][debug][command:0fc3d85c-1716-4140-a303-075b9cba0d39][tid:308][com.facebook.buck.apple.toolchain.impl.AppleCxxPlatforms] Headers verification platform whitelist: [^\Q/Users/stevenlee/Downloads/Xcode.app/Contents/Developer/Platforms/WatchOS.platform/Developer/Library/Frameworks\E\/.*, ^\Q/Users/stevenlee/Downloads/Xcode.app/Contents/Developer/Platforms/WatchOS.platform/Developer/SDKs/WatchOS.sdk\E\/.*, ^\Q/Users/stevenlee/Downloads/Xcode.app/Contents/Developer/Toolchains/XcodeDefault.xctoolchain\E\/.*]
[2019-04-22 10:44:44.491][debug][command:0fc3d85c-1716-4140-a303-075b9cba0d39][tid:308][com.facebook.buck.apple.toolchain.impl.AppleCxxPlatforms] Xcode build version is: 10B61
[2019-04-22 10:44:44.493][debug][command:0fc3d85c-1716-4140-a303-075b9cba0d39][tid:308][com.facebook.buck.apple.toolchain.impl.AppleCxxPlatforms] Apple toolchain path: /Users/stevenlee/Downloads/Xcode.app/Contents/Developer/Toolchains/XcodeDefault.xctoolchain
[2019-04-22 10:44:44.493][debug][command:0fc3d85c-1716-4140-a303-075b9cba0d39][tid:308][com.facebook.buck.apple.toolchain.impl.AppleCxxPlatforms] Headers verification platform whitelist: [^\Q/Users/stevenlee/Downloads/Xcode.app/Contents/Developer/Platforms/WatchOS.platform/Developer/Library/Frameworks\E\/.*, ^\Q/Users/stevenlee/Downloads/Xcode.app/Contents/Developer/Platforms/WatchOS.platform/Developer/SDKs/WatchOS.sdk\E\/.*, ^\Q/Users/stevenlee/Downloads/Xcode.app/Contents/Developer/Toolchains/XcodeDefault.xctoolchain\E\/.*]
[2019-04-22 10:44:44.493][debug][command:0fc3d85c-1716-4140-a303-075b9cba0d39][tid:308][com.facebook.buck.apple.toolchain.impl.AppleCxxPlatforms] SDK AppleSdk{name=watchsimulator, version=5.1, applePlatform=ApplePlatform{name=watchsimulator, architectures=[i386, x86_64], minVersionFlagPrefix=-mwatchos-simulator-version-min=, stubBinaryPath=Library/Application Support/WatchKit/WK, appIncludesFrameworks=false}, architectures=[i386, x86_64], toolchains=[AppleToolchain{identifier=com.apple.dt.toolchain.XcodeDefault, path=/Users/stevenlee/Downloads/Xcode.app/Contents/Developer/Toolchains/XcodeDefault.xctoolchain}]} using default version 5.1
[2019-04-22 10:44:44.494][debug][command:0fc3d85c-1716-4140-a303-075b9cba0d39][tid:308][com.facebook.buck.apple.toolchain.impl.AppleCxxPlatforms] Xcode build version is: 10B61
[2019-04-22 10:44:44.495][debug][command:0fc3d85c-1716-4140-a303-075b9cba0d39][tid:308][com.facebook.buck.apple.toolchain.impl.AppleCxxPlatforms] Apple toolchain path: /Users/stevenlee/Downloads/Xcode.app/Contents/Developer/Toolchains/XcodeDefault.xctoolchain
[2019-04-22 10:44:44.495][debug][command:0fc3d85c-1716-4140-a303-075b9cba0d39][tid:308][com.facebook.buck.apple.toolchain.impl.AppleCxxPlatforms] Headers verification platform whitelist: [^\Q/Users/stevenlee/Downloads/Xcode.app/Contents/Developer/Platforms/WatchSimulator.platform/Developer/Library/Frameworks\E\/.*, ^\Q/Users/stevenlee/Downloads/Xcode.app/Contents/Developer/Platforms/WatchSimulator.platform/Developer/SDKs/WatchSimulator.sdk\E\/.*, ^\Q/Users/stevenlee/Downloads/Xcode.app/Contents/Developer/Toolchains/XcodeDefault.xctoolchain\E\/.*]
[2019-04-22 10:44:44.497][debug][command:0fc3d85c-1716-4140-a303-075b9cba0d39][tid:308][com.facebook.buck.apple.toolchain.impl.AppleCxxPlatforms] Xcode build version is: 10B61
[2019-04-22 10:44:44.498][debug][command:0fc3d85c-1716-4140-a303-075b9cba0d39][tid:308][com.facebook.buck.apple.toolchain.impl.AppleCxxPlatforms] Apple toolchain path: /Users/stevenlee/Downloads/Xcode.app/Contents/Developer/Toolchains/XcodeDefault.xctoolchain
[2019-04-22 10:44:44.498][debug][command:0fc3d85c-1716-4140-a303-075b9cba0d39][tid:308][com.facebook.buck.apple.toolchain.impl.AppleCxxPlatforms] Headers verification platform whitelist: [^\Q/Users/stevenlee/Downloads/Xcode.app/Contents/Developer/Platforms/WatchSimulator.platform/Developer/Library/Frameworks\E\/.*, ^\Q/Users/stevenlee/Downloads/Xcode.app/Contents/Developer/Platforms/WatchSimulator.platform/Developer/SDKs/WatchSimulator.sdk\E\/.*, ^\Q/Users/stevenlee/Downloads/Xcode.app/Contents/Developer/Toolchains/XcodeDefault.xctoolchain\E\/.*]
[2019-04-22 10:44:44.499][debug][command:0fc3d85c-1716-4140-a303-075b9cba0d39][tid:308][com.facebook.buck.io.ExecutableFinder] Executable 'clang' mapped to 'Optional[/usr/bin/clang]'
[2019-04-22 10:44:44.500][debug][command:0fc3d85c-1716-4140-a303-075b9cba0d39][tid:308][com.facebook.buck.io.ExecutableFinder] Executable 'clang++' mapped to 'Optional[/usr/bin/clang++]'
[2019-04-22 10:44:44.500][debug][command:0fc3d85c-1716-4140-a303-075b9cba0d39][tid:308][com.facebook.buck.cxx.toolchain.CxxPlatforms] Using config default C++ platform CxxPlatform{flavor=iphonesimulator-x86_64, as=com.facebook.buck.cxx.toolchain.CompilerProvider@175cef8a, asflags=[-isysroot, /Users/stevenlee/Downloads/Xcode.app/Contents/Developer/Platforms/iPhoneSimulator.platform/Developer/SDKs/iPhoneSimulator.sdk, -arch, x86_64, -mios-simulator-version-min=11.0, -iquote, /Users/stevenlee/Downloads/BuckTest 3], aspp=com.facebook.buck.cxx.toolchain.PreprocessorProvider@7f14e51c, asppflags=[], cc=com.facebook.buck.cxx.toolchain.CompilerProvider@2601db22, cflags=[-isysroot, /Users/stevenlee/Downloads/Xcode.app/Contents/Developer/Platforms/iPhoneSimulator.platform/Developer/SDKs/iPhoneSimulator.sdk, -arch, x86_64, -mios-simulator-version-min=11.0, -iquote, /Users/stevenlee/Downloads/BuckTest 3, -g, -fmodules, -fobjc-arc, -D, BUCK, -w], cxx=com.facebook.buck.cxx.toolchain.CompilerProvider@7a38f04, cxxflags=[-isysroot, /Users/stevenlee/Downloads/Xcode.app/Contents/Developer/Platforms/iPhoneSimulator.platform/Developer/SDKs/iPhoneSimulator.sdk, -arch, x86_64, -mios-simulator-version-min=11.0, -iquote, /Users/stevenlee/Downloads/BuckTest 3, -fobjc-arc, -std=c++14, -D, DEBUG, -g], cpp=com.facebook.buck.cxx.toolchain.PreprocessorProvider@777310c5, cppflags=[], cxxpp=com.facebook.buck.cxx.toolchain.PreprocessorProvider@2f173732, cxxppflags=[], cudappflags=[], cudaflags=[], hipppflags=[], hipflags=[], asmppflags=[], asmflags=[], ld=com.facebook.buck.cxx.toolchain.linker.DefaultLinkerProvider@7673139, ldflags=[-isysroot, /Users/stevenlee/Downloads/Xcode.app/Contents/Developer/Platforms/iPhoneSimulator.platform/Developer/SDKs/iPhoneSimulator.sdk, -arch, x86_64, -mios-simulator-version-min=11.0, -iquote, /Users/stevenlee/Downloads/BuckTest 3, -Wl,-sdk_version, -Wl,12.1, -Wl,-ObjC, -Xlinker, -objc_abi_version, -Xlinker, 2, -fobjc-arc, -fobjc-link-runtime], runtimeLdflags={}, strip=VersionedTool{path=/Users/stevenlee/Downloads/Xcode.app/Contents/Developer/Toolchains/XcodeDefault.xctoolchain/usr/bin/strip, extraArgs=[], name=apple-strip, version=12.1:10B61}, stripFlags=[], ar=com.facebook.buck.cxx.toolchain.ArchiverProvider$1@1ca7457e, archiveContents=NORMAL, arflags=[], ranlib=com.facebook.buck.core.toolchain.toolprovider.impl.ConstantToolProvider@733d8b17, ranlibflags=[], symbolNameTool=com.facebook.buck.cxx.toolchain.LazyDelegatingSymbolNameTool@65858ce5, sharedLibraryExtension=dylib, sharedLibraryVersionedExtensionFormat=%s.dylib, staticLibraryExtension=a, objectFileExtension=o, compilerDebugPathSanitizer=com.facebook.buck.cxx.toolchain.PrefixMapDebugPathSanitizer@5b559795, assemblerDebugPathSanitizer=com.facebook.buck.cxx.toolchain.MungingDebugPathSanitizer@7dffa534, headerVerification=HeaderVerification{mode=IGNORE, whitelist=[], platformWhitelist=[^\Q/Users/stevenlee/Downloads/Xcode.app/Contents/Developer/Platforms/iPhoneSimulator.platform/Developer/Library/Frameworks\E\/.*, ^\Q/Users/stevenlee/Downloads/Xcode.app/Contents/Developer/Platforms/iPhoneSimulator.platform/Developer/SDKs/iPhoneSimulator.sdk\E\/.*, ^\Q/Users/stevenlee/Downloads/Xcode.app/Contents/Developer/Toolchains/XcodeDefault.xctoolchain\E\/.*], whitelistPatterns=[^\Q/Users/stevenlee/Downloads/Xcode.app/Contents/Developer/Platforms/iPhoneSimulator.platform/Developer/Library/Frameworks\E\/.*, ^\Q/Users/stevenlee/Downloads/Xcode.app/Contents/Developer/Platforms/iPhoneSimulator.platform/Developer/SDKs/iPhoneSimulator.sdk\E\/.*, ^\Q/Users/stevenlee/Downloads/Xcode.app/Contents/Developer/Toolchains/XcodeDefault.xctoolchain\E\/.*]}, flagMacros={SDKROOT=/Users/stevenlee/Downloads/Xcode.app/Contents/Developer/Platforms/iPhoneSimulator.platform/Developer/SDKs/iPhoneSimulator.sdk, PLATFORM_DIR=/Users/stevenlee/Downloads/Xcode.app/Contents/Developer/Platforms/iPhoneSimulator.platform, CURRENT_ARCH=x86_64, DEVELOPER_DIR=/Users/stevenlee/Downloads/Xcode.app/Contents/Developer}, publicHeadersSymlinksEnabled=true, privateHeadersSymlinksEnabled=true, picTypeForSharedLinking=PIC, conflictingHeaderBasenameWhitelist=[]}
[2019-04-22 10:44:44.664][warn ][command:0fc3d85c-1716-4140-a303-075b9cba0d39][tid:299][com.facebook.buck.event.listener.LoggingBuildListener] WARNING: /Users/stevenlee/Downloads/BuckTest 3/Pods/BUCK:425:12: glob's 'include' attribute is empty. Such calls are expensive and unnecessary. Please use an empty list ([]) instead.
[2019-04-22 10:44:44.732][debug][command:0fc3d85c-1716-4140-a303-075b9cba0d39][tid:14][com.facebook.buck.core.model.actiongraph.computation.ActionGraphProvider] Computing TargetGraph HashCode...
[2019-04-22 10:44:44.733][info ][command:0fc3d85c-1716-4140-a303-075b9cba0d39][tid:14][com.facebook.buck.core.model.actiongraph.computation.ActionGraphProvider] ActionGraph cache miss. Cache was empty.
[2019-04-22 10:44:44.733][debug][command:0fc3d85c-1716-4140-a303-075b9cba0d39][tid:14][com.facebook.buck.core.model.actiongraph.computation.SerialActionGraphFactory] start target graph walk
[2019-04-22 10:44:44.828][debug][command:0fc3d85c-1716-4140-a303-075b9cba0d39][tid:14][com.facebook.buck.apple.toolchain.impl.ProvisioningProfileStoreFactory] Provisioning profile search path: /Users/stevenlee/Library/MobileDevice/Provisioning Profiles
[2019-04-22 10:44:44.833][debug][command:0fc3d85c-1716-4140-a303-075b9cba0d39][tid:14][com.facebook.buck.core.model.actiongraph.computation.SerialActionGraphFactory] end target graph walk
[2019-04-22 10:44:44.833][info ][command:0fc3d85c-1716-4140-a303-075b9cba0d39][tid:14][com.facebook.buck.core.model.actiongraph.computation.ActionGraphProvider] ActionGraph cache assignment.
[2019-04-22 10:44:44.834][debug][command:0fc3d85c-1716-4140-a303-075b9cba0d39][tid:14][com.facebook.buck.core.build.engine.impl.MetadataChecker] Checking metadata_storage for /Users/stevenlee/Downloads/BuckTest 3
[2019-04-22 10:44:45.907][warn ][command:0fc3d85c-1716-4140-a303-075b9cba0d39][tid:316][com.facebook.buck.rules.keys.RuleKeyBuilder] Attempting to add absolute path to rule key. Only using file name: /usr/bin/codesign
[2019-04-22 10:44:45.915][debug][command:0fc3d85c-1716-4140-a303-075b9cba0d39][tid:306][com.facebook.buck.core.build.engine.cache.manager.BuildCacheArtifactFetcher] Cache miss for '//BuckTest:BuckTest#dwarf-and-dsym,no-include-frameworks' with rulekey '1169e213ad2b79e43a462cd766d2e15617ef40ff'
[2019-04-22 10:44:45.916][debug][command:0fc3d85c-1716-4140-a303-075b9cba0d39][tid:305][com.facebook.buck.core.build.engine.cache.manager.BuildCacheArtifactFetcher] Cache miss for '//BuckTest:AppBinary#apple-dsym,iphonesimulator-x86_64' with rulekey '3482d3cc75ca745735bd0a53f44c5c08fbf0f2af'
[2019-04-22 10:44:45.916][debug][command:0fc3d85c-1716-4140-a303-075b9cba0d39][tid:317][com.facebook.buck.core.build.engine.cache.manager.BuildCacheArtifactFetcher] Cache miss for '//BuckTest:AppBinary#apple-debuggable-binary,dwarf-and-dsym,iphonesimulator-x86_64' with rulekey 'f66303fd552b6b7e63ac26f556ab2a94786d9156'
[2019-04-22 10:44:45.916][debug][command:0fc3d85c-1716-4140-a303-075b9cba0d39][tid:308][com.facebook.buck.core.build.engine.cache.manager.BuildCacheArtifactFetcher] Cache miss for '//BuckTest:AppBinary#iphonesimulator-x86_64,strip-non-global,stripped' with rulekey '00381605c6aae50ee76ff4899b8561bf3a13885a'
[2019-04-22 10:44:45.919][debug][command:0fc3d85c-1716-4140-a303-075b9cba0d39][tid:308][com.facebook.buck.core.build.engine.cache.manager.BuildCacheArtifactFetcher] Cache miss for '//BuckTest:AppBinary#binary,iphonesimulator-x86_64' with rulekey 'f140de6534c1629142db0019f57bb2f356487f81'
[2019-04-22 10:44:47.364][debug][command:0fc3d85c-1716-4140-a303-075b9cba0d39][tid:317][com.facebook.buck.core.build.engine.cache.manager.BuildCacheArtifactFetcher] Cache miss for '//BuckTest:AppBinary#binary,iphonesimulator-x86_64' with rulekey '50e073035f6d75fe72cdabc5f6ddf95c2f5e9485'
[2019-04-22 10:44:47.364][debug][command:0fc3d85c-1716-4140-a303-075b9cba0d39][tid:317][com.facebook.buck.core.build.engine.impl.CachingBuildRuleBuilder] Building locally: //BuckTest:AppBinary#binary,iphonesimulator-x86_64
[2019-04-22 10:44:47.366][debug][command:0fc3d85c-1716-4140-a303-075b9cba0d39][tid:317][com.facebook.buck.cxx.CxxPrepareForLinkStep] Link command (pwd=/Users/stevenlee/Downloads/BuckTest 3): /Users/stevenlee/Downloads/Xcode.app/Contents/Developer/Toolchains/XcodeDefault.xctoolchain/usr/bin/clang++ -o buck-out/gen/BuckTest/AppBinary#iphonesimulator-x86_64 -Xlinker -map -Xlinker buck-out/gen/BuckTest/AppBinary#iphonesimulator-x86_64-LinkMap.txt -isysroot /Users/stevenlee/Downloads/Xcode.app/Contents/Developer/Platforms/iPhoneSimulator.platform/Developer/SDKs/iPhoneSimulator.sdk -arch x86_64 -mios-simulator-version-min=11.0 -iquote /Users/stevenlee/Downloads/BuckTest 3 -Wl,-sdk_version -Wl,12.1 -Wl,-ObjC -Xlinker -objc_abi_version -Xlinker 2 -fobjc-arc -fobjc-link-runtime -Xlinker -add_ast_path buck-out/gen/BuckTest/AppBinary#iphonesimulator-x86_64,swift-compile/AppBinary.swiftmodule buck-out/gen/BuckTest/AppBinary#iphonesimulator-x86_64,swift-compile/AppBinary.o -Xlinker -add_ast_path buck-out/gen/BuckTest/AppLibrary#apple-swift-compile,iphonesimulator-x86_64/AppLibrary.swiftmodule buck-out/gen/BuckTest/AppLibrary#iphonesimulator-x86_64,static/libAppLibrary.a -Xlinker -add_ast_path buck-out/gen/Pods/SwinjectStoryboard#apple-swift-compile,iphonesimulator-x86_64/SwinjectStoryboard.swiftmodule buck-out/gen/Pods/SwinjectStoryboard#iphonesimulator-x86_64,static/libSwinjectStoryboard.a -Xlinker -add_ast_path buck-out/gen/Pods/RxCocoa#apple-swift-compile,iphonesimulator-x86_64/RxCocoa.swiftmodule buck-out/gen/Pods/RxCocoa#iphonesimulator-x86_64,static/libRxCocoa.a -Xlinker -add_ast_path buck-out/gen/Pods/Validator#apple-swift-compile,iphonesimulator-x86_64/Validator.swiftmodule buck-out/gen/Pods/Validator#iphonesimulator-x86_64,static/libValidator.a -Xlinker -add_ast_path buck-out/gen/Pods/Swinject#apple-swift-compile,iphonesimulator-x86_64/Swinject.swiftmodule buck-out/gen/Pods/Swinject#iphonesimulator-x86_64,static/libSwinject.a -Xlinker -add_ast_path buck-out/gen/Pods/SwiftyRSA#apple-swift-compile,iphonesimulator-x86_64/SwiftyRSA.swiftmodule buck-out/gen/Pods/SwiftyRSA#iphonesimulator-x86_64,static/libSwiftyRSA.a -Xlinker -add_ast_path buck-out/gen/Pods/SwiftKeychainWrapper#apple-swift-compile,iphonesimulator-x86_64/SwiftKeychainWrapper.swiftmodule buck-out/gen/Pods/SwiftKeychainWrapper#iphonesimulator-x86_64,static/libSwiftKeychainWrapper.a -Xlinker -add_ast_path buck-out/gen/Pods/SkyFloatingLabelTextField#apple-swift-compile,iphonesimulator-x86_64/SkyFloatingLabelTextField.swiftmodule buck-out/gen/Pods/SkyFloatingLabelTextField#iphonesimulator-x86_64,static/libSkyFloatingLabelTextField.a -Xlinker -add_ast_path buck-out/gen/Pods/RxSwift#apple-swift-compile,iphonesimulator-x86_64/RxSwift.swiftmodule buck-out/gen/Pods/RxSwift#iphonesimulator-x86_64,static/libRxSwift.a -Xlinker -add_ast_path buck-out/gen/Pods/Mixpanel#apple-swift-compile,iphonesimulator-x86_64/Mixpanel.swiftmodule buck-out/gen/Pods/Mixpanel#iphonesimulator-x86_64,static/libMixpanel.a -Xlinker -add_ast_path buck-out/gen/Pods/Lottie#apple-swift-compile,iphonesimulator-x86_64/Lottie.swiftmodule buck-out/gen/Pods/Lottie#iphonesimulator-x86_64,static/libLottie.a -Xlinker -add_ast_path buck-out/gen/Pods/IQKeyboardManagerSwift#apple-swift-compile,iphonesimulator-x86_64/IQKeyboardManagerSwift.swiftmodule buck-out/gen/Pods/IQKeyboardManagerSwift#iphonesimulator-x86_64,static/libIQKeyboardManagerSwift.a -Xlinker -add_ast_path buck-out/gen/Pods/Hero#apple-swift-compile,iphonesimulator-x86_64/Hero.swiftmodule buck-out/gen/Pods/Hero#iphonesimulator-x86_64,static/libHero.a -Xlinker -add_ast_path buck-out/gen/Pods/CountryPickerSwift#apple-swift-compile,iphonesimulator-x86_64/CountryPicker.swiftmodule buck-out/gen/Pods/CountryPickerSwift#iphonesimulator-x86_64,static/libCountryPickerSwift.a -Xlinker -add_ast_path buck-out/gen/Pods/Armchair#apple-swift-compile,iphonesimulator-x86_64/Armchair.swiftmodule buck-out/gen/Pods/Armchair#iphonesimulator-x86_64,static/libArmchair.a -Xlinker -add_ast_path buck-out/gen/Pods/Alamofire#apple-swift-compile,iphonesimulator-x86_64/Alamofire.swiftmodule buck-out/gen/Pods/Alamofire#iphonesimulator-x86_64,static/libAlamofire.a -Xlinker -rpath -Xlinker @executable_path/Frameworks -Xlinker -rpath -Xlinker @loader_path/Frameworks -L /Users/stevenlee/Downloads/Xcode.app/Contents/Developer/Toolchains/XcodeDefault.xctoolchain/usr/lib/swift/iphonesimulator -rpath @loader_path/Frameworks -rpath @loader_path/Frameworks -rpath @loader_path/Frameworks -rpath @loader_path/Frameworks -rpath @loader_path/Frameworks -rpath @loader_path/Frameworks buck-out/gen/Pods/SVProgressHUD#iphonesimulator-x86_64,static/libSVProgressHUD.a -licucore -lxml2 -rpath @loader_path/Frameworks -rpath @loader_path/Frameworks buck-out/gen/Pods/IGListKit#iphonesimulator-x86_64,static/libIGListKit.a -rpath @loader_path/Frameworks -rpath @loader_path/Frameworks -rpath @loader_path/Frameworks -rpath @loader_path/Frameworks -F /Users/stevenlee/Downloads/BuckTest 3/buck-out/gen/Pods/Crashlytics -F /Users/stevenlee/Downloads/BuckTest 3/buck-out/gen/Pods/Fabric -F /Users/stevenlee/Downloads/BuckTest 3/buck-out/gen/Pods/Intercom -F /Users/stevenlee/Downloads/BuckTest 3/buck-out/gen/Pods/ZDCChat -F /Users/stevenlee/Downloads/BuckTest 3/buck-out/gen/Pods/ZDCChatAPI -F /Users/stevenlee/Downloads/BuckTest 3/buck-out/gen/Pods/ZendeskCoreSDK -F /Users/stevenlee/Downloads/Xcode.app/Contents/Developer/Platforms/iPhoneSimulator.platform/Developer/SDKs/iPhoneSimulator.sdk/System/Library/Frameworks -framework Accelerate -framework AssetsLibrary -framework AudioToolbox -framework CoreGraphics -framework CoreTelephony -framework Foundation -framework ImageIO -framework MessageUI -framework MobileCoreServices -framework Photos -framework QuartzCore -framework Security -framework SystemConfiguration -framework UIKit -framework WebKit -framework Crashlytics -framework Fabric -framework Intercom -framework ZDCChat -framework ZDCChatAPI -framework ZendeskCoreSDK -Xlinker -filelist -Xlinker /Users/stevenlee/Downloads/BuckTest 3/buck-out/bin/BuckTest/AppBinary#binary,iphonesimulator-x86_64/filelist.txt
[2019-04-22 10:44:47.369][debug][command:0fc3d85c-1716-4140-a303-075b9cba0d39][tid:317][com.facebook.buck.shell.ShellStep] Command: /Users/stevenlee/Downloads/Xcode.app/Contents/Developer/Toolchains/XcodeDefault.xctoolchain/usr/bin/clang++ @/Users/stevenlee/Downloads/BuckTest 3/buck-out/bin/BuckTest/AppBinary#binary,iphonesimulator-x86_64/linker.argsfile
[2019-04-22 10:44:47.369][debug][command:0fc3d85c-1716-4140-a303-075b9cba0d39][tid:317][com.facebook.buck.shell.ShellStep] Environment: PATH=/Users/stevenlee/.rvm/gems/ruby-2.6.2/bin:/Users/stevenlee/.rvm/gems/ruby-2.6.2@global/bin:/Users/stevenlee/.rvm/rubies/ruby-2.6.2/bin:/usr/local/bin:/usr/bin:/bin:/usr/sbin:/sbin:/Applications/Wireshark.app/Contents/MacOS:::/Users/stevenlee/.rvm/bin IRBRC=/Users/stevenlee/.rvm/rubies/ruby-2.6.2/.irbrc NAILGUN_TTY_2=1 NAILGUN_TTY_1=1 rvm_bin_path=/Users/stevenlee/.rvm/bin NAILGUN_TTY_0=1 BUCK_CLASSPATH=/Users/stevenlee/Downloads/BuckTest 3/.buckd/resources/ad23befe7c1a36c999860af0af69e726f1c8e423/buck_server MAKEFLAGS= TERM=xterm-256color NAILGUN_FILESEPARATOR=/ rvm_prefix=/Users/stevenlee BUCK_BUILD_ID=0fc3d85c-1716-4140-a303-075b9cba0d39 MFLAGS= LOGNAME=stevenlee rvm_version=1.29.7-next (master) XPC_SERVICE_NAME=0 PWD=/Users/stevenlee/Downloads/BuckTest 3 TERM_PROGRAM_VERSION=421.1.1 _=/usr/bin/make NAILGUN_PATHSEPARATOR=: SHELL=/bin/bash TERM_PROGRAM=Apple_Terminal MY_RUBY_HOME=/Users/stevenlee/.rvm/rubies/ruby-2.6.2 BUCK_PYTHON_SPACE_INIT_TIME=16 OLDPWD=/Users/stevenlee GEM_HOME=/Users/stevenlee/.rvm/gems/ruby-2.6.2 USER=stevenlee CLASSPATH=/Users/stevenlee/Downloads/BuckTest 3/.buckd/resources/ad23befe7c1a36c999860af0af69e726f1c8e423/bootstrapper_jar rvm_path=/Users/stevenlee/.rvm BUCK_TERM_COLUMNS=272 TMPDIR=/Users/stevenlee/Downloads/BuckTest 3/buck-out/bin/BuckTest/AppBinary#binary,iphonesimulator-x86_64 SSH_AUTH_SOCK=/private/tmp/com.apple.launchd.EdZ9FOr5h7/Listeners XPC_FLAGS=0x0 GEM_PATH=/Users/stevenlee/.rvm/gems/ruby-2.6.2:/Users/stevenlee/.rvm/gems/ruby-2.6.2@global RUBY_VERSION=ruby-2.6.2 TERM_SESSION_ID=EDBF40B0-FA62-40D8-9BE3-44177E48D367 BUCK_TTY=1 MAKELEVEL=1 __CF_USER_TEXT_ENCODING=0x1F6:0:2 Apple_PubSub_Socket_Render=/private/tmp/com.apple.launchd.vfl1hEs5OK/Render LC_CTYPE=UTF-8 SHLVL=1 HOME=/Users/stevenlee
[2019-04-22 10:44:48.291][warn ][command:0fc3d85c-1716-4140-a303-075b9cba0d39][tid:299][com.facebook.buck.event.listener.LoggingBuildListener] [31mduplicate symbol _main in:
[0m[31m    buck-out/gen/BuckTest/AppBinary#iphonesimulator-x86_64,swift-compile/AppBinary.o
[0m[31m    buck-out/gen/BuckTest/AppLibrary#iphonesimulator-x86_64,static/libAppLibrary.a(AppLibrary.o)
[0m[31mld: 1 duplicate symbol for architecture x86_64
[0m[31mclang: error: linker command failed with exit code 1 (use -v to see invocation)
[0m
[2019-04-22 10:44:48.291][debug][command:0fc3d85c-1716-4140-a303-075b9cba0d39][tid:317][com.facebook.buck.shell.ShellStep] [/Users/stevenlee/Downloads/Xcode.app/Contents/Developer/Toolchains/XcodeDefault.xctoolchain/usr/bin/clang++, @/Users/stevenlee/Downloads/BuckTest 3/buck-out/bin/BuckTest/AppBinary#binary,iphonesimulator-x86_64/linker.argsfile]: exit code: 1. os load (before, after): (1.780762, 1.780762). CPU count: 8.
stdout:

stderr:
[31mduplicate symbol _main in:
[0m[31m    buck-out/gen/BuckTest/AppBinary#iphonesimulator-x86_64,swift-compile/AppBinary.o
[0m[31m    buck-out/gen/BuckTest/AppLibrary#iphonesimulator-x86_64,static/libAppLibrary.a(AppLibrary.o)
[0m[31mld: 1 duplicate symbol for architecture x86_64
[0m[31mclang: error: linker command failed with exit code 1 (use -v to see invocation)
[0m

[2019-04-22 10:44:48.291][debug][command:0fc3d85c-1716-4140-a303-075b9cba0d39][tid:317][com.facebook.buck.core.build.engine.impl.CachingBuildRuleBuilder] Building rule [//BuckTest:AppBinary#binary,iphonesimulator-x86_64] failed.
com.facebook.buck.core.build.engine.impl.BuildRuleFailedException: com.facebook.buck.step.StepFailedException: Command failed with exit code 1.
stderr: [31mduplicate symbol _main in:
[0m[31m    buck-out/gen/BuckTest/AppBinary#iphonesimulator-x86_64,swift-compile/AppBinary.o
[0m[31m    buck-out/gen/BuckTest/AppLibrary#iphonesimulator-x86_64,static/libAppLibrary.a(AppLibrary.o)
[0m[31mld: 1 duplicate symbol for architecture x86_64
[0m[31mclang: error: linker command failed with exit code 1 (use -v to see invocation)
[0m
  When running <c++ link>.
	at com.facebook.buck.core.build.engine.impl.CachingBuildRuleBuilder.getFailedException(CachingBuildRuleBuilder.java:1223)
	at com.facebook.buck.core.build.engine.impl.CachingBuildRuleBuilder.lambda$build$2(CachingBuildRuleBuilder.java:386)
	at com.google.common.util.concurrent.AbstractCatchingFuture$AsyncCatchingFuture.doFallback(AbstractCatchingFuture.java:172)
	at com.google.common.util.concurrent.AbstractCatchingFuture$AsyncCatchingFuture.doFallback(AbstractCatchingFuture.java:159)
	at com.google.common.util.concurrent.AbstractCatchingFuture.run(AbstractCatchingFuture.java:112)
	at com.google.common.util.concurrent.MoreExecutors$DirectExecutor.execute(MoreExecutors.java:399)
	at com.google.common.util.concurrent.AbstractFuture.executeListener(AbstractFuture.java:1016)
	at com.google.common.util.concurrent.AbstractFuture.complete(AbstractFuture.java:867)
	at com.google.common.util.concurrent.AbstractFuture.setException(AbstractFuture.java:713)
	at com.google.common.util.concurrent.AbstractTransformFuture.run(AbstractTransformFuture.java:97)
	at com.google.common.util.concurrent.MoreExecutors$DirectExecutor.execute(MoreExecutors.java:399)
	at com.google.common.util.concurrent.AbstractFuture.executeListener(AbstractFuture.java:1016)
	at com.google.common.util.concurrent.AbstractFuture.complete(AbstractFuture.java:867)
	at com.google.common.util.concurrent.AbstractFuture.setException(AbstractFuture.java:713)
	at com.google.common.util.concurrent.AbstractTransformFuture.run(AbstractTransformFuture.java:97)
	at com.google.common.util.concurrent.MoreExecutors$DirectExecutor.execute(MoreExecutors.java:399)
	at com.google.common.util.concurrent.AbstractFuture.executeListener(AbstractFuture.java:1016)
	at com.google.common.util.concurrent.AbstractFuture.complete(AbstractFuture.java:867)
	at com.google.common.util.concurrent.AbstractFuture.setFuture(AbstractFuture.java:754)
	at com.google.common.util.concurrent.TrustedListenableFutureTask$TrustedFutureInterruptibleAsyncTask.afterRanInterruptibly(TrustedListenableFutureTask.java:170)
	at com.google.common.util.concurrent.TrustedListenableFutureTask$TrustedFutureInterruptibleAsyncTask.afterRanInterruptibly(TrustedListenableFutureTask.java:145)
	at com.google.common.util.concurrent.InterruptibleTask.run(InterruptibleTask.java:80)
	at com.google.common.util.concurrent.TrustedListenableFutureTask.run(TrustedListenableFutureTask.java:80)
	at com.facebook.buck.util.concurrent.WeightedListeningExecutorService.lambda$submit$2(WeightedListeningExecutorService.java:100)
	at com.facebook.buck.util.concurrent.WeightedListeningExecutorService.lambda$submitWithSemaphore$0(WeightedListeningExecutorService.java:74)
	at com.google.common.util.concurrent.AbstractTransformFuture$AsyncTransformFuture.doTransform(AbstractTransformFuture.java:206)
	at com.google.common.util.concurrent.AbstractTransformFuture$AsyncTransformFuture.doTransform(AbstractTransformFuture.java:195)
	at com.google.common.util.concurrent.AbstractTransformFuture.run(AbstractTransformFuture.java:115)
	at com.google.common.util.concurrent.MoreExecutors$5$1.run(MoreExecutors.java:999)
	at java.util.concurrent.ThreadPoolExecutor.runWorker(ThreadPoolExecutor.java:1149)
	at java.util.concurrent.ThreadPoolExecutor$Worker.run(ThreadPoolExecutor.java:624)
	at java.lang.Thread.run(Thread.java:748)
Caused by: com.facebook.buck.step.StepFailedException: Command failed with exit code 1.
stderr: [31mduplicate symbol _main in:
[0m[31m    buck-out/gen/BuckTest/AppBinary#iphonesimulator-x86_64,swift-compile/AppBinary.o
[0m[31m    buck-out/gen/BuckTest/AppLibrary#iphonesimulator-x86_64,static/libAppLibrary.a(AppLibrary.o)
[0m[31mld: 1 duplicate symbol for architecture x86_64
[0m[31mclang: error: linker command failed with exit code 1 (use -v to see invocation)
[0m
  When running <c++ link>.
	at com.facebook.buck.step.StepFailedException.createForFailingStepWithException(StepFailedException.java:57)
	at com.facebook.buck.step.StepFailedException.createForFailingStepWithExitCode(StepFailedException.java:51)
	at com.facebook.buck.step.DefaultStepRunner.runStepForBuildTarget(DefaultStepRunner.java:54)
	at com.facebook.buck.core.build.engine.impl.CachingBuildRuleBuilder$BuildRuleSteps.executeCommands(CachingBuildRuleBuilder.java:1449)
	at com.facebook.buck.core.build.engine.impl.CachingBuildRuleBuilder$BuildRuleSteps.runWithDefaultExecutor(CachingBuildRuleBuilder.java:1411)
	at com.facebook.buck.core.build.engine.impl.CachingBuildRuleBuilder$2.runWithDefaultBehavior(CachingBuildRuleBuilder.java:850)
	at com.google.common.util.concurrent.TrustedListenableFutureTask$TrustedFutureInterruptibleAsyncTask.runInterruptibly(TrustedListenableFutureTask.java:162)
	at com.google.common.util.concurrent.TrustedListenableFutureTask$TrustedFutureInterruptibleAsyncTask.runInterruptibly(TrustedListenableFutureTask.java:145)
	at com.google.common.util.concurrent.InterruptibleTask.run(InterruptibleTask.java:57)
	... 10 more
Caused by: com.facebook.buck.core.exceptions.HumanReadableException: Command failed with exit code 1.
stderr: [31mduplicate symbol _main in:
[0m[31m    buck-out/gen/BuckTest/AppBinary#iphonesimulator-x86_64,swift-compile/AppBinary.o
[0m[31m    buck-out/gen/BuckTest/AppLibrary#iphonesimulator-x86_64,static/libAppLibrary.a(AppLibrary.o)
[0m[31mld: 1 duplicate symbol for architecture x86_64
[0m[31mclang: error: linker command failed with exit code 1 (use -v to see invocation)
[0m
	at com.facebook.buck.step.StepFailedException.createForFailingStepWithExitCode(StepFailedException.java:52)
	... 17 more

[2019-04-22 10:44:48.293][info ][command:0fc3d85c-1716-4140-a303-075b9cba0d39][tid:299][com.facebook.buck.event.listener.LoggingBuildListener] Build finished at 2019-04-22 10:44:48.293
[2019-04-22 10:44:48.294][debug][command:0fc3d85c-1716-4140-a303-075b9cba0d39][tid:294][com.facebook.buck.util.perf.ProcessTracker] shutDown
[2019-04-22 10:44:48.294][debug][command:0fc3d85c-1716-4140-a303-075b9cba0d39][tid:293][com.google.common.util.concurrent.ServiceManager] Service PerfStatsTracking [TERMINATED] has terminated. Previous state was: STOPPING
[2019-04-22 10:44:48.294][debug][command:0fc3d85c-1716-4140-a303-075b9cba0d39][tid:14][com.facebook.buck.event.listener.RenderingConsole] Stopping render scheduler
[2019-04-22 10:44:48.296][debug][command:0fc3d85c-1716-4140-a303-075b9cba0d39][tid:294][com.google.common.util.concurrent.ServiceManager] Service ProcessTracker [TERMINATED] has terminated. Previous state was: STOPPING
[2019-04-22 10:44:48.296][info ][command:0fc3d85c-1716-4140-a303-075b9cba0d39][tid:14][com.facebook.buck.cli.Main] Awaiting termination of PROJECT executor service. Waiting for all jobs to complete, or up to maximum of 60 seconds...
[2019-04-22 10:44:48.296][info ][command:0fc3d85c-1716-4140-a303-075b9cba0d39][tid:14][com.facebook.buck.cli.Main] Successfully terminated PROJECT executor service.
[2019-04-22 10:44:48.296][info ][command:0fc3d85c-1716-4140-a303-075b9cba0d39][tid:14][com.facebook.buck.cli.Main] Awaiting termination of NETWORK executor service. Waiting for all jobs to complete, or up to maximum of 60 seconds...
[2019-04-22 10:44:48.296][info ][command:0fc3d85c-1716-4140-a303-075b9cba0d39][tid:14][com.facebook.buck.cli.Main] Successfully terminated NETWORK executor service.
[2019-04-22 10:44:48.296][info ][command:0fc3d85c-1716-4140-a303-075b9cba0d39][tid:14][com.facebook.buck.cli.Main] Awaiting termination of CPU executor service. Waiting for all jobs to complete, or up to maximum of 60 seconds...
[2019-04-22 10:44:48.296][info ][command:0fc3d85c-1716-4140-a303-075b9cba0d39][tid:14][com.facebook.buck.cli.Main] Successfully terminated CPU executor service.
[2019-04-22 10:44:48.296][info ][command:0fc3d85c-1716-4140-a303-075b9cba0d39][tid:14][com.facebook.buck.cli.Main] Awaiting termination of ScheduledExecutorService executor service. Waiting for all jobs to complete, or up to maximum of 60 seconds...
[2019-04-22 10:44:48.296][info ][command:0fc3d85c-1716-4140-a303-075b9cba0d39][tid:14][com.facebook.buck.cli.Main] Successfully terminated ScheduledExecutorService executor service.
[2019-04-22 10:44:48.296][info ][command:0fc3d85c-1716-4140-a303-075b9cba0d39][tid:14][com.facebook.buck.cli.Main] Awaiting termination of CounterAggregatorExecutor executor service. Waiting for all jobs to complete, or up to maximum of 20 seconds...
[2019-04-22 10:44:48.296][info ][command:0fc3d85c-1716-4140-a303-075b9cba0d39][tid:14][com.facebook.buck.cli.Main] Successfully terminated CounterAggregatorExecutor executor service.
[2019-04-22 10:44:48.296][info ][command:0fc3d85c-1716-4140-a303-075b9cba0d39][tid:14][com.facebook.buck.cli.Main] Awaiting termination of HTTP Read executor service. Waiting for all jobs to complete, or up to maximum of 1800 seconds...
[2019-04-22 10:44:48.296][info ][command:0fc3d85c-1716-4140-a303-075b9cba0d39][tid:14][com.facebook.buck.cli.Main] Successfully terminated HTTP Read executor service.
[2019-04-22 10:44:48.296][info ][command:0fc3d85c-1716-4140-a303-075b9cba0d39][tid:14][com.facebook.buck.cli.Main] Awaiting termination of Download Heavy Build HTTP Read executor service. Waiting for all jobs to complete, or up to maximum of 1800 seconds...
[2019-04-22 10:44:48.296][info ][command:0fc3d85c-1716-4140-a303-075b9cba0d39][tid:14][com.facebook.buck.cli.Main] Successfully terminated Download Heavy Build HTTP Read executor service.
[2019-04-22 10:44:48.296][info ][command:0fc3d85c-1716-4140-a303-075b9cba0d39][tid:14][com.facebook.buck.cli.Main] Awaiting termination of HTTP Write executor service. Waiting for all jobs to complete, or up to maximum of 1800 seconds...
[2019-04-22 10:44:48.296][info ][command:0fc3d85c-1716-4140-a303-075b9cba0d39][tid:14][com.facebook.buck.cli.Main] Successfully terminated HTTP Write executor service.
[2019-04-22 10:44:48.296][info ][command:0fc3d85c-1716-4140-a303-075b9cba0d39][tid:14][com.facebook.buck.cli.Main] Awaiting termination of Disk IO executor service. Waiting for all jobs to complete, or up to maximum of 10 seconds...
[2019-04-22 10:44:48.297][info ][command:0fc3d85c-1716-4140-a303-075b9cba0d39][tid:14][com.facebook.buck.cli.Main] Successfully terminated Disk IO executor service.
[2019-04-22 10:44:48.297][debug][command:null][tid:41][com.facebook.buck.io.AsynchronousDirectoryContentsCleaner] Starting to clean buck-out/.trash
[2019-04-22 10:44:48.297][debug][command:null][tid:41][com.facebook.buck.io.AsynchronousDirectoryContentsCleaner] Done cleaning buck-out/.trash
[2019-04-22 10:44:48.297][debug][command:null][tid:324][com.facebook.buck.event.listener.ChromeTraceBuildListener] Writing Chrome trace to buck-out/log/2019-04-22_02h44m44s_buildcommand_0fc3d85c-1716-4140-a303-075b9cba0d39/build.2019-04-22.10-44-44.0fc3d85c-1716-4140-a303-075b9cba0d39.trace
[2019-04-22 10:44:48.301][warn ][command:null][tid:14][com.facebook.buck.cli.Main] Command failed:
com.facebook.buck.command.Build$BuildExecutionException: com.facebook.buck.core.build.engine.impl.BuildRuleFailedException: com.facebook.buck.step.StepFailedException: Command failed with exit code 1.
stderr: [31mduplicate symbol _main in:
[0m[31m    buck-out/gen/BuckTest/AppBinary#iphonesimulator-x86_64,swift-compile/AppBinary.o
[0m[31m    buck-out/gen/BuckTest/AppLibrary#iphonesimulator-x86_64,static/libAppLibrary.a(AppLibrary.o)
[0m[31mld: 1 duplicate symbol for architecture x86_64
[0m[31mclang: error: linker command failed with exit code 1 (use -v to see invocation)
[0m
  When running <c++ link>.
	at com.facebook.buck.command.Build.waitForBuildToFinish(Build.java:323)
	at com.facebook.buck.command.Build.waitForBuildToFinishAndPrintFailuresToEventBus(Build.java:421)
	at com.facebook.buck.command.Build.executeAndPrintFailuresToEventBus(Build.java:144)
	at com.facebook.buck.command.LocalBuildExecutor.buildTargets(LocalBuildExecutor.java:148)
	at com.facebook.buck.cli.BuildCommand.executeLocalBuild(BuildCommand.java:761)
	at com.facebook.buck.cli.BuildCommand.executeBuildAndProcessResult(BuildCommand.java:458)
	at com.facebook.buck.cli.BuildCommand.run(BuildCommand.java:372)
	at com.facebook.buck.cli.BuildCommand.runWithoutHelp(BuildCommand.java:338)
	at com.facebook.buck.cli.AbstractCommand.run(AbstractCommand.java:242)
	at com.facebook.buck.cli.AbstractContainerCommand.run(AbstractContainerCommand.java:79)
	at com.facebook.buck.cli.Main.runMainWithExitCode(Main.java:1300)
	at com.facebook.buck.cli.Main.runMainThenExit(Main.java:464)
	at com.facebook.buck.cli.Main.nailMain(Main.java:2412)
	at sun.reflect.NativeMethodAccessorImpl.invoke0(Native Method)
	at sun.reflect.NativeMethodAccessorImpl.invoke(NativeMethodAccessorImpl.java:62)
	at sun.reflect.DelegatingMethodAccessorImpl.invoke(DelegatingMethodAccessorImpl.java:43)
	at java.lang.reflect.Method.invoke(Method.java:498)
	at com.facebook.nailgun.NGSession.runImpl(NGSession.java:313)
	at com.facebook.nailgun.NGSession.run(NGSession.java:199)
Caused by: com.facebook.buck.core.build.engine.impl.BuildRuleFailedException: com.facebook.buck.step.StepFailedException: Command failed with exit code 1.
stderr: [31mduplicate symbol _main in:
[0m[31m    buck-out/gen/BuckTest/AppBinary#iphonesimulator-x86_64,swift-compile/AppBinary.o
[0m[31m    buck-out/gen/BuckTest/AppLibrary#iphonesimulator-x86_64,static/libAppLibrary.a(AppLibrary.o)
[0m[31mld: 1 duplicate symbol for architecture x86_64
[0m[31mclang: error: linker command failed with exit code 1 (use -v to see invocation)
[0m
  When running <c++ link>.
	at com.facebook.buck.core.build.engine.impl.CachingBuildRuleBuilder.getFailedException(CachingBuildRuleBuilder.java:1223)
	at com.facebook.buck.core.build.engine.impl.CachingBuildRuleBuilder.lambda$build$2(CachingBuildRuleBuilder.java:386)
	at com.google.common.util.concurrent.AbstractCatchingFuture$AsyncCatchingFuture.doFallback(AbstractCatchingFuture.java:172)
	at com.google.common.util.concurrent.AbstractCatchingFuture$AsyncCatchingFuture.doFallback(AbstractCatchingFuture.java:159)
	at com.google.common.util.concurrent.AbstractCatchingFuture.run(AbstractCatchingFuture.java:112)
	at com.google.common.util.concurrent.MoreExecutors$DirectExecutor.execute(MoreExecutors.java:399)
	at com.google.common.util.concurrent.AbstractFuture.executeListener(AbstractFuture.java:1016)
	at com.google.common.util.concurrent.AbstractFuture.complete(AbstractFuture.java:867)
	at com.google.common.util.concurrent.AbstractFuture.setException(AbstractFuture.java:713)
	at com.google.common.util.concurrent.AbstractTransformFuture.run(AbstractTransformFuture.java:97)
	at com.google.common.util.concurrent.MoreExecutors$DirectExecutor.execute(MoreExecutors.java:399)
	at com.google.common.util.concurrent.AbstractFuture.executeListener(AbstractFuture.java:1016)
	at com.google.common.util.concurrent.AbstractFuture.complete(AbstractFuture.java:867)
	at com.google.common.util.concurrent.AbstractFuture.setException(AbstractFuture.java:713)
	at com.google.common.util.concurrent.AbstractTransformFuture.run(AbstractTransformFuture.java:97)
	at com.google.common.util.concurrent.MoreExecutors$DirectExecutor.execute(MoreExecutors.java:399)
	at com.google.common.util.concurrent.AbstractFuture.executeListener(AbstractFuture.java:1016)
	at com.google.common.util.concurrent.AbstractFuture.complete(AbstractFuture.java:867)
	at com.google.common.util.concurrent.AbstractFuture.setFuture(AbstractFuture.java:754)
	at com.google.common.util.concurrent.TrustedListenableFutureTask$TrustedFutureInterruptibleAsyncTask.afterRanInterruptibly(TrustedListenableFutureTask.java:170)
	at com.google.common.util.concurrent.TrustedListenableFutureTask$TrustedFutureInterruptibleAsyncTask.afterRanInterruptibly(TrustedListenableFutureTask.java:145)
	at com.google.common.util.concurrent.InterruptibleTask.run(InterruptibleTask.java:80)
	at com.google.common.util.concurrent.TrustedListenableFutureTask.run(TrustedListenableFutureTask.java:80)
	at com.facebook.buck.util.concurrent.WeightedListeningExecutorService.lambda$submit$2(WeightedListeningExecutorService.java:100)
	at com.facebook.buck.util.concurrent.WeightedListeningExecutorService.lambda$submitWithSemaphore$0(WeightedListeningExecutorService.java:74)
	at com.google.common.util.concurrent.AbstractTransformFuture$AsyncTransformFuture.doTransform(AbstractTransformFuture.java:206)
	at com.google.common.util.concurrent.AbstractTransformFuture$AsyncTransformFuture.doTransform(AbstractTransformFuture.java:195)
	at com.google.common.util.concurrent.AbstractTransformFuture.run(AbstractTransformFuture.java:115)
	at com.google.common.util.concurrent.MoreExecutors$5$1.run(MoreExecutors.java:999)
	at java.util.concurrent.ThreadPoolExecutor.runWorker(ThreadPoolExecutor.java:1149)
	at java.util.concurrent.ThreadPoolExecutor$Worker.run(ThreadPoolExecutor.java:624)
	at java.lang.Thread.run(Thread.java:748)
Caused by: com.facebook.buck.step.StepFailedException: Command failed with exit code 1.
stderr: [31mduplicate symbol _main in:
[0m[31m    buck-out/gen/BuckTest/AppBinary#iphonesimulator-x86_64,swift-compile/AppBinary.o
[0m[31m    buck-out/gen/BuckTest/AppLibrary#iphonesimulator-x86_64,static/libAppLibrary.a(AppLibrary.o)
[0m[31mld: 1 duplicate symbol for architecture x86_64
[0m[31mclang: error: linker command failed with exit code 1 (use -v to see invocation)
[0m
  When running <c++ link>.
	at com.facebook.buck.step.StepFailedException.createForFailingStepWithException(StepFailedException.java:57)
	at com.facebook.buck.step.StepFailedException.createForFailingStepWithExitCode(StepFailedException.java:51)
	at com.facebook.buck.step.DefaultStepRunner.runStepForBuildTarget(DefaultStepRunner.java:54)
	at com.facebook.buck.core.build.engine.impl.CachingBuildRuleBuilder$BuildRuleSteps.executeCommands(CachingBuildRuleBuilder.java:1449)
	at com.facebook.buck.core.build.engine.impl.CachingBuildRuleBuilder$BuildRuleSteps.runWithDefaultExecutor(CachingBuildRuleBuilder.java:1411)
	at com.facebook.buck.core.build.engine.impl.CachingBuildRuleBuilder$2.runWithDefaultBehavior(CachingBuildRuleBuilder.java:850)
	at com.google.common.util.concurrent.TrustedListenableFutureTask$TrustedFutureInterruptibleAsyncTask.runInterruptibly(TrustedListenableFutureTask.java:162)
	at com.google.common.util.concurrent.TrustedListenableFutureTask$TrustedFutureInterruptibleAsyncTask.runInterruptibly(TrustedListenableFutureTask.java:145)
	at com.google.common.util.concurrent.InterruptibleTask.run(InterruptibleTask.java:57)
	... 10 more
Caused by: com.facebook.buck.core.exceptions.HumanReadableException: Command failed with exit code 1.
stderr: [31mduplicate symbol _main in:
[0m[31m    buck-out/gen/BuckTest/AppBinary#iphonesimulator-x86_64,swift-compile/AppBinary.o
[0m[31m    buck-out/gen/BuckTest/AppLibrary#iphonesimulator-x86_64,static/libAppLibrary.a(AppLibrary.o)
[0m[31mld: 1 duplicate symbol for architecture x86_64
[0m[31mclang: error: linker command failed with exit code 1 (use -v to see invocation)
[0m
	at com.facebook.buck.step.StepFailedException.createForFailingStepWithExitCode(StepFailedException.java:52)
	... 17 more

[2019-04-22 10:44:48.301][warn ][command:null][tid:14][com.facebook.buck.util.Console] Command failure: Command failed with exit code 1.
stderr: [31mduplicate symbol _main in:
[0m[31m    buck-out/gen/BuckTest/AppBinary#iphonesimulator-x86_64,swift-compile/AppBinary.o
[0m[31m    buck-out/gen/BuckTest/AppLibrary#iphonesimulator-x86_64,static/libAppLibrary.a(AppLibrary.o)
[0m[31mld: 1 duplicate symbol for architecture x86_64
[0m[31mclang: error: linker command failed with exit code 1 (use -v to see invocation)
[0m
    When running <c++ link>.
    When building rule //BuckTest:AppBinary#binary,iphonesimulator-x86_64.
[2019-04-22 10:44:48.302][debug][command:null][tid:14][com.facebook.buck.cli.Main] Done.
[2019-04-22 10:44:48.302][info ][command:null][tid:14][com.facebook.nailgun.NGSession] Nail cleanly exited with status 1
[2019-04-22 10:44:48.302][debug][command:null][tid:14][com.facebook.nailgun.NGCommunicator] Shutting down socket for input
[2019-04-22 10:44:48.302][debug][command:null][tid:14][com.facebook.nailgun.NGCommunicator] Shutting down socket for output
[2019-04-22 10:44:48.302][debug][command:null][tid:14][com.facebook.nailgun.NGCommunicator] Shutting down read ExecutorService
[2019-04-22 10:44:48.302][debug][command:null][tid:286][com.facebook.nailgun.NGCommunicator] Socket is disconnected
[2019-04-22 10:44:48.302][debug][command:null][tid:286][com.facebook.nailgun.NGCommunicator] Nailgun client disconnected
[2019-04-22 10:44:48.302][debug][command:null][tid:286][com.facebook.nailgun.NGCommunicator] Orchestrator thread finished
[2019-04-22 10:44:48.302][debug][command:null][tid:14][com.facebook.nailgun.NGCommunicator] Shutting down orchestrator ExecutorService
[2019-04-22 10:44:48.303][debug][command:null][tid:14][com.facebook.nailgun.NGSession] NGSession 1 is closing client socket
[2019-04-22 10:48:33.567][debug][command:null][tid:14][com.facebook.nailgun.NGSession] NGSession 1 accepted new connection
[2019-04-22 10:48:33.569][debug][command:null][tid:326][com.facebook.nailgun.NGCommunicator] Orchestrator thread started
[2019-04-22 10:48:33.570][debug][command:null][tid:14][com.facebook.nailgun.NGCommunicator] Shutting down socket for input
[2019-04-22 10:48:33.570][debug][command:null][tid:14][com.facebook.nailgun.NGCommunicator] Shutting down socket for output
[2019-04-22 10:48:33.570][debug][command:null][tid:14][com.facebook.nailgun.NGCommunicator] Shutting down read ExecutorService
[2019-04-22 10:48:33.570][debug][command:null][tid:326][com.facebook.nailgun.NGCommunicator] Socket is disconnected
[2019-04-22 10:48:33.570][debug][command:null][tid:326][com.facebook.nailgun.NGCommunicator] Nailgun client disconnected
[2019-04-22 10:48:33.570][debug][command:null][tid:14][com.facebook.nailgun.NGCommunicator] Shutting down orchestrator ExecutorService
[2019-04-22 10:48:33.570][debug][command:null][tid:326][com.facebook.nailgun.NGCommunicator] Orchestrator thread finished
[2019-04-22 10:48:33.571][debug][command:null][tid:14][com.facebook.nailgun.NGSession] NGSession 1 is closing client socket
[2019-04-22 10:48:33.583][debug][command:null][tid:14][com.facebook.nailgun.NGSession] NGSession 1 accepted new connection
[2019-04-22 10:48:33.585][debug][command:null][tid:328][com.facebook.nailgun.NGCommunicator] Orchestrator thread started
[2019-04-22 10:48:33.586][debug][command:null][tid:14][com.facebook.buck.util.config.Configs] Loading configuration for /Users/stevenlee/Downloads/BuckTest 3
[2019-04-22 10:48:33.586][debug][command:null][tid:14][com.facebook.buck.util.config.Configs] Loaded project configuration file /Users/stevenlee/Downloads/BuckTest 3/.buckconfig
[2019-04-22 10:48:33.586][debug][command:null][tid:14][com.facebook.buck.util.config.Configs] Adding configuration overrides RawConfig{values={}}
[2019-04-22 10:48:33.589][debug][command:null][tid:14][com.facebook.buck.cli.Main] Rotating log.
