[2019-04-11 15:38:16.735][debug][command:null][tid:14][com.facebook.buck.cli.Main] Starting up (build date 1970-01-01 07:29:59 +0730, rev ad23befe7c1a36c999860af0af69e726f1c8e423), args: [build, //BuckTest:BuckTest]
[2019-04-11 15:38:16.740][debug][command:null][tid:14][com.facebook.buck.cli.Main] System properties: {java.vendor=Oracle Corporation, sun.java.launcher=SUN_STANDARD, sun.management.compiler=HotSpot 64-Bit Tiered Compilers, jnidispatch.path=/Users/stevenlee/Downloads/BuckTest 3/.buckd/tmp/buck_run.AzLW03/jna-1522160945/jna8454960487638627117.tmp, os.name=Mac OS X, buck.enable_objc=true, sun.boot.class.path=/Library/Java/JavaVirtualMachines/jdk1.8.0_201.jdk/Contents/Home/jre/lib/resources.jar:/Library/Java/JavaVirtualMachines/jdk1.8.0_201.jdk/Contents/Home/jre/lib/rt.jar:/Library/Java/JavaVirtualMachines/jdk1.8.0_201.jdk/Contents/Home/jre/lib/sunrsasign.jar:/Library/Java/JavaVirtualMachines/jdk1.8.0_201.jdk/Contents/Home/jre/lib/jsse.jar:/Library/Java/JavaVirtualMachines/jdk1.8.0_201.jdk/Contents/Home/jre/lib/jce.jar:/Library/Java/JavaVirtualMachines/jdk1.8.0_201.jdk/Contents/Home/jre/lib/charsets.jar:/Library/Java/JavaVirtualMachines/jdk1.8.0_201.jdk/Contents/Home/jre/lib/jfr.jar:/Library/Java/JavaVirtualMachines/jdk1.8.0_201.jdk/Contents/Home/jre/classes, user.country.format=SG, buck.module.resources=/Users/stevenlee/Downloads/BuckTest 3/.buckd/resources/ad23befe7c1a36c999860af0af69e726f1c8e423/buck-modules-resources, pf4j.pluginsDir=/Users/stevenlee/Downloads/BuckTest 3/.buckd/resources/ad23befe7c1a36c999860af0af69e726f1c8e423/buck-modules, buck.resource_lock_path=/Users/stevenlee/Downloads/BuckTest 3/.buckd/resources/ad23befe7c1a36c999860af0af69e726f1c8e423/.buck_lock, buck.path_to_isolated_trampoline=/Users/stevenlee/Downloads/BuckTest 3/.buckd/resources/ad23befe7c1a36c999860af0af69e726f1c8e423/path_to_isolated_trampoline, java.vm.specification.vendor=Oracle Corporation, java.runtime.version=1.8.0_201-b09, jna.loaded=true, buck.testrunner_classes=/Users/stevenlee/Downloads/BuckTest 3/.buckd/resources/ad23befe7c1a36c999860af0af69e726f1c8e423/testrunner_classes, buck.logging_config_file=/Users/stevenlee/Downloads/BuckTest 3/.buckd/resources/ad23befe7c1a36c999860af0af69e726f1c8e423/logging_config_file, buck.path_to_sh_binary_template=/Users/stevenlee/Downloads/BuckTest 3/.buckd/resources/ad23befe7c1a36c999860af0af69e726f1c8e423/path_to_sh_binary_template, user.name=stevenlee, com.facebook.nailgun.NGServer.outputPath=/Users/stevenlee/Downloads/BuckTest 3/.buckd/tmp/buck_run.AzLW03/ngserver-out, buck.path_to_pywatchman=/Users/stevenlee/Downloads/BuckTest 3/.buckd/resources/ad23befe7c1a36c999860af0af69e726f1c8e423/path_to_pywatchman, buck.report_generator_jar=/Users/stevenlee/Downloads/BuckTest 3/.buckd/resources/ad23befe7c1a36c999860af0af69e726f1c8e423/report_generator_jar, buck.git_commit=ad23befe7c1a36c999860af0af69e726f1c8e423, user.language=en, sun.boot.library.path=/Library/Java/JavaVirtualMachines/jdk1.8.0_201.jdk/Contents/Home/jre/lib, jna.nosys=true, java.version=1.8.0_201, user.timezone=Asia/Singapore, buck.test_util_no_tests_dir=true, sun.arch.data.model=64, http.nonProxyHosts=local|*.local|169.254/16|*.169.254/16, java.endorsed.dirs=/Library/Java/JavaVirtualMachines/jdk1.8.0_201.jdk/Contents/Home/jre/lib/endorsed, sun.cpu.isalist=, sun.jnu.encoding=UTF-8, file.encoding.pkg=sun.io, file.separator=/, java.specification.name=Java Platform API Specification, buck.jacoco_agent_jar=/Users/stevenlee/Downloads/BuckTest 3/.buckd/resources/ad23befe7c1a36c999860af0af69e726f1c8e423/jacoco_agent_jar, java.class.version=52.0, user.country=GB, buck.binary_hash=dbcee53f32f7fa760cef191b77064a13, java.home=/Library/Java/JavaVirtualMachines/jdk1.8.0_201.jdk/Contents/Home/jre, buck.fix_script=/Users/stevenlee/Downloads/BuckTest 3/.buckd/resources/ad23befe7c1a36c999860af0af69e726f1c8e423/fix_script, java.vm.info=mixed mode, os.version=10.14.4, buck.version_uid=ad23befe7c1a36c999860af0af69e726f1c8e423, org.eclipse.jetty.util.log.class=org.eclipse.jetty.util.log.JavaUtilLog, path.separator=:, java.vm.version=25.201-b09, java.awt.printerjob=sun.lwawt.macosx.CPrinterJob, sun.io.unicode.encoding=UnicodeBig, awt.toolkit=sun.lwawt.macosx.LWCToolkit, buck.mode=package, buck.buck_build_type_info=/Users/stevenlee/Downloads/BuckTest 3/.buckd/resources/ad23befe7c1a36c999860af0af69e726f1c8e423/buck_build_type_info, socksNonProxyHosts=local|*.local|169.254/16|*.169.254/16, ftp.nonProxyHosts=local|*.local|169.254/16|*.169.254/16, buck.dx=/Users/stevenlee/Downloads/BuckTest 3/.buckd/resources/ad23befe7c1a36c999860af0af69e726f1c8e423/dx, buck.git_commit_timestamp=-1, user.home=/Users/stevenlee, java.specification.vendor=Oracle Corporation, buck.git_dirty=0, java.library.path=/Users/stevenlee/Downloads/BuckTest 3/.buckd/resources/ad23befe7c1a36c999860af0af69e726f1c8e423, java.vendor.url=http://java.oracle.com/, java.vm.vendor=Oracle Corporation, gopherProxySet=false, java.runtime.name=Java(TM) SE Runtime Environment, sun.java.command=com.facebook.buck.cli.bootstrapper.ClassLoaderBootstrapper com.facebook.buck.cli.Main$DaemonBootstrap local:.buckd/sock 180000, java.class.path=/Users/stevenlee/Downloads/BuckTest 3/.buckd/resources/ad23befe7c1a36c999860af0af69e726f1c8e423/bootstrapper_jar, buck.buckd_dir=/Users/stevenlee/Downloads/BuckTest 3/.buckd, buck.path_to_pathlib_py=/Users/stevenlee/Downloads/BuckTest 3/.buckd/resources/ad23befe7c1a36c999860af0af69e726f1c8e423/pathlib.py, buck.buckd_launch_time_nanos=158044577246401, java.vm.specification.name=Java Virtual Machine Specification, java.vm.specification.version=1.8, sun.cpu.endian=little, sun.os.patch.level=unknown, java.awt.headless=true, java.io.tmpdir=/Users/stevenlee/Downloads/BuckTest 3/.buckd/tmp/buck_run.AzLW03, buck.android_agent_path=/Users/stevenlee/Downloads/BuckTest 3/.buckd/resources/ad23befe7c1a36c999860af0af69e726f1c8e423/android_agent_path, java.vendor.url.bug=http://bugreport.sun.com/bugreport/, buck.path_to_python_dsl=, jna.platform.library.path=/usr/lib:/usr/lib, os.arch=x86_64, java.awt.graphicsenv=sun.awt.CGraphicsEnvironment, java.ext.dirs=/Users/stevenlee/Library/Java/Extensions:/Library/Java/JavaVirtualMachines/jdk1.8.0_201.jdk/Contents/Home/jre/lib/ext:/Library/Java/Extensions:/Network/Library/Java/Extensions:/System/Library/Java/Extensions:/usr/lib/java, java.util.logging.config.class=com.facebook.buck.cli.bootstrapper.LogConfig, buck.path_to_six_py=/Users/stevenlee/Downloads/BuckTest 3/.buckd/resources/ad23befe7c1a36c999860af0af69e726f1c8e423/six.py, user.dir=/Users/stevenlee/Downloads/BuckTest 3, java.nio.file.spi.DefaultFileSystemProvider=com.facebook.buck.cli.bootstrapper.filesystem.BuckFileSystemProvider, line.separator=
, java.vm.name=Java HotSpot(TM) 64-Bit Server VM, buck.path_to_typing=/Users/stevenlee/Downloads/BuckTest 3/.buckd/resources/ad23befe7c1a36c999860af0af69e726f1c8e423/path_to_typing, buck.native_exopackage_fake_path=/Users/stevenlee/Downloads/BuckTest 3/.buckd/resources/ad23befe7c1a36c999860af0af69e726f1c8e423/native_exopackage_fake_path, file.encoding=UTF-8, java.specification.version=1.8}
[2019-04-11 15:38:16.740][debug][command:null][tid:14][com.facebook.buck.util.config.Configs] Loading configuration for /Users/stevenlee/Downloads/BuckTest 3
[2019-04-11 15:38:16.741][debug][command:null][tid:14][com.facebook.buck.util.config.Configs] Loaded project configuration file /Users/stevenlee/Downloads/BuckTest 3/.buckconfig
[2019-04-11 15:38:16.741][debug][command:null][tid:14][com.facebook.buck.util.config.Configs] Adding configuration overrides RawConfig{values={}}
[2019-04-11 15:38:16.742][info ][command:null][tid:14][com.facebook.buck.io.watchman.WatchmanFactory] Creating for: [/Users/stevenlee/Downloads/BuckTest 3]
[2019-04-11 15:38:16.742][debug][command:null][tid:14][com.facebook.buck.io.ExecutableFinder] Executable 'watchman' mapped to 'Optional[/usr/local/bin/watchman]'
[2019-04-11 15:38:16.742][debug][command:null][tid:14][com.facebook.buck.util.ListeningProcessExecutor] Launching process with params ProcessExecutorParams{command=[/usr/local/bin/watchman, --output-encoding=bser, get-sockname]}
[2019-04-11 15:38:16.743][debug][command:null][tid:14][com.facebook.buck.util.ListeningProcessExecutor] Successfully launched process com.zaxxer.nuprocess.osx.OsxProcess@842e240
[2019-04-11 15:38:16.743][debug][command:null][tid:14][com.facebook.buck.util.ListeningProcessExecutor] Waiting for process com.facebook.buck.util.ListeningProcessExecutor$LaunchedProcessImpl@5eafec35 timeout 1000000000 NANOSECONDS
[2019-04-11 15:38:16.758][debug][command:null][tid:14][com.facebook.buck.util.ListeningProcessExecutor] Wait for process returned 0
[2019-04-11 15:38:16.758][debug][command:null][tid:14][com.facebook.buck.io.watchman.WatchmanFactory] Waited 14 ms for Watchman command get-sockname, exit code 0
[2019-04-11 15:38:16.758][debug][command:null][tid:14][com.facebook.buck.io.watchman.WatchmanFactory] stdout of command: {sockname=/usr/local/var/run/watchman/stevenlee-state/sock, version=4.9.0}
[2019-04-11 15:38:16.758][info ][command:null][tid:14][com.facebook.buck.io.watchman.WatchmanFactory] Connecting to Watchman version 4.9.0 at /usr/local/var/run/watchman/stevenlee-state/sock
[2019-04-11 15:38:16.759][debug][command:null][tid:14][com.facebook.buck.io.watchman.WatchmanTransportClient] Query [version, {required=[cmd-watch-project], optional=[term-dirname, cmd-watch-project, wildmatch, wildmatch_multislash, glob_generator, clock-sync-timeout]}] returned in 0 ms
[2019-04-11 15:38:16.759][info ][command:null][tid:14][com.facebook.buck.io.watchman.WatchmanFactory] Took 0 ms to query capabilities {term-dirname=DIRNAME, cmd-watch-project=SUPPORTS_PROJECT_WATCH, wildmatch=WILDMATCH_GLOB, wildmatch_multislash=WILDMATCH_MULTISLASH, glob_generator=GLOB_GENERATOR, clock-sync-timeout=CLOCK_SYNC_TIMEOUT}
[2019-04-11 15:38:16.759][debug][command:null][tid:14][com.facebook.buck.io.watchman.WatchmanFactory] Got capabilities response: {clock-sync-timeout=true, glob_generator=true, wildmatch_multislash=false, cmd-watch-project=true, wildmatch=true, term-dirname=true}
[2019-04-11 15:38:16.759][debug][command:null][tid:14][com.facebook.buck.io.watchman.WatchmanFactory] Got Watchman capabilities: [CLOCK_SYNC_TIMEOUT, GLOB_GENERATOR, SUPPORTS_PROJECT_WATCH, WILDMATCH_GLOB, DIRNAME]
[2019-04-11 15:38:16.759][info ][command:null][tid:14][com.facebook.buck.io.watchman.WatchmanFactory] Adding watchman root: /Users/stevenlee/Downloads/BuckTest 3
[2019-04-11 15:38:16.759][debug][command:null][tid:14][com.facebook.buck.io.watchman.WatchmanTransportClient] Query [watch-project, /Users/stevenlee/Downloads/BuckTest 3] returned in 0 ms
[2019-04-11 15:38:16.760][debug][command:null][tid:14][com.facebook.buck.io.watchman.WatchmanTransportClient] Query [watch-project, /Users/stevenlee/Downloads/BuckTest 3] returned in 0 ms
[2019-04-11 15:38:16.760][info ][command:null][tid:14][com.facebook.buck.io.watchman.WatchmanFactory] Took 0 ms to add root /Users/stevenlee/Downloads/BuckTest 3
[2019-04-11 15:38:16.763][debug][command:null][tid:14][com.facebook.buck.io.watchman.WatchmanTransportClient] Query [clock, /Users/stevenlee/Downloads/BuckTest 3, {sync_timeout=100}] returned in 2 ms
[2019-04-11 15:38:16.763][info ][command:null][tid:14][com.facebook.buck.io.watchman.WatchmanFactory] Took 2 ms to query for initial clock id Optional[c:1554802630:396:1:5687]
[2019-04-11 15:38:16.763][debug][command:null][tid:14][com.facebook.buck.io.watchman.WatchmanFactory] Connected to Watchman
[2019-04-11 15:38:16.763][debug][command:null][tid:14][com.facebook.buck.io.watchman.WatchmanTransportClient] Closing Watchman transport.
[2019-04-11 15:38:16.763][debug][command:null][tid:14][com.facebook.buck.cli.Main] Watchman capabilities: [CLOCK_SYNC_TIMEOUT, GLOB_GENERATOR, SUPPORTS_PROJECT_WATCH, WILDMATCH_GLOB, DIRNAME] Project watches: {/Users/stevenlee/Downloads/BuckTest 3=ProjectWatch{watchRoot=/Users/stevenlee/Downloads/BuckTest 3}} Glob handler config: PYTHON Query timeout ms config: Optional.empty
[2019-04-11 15:38:16.775][debug][command:null][tid:14][com.facebook.buck.apple.toolchain.impl.AppleToolchainDiscovery] Searching for Xcode toolchains under /Users/stevenlee/Downloads/Xcode.app/Contents/Developer/Toolchains
[2019-04-11 15:38:16.775][debug][command:null][tid:14][com.facebook.buck.apple.toolchain.impl.AppleToolchainDiscovery] Searching for Xcode toolchains in /Users/stevenlee/Downloads/Xcode.app/Contents/Developer/Toolchains
[2019-04-11 15:38:16.775][debug][command:null][tid:14][com.facebook.buck.apple.toolchain.impl.AppleToolchainDiscovery] Getting identifier for for Xcode toolchain under /Users/stevenlee/Downloads/Xcode.app/Contents/Developer/Toolchains/XcodeDefault.xctoolchain
[2019-04-11 15:38:16.775][debug][command:null][tid:14][com.facebook.buck.apple.toolchain.impl.AppleToolchainDiscovery] Mapped SDK identifier com.apple.dt.toolchain.XcodeDefault to path /Users/stevenlee/Downloads/Xcode.app/Contents/Developer/Toolchains/XcodeDefault.xctoolchain
[2019-04-11 15:38:16.775][debug][command:null][tid:14][com.facebook.buck.apple.toolchain.impl.AppleSdkDiscovery] Searching for Xcode platforms under /Users/stevenlee/Downloads/Xcode.app/Contents/Developer/Platforms
[2019-04-11 15:38:16.775][debug][command:null][tid:14][com.facebook.buck.apple.toolchain.impl.AppleSdkDiscovery] Searching for Xcode SDKs in /Users/stevenlee/Downloads/Xcode.app/Contents/Developer/Platforms
[2019-04-11 15:38:16.775][debug][command:null][tid:14][com.facebook.buck.apple.toolchain.impl.AppleSdkDiscovery] Fetching SDK name for /Users/stevenlee/Downloads/Xcode.app/Contents/Developer/Platforms/AppleTVOS.platform/Developer/SDKs/AppleTVOS12.1.sdk
[2019-04-11 15:38:16.776][debug][command:null][tid:14][com.facebook.buck.apple.toolchain.impl.AppleSdkDiscovery] Found SDK AppleSdk{name=appletvos12.1, version=12.1, applePlatform=ApplePlatform{name=appletvos, provisioningProfileName=tvOS, architectures=[arm64], minVersionFlagPrefix=-mtvos-version-min=, appIncludesFrameworks=false}, architectures=[arm64], toolchains=[AppleToolchain{identifier=com.apple.dt.toolchain.XcodeDefault, path=/Users/stevenlee/Downloads/Xcode.app/Contents/Developer/Toolchains/XcodeDefault.xctoolchain}]}
[2019-04-11 15:38:16.776][debug][command:null][tid:14][com.facebook.buck.apple.toolchain.impl.AppleSdkDiscovery] Fetching SDK name for /Users/stevenlee/Downloads/Xcode.app/Contents/Developer/Platforms/AppleTVOS.platform/Developer/SDKs/AppleTVOS.sdk
[2019-04-11 15:38:16.776][debug][command:null][tid:14][com.facebook.buck.apple.toolchain.impl.AppleSdkDiscovery] Skipping already scanned SDK directory /Users/stevenlee/Downloads/Xcode.app/Contents/Developer/Platforms/AppleTVOS.platform/Developer/SDKs/AppleTVOS.sdk
[2019-04-11 15:38:16.776][debug][command:null][tid:14][com.facebook.buck.apple.toolchain.impl.AppleSdkDiscovery] Fetching SDK name for /Users/stevenlee/Downloads/Xcode.app/Contents/Developer/Platforms/iPhoneOS.platform/Developer/SDKs/iPhoneOS.sdk
[2019-04-11 15:38:16.776][debug][command:null][tid:14][com.facebook.buck.apple.toolchain.impl.AppleSdkDiscovery] Found SDK AppleSdk{name=iphoneos12.1, version=12.1, applePlatform=ApplePlatform{name=iphoneos, swiftName=ios, provisioningProfileName=iOS, architectures=[armv7, arm64], minVersionFlagPrefix=-mios-version-min=, stubBinaryPath=Library/Application Support/WatchKit/WK, appIncludesFrameworks=false}, architectures=[armv7, arm64], toolchains=[AppleToolchain{identifier=com.apple.dt.toolchain.XcodeDefault, path=/Users/stevenlee/Downloads/Xcode.app/Contents/Developer/Toolchains/XcodeDefault.xctoolchain}]}
[2019-04-11 15:38:16.776][debug][command:null][tid:14][com.facebook.buck.apple.toolchain.impl.AppleSdkDiscovery] Fetching SDK name for /Users/stevenlee/Downloads/Xcode.app/Contents/Developer/Platforms/iPhoneOS.platform/Developer/SDKs/iPhoneOS12.1.sdk
[2019-04-11 15:38:16.777][debug][command:null][tid:14][com.facebook.buck.apple.toolchain.impl.AppleSdkDiscovery] Skipping already scanned SDK directory /Users/stevenlee/Downloads/Xcode.app/Contents/Developer/Platforms/iPhoneOS.platform/Developer/SDKs/iPhoneOS.sdk
[2019-04-11 15:38:16.777][debug][command:null][tid:14][com.facebook.buck.apple.toolchain.impl.AppleSdkDiscovery] Fetching SDK name for /Users/stevenlee/Downloads/Xcode.app/Contents/Developer/Platforms/WatchOS.platform/Developer/SDKs/WatchOS.sdk
[2019-04-11 15:38:16.777][debug][command:null][tid:14][com.facebook.buck.apple.toolchain.impl.AppleSdkDiscovery] Found SDK AppleSdk{name=watchos5.1, version=5.1, applePlatform=ApplePlatform{name=watchos, provisioningProfileName=iOS, architectures=[armv7k, arm64_32], minVersionFlagPrefix=-mwatchos-version-min=, stubBinaryPath=Library/Application Support/WatchKit/WK, appIncludesFrameworks=false}, architectures=[armv7k, arm64_32], toolchains=[AppleToolchain{identifier=com.apple.dt.toolchain.XcodeDefault, path=/Users/stevenlee/Downloads/Xcode.app/Contents/Developer/Toolchains/XcodeDefault.xctoolchain}]}
[2019-04-11 15:38:16.777][debug][command:null][tid:14][com.facebook.buck.apple.toolchain.impl.AppleSdkDiscovery] Fetching SDK name for /Users/stevenlee/Downloads/Xcode.app/Contents/Developer/Platforms/WatchOS.platform/Developer/SDKs/WatchOS5.1.sdk
[2019-04-11 15:38:16.777][debug][command:null][tid:14][com.facebook.buck.apple.toolchain.impl.AppleSdkDiscovery] Skipping already scanned SDK directory /Users/stevenlee/Downloads/Xcode.app/Contents/Developer/Platforms/WatchOS.platform/Developer/SDKs/WatchOS.sdk
[2019-04-11 15:38:16.777][debug][command:null][tid:14][com.facebook.buck.apple.toolchain.impl.AppleSdkDiscovery] Fetching SDK name for /Users/stevenlee/Downloads/Xcode.app/Contents/Developer/Platforms/MacOSX.platform/Developer/SDKs/MacOSX10.14.sdk
[2019-04-11 15:38:16.777][debug][command:null][tid:14][com.facebook.buck.apple.toolchain.impl.AppleSdkDiscovery] Found SDK AppleSdk{name=macosx10.14, version=10.14, applePlatform=ApplePlatform{name=macosx, architectures=[i386, x86_64], minVersionFlagPrefix=-mmacosx-version-min=, appIncludesFrameworks=true}, architectures=[i386, x86_64], toolchains=[AppleToolchain{identifier=com.apple.dt.toolchain.XcodeDefault, path=/Users/stevenlee/Downloads/Xcode.app/Contents/Developer/Toolchains/XcodeDefault.xctoolchain}]}
[2019-04-11 15:38:16.778][debug][command:null][tid:14][com.facebook.buck.apple.toolchain.impl.AppleSdkDiscovery] Fetching SDK name for /Users/stevenlee/Downloads/Xcode.app/Contents/Developer/Platforms/MacOSX.platform/Developer/SDKs/MacOSX.sdk
[2019-04-11 15:38:16.778][debug][command:null][tid:14][com.facebook.buck.apple.toolchain.impl.AppleSdkDiscovery] Skipping already scanned SDK directory /Users/stevenlee/Downloads/Xcode.app/Contents/Developer/Platforms/MacOSX.platform/Developer/SDKs/MacOSX.sdk
[2019-04-11 15:38:16.778][debug][command:null][tid:14][com.facebook.buck.apple.toolchain.impl.AppleSdkDiscovery] Fetching SDK name for /Users/stevenlee/Downloads/Xcode.app/Contents/Developer/Platforms/WatchSimulator.platform/Developer/SDKs/WatchSimulator.sdk
[2019-04-11 15:38:16.778][debug][command:null][tid:14][com.facebook.buck.apple.toolchain.impl.AppleSdkDiscovery] Found SDK AppleSdk{name=watchsimulator5.1, version=5.1, applePlatform=ApplePlatform{name=watchsimulator, architectures=[i386, x86_64], minVersionFlagPrefix=-mwatchos-simulator-version-min=, stubBinaryPath=Library/Application Support/WatchKit/WK, appIncludesFrameworks=false}, architectures=[i386, x86_64], toolchains=[AppleToolchain{identifier=com.apple.dt.toolchain.XcodeDefault, path=/Users/stevenlee/Downloads/Xcode.app/Contents/Developer/Toolchains/XcodeDefault.xctoolchain}]}
[2019-04-11 15:38:16.778][debug][command:null][tid:14][com.facebook.buck.apple.toolchain.impl.AppleSdkDiscovery] Fetching SDK name for /Users/stevenlee/Downloads/Xcode.app/Contents/Developer/Platforms/WatchSimulator.platform/Developer/SDKs/WatchSimulator5.1.sdk
[2019-04-11 15:38:16.778][debug][command:null][tid:14][com.facebook.buck.apple.toolchain.impl.AppleSdkDiscovery] Skipping already scanned SDK directory /Users/stevenlee/Downloads/Xcode.app/Contents/Developer/Platforms/WatchSimulator.platform/Developer/SDKs/WatchSimulator.sdk
[2019-04-11 15:38:16.778][debug][command:null][tid:14][com.facebook.buck.apple.toolchain.impl.AppleSdkDiscovery] Fetching SDK name for /Users/stevenlee/Downloads/Xcode.app/Contents/Developer/Platforms/AppleTVSimulator.platform/Developer/SDKs/AppleTVSimulator.sdk
[2019-04-11 15:38:16.779][debug][command:null][tid:14][com.facebook.buck.apple.toolchain.impl.AppleSdkDiscovery] Found SDK AppleSdk{name=appletvsimulator12.1, version=12.1, applePlatform=ApplePlatform{name=appletvsimulator, swiftName=tvos, architectures=[x86_64], minVersionFlagPrefix=-mtvos-simulator-version-min=, appIncludesFrameworks=false}, architectures=[x86_64], toolchains=[AppleToolchain{identifier=com.apple.dt.toolchain.XcodeDefault, path=/Users/stevenlee/Downloads/Xcode.app/Contents/Developer/Toolchains/XcodeDefault.xctoolchain}]}
[2019-04-11 15:38:16.779][debug][command:null][tid:14][com.facebook.buck.apple.toolchain.impl.AppleSdkDiscovery] Fetching SDK name for /Users/stevenlee/Downloads/Xcode.app/Contents/Developer/Platforms/AppleTVSimulator.platform/Developer/SDKs/AppleTVSimulator12.1.sdk
[2019-04-11 15:38:16.779][debug][command:null][tid:14][com.facebook.buck.apple.toolchain.impl.AppleSdkDiscovery] Skipping already scanned SDK directory /Users/stevenlee/Downloads/Xcode.app/Contents/Developer/Platforms/AppleTVSimulator.platform/Developer/SDKs/AppleTVSimulator.sdk
[2019-04-11 15:38:16.779][debug][command:null][tid:14][com.facebook.buck.apple.toolchain.impl.AppleSdkDiscovery] Fetching SDK name for /Users/stevenlee/Downloads/Xcode.app/Contents/Developer/Platforms/iPhoneSimulator.platform/Developer/SDKs/iPhoneSimulator.sdk
[2019-04-11 15:38:16.779][debug][command:null][tid:14][com.facebook.buck.apple.toolchain.impl.AppleSdkDiscovery] Found SDK AppleSdk{name=iphonesimulator12.1, version=12.1, applePlatform=ApplePlatform{name=iphonesimulator, swiftName=ios, architectures=[i386, x86_64], minVersionFlagPrefix=-mios-simulator-version-min=, stubBinaryPath=Library/Application Support/WatchKit/WK, appIncludesFrameworks=false}, architectures=[i386, x86_64], toolchains=[AppleToolchain{identifier=com.apple.dt.toolchain.XcodeDefault, path=/Users/stevenlee/Downloads/Xcode.app/Contents/Developer/Toolchains/XcodeDefault.xctoolchain}]}
[2019-04-11 15:38:16.780][debug][command:null][tid:14][com.facebook.buck.apple.toolchain.impl.AppleSdkDiscovery] Fetching SDK name for /Users/stevenlee/Downloads/Xcode.app/Contents/Developer/Platforms/iPhoneSimulator.platform/Developer/SDKs/iPhoneSimulator12.1.sdk
[2019-04-11 15:38:16.780][debug][command:null][tid:14][com.facebook.buck.apple.toolchain.impl.AppleSdkDiscovery] Skipping already scanned SDK directory /Users/stevenlee/Downloads/Xcode.app/Contents/Developer/Platforms/iPhoneSimulator.platform/Developer/SDKs/iPhoneSimulator.sdk
[2019-04-11 15:38:16.780][warn ][command:null][tid:14][com.facebook.buck.core.toolchain.impl.DefaultToolchainProvider] Cannot create a toolchain: android-ndk-location. Cause: Android NDK could not be found. Make sure to set one of these  environment variables: ANDROID_NDK_REPOSITORY, ANDROID_NDK, or NDK_HOME or ndk.ndk_path or ndk.ndk_repository_path in your .buckconfig
[2019-04-11 15:38:16.782][debug][command:b5e22b4c-f8e7-465e-9d0d-c0ce9ef50015][tid:14][com.facebook.buck.event.listener.RenderingConsole] Starting render scheduler (interval 100 ms)
[2019-04-11 15:38:16.782][debug][command:b5e22b4c-f8e7-465e-9d0d-c0ce9ef50015][tid:14][com.google.common.util.concurrent.ServiceManager] Starting PerfStatsTracking [STARTING].
[2019-04-11 15:38:16.783][debug][command:b5e22b4c-f8e7-465e-9d0d-c0ce9ef50015][tid:14][com.google.common.util.concurrent.ServiceManager] Starting ProcessTracker [STARTING].
[2019-04-11 15:38:16.783][debug][command:b5e22b4c-f8e7-465e-9d0d-c0ce9ef50015][tid:14][com.facebook.buck.util.environment.MacWifiSsidFinder] Getting current SSID..
[2019-04-11 15:38:16.783][debug][command:null][tid:1414][com.facebook.buck.util.perf.ProcessTracker] startUp
[2019-04-11 15:38:16.783][debug][command:null][tid:1413][com.google.common.util.concurrent.ServiceManager] Started PerfStatsTracking [RUNNING] in 763.7 Î¼s.
[2019-04-11 15:38:16.785][debug][command:null][tid:1414][com.google.common.util.concurrent.ServiceManager] Started ProcessTracker [RUNNING] in 2.351 ms.
[2019-04-11 15:38:16.785][debug][command:b5e22b4c-f8e7-465e-9d0d-c0ce9ef50015][tid:14][com.facebook.buck.util.environment.MacWifiSsidFinder] Getting SSID from Wi-Fi interface: <CWInterface: 0x7ff4a3865430> [interfaceName=en0]
[2019-04-11 15:38:16.785][debug][command:b5e22b4c-f8e7-465e-9d0d-c0ce9ef50015][tid:14][com.facebook.buck.util.environment.MacWifiSsidFinder] No SSID found for interface <CWInterface: 0x7ff4a3865430> [interfaceName=en0].
[2019-04-11 15:38:16.785][debug][command:b5e22b4c-f8e7-465e-9d0d-c0ce9ef50015][tid:14][com.facebook.buck.cli.Main] InvocationInfo BuildId=[b5e22b4c-f8e7-465e-9d0d-c0ce9ef50015] Args=[build, //BuckTest:BuckTest]
[2019-04-11 15:38:16.787][warn ][command:null][tid:1417][com.facebook.buck.event.listener.PublicAnnouncementManager] Failed to get public announcements. Reason: Failed to establish connection to server.
[2019-04-11 15:38:16.787][debug][command:null][tid:1418][com.facebook.buck.util.environment.MacNetworkConfiguration] Determine network service order and extract device names
[2019-04-11 15:38:16.787][debug][command:null][tid:1418][com.facebook.buck.util.ListeningProcessExecutor] Launching process with params ProcessExecutorParams{command=[networksetup, -listnetworkserviceorder, ]}
[2019-04-11 15:38:16.788][debug][command:null][tid:1418][com.facebook.buck.util.ListeningProcessExecutor] Successfully launched process com.zaxxer.nuprocess.osx.OsxProcess@7aef16d2
[2019-04-11 15:38:16.789][debug][command:null][tid:1418][com.facebook.buck.util.ListeningProcessExecutor] Waiting for process com.facebook.buck.util.ListeningProcessExecutor$LaunchedProcessImpl@60418198 timeout 1000 MILLISECONDS
[2019-04-11 15:38:16.795][debug][command:null][tid:1422][com.facebook.buck.io.watchman.WatchmanTransportClient] Query [query, /Users/stevenlee/Downloads/BuckTest 3, {since=c:1554802630:396:1:5596, expression=[not, [anyof, [type, d], [dirname, .idea], [dirname, .buckd], [dirname, buck-out/cache], [dirname, tools], [dirname, .git], [dirname, buck-out/.trash], [dirname, buck-out], [match, [build], wholename, {includedotfiles=true}], [match, **/*.pbxproj, wholename, {includedotfiles=true}], [match, **/*.xcscheme, wholename, {includedotfiles=true}], [match, **/*.xcworkspacedata, wholename, {includedotfiles=true}], [match, **/*~, wholename, {includedotfiles=true}], [match, **/#*#, wholename, {includedotfiles=true}], [match, **/.#*, wholename, {includedotfiles=true}], [match, **/*.swo, wholename, {includedotfiles=true}], [match, **/*.swp, wholename, {includedotfiles=true}], [match, **/*.swpx, wholename, {includedotfiles=true}], [match, **/*.un~, wholename, {includedotfiles=true}], [match, **/*.netrhwist, wholename, {includedotfiles=true}], [match, .idea, wholename, {includedotfiles=true}], [match, .iml, wholename, {includedotfiles=true}], [match, **/*.pydevproject, wholename, {includedotfiles=true}], [match, .project, wholename, {includedotfiles=true}], [match, .metadata, wholename, {includedotfiles=true}], [match, **/*.tmp, wholename, {includedotfiles=true}], [match, **/*.bak, wholename, {includedotfiles=true}], [match, **/*.nib, wholename, {includedotfiles=true}], [match, .classpath, wholename, {includedotfiles=true}], [match, .settings, wholename, {includedotfiles=true}], [match, .loadpath, wholename, {includedotfiles=true}], [match, .externalToolBuilders, wholename, {includedotfiles=true}], [match, .cproject, wholename, {includedotfiles=true}], [match, .buildpath, wholename, {includedotfiles=true}], [match, .DS_Store, wholename, {includedotfiles=true}], [match, .AppleDouble, wholename, {includedotfiles=true}], [match, .LSOverride, wholename, {includedotfiles=true}], [match, .Spotlight-V100, wholename, {includedotfiles=true}], [match, .Trashes, wholename, {includedotfiles=true}], [match, $RECYCLE.BIN, wholename, {includedotfiles=true}], [match, **/*.sublime-workspace, wholename, {includedotfiles=true}]]], empty_on_fresh_instance=true, fields=[name, exists, new]}] returned in 5 ms
[2019-04-11 15:38:16.795][debug][command:null][tid:1422][com.facebook.buck.io.watchman.WatchmanWatcher] Updating Watchman Cursor from c:1554802630:396:1:5596 to c:1554802630:396:1:5689
[2019-04-11 15:38:16.795][warn ][command:null][tid:1422][com.facebook.buck.io.watchman.WatchmanWatcher] Posting WatchEvent: WatchmanPathEvent{cellPath=/Users/stevenlee/Downloads/BuckTest 3, kind=MODIFY, path=Pods/BUCK}
[2019-04-11 15:38:16.795][debug][command:null][tid:1422][com.facebook.buck.parser.DaemonicCellState] Invalidating target for path /Users/stevenlee/Downloads/BuckTest 3/Pods/BUCK: //Pods:leveldbLibrary
[2019-04-11 15:38:16.795][debug][command:null][tid:1422][com.facebook.buck.parser.DaemonicCellState] Invalidating target for path /Users/stevenlee/Downloads/BuckTest 3/Pods/BUCK: //Pods:FirebaseCore
[2019-04-11 15:38:16.795][debug][command:null][tid:1422][com.facebook.buck.parser.DaemonicCellState] Invalidating target for path /Users/stevenlee/Downloads/BuckTest 3/Pods/BUCK: //Pods:GoogleUtilities
[2019-04-11 15:38:16.795][debug][command:null][tid:1422][com.facebook.buck.parser.DaemonicCellState] Invalidating target for path /Users/stevenlee/Downloads/BuckTest 3/Pods/BUCK: //Pods:Alamofire
[2019-04-11 15:38:16.795][debug][command:null][tid:1422][com.facebook.buck.parser.DaemonicCellState] Invalidating target for path /Users/stevenlee/Downloads/BuckTest 3/Pods/BUCK: //Pods:IGListKit
[2019-04-11 15:38:16.795][debug][command:null][tid:1422][com.facebook.buck.parser.DaemonicCellState] Invalidating target for path /Users/stevenlee/Downloads/BuckTest 3/Pods/BUCK: //Pods:FirebaseDatabase
[2019-04-11 15:38:16.795][debug][command:null][tid:1422][com.facebook.buck.parser.DaemonicCellState] Invalidating target for path /Users/stevenlee/Downloads/BuckTest 3/Pods/BUCK: //Pods:FirebaseAuthInterop
[2019-04-11 15:38:16.795][warn ][command:null][tid:1422][com.facebook.buck.io.watchman.WatchmanWatcher] Posting WatchEvent: WatchmanPathEvent{cellPath=/Users/stevenlee/Downloads/BuckTest 3, kind=MODIFY, path=Pods/FirebaseAuthInterop/Interop/.DS_Store}
[2019-04-11 15:38:16.795][warn ][command:null][tid:1422][com.facebook.buck.io.watchman.WatchmanWatcher] Posting WatchEvent: WatchmanPathEvent{cellPath=/Users/stevenlee/Downloads/BuckTest 3, kind=MODIFY, path=Pods/FirebaseAuthInterop/.DS_Store}
[2019-04-11 15:38:16.796][warn ][command:null][tid:1422][com.facebook.buck.io.watchman.WatchmanWatcher] Posting WatchEvent: WatchmanPathEvent{cellPath=/Users/stevenlee/Downloads/BuckTest 3, kind=MODIFY, path=Pods/.DS_Store}
[2019-04-11 15:38:16.796][debug][command:null][tid:1422][com.facebook.buck.io.watchman.WatchmanWatcher] Posted 4 Watchman events.
[2019-04-11 15:38:16.796][debug][command:null][tid:1422][com.facebook.buck.io.watchman.WatchmanTransportClient] Closing Watchman transport.
[2019-04-11 15:38:16.797][info ][command:b5e22b4c-f8e7-465e-9d0d-c0ce9ef50015][tid:1419][com.facebook.buck.event.listener.LoggingBuildListener] Build started at 2019-04-11 15:38:16.797
[2019-04-11 15:38:16.799][debug][command:b5e22b4c-f8e7-465e-9d0d-c0ce9ef50015][tid:1425][com.facebook.buck.io.ExecutableFinder] Executable 'python2' mapped to 'Optional[/usr/local/bin/python2]'
[2019-04-11 15:38:16.800][debug][command:b5e22b4c-f8e7-465e-9d0d-c0ce9ef50015][tid:1425][com.facebook.buck.parser.BuckPythonProgram] Writing python rules stub to /Users/stevenlee/Downloads/BuckTest 3/.buckd/tmp/buck_run.AzLW03/buck_python_program5492272931901815858.
[2019-04-11 15:38:16.815][debug][command:b5e22b4c-f8e7-465e-9d0d-c0ce9ef50015][tid:1425][com.facebook.buck.parser.BuckPythonProgram] Created temporary buck.py instance at /Users/stevenlee/Downloads/BuckTest 3/.buckd/tmp/buck_run.AzLW03/buck_python_program5492272931901815858.
[2019-04-11 15:38:16.817][debug][command:b5e22b4c-f8e7-465e-9d0d-c0ce9ef50015][tid:1425][com.facebook.buck.parser.PythonDslProjectBuildFileParser] Starting buck.py command: [/usr/local/bin/python2, -u, /Users/stevenlee/Downloads/BuckTest 3/.buckd/tmp/buck_run.AzLW03/buck_python_program5492272931901815858/__main__.py, --allow_empty_globs, --watchman_glob_stat_results, --watchman_use_glob_generator, --watchman_socket_path, /usr/local/var/run/watchman/stevenlee-state/sock, --project_root, /Users/stevenlee/Downloads/BuckTest 3, --cell_name, , --build_file_name, BUCK, --quiet, --config, /Users/stevenlee/Downloads/BuckTest 3/.buckd/tmp/buck_run.AzLW03/raw_config3029709603990951273.json, --ignore_paths, /Users/stevenlee/Downloads/BuckTest 3/.buckd/tmp/buck_run.AzLW03/ignore_paths523468581631579468.json, --warn_about_deprecated_syntax] environment: Optional[{BUCK_TTY=1, MFLAGS=, TERM_SESSION_ID=B7F867FC-6086-443D-86C9-B9216F788C9B, HOME=/Users/stevenlee, XPC_SERVICE_NAME=0, Apple_PubSub_Socket_Render=/private/tmp/com.apple.launchd.N5oPspERQh/Render, NAILGUN_FILESEPARATOR=/, BUCK_PYTHON_SPACE_INIT_TIME=13, LOGNAME=stevenlee, BUCK_BUILD_ID=b5e22b4c-f8e7-465e-9d0d-c0ce9ef50015, TMPDIR=/var/folders/3q/crrbqtbs2vs_j7z2zzqj4g240000gp/T/, USER=stevenlee, SHELL=/bin/bash, TERM_PROGRAM_VERSION=421.1.1, PWD=/Users/stevenlee/Downloads/BuckTest 3, XPC_FLAGS=0x0, BUCK_TERM_COLUMNS=204, MAKELEVEL=1, LC_CTYPE=UTF-8, TERM_PROGRAM=Apple_Terminal, __CF_USER_TEXT_ENCODING=0x1F6:0:2, SHLVL=1, NAILGUN_TTY_2=1, BUCK_CLASSPATH=/Users/stevenlee/Downloads/BuckTest 3/.buckd/resources/ad23befe7c1a36c999860af0af69e726f1c8e423/buck_server, CLASSPATH=/Users/stevenlee/Downloads/BuckTest 3/.buckd/resources/ad23befe7c1a36c999860af0af69e726f1c8e423/bootstrapper_jar, NAILGUN_TTY_1=1, NAILGUN_TTY_0=1, MAKEFLAGS=, NAILGUN_PATHSEPARATOR=:, PATH=/usr/local/bin:/usr/bin:/bin:/usr/sbin:/sbin:/Applications/Wireshark.app/Contents/MacOS::, TERM=xterm-256color, OLDPWD=/Users/stevenlee/Documents/projects/Bolt2.0, _=/usr/bin/make, SSH_AUTH_SOCK=/private/tmp/com.apple.launchd.xtBSbF1Zl8/Listeners, PYTHONHASHSEED=7}]
[2019-04-11 15:38:16.820][debug][command:b5e22b4c-f8e7-465e-9d0d-c0ce9ef50015][tid:1425][com.facebook.buck.parser.PythonDslProjectBuildFileParser] Started process com.facebook.buck.util.ProcessExecutor$LaunchedProcessImpl@9d69a40 successfully
[2019-04-11 15:38:16.826][debug][command:null][tid:1418][com.facebook.buck.util.ListeningProcessExecutor] Wait for process returned 0
[2019-04-11 15:38:16.827][debug][command:null][tid:1418][com.facebook.buck.util.ListeningProcessExecutor] Destroying process com.facebook.buck.util.ListeningProcessExecutor$LaunchedProcessImpl@60418198 (force true)
[2019-04-11 15:38:16.827][debug][command:null][tid:1418][com.facebook.buck.util.environment.MacNetworkConfiguration] Determine active state of media for device
[2019-04-11 15:38:16.827][debug][command:null][tid:1418][com.facebook.buck.util.ListeningProcessExecutor] Launching process with params ProcessExecutorParams{command=[networksetup, -getMedia, en7]}
[2019-04-11 15:38:16.828][debug][command:null][tid:1418][com.facebook.buck.util.ListeningProcessExecutor] Successfully launched process com.zaxxer.nuprocess.osx.OsxProcess@76e1f61c
[2019-04-11 15:38:16.828][debug][command:null][tid:1418][com.facebook.buck.util.ListeningProcessExecutor] Waiting for process com.facebook.buck.util.ListeningProcessExecutor$LaunchedProcessImpl@426bd269 timeout 1000 MILLISECONDS
[2019-04-11 15:38:16.863][debug][command:null][tid:1418][com.facebook.buck.util.ListeningProcessExecutor] Wait for process returned 0
[2019-04-11 15:38:16.863][debug][command:null][tid:1418][com.facebook.buck.util.ListeningProcessExecutor] Destroying process com.facebook.buck.util.ListeningProcessExecutor$LaunchedProcessImpl@426bd269 (force true)
[2019-04-11 15:38:16.863][debug][command:null][tid:1418][com.facebook.buck.util.environment.MacNetworkConfiguration] Determine WiFi SSID of device
[2019-04-11 15:38:16.863][debug][command:null][tid:1418][com.facebook.buck.util.ListeningProcessExecutor] Launching process with params ProcessExecutorParams{command=[networksetup, -getairportnetwork, en7]}
[2019-04-11 15:38:16.864][debug][command:null][tid:1418][com.facebook.buck.util.ListeningProcessExecutor] Successfully launched process com.zaxxer.nuprocess.osx.OsxProcess@7b422d28
[2019-04-11 15:38:16.865][debug][command:null][tid:1418][com.facebook.buck.util.ListeningProcessExecutor] Waiting for process com.facebook.buck.util.ListeningProcessExecutor$LaunchedProcessImpl@4f23f99 timeout 1000 MILLISECONDS
[2019-04-11 15:38:16.897][debug][command:null][tid:1418][com.facebook.buck.util.ListeningProcessExecutor] Wait for process returned 10
[2019-04-11 15:38:16.897][debug][command:null][tid:1418][com.facebook.buck.util.ListeningProcessExecutor] Destroying process com.facebook.buck.util.ListeningProcessExecutor$LaunchedProcessImpl@4f23f99 (force true)
[2019-04-11 15:38:17.193][debug][command:b5e22b4c-f8e7-465e-9d0d-c0ce9ef50015][tid:1431][com.facebook.buck.apple.toolchain.impl.AppleCxxPlatforms] SDK AppleSdk{name=appletvos12.1, version=12.1, applePlatform=ApplePlatform{name=appletvos, provisioningProfileName=tvOS, architectures=[arm64], minVersionFlagPrefix=-mtvos-version-min=, appIncludesFrameworks=false}, architectures=[arm64], toolchains=[AppleToolchain{identifier=com.apple.dt.toolchain.XcodeDefault, path=/Users/stevenlee/Downloads/Xcode.app/Contents/Developer/Toolchains/XcodeDefault.xctoolchain}]} using default version 12.1
[2019-04-11 15:38:17.195][debug][command:b5e22b4c-f8e7-465e-9d0d-c0ce9ef50015][tid:1431][com.facebook.buck.apple.toolchain.impl.AppleCxxPlatforms] Xcode build version is: 10B61
[2019-04-11 15:38:17.198][debug][command:b5e22b4c-f8e7-465e-9d0d-c0ce9ef50015][tid:1431][com.facebook.buck.apple.toolchain.impl.AppleCxxPlatforms] Apple toolchain path: /Users/stevenlee/Downloads/Xcode.app/Contents/Developer/Toolchains/XcodeDefault.xctoolchain
[2019-04-11 15:38:17.198][debug][command:b5e22b4c-f8e7-465e-9d0d-c0ce9ef50015][tid:1431][com.facebook.buck.apple.toolchain.impl.AppleCxxPlatforms] Headers verification platform whitelist: [^\Q/Users/stevenlee/Downloads/Xcode.app/Contents/Developer/Platforms/AppleTVOS.platform/Developer/Library/Frameworks\E\/.*, ^\Q/Users/stevenlee/Downloads/Xcode.app/Contents/Developer/Platforms/AppleTVOS.platform/Developer/SDKs/AppleTVOS.sdk\E\/.*, ^\Q/Users/stevenlee/Downloads/Xcode.app/Contents/Developer/Toolchains/XcodeDefault.xctoolchain\E\/.*]
[2019-04-11 15:38:17.199][debug][command:b5e22b4c-f8e7-465e-9d0d-c0ce9ef50015][tid:1431][com.facebook.buck.apple.toolchain.impl.AppleCxxPlatforms] SDK AppleSdk{name=iphoneos12.1, version=12.1, applePlatform=ApplePlatform{name=iphoneos, swiftName=ios, provisioningProfileName=iOS, architectures=[armv7, arm64], minVersionFlagPrefix=-mios-version-min=, stubBinaryPath=Library/Application Support/WatchKit/WK, appIncludesFrameworks=false}, architectures=[armv7, arm64], toolchains=[AppleToolchain{identifier=com.apple.dt.toolchain.XcodeDefault, path=/Users/stevenlee/Downloads/Xcode.app/Contents/Developer/Toolchains/XcodeDefault.xctoolchain}]} using default version 11.0
[2019-04-11 15:38:17.200][debug][command:b5e22b4c-f8e7-465e-9d0d-c0ce9ef50015][tid:1431][com.facebook.buck.apple.toolchain.impl.AppleCxxPlatforms] Xcode build version is: 10B61
[2019-04-11 15:38:17.201][debug][command:b5e22b4c-f8e7-465e-9d0d-c0ce9ef50015][tid:1431][com.facebook.buck.apple.toolchain.impl.AppleCxxPlatforms] Apple toolchain path: /Users/stevenlee/Downloads/Xcode.app/Contents/Developer/Toolchains/XcodeDefault.xctoolchain
[2019-04-11 15:38:17.202][debug][command:b5e22b4c-f8e7-465e-9d0d-c0ce9ef50015][tid:1431][com.facebook.buck.apple.toolchain.impl.AppleCxxPlatforms] Headers verification platform whitelist: [^\Q/Users/stevenlee/Downloads/Xcode.app/Contents/Developer/Platforms/iPhoneOS.platform/Developer/Library/Frameworks\E\/.*, ^\Q/Users/stevenlee/Downloads/Xcode.app/Contents/Developer/Platforms/iPhoneOS.platform/Developer/SDKs/iPhoneOS.sdk\E\/.*, ^\Q/Users/stevenlee/Downloads/Xcode.app/Contents/Developer/Toolchains/XcodeDefault.xctoolchain\E\/.*]
[2019-04-11 15:38:17.203][debug][command:b5e22b4c-f8e7-465e-9d0d-c0ce9ef50015][tid:1431][com.facebook.buck.apple.toolchain.impl.AppleCxxPlatforms] Xcode build version is: 10B61
[2019-04-11 15:38:17.204][debug][command:b5e22b4c-f8e7-465e-9d0d-c0ce9ef50015][tid:1431][com.facebook.buck.apple.toolchain.impl.AppleCxxPlatforms] Apple toolchain path: /Users/stevenlee/Downloads/Xcode.app/Contents/Developer/Toolchains/XcodeDefault.xctoolchain
[2019-04-11 15:38:17.204][debug][command:b5e22b4c-f8e7-465e-9d0d-c0ce9ef50015][tid:1431][com.facebook.buck.apple.toolchain.impl.AppleCxxPlatforms] Headers verification platform whitelist: [^\Q/Users/stevenlee/Downloads/Xcode.app/Contents/Developer/Platforms/iPhoneOS.platform/Developer/Library/Frameworks\E\/.*, ^\Q/Users/stevenlee/Downloads/Xcode.app/Contents/Developer/Platforms/iPhoneOS.platform/Developer/SDKs/iPhoneOS.sdk\E\/.*, ^\Q/Users/stevenlee/Downloads/Xcode.app/Contents/Developer/Toolchains/XcodeDefault.xctoolchain\E\/.*]
[2019-04-11 15:38:17.205][debug][command:b5e22b4c-f8e7-465e-9d0d-c0ce9ef50015][tid:1431][com.facebook.buck.apple.toolchain.impl.AppleCxxPlatforms] SDK AppleSdk{name=watchos5.1, version=5.1, applePlatform=ApplePlatform{name=watchos, provisioningProfileName=iOS, architectures=[armv7k, arm64_32], minVersionFlagPrefix=-mwatchos-version-min=, stubBinaryPath=Library/Application Support/WatchKit/WK, appIncludesFrameworks=false}, architectures=[armv7k, arm64_32], toolchains=[AppleToolchain{identifier=com.apple.dt.toolchain.XcodeDefault, path=/Users/stevenlee/Downloads/Xcode.app/Contents/Developer/Toolchains/XcodeDefault.xctoolchain}]} using default version 5.1
[2019-04-11 15:38:17.206][debug][command:b5e22b4c-f8e7-465e-9d0d-c0ce9ef50015][tid:1431][com.facebook.buck.apple.toolchain.impl.AppleCxxPlatforms] Xcode build version is: 10B61
[2019-04-11 15:38:17.207][debug][command:b5e22b4c-f8e7-465e-9d0d-c0ce9ef50015][tid:1431][com.facebook.buck.apple.toolchain.impl.AppleCxxPlatforms] Apple toolchain path: /Users/stevenlee/Downloads/Xcode.app/Contents/Developer/Toolchains/XcodeDefault.xctoolchain
[2019-04-11 15:38:17.207][debug][command:b5e22b4c-f8e7-465e-9d0d-c0ce9ef50015][tid:1431][com.facebook.buck.apple.toolchain.impl.AppleCxxPlatforms] Headers verification platform whitelist: [^\Q/Users/stevenlee/Downloads/Xcode.app/Contents/Developer/Platforms/WatchOS.platform/Developer/Library/Frameworks\E\/.*, ^\Q/Users/stevenlee/Downloads/Xcode.app/Contents/Developer/Platforms/WatchOS.platform/Developer/SDKs/WatchOS.sdk\E\/.*, ^\Q/Users/stevenlee/Downloads/Xcode.app/Contents/Developer/Toolchains/XcodeDefault.xctoolchain\E\/.*]
[2019-04-11 15:38:17.209][debug][command:b5e22b4c-f8e7-465e-9d0d-c0ce9ef50015][tid:1431][com.facebook.buck.apple.toolchain.impl.AppleCxxPlatforms] Xcode build version is: 10B61
[2019-04-11 15:38:17.210][debug][command:b5e22b4c-f8e7-465e-9d0d-c0ce9ef50015][tid:1431][com.facebook.buck.apple.toolchain.impl.AppleCxxPlatforms] Apple toolchain path: /Users/stevenlee/Downloads/Xcode.app/Contents/Developer/Toolchains/XcodeDefault.xctoolchain
[2019-04-11 15:38:17.210][debug][command:b5e22b4c-f8e7-465e-9d0d-c0ce9ef50015][tid:1431][com.facebook.buck.apple.toolchain.impl.AppleCxxPlatforms] Headers verification platform whitelist: [^\Q/Users/stevenlee/Downloads/Xcode.app/Contents/Developer/Platforms/WatchOS.platform/Developer/Library/Frameworks\E\/.*, ^\Q/Users/stevenlee/Downloads/Xcode.app/Contents/Developer/Platforms/WatchOS.platform/Developer/SDKs/WatchOS.sdk\E\/.*, ^\Q/Users/stevenlee/Downloads/Xcode.app/Contents/Developer/Toolchains/XcodeDefault.xctoolchain\E\/.*]
[2019-04-11 15:38:17.210][debug][command:b5e22b4c-f8e7-465e-9d0d-c0ce9ef50015][tid:1431][com.facebook.buck.apple.toolchain.impl.AppleCxxPlatforms] SDK AppleSdk{name=macosx10.14, version=10.14, applePlatform=ApplePlatform{name=macosx, architectures=[i386, x86_64], minVersionFlagPrefix=-mmacosx-version-min=, appIncludesFrameworks=true}, architectures=[i386, x86_64], toolchains=[AppleToolchain{identifier=com.apple.dt.toolchain.XcodeDefault, path=/Users/stevenlee/Downloads/Xcode.app/Contents/Developer/Toolchains/XcodeDefault.xctoolchain}]} using default version 10.14
[2019-04-11 15:38:17.211][debug][command:b5e22b4c-f8e7-465e-9d0d-c0ce9ef50015][tid:1431][com.facebook.buck.apple.toolchain.impl.AppleCxxPlatforms] Xcode build version is: 10B61
[2019-04-11 15:38:17.213][warn ][command:b5e22b4c-f8e7-465e-9d0d-c0ce9ef50015][tid:1431][com.facebook.buck.apple.toolchain.impl.AppleCxxPlatforms] In /Users/stevenlee/Downloads/Xcode.app/Contents/Developer/Platforms/MacOSX.platform/version.plist, missing ProductBuildVersion. Build version will be unset for this platform.
[2019-04-11 15:38:17.213][debug][command:b5e22b4c-f8e7-465e-9d0d-c0ce9ef50015][tid:1431][com.facebook.buck.apple.toolchain.impl.AppleCxxPlatforms] Apple toolchain path: /Users/stevenlee/Downloads/Xcode.app/Contents/Developer/Toolchains/XcodeDefault.xctoolchain
[2019-04-11 15:38:17.213][debug][command:b5e22b4c-f8e7-465e-9d0d-c0ce9ef50015][tid:1431][com.facebook.buck.apple.toolchain.impl.AppleCxxPlatforms] Headers verification platform whitelist: [^\Q/Users/stevenlee/Downloads/Xcode.app/Contents/Developer/Platforms/MacOSX.platform/Developer/Library/Frameworks\E\/.*, ^\Q/Users/stevenlee/Downloads/Xcode.app/Contents/Developer/Platforms/MacOSX.platform/Developer/SDKs/MacOSX.sdk\E\/.*, ^\Q/Users/stevenlee/Downloads/Xcode.app/Contents/Developer/Toolchains/XcodeDefault.xctoolchain\E\/.*]
[2019-04-11 15:38:17.214][debug][command:b5e22b4c-f8e7-465e-9d0d-c0ce9ef50015][tid:1431][com.facebook.buck.apple.toolchain.impl.AppleCxxPlatforms] Xcode build version is: 10B61
[2019-04-11 15:38:17.215][warn ][command:b5e22b4c-f8e7-465e-9d0d-c0ce9ef50015][tid:1431][com.facebook.buck.apple.toolchain.impl.AppleCxxPlatforms] In /Users/stevenlee/Downloads/Xcode.app/Contents/Developer/Platforms/MacOSX.platform/version.plist, missing ProductBuildVersion. Build version will be unset for this platform.
[2019-04-11 15:38:17.215][debug][command:b5e22b4c-f8e7-465e-9d0d-c0ce9ef50015][tid:1431][com.facebook.buck.apple.toolchain.impl.AppleCxxPlatforms] Apple toolchain path: /Users/stevenlee/Downloads/Xcode.app/Contents/Developer/Toolchains/XcodeDefault.xctoolchain
[2019-04-11 15:38:17.216][debug][command:b5e22b4c-f8e7-465e-9d0d-c0ce9ef50015][tid:1431][com.facebook.buck.apple.toolchain.impl.AppleCxxPlatforms] Headers verification platform whitelist: [^\Q/Users/stevenlee/Downloads/Xcode.app/Contents/Developer/Platforms/MacOSX.platform/Developer/Library/Frameworks\E\/.*, ^\Q/Users/stevenlee/Downloads/Xcode.app/Contents/Developer/Platforms/MacOSX.platform/Developer/SDKs/MacOSX.sdk\E\/.*, ^\Q/Users/stevenlee/Downloads/Xcode.app/Contents/Developer/Toolchains/XcodeDefault.xctoolchain\E\/.*]
[2019-04-11 15:38:17.216][debug][command:b5e22b4c-f8e7-465e-9d0d-c0ce9ef50015][tid:1431][com.facebook.buck.apple.toolchain.impl.AppleCxxPlatforms] SDK AppleSdk{name=watchsimulator5.1, version=5.1, applePlatform=ApplePlatform{name=watchsimulator, architectures=[i386, x86_64], minVersionFlagPrefix=-mwatchos-simulator-version-min=, stubBinaryPath=Library/Application Support/WatchKit/WK, appIncludesFrameworks=false}, architectures=[i386, x86_64], toolchains=[AppleToolchain{identifier=com.apple.dt.toolchain.XcodeDefault, path=/Users/stevenlee/Downloads/Xcode.app/Contents/Developer/Toolchains/XcodeDefault.xctoolchain}]} using default version 5.1
[2019-04-11 15:38:17.217][debug][command:b5e22b4c-f8e7-465e-9d0d-c0ce9ef50015][tid:1431][com.facebook.buck.apple.toolchain.impl.AppleCxxPlatforms] Xcode build version is: 10B61
[2019-04-11 15:38:17.218][debug][command:b5e22b4c-f8e7-465e-9d0d-c0ce9ef50015][tid:1431][com.facebook.buck.apple.toolchain.impl.AppleCxxPlatforms] Apple toolchain path: /Users/stevenlee/Downloads/Xcode.app/Contents/Developer/Toolchains/XcodeDefault.xctoolchain
[2019-04-11 15:38:17.218][debug][command:b5e22b4c-f8e7-465e-9d0d-c0ce9ef50015][tid:1431][com.facebook.buck.apple.toolchain.impl.AppleCxxPlatforms] Headers verification platform whitelist: [^\Q/Users/stevenlee/Downloads/Xcode.app/Contents/Developer/Platforms/WatchSimulator.platform/Developer/Library/Frameworks\E\/.*, ^\Q/Users/stevenlee/Downloads/Xcode.app/Contents/Developer/Platforms/WatchSimulator.platform/Developer/SDKs/WatchSimulator.sdk\E\/.*, ^\Q/Users/stevenlee/Downloads/Xcode.app/Contents/Developer/Toolchains/XcodeDefault.xctoolchain\E\/.*]
[2019-04-11 15:38:17.220][debug][command:b5e22b4c-f8e7-465e-9d0d-c0ce9ef50015][tid:1431][com.facebook.buck.apple.toolchain.impl.AppleCxxPlatforms] Xcode build version is: 10B61
[2019-04-11 15:38:17.221][debug][command:b5e22b4c-f8e7-465e-9d0d-c0ce9ef50015][tid:1431][com.facebook.buck.apple.toolchain.impl.AppleCxxPlatforms] Apple toolchain path: /Users/stevenlee/Downloads/Xcode.app/Contents/Developer/Toolchains/XcodeDefault.xctoolchain
[2019-04-11 15:38:17.221][debug][command:b5e22b4c-f8e7-465e-9d0d-c0ce9ef50015][tid:1431][com.facebook.buck.apple.toolchain.impl.AppleCxxPlatforms] Headers verification platform whitelist: [^\Q/Users/stevenlee/Downloads/Xcode.app/Contents/Developer/Platforms/WatchSimulator.platform/Developer/Library/Frameworks\E\/.*, ^\Q/Users/stevenlee/Downloads/Xcode.app/Contents/Developer/Platforms/WatchSimulator.platform/Developer/SDKs/WatchSimulator.sdk\E\/.*, ^\Q/Users/stevenlee/Downloads/Xcode.app/Contents/Developer/Toolchains/XcodeDefault.xctoolchain\E\/.*]
[2019-04-11 15:38:17.222][debug][command:b5e22b4c-f8e7-465e-9d0d-c0ce9ef50015][tid:1431][com.facebook.buck.apple.toolchain.impl.AppleCxxPlatforms] SDK AppleSdk{name=appletvsimulator12.1, version=12.1, applePlatform=ApplePlatform{name=appletvsimulator, swiftName=tvos, architectures=[x86_64], minVersionFlagPrefix=-mtvos-simulator-version-min=, appIncludesFrameworks=false}, architectures=[x86_64], toolchains=[AppleToolchain{identifier=com.apple.dt.toolchain.XcodeDefault, path=/Users/stevenlee/Downloads/Xcode.app/Contents/Developer/Toolchains/XcodeDefault.xctoolchain}]} using default version 12.1
[2019-04-11 15:38:17.223][debug][command:b5e22b4c-f8e7-465e-9d0d-c0ce9ef50015][tid:1431][com.facebook.buck.apple.toolchain.impl.AppleCxxPlatforms] Xcode build version is: 10B61
[2019-04-11 15:38:17.223][warn ][command:b5e22b4c-f8e7-465e-9d0d-c0ce9ef50015][tid:1431][com.facebook.buck.apple.toolchain.impl.AppleCxxPlatforms] /Users/stevenlee/Downloads/Xcode.app/Contents/Developer/Platforms/AppleTVSimulator.platform/version.plist does not exist. Build version will be unset for this platform.
[2019-04-11 15:38:17.223][debug][command:b5e22b4c-f8e7-465e-9d0d-c0ce9ef50015][tid:1431][com.facebook.buck.apple.toolchain.impl.AppleCxxPlatforms] Apple toolchain path: /Users/stevenlee/Downloads/Xcode.app/Contents/Developer/Toolchains/XcodeDefault.xctoolchain
[2019-04-11 15:38:17.224][debug][command:b5e22b4c-f8e7-465e-9d0d-c0ce9ef50015][tid:1431][com.facebook.buck.apple.toolchain.impl.AppleCxxPlatforms] Headers verification platform whitelist: [^\Q/Users/stevenlee/Downloads/Xcode.app/Contents/Developer/Platforms/AppleTVSimulator.platform/Developer/Library/Frameworks\E\/.*, ^\Q/Users/stevenlee/Downloads/Xcode.app/Contents/Developer/Platforms/AppleTVSimulator.platform/Developer/SDKs/AppleTVSimulator.sdk\E\/.*, ^\Q/Users/stevenlee/Downloads/Xcode.app/Contents/Developer/Toolchains/XcodeDefault.xctoolchain\E\/.*]
[2019-04-11 15:38:17.224][debug][command:b5e22b4c-f8e7-465e-9d0d-c0ce9ef50015][tid:1431][com.facebook.buck.apple.toolchain.impl.AppleCxxPlatforms] SDK AppleSdk{name=iphonesimulator12.1, version=12.1, applePlatform=ApplePlatform{name=iphonesimulator, swiftName=ios, architectures=[i386, x86_64], minVersionFlagPrefix=-mios-simulator-version-min=, stubBinaryPath=Library/Application Support/WatchKit/WK, appIncludesFrameworks=false}, architectures=[i386, x86_64], toolchains=[AppleToolchain{identifier=com.apple.dt.toolchain.XcodeDefault, path=/Users/stevenlee/Downloads/Xcode.app/Contents/Developer/Toolchains/XcodeDefault.xctoolchain}]} using default version 11.0
[2019-04-11 15:38:17.225][debug][command:b5e22b4c-f8e7-465e-9d0d-c0ce9ef50015][tid:1431][com.facebook.buck.apple.toolchain.impl.AppleCxxPlatforms] Xcode build version is: 10B61
[2019-04-11 15:38:17.226][warn ][command:b5e22b4c-f8e7-465e-9d0d-c0ce9ef50015][tid:1431][com.facebook.buck.apple.toolchain.impl.AppleCxxPlatforms] /Users/stevenlee/Downloads/Xcode.app/Contents/Developer/Platforms/iPhoneSimulator.platform/version.plist does not exist. Build version will be unset for this platform.
[2019-04-11 15:38:17.226][debug][command:b5e22b4c-f8e7-465e-9d0d-c0ce9ef50015][tid:1431][com.facebook.buck.apple.toolchain.impl.AppleCxxPlatforms] Apple toolchain path: /Users/stevenlee/Downloads/Xcode.app/Contents/Developer/Toolchains/XcodeDefault.xctoolchain
[2019-04-11 15:38:17.226][debug][command:b5e22b4c-f8e7-465e-9d0d-c0ce9ef50015][tid:1431][com.facebook.buck.apple.toolchain.impl.AppleCxxPlatforms] Headers verification platform whitelist: [^\Q/Users/stevenlee/Downloads/Xcode.app/Contents/Developer/Platforms/iPhoneSimulator.platform/Developer/Library/Frameworks\E\/.*, ^\Q/Users/stevenlee/Downloads/Xcode.app/Contents/Developer/Platforms/iPhoneSimulator.platform/Developer/SDKs/iPhoneSimulator.sdk\E\/.*, ^\Q/Users/stevenlee/Downloads/Xcode.app/Contents/Developer/Toolchains/XcodeDefault.xctoolchain\E\/.*]
[2019-04-11 15:38:17.228][debug][command:b5e22b4c-f8e7-465e-9d0d-c0ce9ef50015][tid:1431][com.facebook.buck.apple.toolchain.impl.AppleCxxPlatforms] Xcode build version is: 10B61
[2019-04-11 15:38:17.228][warn ][command:b5e22b4c-f8e7-465e-9d0d-c0ce9ef50015][tid:1431][com.facebook.buck.apple.toolchain.impl.AppleCxxPlatforms] /Users/stevenlee/Downloads/Xcode.app/Contents/Developer/Platforms/iPhoneSimulator.platform/version.plist does not exist. Build version will be unset for this platform.
[2019-04-11 15:38:17.228][debug][command:b5e22b4c-f8e7-465e-9d0d-c0ce9ef50015][tid:1431][com.facebook.buck.apple.toolchain.impl.AppleCxxPlatforms] Apple toolchain path: /Users/stevenlee/Downloads/Xcode.app/Contents/Developer/Toolchains/XcodeDefault.xctoolchain
[2019-04-11 15:38:17.228][debug][command:b5e22b4c-f8e7-465e-9d0d-c0ce9ef50015][tid:1431][com.facebook.buck.apple.toolchain.impl.AppleCxxPlatforms] Headers verification platform whitelist: [^\Q/Users/stevenlee/Downloads/Xcode.app/Contents/Developer/Platforms/iPhoneSimulator.platform/Developer/Library/Frameworks\E\/.*, ^\Q/Users/stevenlee/Downloads/Xcode.app/Contents/Developer/Platforms/iPhoneSimulator.platform/Developer/SDKs/iPhoneSimulator.sdk\E\/.*, ^\Q/Users/stevenlee/Downloads/Xcode.app/Contents/Developer/Toolchains/XcodeDefault.xctoolchain\E\/.*]
[2019-04-11 15:38:17.229][debug][command:b5e22b4c-f8e7-465e-9d0d-c0ce9ef50015][tid:1431][com.facebook.buck.apple.toolchain.impl.AppleCxxPlatforms] SDK AppleSdk{name=appletvos, version=12.1, applePlatform=ApplePlatform{name=appletvos, provisioningProfileName=tvOS, architectures=[arm64], minVersionFlagPrefix=-mtvos-version-min=, appIncludesFrameworks=false}, architectures=[arm64], toolchains=[AppleToolchain{identifier=com.apple.dt.toolchain.XcodeDefault, path=/Users/stevenlee/Downloads/Xcode.app/Contents/Developer/Toolchains/XcodeDefault.xctoolchain}]} using default version 12.1
[2019-04-11 15:38:17.230][debug][command:b5e22b4c-f8e7-465e-9d0d-c0ce9ef50015][tid:1431][com.facebook.buck.apple.toolchain.impl.AppleCxxPlatforms] Xcode build version is: 10B61
[2019-04-11 15:38:17.231][debug][command:b5e22b4c-f8e7-465e-9d0d-c0ce9ef50015][tid:1431][com.facebook.buck.apple.toolchain.impl.AppleCxxPlatforms] Apple toolchain path: /Users/stevenlee/Downloads/Xcode.app/Contents/Developer/Toolchains/XcodeDefault.xctoolchain
[2019-04-11 15:38:17.231][debug][command:b5e22b4c-f8e7-465e-9d0d-c0ce9ef50015][tid:1431][com.facebook.buck.apple.toolchain.impl.AppleCxxPlatforms] Headers verification platform whitelist: [^\Q/Users/stevenlee/Downloads/Xcode.app/Contents/Developer/Platforms/AppleTVOS.platform/Developer/Library/Frameworks\E\/.*, ^\Q/Users/stevenlee/Downloads/Xcode.app/Contents/Developer/Platforms/AppleTVOS.platform/Developer/SDKs/AppleTVOS.sdk\E\/.*, ^\Q/Users/stevenlee/Downloads/Xcode.app/Contents/Developer/Toolchains/XcodeDefault.xctoolchain\E\/.*]
[2019-04-11 15:38:17.231][debug][command:b5e22b4c-f8e7-465e-9d0d-c0ce9ef50015][tid:1431][com.facebook.buck.apple.toolchain.impl.AppleCxxPlatforms] SDK AppleSdk{name=appletvsimulator, version=12.1, applePlatform=ApplePlatform{name=appletvsimulator, swiftName=tvos, architectures=[x86_64], minVersionFlagPrefix=-mtvos-simulator-version-min=, appIncludesFrameworks=false}, architectures=[x86_64], toolchains=[AppleToolchain{identifier=com.apple.dt.toolchain.XcodeDefault, path=/Users/stevenlee/Downloads/Xcode.app/Contents/Developer/Toolchains/XcodeDefault.xctoolchain}]} using default version 12.1
[2019-04-11 15:38:17.232][debug][command:b5e22b4c-f8e7-465e-9d0d-c0ce9ef50015][tid:1431][com.facebook.buck.apple.toolchain.impl.AppleCxxPlatforms] Xcode build version is: 10B61
[2019-04-11 15:38:17.233][warn ][command:b5e22b4c-f8e7-465e-9d0d-c0ce9ef50015][tid:1431][com.facebook.buck.apple.toolchain.impl.AppleCxxPlatforms] /Users/stevenlee/Downloads/Xcode.app/Contents/Developer/Platforms/AppleTVSimulator.platform/version.plist does not exist. Build version will be unset for this platform.
[2019-04-11 15:38:17.233][debug][command:b5e22b4c-f8e7-465e-9d0d-c0ce9ef50015][tid:1431][com.facebook.buck.apple.toolchain.impl.AppleCxxPlatforms] Apple toolchain path: /Users/stevenlee/Downloads/Xcode.app/Contents/Developer/Toolchains/XcodeDefault.xctoolchain
[2019-04-11 15:38:17.233][debug][command:b5e22b4c-f8e7-465e-9d0d-c0ce9ef50015][tid:1431][com.facebook.buck.apple.toolchain.impl.AppleCxxPlatforms] Headers verification platform whitelist: [^\Q/Users/stevenlee/Downloads/Xcode.app/Contents/Developer/Platforms/AppleTVSimulator.platform/Developer/Library/Frameworks\E\/.*, ^\Q/Users/stevenlee/Downloads/Xcode.app/Contents/Developer/Platforms/AppleTVSimulator.platform/Developer/SDKs/AppleTVSimulator.sdk\E\/.*, ^\Q/Users/stevenlee/Downloads/Xcode.app/Contents/Developer/Toolchains/XcodeDefault.xctoolchain\E\/.*]
[2019-04-11 15:38:17.234][debug][command:b5e22b4c-f8e7-465e-9d0d-c0ce9ef50015][tid:1431][com.facebook.buck.apple.toolchain.impl.AppleCxxPlatforms] SDK AppleSdk{name=iphoneos, version=12.1, applePlatform=ApplePlatform{name=iphoneos, swiftName=ios, provisioningProfileName=iOS, architectures=[armv7, arm64], minVersionFlagPrefix=-mios-version-min=, stubBinaryPath=Library/Application Support/WatchKit/WK, appIncludesFrameworks=false}, architectures=[armv7, arm64], toolchains=[AppleToolchain{identifier=com.apple.dt.toolchain.XcodeDefault, path=/Users/stevenlee/Downloads/Xcode.app/Contents/Developer/Toolchains/XcodeDefault.xctoolchain}]} using default version 11.0
[2019-04-11 15:38:17.235][debug][command:b5e22b4c-f8e7-465e-9d0d-c0ce9ef50015][tid:1431][com.facebook.buck.apple.toolchain.impl.AppleCxxPlatforms] Xcode build version is: 10B61
[2019-04-11 15:38:17.236][debug][command:b5e22b4c-f8e7-465e-9d0d-c0ce9ef50015][tid:1431][com.facebook.buck.apple.toolchain.impl.AppleCxxPlatforms] Apple toolchain path: /Users/stevenlee/Downloads/Xcode.app/Contents/Developer/Toolchains/XcodeDefault.xctoolchain
[2019-04-11 15:38:17.236][debug][command:b5e22b4c-f8e7-465e-9d0d-c0ce9ef50015][tid:1431][com.facebook.buck.apple.toolchain.impl.AppleCxxPlatforms] Headers verification platform whitelist: [^\Q/Users/stevenlee/Downloads/Xcode.app/Contents/Developer/Platforms/iPhoneOS.platform/Developer/Library/Frameworks\E\/.*, ^\Q/Users/stevenlee/Downloads/Xcode.app/Contents/Developer/Platforms/iPhoneOS.platform/Developer/SDKs/iPhoneOS.sdk\E\/.*, ^\Q/Users/stevenlee/Downloads/Xcode.app/Contents/Developer/Toolchains/XcodeDefault.xctoolchain\E\/.*]
[2019-04-11 15:38:17.237][debug][command:b5e22b4c-f8e7-465e-9d0d-c0ce9ef50015][tid:1431][com.facebook.buck.apple.toolchain.impl.AppleCxxPlatforms] Xcode build version is: 10B61
[2019-04-11 15:38:17.239][debug][command:b5e22b4c-f8e7-465e-9d0d-c0ce9ef50015][tid:1431][com.facebook.buck.apple.toolchain.impl.AppleCxxPlatforms] Apple toolchain path: /Users/stevenlee/Downloads/Xcode.app/Contents/Developer/Toolchains/XcodeDefault.xctoolchain
[2019-04-11 15:38:17.239][debug][command:b5e22b4c-f8e7-465e-9d0d-c0ce9ef50015][tid:1431][com.facebook.buck.apple.toolchain.impl.AppleCxxPlatforms] Headers verification platform whitelist: [^\Q/Users/stevenlee/Downloads/Xcode.app/Contents/Developer/Platforms/iPhoneOS.platform/Developer/Library/Frameworks\E\/.*, ^\Q/Users/stevenlee/Downloads/Xcode.app/Contents/Developer/Platforms/iPhoneOS.platform/Developer/SDKs/iPhoneOS.sdk\E\/.*, ^\Q/Users/stevenlee/Downloads/Xcode.app/Contents/Developer/Toolchains/XcodeDefault.xctoolchain\E\/.*]
[2019-04-11 15:38:17.239][debug][command:b5e22b4c-f8e7-465e-9d0d-c0ce9ef50015][tid:1431][com.facebook.buck.apple.toolchain.impl.AppleCxxPlatforms] SDK AppleSdk{name=iphonesimulator, version=12.1, applePlatform=ApplePlatform{name=iphonesimulator, swiftName=ios, architectures=[i386, x86_64], minVersionFlagPrefix=-mios-simulator-version-min=, stubBinaryPath=Library/Application Support/WatchKit/WK, appIncludesFrameworks=false}, architectures=[i386, x86_64], toolchains=[AppleToolchain{identifier=com.apple.dt.toolchain.XcodeDefault, path=/Users/stevenlee/Downloads/Xcode.app/Contents/Developer/Toolchains/XcodeDefault.xctoolchain}]} using default version 11.0
[2019-04-11 15:38:17.240][debug][command:b5e22b4c-f8e7-465e-9d0d-c0ce9ef50015][tid:1431][com.facebook.buck.apple.toolchain.impl.AppleCxxPlatforms] Xcode build version is: 10B61
[2019-04-11 15:38:17.241][warn ][command:b5e22b4c-f8e7-465e-9d0d-c0ce9ef50015][tid:1431][com.facebook.buck.apple.toolchain.impl.AppleCxxPlatforms] /Users/stevenlee/Downloads/Xcode.app/Contents/Developer/Platforms/iPhoneSimulator.platform/version.plist does not exist. Build version will be unset for this platform.
[2019-04-11 15:38:17.241][debug][command:b5e22b4c-f8e7-465e-9d0d-c0ce9ef50015][tid:1431][com.facebook.buck.apple.toolchain.impl.AppleCxxPlatforms] Apple toolchain path: /Users/stevenlee/Downloads/Xcode.app/Contents/Developer/Toolchains/XcodeDefault.xctoolchain
[2019-04-11 15:38:17.241][debug][command:b5e22b4c-f8e7-465e-9d0d-c0ce9ef50015][tid:1431][com.facebook.buck.apple.toolchain.impl.AppleCxxPlatforms] Headers verification platform whitelist: [^\Q/Users/stevenlee/Downloads/Xcode.app/Contents/Developer/Platforms/iPhoneSimulator.platform/Developer/Library/Frameworks\E\/.*, ^\Q/Users/stevenlee/Downloads/Xcode.app/Contents/Developer/Platforms/iPhoneSimulator.platform/Developer/SDKs/iPhoneSimulator.sdk\E\/.*, ^\Q/Users/stevenlee/Downloads/Xcode.app/Contents/Developer/Toolchains/XcodeDefault.xctoolchain\E\/.*]
[2019-04-11 15:38:17.242][debug][command:b5e22b4c-f8e7-465e-9d0d-c0ce9ef50015][tid:1431][com.facebook.buck.apple.toolchain.impl.AppleCxxPlatforms] Xcode build version is: 10B61
[2019-04-11 15:38:17.243][warn ][command:b5e22b4c-f8e7-465e-9d0d-c0ce9ef50015][tid:1431][com.facebook.buck.apple.toolchain.impl.AppleCxxPlatforms] /Users/stevenlee/Downloads/Xcode.app/Contents/Developer/Platforms/iPhoneSimulator.platform/version.plist does not exist. Build version will be unset for this platform.
[2019-04-11 15:38:17.243][debug][command:b5e22b4c-f8e7-465e-9d0d-c0ce9ef50015][tid:1431][com.facebook.buck.apple.toolchain.impl.AppleCxxPlatforms] Apple toolchain path: /Users/stevenlee/Downloads/Xcode.app/Contents/Developer/Toolchains/XcodeDefault.xctoolchain
[2019-04-11 15:38:17.243][debug][command:b5e22b4c-f8e7-465e-9d0d-c0ce9ef50015][tid:1431][com.facebook.buck.apple.toolchain.impl.AppleCxxPlatforms] Headers verification platform whitelist: [^\Q/Users/stevenlee/Downloads/Xcode.app/Contents/Developer/Platforms/iPhoneSimulator.platform/Developer/Library/Frameworks\E\/.*, ^\Q/Users/stevenlee/Downloads/Xcode.app/Contents/Developer/Platforms/iPhoneSimulator.platform/Developer/SDKs/iPhoneSimulator.sdk\E\/.*, ^\Q/Users/stevenlee/Downloads/Xcode.app/Contents/Developer/Toolchains/XcodeDefault.xctoolchain\E\/.*]
[2019-04-11 15:38:17.244][debug][command:b5e22b4c-f8e7-465e-9d0d-c0ce9ef50015][tid:1431][com.facebook.buck.apple.toolchain.impl.AppleCxxPlatforms] SDK AppleSdk{name=macosx, version=10.14, applePlatform=ApplePlatform{name=macosx, architectures=[i386, x86_64], minVersionFlagPrefix=-mmacosx-version-min=, appIncludesFrameworks=true}, architectures=[i386, x86_64], toolchains=[AppleToolchain{identifier=com.apple.dt.toolchain.XcodeDefault, path=/Users/stevenlee/Downloads/Xcode.app/Contents/Developer/Toolchains/XcodeDefault.xctoolchain}]} using default version 10.14
[2019-04-11 15:38:17.245][debug][command:b5e22b4c-f8e7-465e-9d0d-c0ce9ef50015][tid:1431][com.facebook.buck.apple.toolchain.impl.AppleCxxPlatforms] Xcode build version is: 10B61
[2019-04-11 15:38:17.246][warn ][command:b5e22b4c-f8e7-465e-9d0d-c0ce9ef50015][tid:1431][com.facebook.buck.apple.toolchain.impl.AppleCxxPlatforms] In /Users/stevenlee/Downloads/Xcode.app/Contents/Developer/Platforms/MacOSX.platform/version.plist, missing ProductBuildVersion. Build version will be unset for this platform.
[2019-04-11 15:38:17.246][debug][command:b5e22b4c-f8e7-465e-9d0d-c0ce9ef50015][tid:1431][com.facebook.buck.apple.toolchain.impl.AppleCxxPlatforms] Apple toolchain path: /Users/stevenlee/Downloads/Xcode.app/Contents/Developer/Toolchains/XcodeDefault.xctoolchain
[2019-04-11 15:38:17.246][debug][command:b5e22b4c-f8e7-465e-9d0d-c0ce9ef50015][tid:1431][com.facebook.buck.apple.toolchain.impl.AppleCxxPlatforms] Headers verification platform whitelist: [^\Q/Users/stevenlee/Downloads/Xcode.app/Contents/Developer/Platforms/MacOSX.platform/Developer/Library/Frameworks\E\/.*, ^\Q/Users/stevenlee/Downloads/Xcode.app/Contents/Developer/Platforms/MacOSX.platform/Developer/SDKs/MacOSX.sdk\E\/.*, ^\Q/Users/stevenlee/Downloads/Xcode.app/Contents/Developer/Toolchains/XcodeDefault.xctoolchain\E\/.*]
[2019-04-11 15:38:17.247][debug][command:b5e22b4c-f8e7-465e-9d0d-c0ce9ef50015][tid:1431][com.facebook.buck.apple.toolchain.impl.AppleCxxPlatforms] Xcode build version is: 10B61
[2019-04-11 15:38:17.249][warn ][command:b5e22b4c-f8e7-465e-9d0d-c0ce9ef50015][tid:1431][com.facebook.buck.apple.toolchain.impl.AppleCxxPlatforms] In /Users/stevenlee/Downloads/Xcode.app/Contents/Developer/Platforms/MacOSX.platform/version.plist, missing ProductBuildVersion. Build version will be unset for this platform.
[2019-04-11 15:38:17.249][debug][command:b5e22b4c-f8e7-465e-9d0d-c0ce9ef50015][tid:1431][com.facebook.buck.apple.toolchain.impl.AppleCxxPlatforms] Apple toolchain path: /Users/stevenlee/Downloads/Xcode.app/Contents/Developer/Toolchains/XcodeDefault.xctoolchain
[2019-04-11 15:38:17.249][debug][command:b5e22b4c-f8e7-465e-9d0d-c0ce9ef50015][tid:1431][com.facebook.buck.apple.toolchain.impl.AppleCxxPlatforms] Headers verification platform whitelist: [^\Q/Users/stevenlee/Downloads/Xcode.app/Contents/Developer/Platforms/MacOSX.platform/Developer/Library/Frameworks\E\/.*, ^\Q/Users/stevenlee/Downloads/Xcode.app/Contents/Developer/Platforms/MacOSX.platform/Developer/SDKs/MacOSX.sdk\E\/.*, ^\Q/Users/stevenlee/Downloads/Xcode.app/Contents/Developer/Toolchains/XcodeDefault.xctoolchain\E\/.*]
[2019-04-11 15:38:17.249][debug][command:b5e22b4c-f8e7-465e-9d0d-c0ce9ef50015][tid:1431][com.facebook.buck.apple.toolchain.impl.AppleCxxPlatforms] SDK AppleSdk{name=watchos, version=5.1, applePlatform=ApplePlatform{name=watchos, provisioningProfileName=iOS, architectures=[armv7k, arm64_32], minVersionFlagPrefix=-mwatchos-version-min=, stubBinaryPath=Library/Application Support/WatchKit/WK, appIncludesFrameworks=false}, architectures=[armv7k, arm64_32], toolchains=[AppleToolchain{identifier=com.apple.dt.toolchain.XcodeDefault, path=/Users/stevenlee/Downloads/Xcode.app/Contents/Developer/Toolchains/XcodeDefault.xctoolchain}]} using default version 5.1
[2019-04-11 15:38:17.250][debug][command:b5e22b4c-f8e7-465e-9d0d-c0ce9ef50015][tid:1431][com.facebook.buck.apple.toolchain.impl.AppleCxxPlatforms] Xcode build version is: 10B61
[2019-04-11 15:38:17.251][debug][command:b5e22b4c-f8e7-465e-9d0d-c0ce9ef50015][tid:1431][com.facebook.buck.apple.toolchain.impl.AppleCxxPlatforms] Apple toolchain path: /Users/stevenlee/Downloads/Xcode.app/Contents/Developer/Toolchains/XcodeDefault.xctoolchain
[2019-04-11 15:38:17.252][debug][command:b5e22b4c-f8e7-465e-9d0d-c0ce9ef50015][tid:1431][com.facebook.buck.apple.toolchain.impl.AppleCxxPlatforms] Headers verification platform whitelist: [^\Q/Users/stevenlee/Downloads/Xcode.app/Contents/Developer/Platforms/WatchOS.platform/Developer/Library/Frameworks\E\/.*, ^\Q/Users/stevenlee/Downloads/Xcode.app/Contents/Developer/Platforms/WatchOS.platform/Developer/SDKs/WatchOS.sdk\E\/.*, ^\Q/Users/stevenlee/Downloads/Xcode.app/Contents/Developer/Toolchains/XcodeDefault.xctoolchain\E\/.*]
[2019-04-11 15:38:17.253][debug][command:b5e22b4c-f8e7-465e-9d0d-c0ce9ef50015][tid:1431][com.facebook.buck.apple.toolchain.impl.AppleCxxPlatforms] Xcode build version is: 10B61
[2019-04-11 15:38:17.254][debug][command:b5e22b4c-f8e7-465e-9d0d-c0ce9ef50015][tid:1431][com.facebook.buck.apple.toolchain.impl.AppleCxxPlatforms] Apple toolchain path: /Users/stevenlee/Downloads/Xcode.app/Contents/Developer/Toolchains/XcodeDefault.xctoolchain
[2019-04-11 15:38:17.254][debug][command:b5e22b4c-f8e7-465e-9d0d-c0ce9ef50015][tid:1431][com.facebook.buck.apple.toolchain.impl.AppleCxxPlatforms] Headers verification platform whitelist: [^\Q/Users/stevenlee/Downloads/Xcode.app/Contents/Developer/Platforms/WatchOS.platform/Developer/Library/Frameworks\E\/.*, ^\Q/Users/stevenlee/Downloads/Xcode.app/Contents/Developer/Platforms/WatchOS.platform/Developer/SDKs/WatchOS.sdk\E\/.*, ^\Q/Users/stevenlee/Downloads/Xcode.app/Contents/Developer/Toolchains/XcodeDefault.xctoolchain\E\/.*]
[2019-04-11 15:38:17.254][debug][command:b5e22b4c-f8e7-465e-9d0d-c0ce9ef50015][tid:1431][com.facebook.buck.apple.toolchain.impl.AppleCxxPlatforms] SDK AppleSdk{name=watchsimulator, version=5.1, applePlatform=ApplePlatform{name=watchsimulator, architectures=[i386, x86_64], minVersionFlagPrefix=-mwatchos-simulator-version-min=, stubBinaryPath=Library/Application Support/WatchKit/WK, appIncludesFrameworks=false}, architectures=[i386, x86_64], toolchains=[AppleToolchain{identifier=com.apple.dt.toolchain.XcodeDefault, path=/Users/stevenlee/Downloads/Xcode.app/Contents/Developer/Toolchains/XcodeDefault.xctoolchain}]} using default version 5.1
[2019-04-11 15:38:17.255][debug][command:b5e22b4c-f8e7-465e-9d0d-c0ce9ef50015][tid:1431][com.facebook.buck.apple.toolchain.impl.AppleCxxPlatforms] Xcode build version is: 10B61
[2019-04-11 15:38:17.256][debug][command:b5e22b4c-f8e7-465e-9d0d-c0ce9ef50015][tid:1431][com.facebook.buck.apple.toolchain.impl.AppleCxxPlatforms] Apple toolchain path: /Users/stevenlee/Downloads/Xcode.app/Contents/Developer/Toolchains/XcodeDefault.xctoolchain
[2019-04-11 15:38:17.257][debug][command:b5e22b4c-f8e7-465e-9d0d-c0ce9ef50015][tid:1431][com.facebook.buck.apple.toolchain.impl.AppleCxxPlatforms] Headers verification platform whitelist: [^\Q/Users/stevenlee/Downloads/Xcode.app/Contents/Developer/Platforms/WatchSimulator.platform/Developer/Library/Frameworks\E\/.*, ^\Q/Users/stevenlee/Downloads/Xcode.app/Contents/Developer/Platforms/WatchSimulator.platform/Developer/SDKs/WatchSimulator.sdk\E\/.*, ^\Q/Users/stevenlee/Downloads/Xcode.app/Contents/Developer/Toolchains/XcodeDefault.xctoolchain\E\/.*]
[2019-04-11 15:38:17.258][debug][command:b5e22b4c-f8e7-465e-9d0d-c0ce9ef50015][tid:1431][com.facebook.buck.apple.toolchain.impl.AppleCxxPlatforms] Xcode build version is: 10B61
[2019-04-11 15:38:17.259][debug][command:b5e22b4c-f8e7-465e-9d0d-c0ce9ef50015][tid:1431][com.facebook.buck.apple.toolchain.impl.AppleCxxPlatforms] Apple toolchain path: /Users/stevenlee/Downloads/Xcode.app/Contents/Developer/Toolchains/XcodeDefault.xctoolchain
[2019-04-11 15:38:17.259][debug][command:b5e22b4c-f8e7-465e-9d0d-c0ce9ef50015][tid:1431][com.facebook.buck.apple.toolchain.impl.AppleCxxPlatforms] Headers verification platform whitelist: [^\Q/Users/stevenlee/Downloads/Xcode.app/Contents/Developer/Platforms/WatchSimulator.platform/Developer/Library/Frameworks\E\/.*, ^\Q/Users/stevenlee/Downloads/Xcode.app/Contents/Developer/Platforms/WatchSimulator.platform/Developer/SDKs/WatchSimulator.sdk\E\/.*, ^\Q/Users/stevenlee/Downloads/Xcode.app/Contents/Developer/Toolchains/XcodeDefault.xctoolchain\E\/.*]
[2019-04-11 15:38:17.260][warn ][command:b5e22b4c-f8e7-465e-9d0d-c0ce9ef50015][tid:1431][com.facebook.buck.core.toolchain.impl.DefaultToolchainProvider] Cannot create a toolchain: ndk-cxx-platforms. Cause: Android NDK could not be found. Make sure to set one of these  environment variables: ANDROID_NDK_REPOSITORY, ANDROID_NDK, or NDK_HOME or ndk.ndk_path or ndk.ndk_repository_path in your .buckconfig
[2019-04-11 15:38:17.260][debug][command:b5e22b4c-f8e7-465e-9d0d-c0ce9ef50015][tid:1431][com.facebook.buck.io.ExecutableFinder] Executable 'clang' mapped to 'Optional[/usr/bin/clang]'
[2019-04-11 15:38:17.260][debug][command:b5e22b4c-f8e7-465e-9d0d-c0ce9ef50015][tid:1431][com.facebook.buck.io.ExecutableFinder] Executable 'clang++' mapped to 'Optional[/usr/bin/clang++]'
[2019-04-11 15:38:17.260][debug][command:b5e22b4c-f8e7-465e-9d0d-c0ce9ef50015][tid:1431][com.facebook.buck.cxx.toolchain.CxxPlatforms] Using config default C++ platform CxxPlatform{flavor=iphonesimulator-x86_64, as=com.facebook.buck.cxx.toolchain.CompilerProvider@364c6d1a, asflags=[-isysroot, /Users/stevenlee/Downloads/Xcode.app/Contents/Developer/Platforms/iPhoneSimulator.platform/Developer/SDKs/iPhoneSimulator.sdk, -arch, x86_64, -mios-simulator-version-min=11.0, -iquote, /Users/stevenlee/Downloads/BuckTest 3], aspp=com.facebook.buck.cxx.toolchain.PreprocessorProvider@734ef5b7, asppflags=[], cc=com.facebook.buck.cxx.toolchain.CompilerProvider@6f553ae2, cflags=[-isysroot, /Users/stevenlee/Downloads/Xcode.app/Contents/Developer/Platforms/iPhoneSimulator.platform/Developer/SDKs/iPhoneSimulator.sdk, -arch, x86_64, -mios-simulator-version-min=11.0, -iquote, /Users/stevenlee/Downloads/BuckTest 3, -g, -fmodules, -fobjc-arc, -D, BUCK, -w], cxx=com.facebook.buck.cxx.toolchain.CompilerProvider@42f7271b, cxxflags=[-isysroot, /Users/stevenlee/Downloads/Xcode.app/Contents/Developer/Platforms/iPhoneSimulator.platform/Developer/SDKs/iPhoneSimulator.sdk, -arch, x86_64, -mios-simulator-version-min=11.0, -iquote, /Users/stevenlee/Downloads/BuckTest 3, -fobjc-arc, -std=c++14, -D, DEBUG, -g], cpp=com.facebook.buck.cxx.toolchain.PreprocessorProvider@1706b6e2, cppflags=[], cxxpp=com.facebook.buck.cxx.toolchain.PreprocessorProvider@13610af8, cxxppflags=[], cudappflags=[], cudaflags=[], hipppflags=[], hipflags=[], asmppflags=[], asmflags=[], ld=com.facebook.buck.cxx.toolchain.linker.DefaultLinkerProvider@5525a05c, ldflags=[-isysroot, /Users/stevenlee/Downloads/Xcode.app/Contents/Developer/Platforms/iPhoneSimulator.platform/Developer/SDKs/iPhoneSimulator.sdk, -arch, x86_64, -mios-simulator-version-min=11.0, -iquote, /Users/stevenlee/Downloads/BuckTest 3, -Wl,-sdk_version, -Wl,12.1, -Wl,-ObjC, -Xlinker, -objc_abi_version, -Xlinker, 2, -fobjc-arc, -fobjc-link-runtime], runtimeLdflags={}, strip=VersionedTool{path=/Users/stevenlee/Downloads/Xcode.app/Contents/Developer/Toolchains/XcodeDefault.xctoolchain/usr/bin/strip, extraArgs=[], name=apple-strip, version=12.1:10B61}, stripFlags=[], ar=com.facebook.buck.cxx.toolchain.ArchiverProvider$1@2e118a1c, archiveContents=NORMAL, arflags=[], ranlib=com.facebook.buck.core.toolchain.toolprovider.impl.ConstantToolProvider@c02989a, ranlibflags=[], symbolNameTool=com.facebook.buck.cxx.toolchain.LazyDelegatingSymbolNameTool@172f7528, sharedLibraryExtension=dylib, sharedLibraryVersionedExtensionFormat=%s.dylib, staticLibraryExtension=a, objectFileExtension=o, compilerDebugPathSanitizer=com.facebook.buck.cxx.toolchain.PrefixMapDebugPathSanitizer@6ff000d1, assemblerDebugPathSanitizer=com.facebook.buck.cxx.toolchain.MungingDebugPathSanitizer@4d132659, headerVerification=HeaderVerification{mode=IGNORE, whitelist=[], platformWhitelist=[^\Q/Users/stevenlee/Downloads/Xcode.app/Contents/Developer/Platforms/iPhoneSimulator.platform/Developer/Library/Frameworks\E\/.*, ^\Q/Users/stevenlee/Downloads/Xcode.app/Contents/Developer/Platforms/iPhoneSimulator.platform/Developer/SDKs/iPhoneSimulator.sdk\E\/.*, ^\Q/Users/stevenlee/Downloads/Xcode.app/Contents/Developer/Toolchains/XcodeDefault.xctoolchain\E\/.*], whitelistPatterns=[^\Q/Users/stevenlee/Downloads/Xcode.app/Contents/Developer/Platforms/iPhoneSimulator.platform/Developer/Library/Frameworks\E\/.*, ^\Q/Users/stevenlee/Downloads/Xcode.app/Contents/Developer/Platforms/iPhoneSimulator.platform/Developer/SDKs/iPhoneSimulator.sdk\E\/.*, ^\Q/Users/stevenlee/Downloads/Xcode.app/Contents/Developer/Toolchains/XcodeDefault.xctoolchain\E\/.*]}, flagMacros={SDKROOT=/Users/stevenlee/Downloads/Xcode.app/Contents/Developer/Platforms/iPhoneSimulator.platform/Developer/SDKs/iPhoneSimulator.sdk, PLATFORM_DIR=/Users/stevenlee/Downloads/Xcode.app/Contents/Developer/Platforms/iPhoneSimulator.platform, CURRENT_ARCH=x86_64, DEVELOPER_DIR=/Users/stevenlee/Downloads/Xcode.app/Contents/Developer}, publicHeadersSymlinksEnabled=true, privateHeadersSymlinksEnabled=true, picTypeForSharedLinking=PIC, conflictingHeaderBasenameWhitelist=[]}
[2019-04-11 15:38:17.272][debug][command:b5e22b4c-f8e7-465e-9d0d-c0ce9ef50015][tid:14][com.facebook.buck.core.model.actiongraph.computation.ActionGraphProvider] Computing TargetGraph HashCode...
[2019-04-11 15:38:17.272][info ][command:b5e22b4c-f8e7-465e-9d0d-c0ce9ef50015][tid:14][com.facebook.buck.core.model.actiongraph.computation.ActionGraphProvider] ActionGraph cache miss against 1 entries.
[2019-04-11 15:38:17.272][debug][command:null][tid:1436][com.facebook.buck.parser.PythonDslProjectBuildFileParser] Closing buck.py process stdin
[2019-04-11 15:38:17.272][debug][command:b5e22b4c-f8e7-465e-9d0d-c0ce9ef50015][tid:14][com.facebook.buck.core.model.actiongraph.computation.SerialActionGraphFactory] start target graph walk
[2019-04-11 15:38:17.292][debug][command:null][tid:1436][com.facebook.buck.parser.PythonDslProjectBuildFileParser] Waiting for process com.facebook.buck.util.ProcessExecutor$LaunchedProcessImpl@9d69a40 to exit...
[2019-04-11 15:38:17.292][debug][command:null][tid:1436][com.facebook.buck.parser.PythonDslProjectBuildFileParser] Process com.facebook.buck.util.ProcessExecutor$LaunchedProcessImpl@9d69a40 exited cleanly.
[2019-04-11 15:38:17.310][info ][command:b5e22b4c-f8e7-465e-9d0d-c0ce9ef50015][tid:1419][com.facebook.buck.event.listener.LoggingBuildListener] Build finished at 2019-04-11 15:38:17.310
[2019-04-11 15:38:17.310][debug][command:b5e22b4c-f8e7-465e-9d0d-c0ce9ef50015][tid:1414][com.facebook.buck.util.perf.ProcessTracker] shutDown
[2019-04-11 15:38:17.310][debug][command:null][tid:1413][com.google.common.util.concurrent.ServiceManager] Service PerfStatsTracking [TERMINATED] has terminated. Previous state was: STOPPING
[2019-04-11 15:38:17.311][debug][command:b5e22b4c-f8e7-465e-9d0d-c0ce9ef50015][tid:14][com.facebook.buck.event.listener.RenderingConsole] Stopping render scheduler
[2019-04-11 15:38:17.312][info ][command:b5e22b4c-f8e7-465e-9d0d-c0ce9ef50015][tid:14][com.facebook.buck.cli.Main] Awaiting termination of PROJECT executor service. Waiting for all jobs to complete, or up to maximum of 60 seconds...
[2019-04-11 15:38:17.312][info ][command:b5e22b4c-f8e7-465e-9d0d-c0ce9ef50015][tid:14][com.facebook.buck.cli.Main] Successfully terminated PROJECT executor service.
[2019-04-11 15:38:17.312][info ][command:b5e22b4c-f8e7-465e-9d0d-c0ce9ef50015][tid:14][com.facebook.buck.cli.Main] Awaiting termination of NETWORK executor service. Waiting for all jobs to complete, or up to maximum of 60 seconds...
[2019-04-11 15:38:17.312][info ][command:b5e22b4c-f8e7-465e-9d0d-c0ce9ef50015][tid:14][com.facebook.buck.cli.Main] Successfully terminated NETWORK executor service.
[2019-04-11 15:38:17.312][info ][command:b5e22b4c-f8e7-465e-9d0d-c0ce9ef50015][tid:14][com.facebook.buck.cli.Main] Awaiting termination of CPU executor service. Waiting for all jobs to complete, or up to maximum of 60 seconds...
[2019-04-11 15:38:17.312][info ][command:b5e22b4c-f8e7-465e-9d0d-c0ce9ef50015][tid:14][com.facebook.buck.cli.Main] Successfully terminated CPU executor service.
[2019-04-11 15:38:17.312][info ][command:b5e22b4c-f8e7-465e-9d0d-c0ce9ef50015][tid:14][com.facebook.buck.cli.Main] Awaiting termination of ScheduledExecutorService executor service. Waiting for all jobs to complete, or up to maximum of 60 seconds...
[2019-04-11 15:38:17.312][info ][command:b5e22b4c-f8e7-465e-9d0d-c0ce9ef50015][tid:14][com.facebook.buck.cli.Main] Successfully terminated ScheduledExecutorService executor service.
[2019-04-11 15:38:17.312][info ][command:b5e22b4c-f8e7-465e-9d0d-c0ce9ef50015][tid:14][com.facebook.buck.cli.Main] Awaiting termination of CounterAggregatorExecutor executor service. Waiting for all jobs to complete, or up to maximum of 20 seconds...
[2019-04-11 15:38:17.312][info ][command:b5e22b4c-f8e7-465e-9d0d-c0ce9ef50015][tid:14][com.facebook.buck.cli.Main] Successfully terminated CounterAggregatorExecutor executor service.
[2019-04-11 15:38:17.312][info ][command:b5e22b4c-f8e7-465e-9d0d-c0ce9ef50015][tid:14][com.facebook.buck.cli.Main] Awaiting termination of HTTP Read executor service. Waiting for all jobs to complete, or up to maximum of 1800 seconds...
[2019-04-11 15:38:17.312][info ][command:b5e22b4c-f8e7-465e-9d0d-c0ce9ef50015][tid:14][com.facebook.buck.cli.Main] Successfully terminated HTTP Read executor service.
[2019-04-11 15:38:17.312][info ][command:b5e22b4c-f8e7-465e-9d0d-c0ce9ef50015][tid:14][com.facebook.buck.cli.Main] Awaiting termination of Download Heavy Build HTTP Read executor service. Waiting for all jobs to complete, or up to maximum of 1800 seconds...
[2019-04-11 15:38:17.312][info ][command:b5e22b4c-f8e7-465e-9d0d-c0ce9ef50015][tid:14][com.facebook.buck.cli.Main] Successfully terminated Download Heavy Build HTTP Read executor service.
[2019-04-11 15:38:17.312][info ][command:b5e22b4c-f8e7-465e-9d0d-c0ce9ef50015][tid:14][com.facebook.buck.cli.Main] Awaiting termination of HTTP Write executor service. Waiting for all jobs to complete, or up to maximum of 1800 seconds...
[2019-04-11 15:38:17.312][info ][command:b5e22b4c-f8e7-465e-9d0d-c0ce9ef50015][tid:14][com.facebook.buck.cli.Main] Successfully terminated HTTP Write executor service.
[2019-04-11 15:38:17.312][info ][command:b5e22b4c-f8e7-465e-9d0d-c0ce9ef50015][tid:14][com.facebook.buck.cli.Main] Awaiting termination of Disk IO executor service. Waiting for all jobs to complete, or up to maximum of 10 seconds...
[2019-04-11 15:38:17.312][info ][command:b5e22b4c-f8e7-465e-9d0d-c0ce9ef50015][tid:14][com.facebook.buck.cli.Main] Successfully terminated Disk IO executor service.
[2019-04-11 15:38:17.312][debug][command:b5e22b4c-f8e7-465e-9d0d-c0ce9ef50015][tid:1414][com.google.common.util.concurrent.ServiceManager] Service ProcessTracker [TERMINATED] has terminated. Previous state was: STOPPING
[2019-04-11 15:38:17.312][debug][command:null][tid:62][com.facebook.buck.io.AsynchronousDirectoryContentsCleaner] Starting to clean buck-out/.trash
[2019-04-11 15:38:17.313][debug][command:null][tid:62][com.facebook.buck.io.AsynchronousDirectoryContentsCleaner] Done cleaning buck-out/.trash
[2019-04-11 15:38:17.313][debug][command:null][tid:66][com.facebook.buck.event.listener.ChromeTraceBuildListener] Writing Chrome trace to buck-out/log/2019-04-11_07h38m16s_buildcommand_b5e22b4c-f8e7-465e-9d0d-c0ce9ef50015/build.2019-04-11.15-38-16.b5e22b4c-f8e7-465e-9d0d-c0ce9ef50015.trace
[2019-04-11 15:38:17.316][warn ][command:null][tid:14][com.facebook.buck.cli.Main] Command failed:
com.facebook.buck.util.exceptions.BuckUncheckedExecutionException: When creating rules for //BuckTest:AppBinary.: com.facebook.buck.util.exceptions.BuckUncheckedExecutionException: When creating rules for //BuckTest:AppBinary.: com.facebook.buck.util.exceptions.BuckUncheckedExecutionException: When creating rules for //BuckTest:AppBinary#binary.: com.google.common.util.concurrent.UncheckedExecutionException: com.facebook.buck.util.exceptions.BuckUncheckedExecutionException: When creating rules for //Pods:FirebaseAuthInterop#iphonesimulator-x86_64,static.: com.facebook.buck.util.exceptions.BuckUncheckedExecutionException: When creating rules for //Pods:FirebaseAuthInterop#iphonesimulator-x86_64,static.: com.facebook.buck.core.exceptions.HumanReadableException: invalid extension "h": FirebaseAuthInterop/Interop/Auth/Public/FIRAuthInterop.h
	at com.facebook.buck.core.rules.resolver.impl.SingleThreadedActionGraphBuilder.computeIfAbsent(SingleThreadedActionGraphBuilder.java:101)
	at com.facebook.buck.core.rules.resolver.impl.SingleThreadedActionGraphBuilder.requireRule(SingleThreadedActionGraphBuilder.java:109)
	at com.facebook.buck.core.model.actiongraph.computation.SerialActionGraphFactory$1.visit(SerialActionGraphFactory.java:87)
	at com.facebook.buck.core.model.actiongraph.computation.SerialActionGraphFactory$1.visit(SerialActionGraphFactory.java:65)
	at com.facebook.buck.core.util.graph.AbstractBottomUpTraversal.traverse(AbstractBottomUpTraversal.java:51)
	at com.facebook.buck.core.util.graph.AbstractBottomUpTraversal.traverse(AbstractBottomUpTraversal.java:34)
	at com.facebook.buck.core.model.actiongraph.computation.SerialActionGraphFactory.create(SerialActionGraphFactory.java:90)
	at com.facebook.buck.core.model.actiongraph.computation.ActionGraphFactory.createActionGraph(ActionGraphFactory.java:102)
	at com.facebook.buck.core.model.actiongraph.computation.ActionGraphProvider.createActionGraph(ActionGraphProvider.java:213)
	at com.facebook.buck.core.model.actiongraph.computation.ActionGraphProvider.getActionGraph(ActionGraphProvider.java:154)
	at com.facebook.buck.cli.BuildCommand.createActionGraphAndResolver(BuildCommand.java:681)
	at com.facebook.buck.cli.BuildCommand.createGraphsAndTargets(BuildCommand.java:411)
	at com.facebook.buck.cli.BuildCommand.executeBuildAndProcessResult(BuildCommand.java:452)
	at com.facebook.buck.cli.BuildCommand.run(BuildCommand.java:372)
	at com.facebook.buck.cli.BuildCommand.runWithoutHelp(BuildCommand.java:338)
	at com.facebook.buck.cli.AbstractCommand.run(AbstractCommand.java:242)
	at com.facebook.buck.cli.AbstractContainerCommand.run(AbstractContainerCommand.java:79)
	at com.facebook.buck.cli.Main.runMainWithExitCode(Main.java:1300)
	at com.facebook.buck.cli.Main.runMainThenExit(Main.java:464)
	at com.facebook.buck.cli.Main.nailMain(Main.java:2412)
	at sun.reflect.NativeMethodAccessorImpl.invoke0(Native Method)
	at sun.reflect.NativeMethodAccessorImpl.invoke(NativeMethodAccessorImpl.java:62)
	at sun.reflect.DelegatingMethodAccessorImpl.invoke(DelegatingMethodAccessorImpl.java:43)
	at java.lang.reflect.Method.invoke(Method.java:498)
	at com.facebook.nailgun.NGSession.runImpl(NGSession.java:313)
	at com.facebook.nailgun.NGSession.run(NGSession.java:199)
Caused by: com.facebook.buck.util.exceptions.BuckUncheckedExecutionException: When creating rules for //BuckTest:AppBinary.: com.facebook.buck.util.exceptions.BuckUncheckedExecutionException: When creating rules for //BuckTest:AppBinary#binary.: com.google.common.util.concurrent.UncheckedExecutionException: com.facebook.buck.util.exceptions.BuckUncheckedExecutionException: When creating rules for //Pods:FirebaseAuthInterop#iphonesimulator-x86_64,static.: com.facebook.buck.util.exceptions.BuckUncheckedExecutionException: When creating rules for //Pods:FirebaseAuthInterop#iphonesimulator-x86_64,static.: com.facebook.buck.core.exceptions.HumanReadableException: invalid extension "h": FirebaseAuthInterop/Interop/Auth/Public/FIRAuthInterop.h
	at com.facebook.buck.core.rules.resolver.impl.SingleThreadedActionGraphBuilder.computeIfAbsent(SingleThreadedActionGraphBuilder.java:101)
	at com.facebook.buck.apple.AppleBinaryDescription.requireThinBinary(AppleBinaryDescription.java:480)
	at com.facebook.buck.apple.AppleBinaryDescription.createBinary(AppleBinaryDescription.java:458)
	at com.facebook.buck.apple.AppleBinaryDescription.createBinaryBuildRule(AppleBinaryDescription.java:264)
	at com.facebook.buck.apple.AppleBinaryDescription.createBuildRule(AppleBinaryDescription.java:218)
	at com.facebook.buck.apple.AppleBinaryDescription.createBuildRule(AppleBinaryDescription.java:87)
	at com.facebook.buck.core.rules.transformer.impl.DefaultTargetNodeToBuildRuleTransformer.transform(DefaultTargetNodeToBuildRuleTransformer.java:95)
	at com.facebook.buck.core.rules.resolver.impl.SingleThreadedActionGraphBuilder.lambda$requireRule$1(SingleThreadedActionGraphBuilder.java:114)
	at com.facebook.buck.core.rules.resolver.impl.SingleThreadedActionGraphBuilder.computeIfAbsent(SingleThreadedActionGraphBuilder.java:87)
	... 25 more
Caused by: com.facebook.buck.util.exceptions.BuckUncheckedExecutionException: When creating rules for //BuckTest:AppBinary#binary.: com.google.common.util.concurrent.UncheckedExecutionException: com.facebook.buck.util.exceptions.BuckUncheckedExecutionException: When creating rules for //Pods:FirebaseAuthInterop#iphonesimulator-x86_64,static.: com.facebook.buck.util.exceptions.BuckUncheckedExecutionException: When creating rules for //Pods:FirebaseAuthInterop#iphonesimulator-x86_64,static.: com.facebook.buck.core.exceptions.HumanReadableException: invalid extension "h": FirebaseAuthInterop/Interop/Auth/Public/FIRAuthInterop.h
	at com.facebook.buck.core.rules.resolver.impl.SingleThreadedActionGraphBuilder.computeIfAbsent(SingleThreadedActionGraphBuilder.java:101)
	at com.facebook.buck.cxx.CxxDescriptionEnhancer.createBuildRulesForCxxBinary(CxxDescriptionEnhancer.java:1009)
	at com.facebook.buck.cxx.CxxDescriptionEnhancer.createBuildRulesForCxxBinaryDescriptionArg(CxxDescriptionEnhancer.java:779)
	at com.facebook.buck.cxx.CxxBinaryFactory.createBuildRule(CxxBinaryFactory.java:134)
	at com.facebook.buck.apple.AppleBinaryDescription.lambda$requireThinBinary$7(AppleBinaryDescription.java:545)
	at com.facebook.buck.core.rules.resolver.impl.SingleThreadedActionGraphBuilder.computeIfAbsent(SingleThreadedActionGraphBuilder.java:87)
	... 33 more
Caused by: com.google.common.util.concurrent.UncheckedExecutionException: com.facebook.buck.util.exceptions.BuckUncheckedExecutionException: When creating rules for //Pods:FirebaseAuthInterop#iphonesimulator-x86_64,static.: com.facebook.buck.util.exceptions.BuckUncheckedExecutionException: When creating rules for //Pods:FirebaseAuthInterop#iphonesimulator-x86_64,static.: com.facebook.buck.core.exceptions.HumanReadableException: invalid extension "h": FirebaseAuthInterop/Interop/Auth/Public/FIRAuthInterop.h
	at com.google.common.cache.LocalCache$Segment.get(LocalCache.java:2218)
	at com.google.common.cache.LocalCache.get(LocalCache.java:4147)
	at com.google.common.cache.LocalCache$LocalManualCache.get(LocalCache.java:5053)
	at com.facebook.buck.cxx.CxxLibrary.getNativeLinkableInput(CxxLibrary.java:402)
	at com.facebook.buck.cxx.CxxLinkableEnhancer.lambda$createCxxLinkableBuildRule$1(CxxLinkableEnhancer.java:205)
	at java.util.stream.ReferencePipeline$3$1.accept(ReferencePipeline.java:193)
	at java.util.stream.ReferencePipeline$2$1.accept(ReferencePipeline.java:175)
	at java.util.Spliterators$ArraySpliterator.forEachRemaining(Spliterators.java:948)
	at java.util.stream.AbstractPipeline.copyInto(AbstractPipeline.java:481)
	at java.util.stream.AbstractPipeline.wrapAndCopyInto(AbstractPipeline.java:471)
	at java.util.stream.StreamSpliterators$WrappingSpliterator.forEachRemaining(StreamSpliterators.java:312)
	at java.util.stream.Streams$ConcatSpliterator.forEachRemaining(Streams.java:743)
	at java.util.stream.AbstractPipeline.copyInto(AbstractPipeline.java:481)
	at java.util.stream.AbstractPipeline.wrapAndCopyInto(AbstractPipeline.java:471)
	at java.util.stream.ReduceOps$ReduceOp.evaluateSequential(ReduceOps.java:708)
	at java.util.stream.AbstractPipeline.evaluate(AbstractPipeline.java:234)
	at java.util.stream.ReferencePipeline.collect(ReferencePipeline.java:499)
	at com.facebook.buck.cxx.CxxLinkableEnhancer.createCxxLinkableBuildRule(CxxLinkableEnhancer.java:217)
	at com.facebook.buck.cxx.CxxDescriptionEnhancer.lambda$createBuildRulesForCxxBinary$20(CxxDescriptionEnhancer.java:1014)
	at com.facebook.buck.core.rules.resolver.impl.SingleThreadedActionGraphBuilder.computeIfAbsent(SingleThreadedActionGraphBuilder.java:87)
	... 38 more
Caused by: com.facebook.buck.util.exceptions.BuckUncheckedExecutionException: When creating rules for //Pods:FirebaseAuthInterop#iphonesimulator-x86_64,static.: com.facebook.buck.util.exceptions.BuckUncheckedExecutionException: When creating rules for //Pods:FirebaseAuthInterop#iphonesimulator-x86_64,static.: com.facebook.buck.core.exceptions.HumanReadableException: invalid extension "h": FirebaseAuthInterop/Interop/Auth/Public/FIRAuthInterop.h
	at com.facebook.buck.core.rules.resolver.impl.SingleThreadedActionGraphBuilder.computeIfAbsent(SingleThreadedActionGraphBuilder.java:101)
	at com.facebook.buck.core.rules.resolver.impl.SingleThreadedActionGraphBuilder.requireRule(SingleThreadedActionGraphBuilder.java:109)
	at com.facebook.buck.cxx.CxxLibrary.requireBuildRule(CxxLibrary.java:411)
	at com.facebook.buck.cxx.CxxLibrary.computeNativeLinkableInputUncached(CxxLibrary.java:347)
	at com.facebook.buck.cxx.CxxLibrary.lambda$getNativeLinkableInput$4(CxxLibrary.java:403)
	at com.google.common.cache.LocalCache$LocalManualCache$1.load(LocalCache.java:5058)
	at com.google.common.cache.LocalCache$LoadingValueReference.loadFuture(LocalCache.java:3708)
	at com.google.common.cache.LocalCache$Segment.loadSync(LocalCache.java:2416)
	at com.google.common.cache.LocalCache$Segment.lockedGetOrLoad(LocalCache.java:2299)
	at com.google.common.cache.LocalCache$Segment.get(LocalCache.java:2212)
	... 57 more
Caused by: com.facebook.buck.util.exceptions.BuckUncheckedExecutionException: When creating rules for //Pods:FirebaseAuthInterop#iphonesimulator-x86_64,static.: com.facebook.buck.core.exceptions.HumanReadableException: invalid extension "h": FirebaseAuthInterop/Interop/Auth/Public/FIRAuthInterop.h
	at com.facebook.buck.core.rules.resolver.impl.SingleThreadedActionGraphBuilder.computeIfAbsent(SingleThreadedActionGraphBuilder.java:101)
	at com.facebook.buck.apple.AppleLibraryDescription.requireSingleArchUnstrippedBuildRule(AppleLibraryDescription.java:648)
	at com.facebook.buck.apple.AppleLibraryDescription.requireUnstrippedBuildRule(AppleLibraryDescription.java:575)
	at com.facebook.buck.apple.AppleLibraryDescription.createLibraryBuildRule(AppleLibraryDescription.java:473)
	at com.facebook.buck.apple.AppleLibraryDescription.createBuildRule(AppleLibraryDescription.java:373)
	at com.facebook.buck.apple.AppleLibraryDescription.createBuildRule(AppleLibraryDescription.java:111)
	at com.facebook.buck.core.rules.transformer.impl.DefaultTargetNodeToBuildRuleTransformer.transform(DefaultTargetNodeToBuildRuleTransformer.java:95)
	at com.facebook.buck.core.rules.resolver.impl.SingleThreadedActionGraphBuilder.lambda$requireRule$1(SingleThreadedActionGraphBuilder.java:114)
	at com.facebook.buck.core.rules.resolver.impl.SingleThreadedActionGraphBuilder.computeIfAbsent(SingleThreadedActionGraphBuilder.java:87)
	... 66 more
Caused by: com.facebook.buck.core.exceptions.HumanReadableException: invalid extension "h": FirebaseAuthInterop/Interop/Auth/Public/FIRAuthInterop.h
	at com.facebook.buck.cxx.CxxDescriptionEnhancer.resolveCxxSources(CxxDescriptionEnhancer.java:1362)
	at com.facebook.buck.cxx.CxxDescriptionEnhancer.parseCxxSources(CxxDescriptionEnhancer.java:452)
	at com.facebook.buck.cxx.CxxDescriptionEnhancer.parseCxxSources(CxxDescriptionEnhancer.java:421)
	at com.facebook.buck.cxx.CxxLibraryFactory.requireCxxObjects(CxxLibraryFactory.java:542)
	at com.facebook.buck.cxx.CxxLibraryFactory.requireObjects(CxxLibraryFactory.java:439)
	at com.facebook.buck.cxx.CxxLibraryFactory.createStaticLibraryBuildRule(CxxLibraryFactory.java:823)
	at com.facebook.buck.cxx.CxxLibraryFactory.createBuildRule(CxxLibraryFactory.java:236)
	at com.facebook.buck.apple.AppleLibraryDescription.lambda$requireSingleArchUnstrippedBuildRule$9(AppleLibraryDescription.java:653)
	at com.facebook.buck.core.rules.resolver.impl.SingleThreadedActionGraphBuilder.computeIfAbsent(SingleThreadedActionGraphBuilder.java:87)
	... 74 more

[2019-04-11 15:38:17.317][warn ][command:null][tid:14][com.facebook.buck.util.Console] Command failure: invalid extension "h": FirebaseAuthInterop/Interop/Auth/Public/FIRAuthInterop.h
    When creating rules for //Pods:FirebaseAuthInterop#iphonesimulator-x86_64,static.
    When creating rules for //Pods:FirebaseAuthInterop#iphonesimulator-x86_64,static.
    When creating rules for //BuckTest:AppBinary#binary.
    When creating rules for //BuckTest:AppBinary.
    When creating rules for //BuckTest:AppBinary.
[2019-04-11 15:38:17.317][debug][command:null][tid:14][com.facebook.buck.cli.Main] Done.
[2019-04-11 15:38:17.318][info ][command:null][tid:14][com.facebook.nailgun.NGSession] Nail cleanly exited with status 1
[2019-04-11 15:38:17.318][debug][command:null][tid:14][com.facebook.nailgun.NGCommunicator] Shutting down socket for input
[2019-04-11 15:38:17.318][debug][command:null][tid:14][com.facebook.nailgun.NGCommunicator] Shutting down socket for output
[2019-04-11 15:38:17.318][debug][command:null][tid:14][com.facebook.nailgun.NGCommunicator] Shutting down read ExecutorService
[2019-04-11 15:38:17.318][debug][command:null][tid:1404][com.facebook.nailgun.NGCommunicator] Socket is disconnected
[2019-04-11 15:38:17.318][debug][command:null][tid:1404][com.facebook.nailgun.NGCommunicator] Nailgun client disconnected
[2019-04-11 15:38:17.318][debug][command:null][tid:14][com.facebook.nailgun.NGCommunicator] Shutting down orchestrator ExecutorService
[2019-04-11 15:38:17.318][debug][command:null][tid:1404][com.facebook.nailgun.NGCommunicator] Orchestrator thread finished
[2019-04-11 15:38:17.318][debug][command:null][tid:14][com.facebook.nailgun.NGSession] NGSession 1 is closing client socket
[2019-04-11 15:38:32.874][debug][command:null][tid:14][com.facebook.nailgun.NGSession] NGSession 1 accepted new connection
[2019-04-11 15:38:32.876][debug][command:null][tid:1438][com.facebook.nailgun.NGCommunicator] Orchestrator thread started
[2019-04-11 15:38:32.876][debug][command:null][tid:14][com.facebook.nailgun.NGCommunicator] Shutting down socket for input
[2019-04-11 15:38:32.877][debug][command:null][tid:14][com.facebook.nailgun.NGCommunicator] Shutting down socket for output
[2019-04-11 15:38:32.877][debug][command:null][tid:1438][com.facebook.nailgun.NGCommunicator] Socket is disconnected
[2019-04-11 15:38:32.877][debug][command:null][tid:1438][com.facebook.nailgun.NGCommunicator] Nailgun client disconnected
[2019-04-11 15:38:32.877][debug][command:null][tid:1438][com.facebook.nailgun.NGCommunicator] Orchestrator thread finished
[2019-04-11 15:38:32.877][debug][command:null][tid:14][com.facebook.nailgun.NGCommunicator] Shutting down read ExecutorService
[2019-04-11 15:38:32.877][debug][command:null][tid:14][com.facebook.nailgun.NGCommunicator] Shutting down orchestrator ExecutorService
[2019-04-11 15:38:32.877][debug][command:null][tid:14][com.facebook.nailgun.NGSession] NGSession 1 is closing client socket
[2019-04-11 15:38:32.888][debug][command:null][tid:14][com.facebook.nailgun.NGSession] NGSession 1 accepted new connection
[2019-04-11 15:38:32.890][debug][command:null][tid:1440][com.facebook.nailgun.NGCommunicator] Orchestrator thread started
[2019-04-11 15:38:32.890][debug][command:null][tid:14][com.facebook.buck.util.config.Configs] Loading configuration for /Users/stevenlee/Downloads/BuckTest 3
[2019-04-11 15:38:32.891][debug][command:null][tid:14][com.facebook.buck.util.config.Configs] Loaded project configuration file /Users/stevenlee/Downloads/BuckTest 3/.buckconfig
[2019-04-11 15:38:32.891][debug][command:null][tid:14][com.facebook.buck.util.config.Configs] Adding configuration overrides RawConfig{values={}}
[2019-04-11 15:38:32.892][debug][command:null][tid:14][com.facebook.buck.cli.Main] Rotating log.
