[2019-04-13 23:14:55.644][debug][command:null][tid:14][com.facebook.buck.cli.Main] Starting up (build date 1970-01-01 07:29:59 +0730, rev ad23befe7c1a36c999860af0af69e726f1c8e423), args: [build, //BuckTest:BuckTest]
[2019-04-13 23:14:55.649][debug][command:null][tid:14][com.facebook.buck.cli.Main] System properties: {java.vendor=Oracle Corporation, sun.java.launcher=SUN_STANDARD, sun.management.compiler=HotSpot 64-Bit Tiered Compilers, jnidispatch.path=/Users/stevenlee/Downloads/BuckTest 3/.buckd/tmp/buck_run.MYLnMR/jna-1522160945/jna7580457604094113883.tmp, os.name=Mac OS X, buck.enable_objc=true, sun.boot.class.path=/Library/Java/JavaVirtualMachines/jdk1.8.0_201.jdk/Contents/Home/jre/lib/resources.jar:/Library/Java/JavaVirtualMachines/jdk1.8.0_201.jdk/Contents/Home/jre/lib/rt.jar:/Library/Java/JavaVirtualMachines/jdk1.8.0_201.jdk/Contents/Home/jre/lib/sunrsasign.jar:/Library/Java/JavaVirtualMachines/jdk1.8.0_201.jdk/Contents/Home/jre/lib/jsse.jar:/Library/Java/JavaVirtualMachines/jdk1.8.0_201.jdk/Contents/Home/jre/lib/jce.jar:/Library/Java/JavaVirtualMachines/jdk1.8.0_201.jdk/Contents/Home/jre/lib/charsets.jar:/Library/Java/JavaVirtualMachines/jdk1.8.0_201.jdk/Contents/Home/jre/lib/jfr.jar:/Library/Java/JavaVirtualMachines/jdk1.8.0_201.jdk/Contents/Home/jre/classes, user.country.format=SG, buck.module.resources=/Users/stevenlee/Downloads/BuckTest 3/.buckd/resources/ad23befe7c1a36c999860af0af69e726f1c8e423/buck-modules-resources, pf4j.pluginsDir=/Users/stevenlee/Downloads/BuckTest 3/.buckd/resources/ad23befe7c1a36c999860af0af69e726f1c8e423/buck-modules, buck.resource_lock_path=/Users/stevenlee/Downloads/BuckTest 3/.buckd/resources/ad23befe7c1a36c999860af0af69e726f1c8e423/.buck_lock, buck.path_to_isolated_trampoline=/Users/stevenlee/Downloads/BuckTest 3/.buckd/resources/ad23befe7c1a36c999860af0af69e726f1c8e423/path_to_isolated_trampoline, java.vm.specification.vendor=Oracle Corporation, java.runtime.version=1.8.0_201-b09, jna.loaded=true, buck.testrunner_classes=/Users/stevenlee/Downloads/BuckTest 3/.buckd/resources/ad23befe7c1a36c999860af0af69e726f1c8e423/testrunner_classes, buck.logging_config_file=/Users/stevenlee/Downloads/BuckTest 3/.buckd/resources/ad23befe7c1a36c999860af0af69e726f1c8e423/logging_config_file, buck.path_to_sh_binary_template=/Users/stevenlee/Downloads/BuckTest 3/.buckd/resources/ad23befe7c1a36c999860af0af69e726f1c8e423/path_to_sh_binary_template, user.name=stevenlee, com.facebook.nailgun.NGServer.outputPath=/Users/stevenlee/Downloads/BuckTest 3/.buckd/tmp/buck_run.MYLnMR/ngserver-out, buck.path_to_pywatchman=/Users/stevenlee/Downloads/BuckTest 3/.buckd/resources/ad23befe7c1a36c999860af0af69e726f1c8e423/path_to_pywatchman, buck.report_generator_jar=/Users/stevenlee/Downloads/BuckTest 3/.buckd/resources/ad23befe7c1a36c999860af0af69e726f1c8e423/report_generator_jar, buck.git_commit=ad23befe7c1a36c999860af0af69e726f1c8e423, user.language=en, sun.boot.library.path=/Library/Java/JavaVirtualMachines/jdk1.8.0_201.jdk/Contents/Home/jre/lib, jna.nosys=true, java.version=1.8.0_201, user.timezone=Asia/Singapore, buck.test_util_no_tests_dir=true, sun.arch.data.model=64, http.nonProxyHosts=local|*.local|169.254/16|*.169.254/16, java.endorsed.dirs=/Library/Java/JavaVirtualMachines/jdk1.8.0_201.jdk/Contents/Home/jre/lib/endorsed, sun.cpu.isalist=, sun.jnu.encoding=UTF-8, file.encoding.pkg=sun.io, file.separator=/, java.specification.name=Java Platform API Specification, buck.jacoco_agent_jar=/Users/stevenlee/Downloads/BuckTest 3/.buckd/resources/ad23befe7c1a36c999860af0af69e726f1c8e423/jacoco_agent_jar, java.class.version=52.0, user.country=GB, buck.binary_hash=dbcee53f32f7fa760cef191b77064a13, java.home=/Library/Java/JavaVirtualMachines/jdk1.8.0_201.jdk/Contents/Home/jre, buck.fix_script=/Users/stevenlee/Downloads/BuckTest 3/.buckd/resources/ad23befe7c1a36c999860af0af69e726f1c8e423/fix_script, java.vm.info=mixed mode, os.version=10.14.4, buck.version_uid=ad23befe7c1a36c999860af0af69e726f1c8e423, org.eclipse.jetty.util.log.class=org.eclipse.jetty.util.log.JavaUtilLog, path.separator=:, java.vm.version=25.201-b09, java.awt.printerjob=sun.lwawt.macosx.CPrinterJob, sun.io.unicode.encoding=UnicodeBig, awt.toolkit=sun.lwawt.macosx.LWCToolkit, buck.mode=package, buck.buck_build_type_info=/Users/stevenlee/Downloads/BuckTest 3/.buckd/resources/ad23befe7c1a36c999860af0af69e726f1c8e423/buck_build_type_info, socksNonProxyHosts=local|*.local|169.254/16|*.169.254/16, ftp.nonProxyHosts=local|*.local|169.254/16|*.169.254/16, buck.dx=/Users/stevenlee/Downloads/BuckTest 3/.buckd/resources/ad23befe7c1a36c999860af0af69e726f1c8e423/dx, buck.git_commit_timestamp=-1, user.home=/Users/stevenlee, java.specification.vendor=Oracle Corporation, buck.git_dirty=0, java.library.path=/Users/stevenlee/Downloads/BuckTest 3/.buckd/resources/ad23befe7c1a36c999860af0af69e726f1c8e423, java.vendor.url=http://java.oracle.com/, java.vm.vendor=Oracle Corporation, gopherProxySet=false, java.runtime.name=Java(TM) SE Runtime Environment, sun.java.command=com.facebook.buck.cli.bootstrapper.ClassLoaderBootstrapper com.facebook.buck.cli.Main$DaemonBootstrap local:.buckd/sock 180000, java.class.path=/Users/stevenlee/Downloads/BuckTest 3/.buckd/resources/ad23befe7c1a36c999860af0af69e726f1c8e423/bootstrapper_jar, buck.buckd_dir=/Users/stevenlee/Downloads/BuckTest 3/.buckd, buck.path_to_pathlib_py=/Users/stevenlee/Downloads/BuckTest 3/.buckd/resources/ad23befe7c1a36c999860af0af69e726f1c8e423/pathlib.py, buck.buckd_launch_time_nanos=253965445725020, java.vm.specification.name=Java Virtual Machine Specification, java.vm.specification.version=1.8, sun.cpu.endian=little, sun.os.patch.level=unknown, java.awt.headless=true, java.io.tmpdir=/Users/stevenlee/Downloads/BuckTest 3/.buckd/tmp/buck_run.MYLnMR, buck.android_agent_path=/Users/stevenlee/Downloads/BuckTest 3/.buckd/resources/ad23befe7c1a36c999860af0af69e726f1c8e423/android_agent_path, java.vendor.url.bug=http://bugreport.sun.com/bugreport/, buck.path_to_python_dsl=, jna.platform.library.path=/usr/lib:/usr/lib, os.arch=x86_64, java.awt.graphicsenv=sun.awt.CGraphicsEnvironment, java.ext.dirs=/Users/stevenlee/Library/Java/Extensions:/Library/Java/JavaVirtualMachines/jdk1.8.0_201.jdk/Contents/Home/jre/lib/ext:/Library/Java/Extensions:/Network/Library/Java/Extensions:/System/Library/Java/Extensions:/usr/lib/java, java.util.logging.config.class=com.facebook.buck.cli.bootstrapper.LogConfig, buck.path_to_six_py=/Users/stevenlee/Downloads/BuckTest 3/.buckd/resources/ad23befe7c1a36c999860af0af69e726f1c8e423/six.py, user.dir=/Users/stevenlee/Downloads/BuckTest 3, java.nio.file.spi.DefaultFileSystemProvider=com.facebook.buck.cli.bootstrapper.filesystem.BuckFileSystemProvider, line.separator=
, java.vm.name=Java HotSpot(TM) 64-Bit Server VM, buck.path_to_typing=/Users/stevenlee/Downloads/BuckTest 3/.buckd/resources/ad23befe7c1a36c999860af0af69e726f1c8e423/path_to_typing, buck.native_exopackage_fake_path=/Users/stevenlee/Downloads/BuckTest 3/.buckd/resources/ad23befe7c1a36c999860af0af69e726f1c8e423/native_exopackage_fake_path, file.encoding=UTF-8, java.specification.version=1.8}
[2019-04-13 23:14:55.649][debug][command:null][tid:14][com.facebook.buck.util.config.Configs] Loading configuration for /Users/stevenlee/Downloads/BuckTest 3
[2019-04-13 23:14:55.650][debug][command:null][tid:14][com.facebook.buck.util.config.Configs] Loaded project configuration file /Users/stevenlee/Downloads/BuckTest 3/.buckconfig
[2019-04-13 23:14:55.650][debug][command:null][tid:14][com.facebook.buck.util.config.Configs] Adding configuration overrides RawConfig{values={}}
[2019-04-13 23:14:55.651][info ][command:null][tid:14][com.facebook.buck.io.watchman.WatchmanFactory] Creating for: [/Users/stevenlee/Downloads/BuckTest 3]
[2019-04-13 23:14:55.651][debug][command:null][tid:14][com.facebook.buck.io.ExecutableFinder] Executable 'watchman' mapped to 'Optional[/usr/local/bin/watchman]'
[2019-04-13 23:14:55.651][debug][command:null][tid:14][com.facebook.buck.util.ListeningProcessExecutor] Launching process with params ProcessExecutorParams{command=[/usr/local/bin/watchman, --output-encoding=bser, get-sockname]}
[2019-04-13 23:14:55.652][debug][command:null][tid:14][com.facebook.buck.util.ListeningProcessExecutor] Successfully launched process com.zaxxer.nuprocess.osx.OsxProcess@11eed15d
[2019-04-13 23:14:55.652][debug][command:null][tid:14][com.facebook.buck.util.ListeningProcessExecutor] Waiting for process com.facebook.buck.util.ListeningProcessExecutor$LaunchedProcessImpl@317f1f54 timeout 1000000000 NANOSECONDS
[2019-04-13 23:14:55.665][debug][command:null][tid:14][com.facebook.buck.util.ListeningProcessExecutor] Wait for process returned 0
[2019-04-13 23:14:55.665][debug][command:null][tid:14][com.facebook.buck.io.watchman.WatchmanFactory] Waited 13 ms for Watchman command get-sockname, exit code 0
[2019-04-13 23:14:55.665][debug][command:null][tid:14][com.facebook.buck.io.watchman.WatchmanFactory] stdout of command: {sockname=/usr/local/var/run/watchman/stevenlee-state/sock, version=4.9.0}
[2019-04-13 23:14:55.666][info ][command:null][tid:14][com.facebook.buck.io.watchman.WatchmanFactory] Connecting to Watchman version 4.9.0 at /usr/local/var/run/watchman/stevenlee-state/sock
[2019-04-13 23:14:55.666][debug][command:null][tid:14][com.facebook.buck.io.watchman.WatchmanTransportClient] Query [version, {required=[cmd-watch-project], optional=[term-dirname, cmd-watch-project, wildmatch, wildmatch_multislash, glob_generator, clock-sync-timeout]}] returned in 0 ms
[2019-04-13 23:14:55.666][info ][command:null][tid:14][com.facebook.buck.io.watchman.WatchmanFactory] Took 0 ms to query capabilities {term-dirname=DIRNAME, cmd-watch-project=SUPPORTS_PROJECT_WATCH, wildmatch=WILDMATCH_GLOB, wildmatch_multislash=WILDMATCH_MULTISLASH, glob_generator=GLOB_GENERATOR, clock-sync-timeout=CLOCK_SYNC_TIMEOUT}
[2019-04-13 23:14:55.666][debug][command:null][tid:14][com.facebook.buck.io.watchman.WatchmanFactory] Got capabilities response: {clock-sync-timeout=true, glob_generator=true, wildmatch_multislash=false, cmd-watch-project=true, wildmatch=true, term-dirname=true}
[2019-04-13 23:14:55.666][debug][command:null][tid:14][com.facebook.buck.io.watchman.WatchmanFactory] Got Watchman capabilities: [CLOCK_SYNC_TIMEOUT, GLOB_GENERATOR, SUPPORTS_PROJECT_WATCH, WILDMATCH_GLOB, DIRNAME]
[2019-04-13 23:14:55.666][info ][command:null][tid:14][com.facebook.buck.io.watchman.WatchmanFactory] Adding watchman root: /Users/stevenlee/Downloads/BuckTest 3
[2019-04-13 23:14:55.666][debug][command:null][tid:14][com.facebook.buck.io.watchman.WatchmanTransportClient] Query [watch-project, /Users/stevenlee/Downloads/BuckTest 3] returned in 0 ms
[2019-04-13 23:14:55.667][debug][command:null][tid:14][com.facebook.buck.io.watchman.WatchmanTransportClient] Query [watch-project, /Users/stevenlee/Downloads/BuckTest 3] returned in 0 ms
[2019-04-13 23:14:55.667][info ][command:null][tid:14][com.facebook.buck.io.watchman.WatchmanFactory] Took 0 ms to add root /Users/stevenlee/Downloads/BuckTest 3
[2019-04-13 23:14:55.675][debug][command:null][tid:14][com.facebook.buck.io.watchman.WatchmanTransportClient] Query [clock, /Users/stevenlee/Downloads/BuckTest 3, {sync_timeout=100}] returned in 8 ms
[2019-04-13 23:14:55.675][info ][command:null][tid:14][com.facebook.buck.io.watchman.WatchmanFactory] Took 8 ms to query for initial clock id Optional[c:1554802630:396:1:22924]
[2019-04-13 23:14:55.675][debug][command:null][tid:14][com.facebook.buck.io.watchman.WatchmanFactory] Connected to Watchman
[2019-04-13 23:14:55.675][debug][command:null][tid:14][com.facebook.buck.io.watchman.WatchmanTransportClient] Closing Watchman transport.
[2019-04-13 23:14:55.676][debug][command:null][tid:14][com.facebook.buck.cli.Main] Watchman capabilities: [CLOCK_SYNC_TIMEOUT, GLOB_GENERATOR, SUPPORTS_PROJECT_WATCH, WILDMATCH_GLOB, DIRNAME] Project watches: {/Users/stevenlee/Downloads/BuckTest 3=ProjectWatch{watchRoot=/Users/stevenlee/Downloads/BuckTest 3}} Glob handler config: PYTHON Query timeout ms config: Optional.empty
[2019-04-13 23:14:55.688][debug][command:null][tid:14][com.facebook.buck.apple.toolchain.impl.AppleToolchainDiscovery] Searching for Xcode toolchains under /Users/stevenlee/Downloads/Xcode.app/Contents/Developer/Toolchains
[2019-04-13 23:14:55.688][debug][command:null][tid:14][com.facebook.buck.apple.toolchain.impl.AppleToolchainDiscovery] Searching for Xcode toolchains in /Users/stevenlee/Downloads/Xcode.app/Contents/Developer/Toolchains
[2019-04-13 23:14:55.688][debug][command:null][tid:14][com.facebook.buck.apple.toolchain.impl.AppleToolchainDiscovery] Getting identifier for for Xcode toolchain under /Users/stevenlee/Downloads/Xcode.app/Contents/Developer/Toolchains/XcodeDefault.xctoolchain
[2019-04-13 23:14:55.688][debug][command:null][tid:14][com.facebook.buck.apple.toolchain.impl.AppleToolchainDiscovery] Mapped SDK identifier com.apple.dt.toolchain.XcodeDefault to path /Users/stevenlee/Downloads/Xcode.app/Contents/Developer/Toolchains/XcodeDefault.xctoolchain
[2019-04-13 23:14:55.688][debug][command:null][tid:14][com.facebook.buck.apple.toolchain.impl.AppleSdkDiscovery] Searching for Xcode platforms under /Users/stevenlee/Downloads/Xcode.app/Contents/Developer/Platforms
[2019-04-13 23:14:55.688][debug][command:null][tid:14][com.facebook.buck.apple.toolchain.impl.AppleSdkDiscovery] Searching for Xcode SDKs in /Users/stevenlee/Downloads/Xcode.app/Contents/Developer/Platforms
[2019-04-13 23:14:55.688][debug][command:null][tid:14][com.facebook.buck.apple.toolchain.impl.AppleSdkDiscovery] Fetching SDK name for /Users/stevenlee/Downloads/Xcode.app/Contents/Developer/Platforms/AppleTVOS.platform/Developer/SDKs/AppleTVOS12.1.sdk
[2019-04-13 23:14:55.689][debug][command:null][tid:14][com.facebook.buck.apple.toolchain.impl.AppleSdkDiscovery] Found SDK AppleSdk{name=appletvos12.1, version=12.1, applePlatform=ApplePlatform{name=appletvos, provisioningProfileName=tvOS, architectures=[arm64], minVersionFlagPrefix=-mtvos-version-min=, appIncludesFrameworks=false}, architectures=[arm64], toolchains=[AppleToolchain{identifier=com.apple.dt.toolchain.XcodeDefault, path=/Users/stevenlee/Downloads/Xcode.app/Contents/Developer/Toolchains/XcodeDefault.xctoolchain}]}
[2019-04-13 23:14:55.689][debug][command:null][tid:14][com.facebook.buck.apple.toolchain.impl.AppleSdkDiscovery] Fetching SDK name for /Users/stevenlee/Downloads/Xcode.app/Contents/Developer/Platforms/AppleTVOS.platform/Developer/SDKs/AppleTVOS.sdk
[2019-04-13 23:14:55.689][debug][command:null][tid:14][com.facebook.buck.apple.toolchain.impl.AppleSdkDiscovery] Skipping already scanned SDK directory /Users/stevenlee/Downloads/Xcode.app/Contents/Developer/Platforms/AppleTVOS.platform/Developer/SDKs/AppleTVOS.sdk
[2019-04-13 23:14:55.689][debug][command:null][tid:14][com.facebook.buck.apple.toolchain.impl.AppleSdkDiscovery] Fetching SDK name for /Users/stevenlee/Downloads/Xcode.app/Contents/Developer/Platforms/iPhoneOS.platform/Developer/SDKs/iPhoneOS.sdk
[2019-04-13 23:14:55.689][debug][command:null][tid:14][com.facebook.buck.apple.toolchain.impl.AppleSdkDiscovery] Found SDK AppleSdk{name=iphoneos12.1, version=12.1, applePlatform=ApplePlatform{name=iphoneos, swiftName=ios, provisioningProfileName=iOS, architectures=[armv7, arm64], minVersionFlagPrefix=-mios-version-min=, stubBinaryPath=Library/Application Support/WatchKit/WK, appIncludesFrameworks=false}, architectures=[armv7, arm64], toolchains=[AppleToolchain{identifier=com.apple.dt.toolchain.XcodeDefault, path=/Users/stevenlee/Downloads/Xcode.app/Contents/Developer/Toolchains/XcodeDefault.xctoolchain}]}
[2019-04-13 23:14:55.689][debug][command:null][tid:14][com.facebook.buck.apple.toolchain.impl.AppleSdkDiscovery] Fetching SDK name for /Users/stevenlee/Downloads/Xcode.app/Contents/Developer/Platforms/iPhoneOS.platform/Developer/SDKs/iPhoneOS12.1.sdk
[2019-04-13 23:14:55.689][debug][command:null][tid:14][com.facebook.buck.apple.toolchain.impl.AppleSdkDiscovery] Skipping already scanned SDK directory /Users/stevenlee/Downloads/Xcode.app/Contents/Developer/Platforms/iPhoneOS.platform/Developer/SDKs/iPhoneOS.sdk
[2019-04-13 23:14:55.689][debug][command:null][tid:14][com.facebook.buck.apple.toolchain.impl.AppleSdkDiscovery] Fetching SDK name for /Users/stevenlee/Downloads/Xcode.app/Contents/Developer/Platforms/WatchOS.platform/Developer/SDKs/WatchOS.sdk
[2019-04-13 23:14:55.689][debug][command:null][tid:14][com.facebook.buck.apple.toolchain.impl.AppleSdkDiscovery] Found SDK AppleSdk{name=watchos5.1, version=5.1, applePlatform=ApplePlatform{name=watchos, provisioningProfileName=iOS, architectures=[armv7k, arm64_32], minVersionFlagPrefix=-mwatchos-version-min=, stubBinaryPath=Library/Application Support/WatchKit/WK, appIncludesFrameworks=false}, architectures=[armv7k, arm64_32], toolchains=[AppleToolchain{identifier=com.apple.dt.toolchain.XcodeDefault, path=/Users/stevenlee/Downloads/Xcode.app/Contents/Developer/Toolchains/XcodeDefault.xctoolchain}]}
[2019-04-13 23:14:55.690][debug][command:null][tid:14][com.facebook.buck.apple.toolchain.impl.AppleSdkDiscovery] Fetching SDK name for /Users/stevenlee/Downloads/Xcode.app/Contents/Developer/Platforms/WatchOS.platform/Developer/SDKs/WatchOS5.1.sdk
[2019-04-13 23:14:55.690][debug][command:null][tid:14][com.facebook.buck.apple.toolchain.impl.AppleSdkDiscovery] Skipping already scanned SDK directory /Users/stevenlee/Downloads/Xcode.app/Contents/Developer/Platforms/WatchOS.platform/Developer/SDKs/WatchOS.sdk
[2019-04-13 23:14:55.690][debug][command:null][tid:14][com.facebook.buck.apple.toolchain.impl.AppleSdkDiscovery] Fetching SDK name for /Users/stevenlee/Downloads/Xcode.app/Contents/Developer/Platforms/MacOSX.platform/Developer/SDKs/MacOSX10.14.sdk
[2019-04-13 23:14:55.690][debug][command:null][tid:14][com.facebook.buck.apple.toolchain.impl.AppleSdkDiscovery] Found SDK AppleSdk{name=macosx10.14, version=10.14, applePlatform=ApplePlatform{name=macosx, architectures=[i386, x86_64], minVersionFlagPrefix=-mmacosx-version-min=, appIncludesFrameworks=true}, architectures=[i386, x86_64], toolchains=[AppleToolchain{identifier=com.apple.dt.toolchain.XcodeDefault, path=/Users/stevenlee/Downloads/Xcode.app/Contents/Developer/Toolchains/XcodeDefault.xctoolchain}]}
[2019-04-13 23:14:55.690][debug][command:null][tid:14][com.facebook.buck.apple.toolchain.impl.AppleSdkDiscovery] Fetching SDK name for /Users/stevenlee/Downloads/Xcode.app/Contents/Developer/Platforms/MacOSX.platform/Developer/SDKs/MacOSX.sdk
[2019-04-13 23:14:55.690][debug][command:null][tid:14][com.facebook.buck.apple.toolchain.impl.AppleSdkDiscovery] Skipping already scanned SDK directory /Users/stevenlee/Downloads/Xcode.app/Contents/Developer/Platforms/MacOSX.platform/Developer/SDKs/MacOSX.sdk
[2019-04-13 23:14:55.690][debug][command:null][tid:14][com.facebook.buck.apple.toolchain.impl.AppleSdkDiscovery] Fetching SDK name for /Users/stevenlee/Downloads/Xcode.app/Contents/Developer/Platforms/WatchSimulator.platform/Developer/SDKs/WatchSimulator.sdk
[2019-04-13 23:14:55.690][debug][command:null][tid:14][com.facebook.buck.apple.toolchain.impl.AppleSdkDiscovery] Found SDK AppleSdk{name=watchsimulator5.1, version=5.1, applePlatform=ApplePlatform{name=watchsimulator, architectures=[i386, x86_64], minVersionFlagPrefix=-mwatchos-simulator-version-min=, stubBinaryPath=Library/Application Support/WatchKit/WK, appIncludesFrameworks=false}, architectures=[i386, x86_64], toolchains=[AppleToolchain{identifier=com.apple.dt.toolchain.XcodeDefault, path=/Users/stevenlee/Downloads/Xcode.app/Contents/Developer/Toolchains/XcodeDefault.xctoolchain}]}
[2019-04-13 23:14:55.690][debug][command:null][tid:14][com.facebook.buck.apple.toolchain.impl.AppleSdkDiscovery] Fetching SDK name for /Users/stevenlee/Downloads/Xcode.app/Contents/Developer/Platforms/WatchSimulator.platform/Developer/SDKs/WatchSimulator5.1.sdk
[2019-04-13 23:14:55.690][debug][command:null][tid:14][com.facebook.buck.apple.toolchain.impl.AppleSdkDiscovery] Skipping already scanned SDK directory /Users/stevenlee/Downloads/Xcode.app/Contents/Developer/Platforms/WatchSimulator.platform/Developer/SDKs/WatchSimulator.sdk
[2019-04-13 23:14:55.690][debug][command:null][tid:14][com.facebook.buck.apple.toolchain.impl.AppleSdkDiscovery] Fetching SDK name for /Users/stevenlee/Downloads/Xcode.app/Contents/Developer/Platforms/AppleTVSimulator.platform/Developer/SDKs/AppleTVSimulator.sdk
[2019-04-13 23:14:55.691][debug][command:null][tid:14][com.facebook.buck.apple.toolchain.impl.AppleSdkDiscovery] Found SDK AppleSdk{name=appletvsimulator12.1, version=12.1, applePlatform=ApplePlatform{name=appletvsimulator, swiftName=tvos, architectures=[x86_64], minVersionFlagPrefix=-mtvos-simulator-version-min=, appIncludesFrameworks=false}, architectures=[x86_64], toolchains=[AppleToolchain{identifier=com.apple.dt.toolchain.XcodeDefault, path=/Users/stevenlee/Downloads/Xcode.app/Contents/Developer/Toolchains/XcodeDefault.xctoolchain}]}
[2019-04-13 23:14:55.691][debug][command:null][tid:14][com.facebook.buck.apple.toolchain.impl.AppleSdkDiscovery] Fetching SDK name for /Users/stevenlee/Downloads/Xcode.app/Contents/Developer/Platforms/AppleTVSimulator.platform/Developer/SDKs/AppleTVSimulator12.1.sdk
[2019-04-13 23:14:55.691][debug][command:null][tid:14][com.facebook.buck.apple.toolchain.impl.AppleSdkDiscovery] Skipping already scanned SDK directory /Users/stevenlee/Downloads/Xcode.app/Contents/Developer/Platforms/AppleTVSimulator.platform/Developer/SDKs/AppleTVSimulator.sdk
[2019-04-13 23:14:55.691][debug][command:null][tid:14][com.facebook.buck.apple.toolchain.impl.AppleSdkDiscovery] Fetching SDK name for /Users/stevenlee/Downloads/Xcode.app/Contents/Developer/Platforms/iPhoneSimulator.platform/Developer/SDKs/iPhoneSimulator.sdk
[2019-04-13 23:14:55.691][debug][command:null][tid:14][com.facebook.buck.apple.toolchain.impl.AppleSdkDiscovery] Found SDK AppleSdk{name=iphonesimulator12.1, version=12.1, applePlatform=ApplePlatform{name=iphonesimulator, swiftName=ios, architectures=[i386, x86_64], minVersionFlagPrefix=-mios-simulator-version-min=, stubBinaryPath=Library/Application Support/WatchKit/WK, appIncludesFrameworks=false}, architectures=[i386, x86_64], toolchains=[AppleToolchain{identifier=com.apple.dt.toolchain.XcodeDefault, path=/Users/stevenlee/Downloads/Xcode.app/Contents/Developer/Toolchains/XcodeDefault.xctoolchain}]}
[2019-04-13 23:14:55.691][debug][command:null][tid:14][com.facebook.buck.apple.toolchain.impl.AppleSdkDiscovery] Fetching SDK name for /Users/stevenlee/Downloads/Xcode.app/Contents/Developer/Platforms/iPhoneSimulator.platform/Developer/SDKs/iPhoneSimulator12.1.sdk
[2019-04-13 23:14:55.691][debug][command:null][tid:14][com.facebook.buck.apple.toolchain.impl.AppleSdkDiscovery] Skipping already scanned SDK directory /Users/stevenlee/Downloads/Xcode.app/Contents/Developer/Platforms/iPhoneSimulator.platform/Developer/SDKs/iPhoneSimulator.sdk
[2019-04-13 23:14:55.691][warn ][command:null][tid:14][com.facebook.buck.core.toolchain.impl.DefaultToolchainProvider] Cannot create a toolchain: android-ndk-location. Cause: Android NDK could not be found. Make sure to set one of these  environment variables: ANDROID_NDK_REPOSITORY, ANDROID_NDK, or NDK_HOME or ndk.ndk_path or ndk.ndk_repository_path in your .buckconfig
[2019-04-13 23:14:55.693][debug][command:57a4bea2-d50e-40eb-b542-8e6088f28f65][tid:14][com.facebook.buck.event.listener.RenderingConsole] Starting render scheduler (interval 100 ms)
[2019-04-13 23:14:55.694][debug][command:57a4bea2-d50e-40eb-b542-8e6088f28f65][tid:14][com.google.common.util.concurrent.ServiceManager] Starting PerfStatsTracking [STARTING].
[2019-04-13 23:14:55.694][debug][command:57a4bea2-d50e-40eb-b542-8e6088f28f65][tid:14][com.google.common.util.concurrent.ServiceManager] Starting ProcessTracker [STARTING].
[2019-04-13 23:14:55.694][debug][command:57a4bea2-d50e-40eb-b542-8e6088f28f65][tid:14][com.facebook.buck.util.environment.MacWifiSsidFinder] Getting current SSID..
[2019-04-13 23:14:55.694][debug][command:null][tid:5458][com.facebook.buck.util.perf.ProcessTracker] startUp
[2019-04-13 23:14:55.694][debug][command:null][tid:5457][com.google.common.util.concurrent.ServiceManager] Started PerfStatsTracking [RUNNING] in 774.8 Î¼s.
[2019-04-13 23:14:55.695][debug][command:57a4bea2-d50e-40eb-b542-8e6088f28f65][tid:14][com.facebook.buck.util.environment.MacWifiSsidFinder] Getting SSID from Wi-Fi interface: <CWInterface: 0x7faff1909d90> [interfaceName=en0]
[2019-04-13 23:14:55.696][debug][command:null][tid:5458][com.google.common.util.concurrent.ServiceManager] Started ProcessTracker [RUNNING] in 1.918 ms.
[2019-04-13 23:14:55.696][debug][command:57a4bea2-d50e-40eb-b542-8e6088f28f65][tid:14][com.facebook.buck.util.environment.MacWifiSsidFinder] Found SSID: fam_5G
[2019-04-13 23:14:55.696][debug][command:57a4bea2-d50e-40eb-b542-8e6088f28f65][tid:14][com.facebook.buck.cli.Main] InvocationInfo BuildId=[57a4bea2-d50e-40eb-b542-8e6088f28f65] Args=[build, //BuckTest:BuckTest]
[2019-04-13 23:14:55.697][warn ][command:null][tid:5461][com.facebook.buck.event.listener.PublicAnnouncementManager] Failed to get public announcements. Reason: Failed to establish connection to server.
[2019-04-13 23:14:55.697][debug][command:null][tid:5462][com.facebook.buck.util.environment.MacNetworkConfiguration] Determine network service order and extract device names
[2019-04-13 23:14:55.697][debug][command:null][tid:5462][com.facebook.buck.util.ListeningProcessExecutor] Launching process with params ProcessExecutorParams{command=[networksetup, -listnetworkserviceorder, ]}
[2019-04-13 23:14:55.699][debug][command:null][tid:5462][com.facebook.buck.util.ListeningProcessExecutor] Successfully launched process com.zaxxer.nuprocess.osx.OsxProcess@f955e8f
[2019-04-13 23:14:55.699][debug][command:null][tid:5462][com.facebook.buck.util.ListeningProcessExecutor] Waiting for process com.facebook.buck.util.ListeningProcessExecutor$LaunchedProcessImpl@32d15c4e timeout 1000 MILLISECONDS
[2019-04-13 23:14:55.720][debug][command:null][tid:5465][com.facebook.buck.io.watchman.WatchmanTransportClient] Query [query, /Users/stevenlee/Downloads/BuckTest 3, {since=c:1554802630:396:1:22907, expression=[not, [anyof, [type, d], [dirname, .idea], [dirname, .buckd], [dirname, buck-out/cache], [dirname, tools], [dirname, .git], [dirname, buck-out/.trash], [dirname, buck-out], [match, [build], wholename, {includedotfiles=true}], [match, **/*.pbxproj, wholename, {includedotfiles=true}], [match, **/*.xcscheme, wholename, {includedotfiles=true}], [match, **/*.xcworkspacedata, wholename, {includedotfiles=true}], [match, **/*~, wholename, {includedotfiles=true}], [match, **/#*#, wholename, {includedotfiles=true}], [match, **/.#*, wholename, {includedotfiles=true}], [match, **/*.swo, wholename, {includedotfiles=true}], [match, **/*.swp, wholename, {includedotfiles=true}], [match, **/*.swpx, wholename, {includedotfiles=true}], [match, **/*.un~, wholename, {includedotfiles=true}], [match, **/*.netrhwist, wholename, {includedotfiles=true}], [match, .idea, wholename, {includedotfiles=true}], [match, .iml, wholename, {includedotfiles=true}], [match, **/*.pydevproject, wholename, {includedotfiles=true}], [match, .project, wholename, {includedotfiles=true}], [match, .metadata, wholename, {includedotfiles=true}], [match, **/*.tmp, wholename, {includedotfiles=true}], [match, **/*.bak, wholename, {includedotfiles=true}], [match, **/*.nib, wholename, {includedotfiles=true}], [match, .classpath, wholename, {includedotfiles=true}], [match, .settings, wholename, {includedotfiles=true}], [match, .loadpath, wholename, {includedotfiles=true}], [match, .externalToolBuilders, wholename, {includedotfiles=true}], [match, .cproject, wholename, {includedotfiles=true}], [match, .buildpath, wholename, {includedotfiles=true}], [match, .DS_Store, wholename, {includedotfiles=true}], [match, .AppleDouble, wholename, {includedotfiles=true}], [match, .LSOverride, wholename, {includedotfiles=true}], [match, .Spotlight-V100, wholename, {includedotfiles=true}], [match, .Trashes, wholename, {includedotfiles=true}], [match, $RECYCLE.BIN, wholename, {includedotfiles=true}], [match, **/*.sublime-workspace, wholename, {includedotfiles=true}]]], empty_on_fresh_instance=true, fields=[name, exists, new]}] returned in 11 ms
[2019-04-13 23:14:55.720][debug][command:null][tid:5465][com.facebook.buck.io.watchman.WatchmanWatcher] Updating Watchman Cursor from c:1554802630:396:1:22907 to c:1554802630:396:1:22927
[2019-04-13 23:14:55.720][warn ][command:null][tid:5465][com.facebook.buck.io.watchman.WatchmanWatcher] Posting WatchEvent: WatchmanPathEvent{cellPath=/Users/stevenlee/Downloads/BuckTest 3, kind=MODIFY, path=Pods/BUCK}
[2019-04-13 23:14:55.721][debug][command:null][tid:5465][com.facebook.buck.parser.DaemonicCellState] Invalidating target for path /Users/stevenlee/Downloads/BuckTest 3/Pods/BUCK: //Pods:SVProgressHUDResources
[2019-04-13 23:14:55.721][debug][command:null][tid:5465][com.facebook.buck.parser.DaemonicCellState] Invalidating target for path /Users/stevenlee/Downloads/BuckTest 3/Pods/BUCK: //Pods:Hero
[2019-04-13 23:14:55.721][debug][command:null][tid:5465][com.facebook.buck.parser.DaemonicCellState] Invalidating target for path /Users/stevenlee/Downloads/BuckTest 3/Pods/BUCK: //Pods:SwiftKeychainWrapper
[2019-04-13 23:14:55.721][debug][command:null][tid:5465][com.facebook.buck.parser.DaemonicCellState] Invalidating target for path /Users/stevenlee/Downloads/BuckTest 3/Pods/BUCK: //Pods:Fabric
[2019-04-13 23:14:55.721][debug][command:null][tid:5465][com.facebook.buck.parser.DaemonicCellState] Invalidating target for path /Users/stevenlee/Downloads/BuckTest 3/Pods/BUCK: //Pods:IQKeyboardManagerResources
[2019-04-13 23:14:55.721][debug][command:null][tid:5465][com.facebook.buck.parser.DaemonicCellState] Invalidating target for path /Users/stevenlee/Downloads/BuckTest 3/Pods/BUCK: //Pods:GTMSessionFetcher
[2019-04-13 23:14:55.721][debug][command:null][tid:5465][com.facebook.buck.parser.DaemonicCellState] Invalidating target for path /Users/stevenlee/Downloads/BuckTest 3/Pods/BUCK: //Pods:ZDCChatAPI
[2019-04-13 23:14:55.721][debug][command:null][tid:5465][com.facebook.buck.parser.DaemonicCellState] Invalidating target for path /Users/stevenlee/Downloads/BuckTest 3/Pods/BUCK: //Pods:CountryPickerSwiftAppAsset
[2019-04-13 23:14:55.721][debug][command:null][tid:5465][com.facebook.buck.parser.DaemonicCellState] Invalidating target for path /Users/stevenlee/Downloads/BuckTest 3/Pods/BUCK: //Pods:IGListKit
[2019-04-13 23:14:55.721][debug][command:null][tid:5465][com.facebook.buck.parser.DaemonicCellState] Invalidating target for path /Users/stevenlee/Downloads/BuckTest 3/Pods/BUCK: //Pods:FirebaseDatabase
[2019-04-13 23:14:55.721][debug][command:null][tid:5465][com.facebook.buck.parser.DaemonicCellState] Invalidating target for path /Users/stevenlee/Downloads/BuckTest 3/Pods/BUCK: //Pods:FirebaseAuthInterop
[2019-04-13 23:14:55.721][debug][command:null][tid:5465][com.facebook.buck.parser.DaemonicCellState] Invalidating target for path /Users/stevenlee/Downloads/BuckTest 3/Pods/BUCK: //Pods:CountryPickerSwiftResources
[2019-04-13 23:14:55.721][debug][command:null][tid:5465][com.facebook.buck.parser.DaemonicCellState] Invalidating target for path /Users/stevenlee/Downloads/BuckTest 3/Pods/BUCK: //Pods:SwinjectStoryboard
[2019-04-13 23:14:55.721][debug][command:null][tid:5465][com.facebook.buck.parser.DaemonicCellState] Invalidating target for path /Users/stevenlee/Downloads/BuckTest 3/Pods/BUCK: //Pods:FirebaseAnalyticsInterop
[2019-04-13 23:14:55.721][debug][command:null][tid:5465][com.facebook.buck.parser.DaemonicCellState] Invalidating target for path /Users/stevenlee/Downloads/BuckTest 3/Pods/BUCK: //Pods:Alamofire
[2019-04-13 23:14:55.721][debug][command:null][tid:5465][com.facebook.buck.parser.DaemonicCellState] Invalidating target for path /Users/stevenlee/Downloads/BuckTest 3/Pods/BUCK: //Pods:Bolts
[2019-04-13 23:14:55.721][debug][command:null][tid:5465][com.facebook.buck.parser.DaemonicCellState] Invalidating target for path /Users/stevenlee/Downloads/BuckTest 3/Pods/BUCK: //Pods:Swinject
[2019-04-13 23:14:55.721][debug][command:null][tid:5465][com.facebook.buck.parser.DaemonicCellState] Invalidating target for path /Users/stevenlee/Downloads/BuckTest 3/Pods/BUCK: //Pods:KochavaTrackeriOS
[2019-04-13 23:14:55.721][debug][command:null][tid:5465][com.facebook.buck.parser.DaemonicCellState] Invalidating target for path /Users/stevenlee/Downloads/BuckTest 3/Pods/BUCK: //Pods:IQKeyboardManager
[2019-04-13 23:14:55.721][debug][command:null][tid:5465][com.facebook.buck.parser.DaemonicCellState] Invalidating target for path /Users/stevenlee/Downloads/BuckTest 3/Pods/BUCK: //Pods:Crashlytics
[2019-04-13 23:14:55.721][debug][command:null][tid:5465][com.facebook.buck.parser.DaemonicCellState] Invalidating target for path /Users/stevenlee/Downloads/BuckTest 3/Pods/BUCK: //Pods:FBSDKCoreKit
[2019-04-13 23:14:55.721][debug][command:null][tid:5465][com.facebook.buck.parser.DaemonicCellState] Invalidating target for path /Users/stevenlee/Downloads/BuckTest 3/Pods/BUCK: //Pods:FirebaseInstanceID
[2019-04-13 23:14:55.721][debug][command:null][tid:5465][com.facebook.buck.parser.DaemonicCellState] Invalidating target for path /Users/stevenlee/Downloads/BuckTest 3/Pods/BUCK: //Pods:GoogleUtilities
[2019-04-13 23:14:55.721][debug][command:null][tid:5465][com.facebook.buck.parser.DaemonicCellState] Invalidating target for path /Users/stevenlee/Downloads/BuckTest 3/Pods/BUCK: //Pods:FirebaseAuth
[2019-04-13 23:14:55.721][debug][command:null][tid:5465][com.facebook.buck.parser.DaemonicCellState] Invalidating target for path /Users/stevenlee/Downloads/BuckTest 3/Pods/BUCK: //Pods:RxCocoa
[2019-04-13 23:14:55.721][debug][command:null][tid:5465][com.facebook.buck.parser.DaemonicCellState] Invalidating target for path /Users/stevenlee/Downloads/BuckTest 3/Pods/BUCK: //Pods:SkyFloatingLabelTextField
[2019-04-13 23:14:55.721][debug][command:null][tid:5465][com.facebook.buck.parser.DaemonicCellState] Invalidating target for path /Users/stevenlee/Downloads/BuckTest 3/Pods/BUCK: //Pods:MixpanelResources
[2019-04-13 23:14:55.721][debug][command:null][tid:5465][com.facebook.buck.parser.DaemonicCellState] Invalidating target for path /Users/stevenlee/Downloads/BuckTest 3/Pods/BUCK: //Pods:Validator
[2019-04-13 23:14:55.721][debug][command:null][tid:5465][com.facebook.buck.parser.DaemonicCellState] Invalidating target for path /Users/stevenlee/Downloads/BuckTest 3/Pods/BUCK: //Pods:SwiftyRSA
[2019-04-13 23:14:55.721][debug][command:null][tid:5465][com.facebook.buck.parser.DaemonicCellState] Invalidating target for path /Users/stevenlee/Downloads/BuckTest 3/Pods/BUCK: //Pods:Mixpanel
[2019-04-13 23:14:55.721][debug][command:null][tid:5465][com.facebook.buck.parser.DaemonicCellState] Invalidating target for path /Users/stevenlee/Downloads/BuckTest 3/Pods/BUCK: //Pods:leveldbLibrary
[2019-04-13 23:14:55.721][debug][command:null][tid:5465][com.facebook.buck.parser.DaemonicCellState] Invalidating target for path /Users/stevenlee/Downloads/BuckTest 3/Pods/BUCK: //Pods:ZDCChat
[2019-04-13 23:14:55.721][debug][command:null][tid:5465][com.facebook.buck.parser.DaemonicCellState] Invalidating target for path /Users/stevenlee/Downloads/BuckTest 3/Pods/BUCK: //Pods:FirebaseMessaging
[2019-04-13 23:14:55.721][debug][command:null][tid:5465][com.facebook.buck.parser.DaemonicCellState] Invalidating target for path /Users/stevenlee/Downloads/BuckTest 3/Pods/BUCK: //Pods:Protobuf
[2019-04-13 23:14:55.721][debug][command:null][tid:5465][com.facebook.buck.parser.DaemonicCellState] Invalidating target for path /Users/stevenlee/Downloads/BuckTest 3/Pods/BUCK: //Pods:Intercom
[2019-04-13 23:14:55.721][debug][command:null][tid:5465][com.facebook.buck.parser.DaemonicCellState] Invalidating target for path /Users/stevenlee/Downloads/BuckTest 3/Pods/BUCK: //Pods:RxSwift
[2019-04-13 23:14:55.721][debug][command:null][tid:5465][com.facebook.buck.parser.DaemonicCellState] Invalidating target for path /Users/stevenlee/Downloads/BuckTest 3/Pods/BUCK: //Pods:FirebaseCore
[2019-04-13 23:14:55.721][debug][command:null][tid:5465][com.facebook.buck.parser.DaemonicCellState] Invalidating target for path /Users/stevenlee/Downloads/BuckTest 3/Pods/BUCK: //Pods:SVProgressHUD
[2019-04-13 23:14:55.721][debug][command:null][tid:5465][com.facebook.buck.parser.DaemonicCellState] Invalidating target for path /Users/stevenlee/Downloads/BuckTest 3/Pods/BUCK: //Pods:CountryPickerSwift
[2019-04-13 23:14:55.721][debug][command:null][tid:5465][com.facebook.buck.parser.DaemonicCellState] Invalidating target for path /Users/stevenlee/Downloads/BuckTest 3/Pods/BUCK: //Pods:Lottie
[2019-04-13 23:14:55.721][debug][command:null][tid:5465][com.facebook.buck.io.watchman.WatchmanWatcher] Posted 1 Watchman events.
[2019-04-13 23:14:55.721][debug][command:null][tid:5465][com.facebook.buck.io.watchman.WatchmanTransportClient] Closing Watchman transport.
[2019-04-13 23:14:55.723][info ][command:57a4bea2-d50e-40eb-b542-8e6088f28f65][tid:5464][com.facebook.buck.event.listener.LoggingBuildListener] Build started at 2019-04-13 23:14:55.723
[2019-04-13 23:14:55.725][debug][command:57a4bea2-d50e-40eb-b542-8e6088f28f65][tid:5469][com.facebook.buck.io.ExecutableFinder] Executable 'python2' mapped to 'Optional[/usr/local/bin/python2]'
[2019-04-13 23:14:55.726][debug][command:57a4bea2-d50e-40eb-b542-8e6088f28f65][tid:5469][com.facebook.buck.parser.BuckPythonProgram] Writing python rules stub to /Users/stevenlee/Downloads/BuckTest 3/.buckd/tmp/buck_run.MYLnMR/buck_python_program1771273721610637834.
[2019-04-13 23:14:55.737][debug][command:null][tid:5462][com.facebook.buck.util.ListeningProcessExecutor] Wait for process returned 0
[2019-04-13 23:14:55.737][debug][command:null][tid:5462][com.facebook.buck.util.ListeningProcessExecutor] Destroying process com.facebook.buck.util.ListeningProcessExecutor$LaunchedProcessImpl@32d15c4e (force true)
[2019-04-13 23:14:55.738][debug][command:null][tid:5462][com.facebook.buck.util.environment.MacNetworkConfiguration] Determine active state of media for device
[2019-04-13 23:14:55.738][debug][command:null][tid:5462][com.facebook.buck.util.ListeningProcessExecutor] Launching process with params ProcessExecutorParams{command=[networksetup, -getMedia, en7]}
[2019-04-13 23:14:55.738][debug][command:57a4bea2-d50e-40eb-b542-8e6088f28f65][tid:5469][com.facebook.buck.parser.BuckPythonProgram] Created temporary buck.py instance at /Users/stevenlee/Downloads/BuckTest 3/.buckd/tmp/buck_run.MYLnMR/buck_python_program1771273721610637834.
[2019-04-13 23:14:55.738][debug][command:null][tid:5462][com.facebook.buck.util.ListeningProcessExecutor] Successfully launched process com.zaxxer.nuprocess.osx.OsxProcess@57b1a355
[2019-04-13 23:14:55.739][debug][command:null][tid:5462][com.facebook.buck.util.ListeningProcessExecutor] Waiting for process com.facebook.buck.util.ListeningProcessExecutor$LaunchedProcessImpl@6cc0e0e4 timeout 1000 MILLISECONDS
[2019-04-13 23:14:55.739][debug][command:57a4bea2-d50e-40eb-b542-8e6088f28f65][tid:5469][com.facebook.buck.parser.PythonDslProjectBuildFileParser] Starting buck.py command: [/usr/local/bin/python2, -u, /Users/stevenlee/Downloads/BuckTest 3/.buckd/tmp/buck_run.MYLnMR/buck_python_program1771273721610637834/__main__.py, --allow_empty_globs, --watchman_glob_stat_results, --watchman_use_glob_generator, --watchman_socket_path, /usr/local/var/run/watchman/stevenlee-state/sock, --project_root, /Users/stevenlee/Downloads/BuckTest 3, --cell_name, , --build_file_name, BUCK, --quiet, --config, /Users/stevenlee/Downloads/BuckTest 3/.buckd/tmp/buck_run.MYLnMR/raw_config2675951936624923801.json, --ignore_paths, /Users/stevenlee/Downloads/BuckTest 3/.buckd/tmp/buck_run.MYLnMR/ignore_paths2089511723681404771.json, --warn_about_deprecated_syntax] environment: Optional[{BUCK_TTY=1, MFLAGS=, TERM_SESSION_ID=B7F867FC-6086-443D-86C9-B9216F788C9B, HOME=/Users/stevenlee, XPC_SERVICE_NAME=0, Apple_PubSub_Socket_Render=/private/tmp/com.apple.launchd.N5oPspERQh/Render, NAILGUN_FILESEPARATOR=/, BUCK_PYTHON_SPACE_INIT_TIME=16, LOGNAME=stevenlee, BUCK_BUILD_ID=57a4bea2-d50e-40eb-b542-8e6088f28f65, TMPDIR=/var/folders/3q/crrbqtbs2vs_j7z2zzqj4g240000gp/T/, USER=stevenlee, SHELL=/bin/bash, TERM_PROGRAM_VERSION=421.1.1, PWD=/Users/stevenlee/Downloads/BuckTest 3, XPC_FLAGS=0x0, BUCK_TERM_COLUMNS=238, MAKELEVEL=1, LC_CTYPE=UTF-8, TERM_PROGRAM=Apple_Terminal, __CF_USER_TEXT_ENCODING=0x1F6:0:2, SHLVL=1, NAILGUN_TTY_2=1, BUCK_CLASSPATH=/Users/stevenlee/Downloads/BuckTest 3/.buckd/resources/ad23befe7c1a36c999860af0af69e726f1c8e423/buck_server, CLASSPATH=/Users/stevenlee/Downloads/BuckTest 3/.buckd/resources/ad23befe7c1a36c999860af0af69e726f1c8e423/bootstrapper_jar, NAILGUN_TTY_1=1, NAILGUN_TTY_0=1, MAKEFLAGS=, NAILGUN_PATHSEPARATOR=:, PATH=/usr/local/bin:/usr/bin:/bin:/usr/sbin:/sbin:/Applications/Wireshark.app/Contents/MacOS::, TERM=xterm-256color, OLDPWD=/Users/stevenlee/Library, _=/usr/bin/make, SSH_AUTH_SOCK=/private/tmp/com.apple.launchd.xtBSbF1Zl8/Listeners, PYTHONHASHSEED=7}]
[2019-04-13 23:14:55.743][debug][command:57a4bea2-d50e-40eb-b542-8e6088f28f65][tid:5469][com.facebook.buck.parser.PythonDslProjectBuildFileParser] Started process com.facebook.buck.util.ProcessExecutor$LaunchedProcessImpl@30976c55 successfully
[2019-04-13 23:14:55.773][debug][command:null][tid:5462][com.facebook.buck.util.ListeningProcessExecutor] Wait for process returned 4
[2019-04-13 23:14:55.773][debug][command:null][tid:5462][com.facebook.buck.util.ListeningProcessExecutor] Destroying process com.facebook.buck.util.ListeningProcessExecutor$LaunchedProcessImpl@6cc0e0e4 (force true)
[2019-04-13 23:14:55.773][debug][command:null][tid:5462][com.facebook.buck.util.environment.MacNetworkConfiguration] Determine active state of media for device
[2019-04-13 23:14:55.773][debug][command:null][tid:5462][com.facebook.buck.util.ListeningProcessExecutor] Launching process with params ProcessExecutorParams{command=[networksetup, -getMedia, en8]}
[2019-04-13 23:14:55.774][debug][command:null][tid:5462][com.facebook.buck.util.ListeningProcessExecutor] Successfully launched process com.zaxxer.nuprocess.osx.OsxProcess@5a2996ef
[2019-04-13 23:14:55.775][debug][command:null][tid:5462][com.facebook.buck.util.ListeningProcessExecutor] Waiting for process com.facebook.buck.util.ListeningProcessExecutor$LaunchedProcessImpl@5affd622 timeout 1000 MILLISECONDS
[2019-04-13 23:14:55.805][debug][command:null][tid:5462][com.facebook.buck.util.ListeningProcessExecutor] Wait for process returned 4
[2019-04-13 23:14:55.805][debug][command:null][tid:5462][com.facebook.buck.util.ListeningProcessExecutor] Destroying process com.facebook.buck.util.ListeningProcessExecutor$LaunchedProcessImpl@5affd622 (force true)
[2019-04-13 23:14:55.805][debug][command:null][tid:5462][com.facebook.buck.util.environment.MacNetworkConfiguration] Determine active state of media for device
[2019-04-13 23:14:55.805][debug][command:null][tid:5462][com.facebook.buck.util.ListeningProcessExecutor] Launching process with params ProcessExecutorParams{command=[networksetup, -getMedia, en0]}
[2019-04-13 23:14:55.806][debug][command:null][tid:5462][com.facebook.buck.util.ListeningProcessExecutor] Successfully launched process com.zaxxer.nuprocess.osx.OsxProcess@3f5210d6
[2019-04-13 23:14:55.806][debug][command:null][tid:5462][com.facebook.buck.util.ListeningProcessExecutor] Waiting for process com.facebook.buck.util.ListeningProcessExecutor$LaunchedProcessImpl@1387c3d5 timeout 1000 MILLISECONDS
[2019-04-13 23:14:55.836][debug][command:null][tid:5462][com.facebook.buck.util.ListeningProcessExecutor] Wait for process returned 0
[2019-04-13 23:14:55.836][debug][command:null][tid:5462][com.facebook.buck.util.ListeningProcessExecutor] Destroying process com.facebook.buck.util.ListeningProcessExecutor$LaunchedProcessImpl@1387c3d5 (force true)
[2019-04-13 23:14:55.836][debug][command:null][tid:5462][com.facebook.buck.util.environment.MacNetworkConfiguration] Determine WiFi SSID of device
[2019-04-13 23:14:55.836][debug][command:null][tid:5462][com.facebook.buck.util.ListeningProcessExecutor] Launching process with params ProcessExecutorParams{command=[networksetup, -getairportnetwork, en0]}
[2019-04-13 23:14:55.837][debug][command:null][tid:5462][com.facebook.buck.util.ListeningProcessExecutor] Successfully launched process com.zaxxer.nuprocess.osx.OsxProcess@b5cba5b
[2019-04-13 23:14:55.838][debug][command:null][tid:5462][com.facebook.buck.util.ListeningProcessExecutor] Waiting for process com.facebook.buck.util.ListeningProcessExecutor$LaunchedProcessImpl@7502b568 timeout 1000 MILLISECONDS
[2019-04-13 23:14:55.871][debug][command:null][tid:5462][com.facebook.buck.util.ListeningProcessExecutor] Wait for process returned 0
[2019-04-13 23:14:55.871][debug][command:null][tid:5462][com.facebook.buck.util.ListeningProcessExecutor] Destroying process com.facebook.buck.util.ListeningProcessExecutor$LaunchedProcessImpl@7502b568 (force true)
[2019-04-13 23:14:56.361][debug][command:57a4bea2-d50e-40eb-b542-8e6088f28f65][tid:5475][com.facebook.buck.apple.toolchain.impl.AppleCxxPlatforms] SDK AppleSdk{name=appletvos12.1, version=12.1, applePlatform=ApplePlatform{name=appletvos, provisioningProfileName=tvOS, architectures=[arm64], minVersionFlagPrefix=-mtvos-version-min=, appIncludesFrameworks=false}, architectures=[arm64], toolchains=[AppleToolchain{identifier=com.apple.dt.toolchain.XcodeDefault, path=/Users/stevenlee/Downloads/Xcode.app/Contents/Developer/Toolchains/XcodeDefault.xctoolchain}]} using default version 12.1
[2019-04-13 23:14:56.362][debug][command:57a4bea2-d50e-40eb-b542-8e6088f28f65][tid:5475][com.facebook.buck.apple.toolchain.impl.AppleCxxPlatforms] Xcode build version is: 10B61
[2019-04-13 23:14:56.372][debug][command:57a4bea2-d50e-40eb-b542-8e6088f28f65][tid:5475][com.facebook.buck.apple.toolchain.impl.AppleCxxPlatforms] Apple toolchain path: /Users/stevenlee/Downloads/Xcode.app/Contents/Developer/Toolchains/XcodeDefault.xctoolchain
[2019-04-13 23:14:56.372][debug][command:57a4bea2-d50e-40eb-b542-8e6088f28f65][tid:5475][com.facebook.buck.apple.toolchain.impl.AppleCxxPlatforms] Headers verification platform whitelist: [^\Q/Users/stevenlee/Downloads/Xcode.app/Contents/Developer/Platforms/AppleTVOS.platform/Developer/Library/Frameworks\E\/.*, ^\Q/Users/stevenlee/Downloads/Xcode.app/Contents/Developer/Platforms/AppleTVOS.platform/Developer/SDKs/AppleTVOS.sdk\E\/.*, ^\Q/Users/stevenlee/Downloads/Xcode.app/Contents/Developer/Toolchains/XcodeDefault.xctoolchain\E\/.*]
[2019-04-13 23:14:56.374][debug][command:57a4bea2-d50e-40eb-b542-8e6088f28f65][tid:5475][com.facebook.buck.apple.toolchain.impl.AppleCxxPlatforms] SDK AppleSdk{name=iphoneos12.1, version=12.1, applePlatform=ApplePlatform{name=iphoneos, swiftName=ios, provisioningProfileName=iOS, architectures=[armv7, arm64], minVersionFlagPrefix=-mios-version-min=, stubBinaryPath=Library/Application Support/WatchKit/WK, appIncludesFrameworks=false}, architectures=[armv7, arm64], toolchains=[AppleToolchain{identifier=com.apple.dt.toolchain.XcodeDefault, path=/Users/stevenlee/Downloads/Xcode.app/Contents/Developer/Toolchains/XcodeDefault.xctoolchain}]} using default version 11.0
[2019-04-13 23:14:56.376][debug][command:57a4bea2-d50e-40eb-b542-8e6088f28f65][tid:5475][com.facebook.buck.apple.toolchain.impl.AppleCxxPlatforms] Xcode build version is: 10B61
[2019-04-13 23:14:56.379][debug][command:57a4bea2-d50e-40eb-b542-8e6088f28f65][tid:5475][com.facebook.buck.apple.toolchain.impl.AppleCxxPlatforms] Apple toolchain path: /Users/stevenlee/Downloads/Xcode.app/Contents/Developer/Toolchains/XcodeDefault.xctoolchain
[2019-04-13 23:14:56.379][debug][command:57a4bea2-d50e-40eb-b542-8e6088f28f65][tid:5475][com.facebook.buck.apple.toolchain.impl.AppleCxxPlatforms] Headers verification platform whitelist: [^\Q/Users/stevenlee/Downloads/Xcode.app/Contents/Developer/Platforms/iPhoneOS.platform/Developer/Library/Frameworks\E\/.*, ^\Q/Users/stevenlee/Downloads/Xcode.app/Contents/Developer/Platforms/iPhoneOS.platform/Developer/SDKs/iPhoneOS.sdk\E\/.*, ^\Q/Users/stevenlee/Downloads/Xcode.app/Contents/Developer/Toolchains/XcodeDefault.xctoolchain\E\/.*]
[2019-04-13 23:14:56.380][debug][command:57a4bea2-d50e-40eb-b542-8e6088f28f65][tid:5475][com.facebook.buck.apple.toolchain.impl.AppleCxxPlatforms] Xcode build version is: 10B61
[2019-04-13 23:14:56.381][debug][command:57a4bea2-d50e-40eb-b542-8e6088f28f65][tid:5475][com.facebook.buck.apple.toolchain.impl.AppleCxxPlatforms] Apple toolchain path: /Users/stevenlee/Downloads/Xcode.app/Contents/Developer/Toolchains/XcodeDefault.xctoolchain
[2019-04-13 23:14:56.381][debug][command:57a4bea2-d50e-40eb-b542-8e6088f28f65][tid:5475][com.facebook.buck.apple.toolchain.impl.AppleCxxPlatforms] Headers verification platform whitelist: [^\Q/Users/stevenlee/Downloads/Xcode.app/Contents/Developer/Platforms/iPhoneOS.platform/Developer/Library/Frameworks\E\/.*, ^\Q/Users/stevenlee/Downloads/Xcode.app/Contents/Developer/Platforms/iPhoneOS.platform/Developer/SDKs/iPhoneOS.sdk\E\/.*, ^\Q/Users/stevenlee/Downloads/Xcode.app/Contents/Developer/Toolchains/XcodeDefault.xctoolchain\E\/.*]
[2019-04-13 23:14:56.381][debug][command:57a4bea2-d50e-40eb-b542-8e6088f28f65][tid:5475][com.facebook.buck.apple.toolchain.impl.AppleCxxPlatforms] SDK AppleSdk{name=watchos5.1, version=5.1, applePlatform=ApplePlatform{name=watchos, provisioningProfileName=iOS, architectures=[armv7k, arm64_32], minVersionFlagPrefix=-mwatchos-version-min=, stubBinaryPath=Library/Application Support/WatchKit/WK, appIncludesFrameworks=false}, architectures=[armv7k, arm64_32], toolchains=[AppleToolchain{identifier=com.apple.dt.toolchain.XcodeDefault, path=/Users/stevenlee/Downloads/Xcode.app/Contents/Developer/Toolchains/XcodeDefault.xctoolchain}]} using default version 5.1
[2019-04-13 23:14:56.382][debug][command:57a4bea2-d50e-40eb-b542-8e6088f28f65][tid:5475][com.facebook.buck.apple.toolchain.impl.AppleCxxPlatforms] Xcode build version is: 10B61
[2019-04-13 23:14:56.383][debug][command:57a4bea2-d50e-40eb-b542-8e6088f28f65][tid:5475][com.facebook.buck.apple.toolchain.impl.AppleCxxPlatforms] Apple toolchain path: /Users/stevenlee/Downloads/Xcode.app/Contents/Developer/Toolchains/XcodeDefault.xctoolchain
[2019-04-13 23:14:56.383][debug][command:57a4bea2-d50e-40eb-b542-8e6088f28f65][tid:5475][com.facebook.buck.apple.toolchain.impl.AppleCxxPlatforms] Headers verification platform whitelist: [^\Q/Users/stevenlee/Downloads/Xcode.app/Contents/Developer/Platforms/WatchOS.platform/Developer/Library/Frameworks\E\/.*, ^\Q/Users/stevenlee/Downloads/Xcode.app/Contents/Developer/Platforms/WatchOS.platform/Developer/SDKs/WatchOS.sdk\E\/.*, ^\Q/Users/stevenlee/Downloads/Xcode.app/Contents/Developer/Toolchains/XcodeDefault.xctoolchain\E\/.*]
[2019-04-13 23:14:56.385][debug][command:57a4bea2-d50e-40eb-b542-8e6088f28f65][tid:5475][com.facebook.buck.apple.toolchain.impl.AppleCxxPlatforms] Xcode build version is: 10B61
[2019-04-13 23:14:56.386][debug][command:57a4bea2-d50e-40eb-b542-8e6088f28f65][tid:5475][com.facebook.buck.apple.toolchain.impl.AppleCxxPlatforms] Apple toolchain path: /Users/stevenlee/Downloads/Xcode.app/Contents/Developer/Toolchains/XcodeDefault.xctoolchain
[2019-04-13 23:14:56.386][debug][command:57a4bea2-d50e-40eb-b542-8e6088f28f65][tid:5475][com.facebook.buck.apple.toolchain.impl.AppleCxxPlatforms] Headers verification platform whitelist: [^\Q/Users/stevenlee/Downloads/Xcode.app/Contents/Developer/Platforms/WatchOS.platform/Developer/Library/Frameworks\E\/.*, ^\Q/Users/stevenlee/Downloads/Xcode.app/Contents/Developer/Platforms/WatchOS.platform/Developer/SDKs/WatchOS.sdk\E\/.*, ^\Q/Users/stevenlee/Downloads/Xcode.app/Contents/Developer/Toolchains/XcodeDefault.xctoolchain\E\/.*]
[2019-04-13 23:14:56.386][debug][command:57a4bea2-d50e-40eb-b542-8e6088f28f65][tid:5475][com.facebook.buck.apple.toolchain.impl.AppleCxxPlatforms] SDK AppleSdk{name=macosx10.14, version=10.14, applePlatform=ApplePlatform{name=macosx, architectures=[i386, x86_64], minVersionFlagPrefix=-mmacosx-version-min=, appIncludesFrameworks=true}, architectures=[i386, x86_64], toolchains=[AppleToolchain{identifier=com.apple.dt.toolchain.XcodeDefault, path=/Users/stevenlee/Downloads/Xcode.app/Contents/Developer/Toolchains/XcodeDefault.xctoolchain}]} using default version 10.14
[2019-04-13 23:14:56.387][debug][command:57a4bea2-d50e-40eb-b542-8e6088f28f65][tid:5475][com.facebook.buck.apple.toolchain.impl.AppleCxxPlatforms] Xcode build version is: 10B61
[2019-04-13 23:14:56.388][warn ][command:57a4bea2-d50e-40eb-b542-8e6088f28f65][tid:5475][com.facebook.buck.apple.toolchain.impl.AppleCxxPlatforms] In /Users/stevenlee/Downloads/Xcode.app/Contents/Developer/Platforms/MacOSX.platform/version.plist, missing ProductBuildVersion. Build version will be unset for this platform.
[2019-04-13 23:14:56.388][debug][command:57a4bea2-d50e-40eb-b542-8e6088f28f65][tid:5475][com.facebook.buck.apple.toolchain.impl.AppleCxxPlatforms] Apple toolchain path: /Users/stevenlee/Downloads/Xcode.app/Contents/Developer/Toolchains/XcodeDefault.xctoolchain
[2019-04-13 23:14:56.388][debug][command:57a4bea2-d50e-40eb-b542-8e6088f28f65][tid:5475][com.facebook.buck.apple.toolchain.impl.AppleCxxPlatforms] Headers verification platform whitelist: [^\Q/Users/stevenlee/Downloads/Xcode.app/Contents/Developer/Platforms/MacOSX.platform/Developer/Library/Frameworks\E\/.*, ^\Q/Users/stevenlee/Downloads/Xcode.app/Contents/Developer/Platforms/MacOSX.platform/Developer/SDKs/MacOSX.sdk\E\/.*, ^\Q/Users/stevenlee/Downloads/Xcode.app/Contents/Developer/Toolchains/XcodeDefault.xctoolchain\E\/.*]
[2019-04-13 23:14:56.389][debug][command:57a4bea2-d50e-40eb-b542-8e6088f28f65][tid:5475][com.facebook.buck.apple.toolchain.impl.AppleCxxPlatforms] Xcode build version is: 10B61
[2019-04-13 23:14:56.390][warn ][command:57a4bea2-d50e-40eb-b542-8e6088f28f65][tid:5475][com.facebook.buck.apple.toolchain.impl.AppleCxxPlatforms] In /Users/stevenlee/Downloads/Xcode.app/Contents/Developer/Platforms/MacOSX.platform/version.plist, missing ProductBuildVersion. Build version will be unset for this platform.
[2019-04-13 23:14:56.390][debug][command:57a4bea2-d50e-40eb-b542-8e6088f28f65][tid:5475][com.facebook.buck.apple.toolchain.impl.AppleCxxPlatforms] Apple toolchain path: /Users/stevenlee/Downloads/Xcode.app/Contents/Developer/Toolchains/XcodeDefault.xctoolchain
[2019-04-13 23:14:56.390][debug][command:57a4bea2-d50e-40eb-b542-8e6088f28f65][tid:5475][com.facebook.buck.apple.toolchain.impl.AppleCxxPlatforms] Headers verification platform whitelist: [^\Q/Users/stevenlee/Downloads/Xcode.app/Contents/Developer/Platforms/MacOSX.platform/Developer/Library/Frameworks\E\/.*, ^\Q/Users/stevenlee/Downloads/Xcode.app/Contents/Developer/Platforms/MacOSX.platform/Developer/SDKs/MacOSX.sdk\E\/.*, ^\Q/Users/stevenlee/Downloads/Xcode.app/Contents/Developer/Toolchains/XcodeDefault.xctoolchain\E\/.*]
[2019-04-13 23:14:56.390][debug][command:57a4bea2-d50e-40eb-b542-8e6088f28f65][tid:5475][com.facebook.buck.apple.toolchain.impl.AppleCxxPlatforms] SDK AppleSdk{name=watchsimulator5.1, version=5.1, applePlatform=ApplePlatform{name=watchsimulator, architectures=[i386, x86_64], minVersionFlagPrefix=-mwatchos-simulator-version-min=, stubBinaryPath=Library/Application Support/WatchKit/WK, appIncludesFrameworks=false}, architectures=[i386, x86_64], toolchains=[AppleToolchain{identifier=com.apple.dt.toolchain.XcodeDefault, path=/Users/stevenlee/Downloads/Xcode.app/Contents/Developer/Toolchains/XcodeDefault.xctoolchain}]} using default version 5.1
[2019-04-13 23:14:56.393][debug][command:57a4bea2-d50e-40eb-b542-8e6088f28f65][tid:5475][com.facebook.buck.apple.toolchain.impl.AppleCxxPlatforms] Xcode build version is: 10B61
[2019-04-13 23:14:56.394][debug][command:57a4bea2-d50e-40eb-b542-8e6088f28f65][tid:5475][com.facebook.buck.apple.toolchain.impl.AppleCxxPlatforms] Apple toolchain path: /Users/stevenlee/Downloads/Xcode.app/Contents/Developer/Toolchains/XcodeDefault.xctoolchain
[2019-04-13 23:14:56.394][debug][command:57a4bea2-d50e-40eb-b542-8e6088f28f65][tid:5475][com.facebook.buck.apple.toolchain.impl.AppleCxxPlatforms] Headers verification platform whitelist: [^\Q/Users/stevenlee/Downloads/Xcode.app/Contents/Developer/Platforms/WatchSimulator.platform/Developer/Library/Frameworks\E\/.*, ^\Q/Users/stevenlee/Downloads/Xcode.app/Contents/Developer/Platforms/WatchSimulator.platform/Developer/SDKs/WatchSimulator.sdk\E\/.*, ^\Q/Users/stevenlee/Downloads/Xcode.app/Contents/Developer/Toolchains/XcodeDefault.xctoolchain\E\/.*]
[2019-04-13 23:14:56.395][debug][command:57a4bea2-d50e-40eb-b542-8e6088f28f65][tid:5475][com.facebook.buck.apple.toolchain.impl.AppleCxxPlatforms] Xcode build version is: 10B61
[2019-04-13 23:14:56.396][debug][command:57a4bea2-d50e-40eb-b542-8e6088f28f65][tid:5475][com.facebook.buck.apple.toolchain.impl.AppleCxxPlatforms] Apple toolchain path: /Users/stevenlee/Downloads/Xcode.app/Contents/Developer/Toolchains/XcodeDefault.xctoolchain
[2019-04-13 23:14:56.396][debug][command:57a4bea2-d50e-40eb-b542-8e6088f28f65][tid:5475][com.facebook.buck.apple.toolchain.impl.AppleCxxPlatforms] Headers verification platform whitelist: [^\Q/Users/stevenlee/Downloads/Xcode.app/Contents/Developer/Platforms/WatchSimulator.platform/Developer/Library/Frameworks\E\/.*, ^\Q/Users/stevenlee/Downloads/Xcode.app/Contents/Developer/Platforms/WatchSimulator.platform/Developer/SDKs/WatchSimulator.sdk\E\/.*, ^\Q/Users/stevenlee/Downloads/Xcode.app/Contents/Developer/Toolchains/XcodeDefault.xctoolchain\E\/.*]
[2019-04-13 23:14:56.396][debug][command:57a4bea2-d50e-40eb-b542-8e6088f28f65][tid:5475][com.facebook.buck.apple.toolchain.impl.AppleCxxPlatforms] SDK AppleSdk{name=appletvsimulator12.1, version=12.1, applePlatform=ApplePlatform{name=appletvsimulator, swiftName=tvos, architectures=[x86_64], minVersionFlagPrefix=-mtvos-simulator-version-min=, appIncludesFrameworks=false}, architectures=[x86_64], toolchains=[AppleToolchain{identifier=com.apple.dt.toolchain.XcodeDefault, path=/Users/stevenlee/Downloads/Xcode.app/Contents/Developer/Toolchains/XcodeDefault.xctoolchain}]} using default version 12.1
[2019-04-13 23:14:56.397][debug][command:57a4bea2-d50e-40eb-b542-8e6088f28f65][tid:5475][com.facebook.buck.apple.toolchain.impl.AppleCxxPlatforms] Xcode build version is: 10B61
[2019-04-13 23:14:56.398][warn ][command:57a4bea2-d50e-40eb-b542-8e6088f28f65][tid:5475][com.facebook.buck.apple.toolchain.impl.AppleCxxPlatforms] /Users/stevenlee/Downloads/Xcode.app/Contents/Developer/Platforms/AppleTVSimulator.platform/version.plist does not exist. Build version will be unset for this platform.
[2019-04-13 23:14:56.398][debug][command:57a4bea2-d50e-40eb-b542-8e6088f28f65][tid:5475][com.facebook.buck.apple.toolchain.impl.AppleCxxPlatforms] Apple toolchain path: /Users/stevenlee/Downloads/Xcode.app/Contents/Developer/Toolchains/XcodeDefault.xctoolchain
[2019-04-13 23:14:56.398][debug][command:57a4bea2-d50e-40eb-b542-8e6088f28f65][tid:5475][com.facebook.buck.apple.toolchain.impl.AppleCxxPlatforms] Headers verification platform whitelist: [^\Q/Users/stevenlee/Downloads/Xcode.app/Contents/Developer/Platforms/AppleTVSimulator.platform/Developer/Library/Frameworks\E\/.*, ^\Q/Users/stevenlee/Downloads/Xcode.app/Contents/Developer/Platforms/AppleTVSimulator.platform/Developer/SDKs/AppleTVSimulator.sdk\E\/.*, ^\Q/Users/stevenlee/Downloads/Xcode.app/Contents/Developer/Toolchains/XcodeDefault.xctoolchain\E\/.*]
[2019-04-13 23:14:56.398][debug][command:57a4bea2-d50e-40eb-b542-8e6088f28f65][tid:5475][com.facebook.buck.apple.toolchain.impl.AppleCxxPlatforms] SDK AppleSdk{name=iphonesimulator12.1, version=12.1, applePlatform=ApplePlatform{name=iphonesimulator, swiftName=ios, architectures=[i386, x86_64], minVersionFlagPrefix=-mios-simulator-version-min=, stubBinaryPath=Library/Application Support/WatchKit/WK, appIncludesFrameworks=false}, architectures=[i386, x86_64], toolchains=[AppleToolchain{identifier=com.apple.dt.toolchain.XcodeDefault, path=/Users/stevenlee/Downloads/Xcode.app/Contents/Developer/Toolchains/XcodeDefault.xctoolchain}]} using default version 11.0
[2019-04-13 23:14:56.399][debug][command:57a4bea2-d50e-40eb-b542-8e6088f28f65][tid:5475][com.facebook.buck.apple.toolchain.impl.AppleCxxPlatforms] Xcode build version is: 10B61
[2019-04-13 23:14:56.399][warn ][command:57a4bea2-d50e-40eb-b542-8e6088f28f65][tid:5475][com.facebook.buck.apple.toolchain.impl.AppleCxxPlatforms] /Users/stevenlee/Downloads/Xcode.app/Contents/Developer/Platforms/iPhoneSimulator.platform/version.plist does not exist. Build version will be unset for this platform.
[2019-04-13 23:14:56.399][debug][command:57a4bea2-d50e-40eb-b542-8e6088f28f65][tid:5475][com.facebook.buck.apple.toolchain.impl.AppleCxxPlatforms] Apple toolchain path: /Users/stevenlee/Downloads/Xcode.app/Contents/Developer/Toolchains/XcodeDefault.xctoolchain
[2019-04-13 23:14:56.400][debug][command:57a4bea2-d50e-40eb-b542-8e6088f28f65][tid:5475][com.facebook.buck.apple.toolchain.impl.AppleCxxPlatforms] Headers verification platform whitelist: [^\Q/Users/stevenlee/Downloads/Xcode.app/Contents/Developer/Platforms/iPhoneSimulator.platform/Developer/Library/Frameworks\E\/.*, ^\Q/Users/stevenlee/Downloads/Xcode.app/Contents/Developer/Platforms/iPhoneSimulator.platform/Developer/SDKs/iPhoneSimulator.sdk\E\/.*, ^\Q/Users/stevenlee/Downloads/Xcode.app/Contents/Developer/Toolchains/XcodeDefault.xctoolchain\E\/.*]
[2019-04-13 23:14:56.400][debug][command:57a4bea2-d50e-40eb-b542-8e6088f28f65][tid:5475][com.facebook.buck.apple.toolchain.impl.AppleCxxPlatforms] Xcode build version is: 10B61
[2019-04-13 23:14:56.401][warn ][command:57a4bea2-d50e-40eb-b542-8e6088f28f65][tid:5475][com.facebook.buck.apple.toolchain.impl.AppleCxxPlatforms] /Users/stevenlee/Downloads/Xcode.app/Contents/Developer/Platforms/iPhoneSimulator.platform/version.plist does not exist. Build version will be unset for this platform.
[2019-04-13 23:14:56.401][debug][command:57a4bea2-d50e-40eb-b542-8e6088f28f65][tid:5475][com.facebook.buck.apple.toolchain.impl.AppleCxxPlatforms] Apple toolchain path: /Users/stevenlee/Downloads/Xcode.app/Contents/Developer/Toolchains/XcodeDefault.xctoolchain
[2019-04-13 23:14:56.401][debug][command:57a4bea2-d50e-40eb-b542-8e6088f28f65][tid:5475][com.facebook.buck.apple.toolchain.impl.AppleCxxPlatforms] Headers verification platform whitelist: [^\Q/Users/stevenlee/Downloads/Xcode.app/Contents/Developer/Platforms/iPhoneSimulator.platform/Developer/Library/Frameworks\E\/.*, ^\Q/Users/stevenlee/Downloads/Xcode.app/Contents/Developer/Platforms/iPhoneSimulator.platform/Developer/SDKs/iPhoneSimulator.sdk\E\/.*, ^\Q/Users/stevenlee/Downloads/Xcode.app/Contents/Developer/Toolchains/XcodeDefault.xctoolchain\E\/.*]
[2019-04-13 23:14:56.401][debug][command:57a4bea2-d50e-40eb-b542-8e6088f28f65][tid:5475][com.facebook.buck.apple.toolchain.impl.AppleCxxPlatforms] SDK AppleSdk{name=appletvos, version=12.1, applePlatform=ApplePlatform{name=appletvos, provisioningProfileName=tvOS, architectures=[arm64], minVersionFlagPrefix=-mtvos-version-min=, appIncludesFrameworks=false}, architectures=[arm64], toolchains=[AppleToolchain{identifier=com.apple.dt.toolchain.XcodeDefault, path=/Users/stevenlee/Downloads/Xcode.app/Contents/Developer/Toolchains/XcodeDefault.xctoolchain}]} using default version 12.1
[2019-04-13 23:14:56.411][debug][command:57a4bea2-d50e-40eb-b542-8e6088f28f65][tid:5475][com.facebook.buck.apple.toolchain.impl.AppleCxxPlatforms] Xcode build version is: 10B61
[2019-04-13 23:14:56.412][debug][command:57a4bea2-d50e-40eb-b542-8e6088f28f65][tid:5475][com.facebook.buck.apple.toolchain.impl.AppleCxxPlatforms] Apple toolchain path: /Users/stevenlee/Downloads/Xcode.app/Contents/Developer/Toolchains/XcodeDefault.xctoolchain
[2019-04-13 23:14:56.412][debug][command:57a4bea2-d50e-40eb-b542-8e6088f28f65][tid:5475][com.facebook.buck.apple.toolchain.impl.AppleCxxPlatforms] Headers verification platform whitelist: [^\Q/Users/stevenlee/Downloads/Xcode.app/Contents/Developer/Platforms/AppleTVOS.platform/Developer/Library/Frameworks\E\/.*, ^\Q/Users/stevenlee/Downloads/Xcode.app/Contents/Developer/Platforms/AppleTVOS.platform/Developer/SDKs/AppleTVOS.sdk\E\/.*, ^\Q/Users/stevenlee/Downloads/Xcode.app/Contents/Developer/Toolchains/XcodeDefault.xctoolchain\E\/.*]
[2019-04-13 23:14:56.413][debug][command:57a4bea2-d50e-40eb-b542-8e6088f28f65][tid:5475][com.facebook.buck.apple.toolchain.impl.AppleCxxPlatforms] SDK AppleSdk{name=appletvsimulator, version=12.1, applePlatform=ApplePlatform{name=appletvsimulator, swiftName=tvos, architectures=[x86_64], minVersionFlagPrefix=-mtvos-simulator-version-min=, appIncludesFrameworks=false}, architectures=[x86_64], toolchains=[AppleToolchain{identifier=com.apple.dt.toolchain.XcodeDefault, path=/Users/stevenlee/Downloads/Xcode.app/Contents/Developer/Toolchains/XcodeDefault.xctoolchain}]} using default version 12.1
[2019-04-13 23:14:56.413][debug][command:57a4bea2-d50e-40eb-b542-8e6088f28f65][tid:5475][com.facebook.buck.apple.toolchain.impl.AppleCxxPlatforms] Xcode build version is: 10B61
[2019-04-13 23:14:56.414][warn ][command:57a4bea2-d50e-40eb-b542-8e6088f28f65][tid:5475][com.facebook.buck.apple.toolchain.impl.AppleCxxPlatforms] /Users/stevenlee/Downloads/Xcode.app/Contents/Developer/Platforms/AppleTVSimulator.platform/version.plist does not exist. Build version will be unset for this platform.
[2019-04-13 23:14:56.414][debug][command:57a4bea2-d50e-40eb-b542-8e6088f28f65][tid:5475][com.facebook.buck.apple.toolchain.impl.AppleCxxPlatforms] Apple toolchain path: /Users/stevenlee/Downloads/Xcode.app/Contents/Developer/Toolchains/XcodeDefault.xctoolchain
[2019-04-13 23:14:56.414][debug][command:57a4bea2-d50e-40eb-b542-8e6088f28f65][tid:5475][com.facebook.buck.apple.toolchain.impl.AppleCxxPlatforms] Headers verification platform whitelist: [^\Q/Users/stevenlee/Downloads/Xcode.app/Contents/Developer/Platforms/AppleTVSimulator.platform/Developer/Library/Frameworks\E\/.*, ^\Q/Users/stevenlee/Downloads/Xcode.app/Contents/Developer/Platforms/AppleTVSimulator.platform/Developer/SDKs/AppleTVSimulator.sdk\E\/.*, ^\Q/Users/stevenlee/Downloads/Xcode.app/Contents/Developer/Toolchains/XcodeDefault.xctoolchain\E\/.*]
[2019-04-13 23:14:56.416][debug][command:57a4bea2-d50e-40eb-b542-8e6088f28f65][tid:5475][com.facebook.buck.apple.toolchain.impl.AppleCxxPlatforms] SDK AppleSdk{name=iphoneos, version=12.1, applePlatform=ApplePlatform{name=iphoneos, swiftName=ios, provisioningProfileName=iOS, architectures=[armv7, arm64], minVersionFlagPrefix=-mios-version-min=, stubBinaryPath=Library/Application Support/WatchKit/WK, appIncludesFrameworks=false}, architectures=[armv7, arm64], toolchains=[AppleToolchain{identifier=com.apple.dt.toolchain.XcodeDefault, path=/Users/stevenlee/Downloads/Xcode.app/Contents/Developer/Toolchains/XcodeDefault.xctoolchain}]} using default version 11.0
[2019-04-13 23:14:56.417][debug][command:57a4bea2-d50e-40eb-b542-8e6088f28f65][tid:5475][com.facebook.buck.apple.toolchain.impl.AppleCxxPlatforms] Xcode build version is: 10B61
[2019-04-13 23:14:56.418][debug][command:57a4bea2-d50e-40eb-b542-8e6088f28f65][tid:5475][com.facebook.buck.apple.toolchain.impl.AppleCxxPlatforms] Apple toolchain path: /Users/stevenlee/Downloads/Xcode.app/Contents/Developer/Toolchains/XcodeDefault.xctoolchain
[2019-04-13 23:14:56.418][debug][command:57a4bea2-d50e-40eb-b542-8e6088f28f65][tid:5475][com.facebook.buck.apple.toolchain.impl.AppleCxxPlatforms] Headers verification platform whitelist: [^\Q/Users/stevenlee/Downloads/Xcode.app/Contents/Developer/Platforms/iPhoneOS.platform/Developer/Library/Frameworks\E\/.*, ^\Q/Users/stevenlee/Downloads/Xcode.app/Contents/Developer/Platforms/iPhoneOS.platform/Developer/SDKs/iPhoneOS.sdk\E\/.*, ^\Q/Users/stevenlee/Downloads/Xcode.app/Contents/Developer/Toolchains/XcodeDefault.xctoolchain\E\/.*]
[2019-04-13 23:14:56.419][debug][command:57a4bea2-d50e-40eb-b542-8e6088f28f65][tid:5475][com.facebook.buck.apple.toolchain.impl.AppleCxxPlatforms] Xcode build version is: 10B61
[2019-04-13 23:14:56.420][debug][command:57a4bea2-d50e-40eb-b542-8e6088f28f65][tid:5475][com.facebook.buck.apple.toolchain.impl.AppleCxxPlatforms] Apple toolchain path: /Users/stevenlee/Downloads/Xcode.app/Contents/Developer/Toolchains/XcodeDefault.xctoolchain
[2019-04-13 23:14:56.420][debug][command:57a4bea2-d50e-40eb-b542-8e6088f28f65][tid:5475][com.facebook.buck.apple.toolchain.impl.AppleCxxPlatforms] Headers verification platform whitelist: [^\Q/Users/stevenlee/Downloads/Xcode.app/Contents/Developer/Platforms/iPhoneOS.platform/Developer/Library/Frameworks\E\/.*, ^\Q/Users/stevenlee/Downloads/Xcode.app/Contents/Developer/Platforms/iPhoneOS.platform/Developer/SDKs/iPhoneOS.sdk\E\/.*, ^\Q/Users/stevenlee/Downloads/Xcode.app/Contents/Developer/Toolchains/XcodeDefault.xctoolchain\E\/.*]
[2019-04-13 23:14:56.420][debug][command:57a4bea2-d50e-40eb-b542-8e6088f28f65][tid:5475][com.facebook.buck.apple.toolchain.impl.AppleCxxPlatforms] SDK AppleSdk{name=iphonesimulator, version=12.1, applePlatform=ApplePlatform{name=iphonesimulator, swiftName=ios, architectures=[i386, x86_64], minVersionFlagPrefix=-mios-simulator-version-min=, stubBinaryPath=Library/Application Support/WatchKit/WK, appIncludesFrameworks=false}, architectures=[i386, x86_64], toolchains=[AppleToolchain{identifier=com.apple.dt.toolchain.XcodeDefault, path=/Users/stevenlee/Downloads/Xcode.app/Contents/Developer/Toolchains/XcodeDefault.xctoolchain}]} using default version 11.0
[2019-04-13 23:14:56.421][debug][command:57a4bea2-d50e-40eb-b542-8e6088f28f65][tid:5475][com.facebook.buck.apple.toolchain.impl.AppleCxxPlatforms] Xcode build version is: 10B61
[2019-04-13 23:14:56.422][warn ][command:57a4bea2-d50e-40eb-b542-8e6088f28f65][tid:5475][com.facebook.buck.apple.toolchain.impl.AppleCxxPlatforms] /Users/stevenlee/Downloads/Xcode.app/Contents/Developer/Platforms/iPhoneSimulator.platform/version.plist does not exist. Build version will be unset for this platform.
[2019-04-13 23:14:56.422][debug][command:57a4bea2-d50e-40eb-b542-8e6088f28f65][tid:5475][com.facebook.buck.apple.toolchain.impl.AppleCxxPlatforms] Apple toolchain path: /Users/stevenlee/Downloads/Xcode.app/Contents/Developer/Toolchains/XcodeDefault.xctoolchain
[2019-04-13 23:14:56.422][debug][command:57a4bea2-d50e-40eb-b542-8e6088f28f65][tid:5475][com.facebook.buck.apple.toolchain.impl.AppleCxxPlatforms] Headers verification platform whitelist: [^\Q/Users/stevenlee/Downloads/Xcode.app/Contents/Developer/Platforms/iPhoneSimulator.platform/Developer/Library/Frameworks\E\/.*, ^\Q/Users/stevenlee/Downloads/Xcode.app/Contents/Developer/Platforms/iPhoneSimulator.platform/Developer/SDKs/iPhoneSimulator.sdk\E\/.*, ^\Q/Users/stevenlee/Downloads/Xcode.app/Contents/Developer/Toolchains/XcodeDefault.xctoolchain\E\/.*]
[2019-04-13 23:14:56.423][debug][command:57a4bea2-d50e-40eb-b542-8e6088f28f65][tid:5475][com.facebook.buck.apple.toolchain.impl.AppleCxxPlatforms] Xcode build version is: 10B61
[2019-04-13 23:14:56.423][warn ][command:57a4bea2-d50e-40eb-b542-8e6088f28f65][tid:5475][com.facebook.buck.apple.toolchain.impl.AppleCxxPlatforms] /Users/stevenlee/Downloads/Xcode.app/Contents/Developer/Platforms/iPhoneSimulator.platform/version.plist does not exist. Build version will be unset for this platform.
[2019-04-13 23:14:56.423][debug][command:57a4bea2-d50e-40eb-b542-8e6088f28f65][tid:5475][com.facebook.buck.apple.toolchain.impl.AppleCxxPlatforms] Apple toolchain path: /Users/stevenlee/Downloads/Xcode.app/Contents/Developer/Toolchains/XcodeDefault.xctoolchain
[2019-04-13 23:14:56.423][debug][command:57a4bea2-d50e-40eb-b542-8e6088f28f65][tid:5475][com.facebook.buck.apple.toolchain.impl.AppleCxxPlatforms] Headers verification platform whitelist: [^\Q/Users/stevenlee/Downloads/Xcode.app/Contents/Developer/Platforms/iPhoneSimulator.platform/Developer/Library/Frameworks\E\/.*, ^\Q/Users/stevenlee/Downloads/Xcode.app/Contents/Developer/Platforms/iPhoneSimulator.platform/Developer/SDKs/iPhoneSimulator.sdk\E\/.*, ^\Q/Users/stevenlee/Downloads/Xcode.app/Contents/Developer/Toolchains/XcodeDefault.xctoolchain\E\/.*]
[2019-04-13 23:14:56.424][debug][command:57a4bea2-d50e-40eb-b542-8e6088f28f65][tid:5475][com.facebook.buck.apple.toolchain.impl.AppleCxxPlatforms] SDK AppleSdk{name=macosx, version=10.14, applePlatform=ApplePlatform{name=macosx, architectures=[i386, x86_64], minVersionFlagPrefix=-mmacosx-version-min=, appIncludesFrameworks=true}, architectures=[i386, x86_64], toolchains=[AppleToolchain{identifier=com.apple.dt.toolchain.XcodeDefault, path=/Users/stevenlee/Downloads/Xcode.app/Contents/Developer/Toolchains/XcodeDefault.xctoolchain}]} using default version 10.14
[2019-04-13 23:14:56.424][debug][command:57a4bea2-d50e-40eb-b542-8e6088f28f65][tid:5475][com.facebook.buck.apple.toolchain.impl.AppleCxxPlatforms] Xcode build version is: 10B61
[2019-04-13 23:14:56.425][warn ][command:57a4bea2-d50e-40eb-b542-8e6088f28f65][tid:5475][com.facebook.buck.apple.toolchain.impl.AppleCxxPlatforms] In /Users/stevenlee/Downloads/Xcode.app/Contents/Developer/Platforms/MacOSX.platform/version.plist, missing ProductBuildVersion. Build version will be unset for this platform.
[2019-04-13 23:14:56.425][debug][command:57a4bea2-d50e-40eb-b542-8e6088f28f65][tid:5475][com.facebook.buck.apple.toolchain.impl.AppleCxxPlatforms] Apple toolchain path: /Users/stevenlee/Downloads/Xcode.app/Contents/Developer/Toolchains/XcodeDefault.xctoolchain
[2019-04-13 23:14:56.425][debug][command:57a4bea2-d50e-40eb-b542-8e6088f28f65][tid:5475][com.facebook.buck.apple.toolchain.impl.AppleCxxPlatforms] Headers verification platform whitelist: [^\Q/Users/stevenlee/Downloads/Xcode.app/Contents/Developer/Platforms/MacOSX.platform/Developer/Library/Frameworks\E\/.*, ^\Q/Users/stevenlee/Downloads/Xcode.app/Contents/Developer/Platforms/MacOSX.platform/Developer/SDKs/MacOSX.sdk\E\/.*, ^\Q/Users/stevenlee/Downloads/Xcode.app/Contents/Developer/Toolchains/XcodeDefault.xctoolchain\E\/.*]
[2019-04-13 23:14:56.426][debug][command:57a4bea2-d50e-40eb-b542-8e6088f28f65][tid:5475][com.facebook.buck.apple.toolchain.impl.AppleCxxPlatforms] Xcode build version is: 10B61
[2019-04-13 23:14:56.427][warn ][command:57a4bea2-d50e-40eb-b542-8e6088f28f65][tid:5475][com.facebook.buck.apple.toolchain.impl.AppleCxxPlatforms] In /Users/stevenlee/Downloads/Xcode.app/Contents/Developer/Platforms/MacOSX.platform/version.plist, missing ProductBuildVersion. Build version will be unset for this platform.
[2019-04-13 23:14:56.427][debug][command:57a4bea2-d50e-40eb-b542-8e6088f28f65][tid:5475][com.facebook.buck.apple.toolchain.impl.AppleCxxPlatforms] Apple toolchain path: /Users/stevenlee/Downloads/Xcode.app/Contents/Developer/Toolchains/XcodeDefault.xctoolchain
[2019-04-13 23:14:56.427][debug][command:57a4bea2-d50e-40eb-b542-8e6088f28f65][tid:5475][com.facebook.buck.apple.toolchain.impl.AppleCxxPlatforms] Headers verification platform whitelist: [^\Q/Users/stevenlee/Downloads/Xcode.app/Contents/Developer/Platforms/MacOSX.platform/Developer/Library/Frameworks\E\/.*, ^\Q/Users/stevenlee/Downloads/Xcode.app/Contents/Developer/Platforms/MacOSX.platform/Developer/SDKs/MacOSX.sdk\E\/.*, ^\Q/Users/stevenlee/Downloads/Xcode.app/Contents/Developer/Toolchains/XcodeDefault.xctoolchain\E\/.*]
[2019-04-13 23:14:56.427][debug][command:57a4bea2-d50e-40eb-b542-8e6088f28f65][tid:5475][com.facebook.buck.apple.toolchain.impl.AppleCxxPlatforms] SDK AppleSdk{name=watchos, version=5.1, applePlatform=ApplePlatform{name=watchos, provisioningProfileName=iOS, architectures=[armv7k, arm64_32], minVersionFlagPrefix=-mwatchos-version-min=, stubBinaryPath=Library/Application Support/WatchKit/WK, appIncludesFrameworks=false}, architectures=[armv7k, arm64_32], toolchains=[AppleToolchain{identifier=com.apple.dt.toolchain.XcodeDefault, path=/Users/stevenlee/Downloads/Xcode.app/Contents/Developer/Toolchains/XcodeDefault.xctoolchain}]} using default version 5.1
[2019-04-13 23:14:56.428][debug][command:57a4bea2-d50e-40eb-b542-8e6088f28f65][tid:5475][com.facebook.buck.apple.toolchain.impl.AppleCxxPlatforms] Xcode build version is: 10B61
[2019-04-13 23:14:56.431][debug][command:57a4bea2-d50e-40eb-b542-8e6088f28f65][tid:5475][com.facebook.buck.apple.toolchain.impl.AppleCxxPlatforms] Apple toolchain path: /Users/stevenlee/Downloads/Xcode.app/Contents/Developer/Toolchains/XcodeDefault.xctoolchain
[2019-04-13 23:14:56.431][debug][command:57a4bea2-d50e-40eb-b542-8e6088f28f65][tid:5475][com.facebook.buck.apple.toolchain.impl.AppleCxxPlatforms] Headers verification platform whitelist: [^\Q/Users/stevenlee/Downloads/Xcode.app/Contents/Developer/Platforms/WatchOS.platform/Developer/Library/Frameworks\E\/.*, ^\Q/Users/stevenlee/Downloads/Xcode.app/Contents/Developer/Platforms/WatchOS.platform/Developer/SDKs/WatchOS.sdk\E\/.*, ^\Q/Users/stevenlee/Downloads/Xcode.app/Contents/Developer/Toolchains/XcodeDefault.xctoolchain\E\/.*]
[2019-04-13 23:14:56.432][debug][command:57a4bea2-d50e-40eb-b542-8e6088f28f65][tid:5475][com.facebook.buck.apple.toolchain.impl.AppleCxxPlatforms] Xcode build version is: 10B61
[2019-04-13 23:14:56.432][debug][command:57a4bea2-d50e-40eb-b542-8e6088f28f65][tid:5475][com.facebook.buck.apple.toolchain.impl.AppleCxxPlatforms] Apple toolchain path: /Users/stevenlee/Downloads/Xcode.app/Contents/Developer/Toolchains/XcodeDefault.xctoolchain
[2019-04-13 23:14:56.433][debug][command:57a4bea2-d50e-40eb-b542-8e6088f28f65][tid:5475][com.facebook.buck.apple.toolchain.impl.AppleCxxPlatforms] Headers verification platform whitelist: [^\Q/Users/stevenlee/Downloads/Xcode.app/Contents/Developer/Platforms/WatchOS.platform/Developer/Library/Frameworks\E\/.*, ^\Q/Users/stevenlee/Downloads/Xcode.app/Contents/Developer/Platforms/WatchOS.platform/Developer/SDKs/WatchOS.sdk\E\/.*, ^\Q/Users/stevenlee/Downloads/Xcode.app/Contents/Developer/Toolchains/XcodeDefault.xctoolchain\E\/.*]
[2019-04-13 23:14:56.433][debug][command:57a4bea2-d50e-40eb-b542-8e6088f28f65][tid:5475][com.facebook.buck.apple.toolchain.impl.AppleCxxPlatforms] SDK AppleSdk{name=watchsimulator, version=5.1, applePlatform=ApplePlatform{name=watchsimulator, architectures=[i386, x86_64], minVersionFlagPrefix=-mwatchos-simulator-version-min=, stubBinaryPath=Library/Application Support/WatchKit/WK, appIncludesFrameworks=false}, architectures=[i386, x86_64], toolchains=[AppleToolchain{identifier=com.apple.dt.toolchain.XcodeDefault, path=/Users/stevenlee/Downloads/Xcode.app/Contents/Developer/Toolchains/XcodeDefault.xctoolchain}]} using default version 5.1
[2019-04-13 23:14:56.434][debug][command:57a4bea2-d50e-40eb-b542-8e6088f28f65][tid:5475][com.facebook.buck.apple.toolchain.impl.AppleCxxPlatforms] Xcode build version is: 10B61
[2019-04-13 23:14:56.435][debug][command:57a4bea2-d50e-40eb-b542-8e6088f28f65][tid:5475][com.facebook.buck.apple.toolchain.impl.AppleCxxPlatforms] Apple toolchain path: /Users/stevenlee/Downloads/Xcode.app/Contents/Developer/Toolchains/XcodeDefault.xctoolchain
[2019-04-13 23:14:56.435][debug][command:57a4bea2-d50e-40eb-b542-8e6088f28f65][tid:5475][com.facebook.buck.apple.toolchain.impl.AppleCxxPlatforms] Headers verification platform whitelist: [^\Q/Users/stevenlee/Downloads/Xcode.app/Contents/Developer/Platforms/WatchSimulator.platform/Developer/Library/Frameworks\E\/.*, ^\Q/Users/stevenlee/Downloads/Xcode.app/Contents/Developer/Platforms/WatchSimulator.platform/Developer/SDKs/WatchSimulator.sdk\E\/.*, ^\Q/Users/stevenlee/Downloads/Xcode.app/Contents/Developer/Toolchains/XcodeDefault.xctoolchain\E\/.*]
[2019-04-13 23:14:56.436][debug][command:57a4bea2-d50e-40eb-b542-8e6088f28f65][tid:5475][com.facebook.buck.apple.toolchain.impl.AppleCxxPlatforms] Xcode build version is: 10B61
[2019-04-13 23:14:56.437][debug][command:57a4bea2-d50e-40eb-b542-8e6088f28f65][tid:5475][com.facebook.buck.apple.toolchain.impl.AppleCxxPlatforms] Apple toolchain path: /Users/stevenlee/Downloads/Xcode.app/Contents/Developer/Toolchains/XcodeDefault.xctoolchain
[2019-04-13 23:14:56.437][debug][command:57a4bea2-d50e-40eb-b542-8e6088f28f65][tid:5475][com.facebook.buck.apple.toolchain.impl.AppleCxxPlatforms] Headers verification platform whitelist: [^\Q/Users/stevenlee/Downloads/Xcode.app/Contents/Developer/Platforms/WatchSimulator.platform/Developer/Library/Frameworks\E\/.*, ^\Q/Users/stevenlee/Downloads/Xcode.app/Contents/Developer/Platforms/WatchSimulator.platform/Developer/SDKs/WatchSimulator.sdk\E\/.*, ^\Q/Users/stevenlee/Downloads/Xcode.app/Contents/Developer/Toolchains/XcodeDefault.xctoolchain\E\/.*]
[2019-04-13 23:14:56.438][warn ][command:57a4bea2-d50e-40eb-b542-8e6088f28f65][tid:5475][com.facebook.buck.core.toolchain.impl.DefaultToolchainProvider] Cannot create a toolchain: ndk-cxx-platforms. Cause: Android NDK could not be found. Make sure to set one of these  environment variables: ANDROID_NDK_REPOSITORY, ANDROID_NDK, or NDK_HOME or ndk.ndk_path or ndk.ndk_repository_path in your .buckconfig
[2019-04-13 23:14:56.438][debug][command:57a4bea2-d50e-40eb-b542-8e6088f28f65][tid:5475][com.facebook.buck.io.ExecutableFinder] Executable 'clang' mapped to 'Optional[/usr/bin/clang]'
[2019-04-13 23:14:56.438][debug][command:57a4bea2-d50e-40eb-b542-8e6088f28f65][tid:5475][com.facebook.buck.io.ExecutableFinder] Executable 'clang++' mapped to 'Optional[/usr/bin/clang++]'
[2019-04-13 23:14:56.438][debug][command:57a4bea2-d50e-40eb-b542-8e6088f28f65][tid:5475][com.facebook.buck.cxx.toolchain.CxxPlatforms] Using config default C++ platform CxxPlatform{flavor=iphonesimulator-x86_64, as=com.facebook.buck.cxx.toolchain.CompilerProvider@2931b612, asflags=[-isysroot, /Users/stevenlee/Downloads/Xcode.app/Contents/Developer/Platforms/iPhoneSimulator.platform/Developer/SDKs/iPhoneSimulator.sdk, -arch, x86_64, -mios-simulator-version-min=11.0, -iquote, /Users/stevenlee/Downloads/BuckTest 3], aspp=com.facebook.buck.cxx.toolchain.PreprocessorProvider@27f65d44, asppflags=[], cc=com.facebook.buck.cxx.toolchain.CompilerProvider@23c9dd62, cflags=[-isysroot, /Users/stevenlee/Downloads/Xcode.app/Contents/Developer/Platforms/iPhoneSimulator.platform/Developer/SDKs/iPhoneSimulator.sdk, -arch, x86_64, -mios-simulator-version-min=11.0, -iquote, /Users/stevenlee/Downloads/BuckTest 3, -g, -fmodules, -fobjc-arc, -D, BUCK, -w], cxx=com.facebook.buck.cxx.toolchain.CompilerProvider@66cb577f, cxxflags=[-isysroot, /Users/stevenlee/Downloads/Xcode.app/Contents/Developer/Platforms/iPhoneSimulator.platform/Developer/SDKs/iPhoneSimulator.sdk, -arch, x86_64, -mios-simulator-version-min=11.0, -iquote, /Users/stevenlee/Downloads/BuckTest 3, -fobjc-arc, -std=c++14, -D, DEBUG, -g], cpp=com.facebook.buck.cxx.toolchain.PreprocessorProvider@426efc92, cppflags=[], cxxpp=com.facebook.buck.cxx.toolchain.PreprocessorProvider@57e795e6, cxxppflags=[], cudappflags=[], cudaflags=[], hipppflags=[], hipflags=[], asmppflags=[], asmflags=[], ld=com.facebook.buck.cxx.toolchain.linker.DefaultLinkerProvider@3aa860b5, ldflags=[-isysroot, /Users/stevenlee/Downloads/Xcode.app/Contents/Developer/Platforms/iPhoneSimulator.platform/Developer/SDKs/iPhoneSimulator.sdk, -arch, x86_64, -mios-simulator-version-min=11.0, -iquote, /Users/stevenlee/Downloads/BuckTest 3, -Wl,-sdk_version, -Wl,12.1, -Wl,-ObjC, -Xlinker, -objc_abi_version, -Xlinker, 2, -fobjc-arc, -fobjc-link-runtime], runtimeLdflags={}, strip=VersionedTool{path=/Users/stevenlee/Downloads/Xcode.app/Contents/Developer/Toolchains/XcodeDefault.xctoolchain/usr/bin/strip, extraArgs=[], name=apple-strip, version=12.1:10B61}, stripFlags=[], ar=com.facebook.buck.cxx.toolchain.ArchiverProvider$1@6e4a830, archiveContents=NORMAL, arflags=[], ranlib=com.facebook.buck.core.toolchain.toolprovider.impl.ConstantToolProvider@335b5e12, ranlibflags=[], symbolNameTool=com.facebook.buck.cxx.toolchain.LazyDelegatingSymbolNameTool@58f8a53a, sharedLibraryExtension=dylib, sharedLibraryVersionedExtensionFormat=%s.dylib, staticLibraryExtension=a, objectFileExtension=o, compilerDebugPathSanitizer=com.facebook.buck.cxx.toolchain.PrefixMapDebugPathSanitizer@21accb58, assemblerDebugPathSanitizer=com.facebook.buck.cxx.toolchain.MungingDebugPathSanitizer@2aa5275, headerVerification=HeaderVerification{mode=IGNORE, whitelist=[], platformWhitelist=[^\Q/Users/stevenlee/Downloads/Xcode.app/Contents/Developer/Platforms/iPhoneSimulator.platform/Developer/Library/Frameworks\E\/.*, ^\Q/Users/stevenlee/Downloads/Xcode.app/Contents/Developer/Platforms/iPhoneSimulator.platform/Developer/SDKs/iPhoneSimulator.sdk\E\/.*, ^\Q/Users/stevenlee/Downloads/Xcode.app/Contents/Developer/Toolchains/XcodeDefault.xctoolchain\E\/.*], whitelistPatterns=[^\Q/Users/stevenlee/Downloads/Xcode.app/Contents/Developer/Platforms/iPhoneSimulator.platform/Developer/Library/Frameworks\E\/.*, ^\Q/Users/stevenlee/Downloads/Xcode.app/Contents/Developer/Platforms/iPhoneSimulator.platform/Developer/SDKs/iPhoneSimulator.sdk\E\/.*, ^\Q/Users/stevenlee/Downloads/Xcode.app/Contents/Developer/Toolchains/XcodeDefault.xctoolchain\E\/.*]}, flagMacros={SDKROOT=/Users/stevenlee/Downloads/Xcode.app/Contents/Developer/Platforms/iPhoneSimulator.platform/Developer/SDKs/iPhoneSimulator.sdk, PLATFORM_DIR=/Users/stevenlee/Downloads/Xcode.app/Contents/Developer/Platforms/iPhoneSimulator.platform, CURRENT_ARCH=x86_64, DEVELOPER_DIR=/Users/stevenlee/Downloads/Xcode.app/Contents/Developer}, publicHeadersSymlinksEnabled=true, privateHeadersSymlinksEnabled=true, picTypeForSharedLinking=PIC, conflictingHeaderBasenameWhitelist=[]}
[2019-04-13 23:14:56.468][debug][command:null][tid:5480][com.facebook.buck.parser.PythonDslProjectBuildFileParser] Closing buck.py process stdin
[2019-04-13 23:14:56.468][info ][command:57a4bea2-d50e-40eb-b542-8e6088f28f65][tid:14][com.facebook.buck.core.model.actiongraph.computation.ActionGraphProvider] ActionGraph cache hit.
[2019-04-13 23:14:56.468][debug][command:57a4bea2-d50e-40eb-b542-8e6088f28f65][tid:5464][com.facebook.buck.event.listener.SuperConsoleEventBusListener] Action graph cache hit
[2019-04-13 23:14:56.468][debug][command:57a4bea2-d50e-40eb-b542-8e6088f28f65][tid:14][com.facebook.buck.core.build.engine.impl.MetadataChecker] Checking metadata_storage for /Users/stevenlee/Downloads/BuckTest 3
[2019-04-13 23:14:56.485][warn ][command:57a4bea2-d50e-40eb-b542-8e6088f28f65][tid:5475][com.facebook.buck.rules.keys.RuleKeyBuilder] Attempting to add absolute path to rule key. Only using file name: /usr/bin/codesign
[2019-04-13 23:14:56.486][debug][command:57a4bea2-d50e-40eb-b542-8e6088f28f65][tid:5476][com.facebook.buck.core.build.engine.cache.manager.BuildCacheArtifactFetcher] Cache miss for '//BuckTest:BuckTest#dwarf-and-dsym,no-include-frameworks' with rulekey '0e5a86f1ed10ee7cb2647cf86b99ab7e816e1f98'
[2019-04-13 23:14:56.492][debug][command:57a4bea2-d50e-40eb-b542-8e6088f28f65][tid:5475][com.facebook.buck.core.build.engine.cache.manager.BuildCacheArtifactFetcher] Cache miss for '//BuckTest:AppBinary#apple-debuggable-binary,dwarf-and-dsym,iphonesimulator-x86_64' with rulekey '9802d9060cea8eb9e7ed146c3bcc66fad4536d3d'
[2019-04-13 23:14:56.492][debug][command:57a4bea2-d50e-40eb-b542-8e6088f28f65][tid:5477][com.facebook.buck.core.build.engine.cache.manager.BuildCacheArtifactFetcher] Cache miss for '//BuckTest:AppBinary#apple-dsym,iphonesimulator-x86_64' with rulekey '13d67ee78dd7765a592c422562f2ac7b440371c3'
[2019-04-13 23:14:56.492][debug][command:57a4bea2-d50e-40eb-b542-8e6088f28f65][tid:5477][com.facebook.buck.core.build.engine.cache.manager.BuildCacheArtifactFetcher] Cache miss for '//BuckTest:AppBinary#iphonesimulator-x86_64,strip-non-global,stripped' with rulekey '892316a708484e013c2149c66d1351f688fb0a36'
[2019-04-13 23:14:56.495][debug][command:57a4bea2-d50e-40eb-b542-8e6088f28f65][tid:5477][com.facebook.buck.core.build.engine.cache.manager.BuildCacheArtifactFetcher] Cache miss for '//BuckTest:AppBinary#binary,iphonesimulator-x86_64' with rulekey '53136fea1dff14fa4079f75c63d4d11db42fae5f'
[2019-04-13 23:14:56.497][debug][command:57a4bea2-d50e-40eb-b542-8e6088f28f65][tid:5476][com.facebook.buck.core.build.engine.cache.manager.BuildCacheArtifactFetcher] Cache miss for '//BuckTest:AppBinary#iphonesimulator-x86_64,swift-compile' with rulekey '762770d04e83f505289e1184e4dc0e14cca188c5'
[2019-04-13 23:14:56.510][debug][command:null][tid:5480][com.facebook.buck.parser.PythonDslProjectBuildFileParser] Waiting for process com.facebook.buck.util.ProcessExecutor$LaunchedProcessImpl@30976c55 to exit...
[2019-04-13 23:14:56.513][debug][command:null][tid:5480][com.facebook.buck.parser.PythonDslProjectBuildFileParser] Process com.facebook.buck.util.ProcessExecutor$LaunchedProcessImpl@30976c55 exited cleanly.
[2019-04-13 23:14:56.517][debug][command:57a4bea2-d50e-40eb-b542-8e6088f28f65][tid:5478][com.facebook.buck.core.build.engine.impl.CachingBuildRuleBuilder] Building locally: //BuckTest:AppBinary#iphonesimulator-x86_64,swift-compile
[2019-04-13 23:14:56.519][debug][command:57a4bea2-d50e-40eb-b542-8e6088f28f65][tid:5478][com.facebook.buck.swift.SwiftCompileStep] [/Users/stevenlee/Downloads/Xcode.app/Contents/Developer/Toolchains/XcodeDefault.xctoolchain/usr/bin/swiftc, -frontend, -sdk, /Users/stevenlee/Downloads/Xcode.app/Contents/Developer/Platforms/iPhoneSimulator.platform/Developer/SDKs/iPhoneSimulator.sdk, -target, x86_64-apple-ios11.0, -F, /Users/stevenlee/Downloads/BuckTest 3/buck-out/gen/Pods/Crashlytics, -F, /Users/stevenlee/Downloads/BuckTest 3/buck-out/gen/Pods/Fabric, -F, /Users/stevenlee/Downloads/BuckTest 3/buck-out/gen/Pods/Intercom, -F, /Users/stevenlee/Downloads/BuckTest 3/buck-out/gen/Pods/ZDCChat, -F, /Users/stevenlee/Downloads/BuckTest 3/buck-out/gen/Pods/ZDCChatAPI, -Xcc, -I, -Xcc, buck-out/gen/Pods/Alamofire#apple-swift-objc-generated-header,iphonesimulator-x86_64.hmap, -Xcc, -I, -Xcc, buck-out/gen/Pods/CountryPickerSwift#apple-swift-objc-generated-header,iphonesimulator-x86_64.hmap, -Xcc, -I, -Xcc, buck-out/gen/Pods/Hero#apple-swift-objc-generated-header,iphonesimulator-x86_64.hmap, -Xcc, -I, -Xcc, buck-out/gen/Pods/IQKeyboardManager#apple-swift-objc-generated-header,iphonesimulator-x86_64.hmap, -Xcc, -I, -Xcc, buck-out/gen/Pods/Lottie#apple-swift-objc-generated-header,iphonesimulator-x86_64.hmap, -Xcc, -I, -Xcc, buck-out/gen/Pods/Mixpanel#apple-swift-objc-generated-header,iphonesimulator-x86_64.hmap, -Xcc, -I, -Xcc, buck-out/gen/Pods/RxCocoa#apple-swift-objc-generated-header,iphonesimulator-x86_64.hmap, -Xcc, -I, -Xcc, buck-out/gen/Pods/RxSwift#apple-swift-objc-generated-header,iphonesimulator-x86_64.hmap, -Xcc, -I, -Xcc, buck-out/gen/Pods/SkyFloatingLabelTextField#apple-swift-objc-generated-header,iphonesimulator-x86_64.hmap, -Xcc, -I, -Xcc, buck-out/gen/Pods/SwiftKeychainWrapper#apple-swift-objc-generated-header,iphonesimulator-x86_64.hmap, -Xcc, -I, -Xcc, buck-out/gen/Pods/SwiftyRSA#apple-swift-objc-generated-header,iphonesimulator-x86_64.hmap, -Xcc, -I, -Xcc, buck-out/gen/Pods/Swinject#apple-swift-objc-generated-header,iphonesimulator-x86_64.hmap, -Xcc, -I, -Xcc, buck-out/gen/Pods/SwinjectStoryboard#apple-swift-objc-generated-header,iphonesimulator-x86_64.hmap, -Xcc, -I, -Xcc, buck-out/gen/Pods/Validator#apple-swift-objc-generated-header,iphonesimulator-x86_64.hmap, -Xcc, -I, -Xcc, buck-out/gen/Pods/Alamofire#header-mode-symlink-tree-with-modulemap,headers,iphonesimulator-x86_64, -Xcc, -I, -Xcc, buck-out/gen/Pods/Alamofire#apple-swift-compile,iphonesimulator-x86_64, -Xcc, -I, -Xcc, buck-out, -Xcc, -I, -Xcc, buck-out/gen/Pods/CountryPickerSwift#header-mode-symlink-tree-with-modulemap,headers,iphonesimulator-x86_64, -Xcc, -I, -Xcc, buck-out/gen/Pods/CountryPickerSwift#apple-swift-compile,iphonesimulator-x86_64, -Xcc, -I, -Xcc, buck-out/gen/Pods/FirebaseAuth#header-mode-symlink-tree-with-modulemap,headers,iphonesimulator-x86_64, -Xcc, -I, -Xcc, buck-out/gen/Pods/FirebaseAuthInterop#header-mode-symlink-tree-with-modulemap,headers,iphonesimulator-x86_64, -Xcc, -I, -Xcc, buck-out/gen/Pods/FirebaseCore#header-mode-symlink-tree-with-modulemap,headers,iphonesimulator-x86_64, -Xcc, -I, -Xcc, buck-out/gen/Pods/GTMSessionFetcher#header-mode-symlink-tree-with-modulemap,headers,iphonesimulator-x86_64, -Xcc, -I, -Xcc, buck-out/gen/Pods/GoogleUtilities#header-mode-symlink-tree-with-modulemap,headers,iphonesimulator-x86_64, -Xcc, -I, -Xcc, buck-out/gen/Pods/Hero#header-mode-symlink-tree-with-modulemap,headers,iphonesimulator-x86_64, -Xcc, -I, -Xcc, buck-out/gen/Pods/Hero#apple-swift-compile,iphonesimulator-x86_64, -Xcc, -I, -Xcc, buck-out/gen/Pods/IGListKit#header-mode-symlink-tree-with-modulemap,headers,iphonesimulator-x86_64, -Xcc, -I, -Xcc, buck-out/gen/Pods/IQKeyboardManager#header-mode-symlink-tree-with-modulemap,headers,iphonesimulator-x86_64, -Xcc, -I, -Xcc, buck-out/gen/Pods/IQKeyboardManager#apple-swift-compile,iphonesimulator-x86_64, -Xcc, -I, -Xcc, buck-out/gen/Pods/Lottie#header-mode-symlink-tree-with-modulemap,headers,iphonesimulator-x86_64, -Xcc, -I, -Xcc, buck-out/gen/Pods/Lottie#apple-swift-compile,iphonesimulator-x86_64, -Xcc, -I, -Xcc, buck-out/gen/Pods/Mixpanel#header-mode-symlink-tree-with-modulemap,headers,iphonesimulator-x86_64, -Xcc, -I, -Xcc, buck-out/gen/Pods/Mixpanel#apple-swift-compile,iphonesimulator-x86_64, -Xcc, -I, -Xcc, buck-out/gen/Pods/RxCocoa#header-mode-symlink-tree-with-modulemap,headers,iphonesimulator-x86_64, -Xcc, -I, -Xcc, buck-out/gen/Pods/RxCocoa#apple-swift-compile,iphonesimulator-x86_64, -Xcc, -I, -Xcc, buck-out/gen/Pods/RxSwift#header-mode-symlink-tree-with-modulemap,headers,iphonesimulator-x86_64, -Xcc, -I, -Xcc, buck-out/gen/Pods/RxSwift#apple-swift-compile,iphonesimulator-x86_64, -Xcc, -I, -Xcc, buck-out/gen/Pods/SVProgressHUD#header-mode-symlink-tree-with-modulemap,headers,iphonesimulator-x86_64, -Xcc, -I, -Xcc, buck-out/gen/Pods/SkyFloatingLabelTextField#header-mode-symlink-tree-with-modulemap,headers,iphonesimulator-x86_64, -Xcc, -I, -Xcc, buck-out/gen/Pods/SkyFloatingLabelTextField#apple-swift-compile,iphonesimulator-x86_64, -Xcc, -I, -Xcc, buck-out/gen/Pods/SwiftKeychainWrapper#header-mode-symlink-tree-with-modulemap,headers,iphonesimulator-x86_64, -Xcc, -I, -Xcc, buck-out/gen/Pods/SwiftKeychainWrapper#apple-swift-compile,iphonesimulator-x86_64, -Xcc, -I, -Xcc, buck-out/gen/Pods/SwiftyRSA#header-mode-symlink-tree-with-modulemap,headers,iphonesimulator-x86_64, -Xcc, -I, -Xcc, buck-out/gen/Pods/SwiftyRSA#apple-swift-compile,iphonesimulator-x86_64, -Xcc, -I, -Xcc, buck-out/gen/Pods/Swinject#header-mode-symlink-tree-with-modulemap,headers,iphonesimulator-x86_64, -Xcc, -I, -Xcc, buck-out/gen/Pods/Swinject#apple-swift-compile,iphonesimulator-x86_64, -Xcc, -I, -Xcc, buck-out/gen/Pods/SwinjectStoryboard#header-mode-symlink-tree-with-modulemap,headers,iphonesimulator-x86_64, -Xcc, -I, -Xcc, buck-out/gen/Pods/SwinjectStoryboard#apple-swift-compile,iphonesimulator-x86_64, -Xcc, -I, -Xcc, buck-out/gen/Pods/Validator#header-mode-symlink-tree-with-modulemap,headers,iphonesimulator-x86_64, -Xcc, -I, -Xcc, buck-out/gen/Pods/Validator#apple-swift-compile,iphonesimulator-x86_64, -Xcc, -F, -Xcc, /Users/stevenlee/Downloads/BuckTest 3/buck-out/gen/Pods/Crashlytics, -Xcc, -F, -Xcc, /Users/stevenlee/Downloads/BuckTest 3/buck-out/gen/Pods/Fabric, -Xcc, -F, -Xcc, /Users/stevenlee/Downloads/BuckTest 3/buck-out/gen/Pods/Intercom, -Xcc, -F, -Xcc, /Users/stevenlee/Downloads/BuckTest 3/buck-out/gen/Pods/ZDCChat, -Xcc, -F, -Xcc, /Users/stevenlee/Downloads/BuckTest 3/buck-out/gen/Pods/ZDCChatAPI, -I, /Users/stevenlee/Downloads/BuckTest 3/buck-out/gen/Pods/Alamofire#apple-swift-compile,iphonesimulator-x86_64, -I, /Users/stevenlee/Downloads/BuckTest 3/buck-out/gen/Pods/CountryPickerSwift#apple-swift-compile,iphonesimulator-x86_64, -I, /Users/stevenlee/Downloads/BuckTest 3/buck-out/gen/Pods/Hero#apple-swift-compile,iphonesimulator-x86_64, -I, /Users/stevenlee/Downloads/BuckTest 3/buck-out/gen/Pods/IQKeyboardManager#apple-swift-compile,iphonesimulator-x86_64, -I, /Users/stevenlee/Downloads/BuckTest 3/buck-out/gen/Pods/Lottie#apple-swift-compile,iphonesimulator-x86_64, -I, /Users/stevenlee/Downloads/BuckTest 3/buck-out/gen/Pods/Mixpanel#apple-swift-compile,iphonesimulator-x86_64, -I, /Users/stevenlee/Downloads/BuckTest 3/buck-out/gen/Pods/RxCocoa#apple-swift-compile,iphonesimulator-x86_64, -I, /Users/stevenlee/Downloads/BuckTest 3/buck-out/gen/Pods/RxSwift#apple-swift-compile,iphonesimulator-x86_64, -I, /Users/stevenlee/Downloads/BuckTest 3/buck-out/gen/Pods/SkyFloatingLabelTextField#apple-swift-compile,iphonesimulator-x86_64, -I, /Users/stevenlee/Downloads/BuckTest 3/buck-out/gen/Pods/SwiftKeychainWrapper#apple-swift-compile,iphonesimulator-x86_64, -I, /Users/stevenlee/Downloads/BuckTest 3/buck-out/gen/Pods/SwiftyRSA#apple-swift-compile,iphonesimulator-x86_64, -I, /Users/stevenlee/Downloads/BuckTest 3/buck-out/gen/Pods/Swinject#apple-swift-compile,iphonesimulator-x86_64, -I, /Users/stevenlee/Downloads/BuckTest 3/buck-out/gen/Pods/SwinjectStoryboard#apple-swift-compile,iphonesimulator-x86_64, -I, /Users/stevenlee/Downloads/BuckTest 3/buck-out/gen/Pods/Validator#apple-swift-compile,iphonesimulator-x86_64, -c, -enable-objc-interop, -parse-as-library, -serialize-debugging-options, -module-name, AppBinary, -emit-module, -emit-module-path, buck-out/gen/BuckTest/AppBinary#iphonesimulator-x86_64,swift-compile/AppBinary.swiftmodule, -emit-objc-header-path, buck-out/gen/BuckTest/AppBinary#iphonesimulator-x86_64,swift-compile/AppBinary-Swift.h, -o, buck-out/gen/BuckTest/AppBinary#iphonesimulator-x86_64,swift-compile/AppBinary.o, -swift-version, 4.2, -DBUCK, -enable-testing, -g, -Onone, -whole-module-optimization, -filelist, /Users/stevenlee/Downloads/BuckTest 3/buck-out/bin/BuckTest/AppBinary#iphonesimulator-x86_64,swift-compile__filelist.txt]
[2019-04-13 23:14:56.519][debug][command:57a4bea2-d50e-40eb-b542-8e6088f28f65][tid:5478][com.facebook.buck.util.ListeningProcessExecutor] Launching process with params ProcessExecutorParams{command=[/Users/stevenlee/Downloads/Xcode.app/Contents/Developer/Toolchains/XcodeDefault.xctoolchain/usr/bin/swiftc, -frontend, -sdk, /Users/stevenlee/Downloads/Xcode.app/Contents/Developer/Platforms/iPhoneSimulator.platform/Developer/SDKs/iPhoneSimulator.sdk, -target, x86_64-apple-ios11.0, -F, /Users/stevenlee/Downloads/BuckTest 3/buck-out/gen/Pods/Crashlytics, -F, /Users/stevenlee/Downloads/BuckTest 3/buck-out/gen/Pods/Fabric, -F, /Users/stevenlee/Downloads/BuckTest 3/buck-out/gen/Pods/Intercom, -F, /Users/stevenlee/Downloads/BuckTest 3/buck-out/gen/Pods/ZDCChat, -F, /Users/stevenlee/Downloads/BuckTest 3/buck-out/gen/Pods/ZDCChatAPI, -Xcc, -I, -Xcc, buck-out/gen/Pods/Alamofire#apple-swift-objc-generated-header,iphonesimulator-x86_64.hmap, -Xcc, -I, -Xcc, buck-out/gen/Pods/CountryPickerSwift#apple-swift-objc-generated-header,iphonesimulator-x86_64.hmap, -Xcc, -I, -Xcc, buck-out/gen/Pods/Hero#apple-swift-objc-generated-header,iphonesimulator-x86_64.hmap, -Xcc, -I, -Xcc, buck-out/gen/Pods/IQKeyboardManager#apple-swift-objc-generated-header,iphonesimulator-x86_64.hmap, -Xcc, -I, -Xcc, buck-out/gen/Pods/Lottie#apple-swift-objc-generated-header,iphonesimulator-x86_64.hmap, -Xcc, -I, -Xcc, buck-out/gen/Pods/Mixpanel#apple-swift-objc-generated-header,iphonesimulator-x86_64.hmap, -Xcc, -I, -Xcc, buck-out/gen/Pods/RxCocoa#apple-swift-objc-generated-header,iphonesimulator-x86_64.hmap, -Xcc, -I, -Xcc, buck-out/gen/Pods/RxSwift#apple-swift-objc-generated-header,iphonesimulator-x86_64.hmap, -Xcc, -I, -Xcc, buck-out/gen/Pods/SkyFloatingLabelTextField#apple-swift-objc-generated-header,iphonesimulator-x86_64.hmap, -Xcc, -I, -Xcc, buck-out/gen/Pods/SwiftKeychainWrapper#apple-swift-objc-generated-header,iphonesimulator-x86_64.hmap, -Xcc, -I, -Xcc, buck-out/gen/Pods/SwiftyRSA#apple-swift-objc-generated-header,iphonesimulator-x86_64.hmap, -Xcc, -I, -Xcc, buck-out/gen/Pods/Swinject#apple-swift-objc-generated-header,iphonesimulator-x86_64.hmap, -Xcc, -I, -Xcc, buck-out/gen/Pods/SwinjectStoryboard#apple-swift-objc-generated-header,iphonesimulator-x86_64.hmap, -Xcc, -I, -Xcc, buck-out/gen/Pods/Validator#apple-swift-objc-generated-header,iphonesimulator-x86_64.hmap, -Xcc, -I, -Xcc, buck-out/gen/Pods/Alamofire#header-mode-symlink-tree-with-modulemap,headers,iphonesimulator-x86_64, -Xcc, -I, -Xcc, buck-out/gen/Pods/Alamofire#apple-swift-compile,iphonesimulator-x86_64, -Xcc, -I, -Xcc, buck-out, -Xcc, -I, -Xcc, buck-out/gen/Pods/CountryPickerSwift#header-mode-symlink-tree-with-modulemap,headers,iphonesimulator-x86_64, -Xcc, -I, -Xcc, buck-out/gen/Pods/CountryPickerSwift#apple-swift-compile,iphonesimulator-x86_64, -Xcc, -I, -Xcc, buck-out/gen/Pods/FirebaseAuth#header-mode-symlink-tree-with-modulemap,headers,iphonesimulator-x86_64, -Xcc, -I, -Xcc, buck-out/gen/Pods/FirebaseAuthInterop#header-mode-symlink-tree-with-modulemap,headers,iphonesimulator-x86_64, -Xcc, -I, -Xcc, buck-out/gen/Pods/FirebaseCore#header-mode-symlink-tree-with-modulemap,headers,iphonesimulator-x86_64, -Xcc, -I, -Xcc, buck-out/gen/Pods/GTMSessionFetcher#header-mode-symlink-tree-with-modulemap,headers,iphonesimulator-x86_64, -Xcc, -I, -Xcc, buck-out/gen/Pods/GoogleUtilities#header-mode-symlink-tree-with-modulemap,headers,iphonesimulator-x86_64, -Xcc, -I, -Xcc, buck-out/gen/Pods/Hero#header-mode-symlink-tree-with-modulemap,headers,iphonesimulator-x86_64, -Xcc, -I, -Xcc, buck-out/gen/Pods/Hero#apple-swift-compile,iphonesimulator-x86_64, -Xcc, -I, -Xcc, buck-out/gen/Pods/IGListKit#header-mode-symlink-tree-with-modulemap,headers,iphonesimulator-x86_64, -Xcc, -I, -Xcc, buck-out/gen/Pods/IQKeyboardManager#header-mode-symlink-tree-with-modulemap,headers,iphonesimulator-x86_64, -Xcc, -I, -Xcc, buck-out/gen/Pods/IQKeyboardManager#apple-swift-compile,iphonesimulator-x86_64, -Xcc, -I, -Xcc, buck-out/gen/Pods/Lottie#header-mode-symlink-tree-with-modulemap,headers,iphonesimulator-x86_64, -Xcc, -I, -Xcc, buck-out/gen/Pods/Lottie#apple-swift-compile,iphonesimulator-x86_64, -Xcc, -I, -Xcc, buck-out/gen/Pods/Mixpanel#header-mode-symlink-tree-with-modulemap,headers,iphonesimulator-x86_64, -Xcc, -I, -Xcc, buck-out/gen/Pods/Mixpanel#apple-swift-compile,iphonesimulator-x86_64, -Xcc, -I, -Xcc, buck-out/gen/Pods/RxCocoa#header-mode-symlink-tree-with-modulemap,headers,iphonesimulator-x86_64, -Xcc, -I, -Xcc, buck-out/gen/Pods/RxCocoa#apple-swift-compile,iphonesimulator-x86_64, -Xcc, -I, -Xcc, buck-out/gen/Pods/RxSwift#header-mode-symlink-tree-with-modulemap,headers,iphonesimulator-x86_64, -Xcc, -I, -Xcc, buck-out/gen/Pods/RxSwift#apple-swift-compile,iphonesimulator-x86_64, -Xcc, -I, -Xcc, buck-out/gen/Pods/SVProgressHUD#header-mode-symlink-tree-with-modulemap,headers,iphonesimulator-x86_64, -Xcc, -I, -Xcc, buck-out/gen/Pods/SkyFloatingLabelTextField#header-mode-symlink-tree-with-modulemap,headers,iphonesimulator-x86_64, -Xcc, -I, -Xcc, buck-out/gen/Pods/SkyFloatingLabelTextField#apple-swift-compile,iphonesimulator-x86_64, -Xcc, -I, -Xcc, buck-out/gen/Pods/SwiftKeychainWrapper#header-mode-symlink-tree-with-modulemap,headers,iphonesimulator-x86_64, -Xcc, -I, -Xcc, buck-out/gen/Pods/SwiftKeychainWrapper#apple-swift-compile,iphonesimulator-x86_64, -Xcc, -I, -Xcc, buck-out/gen/Pods/SwiftyRSA#header-mode-symlink-tree-with-modulemap,headers,iphonesimulator-x86_64, -Xcc, -I, -Xcc, buck-out/gen/Pods/SwiftyRSA#apple-swift-compile,iphonesimulator-x86_64, -Xcc, -I, -Xcc, buck-out/gen/Pods/Swinject#header-mode-symlink-tree-with-modulemap,headers,iphonesimulator-x86_64, -Xcc, -I, -Xcc, buck-out/gen/Pods/Swinject#apple-swift-compile,iphonesimulator-x86_64, -Xcc, -I, -Xcc, buck-out/gen/Pods/SwinjectStoryboard#header-mode-symlink-tree-with-modulemap,headers,iphonesimulator-x86_64, -Xcc, -I, -Xcc, buck-out/gen/Pods/SwinjectStoryboard#apple-swift-compile,iphonesimulator-x86_64, -Xcc, -I, -Xcc, buck-out/gen/Pods/Validator#header-mode-symlink-tree-with-modulemap,headers,iphonesimulator-x86_64, -Xcc, -I, -Xcc, buck-out/gen/Pods/Validator#apple-swift-compile,iphonesimulator-x86_64, -Xcc, -F, -Xcc, /Users/stevenlee/Downloads/BuckTest 3/buck-out/gen/Pods/Crashlytics, -Xcc, -F, -Xcc, /Users/stevenlee/Downloads/BuckTest 3/buck-out/gen/Pods/Fabric, -Xcc, -F, -Xcc, /Users/stevenlee/Downloads/BuckTest 3/buck-out/gen/Pods/Intercom, -Xcc, -F, -Xcc, /Users/stevenlee/Downloads/BuckTest 3/buck-out/gen/Pods/ZDCChat, -Xcc, -F, -Xcc, /Users/stevenlee/Downloads/BuckTest 3/buck-out/gen/Pods/ZDCChatAPI, -I, /Users/stevenlee/Downloads/BuckTest 3/buck-out/gen/Pods/Alamofire#apple-swift-compile,iphonesimulator-x86_64, -I, /Users/stevenlee/Downloads/BuckTest 3/buck-out/gen/Pods/CountryPickerSwift#apple-swift-compile,iphonesimulator-x86_64, -I, /Users/stevenlee/Downloads/BuckTest 3/buck-out/gen/Pods/Hero#apple-swift-compile,iphonesimulator-x86_64, -I, /Users/stevenlee/Downloads/BuckTest 3/buck-out/gen/Pods/IQKeyboardManager#apple-swift-compile,iphonesimulator-x86_64, -I, /Users/stevenlee/Downloads/BuckTest 3/buck-out/gen/Pods/Lottie#apple-swift-compile,iphonesimulator-x86_64, -I, /Users/stevenlee/Downloads/BuckTest 3/buck-out/gen/Pods/Mixpanel#apple-swift-compile,iphonesimulator-x86_64, -I, /Users/stevenlee/Downloads/BuckTest 3/buck-out/gen/Pods/RxCocoa#apple-swift-compile,iphonesimulator-x86_64, -I, /Users/stevenlee/Downloads/BuckTest 3/buck-out/gen/Pods/RxSwift#apple-swift-compile,iphonesimulator-x86_64, -I, /Users/stevenlee/Downloads/BuckTest 3/buck-out/gen/Pods/SkyFloatingLabelTextField#apple-swift-compile,iphonesimulator-x86_64, -I, /Users/stevenlee/Downloads/BuckTest 3/buck-out/gen/Pods/SwiftKeychainWrapper#apple-swift-compile,iphonesimulator-x86_64, -I, /Users/stevenlee/Downloads/BuckTest 3/buck-out/gen/Pods/SwiftyRSA#apple-swift-compile,iphonesimulator-x86_64, -I, /Users/stevenlee/Downloads/BuckTest 3/buck-out/gen/Pods/Swinject#apple-swift-compile,iphonesimulator-x86_64, -I, /Users/stevenlee/Downloads/BuckTest 3/buck-out/gen/Pods/SwinjectStoryboard#apple-swift-compile,iphonesimulator-x86_64, -I, /Users/stevenlee/Downloads/BuckTest 3/buck-out/gen/Pods/Validator#apple-swift-compile,iphonesimulator-x86_64, -c, -enable-objc-interop, -parse-as-library, -serialize-debugging-options, -module-name, AppBinary, -emit-module, -emit-module-path, buck-out/gen/BuckTest/AppBinary#iphonesimulator-x86_64,swift-compile/AppBinary.swiftmodule, -emit-objc-header-path, buck-out/gen/BuckTest/AppBinary#iphonesimulator-x86_64,swift-compile/AppBinary-Swift.h, -o, buck-out/gen/BuckTest/AppBinary#iphonesimulator-x86_64,swift-compile/AppBinary.o, -swift-version, 4.2, -DBUCK, -enable-testing, -g, -Onone, -whole-module-optimization, -filelist, /Users/stevenlee/Downloads/BuckTest 3/buck-out/bin/BuckTest/AppBinary#iphonesimulator-x86_64,swift-compile__filelist.txt], directory=/Users/stevenlee/Downloads/BuckTest 3, environment={}}
[2019-04-13 23:14:56.522][debug][command:57a4bea2-d50e-40eb-b542-8e6088f28f65][tid:5478][com.facebook.buck.util.ListeningProcessExecutor] Successfully launched process com.zaxxer.nuprocess.osx.OsxProcess@32fdb164
[2019-04-13 23:14:56.523][debug][command:57a4bea2-d50e-40eb-b542-8e6088f28f65][tid:5478][com.facebook.buck.util.ListeningProcessExecutor] Waiting for process com.facebook.buck.util.ListeningProcessExecutor$LaunchedProcessImpl@7b9df09 timeout 0 SECONDS
[2019-04-13 23:14:56.786][debug][command:57a4bea2-d50e-40eb-b542-8e6088f28f65][tid:5478][com.facebook.buck.util.ListeningProcessExecutor] Wait for process returned 1
[2019-04-13 23:14:56.786][error][command:57a4bea2-d50e-40eb-b542-8e6088f28f65][tid:5478][com.facebook.buck.swift.SwiftCompileStep] Error running /Users/stevenlee/Downloads/Xcode.app/Contents/Developer/Toolchains/XcodeDefault.xctoolchain/usr/bin/swiftc -frontend -sdk /Users/stevenlee/Downloads/Xcode.app/Contents/Developer/Platforms/iPhoneSimulator.platform/Developer/SDKs/iPhoneSimulator.sdk -target x86_64-apple-ios11.0 -F /Users/stevenlee/Downloads/BuckTest 3/buck-out/gen/Pods/Crashlytics -F /Users/stevenlee/Downloads/BuckTest 3/buck-out/gen/Pods/Fabric -F /Users/stevenlee/Downloads/BuckTest 3/buck-out/gen/Pods/Intercom -F /Users/stevenlee/Downloads/BuckTest 3/buck-out/gen/Pods/ZDCChat -F /Users/stevenlee/Downloads/BuckTest 3/buck-out/gen/Pods/ZDCChatAPI -Xcc -I -Xcc buck-out/gen/Pods/Alamofire#apple-swift-objc-generated-header,iphonesimulator-x86_64.hmap -Xcc -I -Xcc buck-out/gen/Pods/CountryPickerSwift#apple-swift-objc-generated-header,iphonesimulator-x86_64.hmap -Xcc -I -Xcc buck-out/gen/Pods/Hero#apple-swift-objc-generated-header,iphonesimulator-x86_64.hmap -Xcc -I -Xcc buck-out/gen/Pods/IQKeyboardManager#apple-swift-objc-generated-header,iphonesimulator-x86_64.hmap -Xcc -I -Xcc buck-out/gen/Pods/Lottie#apple-swift-objc-generated-header,iphonesimulator-x86_64.hmap -Xcc -I -Xcc buck-out/gen/Pods/Mixpanel#apple-swift-objc-generated-header,iphonesimulator-x86_64.hmap -Xcc -I -Xcc buck-out/gen/Pods/RxCocoa#apple-swift-objc-generated-header,iphonesimulator-x86_64.hmap -Xcc -I -Xcc buck-out/gen/Pods/RxSwift#apple-swift-objc-generated-header,iphonesimulator-x86_64.hmap -Xcc -I -Xcc buck-out/gen/Pods/SkyFloatingLabelTextField#apple-swift-objc-generated-header,iphonesimulator-x86_64.hmap -Xcc -I -Xcc buck-out/gen/Pods/SwiftKeychainWrapper#apple-swift-objc-generated-header,iphonesimulator-x86_64.hmap -Xcc -I -Xcc buck-out/gen/Pods/SwiftyRSA#apple-swift-objc-generated-header,iphonesimulator-x86_64.hmap -Xcc -I -Xcc buck-out/gen/Pods/Swinject#apple-swift-objc-generated-header,iphonesimulator-x86_64.hmap -Xcc -I -Xcc buck-out/gen/Pods/SwinjectStoryboard#apple-swift-objc-generated-header,iphonesimulator-x86_64.hmap -Xcc -I -Xcc buck-out/gen/Pods/Validator#apple-swift-objc-generated-header,iphonesimulator-x86_64.hmap -Xcc -I -Xcc buck-out/gen/Pods/Alamofire#header-mode-symlink-tree-with-modulemap,headers,iphonesimulator-x86_64 -Xcc -I -Xcc buck-out/gen/Pods/Alamofire#apple-swift-compile,iphonesimulator-x86_64 -Xcc -I -Xcc buck-out -Xcc -I -Xcc buck-out/gen/Pods/CountryPickerSwift#header-mode-symlink-tree-with-modulemap,headers,iphonesimulator-x86_64 -Xcc -I -Xcc buck-out/gen/Pods/CountryPickerSwift#apple-swift-compile,iphonesimulator-x86_64 -Xcc -I -Xcc buck-out/gen/Pods/FirebaseAuth#header-mode-symlink-tree-with-modulemap,headers,iphonesimulator-x86_64 -Xcc -I -Xcc buck-out/gen/Pods/FirebaseAuthInterop#header-mode-symlink-tree-with-modulemap,headers,iphonesimulator-x86_64 -Xcc -I -Xcc buck-out/gen/Pods/FirebaseCore#header-mode-symlink-tree-with-modulemap,headers,iphonesimulator-x86_64 -Xcc -I -Xcc buck-out/gen/Pods/GTMSessionFetcher#header-mode-symlink-tree-with-modulemap,headers,iphonesimulator-x86_64 -Xcc -I -Xcc buck-out/gen/Pods/GoogleUtilities#header-mode-symlink-tree-with-modulemap,headers,iphonesimulator-x86_64 -Xcc -I -Xcc buck-out/gen/Pods/Hero#header-mode-symlink-tree-with-modulemap,headers,iphonesimulator-x86_64 -Xcc -I -Xcc buck-out/gen/Pods/Hero#apple-swift-compile,iphonesimulator-x86_64 -Xcc -I -Xcc buck-out/gen/Pods/IGListKit#header-mode-symlink-tree-with-modulemap,headers,iphonesimulator-x86_64 -Xcc -I -Xcc buck-out/gen/Pods/IQKeyboardManager#header-mode-symlink-tree-with-modulemap,headers,iphonesimulator-x86_64 -Xcc -I -Xcc buck-out/gen/Pods/IQKeyboardManager#apple-swift-compile,iphonesimulator-x86_64 -Xcc -I -Xcc buck-out/gen/Pods/Lottie#header-mode-symlink-tree-with-modulemap,headers,iphonesimulator-x86_64 -Xcc -I -Xcc buck-out/gen/Pods/Lottie#apple-swift-compile,iphonesimulator-x86_64 -Xcc -I -Xcc buck-out/gen/Pods/Mixpanel#header-mode-symlink-tree-with-modulemap,headers,iphonesimulator-x86_64 -Xcc -I -Xcc buck-out/gen/Pods/Mixpanel#apple-swift-compile,iphonesimulator-x86_64 -Xcc -I -Xcc buck-out/gen/Pods/RxCocoa#header-mode-symlink-tree-with-modulemap,headers,iphonesimulator-x86_64 -Xcc -I -Xcc buck-out/gen/Pods/RxCocoa#apple-swift-compile,iphonesimulator-x86_64 -Xcc -I -Xcc buck-out/gen/Pods/RxSwift#header-mode-symlink-tree-with-modulemap,headers,iphonesimulator-x86_64 -Xcc -I -Xcc buck-out/gen/Pods/RxSwift#apple-swift-compile,iphonesimulator-x86_64 -Xcc -I -Xcc buck-out/gen/Pods/SVProgressHUD#header-mode-symlink-tree-with-modulemap,headers,iphonesimulator-x86_64 -Xcc -I -Xcc buck-out/gen/Pods/SkyFloatingLabelTextField#header-mode-symlink-tree-with-modulemap,headers,iphonesimulator-x86_64 -Xcc -I -Xcc buck-out/gen/Pods/SkyFloatingLabelTextField#apple-swift-compile,iphonesimulator-x86_64 -Xcc -I -Xcc buck-out/gen/Pods/SwiftKeychainWrapper#header-mode-symlink-tree-with-modulemap,headers,iphonesimulator-x86_64 -Xcc -I -Xcc buck-out/gen/Pods/SwiftKeychainWrapper#apple-swift-compile,iphonesimulator-x86_64 -Xcc -I -Xcc buck-out/gen/Pods/SwiftyRSA#header-mode-symlink-tree-with-modulemap,headers,iphonesimulator-x86_64 -Xcc -I -Xcc buck-out/gen/Pods/SwiftyRSA#apple-swift-compile,iphonesimulator-x86_64 -Xcc -I -Xcc buck-out/gen/Pods/Swinject#header-mode-symlink-tree-with-modulemap,headers,iphonesimulator-x86_64 -Xcc -I -Xcc buck-out/gen/Pods/Swinject#apple-swift-compile,iphonesimulator-x86_64 -Xcc -I -Xcc buck-out/gen/Pods/SwinjectStoryboard#header-mode-symlink-tree-with-modulemap,headers,iphonesimulator-x86_64 -Xcc -I -Xcc buck-out/gen/Pods/SwinjectStoryboard#apple-swift-compile,iphonesimulator-x86_64 -Xcc -I -Xcc buck-out/gen/Pods/Validator#header-mode-symlink-tree-with-modulemap,headers,iphonesimulator-x86_64 -Xcc -I -Xcc buck-out/gen/Pods/Validator#apple-swift-compile,iphonesimulator-x86_64 -Xcc -F -Xcc /Users/stevenlee/Downloads/BuckTest 3/buck-out/gen/Pods/Crashlytics -Xcc -F -Xcc /Users/stevenlee/Downloads/BuckTest 3/buck-out/gen/Pods/Fabric -Xcc -F -Xcc /Users/stevenlee/Downloads/BuckTest 3/buck-out/gen/Pods/Intercom -Xcc -F -Xcc /Users/stevenlee/Downloads/BuckTest 3/buck-out/gen/Pods/ZDCChat -Xcc -F -Xcc /Users/stevenlee/Downloads/BuckTest 3/buck-out/gen/Pods/ZDCChatAPI -I /Users/stevenlee/Downloads/BuckTest 3/buck-out/gen/Pods/Alamofire#apple-swift-compile,iphonesimulator-x86_64 -I /Users/stevenlee/Downloads/BuckTest 3/buck-out/gen/Pods/CountryPickerSwift#apple-swift-compile,iphonesimulator-x86_64 -I /Users/stevenlee/Downloads/BuckTest 3/buck-out/gen/Pods/Hero#apple-swift-compile,iphonesimulator-x86_64 -I /Users/stevenlee/Downloads/BuckTest 3/buck-out/gen/Pods/IQKeyboardManager#apple-swift-compile,iphonesimulator-x86_64 -I /Users/stevenlee/Downloads/BuckTest 3/buck-out/gen/Pods/Lottie#apple-swift-compile,iphonesimulator-x86_64 -I /Users/stevenlee/Downloads/BuckTest 3/buck-out/gen/Pods/Mixpanel#apple-swift-compile,iphonesimulator-x86_64 -I /Users/stevenlee/Downloads/BuckTest 3/buck-out/gen/Pods/RxCocoa#apple-swift-compile,iphonesimulator-x86_64 -I /Users/stevenlee/Downloads/BuckTest 3/buck-out/gen/Pods/RxSwift#apple-swift-compile,iphonesimulator-x86_64 -I /Users/stevenlee/Downloads/BuckTest 3/buck-out/gen/Pods/SkyFloatingLabelTextField#apple-swift-compile,iphonesimulator-x86_64 -I /Users/stevenlee/Downloads/BuckTest 3/buck-out/gen/Pods/SwiftKeychainWrapper#apple-swift-compile,iphonesimulator-x86_64 -I /Users/stevenlee/Downloads/BuckTest 3/buck-out/gen/Pods/SwiftyRSA#apple-swift-compile,iphonesimulator-x86_64 -I /Users/stevenlee/Downloads/BuckTest 3/buck-out/gen/Pods/Swinject#apple-swift-compile,iphonesimulator-x86_64 -I /Users/stevenlee/Downloads/BuckTest 3/buck-out/gen/Pods/SwinjectStoryboard#apple-swift-compile,iphonesimulator-x86_64 -I /Users/stevenlee/Downloads/BuckTest 3/buck-out/gen/Pods/Validator#apple-swift-compile,iphonesimulator-x86_64 -c -enable-objc-interop -parse-as-library -serialize-debugging-options -module-name AppBinary -emit-module -emit-module-path buck-out/gen/BuckTest/AppBinary#iphonesimulator-x86_64,swift-compile/AppBinary.swiftmodule -emit-objc-header-path buck-out/gen/BuckTest/AppBinary#iphonesimulator-x86_64,swift-compile/AppBinary-Swift.h -o buck-out/gen/BuckTest/AppBinary#iphonesimulator-x86_64,swift-compile/AppBinary.o -swift-version 4.2 -DBUCK -enable-testing -g -Onone -whole-module-optimization -filelist /Users/stevenlee/Downloads/BuckTest 3/buck-out/bin/BuckTest/AppBinary#iphonesimulator-x86_64,swift-compile__filelist.txt: BuckTest/ViewController.swift:33:8: error: no such module 'IQKeyboardManagerSwift'
import IQKeyboardManagerSwift
       ^

[2019-04-13 23:14:56.786][debug][command:57a4bea2-d50e-40eb-b542-8e6088f28f65][tid:5478][com.facebook.buck.core.build.engine.impl.CachingBuildRuleBuilder] Building rule [//BuckTest:AppBinary#iphonesimulator-x86_64,swift-compile] failed.
com.facebook.buck.core.build.engine.impl.BuildRuleFailedException: com.facebook.buck.step.StepFailedException: Command failed with exit code 1.
stderr: BuckTest/ViewController.swift:33:8: error: no such module 'IQKeyboardManagerSwift'
import IQKeyboardManagerSwift
       ^

  When running <swift compile>.
	at com.facebook.buck.core.build.engine.impl.CachingBuildRuleBuilder.getFailedException(CachingBuildRuleBuilder.java:1223)
	at com.facebook.buck.core.build.engine.impl.CachingBuildRuleBuilder.lambda$build$2(CachingBuildRuleBuilder.java:386)
	at com.google.common.util.concurrent.AbstractCatchingFuture$AsyncCatchingFuture.doFallback(AbstractCatchingFuture.java:172)
	at com.google.common.util.concurrent.AbstractCatchingFuture$AsyncCatchingFuture.doFallback(AbstractCatchingFuture.java:159)
	at com.google.common.util.concurrent.AbstractCatchingFuture.run(AbstractCatchingFuture.java:112)
	at com.google.common.util.concurrent.MoreExecutors$DirectExecutor.execute(MoreExecutors.java:399)
	at com.google.common.util.concurrent.AbstractFuture.executeListener(AbstractFuture.java:1016)
	at com.google.common.util.concurrent.AbstractFuture.complete(AbstractFuture.java:867)
	at com.google.common.util.concurrent.AbstractFuture.setException(AbstractFuture.java:713)
	at com.google.common.util.concurrent.AbstractTransformFuture.run(AbstractTransformFuture.java:97)
	at com.google.common.util.concurrent.MoreExecutors$DirectExecutor.execute(MoreExecutors.java:399)
	at com.google.common.util.concurrent.AbstractFuture.executeListener(AbstractFuture.java:1016)
	at com.google.common.util.concurrent.AbstractFuture.complete(AbstractFuture.java:867)
	at com.google.common.util.concurrent.AbstractFuture.setException(AbstractFuture.java:713)
	at com.google.common.util.concurrent.AbstractTransformFuture.run(AbstractTransformFuture.java:97)
	at com.google.common.util.concurrent.MoreExecutors$DirectExecutor.execute(MoreExecutors.java:399)
	at com.google.common.util.concurrent.AbstractFuture.executeListener(AbstractFuture.java:1016)
	at com.google.common.util.concurrent.AbstractFuture.complete(AbstractFuture.java:867)
	at com.google.common.util.concurrent.AbstractFuture.setFuture(AbstractFuture.java:754)
	at com.google.common.util.concurrent.TrustedListenableFutureTask$TrustedFutureInterruptibleAsyncTask.afterRanInterruptibly(TrustedListenableFutureTask.java:170)
	at com.google.common.util.concurrent.TrustedListenableFutureTask$TrustedFutureInterruptibleAsyncTask.afterRanInterruptibly(TrustedListenableFutureTask.java:145)
	at com.google.common.util.concurrent.InterruptibleTask.run(InterruptibleTask.java:80)
	at com.google.common.util.concurrent.TrustedListenableFutureTask.run(TrustedListenableFutureTask.java:80)
	at com.facebook.buck.util.concurrent.WeightedListeningExecutorService.lambda$submit$2(WeightedListeningExecutorService.java:100)
	at com.facebook.buck.util.concurrent.WeightedListeningExecutorService.lambda$submitWithSemaphore$0(WeightedListeningExecutorService.java:74)
	at com.google.common.util.concurrent.AbstractTransformFuture$AsyncTransformFuture.doTransform(AbstractTransformFuture.java:206)
	at com.google.common.util.concurrent.AbstractTransformFuture$AsyncTransformFuture.doTransform(AbstractTransformFuture.java:195)
	at com.google.common.util.concurrent.AbstractTransformFuture.run(AbstractTransformFuture.java:115)
	at com.google.common.util.concurrent.MoreExecutors$5$1.run(MoreExecutors.java:999)
	at java.util.concurrent.ThreadPoolExecutor.runWorker(ThreadPoolExecutor.java:1149)
	at java.util.concurrent.ThreadPoolExecutor$Worker.run(ThreadPoolExecutor.java:624)
	at java.lang.Thread.run(Thread.java:748)
Caused by: com.facebook.buck.step.StepFailedException: Command failed with exit code 1.
stderr: BuckTest/ViewController.swift:33:8: error: no such module 'IQKeyboardManagerSwift'
import IQKeyboardManagerSwift
       ^

  When running <swift compile>.
	at com.facebook.buck.step.StepFailedException.createForFailingStepWithException(StepFailedException.java:57)
	at com.facebook.buck.step.StepFailedException.createForFailingStepWithExitCode(StepFailedException.java:51)
	at com.facebook.buck.step.DefaultStepRunner.runStepForBuildTarget(DefaultStepRunner.java:54)
	at com.facebook.buck.core.build.engine.impl.CachingBuildRuleBuilder$BuildRuleSteps.executeCommands(CachingBuildRuleBuilder.java:1449)
	at com.facebook.buck.core.build.engine.impl.CachingBuildRuleBuilder$BuildRuleSteps.runWithDefaultExecutor(CachingBuildRuleBuilder.java:1411)
	at com.facebook.buck.core.build.engine.impl.CachingBuildRuleBuilder$2.runWithDefaultBehavior(CachingBuildRuleBuilder.java:850)
	at com.google.common.util.concurrent.TrustedListenableFutureTask$TrustedFutureInterruptibleAsyncTask.runInterruptibly(TrustedListenableFutureTask.java:162)
	at com.google.common.util.concurrent.TrustedListenableFutureTask$TrustedFutureInterruptibleAsyncTask.runInterruptibly(TrustedListenableFutureTask.java:145)
	at com.google.common.util.concurrent.InterruptibleTask.run(InterruptibleTask.java:57)
	... 10 more
Caused by: com.facebook.buck.core.exceptions.HumanReadableException: Command failed with exit code 1.
stderr: BuckTest/ViewController.swift:33:8: error: no such module 'IQKeyboardManagerSwift'
import IQKeyboardManagerSwift
       ^

	at com.facebook.buck.step.StepFailedException.createForFailingStepWithExitCode(StepFailedException.java:52)
	... 17 more

[2019-04-13 23:14:56.790][info ][command:57a4bea2-d50e-40eb-b542-8e6088f28f65][tid:5464][com.facebook.buck.event.listener.LoggingBuildListener] Build finished at 2019-04-13 23:14:56.790
[2019-04-13 23:14:56.790][debug][command:57a4bea2-d50e-40eb-b542-8e6088f28f65][tid:5458][com.facebook.buck.util.perf.ProcessTracker] shutDown
[2019-04-13 23:14:56.790][debug][command:57a4bea2-d50e-40eb-b542-8e6088f28f65][tid:5457][com.google.common.util.concurrent.ServiceManager] Service PerfStatsTracking [TERMINATED] has terminated. Previous state was: STOPPING
[2019-04-13 23:14:56.791][debug][command:57a4bea2-d50e-40eb-b542-8e6088f28f65][tid:14][com.facebook.buck.event.listener.RenderingConsole] Stopping render scheduler
[2019-04-13 23:14:56.792][debug][command:57a4bea2-d50e-40eb-b542-8e6088f28f65][tid:5458][com.google.common.util.concurrent.ServiceManager] Service ProcessTracker [TERMINATED] has terminated. Previous state was: STOPPING
[2019-04-13 23:14:56.792][info ][command:57a4bea2-d50e-40eb-b542-8e6088f28f65][tid:14][com.facebook.buck.cli.Main] Awaiting termination of PROJECT executor service. Waiting for all jobs to complete, or up to maximum of 60 seconds...
[2019-04-13 23:14:56.792][info ][command:57a4bea2-d50e-40eb-b542-8e6088f28f65][tid:14][com.facebook.buck.cli.Main] Successfully terminated PROJECT executor service.
[2019-04-13 23:14:56.792][info ][command:57a4bea2-d50e-40eb-b542-8e6088f28f65][tid:14][com.facebook.buck.cli.Main] Awaiting termination of NETWORK executor service. Waiting for all jobs to complete, or up to maximum of 60 seconds...
[2019-04-13 23:14:56.792][info ][command:57a4bea2-d50e-40eb-b542-8e6088f28f65][tid:14][com.facebook.buck.cli.Main] Successfully terminated NETWORK executor service.
[2019-04-13 23:14:56.792][info ][command:57a4bea2-d50e-40eb-b542-8e6088f28f65][tid:14][com.facebook.buck.cli.Main] Awaiting termination of CPU executor service. Waiting for all jobs to complete, or up to maximum of 60 seconds...
[2019-04-13 23:14:56.792][info ][command:57a4bea2-d50e-40eb-b542-8e6088f28f65][tid:14][com.facebook.buck.cli.Main] Successfully terminated CPU executor service.
[2019-04-13 23:14:56.792][info ][command:57a4bea2-d50e-40eb-b542-8e6088f28f65][tid:14][com.facebook.buck.cli.Main] Awaiting termination of ScheduledExecutorService executor service. Waiting for all jobs to complete, or up to maximum of 60 seconds...
[2019-04-13 23:14:56.792][info ][command:57a4bea2-d50e-40eb-b542-8e6088f28f65][tid:14][com.facebook.buck.cli.Main] Successfully terminated ScheduledExecutorService executor service.
[2019-04-13 23:14:56.792][info ][command:57a4bea2-d50e-40eb-b542-8e6088f28f65][tid:14][com.facebook.buck.cli.Main] Awaiting termination of CounterAggregatorExecutor executor service. Waiting for all jobs to complete, or up to maximum of 20 seconds...
[2019-04-13 23:14:56.792][info ][command:57a4bea2-d50e-40eb-b542-8e6088f28f65][tid:14][com.facebook.buck.cli.Main] Successfully terminated CounterAggregatorExecutor executor service.
[2019-04-13 23:14:56.792][info ][command:57a4bea2-d50e-40eb-b542-8e6088f28f65][tid:14][com.facebook.buck.cli.Main] Awaiting termination of HTTP Read executor service. Waiting for all jobs to complete, or up to maximum of 1800 seconds...
[2019-04-13 23:14:56.792][info ][command:57a4bea2-d50e-40eb-b542-8e6088f28f65][tid:14][com.facebook.buck.cli.Main] Successfully terminated HTTP Read executor service.
[2019-04-13 23:14:56.792][info ][command:57a4bea2-d50e-40eb-b542-8e6088f28f65][tid:14][com.facebook.buck.cli.Main] Awaiting termination of Download Heavy Build HTTP Read executor service. Waiting for all jobs to complete, or up to maximum of 1800 seconds...
[2019-04-13 23:14:56.792][info ][command:57a4bea2-d50e-40eb-b542-8e6088f28f65][tid:14][com.facebook.buck.cli.Main] Successfully terminated Download Heavy Build HTTP Read executor service.
[2019-04-13 23:14:56.792][info ][command:57a4bea2-d50e-40eb-b542-8e6088f28f65][tid:14][com.facebook.buck.cli.Main] Awaiting termination of HTTP Write executor service. Waiting for all jobs to complete, or up to maximum of 1800 seconds...
[2019-04-13 23:14:56.792][info ][command:57a4bea2-d50e-40eb-b542-8e6088f28f65][tid:14][com.facebook.buck.cli.Main] Successfully terminated HTTP Write executor service.
[2019-04-13 23:14:56.792][info ][command:57a4bea2-d50e-40eb-b542-8e6088f28f65][tid:14][com.facebook.buck.cli.Main] Awaiting termination of Disk IO executor service. Waiting for all jobs to complete, or up to maximum of 10 seconds...
[2019-04-13 23:14:56.792][info ][command:57a4bea2-d50e-40eb-b542-8e6088f28f65][tid:14][com.facebook.buck.cli.Main] Successfully terminated Disk IO executor service.
[2019-04-13 23:14:56.792][debug][command:null][tid:81][com.facebook.buck.io.AsynchronousDirectoryContentsCleaner] Starting to clean buck-out/.trash
[2019-04-13 23:14:56.793][debug][command:null][tid:81][com.facebook.buck.io.AsynchronousDirectoryContentsCleaner] Done cleaning buck-out/.trash
[2019-04-13 23:14:56.793][debug][command:null][tid:3053][com.facebook.buck.event.listener.ChromeTraceBuildListener] Writing Chrome trace to buck-out/log/2019-04-13_15h14m55s_buildcommand_57a4bea2-d50e-40eb-b542-8e6088f28f65/build.2019-04-13.23-14-55.57a4bea2-d50e-40eb-b542-8e6088f28f65.trace
[2019-04-13 23:14:56.797][warn ][command:null][tid:14][com.facebook.buck.cli.Main] Command failed:
com.facebook.buck.command.Build$BuildExecutionException: com.facebook.buck.core.build.engine.impl.BuildRuleFailedException: com.facebook.buck.step.StepFailedException: Command failed with exit code 1.
stderr: BuckTest/ViewController.swift:33:8: error: no such module 'IQKeyboardManagerSwift'
import IQKeyboardManagerSwift
       ^

  When running <swift compile>.
	at com.facebook.buck.command.Build.waitForBuildToFinish(Build.java:323)
	at com.facebook.buck.command.Build.waitForBuildToFinishAndPrintFailuresToEventBus(Build.java:421)
	at com.facebook.buck.command.Build.executeAndPrintFailuresToEventBus(Build.java:144)
	at com.facebook.buck.command.LocalBuildExecutor.buildTargets(LocalBuildExecutor.java:148)
	at com.facebook.buck.cli.BuildCommand.executeLocalBuild(BuildCommand.java:761)
	at com.facebook.buck.cli.BuildCommand.executeBuildAndProcessResult(BuildCommand.java:458)
	at com.facebook.buck.cli.BuildCommand.run(BuildCommand.java:372)
	at com.facebook.buck.cli.BuildCommand.runWithoutHelp(BuildCommand.java:338)
	at com.facebook.buck.cli.AbstractCommand.run(AbstractCommand.java:242)
	at com.facebook.buck.cli.AbstractContainerCommand.run(AbstractContainerCommand.java:79)
	at com.facebook.buck.cli.Main.runMainWithExitCode(Main.java:1300)
	at com.facebook.buck.cli.Main.runMainThenExit(Main.java:464)
	at com.facebook.buck.cli.Main.nailMain(Main.java:2412)
	at sun.reflect.NativeMethodAccessorImpl.invoke0(Native Method)
	at sun.reflect.NativeMethodAccessorImpl.invoke(NativeMethodAccessorImpl.java:62)
	at sun.reflect.DelegatingMethodAccessorImpl.invoke(DelegatingMethodAccessorImpl.java:43)
	at java.lang.reflect.Method.invoke(Method.java:498)
	at com.facebook.nailgun.NGSession.runImpl(NGSession.java:313)
	at com.facebook.nailgun.NGSession.run(NGSession.java:199)
Caused by: com.facebook.buck.core.build.engine.impl.BuildRuleFailedException: com.facebook.buck.step.StepFailedException: Command failed with exit code 1.
stderr: BuckTest/ViewController.swift:33:8: error: no such module 'IQKeyboardManagerSwift'
import IQKeyboardManagerSwift
       ^

  When running <swift compile>.
	at com.facebook.buck.core.build.engine.impl.CachingBuildRuleBuilder.getFailedException(CachingBuildRuleBuilder.java:1223)
	at com.facebook.buck.core.build.engine.impl.CachingBuildRuleBuilder.lambda$build$2(CachingBuildRuleBuilder.java:386)
	at com.google.common.util.concurrent.AbstractCatchingFuture$AsyncCatchingFuture.doFallback(AbstractCatchingFuture.java:172)
	at com.google.common.util.concurrent.AbstractCatchingFuture$AsyncCatchingFuture.doFallback(AbstractCatchingFuture.java:159)
	at com.google.common.util.concurrent.AbstractCatchingFuture.run(AbstractCatchingFuture.java:112)
	at com.google.common.util.concurrent.MoreExecutors$DirectExecutor.execute(MoreExecutors.java:399)
	at com.google.common.util.concurrent.AbstractFuture.executeListener(AbstractFuture.java:1016)
	at com.google.common.util.concurrent.AbstractFuture.complete(AbstractFuture.java:867)
	at com.google.common.util.concurrent.AbstractFuture.setException(AbstractFuture.java:713)
	at com.google.common.util.concurrent.AbstractTransformFuture.run(AbstractTransformFuture.java:97)
	at com.google.common.util.concurrent.MoreExecutors$DirectExecutor.execute(MoreExecutors.java:399)
	at com.google.common.util.concurrent.AbstractFuture.executeListener(AbstractFuture.java:1016)
	at com.google.common.util.concurrent.AbstractFuture.complete(AbstractFuture.java:867)
	at com.google.common.util.concurrent.AbstractFuture.setException(AbstractFuture.java:713)
	at com.google.common.util.concurrent.AbstractTransformFuture.run(AbstractTransformFuture.java:97)
	at com.google.common.util.concurrent.MoreExecutors$DirectExecutor.execute(MoreExecutors.java:399)
	at com.google.common.util.concurrent.AbstractFuture.executeListener(AbstractFuture.java:1016)
	at com.google.common.util.concurrent.AbstractFuture.complete(AbstractFuture.java:867)
	at com.google.common.util.concurrent.AbstractFuture.setFuture(AbstractFuture.java:754)
	at com.google.common.util.concurrent.TrustedListenableFutureTask$TrustedFutureInterruptibleAsyncTask.afterRanInterruptibly(TrustedListenableFutureTask.java:170)
	at com.google.common.util.concurrent.TrustedListenableFutureTask$TrustedFutureInterruptibleAsyncTask.afterRanInterruptibly(TrustedListenableFutureTask.java:145)
	at com.google.common.util.concurrent.InterruptibleTask.run(InterruptibleTask.java:80)
	at com.google.common.util.concurrent.TrustedListenableFutureTask.run(TrustedListenableFutureTask.java:80)
	at com.facebook.buck.util.concurrent.WeightedListeningExecutorService.lambda$submit$2(WeightedListeningExecutorService.java:100)
	at com.facebook.buck.util.concurrent.WeightedListeningExecutorService.lambda$submitWithSemaphore$0(WeightedListeningExecutorService.java:74)
	at com.google.common.util.concurrent.AbstractTransformFuture$AsyncTransformFuture.doTransform(AbstractTransformFuture.java:206)
	at com.google.common.util.concurrent.AbstractTransformFuture$AsyncTransformFuture.doTransform(AbstractTransformFuture.java:195)
	at com.google.common.util.concurrent.AbstractTransformFuture.run(AbstractTransformFuture.java:115)
	at com.google.common.util.concurrent.MoreExecutors$5$1.run(MoreExecutors.java:999)
	at java.util.concurrent.ThreadPoolExecutor.runWorker(ThreadPoolExecutor.java:1149)
	at java.util.concurrent.ThreadPoolExecutor$Worker.run(ThreadPoolExecutor.java:624)
	at java.lang.Thread.run(Thread.java:748)
Caused by: com.facebook.buck.step.StepFailedException: Command failed with exit code 1.
stderr: BuckTest/ViewController.swift:33:8: error: no such module 'IQKeyboardManagerSwift'
import IQKeyboardManagerSwift
       ^

  When running <swift compile>.
	at com.facebook.buck.step.StepFailedException.createForFailingStepWithException(StepFailedException.java:57)
	at com.facebook.buck.step.StepFailedException.createForFailingStepWithExitCode(StepFailedException.java:51)
	at com.facebook.buck.step.DefaultStepRunner.runStepForBuildTarget(DefaultStepRunner.java:54)
	at com.facebook.buck.core.build.engine.impl.CachingBuildRuleBuilder$BuildRuleSteps.executeCommands(CachingBuildRuleBuilder.java:1449)
	at com.facebook.buck.core.build.engine.impl.CachingBuildRuleBuilder$BuildRuleSteps.runWithDefaultExecutor(CachingBuildRuleBuilder.java:1411)
	at com.facebook.buck.core.build.engine.impl.CachingBuildRuleBuilder$2.runWithDefaultBehavior(CachingBuildRuleBuilder.java:850)
	at com.google.common.util.concurrent.TrustedListenableFutureTask$TrustedFutureInterruptibleAsyncTask.runInterruptibly(TrustedListenableFutureTask.java:162)
	at com.google.common.util.concurrent.TrustedListenableFutureTask$TrustedFutureInterruptibleAsyncTask.runInterruptibly(TrustedListenableFutureTask.java:145)
	at com.google.common.util.concurrent.InterruptibleTask.run(InterruptibleTask.java:57)
	... 10 more
Caused by: com.facebook.buck.core.exceptions.HumanReadableException: Command failed with exit code 1.
stderr: BuckTest/ViewController.swift:33:8: error: no such module 'IQKeyboardManagerSwift'
import IQKeyboardManagerSwift
       ^

	at com.facebook.buck.step.StepFailedException.createForFailingStepWithExitCode(StepFailedException.java:52)
	... 17 more

[2019-04-13 23:14:56.798][warn ][command:null][tid:14][com.facebook.buck.util.Console] Command failure: Command failed with exit code 1.
stderr: BuckTest/ViewController.swift:33:8: error: no such module 'IQKeyboardManagerSwift'
import IQKeyboardManagerSwift
       ^

    When running <swift compile>.
    When building rule //BuckTest:AppBinary#iphonesimulator-x86_64,swift-compile.
[2019-04-13 23:14:56.798][debug][command:null][tid:14][com.facebook.buck.cli.Main] Done.
[2019-04-13 23:14:56.798][info ][command:null][tid:14][com.facebook.nailgun.NGSession] Nail cleanly exited with status 1
[2019-04-13 23:14:56.798][debug][command:null][tid:14][com.facebook.nailgun.NGCommunicator] Shutting down socket for input
[2019-04-13 23:14:56.798][debug][command:null][tid:14][com.facebook.nailgun.NGCommunicator] Shutting down socket for output
[2019-04-13 23:14:56.798][debug][command:null][tid:14][com.facebook.nailgun.NGCommunicator] Shutting down read ExecutorService
[2019-04-13 23:14:56.798][debug][command:null][tid:14][com.facebook.nailgun.NGCommunicator] Shutting down orchestrator ExecutorService
[2019-04-13 23:14:56.798][debug][command:null][tid:5449][com.facebook.nailgun.NGCommunicator] Socket is disconnected
[2019-04-13 23:14:56.798][debug][command:null][tid:5449][com.facebook.nailgun.NGCommunicator] Nailgun client disconnected
[2019-04-13 23:14:56.799][debug][command:null][tid:5449][com.facebook.nailgun.NGCommunicator] Orchestrator thread finished
[2019-04-13 23:14:56.799][debug][command:null][tid:14][com.facebook.nailgun.NGSession] NGSession 1 is closing client socket
[2019-04-13 23:17:39.000][debug][command:null][tid:14][com.facebook.nailgun.NGSession] NGSession 1 accepted new connection
[2019-04-13 23:17:39.002][debug][command:null][tid:5482][com.facebook.nailgun.NGCommunicator] Orchestrator thread started
[2019-04-13 23:17:39.003][debug][command:null][tid:14][com.facebook.nailgun.NGCommunicator] Shutting down socket for input
[2019-04-13 23:17:39.003][debug][command:null][tid:14][com.facebook.nailgun.NGCommunicator] Shutting down socket for output
[2019-04-13 23:17:39.003][debug][command:null][tid:14][com.facebook.nailgun.NGCommunicator] Shutting down read ExecutorService
[2019-04-13 23:17:39.003][debug][command:null][tid:14][com.facebook.nailgun.NGCommunicator] Shutting down orchestrator ExecutorService
[2019-04-13 23:17:39.003][debug][command:null][tid:5482][com.facebook.nailgun.NGCommunicator] Socket is disconnected
[2019-04-13 23:17:39.003][debug][command:null][tid:5482][com.facebook.nailgun.NGCommunicator] Nailgun client disconnected
[2019-04-13 23:17:39.003][debug][command:null][tid:5482][com.facebook.nailgun.NGCommunicator] Orchestrator thread finished
[2019-04-13 23:17:39.004][debug][command:null][tid:14][com.facebook.nailgun.NGSession] NGSession 1 is closing client socket
[2019-04-13 23:17:39.014][debug][command:null][tid:14][com.facebook.nailgun.NGSession] NGSession 1 accepted new connection
[2019-04-13 23:17:39.016][debug][command:null][tid:5484][com.facebook.nailgun.NGCommunicator] Orchestrator thread started
[2019-04-13 23:17:39.016][debug][command:null][tid:14][com.facebook.buck.util.config.Configs] Loading configuration for /Users/stevenlee/Downloads/BuckTest 3
[2019-04-13 23:17:39.017][debug][command:null][tid:14][com.facebook.buck.util.config.Configs] Loaded project configuration file /Users/stevenlee/Downloads/BuckTest 3/.buckconfig
[2019-04-13 23:17:39.017][debug][command:null][tid:14][com.facebook.buck.util.config.Configs] Adding configuration overrides RawConfig{values={}}
[2019-04-13 23:17:39.019][debug][command:null][tid:14][com.facebook.buck.cli.Main] Rotating log.
