[2019-04-11 15:27:45.267][debug][command:null][tid:14][com.facebook.buck.cli.Main] Starting up (build date 1970-01-01 07:29:59 +0730, rev ad23befe7c1a36c999860af0af69e726f1c8e423), args: [build, //BuckTest:BuckTest]
[2019-04-11 15:27:45.272][debug][command:null][tid:14][com.facebook.buck.cli.Main] System properties: {java.vendor=Oracle Corporation, sun.java.launcher=SUN_STANDARD, sun.management.compiler=HotSpot 64-Bit Tiered Compilers, jnidispatch.path=/Users/stevenlee/Downloads/BuckTest 3/.buckd/tmp/buck_run.AzLW03/jna-1522160945/jna8454960487638627117.tmp, os.name=Mac OS X, buck.enable_objc=true, sun.boot.class.path=/Library/Java/JavaVirtualMachines/jdk1.8.0_201.jdk/Contents/Home/jre/lib/resources.jar:/Library/Java/JavaVirtualMachines/jdk1.8.0_201.jdk/Contents/Home/jre/lib/rt.jar:/Library/Java/JavaVirtualMachines/jdk1.8.0_201.jdk/Contents/Home/jre/lib/sunrsasign.jar:/Library/Java/JavaVirtualMachines/jdk1.8.0_201.jdk/Contents/Home/jre/lib/jsse.jar:/Library/Java/JavaVirtualMachines/jdk1.8.0_201.jdk/Contents/Home/jre/lib/jce.jar:/Library/Java/JavaVirtualMachines/jdk1.8.0_201.jdk/Contents/Home/jre/lib/charsets.jar:/Library/Java/JavaVirtualMachines/jdk1.8.0_201.jdk/Contents/Home/jre/lib/jfr.jar:/Library/Java/JavaVirtualMachines/jdk1.8.0_201.jdk/Contents/Home/jre/classes, user.country.format=SG, buck.module.resources=/Users/stevenlee/Downloads/BuckTest 3/.buckd/resources/ad23befe7c1a36c999860af0af69e726f1c8e423/buck-modules-resources, pf4j.pluginsDir=/Users/stevenlee/Downloads/BuckTest 3/.buckd/resources/ad23befe7c1a36c999860af0af69e726f1c8e423/buck-modules, buck.resource_lock_path=/Users/stevenlee/Downloads/BuckTest 3/.buckd/resources/ad23befe7c1a36c999860af0af69e726f1c8e423/.buck_lock, buck.path_to_isolated_trampoline=/Users/stevenlee/Downloads/BuckTest 3/.buckd/resources/ad23befe7c1a36c999860af0af69e726f1c8e423/path_to_isolated_trampoline, java.vm.specification.vendor=Oracle Corporation, java.runtime.version=1.8.0_201-b09, jna.loaded=true, buck.testrunner_classes=/Users/stevenlee/Downloads/BuckTest 3/.buckd/resources/ad23befe7c1a36c999860af0af69e726f1c8e423/testrunner_classes, buck.logging_config_file=/Users/stevenlee/Downloads/BuckTest 3/.buckd/resources/ad23befe7c1a36c999860af0af69e726f1c8e423/logging_config_file, buck.path_to_sh_binary_template=/Users/stevenlee/Downloads/BuckTest 3/.buckd/resources/ad23befe7c1a36c999860af0af69e726f1c8e423/path_to_sh_binary_template, user.name=stevenlee, com.facebook.nailgun.NGServer.outputPath=/Users/stevenlee/Downloads/BuckTest 3/.buckd/tmp/buck_run.AzLW03/ngserver-out, buck.path_to_pywatchman=/Users/stevenlee/Downloads/BuckTest 3/.buckd/resources/ad23befe7c1a36c999860af0af69e726f1c8e423/path_to_pywatchman, buck.report_generator_jar=/Users/stevenlee/Downloads/BuckTest 3/.buckd/resources/ad23befe7c1a36c999860af0af69e726f1c8e423/report_generator_jar, buck.git_commit=ad23befe7c1a36c999860af0af69e726f1c8e423, user.language=en, sun.boot.library.path=/Library/Java/JavaVirtualMachines/jdk1.8.0_201.jdk/Contents/Home/jre/lib, jna.nosys=true, java.version=1.8.0_201, user.timezone=Asia/Singapore, buck.test_util_no_tests_dir=true, sun.arch.data.model=64, http.nonProxyHosts=local|*.local|169.254/16|*.169.254/16, java.endorsed.dirs=/Library/Java/JavaVirtualMachines/jdk1.8.0_201.jdk/Contents/Home/jre/lib/endorsed, sun.cpu.isalist=, sun.jnu.encoding=UTF-8, file.encoding.pkg=sun.io, file.separator=/, java.specification.name=Java Platform API Specification, buck.jacoco_agent_jar=/Users/stevenlee/Downloads/BuckTest 3/.buckd/resources/ad23befe7c1a36c999860af0af69e726f1c8e423/jacoco_agent_jar, java.class.version=52.0, user.country=GB, buck.binary_hash=dbcee53f32f7fa760cef191b77064a13, java.home=/Library/Java/JavaVirtualMachines/jdk1.8.0_201.jdk/Contents/Home/jre, buck.fix_script=/Users/stevenlee/Downloads/BuckTest 3/.buckd/resources/ad23befe7c1a36c999860af0af69e726f1c8e423/fix_script, java.vm.info=mixed mode, os.version=10.14.4, buck.version_uid=ad23befe7c1a36c999860af0af69e726f1c8e423, org.eclipse.jetty.util.log.class=org.eclipse.jetty.util.log.JavaUtilLog, path.separator=:, java.vm.version=25.201-b09, java.awt.printerjob=sun.lwawt.macosx.CPrinterJob, sun.io.unicode.encoding=UnicodeBig, awt.toolkit=sun.lwawt.macosx.LWCToolkit, buck.mode=package, buck.buck_build_type_info=/Users/stevenlee/Downloads/BuckTest 3/.buckd/resources/ad23befe7c1a36c999860af0af69e726f1c8e423/buck_build_type_info, socksNonProxyHosts=local|*.local|169.254/16|*.169.254/16, ftp.nonProxyHosts=local|*.local|169.254/16|*.169.254/16, buck.dx=/Users/stevenlee/Downloads/BuckTest 3/.buckd/resources/ad23befe7c1a36c999860af0af69e726f1c8e423/dx, buck.git_commit_timestamp=-1, user.home=/Users/stevenlee, java.specification.vendor=Oracle Corporation, buck.git_dirty=0, java.library.path=/Users/stevenlee/Downloads/BuckTest 3/.buckd/resources/ad23befe7c1a36c999860af0af69e726f1c8e423, java.vendor.url=http://java.oracle.com/, java.vm.vendor=Oracle Corporation, gopherProxySet=false, java.runtime.name=Java(TM) SE Runtime Environment, sun.java.command=com.facebook.buck.cli.bootstrapper.ClassLoaderBootstrapper com.facebook.buck.cli.Main$DaemonBootstrap local:.buckd/sock 180000, java.class.path=/Users/stevenlee/Downloads/BuckTest 3/.buckd/resources/ad23befe7c1a36c999860af0af69e726f1c8e423/bootstrapper_jar, buck.buckd_dir=/Users/stevenlee/Downloads/BuckTest 3/.buckd, buck.path_to_pathlib_py=/Users/stevenlee/Downloads/BuckTest 3/.buckd/resources/ad23befe7c1a36c999860af0af69e726f1c8e423/pathlib.py, buck.buckd_launch_time_nanos=158044577246401, java.vm.specification.name=Java Virtual Machine Specification, java.vm.specification.version=1.8, sun.cpu.endian=little, sun.os.patch.level=unknown, java.awt.headless=true, java.io.tmpdir=/Users/stevenlee/Downloads/BuckTest 3/.buckd/tmp/buck_run.AzLW03, buck.android_agent_path=/Users/stevenlee/Downloads/BuckTest 3/.buckd/resources/ad23befe7c1a36c999860af0af69e726f1c8e423/android_agent_path, java.vendor.url.bug=http://bugreport.sun.com/bugreport/, buck.path_to_python_dsl=, jna.platform.library.path=/usr/lib:/usr/lib, os.arch=x86_64, java.awt.graphicsenv=sun.awt.CGraphicsEnvironment, java.ext.dirs=/Users/stevenlee/Library/Java/Extensions:/Library/Java/JavaVirtualMachines/jdk1.8.0_201.jdk/Contents/Home/jre/lib/ext:/Library/Java/Extensions:/Network/Library/Java/Extensions:/System/Library/Java/Extensions:/usr/lib/java, java.util.logging.config.class=com.facebook.buck.cli.bootstrapper.LogConfig, buck.path_to_six_py=/Users/stevenlee/Downloads/BuckTest 3/.buckd/resources/ad23befe7c1a36c999860af0af69e726f1c8e423/six.py, user.dir=/Users/stevenlee/Downloads/BuckTest 3, java.nio.file.spi.DefaultFileSystemProvider=com.facebook.buck.cli.bootstrapper.filesystem.BuckFileSystemProvider, line.separator=
, java.vm.name=Java HotSpot(TM) 64-Bit Server VM, buck.path_to_typing=/Users/stevenlee/Downloads/BuckTest 3/.buckd/resources/ad23befe7c1a36c999860af0af69e726f1c8e423/path_to_typing, buck.native_exopackage_fake_path=/Users/stevenlee/Downloads/BuckTest 3/.buckd/resources/ad23befe7c1a36c999860af0af69e726f1c8e423/native_exopackage_fake_path, file.encoding=UTF-8, java.specification.version=1.8}
[2019-04-11 15:27:45.273][debug][command:null][tid:14][com.facebook.buck.util.config.Configs] Loading configuration for /Users/stevenlee/Downloads/BuckTest 3
[2019-04-11 15:27:45.273][debug][command:null][tid:14][com.facebook.buck.util.config.Configs] Loaded project configuration file /Users/stevenlee/Downloads/BuckTest 3/.buckconfig
[2019-04-11 15:27:45.273][debug][command:null][tid:14][com.facebook.buck.util.config.Configs] Adding configuration overrides RawConfig{values={}}
[2019-04-11 15:27:45.274][info ][command:null][tid:14][com.facebook.buck.io.watchman.WatchmanFactory] Creating for: [/Users/stevenlee/Downloads/BuckTest 3]
[2019-04-11 15:27:45.274][debug][command:null][tid:14][com.facebook.buck.io.ExecutableFinder] Executable 'watchman' mapped to 'Optional[/usr/local/bin/watchman]'
[2019-04-11 15:27:45.275][debug][command:null][tid:14][com.facebook.buck.util.ListeningProcessExecutor] Launching process with params ProcessExecutorParams{command=[/usr/local/bin/watchman, --output-encoding=bser, get-sockname]}
[2019-04-11 15:27:45.275][debug][command:null][tid:14][com.facebook.buck.util.ListeningProcessExecutor] Successfully launched process com.zaxxer.nuprocess.osx.OsxProcess@6f4d5ed5
[2019-04-11 15:27:45.275][debug][command:null][tid:14][com.facebook.buck.util.ListeningProcessExecutor] Waiting for process com.facebook.buck.util.ListeningProcessExecutor$LaunchedProcessImpl@72c2f5b1 timeout 1000000000 NANOSECONDS
[2019-04-11 15:27:45.291][debug][command:null][tid:14][com.facebook.buck.util.ListeningProcessExecutor] Wait for process returned 0
[2019-04-11 15:27:45.291][debug][command:null][tid:14][com.facebook.buck.io.watchman.WatchmanFactory] Waited 15 ms for Watchman command get-sockname, exit code 0
[2019-04-11 15:27:45.291][debug][command:null][tid:14][com.facebook.buck.io.watchman.WatchmanFactory] stdout of command: {sockname=/usr/local/var/run/watchman/stevenlee-state/sock, version=4.9.0}
[2019-04-11 15:27:45.291][info ][command:null][tid:14][com.facebook.buck.io.watchman.WatchmanFactory] Connecting to Watchman version 4.9.0 at /usr/local/var/run/watchman/stevenlee-state/sock
[2019-04-11 15:27:45.292][debug][command:null][tid:14][com.facebook.buck.io.watchman.WatchmanTransportClient] Query [version, {required=[cmd-watch-project], optional=[term-dirname, cmd-watch-project, wildmatch, wildmatch_multislash, glob_generator, clock-sync-timeout]}] returned in 0 ms
[2019-04-11 15:27:45.292][info ][command:null][tid:14][com.facebook.buck.io.watchman.WatchmanFactory] Took 0 ms to query capabilities {term-dirname=DIRNAME, cmd-watch-project=SUPPORTS_PROJECT_WATCH, wildmatch=WILDMATCH_GLOB, wildmatch_multislash=WILDMATCH_MULTISLASH, glob_generator=GLOB_GENERATOR, clock-sync-timeout=CLOCK_SYNC_TIMEOUT}
[2019-04-11 15:27:45.292][debug][command:null][tid:14][com.facebook.buck.io.watchman.WatchmanFactory] Got capabilities response: {clock-sync-timeout=true, glob_generator=true, wildmatch_multislash=false, cmd-watch-project=true, wildmatch=true, term-dirname=true}
[2019-04-11 15:27:45.292][debug][command:null][tid:14][com.facebook.buck.io.watchman.WatchmanFactory] Got Watchman capabilities: [CLOCK_SYNC_TIMEOUT, GLOB_GENERATOR, SUPPORTS_PROJECT_WATCH, WILDMATCH_GLOB, DIRNAME]
[2019-04-11 15:27:45.292][info ][command:null][tid:14][com.facebook.buck.io.watchman.WatchmanFactory] Adding watchman root: /Users/stevenlee/Downloads/BuckTest 3
[2019-04-11 15:27:45.293][debug][command:null][tid:14][com.facebook.buck.io.watchman.WatchmanTransportClient] Query [watch-project, /Users/stevenlee/Downloads/BuckTest 3] returned in 0 ms
[2019-04-11 15:27:45.293][debug][command:null][tid:14][com.facebook.buck.io.watchman.WatchmanTransportClient] Query [watch-project, /Users/stevenlee/Downloads/BuckTest 3] returned in 0 ms
[2019-04-11 15:27:45.293][info ][command:null][tid:14][com.facebook.buck.io.watchman.WatchmanFactory] Took 0 ms to add root /Users/stevenlee/Downloads/BuckTest 3
[2019-04-11 15:27:45.305][debug][command:null][tid:14][com.facebook.buck.io.watchman.WatchmanTransportClient] Query [clock, /Users/stevenlee/Downloads/BuckTest 3, {sync_timeout=100}] returned in 11 ms
[2019-04-11 15:27:45.305][info ][command:null][tid:14][com.facebook.buck.io.watchman.WatchmanFactory] Took 11 ms to query for initial clock id Optional[c:1554802630:396:1:5358]
[2019-04-11 15:27:45.305][debug][command:null][tid:14][com.facebook.buck.io.watchman.WatchmanFactory] Connected to Watchman
[2019-04-11 15:27:45.305][debug][command:null][tid:14][com.facebook.buck.io.watchman.WatchmanTransportClient] Closing Watchman transport.
[2019-04-11 15:27:45.305][debug][command:null][tid:14][com.facebook.buck.cli.Main] Watchman capabilities: [CLOCK_SYNC_TIMEOUT, GLOB_GENERATOR, SUPPORTS_PROJECT_WATCH, WILDMATCH_GLOB, DIRNAME] Project watches: {/Users/stevenlee/Downloads/BuckTest 3=ProjectWatch{watchRoot=/Users/stevenlee/Downloads/BuckTest 3}} Glob handler config: PYTHON Query timeout ms config: Optional.empty
[2019-04-11 15:27:45.318][debug][command:null][tid:14][com.facebook.buck.apple.toolchain.impl.AppleToolchainDiscovery] Searching for Xcode toolchains under /Users/stevenlee/Downloads/Xcode.app/Contents/Developer/Toolchains
[2019-04-11 15:27:45.318][debug][command:null][tid:14][com.facebook.buck.apple.toolchain.impl.AppleToolchainDiscovery] Searching for Xcode toolchains in /Users/stevenlee/Downloads/Xcode.app/Contents/Developer/Toolchains
[2019-04-11 15:27:45.318][debug][command:null][tid:14][com.facebook.buck.apple.toolchain.impl.AppleToolchainDiscovery] Getting identifier for for Xcode toolchain under /Users/stevenlee/Downloads/Xcode.app/Contents/Developer/Toolchains/XcodeDefault.xctoolchain
[2019-04-11 15:27:45.318][debug][command:null][tid:14][com.facebook.buck.apple.toolchain.impl.AppleToolchainDiscovery] Mapped SDK identifier com.apple.dt.toolchain.XcodeDefault to path /Users/stevenlee/Downloads/Xcode.app/Contents/Developer/Toolchains/XcodeDefault.xctoolchain
[2019-04-11 15:27:45.318][debug][command:null][tid:14][com.facebook.buck.apple.toolchain.impl.AppleSdkDiscovery] Searching for Xcode platforms under /Users/stevenlee/Downloads/Xcode.app/Contents/Developer/Platforms
[2019-04-11 15:27:45.318][debug][command:null][tid:14][com.facebook.buck.apple.toolchain.impl.AppleSdkDiscovery] Searching for Xcode SDKs in /Users/stevenlee/Downloads/Xcode.app/Contents/Developer/Platforms
[2019-04-11 15:27:45.318][debug][command:null][tid:14][com.facebook.buck.apple.toolchain.impl.AppleSdkDiscovery] Fetching SDK name for /Users/stevenlee/Downloads/Xcode.app/Contents/Developer/Platforms/AppleTVOS.platform/Developer/SDKs/AppleTVOS12.1.sdk
[2019-04-11 15:27:45.319][debug][command:null][tid:14][com.facebook.buck.apple.toolchain.impl.AppleSdkDiscovery] Found SDK AppleSdk{name=appletvos12.1, version=12.1, applePlatform=ApplePlatform{name=appletvos, provisioningProfileName=tvOS, architectures=[arm64], minVersionFlagPrefix=-mtvos-version-min=, appIncludesFrameworks=false}, architectures=[arm64], toolchains=[AppleToolchain{identifier=com.apple.dt.toolchain.XcodeDefault, path=/Users/stevenlee/Downloads/Xcode.app/Contents/Developer/Toolchains/XcodeDefault.xctoolchain}]}
[2019-04-11 15:27:45.319][debug][command:null][tid:14][com.facebook.buck.apple.toolchain.impl.AppleSdkDiscovery] Fetching SDK name for /Users/stevenlee/Downloads/Xcode.app/Contents/Developer/Platforms/AppleTVOS.platform/Developer/SDKs/AppleTVOS.sdk
[2019-04-11 15:27:45.319][debug][command:null][tid:14][com.facebook.buck.apple.toolchain.impl.AppleSdkDiscovery] Skipping already scanned SDK directory /Users/stevenlee/Downloads/Xcode.app/Contents/Developer/Platforms/AppleTVOS.platform/Developer/SDKs/AppleTVOS.sdk
[2019-04-11 15:27:45.319][debug][command:null][tid:14][com.facebook.buck.apple.toolchain.impl.AppleSdkDiscovery] Fetching SDK name for /Users/stevenlee/Downloads/Xcode.app/Contents/Developer/Platforms/iPhoneOS.platform/Developer/SDKs/iPhoneOS.sdk
[2019-04-11 15:27:45.319][debug][command:null][tid:14][com.facebook.buck.apple.toolchain.impl.AppleSdkDiscovery] Found SDK AppleSdk{name=iphoneos12.1, version=12.1, applePlatform=ApplePlatform{name=iphoneos, swiftName=ios, provisioningProfileName=iOS, architectures=[armv7, arm64], minVersionFlagPrefix=-mios-version-min=, stubBinaryPath=Library/Application Support/WatchKit/WK, appIncludesFrameworks=false}, architectures=[armv7, arm64], toolchains=[AppleToolchain{identifier=com.apple.dt.toolchain.XcodeDefault, path=/Users/stevenlee/Downloads/Xcode.app/Contents/Developer/Toolchains/XcodeDefault.xctoolchain}]}
[2019-04-11 15:27:45.319][debug][command:null][tid:14][com.facebook.buck.apple.toolchain.impl.AppleSdkDiscovery] Fetching SDK name for /Users/stevenlee/Downloads/Xcode.app/Contents/Developer/Platforms/iPhoneOS.platform/Developer/SDKs/iPhoneOS12.1.sdk
[2019-04-11 15:27:45.319][debug][command:null][tid:14][com.facebook.buck.apple.toolchain.impl.AppleSdkDiscovery] Skipping already scanned SDK directory /Users/stevenlee/Downloads/Xcode.app/Contents/Developer/Platforms/iPhoneOS.platform/Developer/SDKs/iPhoneOS.sdk
[2019-04-11 15:27:45.319][debug][command:null][tid:14][com.facebook.buck.apple.toolchain.impl.AppleSdkDiscovery] Fetching SDK name for /Users/stevenlee/Downloads/Xcode.app/Contents/Developer/Platforms/WatchOS.platform/Developer/SDKs/WatchOS.sdk
[2019-04-11 15:27:45.320][debug][command:null][tid:14][com.facebook.buck.apple.toolchain.impl.AppleSdkDiscovery] Found SDK AppleSdk{name=watchos5.1, version=5.1, applePlatform=ApplePlatform{name=watchos, provisioningProfileName=iOS, architectures=[armv7k, arm64_32], minVersionFlagPrefix=-mwatchos-version-min=, stubBinaryPath=Library/Application Support/WatchKit/WK, appIncludesFrameworks=false}, architectures=[armv7k, arm64_32], toolchains=[AppleToolchain{identifier=com.apple.dt.toolchain.XcodeDefault, path=/Users/stevenlee/Downloads/Xcode.app/Contents/Developer/Toolchains/XcodeDefault.xctoolchain}]}
[2019-04-11 15:27:45.320][debug][command:null][tid:14][com.facebook.buck.apple.toolchain.impl.AppleSdkDiscovery] Fetching SDK name for /Users/stevenlee/Downloads/Xcode.app/Contents/Developer/Platforms/WatchOS.platform/Developer/SDKs/WatchOS5.1.sdk
[2019-04-11 15:27:45.320][debug][command:null][tid:14][com.facebook.buck.apple.toolchain.impl.AppleSdkDiscovery] Skipping already scanned SDK directory /Users/stevenlee/Downloads/Xcode.app/Contents/Developer/Platforms/WatchOS.platform/Developer/SDKs/WatchOS.sdk
[2019-04-11 15:27:45.320][debug][command:null][tid:14][com.facebook.buck.apple.toolchain.impl.AppleSdkDiscovery] Fetching SDK name for /Users/stevenlee/Downloads/Xcode.app/Contents/Developer/Platforms/MacOSX.platform/Developer/SDKs/MacOSX10.14.sdk
[2019-04-11 15:27:45.320][debug][command:null][tid:14][com.facebook.buck.apple.toolchain.impl.AppleSdkDiscovery] Found SDK AppleSdk{name=macosx10.14, version=10.14, applePlatform=ApplePlatform{name=macosx, architectures=[i386, x86_64], minVersionFlagPrefix=-mmacosx-version-min=, appIncludesFrameworks=true}, architectures=[i386, x86_64], toolchains=[AppleToolchain{identifier=com.apple.dt.toolchain.XcodeDefault, path=/Users/stevenlee/Downloads/Xcode.app/Contents/Developer/Toolchains/XcodeDefault.xctoolchain}]}
[2019-04-11 15:27:45.320][debug][command:null][tid:14][com.facebook.buck.apple.toolchain.impl.AppleSdkDiscovery] Fetching SDK name for /Users/stevenlee/Downloads/Xcode.app/Contents/Developer/Platforms/MacOSX.platform/Developer/SDKs/MacOSX.sdk
[2019-04-11 15:27:45.320][debug][command:null][tid:14][com.facebook.buck.apple.toolchain.impl.AppleSdkDiscovery] Skipping already scanned SDK directory /Users/stevenlee/Downloads/Xcode.app/Contents/Developer/Platforms/MacOSX.platform/Developer/SDKs/MacOSX.sdk
[2019-04-11 15:27:45.320][debug][command:null][tid:14][com.facebook.buck.apple.toolchain.impl.AppleSdkDiscovery] Fetching SDK name for /Users/stevenlee/Downloads/Xcode.app/Contents/Developer/Platforms/WatchSimulator.platform/Developer/SDKs/WatchSimulator.sdk
[2019-04-11 15:27:45.321][debug][command:null][tid:14][com.facebook.buck.apple.toolchain.impl.AppleSdkDiscovery] Found SDK AppleSdk{name=watchsimulator5.1, version=5.1, applePlatform=ApplePlatform{name=watchsimulator, architectures=[i386, x86_64], minVersionFlagPrefix=-mwatchos-simulator-version-min=, stubBinaryPath=Library/Application Support/WatchKit/WK, appIncludesFrameworks=false}, architectures=[i386, x86_64], toolchains=[AppleToolchain{identifier=com.apple.dt.toolchain.XcodeDefault, path=/Users/stevenlee/Downloads/Xcode.app/Contents/Developer/Toolchains/XcodeDefault.xctoolchain}]}
[2019-04-11 15:27:45.321][debug][command:null][tid:14][com.facebook.buck.apple.toolchain.impl.AppleSdkDiscovery] Fetching SDK name for /Users/stevenlee/Downloads/Xcode.app/Contents/Developer/Platforms/WatchSimulator.platform/Developer/SDKs/WatchSimulator5.1.sdk
[2019-04-11 15:27:45.321][debug][command:null][tid:14][com.facebook.buck.apple.toolchain.impl.AppleSdkDiscovery] Skipping already scanned SDK directory /Users/stevenlee/Downloads/Xcode.app/Contents/Developer/Platforms/WatchSimulator.platform/Developer/SDKs/WatchSimulator.sdk
[2019-04-11 15:27:45.321][debug][command:null][tid:14][com.facebook.buck.apple.toolchain.impl.AppleSdkDiscovery] Fetching SDK name for /Users/stevenlee/Downloads/Xcode.app/Contents/Developer/Platforms/AppleTVSimulator.platform/Developer/SDKs/AppleTVSimulator.sdk
[2019-04-11 15:27:45.321][debug][command:null][tid:14][com.facebook.buck.apple.toolchain.impl.AppleSdkDiscovery] Found SDK AppleSdk{name=appletvsimulator12.1, version=12.1, applePlatform=ApplePlatform{name=appletvsimulator, swiftName=tvos, architectures=[x86_64], minVersionFlagPrefix=-mtvos-simulator-version-min=, appIncludesFrameworks=false}, architectures=[x86_64], toolchains=[AppleToolchain{identifier=com.apple.dt.toolchain.XcodeDefault, path=/Users/stevenlee/Downloads/Xcode.app/Contents/Developer/Toolchains/XcodeDefault.xctoolchain}]}
[2019-04-11 15:27:45.321][debug][command:null][tid:14][com.facebook.buck.apple.toolchain.impl.AppleSdkDiscovery] Fetching SDK name for /Users/stevenlee/Downloads/Xcode.app/Contents/Developer/Platforms/AppleTVSimulator.platform/Developer/SDKs/AppleTVSimulator12.1.sdk
[2019-04-11 15:27:45.321][debug][command:null][tid:14][com.facebook.buck.apple.toolchain.impl.AppleSdkDiscovery] Skipping already scanned SDK directory /Users/stevenlee/Downloads/Xcode.app/Contents/Developer/Platforms/AppleTVSimulator.platform/Developer/SDKs/AppleTVSimulator.sdk
[2019-04-11 15:27:45.321][debug][command:null][tid:14][com.facebook.buck.apple.toolchain.impl.AppleSdkDiscovery] Fetching SDK name for /Users/stevenlee/Downloads/Xcode.app/Contents/Developer/Platforms/iPhoneSimulator.platform/Developer/SDKs/iPhoneSimulator.sdk
[2019-04-11 15:27:45.322][debug][command:null][tid:14][com.facebook.buck.apple.toolchain.impl.AppleSdkDiscovery] Found SDK AppleSdk{name=iphonesimulator12.1, version=12.1, applePlatform=ApplePlatform{name=iphonesimulator, swiftName=ios, architectures=[i386, x86_64], minVersionFlagPrefix=-mios-simulator-version-min=, stubBinaryPath=Library/Application Support/WatchKit/WK, appIncludesFrameworks=false}, architectures=[i386, x86_64], toolchains=[AppleToolchain{identifier=com.apple.dt.toolchain.XcodeDefault, path=/Users/stevenlee/Downloads/Xcode.app/Contents/Developer/Toolchains/XcodeDefault.xctoolchain}]}
[2019-04-11 15:27:45.322][debug][command:null][tid:14][com.facebook.buck.apple.toolchain.impl.AppleSdkDiscovery] Fetching SDK name for /Users/stevenlee/Downloads/Xcode.app/Contents/Developer/Platforms/iPhoneSimulator.platform/Developer/SDKs/iPhoneSimulator12.1.sdk
[2019-04-11 15:27:45.322][debug][command:null][tid:14][com.facebook.buck.apple.toolchain.impl.AppleSdkDiscovery] Skipping already scanned SDK directory /Users/stevenlee/Downloads/Xcode.app/Contents/Developer/Platforms/iPhoneSimulator.platform/Developer/SDKs/iPhoneSimulator.sdk
[2019-04-11 15:27:45.322][warn ][command:null][tid:14][com.facebook.buck.core.toolchain.impl.DefaultToolchainProvider] Cannot create a toolchain: android-ndk-location. Cause: Android NDK could not be found. Make sure to set one of these  environment variables: ANDROID_NDK_REPOSITORY, ANDROID_NDK, or NDK_HOME or ndk.ndk_path or ndk.ndk_repository_path in your .buckconfig
[2019-04-11 15:27:45.325][debug][command:0482a87a-3935-4a67-a7ce-e84e850b8574][tid:14][com.facebook.buck.event.listener.RenderingConsole] Starting render scheduler (interval 100 ms)
[2019-04-11 15:27:45.325][debug][command:0482a87a-3935-4a67-a7ce-e84e850b8574][tid:14][com.google.common.util.concurrent.ServiceManager] Starting PerfStatsTracking [STARTING].
[2019-04-11 15:27:45.326][debug][command:null][tid:1176][com.google.common.util.concurrent.ServiceManager] Started PerfStatsTracking [RUNNING] in 654.0 Î¼s.
[2019-04-11 15:27:45.327][debug][command:null][tid:1177][com.facebook.buck.util.perf.ProcessTracker] startUp
[2019-04-11 15:27:45.327][debug][command:0482a87a-3935-4a67-a7ce-e84e850b8574][tid:14][com.google.common.util.concurrent.ServiceManager] Starting ProcessTracker [STARTING].
[2019-04-11 15:27:45.327][debug][command:0482a87a-3935-4a67-a7ce-e84e850b8574][tid:14][com.facebook.buck.util.environment.MacWifiSsidFinder] Getting current SSID..
[2019-04-11 15:27:45.328][debug][command:null][tid:1177][com.google.common.util.concurrent.ServiceManager] Started ProcessTracker [RUNNING] in 1.871 ms.
[2019-04-11 15:27:45.328][debug][command:0482a87a-3935-4a67-a7ce-e84e850b8574][tid:14][com.facebook.buck.util.environment.MacWifiSsidFinder] Getting SSID from Wi-Fi interface: <CWInterface: 0x7ff4a3865430> [interfaceName=en0]
[2019-04-11 15:27:45.328][debug][command:0482a87a-3935-4a67-a7ce-e84e850b8574][tid:14][com.facebook.buck.util.environment.MacWifiSsidFinder] No SSID found for interface <CWInterface: 0x7ff4a3865430> [interfaceName=en0].
[2019-04-11 15:27:45.328][debug][command:0482a87a-3935-4a67-a7ce-e84e850b8574][tid:14][com.facebook.buck.cli.Main] InvocationInfo BuildId=[0482a87a-3935-4a67-a7ce-e84e850b8574] Args=[build, //BuckTest:BuckTest]
[2019-04-11 15:27:45.330][warn ][command:null][tid:1180][com.facebook.buck.event.listener.PublicAnnouncementManager] Failed to get public announcements. Reason: Failed to establish connection to server.
[2019-04-11 15:27:45.330][debug][command:null][tid:1181][com.facebook.buck.util.environment.MacNetworkConfiguration] Determine network service order and extract device names
[2019-04-11 15:27:45.330][debug][command:null][tid:1181][com.facebook.buck.util.ListeningProcessExecutor] Launching process with params ProcessExecutorParams{command=[networksetup, -listnetworkserviceorder, ]}
[2019-04-11 15:27:45.332][debug][command:null][tid:1181][com.facebook.buck.util.ListeningProcessExecutor] Successfully launched process com.zaxxer.nuprocess.osx.OsxProcess@25203ecb
[2019-04-11 15:27:45.332][debug][command:null][tid:1181][com.facebook.buck.util.ListeningProcessExecutor] Waiting for process com.facebook.buck.util.ListeningProcessExecutor$LaunchedProcessImpl@197851bb timeout 1000 MILLISECONDS
[2019-04-11 15:27:45.335][debug][command:null][tid:1184][com.facebook.buck.io.watchman.WatchmanTransportClient] Query [query, /Users/stevenlee/Downloads/BuckTest 3, {since=c:1554802630:396:1:5345, expression=[not, [anyof, [type, d], [dirname, .idea], [dirname, .buckd], [dirname, buck-out/cache], [dirname, tools], [dirname, .git], [dirname, buck-out/.trash], [dirname, buck-out], [match, [build], wholename, {includedotfiles=true}], [match, **/*.pbxproj, wholename, {includedotfiles=true}], [match, **/*.xcscheme, wholename, {includedotfiles=true}], [match, **/*.xcworkspacedata, wholename, {includedotfiles=true}], [match, **/*~, wholename, {includedotfiles=true}], [match, **/#*#, wholename, {includedotfiles=true}], [match, **/.#*, wholename, {includedotfiles=true}], [match, **/*.swo, wholename, {includedotfiles=true}], [match, **/*.swp, wholename, {includedotfiles=true}], [match, **/*.swpx, wholename, {includedotfiles=true}], [match, **/*.un~, wholename, {includedotfiles=true}], [match, **/*.netrhwist, wholename, {includedotfiles=true}], [match, .idea, wholename, {includedotfiles=true}], [match, .iml, wholename, {includedotfiles=true}], [match, **/*.pydevproject, wholename, {includedotfiles=true}], [match, .project, wholename, {includedotfiles=true}], [match, .metadata, wholename, {includedotfiles=true}], [match, **/*.tmp, wholename, {includedotfiles=true}], [match, **/*.bak, wholename, {includedotfiles=true}], [match, **/*.nib, wholename, {includedotfiles=true}], [match, .classpath, wholename, {includedotfiles=true}], [match, .settings, wholename, {includedotfiles=true}], [match, .loadpath, wholename, {includedotfiles=true}], [match, .externalToolBuilders, wholename, {includedotfiles=true}], [match, .cproject, wholename, {includedotfiles=true}], [match, .buildpath, wholename, {includedotfiles=true}], [match, .DS_Store, wholename, {includedotfiles=true}], [match, .AppleDouble, wholename, {includedotfiles=true}], [match, .LSOverride, wholename, {includedotfiles=true}], [match, .Spotlight-V100, wholename, {includedotfiles=true}], [match, .Trashes, wholename, {includedotfiles=true}], [match, $RECYCLE.BIN, wholename, {includedotfiles=true}], [match, **/*.sublime-workspace, wholename, {includedotfiles=true}]]], empty_on_fresh_instance=true, fields=[name, exists, new]}] returned in 2 ms
[2019-04-11 15:27:45.335][debug][command:null][tid:1184][com.facebook.buck.io.watchman.WatchmanWatcher] Updating Watchman Cursor from c:1554802630:396:1:5345 to c:1554802630:396:1:5360
[2019-04-11 15:27:45.335][warn ][command:null][tid:1184][com.facebook.buck.io.watchman.WatchmanWatcher] Posting WatchEvent: WatchmanPathEvent{cellPath=/Users/stevenlee/Downloads/BuckTest 3, kind=MODIFY, path=Pods/BUCK}
[2019-04-11 15:27:45.335][debug][command:null][tid:1184][com.facebook.buck.io.watchman.WatchmanWatcher] Posted 1 Watchman events.
[2019-04-11 15:27:45.336][debug][command:null][tid:1184][com.facebook.buck.io.watchman.WatchmanTransportClient] Closing Watchman transport.
[2019-04-11 15:27:45.337][info ][command:0482a87a-3935-4a67-a7ce-e84e850b8574][tid:1183][com.facebook.buck.event.listener.LoggingBuildListener] Build started at 2019-04-11 15:27:45.337
[2019-04-11 15:27:45.339][debug][command:0482a87a-3935-4a67-a7ce-e84e850b8574][tid:1188][com.facebook.buck.io.ExecutableFinder] Executable 'python2' mapped to 'Optional[/usr/local/bin/python2]'
[2019-04-11 15:27:45.341][debug][command:0482a87a-3935-4a67-a7ce-e84e850b8574][tid:1188][com.facebook.buck.parser.BuckPythonProgram] Writing python rules stub to /Users/stevenlee/Downloads/BuckTest 3/.buckd/tmp/buck_run.AzLW03/buck_python_program7863593766682612135.
[2019-04-11 15:27:45.354][debug][command:0482a87a-3935-4a67-a7ce-e84e850b8574][tid:1188][com.facebook.buck.parser.BuckPythonProgram] Created temporary buck.py instance at /Users/stevenlee/Downloads/BuckTest 3/.buckd/tmp/buck_run.AzLW03/buck_python_program7863593766682612135.
[2019-04-11 15:27:45.355][debug][command:0482a87a-3935-4a67-a7ce-e84e850b8574][tid:1188][com.facebook.buck.parser.PythonDslProjectBuildFileParser] Starting buck.py command: [/usr/local/bin/python2, -u, /Users/stevenlee/Downloads/BuckTest 3/.buckd/tmp/buck_run.AzLW03/buck_python_program7863593766682612135/__main__.py, --allow_empty_globs, --watchman_glob_stat_results, --watchman_use_glob_generator, --watchman_socket_path, /usr/local/var/run/watchman/stevenlee-state/sock, --project_root, /Users/stevenlee/Downloads/BuckTest 3, --cell_name, , --build_file_name, BUCK, --quiet, --config, /Users/stevenlee/Downloads/BuckTest 3/.buckd/tmp/buck_run.AzLW03/raw_config4001094709085629508.json, --ignore_paths, /Users/stevenlee/Downloads/BuckTest 3/.buckd/tmp/buck_run.AzLW03/ignore_paths6546961901060584706.json, --warn_about_deprecated_syntax] environment: Optional[{BUCK_TTY=1, MFLAGS=, TERM_SESSION_ID=B7F867FC-6086-443D-86C9-B9216F788C9B, HOME=/Users/stevenlee, XPC_SERVICE_NAME=0, Apple_PubSub_Socket_Render=/private/tmp/com.apple.launchd.N5oPspERQh/Render, NAILGUN_FILESEPARATOR=/, BUCK_PYTHON_SPACE_INIT_TIME=16, LOGNAME=stevenlee, BUCK_BUILD_ID=0482a87a-3935-4a67-a7ce-e84e850b8574, TMPDIR=/var/folders/3q/crrbqtbs2vs_j7z2zzqj4g240000gp/T/, USER=stevenlee, SHELL=/bin/bash, TERM_PROGRAM_VERSION=421.1.1, PWD=/Users/stevenlee/Downloads/BuckTest 3, XPC_FLAGS=0x0, BUCK_TERM_COLUMNS=204, MAKELEVEL=1, LC_CTYPE=UTF-8, TERM_PROGRAM=Apple_Terminal, __CF_USER_TEXT_ENCODING=0x1F6:0:2, SHLVL=1, NAILGUN_TTY_2=1, BUCK_CLASSPATH=/Users/stevenlee/Downloads/BuckTest 3/.buckd/resources/ad23befe7c1a36c999860af0af69e726f1c8e423/buck_server, CLASSPATH=/Users/stevenlee/Downloads/BuckTest 3/.buckd/resources/ad23befe7c1a36c999860af0af69e726f1c8e423/bootstrapper_jar, NAILGUN_TTY_1=1, NAILGUN_TTY_0=1, MAKEFLAGS=, NAILGUN_PATHSEPARATOR=:, PATH=/usr/local/bin:/usr/bin:/bin:/usr/sbin:/sbin:/Applications/Wireshark.app/Contents/MacOS::, TERM=xterm-256color, OLDPWD=/Users/stevenlee/Documents/projects/Bolt2.0, _=/usr/bin/make, SSH_AUTH_SOCK=/private/tmp/com.apple.launchd.xtBSbF1Zl8/Listeners, PYTHONHASHSEED=7}]
[2019-04-11 15:27:45.359][debug][command:0482a87a-3935-4a67-a7ce-e84e850b8574][tid:1188][com.facebook.buck.parser.PythonDslProjectBuildFileParser] Started process com.facebook.buck.util.ProcessExecutor$LaunchedProcessImpl@d1be628 successfully
[2019-04-11 15:27:45.369][debug][command:null][tid:1181][com.facebook.buck.util.ListeningProcessExecutor] Wait for process returned 0
[2019-04-11 15:27:45.369][debug][command:null][tid:1181][com.facebook.buck.util.ListeningProcessExecutor] Destroying process com.facebook.buck.util.ListeningProcessExecutor$LaunchedProcessImpl@197851bb (force true)
[2019-04-11 15:27:45.369][debug][command:null][tid:1181][com.facebook.buck.util.environment.MacNetworkConfiguration] Determine active state of media for device
[2019-04-11 15:27:45.369][debug][command:null][tid:1181][com.facebook.buck.util.ListeningProcessExecutor] Launching process with params ProcessExecutorParams{command=[networksetup, -getMedia, en7]}
[2019-04-11 15:27:45.371][debug][command:null][tid:1181][com.facebook.buck.util.ListeningProcessExecutor] Successfully launched process com.zaxxer.nuprocess.osx.OsxProcess@1e21a517
[2019-04-11 15:27:45.371][debug][command:null][tid:1181][com.facebook.buck.util.ListeningProcessExecutor] Waiting for process com.facebook.buck.util.ListeningProcessExecutor$LaunchedProcessImpl@7066d3df timeout 1000 MILLISECONDS
[2019-04-11 15:27:45.402][debug][command:null][tid:1181][com.facebook.buck.util.ListeningProcessExecutor] Wait for process returned 0
[2019-04-11 15:27:45.402][debug][command:null][tid:1181][com.facebook.buck.util.ListeningProcessExecutor] Destroying process com.facebook.buck.util.ListeningProcessExecutor$LaunchedProcessImpl@7066d3df (force true)
[2019-04-11 15:27:45.402][debug][command:null][tid:1181][com.facebook.buck.util.environment.MacNetworkConfiguration] Determine WiFi SSID of device
[2019-04-11 15:27:45.402][debug][command:null][tid:1181][com.facebook.buck.util.ListeningProcessExecutor] Launching process with params ProcessExecutorParams{command=[networksetup, -getairportnetwork, en7]}
[2019-04-11 15:27:45.403][debug][command:null][tid:1181][com.facebook.buck.util.ListeningProcessExecutor] Successfully launched process com.zaxxer.nuprocess.osx.OsxProcess@1465bdbf
[2019-04-11 15:27:45.403][debug][command:null][tid:1181][com.facebook.buck.util.ListeningProcessExecutor] Waiting for process com.facebook.buck.util.ListeningProcessExecutor$LaunchedProcessImpl@22823b6e timeout 1000 MILLISECONDS
[2019-04-11 15:27:45.433][debug][command:null][tid:1181][com.facebook.buck.util.ListeningProcessExecutor] Wait for process returned 10
[2019-04-11 15:27:45.433][debug][command:null][tid:1181][com.facebook.buck.util.ListeningProcessExecutor] Destroying process com.facebook.buck.util.ListeningProcessExecutor$LaunchedProcessImpl@22823b6e (force true)
[2019-04-11 15:27:45.574][warn ][command:0482a87a-3935-4a67-a7ce-e84e850b8574][tid:1188][com.facebook.buck.parser.PythonDslProjectBuildFileParser] Fatal error raised by BUCK file parser for file /Users/stevenlee/Downloads/BuckTest 3/Pods/BUCK (parse): invalid syntax (BUCK, line 90)
[2019-04-11 15:27:45.574][debug][command:0482a87a-3935-4a67-a7ce-e84e850b8574][tid:1188][com.facebook.buck.parser.PythonDslProjectBuildFileParser] Received exception from buck.py parser: BuildFileParseExceptionData{type=SyntaxError, value=invalid syntax (BUCK, line 90), syntaxError=BuildFileSyntaxError{fileName=/Users/stevenlee/Downloads/BuckTest 3/Pods/BUCK, lineNumber=90, offset=1, text=)
}, stackTrace=[BuildFileParseExceptionStackTraceEntry{fileName=/Users/stevenlee/Downloads/BuckTest 3/.buckd/resources/ad23befe7c1a36c999860af0af69e726f1c8e423/buck_server/buck_parser/buck.py, lineNumber=1748, functionName=process_with_diagnostics, text=package_implicit_load=package_implicit_load,}, BuildFileParseExceptionStackTraceEntry{fileName=/Users/stevenlee/Downloads/BuckTest 3/.buckd/resources/ad23befe7c1a36c999860af0af69e726f1c8e423/buck_server/buck_parser/buck.py, lineNumber=1638, functionName=process, text=package_implicit_load=package_implicit_load,}, BuildFileParseExceptionStackTraceEntry{fileName=/Users/stevenlee/Downloads/BuckTest 3/.buckd/resources/ad23befe7c1a36c999860af0af69e726f1c8e423/buck_server/buck_parser/buck.py, lineNumber=1626, functionName=_process_build_file, text=package_implicit_load=package_implicit_load,}, BuildFileParseExceptionStackTraceEntry{fileName=/Users/stevenlee/Downloads/BuckTest 3/.buckd/resources/ad23befe7c1a36c999860af0af69e726f1c8e423/buck_server/buck_parser/buck.py, lineNumber=1557, functionName=_process, text=code = compile(contents, path, "exec", future_features, 1)}]}
[2019-04-11 15:27:45.575][debug][command:0482a87a-3935-4a67-a7ce-e84e850b8574][tid:1188][com.facebook.buck.parser.PythonDslProjectBuildFileParser] Closing buck.py process stdin
[2019-04-11 15:27:45.590][debug][command:0482a87a-3935-4a67-a7ce-e84e850b8574][tid:1188][com.facebook.buck.parser.PythonDslProjectBuildFileParser] Waiting for process com.facebook.buck.util.ProcessExecutor$LaunchedProcessImpl@d1be628 to exit...
[2019-04-11 15:27:45.590][warn ][command:0482a87a-3935-4a67-a7ce-e84e850b8574][tid:1188][com.facebook.buck.parser.PythonDslProjectBuildFileParser] com.facebook.buck.util.ProcessExecutor$LaunchedProcessImpl@d1be628 finished with unexpected result:
exit code: 1
stdout:

stderr:


[2019-04-11 15:27:45.590][info ][command:0482a87a-3935-4a67-a7ce-e84e850b8574][tid:1188][com.facebook.buck.util.concurrent.ResourcePool] Error shutting down a defunct resource.
com.facebook.buck.parser.exceptions.BuildFileParseException: Parser did not exit cleanly:
exit code: 1
stdout:

stderr:


	at com.facebook.buck.parser.exceptions.BuildFileParseException.createForUnknownParseError(BuildFileParseException.java:34)
	at com.facebook.buck.parser.PythonDslProjectBuildFileParser.close(PythonDslProjectBuildFileParser.java:816)
	at com.facebook.buck.parser.api.ForwardingProjectBuildFileParserDecorator.close(ForwardingProjectBuildFileParserDecorator.java:67)
	at com.facebook.buck.parser.decorators.EventReportingProjectBuildFileParser.close(EventReportingProjectBuildFileParser.java:75)
	at com.facebook.buck.util.concurrent.ResourcePool.returnResource(ResourcePool.java:208)
	at com.facebook.buck.util.concurrent.ResourcePool.access$200(ResourcePool.java:59)
	at com.facebook.buck.util.concurrent.ResourcePool$1.apply(ResourcePool.java:141)
	at com.facebook.buck.util.concurrent.ResourcePool$1.apply(ResourcePool.java:127)
	at com.google.common.util.concurrent.AbstractTransformFuture$AsyncTransformFuture.doTransform(AbstractTransformFuture.java:206)
	at com.google.common.util.concurrent.AbstractTransformFuture$AsyncTransformFuture.doTransform(AbstractTransformFuture.java:195)
	at com.google.common.util.concurrent.AbstractTransformFuture.run(AbstractTransformFuture.java:115)
	at com.google.common.util.concurrent.MoreExecutors$5$1.run(MoreExecutors.java:999)
	at java.util.concurrent.ThreadPoolExecutor.runWorker(ThreadPoolExecutor.java:1149)
	at java.util.concurrent.ThreadPoolExecutor$Worker.run(ThreadPoolExecutor.java:624)
	at java.lang.Thread.run(Thread.java:748)

[2019-04-11 15:27:45.591][info ][command:0482a87a-3935-4a67-a7ce-e84e850b8574][tid:1183][com.facebook.buck.event.listener.LoggingBuildListener] Build finished at 2019-04-11 15:27:45.591
[2019-04-11 15:27:45.591][debug][command:0482a87a-3935-4a67-a7ce-e84e850b8574][tid:1177][com.facebook.buck.util.perf.ProcessTracker] shutDown
[2019-04-11 15:27:45.591][debug][command:null][tid:1176][com.google.common.util.concurrent.ServiceManager] Service PerfStatsTracking [TERMINATED] has terminated. Previous state was: STOPPING
[2019-04-11 15:27:45.594][debug][command:0482a87a-3935-4a67-a7ce-e84e850b8574][tid:14][com.facebook.buck.event.listener.RenderingConsole] Stopping render scheduler
[2019-04-11 15:27:45.594][info ][command:0482a87a-3935-4a67-a7ce-e84e850b8574][tid:14][com.facebook.buck.cli.Main] Awaiting termination of PROJECT executor service. Waiting for all jobs to complete, or up to maximum of 60 seconds...
[2019-04-11 15:27:45.594][info ][command:0482a87a-3935-4a67-a7ce-e84e850b8574][tid:14][com.facebook.buck.cli.Main] Successfully terminated PROJECT executor service.
[2019-04-11 15:27:45.594][info ][command:0482a87a-3935-4a67-a7ce-e84e850b8574][tid:14][com.facebook.buck.cli.Main] Awaiting termination of NETWORK executor service. Waiting for all jobs to complete, or up to maximum of 60 seconds...
[2019-04-11 15:27:45.594][info ][command:0482a87a-3935-4a67-a7ce-e84e850b8574][tid:14][com.facebook.buck.cli.Main] Successfully terminated NETWORK executor service.
[2019-04-11 15:27:45.594][info ][command:0482a87a-3935-4a67-a7ce-e84e850b8574][tid:14][com.facebook.buck.cli.Main] Awaiting termination of CPU executor service. Waiting for all jobs to complete, or up to maximum of 60 seconds...
[2019-04-11 15:27:45.594][info ][command:0482a87a-3935-4a67-a7ce-e84e850b8574][tid:14][com.facebook.buck.cli.Main] Successfully terminated CPU executor service.
[2019-04-11 15:27:45.594][info ][command:0482a87a-3935-4a67-a7ce-e84e850b8574][tid:14][com.facebook.buck.cli.Main] Awaiting termination of ScheduledExecutorService executor service. Waiting for all jobs to complete, or up to maximum of 60 seconds...
[2019-04-11 15:27:45.594][info ][command:0482a87a-3935-4a67-a7ce-e84e850b8574][tid:14][com.facebook.buck.cli.Main] Successfully terminated ScheduledExecutorService executor service.
[2019-04-11 15:27:45.594][info ][command:0482a87a-3935-4a67-a7ce-e84e850b8574][tid:14][com.facebook.buck.cli.Main] Awaiting termination of CounterAggregatorExecutor executor service. Waiting for all jobs to complete, or up to maximum of 20 seconds...
[2019-04-11 15:27:45.594][info ][command:0482a87a-3935-4a67-a7ce-e84e850b8574][tid:14][com.facebook.buck.cli.Main] Successfully terminated CounterAggregatorExecutor executor service.
[2019-04-11 15:27:45.594][info ][command:0482a87a-3935-4a67-a7ce-e84e850b8574][tid:14][com.facebook.buck.cli.Main] Awaiting termination of HTTP Read executor service. Waiting for all jobs to complete, or up to maximum of 1800 seconds...
[2019-04-11 15:27:45.594][info ][command:0482a87a-3935-4a67-a7ce-e84e850b8574][tid:14][com.facebook.buck.cli.Main] Successfully terminated HTTP Read executor service.
[2019-04-11 15:27:45.594][info ][command:0482a87a-3935-4a67-a7ce-e84e850b8574][tid:14][com.facebook.buck.cli.Main] Awaiting termination of Download Heavy Build HTTP Read executor service. Waiting for all jobs to complete, or up to maximum of 1800 seconds...
[2019-04-11 15:27:45.595][info ][command:0482a87a-3935-4a67-a7ce-e84e850b8574][tid:14][com.facebook.buck.cli.Main] Successfully terminated Download Heavy Build HTTP Read executor service.
[2019-04-11 15:27:45.595][info ][command:0482a87a-3935-4a67-a7ce-e84e850b8574][tid:14][com.facebook.buck.cli.Main] Awaiting termination of HTTP Write executor service. Waiting for all jobs to complete, or up to maximum of 1800 seconds...
[2019-04-11 15:27:45.595][info ][command:0482a87a-3935-4a67-a7ce-e84e850b8574][tid:14][com.facebook.buck.cli.Main] Successfully terminated HTTP Write executor service.
[2019-04-11 15:27:45.595][info ][command:0482a87a-3935-4a67-a7ce-e84e850b8574][tid:14][com.facebook.buck.cli.Main] Awaiting termination of Disk IO executor service. Waiting for all jobs to complete, or up to maximum of 10 seconds...
[2019-04-11 15:27:45.595][info ][command:0482a87a-3935-4a67-a7ce-e84e850b8574][tid:14][com.facebook.buck.cli.Main] Successfully terminated Disk IO executor service.
[2019-04-11 15:27:45.595][debug][command:null][tid:62][com.facebook.buck.io.AsynchronousDirectoryContentsCleaner] Starting to clean buck-out/.trash
[2019-04-11 15:27:45.595][debug][command:null][tid:62][com.facebook.buck.io.AsynchronousDirectoryContentsCleaner] Done cleaning buck-out/.trash
[2019-04-11 15:27:45.595][debug][command:0482a87a-3935-4a67-a7ce-e84e850b8574][tid:1177][com.google.common.util.concurrent.ServiceManager] Service ProcessTracker [TERMINATED] has terminated. Previous state was: STOPPING
[2019-04-11 15:27:45.595][debug][command:null][tid:66][com.facebook.buck.event.listener.ChromeTraceBuildListener] Writing Chrome trace to buck-out/log/2019-04-11_07h27m45s_buildcommand_0482a87a-3935-4a67-a7ce-e84e850b8574/build.2019-04-11.15-27-45.0482a87a-3935-4a67-a7ce-e84e850b8574.trace
[2019-04-11 15:27:45.599][warn ][command:null][tid:14][com.facebook.buck.cli.Main] Command failed:
com.facebook.buck.core.exceptions.HumanReadableException: Buck wasn't able to parse /Users/stevenlee/Downloads/BuckTest 3/Pods/BUCK:
Syntax error on line 90, column 1:
)
^

This error happened while trying to get dependency '//Pods:Alamofire' of target '//BuckTest:AppLibrary'
	at com.facebook.buck.parser.ParserMessages.createReadableGenericExceptionWithWhenSuffix(ParserMessages.java:32)
	at com.facebook.buck.parser.ParserMessages.createReadableExceptionWithWhenSuffix(ParserMessages.java:39)
	at com.facebook.buck.parser.DefaultParser.lambda$buildTargetGraph$1(DefaultParser.java:277)
	at com.facebook.buck.core.util.graph.AcyclicDepthFirstPostOrderTraversal$Explorable.<init>(AcyclicDepthFirstPostOrderTraversal.java:129)
	at com.facebook.buck.core.util.graph.AcyclicDepthFirstPostOrderTraversal.traverse(AcyclicDepthFirstPostOrderTraversal.java:95)
	at com.facebook.buck.core.util.graph.AcyclicDepthFirstPostOrderTraversal.traverse(AcyclicDepthFirstPostOrderTraversal.java:49)
	at com.facebook.buck.parser.DefaultParser.buildTargetGraph(DefaultParser.java:290)
	at com.facebook.buck.parser.DefaultParser.buildTargetGraphForTargetNodeSpecs(DefaultParser.java:405)
	at com.facebook.buck.parser.DefaultParser.buildTargetGraphWithoutConfigurationTargets(DefaultParser.java:347)
	at com.facebook.buck.cli.BuildCommand.createUnversionedTargetGraph(BuildCommand.java:662)
	at com.facebook.buck.cli.BuildCommand.createGraphsAndTargets(BuildCommand.java:395)
	at com.facebook.buck.cli.BuildCommand.executeBuildAndProcessResult(BuildCommand.java:452)
	at com.facebook.buck.cli.BuildCommand.run(BuildCommand.java:372)
	at com.facebook.buck.cli.BuildCommand.runWithoutHelp(BuildCommand.java:338)
	at com.facebook.buck.cli.AbstractCommand.run(AbstractCommand.java:242)
	at com.facebook.buck.cli.AbstractContainerCommand.run(AbstractContainerCommand.java:79)
	at com.facebook.buck.cli.Main.runMainWithExitCode(Main.java:1300)
	at com.facebook.buck.cli.Main.runMainThenExit(Main.java:464)
	at com.facebook.buck.cli.Main.nailMain(Main.java:2412)
	at sun.reflect.NativeMethodAccessorImpl.invoke0(Native Method)
	at sun.reflect.NativeMethodAccessorImpl.invoke(NativeMethodAccessorImpl.java:62)
	at sun.reflect.DelegatingMethodAccessorImpl.invoke(DelegatingMethodAccessorImpl.java:43)
	at java.lang.reflect.Method.invoke(Method.java:498)
	at com.facebook.nailgun.NGSession.runImpl(NGSession.java:313)
	at com.facebook.nailgun.NGSession.run(NGSession.java:199)
Caused by: com.facebook.buck.parser.exceptions.BuildFileParseException: Buck wasn't able to parse /Users/stevenlee/Downloads/BuckTest 3/Pods/BUCK:
Syntax error on line 90, column 1:
)
^
	at com.facebook.buck.parser.exceptions.BuildFileParseException.createForBuildFileParseError(BuildFileParseException.java:48)
	at com.facebook.buck.parser.PythonDslProjectBuildFileParser.handleDiagnostics(PythonDslProjectBuildFileParser.java:584)
	at com.facebook.buck.parser.PythonDslProjectBuildFileParser.getAllRulesInternal(PythonDslProjectBuildFileParser.java:428)
	at com.facebook.buck.parser.PythonDslProjectBuildFileParser.getBuildFileManifest(PythonDslProjectBuildFileParser.java:379)
	at com.facebook.buck.json.TargetCountVerificationParserDecorator.getBuildFileManifest(TargetCountVerificationParserDecorator.java:73)
	at com.facebook.buck.parser.decorators.EventReportingProjectBuildFileParser.getBuildFileManifest(EventReportingProjectBuildFileParser.java:69)
	at com.facebook.buck.parser.ProjectBuildFileParserPool.lambda$getBuildFileManifest$0(ProjectBuildFileParserPool.java:93)
	at com.facebook.buck.util.concurrent.ResourcePool$1.apply(ResourcePool.java:135)
	at com.facebook.buck.util.concurrent.ResourcePool$1.apply(ResourcePool.java:127)
	at com.google.common.util.concurrent.AbstractTransformFuture$AsyncTransformFuture.doTransform(AbstractTransformFuture.java:206)
	at com.google.common.util.concurrent.AbstractTransformFuture$AsyncTransformFuture.doTransform(AbstractTransformFuture.java:195)
	at com.google.common.util.concurrent.AbstractTransformFuture.run(AbstractTransformFuture.java:115)
	at com.google.common.util.concurrent.MoreExecutors$5$1.run(MoreExecutors.java:999)
	at java.util.concurrent.ThreadPoolExecutor.runWorker(ThreadPoolExecutor.java:1149)
	at java.util.concurrent.ThreadPoolExecutor$Worker.run(ThreadPoolExecutor.java:624)
	at java.lang.Thread.run(Thread.java:748)

[2019-04-11 15:27:45.599][warn ][command:null][tid:14][com.facebook.buck.util.Console] Command failure: Buck wasn't able to parse /Users/stevenlee/Downloads/BuckTest 3/Pods/BUCK:
Syntax error on line 90, column 1:
)
^

This error happened while trying to get dependency '//Pods:Alamofire' of target '//BuckTest:AppLibrary'
[2019-04-11 15:27:45.600][debug][command:null][tid:14][com.facebook.buck.cli.Main] Done.
[2019-04-11 15:27:45.600][info ][command:null][tid:14][com.facebook.nailgun.NGSession] Nail cleanly exited with status 1
[2019-04-11 15:27:45.600][debug][command:null][tid:14][com.facebook.nailgun.NGCommunicator] Shutting down socket for input
[2019-04-11 15:27:45.600][debug][command:null][tid:14][com.facebook.nailgun.NGCommunicator] Shutting down socket for output
[2019-04-11 15:27:45.600][debug][command:null][tid:14][com.facebook.nailgun.NGCommunicator] Shutting down read ExecutorService
[2019-04-11 15:27:45.600][debug][command:null][tid:1168][com.facebook.nailgun.NGCommunicator] Socket is disconnected
[2019-04-11 15:27:45.600][debug][command:null][tid:1168][com.facebook.nailgun.NGCommunicator] Nailgun client disconnected
[2019-04-11 15:27:45.600][debug][command:null][tid:14][com.facebook.nailgun.NGCommunicator] Shutting down orchestrator ExecutorService
[2019-04-11 15:27:45.600][debug][command:null][tid:1168][com.facebook.nailgun.NGCommunicator] Orchestrator thread finished
[2019-04-11 15:27:45.601][debug][command:null][tid:14][com.facebook.nailgun.NGSession] NGSession 1 is closing client socket
[2019-04-11 15:27:55.441][debug][command:null][tid:14][com.facebook.nailgun.NGSession] NGSession 1 accepted new connection
[2019-04-11 15:27:55.443][debug][command:null][tid:1197][com.facebook.nailgun.NGCommunicator] Orchestrator thread started
[2019-04-11 15:27:55.443][debug][command:null][tid:14][com.facebook.nailgun.NGCommunicator] Shutting down socket for input
[2019-04-11 15:27:55.444][debug][command:null][tid:14][com.facebook.nailgun.NGCommunicator] Shutting down socket for output
[2019-04-11 15:27:55.444][debug][command:null][tid:14][com.facebook.nailgun.NGCommunicator] Shutting down read ExecutorService
[2019-04-11 15:27:55.444][debug][command:null][tid:14][com.facebook.nailgun.NGCommunicator] Shutting down orchestrator ExecutorService
[2019-04-11 15:27:55.444][debug][command:null][tid:1197][com.facebook.nailgun.NGCommunicator] Socket is disconnected
[2019-04-11 15:27:55.444][debug][command:null][tid:1197][com.facebook.nailgun.NGCommunicator] Nailgun client disconnected
[2019-04-11 15:27:55.444][debug][command:null][tid:1197][com.facebook.nailgun.NGCommunicator] Orchestrator thread finished
[2019-04-11 15:27:55.444][debug][command:null][tid:14][com.facebook.nailgun.NGSession] NGSession 1 is closing client socket
[2019-04-11 15:27:55.455][debug][command:null][tid:14][com.facebook.nailgun.NGSession] NGSession 1 accepted new connection
[2019-04-11 15:27:55.457][debug][command:null][tid:1199][com.facebook.nailgun.NGCommunicator] Orchestrator thread started
[2019-04-11 15:27:55.458][debug][command:null][tid:14][com.facebook.buck.util.config.Configs] Loading configuration for /Users/stevenlee/Downloads/BuckTest 3
[2019-04-11 15:27:55.458][debug][command:null][tid:14][com.facebook.buck.util.config.Configs] Loaded project configuration file /Users/stevenlee/Downloads/BuckTest 3/.buckconfig
[2019-04-11 15:27:55.458][debug][command:null][tid:14][com.facebook.buck.util.config.Configs] Adding configuration overrides RawConfig{values={}}
[2019-04-11 15:27:55.460][debug][command:null][tid:14][com.facebook.buck.cli.Main] Rotating log.
