[2019-04-13 16:32:52.714][debug][command:63395037-6c76-43f2-8009-dccefe55fd9d][tid:14][com.facebook.buck.event.listener.RenderingConsole] Starting render scheduler (interval 100 ms)
[2019-04-13 16:32:52.714][debug][command:63395037-6c76-43f2-8009-dccefe55fd9d][tid:14][com.google.common.util.concurrent.ServiceManager] Starting PerfStatsTracking [STARTING].
[2019-04-13 16:32:52.715][debug][command:63395037-6c76-43f2-8009-dccefe55fd9d][tid:14][com.google.common.util.concurrent.ServiceManager] Starting ProcessTracker [STARTING].
[2019-04-13 16:32:52.715][debug][command:63395037-6c76-43f2-8009-dccefe55fd9d][tid:14][com.facebook.buck.util.environment.MacWifiSsidFinder] Getting current SSID..
[2019-04-13 16:32:52.715][debug][command:null][tid:4667][com.facebook.buck.util.perf.ProcessTracker] startUp
[2019-04-13 16:32:52.715][debug][command:null][tid:4667][com.facebook.buck.util.perf.ProcessTracker] startUp
[2019-04-13 16:32:52.715][debug][command:null][tid:4666][com.google.common.util.concurrent.ServiceManager] Started PerfStatsTracking [RUNNING] in 710.3 Î¼s.
[2019-04-13 16:32:52.715][debug][command:null][tid:4666][com.google.common.util.concurrent.ServiceManager] Started PerfStatsTracking [RUNNING] in 710.3 Î¼s.
[2019-04-13 16:32:52.716][debug][command:63395037-6c76-43f2-8009-dccefe55fd9d][tid:14][com.facebook.buck.util.environment.MacWifiSsidFinder] Getting SSID from Wi-Fi interface: <CWInterface: 0x7faff1909d90> [interfaceName=en0]
[2019-04-13 16:32:52.716][debug][command:null][tid:4667][com.google.common.util.concurrent.ServiceManager] Started ProcessTracker [RUNNING] in 1.855 ms.
[2019-04-13 16:32:52.716][debug][command:null][tid:4667][com.google.common.util.concurrent.ServiceManager] Started ProcessTracker [RUNNING] in 1.855 ms.
[2019-04-13 16:32:52.716][debug][command:63395037-6c76-43f2-8009-dccefe55fd9d][tid:14][com.facebook.buck.util.environment.MacWifiSsidFinder] No SSID found for interface <CWInterface: 0x7faff1909d90> [interfaceName=en0].
[2019-04-13 16:32:52.717][debug][command:63395037-6c76-43f2-8009-dccefe55fd9d][tid:14][com.facebook.buck.cli.Main] InvocationInfo BuildId=[63395037-6c76-43f2-8009-dccefe55fd9d] Args=[build, //BuckTest:BuckTest]
[2019-04-13 16:32:52.718][warn ][command:null][tid:4670][com.facebook.buck.event.listener.PublicAnnouncementManager] Failed to get public announcements. Reason: Failed to establish connection to server.
[2019-04-13 16:32:52.718][warn ][command:null][tid:4670][com.facebook.buck.event.listener.PublicAnnouncementManager] Failed to get public announcements. Reason: Failed to establish connection to server.
[2019-04-13 16:32:52.718][debug][command:null][tid:4671][com.facebook.buck.util.environment.MacNetworkConfiguration] Determine network service order and extract device names
[2019-04-13 16:32:52.718][debug][command:null][tid:4671][com.facebook.buck.util.environment.MacNetworkConfiguration] Determine network service order and extract device names
[2019-04-13 16:32:52.719][debug][command:null][tid:4671][com.facebook.buck.util.ListeningProcessExecutor] Launching process with params ProcessExecutorParams{command=[networksetup, -listnetworkserviceorder, ]}
[2019-04-13 16:32:52.719][debug][command:null][tid:4671][com.facebook.buck.util.ListeningProcessExecutor] Launching process with params ProcessExecutorParams{command=[networksetup, -listnetworkserviceorder, ]}
[2019-04-13 16:32:52.720][debug][command:null][tid:4671][com.facebook.buck.util.ListeningProcessExecutor] Successfully launched process com.zaxxer.nuprocess.osx.OsxProcess@20a9cca2
[2019-04-13 16:32:52.720][debug][command:null][tid:4671][com.facebook.buck.util.ListeningProcessExecutor] Successfully launched process com.zaxxer.nuprocess.osx.OsxProcess@20a9cca2
[2019-04-13 16:32:52.720][debug][command:null][tid:4671][com.facebook.buck.util.ListeningProcessExecutor] Waiting for process com.facebook.buck.util.ListeningProcessExecutor$LaunchedProcessImpl@56a40e99 timeout 1000 MILLISECONDS
[2019-04-13 16:32:52.720][debug][command:null][tid:4671][com.facebook.buck.util.ListeningProcessExecutor] Waiting for process com.facebook.buck.util.ListeningProcessExecutor$LaunchedProcessImpl@56a40e99 timeout 1000 MILLISECONDS
[2019-04-13 16:32:52.725][debug][command:null][tid:4674][com.facebook.buck.io.watchman.WatchmanTransportClient] Query [query, /Users/stevenlee/Downloads/BuckTest 3, {since=c:1554802630:396:1:21326, expression=[not, [anyof, [type, d], [dirname, .idea], [dirname, .buckd], [dirname, buck-out/cache], [dirname, tools], [dirname, .git], [dirname, buck-out/.trash], [dirname, buck-out], [match, [build], wholename, {includedotfiles=true}], [match, **/*.pbxproj, wholename, {includedotfiles=true}], [match, **/*.xcscheme, wholename, {includedotfiles=true}], [match, **/*.xcworkspacedata, wholename, {includedotfiles=true}], [match, **/*~, wholename, {includedotfiles=true}], [match, **/#*#, wholename, {includedotfiles=true}], [match, **/.#*, wholename, {includedotfiles=true}], [match, **/*.swo, wholename, {includedotfiles=true}], [match, **/*.swp, wholename, {includedotfiles=true}], [match, **/*.swpx, wholename, {includedotfiles=true}], [match, **/*.un~, wholename, {includedotfiles=true}], [match, **/*.netrhwist, wholename, {includedotfiles=true}], [match, .idea, wholename, {includedotfiles=true}], [match, .iml, wholename, {includedotfiles=true}], [match, **/*.pydevproject, wholename, {includedotfiles=true}], [match, .project, wholename, {includedotfiles=true}], [match, .metadata, wholename, {includedotfiles=true}], [match, **/*.tmp, wholename, {includedotfiles=true}], [match, **/*.bak, wholename, {includedotfiles=true}], [match, **/*.nib, wholename, {includedotfiles=true}], [match, .classpath, wholename, {includedotfiles=true}], [match, .settings, wholename, {includedotfiles=true}], [match, .loadpath, wholename, {includedotfiles=true}], [match, .externalToolBuilders, wholename, {includedotfiles=true}], [match, .cproject, wholename, {includedotfiles=true}], [match, .buildpath, wholename, {includedotfiles=true}], [match, .DS_Store, wholename, {includedotfiles=true}], [match, .AppleDouble, wholename, {includedotfiles=true}], [match, .LSOverride, wholename, {includedotfiles=true}], [match, .Spotlight-V100, wholename, {includedotfiles=true}], [match, .Trashes, wholename, {includedotfiles=true}], [match, $RECYCLE.BIN, wholename, {includedotfiles=true}], [match, **/*.sublime-workspace, wholename, {includedotfiles=true}]]], empty_on_fresh_instance=true, fields=[name, exists, new]}] returned in 4 ms
[2019-04-13 16:32:52.725][debug][command:null][tid:4674][com.facebook.buck.io.watchman.WatchmanTransportClient] Query [query, /Users/stevenlee/Downloads/BuckTest 3, {since=c:1554802630:396:1:21326, expression=[not, [anyof, [type, d], [dirname, .idea], [dirname, .buckd], [dirname, buck-out/cache], [dirname, tools], [dirname, .git], [dirname, buck-out/.trash], [dirname, buck-out], [match, [build], wholename, {includedotfiles=true}], [match, **/*.pbxproj, wholename, {includedotfiles=true}], [match, **/*.xcscheme, wholename, {includedotfiles=true}], [match, **/*.xcworkspacedata, wholename, {includedotfiles=true}], [match, **/*~, wholename, {includedotfiles=true}], [match, **/#*#, wholename, {includedotfiles=true}], [match, **/.#*, wholename, {includedotfiles=true}], [match, **/*.swo, wholename, {includedotfiles=true}], [match, **/*.swp, wholename, {includedotfiles=true}], [match, **/*.swpx, wholename, {includedotfiles=true}], [match, **/*.un~, wholename, {includedotfiles=true}], [match, **/*.netrhwist, wholename, {includedotfiles=true}], [match, .idea, wholename, {includedotfiles=true}], [match, .iml, wholename, {includedotfiles=true}], [match, **/*.pydevproject, wholename, {includedotfiles=true}], [match, .project, wholename, {includedotfiles=true}], [match, .metadata, wholename, {includedotfiles=true}], [match, **/*.tmp, wholename, {includedotfiles=true}], [match, **/*.bak, wholename, {includedotfiles=true}], [match, **/*.nib, wholename, {includedotfiles=true}], [match, .classpath, wholename, {includedotfiles=true}], [match, .settings, wholename, {includedotfiles=true}], [match, .loadpath, wholename, {includedotfiles=true}], [match, .externalToolBuilders, wholename, {includedotfiles=true}], [match, .cproject, wholename, {includedotfiles=true}], [match, .buildpath, wholename, {includedotfiles=true}], [match, .DS_Store, wholename, {includedotfiles=true}], [match, .AppleDouble, wholename, {includedotfiles=true}], [match, .LSOverride, wholename, {includedotfiles=true}], [match, .Spotlight-V100, wholename, {includedotfiles=true}], [match, .Trashes, wholename, {includedotfiles=true}], [match, $RECYCLE.BIN, wholename, {includedotfiles=true}], [match, **/*.sublime-workspace, wholename, {includedotfiles=true}]]], empty_on_fresh_instance=true, fields=[name, exists, new]}] returned in 4 ms
[2019-04-13 16:32:52.725][debug][command:null][tid:4674][com.facebook.buck.io.watchman.WatchmanWatcher] Updating Watchman Cursor from c:1554802630:396:1:21326 to c:1554802630:396:1:21358
[2019-04-13 16:32:52.725][debug][command:null][tid:4674][com.facebook.buck.io.watchman.WatchmanWatcher] Updating Watchman Cursor from c:1554802630:396:1:21326 to c:1554802630:396:1:21358
[2019-04-13 16:32:52.725][debug][command:null][tid:4674][com.facebook.buck.io.watchman.WatchmanWatcher] Posted 0 Watchman events.
[2019-04-13 16:32:52.725][debug][command:null][tid:4674][com.facebook.buck.io.watchman.WatchmanWatcher] Posted 0 Watchman events.
[2019-04-13 16:32:52.725][debug][command:null][tid:4674][com.facebook.buck.io.watchman.WatchmanTransportClient] Closing Watchman transport.
[2019-04-13 16:32:52.725][debug][command:null][tid:4674][com.facebook.buck.io.watchman.WatchmanTransportClient] Closing Watchman transport.
[2019-04-13 16:32:52.727][info ][command:63395037-6c76-43f2-8009-dccefe55fd9d][tid:4673][com.facebook.buck.event.listener.LoggingBuildListener] Build started at 2019-04-13 16:32:52.726
[2019-04-13 16:32:52.728][info ][command:63395037-6c76-43f2-8009-dccefe55fd9d][tid:14][com.facebook.buck.core.model.actiongraph.computation.ActionGraphProvider] ActionGraph cache hit.
[2019-04-13 16:32:52.728][debug][command:63395037-6c76-43f2-8009-dccefe55fd9d][tid:4673][com.facebook.buck.event.listener.SuperConsoleEventBusListener] Action graph cache hit: Watchman reported no changes
[2019-04-13 16:32:52.728][debug][command:63395037-6c76-43f2-8009-dccefe55fd9d][tid:14][com.facebook.buck.core.build.engine.impl.MetadataChecker] Checking metadata_storage for /Users/stevenlee/Downloads/BuckTest 3
[2019-04-13 16:32:52.750][warn ][command:63395037-6c76-43f2-8009-dccefe55fd9d][tid:4680][com.facebook.buck.rules.keys.RuleKeyBuilder] Attempting to add absolute path to rule key. Only using file name: /usr/bin/codesign
[2019-04-13 16:32:52.752][debug][command:63395037-6c76-43f2-8009-dccefe55fd9d][tid:4681][com.facebook.buck.core.build.engine.cache.manager.BuildCacheArtifactFetcher] Cache miss for '//BuckTest:BuckTest#dwarf-and-dsym,no-include-frameworks' with rulekey '25480e7474a302f67cb6d004a7b1603f34839913'
[2019-04-13 16:32:52.753][debug][command:63395037-6c76-43f2-8009-dccefe55fd9d][tid:4685][com.facebook.buck.core.build.engine.cache.manager.BuildCacheArtifactFetcher] Cache miss for '//BuckTest:AppBinary#apple-debuggable-binary,dwarf-and-dsym,iphonesimulator-x86_64' with rulekey 'e004146d3b244fac8c602acb6ab51f827b34d916'
[2019-04-13 16:32:52.753][debug][command:63395037-6c76-43f2-8009-dccefe55fd9d][tid:4679][com.facebook.buck.core.build.engine.cache.manager.BuildCacheArtifactFetcher] Cache miss for '//BuckTest:AppBinary#apple-dsym,iphonesimulator-x86_64' with rulekey '9a6b94b1c3a30d5391859f2c791819979d2dd51d'
[2019-04-13 16:32:52.755][debug][command:63395037-6c76-43f2-8009-dccefe55fd9d][tid:4680][com.facebook.buck.core.build.engine.cache.manager.BuildCacheArtifactFetcher] Cache miss for '//BuckTest:AppBinary#iphonesimulator-x86_64,strip-non-global,stripped' with rulekey '2093d8f51e189a8d9055321037986ca067ce4e3c'
[2019-04-13 16:32:52.758][debug][command:63395037-6c76-43f2-8009-dccefe55fd9d][tid:4684][com.facebook.buck.core.build.engine.cache.manager.BuildCacheArtifactFetcher] Cache miss for '//BuckTest:AppBinary#binary,iphonesimulator-x86_64' with rulekey '545aa46cfe46cceed2d10b3e21aa91a20f5adf99'
[2019-04-13 16:32:52.765][debug][command:63395037-6c76-43f2-8009-dccefe55fd9d][tid:4685][com.facebook.buck.core.build.engine.cache.manager.BuildCacheArtifactFetcher] Cache miss for '//BuckTest:AppBinary#binary,iphonesimulator-x86_64' with rulekey 'f9e5e8528f961ae85719947c105af3ee4cedf105'
[2019-04-13 16:32:52.766][debug][command:63395037-6c76-43f2-8009-dccefe55fd9d][tid:4685][com.facebook.buck.core.build.engine.impl.CachingBuildRuleBuilder] Building locally: //BuckTest:AppBinary#binary,iphonesimulator-x86_64
[2019-04-13 16:32:52.766][debug][command:63395037-6c76-43f2-8009-dccefe55fd9d][tid:4685][com.facebook.buck.cxx.CxxPrepareForLinkStep] Link command (pwd=/Users/stevenlee/Downloads/BuckTest 3): /Users/stevenlee/Downloads/Xcode.app/Contents/Developer/Toolchains/XcodeDefault.xctoolchain/usr/bin/clang++ -o buck-out/gen/BuckTest/AppBinary#iphonesimulator-x86_64 -Xlinker -map -Xlinker buck-out/gen/BuckTest/AppBinary#iphonesimulator-x86_64-LinkMap.txt -isysroot /Users/stevenlee/Downloads/Xcode.app/Contents/Developer/Platforms/iPhoneSimulator.platform/Developer/SDKs/iPhoneSimulator.sdk -arch x86_64 -mios-simulator-version-min=11.0 -iquote /Users/stevenlee/Downloads/BuckTest 3 -Wl,-sdk_version -Wl,12.1 -Wl,-ObjC -Xlinker -objc_abi_version -Xlinker 2 -fobjc-arc -fobjc-link-runtime -Xlinker -add_ast_path buck-out/gen/BuckTest/AppBinary#iphonesimulator-x86_64,swift-compile/AppBinary.swiftmodule buck-out/gen/BuckTest/AppBinary#iphonesimulator-x86_64,swift-compile/AppBinary.o -Xlinker -add_ast_path buck-out/gen/Pods/SwinjectStoryboard#apple-swift-compile,iphonesimulator-x86_64/SwinjectStoryboard.swiftmodule buck-out/gen/Pods/SwinjectStoryboard#iphonesimulator-x86_64,static/libSwinjectStoryboard.a -Xlinker -add_ast_path buck-out/gen/Pods/RxCocoa#apple-swift-compile,iphonesimulator-x86_64/RxCocoa.swiftmodule buck-out/gen/Pods/RxCocoa#iphonesimulator-x86_64,static/libRxCocoa.a -Xlinker -add_ast_path buck-out/gen/Pods/Validator#apple-swift-compile,iphonesimulator-x86_64/Validator.swiftmodule buck-out/gen/Pods/Validator#iphonesimulator-x86_64,static/libValidator.a -Xlinker -add_ast_path buck-out/gen/Pods/Swinject#apple-swift-compile,iphonesimulator-x86_64/Swinject.swiftmodule buck-out/gen/Pods/Swinject#iphonesimulator-x86_64,static/libSwinject.a -Xlinker -add_ast_path buck-out/gen/Pods/SwiftyRSA#apple-swift-compile,iphonesimulator-x86_64/SwiftyRSA.swiftmodule buck-out/gen/Pods/SwiftyRSA#iphonesimulator-x86_64,static/libSwiftyRSA.a -Xlinker -add_ast_path buck-out/gen/Pods/SwiftKeychainWrapper#apple-swift-compile,iphonesimulator-x86_64/SwiftKeychainWrapper.swiftmodule buck-out/gen/Pods/SwiftKeychainWrapper#iphonesimulator-x86_64,static/libSwiftKeychainWrapper.a -Xlinker -add_ast_path buck-out/gen/Pods/SkyFloatingLabelTextField#apple-swift-compile,iphonesimulator-x86_64/SkyFloatingLabelTextField.swiftmodule buck-out/gen/Pods/SkyFloatingLabelTextField#iphonesimulator-x86_64,static/libSkyFloatingLabelTextField.a -Xlinker -add_ast_path buck-out/gen/Pods/RxSwift#apple-swift-compile,iphonesimulator-x86_64/RxSwift.swiftmodule buck-out/gen/Pods/RxSwift#iphonesimulator-x86_64,static/libRxSwift.a -Xlinker -add_ast_path buck-out/gen/Pods/Mixpanel#apple-swift-compile,iphonesimulator-x86_64/Mixpanel.swiftmodule buck-out/gen/Pods/Mixpanel#iphonesimulator-x86_64,static/libMixpanel.a buck-out/gen/Pods/FirebaseCore#iphonesimulator-x86_64,static/libFirebaseCore.a -Xlinker -add_ast_path buck-out/gen/Pods/CountryPickerSwift#apple-swift-compile,iphonesimulator-x86_64/CountryPicker.swiftmodule buck-out/gen/Pods/CountryPickerSwift#iphonesimulator-x86_64,static/libCountryPickerSwift.a -Xlinker -add_ast_path buck-out/gen/Pods/Alamofire#apple-swift-compile,iphonesimulator-x86_64/Alamofire.swiftmodule buck-out/gen/Pods/Alamofire#iphonesimulator-x86_64,static/libAlamofire.a -Xlinker -rpath -Xlinker @executable_path/Frameworks -Xlinker -rpath -Xlinker @loader_path/Frameworks -L /Users/stevenlee/Downloads/Xcode.app/Contents/Developer/Toolchains/XcodeDefault.xctoolchain/usr/lib/swift/iphonesimulator -rpath @loader_path/Frameworks -rpath @loader_path/Frameworks -rpath @loader_path/Frameworks -rpath @loader_path/Frameworks buck-out/gen/Pods/SVProgressHUD#iphonesimulator-x86_64,static/libSVProgressHUD.a /Users/stevenlee/Downloads/BuckTest 3/Pods/KochavaTrackeriOS/KochavaTrackeriOS/Libraries/libKochavaTrackeriOS.a -rpath @loader_path/Frameworks -rpath @loader_path/Frameworks buck-out/gen/Pods/IGListKit#iphonesimulator-x86_64,static/libIGListKit.a buck-out/gen/Pods/GoogleUtilities#iphonesimulator-x86_64,static/libGoogleUtilities.a buck-out/gen/Pods/GTMSessionFetcher#iphonesimulator-x86_64,static/libGTMSessionFetcher.a -rpath @loader_path/Frameworks -rpath @loader_path/Frameworks -rpath @loader_path/Frameworks -rpath @loader_path/Frameworks -F /Users/stevenlee/Downloads/BuckTest 3/buck-out/gen/Pods/Crashlytics -F /Users/stevenlee/Downloads/BuckTest 3/buck-out/gen/Pods/Fabric -F /Users/stevenlee/Downloads/BuckTest 3/buck-out/gen/Pods/Intercom -F /Users/stevenlee/Downloads/BuckTest 3/buck-out/gen/Pods/ZDCChat -F /Users/stevenlee/Downloads/BuckTest 3/buck-out/gen/Pods/ZDCChatAPI -F /Users/stevenlee/Downloads/Xcode.app/Contents/Developer/Platforms/iPhoneSimulator.platform/Developer/SDKs/iPhoneSimulator.sdk/System/Library/Frameworks -framework AssetsLibrary -framework CoreTelephony -framework Foundation -framework UIKit -framework Crashlytics -framework Fabric -framework Intercom -framework ZDCChat -framework ZDCChatAPI -Xlinker -filelist -Xlinker /Users/stevenlee/Downloads/BuckTest 3/buck-out/bin/BuckTest/AppBinary#binary,iphonesimulator-x86_64/filelist.txt
[2019-04-13 16:32:52.769][debug][command:63395037-6c76-43f2-8009-dccefe55fd9d][tid:4685][com.facebook.buck.shell.ShellStep] Command: /Users/stevenlee/Downloads/Xcode.app/Contents/Developer/Toolchains/XcodeDefault.xctoolchain/usr/bin/clang++ @/Users/stevenlee/Downloads/BuckTest 3/buck-out/bin/BuckTest/AppBinary#binary,iphonesimulator-x86_64/linker.argsfile
[2019-04-13 16:32:52.769][debug][command:63395037-6c76-43f2-8009-dccefe55fd9d][tid:4685][com.facebook.buck.shell.ShellStep] Environment: PATH=/usr/local/bin:/usr/bin:/bin:/usr/sbin:/sbin:/Applications/Wireshark.app/Contents/MacOS:: NAILGUN_TTY_2=1 NAILGUN_TTY_1=1 BUCK_CLASSPATH=/Users/stevenlee/Downloads/BuckTest 3/.buckd/resources/ad23befe7c1a36c999860af0af69e726f1c8e423/buck_server NAILGUN_TTY_0=1 MAKEFLAGS= TERM=xterm-256color NAILGUN_FILESEPARATOR=/ BUCK_BUILD_ID=63395037-6c76-43f2-8009-dccefe55fd9d MFLAGS= LOGNAME=stevenlee XPC_SERVICE_NAME=0 TERM_PROGRAM_VERSION=421.1.1 PWD=/Users/stevenlee/Downloads/BuckTest 3 _=/usr/bin/make NAILGUN_PATHSEPARATOR=: SHELL=/bin/bash TERM_PROGRAM=Apple_Terminal BUCK_PYTHON_SPACE_INIT_TIME=14 OLDPWD=/Users/stevenlee/Library USER=stevenlee CLASSPATH=/Users/stevenlee/Downloads/BuckTest 3/.buckd/resources/ad23befe7c1a36c999860af0af69e726f1c8e423/bootstrapper_jar TMPDIR=/Users/stevenlee/Downloads/BuckTest 3/buck-out/bin/BuckTest/AppBinary#binary,iphonesimulator-x86_64 BUCK_TERM_COLUMNS=204 SSH_AUTH_SOCK=/private/tmp/com.apple.launchd.xtBSbF1Zl8/Listeners XPC_FLAGS=0x0 BUCK_TTY=1 TERM_SESSION_ID=B7F867FC-6086-443D-86C9-B9216F788C9B MAKELEVEL=1 __CF_USER_TEXT_ENCODING=0x1F6:0:2 Apple_PubSub_Socket_Render=/private/tmp/com.apple.launchd.N5oPspERQh/Render LC_CTYPE=UTF-8 HOME=/Users/stevenlee SHLVL=1
[2019-04-13 16:32:52.772][debug][command:null][tid:4671][com.facebook.buck.util.ListeningProcessExecutor] Wait for process returned 0
[2019-04-13 16:32:52.772][debug][command:null][tid:4671][com.facebook.buck.util.ListeningProcessExecutor] Wait for process returned 0
[2019-04-13 16:32:52.772][debug][command:null][tid:4671][com.facebook.buck.util.ListeningProcessExecutor] Destroying process com.facebook.buck.util.ListeningProcessExecutor$LaunchedProcessImpl@56a40e99 (force true)
[2019-04-13 16:32:52.772][debug][command:null][tid:4671][com.facebook.buck.util.ListeningProcessExecutor] Destroying process com.facebook.buck.util.ListeningProcessExecutor$LaunchedProcessImpl@56a40e99 (force true)
[2019-04-13 16:32:52.772][debug][command:null][tid:4671][com.facebook.buck.util.environment.MacNetworkConfiguration] Determine active state of media for device
[2019-04-13 16:32:52.772][debug][command:null][tid:4671][com.facebook.buck.util.environment.MacNetworkConfiguration] Determine active state of media for device
[2019-04-13 16:32:52.772][debug][command:null][tid:4671][com.facebook.buck.util.ListeningProcessExecutor] Launching process with params ProcessExecutorParams{command=[networksetup, -getMedia, en7]}
[2019-04-13 16:32:52.772][debug][command:null][tid:4671][com.facebook.buck.util.ListeningProcessExecutor] Launching process with params ProcessExecutorParams{command=[networksetup, -getMedia, en7]}
[2019-04-13 16:32:52.776][debug][command:null][tid:4671][com.facebook.buck.util.ListeningProcessExecutor] Successfully launched process com.zaxxer.nuprocess.osx.OsxProcess@36202da2
[2019-04-13 16:32:52.776][debug][command:null][tid:4671][com.facebook.buck.util.ListeningProcessExecutor] Successfully launched process com.zaxxer.nuprocess.osx.OsxProcess@36202da2
[2019-04-13 16:32:52.777][debug][command:null][tid:4671][com.facebook.buck.util.ListeningProcessExecutor] Waiting for process com.facebook.buck.util.ListeningProcessExecutor$LaunchedProcessImpl@3a3944c6 timeout 1000 MILLISECONDS
[2019-04-13 16:32:52.777][debug][command:null][tid:4671][com.facebook.buck.util.ListeningProcessExecutor] Waiting for process com.facebook.buck.util.ListeningProcessExecutor$LaunchedProcessImpl@3a3944c6 timeout 1000 MILLISECONDS
[2019-04-13 16:32:52.819][debug][command:null][tid:4671][com.facebook.buck.util.ListeningProcessExecutor] Wait for process returned 0
[2019-04-13 16:32:52.819][debug][command:null][tid:4671][com.facebook.buck.util.ListeningProcessExecutor] Wait for process returned 0
[2019-04-13 16:32:52.819][debug][command:null][tid:4671][com.facebook.buck.util.ListeningProcessExecutor] Destroying process com.facebook.buck.util.ListeningProcessExecutor$LaunchedProcessImpl@3a3944c6 (force true)
[2019-04-13 16:32:52.819][debug][command:null][tid:4671][com.facebook.buck.util.ListeningProcessExecutor] Destroying process com.facebook.buck.util.ListeningProcessExecutor$LaunchedProcessImpl@3a3944c6 (force true)
[2019-04-13 16:32:52.819][debug][command:null][tid:4671][com.facebook.buck.util.environment.MacNetworkConfiguration] Determine WiFi SSID of device
[2019-04-13 16:32:52.819][debug][command:null][tid:4671][com.facebook.buck.util.environment.MacNetworkConfiguration] Determine WiFi SSID of device
[2019-04-13 16:32:52.822][debug][command:null][tid:4671][com.facebook.buck.util.ListeningProcessExecutor] Launching process with params ProcessExecutorParams{command=[networksetup, -getairportnetwork, en7]}
[2019-04-13 16:32:52.822][debug][command:null][tid:4671][com.facebook.buck.util.ListeningProcessExecutor] Launching process with params ProcessExecutorParams{command=[networksetup, -getairportnetwork, en7]}
[2019-04-13 16:32:52.823][debug][command:null][tid:4671][com.facebook.buck.util.ListeningProcessExecutor] Successfully launched process com.zaxxer.nuprocess.osx.OsxProcess@35d1208
[2019-04-13 16:32:52.823][debug][command:null][tid:4671][com.facebook.buck.util.ListeningProcessExecutor] Successfully launched process com.zaxxer.nuprocess.osx.OsxProcess@35d1208
[2019-04-13 16:32:52.824][debug][command:null][tid:4671][com.facebook.buck.util.ListeningProcessExecutor] Waiting for process com.facebook.buck.util.ListeningProcessExecutor$LaunchedProcessImpl@349477b0 timeout 1000 MILLISECONDS
[2019-04-13 16:32:52.824][debug][command:null][tid:4671][com.facebook.buck.util.ListeningProcessExecutor] Waiting for process com.facebook.buck.util.ListeningProcessExecutor$LaunchedProcessImpl@349477b0 timeout 1000 MILLISECONDS
[2019-04-13 16:32:52.858][debug][command:null][tid:4671][com.facebook.buck.util.ListeningProcessExecutor] Wait for process returned 10
[2019-04-13 16:32:52.858][debug][command:null][tid:4671][com.facebook.buck.util.ListeningProcessExecutor] Wait for process returned 10
[2019-04-13 16:32:52.858][debug][command:null][tid:4671][com.facebook.buck.util.ListeningProcessExecutor] Destroying process com.facebook.buck.util.ListeningProcessExecutor$LaunchedProcessImpl@349477b0 (force true)
[2019-04-13 16:32:52.858][debug][command:null][tid:4671][com.facebook.buck.util.ListeningProcessExecutor] Destroying process com.facebook.buck.util.ListeningProcessExecutor$LaunchedProcessImpl@349477b0 (force true)
[2019-04-13 16:32:53.592][debug][command:63395037-6c76-43f2-8009-dccefe55fd9d][tid:4685][com.facebook.buck.shell.ShellStep] [/Users/stevenlee/Downloads/Xcode.app/Contents/Developer/Toolchains/XcodeDefault.xctoolchain/usr/bin/clang++, @/Users/stevenlee/Downloads/BuckTest 3/buck-out/bin/BuckTest/AppBinary#binary,iphonesimulator-x86_64/linker.argsfile]: exit code: 1. os load (before, after): (1.778809, 1.778809). CPU count: 8.
stdout:

stderr:
[31mUndefined symbols for architecture x86_64:
[0m[31m  "_htmlReadMemory", referenced from:
[0m[31m      +[IntercomSDK_ITBHTMLParser attributedStringFromHTML:defaultAttributes:codeAttributes:] in Intercom(ITBHTMLParser.o)
[0m[31m  "_xmlFree", referenced from:
[0m[31m      +[IntercomSDK_ITBHTMLParser attributedStringFromNode:attributes:codeAttributes:] in Intercom(ITBHTMLParser.o)
[0m[31m  "_xmlFreeDoc", referenced from:
[0m[31m      +[IntercomSDK_ITBHTMLParser attributedStringFromHTML:defaultAttributes:codeAttributes:] in Intercom(ITBHTMLParser.o)
[0m[31m  "_xmlGetProp", referenced from:
[0m[31m      +[IntercomSDK_ITBHTMLParser attributedStringFromNode:attributes:codeAttributes:] in Intercom(ITBHTMLParser.o)
[0m[31mld: symbol(s) not found for architecture x86_64
[0m[31mclang: error: linker command failed with exit code 1 (use -v to see invocation)
[0m

[2019-04-13 16:32:53.592][warn ][command:63395037-6c76-43f2-8009-dccefe55fd9d][tid:4673][com.facebook.buck.event.listener.LoggingBuildListener] [31mUndefined symbols for architecture x86_64:
[0m[31m  "_htmlReadMemory", referenced from:
[0m[31m      +[IntercomSDK_ITBHTMLParser attributedStringFromHTML:defaultAttributes:codeAttributes:] in Intercom(ITBHTMLParser.o)
[0m[31m  "_xmlFree", referenced from:
[0m[31m      +[IntercomSDK_ITBHTMLParser attributedStringFromNode:attributes:codeAttributes:] in Intercom(ITBHTMLParser.o)
[0m[31m  "_xmlFreeDoc", referenced from:
[0m[31m      +[IntercomSDK_ITBHTMLParser attributedStringFromHTML:defaultAttributes:codeAttributes:] in Intercom(ITBHTMLParser.o)
[0m[31m  "_xmlGetProp", referenced from:
[0m[31m      +[IntercomSDK_ITBHTMLParser attributedStringFromNode:attributes:codeAttributes:] in Intercom(ITBHTMLParser.o)
[0m[31mld: symbol(s) not found for architecture x86_64
[0m[31mclang: error: linker command failed with exit code 1 (use -v to see invocation)
[0m
[2019-04-13 16:32:53.592][debug][command:63395037-6c76-43f2-8009-dccefe55fd9d][tid:4685][com.facebook.buck.core.build.engine.impl.CachingBuildRuleBuilder] Building rule [//BuckTest:AppBinary#binary,iphonesimulator-x86_64] failed.
com.facebook.buck.core.build.engine.impl.BuildRuleFailedException: com.facebook.buck.step.StepFailedException: Command failed with exit code 1.
stderr: [31mUndefined symbols for architecture x86_64:
[0m[31m  "_htmlReadMemory", referenced from:
[0m[31m      +[IntercomSDK_ITBHTMLParser attributedStringFromHTML:defaultAttributes:codeAttributes:] in Intercom(ITBHTMLParser.o)
[0m[31m  "_xmlFree", referenced from:
[0m[31m      +[IntercomSDK_ITBHTMLParser attributedStringFromNode:attributes:codeAttributes:] in Intercom(ITBHTMLParser.o)
[0m[31m  "_xmlFreeDoc", referenced from:
[0m[31m      +[IntercomSDK_ITBHTMLParser attributedStringFromHTML:defaultAttributes:codeAttributes:] in Intercom(ITBHTMLParser.o)
[0m[31m  "_xmlGetProp", referenced from:
[0m[31m      +[IntercomSDK_ITBHTMLParser attributedStringFromNode:attributes:codeAttributes:] in Intercom(ITBHTMLParser.o)
[0m[31mld: symbol(s) not found for architecture x86_64
[0m[31mclang: error: linker command failed with exit code 1 (use -v to see invocation)
[0m
  When running <c++ link>.
	at com.facebook.buck.core.build.engine.impl.CachingBuildRuleBuilder.getFailedException(CachingBuildRuleBuilder.java:1223)
	at com.facebook.buck.core.build.engine.impl.CachingBuildRuleBuilder.lambda$build$2(CachingBuildRuleBuilder.java:386)
	at com.google.common.util.concurrent.AbstractCatchingFuture$AsyncCatchingFuture.doFallback(AbstractCatchingFuture.java:172)
	at com.google.common.util.concurrent.AbstractCatchingFuture$AsyncCatchingFuture.doFallback(AbstractCatchingFuture.java:159)
	at com.google.common.util.concurrent.AbstractCatchingFuture.run(AbstractCatchingFuture.java:112)
	at com.google.common.util.concurrent.MoreExecutors$DirectExecutor.execute(MoreExecutors.java:399)
	at com.google.common.util.concurrent.AbstractFuture.executeListener(AbstractFuture.java:1016)
	at com.google.common.util.concurrent.AbstractFuture.complete(AbstractFuture.java:867)
	at com.google.common.util.concurrent.AbstractFuture.setException(AbstractFuture.java:713)
	at com.google.common.util.concurrent.AbstractTransformFuture.run(AbstractTransformFuture.java:97)
	at com.google.common.util.concurrent.MoreExecutors$DirectExecutor.execute(MoreExecutors.java:399)
	at com.google.common.util.concurrent.AbstractFuture.executeListener(AbstractFuture.java:1016)
	at com.google.common.util.concurrent.AbstractFuture.complete(AbstractFuture.java:867)
	at com.google.common.util.concurrent.AbstractFuture.setException(AbstractFuture.java:713)
	at com.google.common.util.concurrent.AbstractTransformFuture.run(AbstractTransformFuture.java:97)
	at com.google.common.util.concurrent.MoreExecutors$DirectExecutor.execute(MoreExecutors.java:399)
	at com.google.common.util.concurrent.AbstractFuture.executeListener(AbstractFuture.java:1016)
	at com.google.common.util.concurrent.AbstractFuture.complete(AbstractFuture.java:867)
	at com.google.common.util.concurrent.AbstractFuture.setFuture(AbstractFuture.java:754)
	at com.google.common.util.concurrent.TrustedListenableFutureTask$TrustedFutureInterruptibleAsyncTask.afterRanInterruptibly(TrustedListenableFutureTask.java:170)
	at com.google.common.util.concurrent.TrustedListenableFutureTask$TrustedFutureInterruptibleAsyncTask.afterRanInterruptibly(TrustedListenableFutureTask.java:145)
	at com.google.common.util.concurrent.InterruptibleTask.run(InterruptibleTask.java:80)
	at com.google.common.util.concurrent.TrustedListenableFutureTask.run(TrustedListenableFutureTask.java:80)
	at com.facebook.buck.util.concurrent.WeightedListeningExecutorService.lambda$submit$2(WeightedListeningExecutorService.java:100)
	at com.facebook.buck.util.concurrent.WeightedListeningExecutorService.lambda$submitWithSemaphore$0(WeightedListeningExecutorService.java:74)
	at com.google.common.util.concurrent.AbstractTransformFuture$AsyncTransformFuture.doTransform(AbstractTransformFuture.java:206)
	at com.google.common.util.concurrent.AbstractTransformFuture$AsyncTransformFuture.doTransform(AbstractTransformFuture.java:195)
	at com.google.common.util.concurrent.AbstractTransformFuture.run(AbstractTransformFuture.java:115)
	at com.google.common.util.concurrent.MoreExecutors$5$1.run(MoreExecutors.java:999)
	at java.util.concurrent.ThreadPoolExecutor.runWorker(ThreadPoolExecutor.java:1149)
	at java.util.concurrent.ThreadPoolExecutor$Worker.run(ThreadPoolExecutor.java:624)
	at java.lang.Thread.run(Thread.java:748)
Caused by: com.facebook.buck.step.StepFailedException: Command failed with exit code 1.
stderr: [31mUndefined symbols for architecture x86_64:
[0m[31m  "_htmlReadMemory", referenced from:
[0m[31m      +[IntercomSDK_ITBHTMLParser attributedStringFromHTML:defaultAttributes:codeAttributes:] in Intercom(ITBHTMLParser.o)
[0m[31m  "_xmlFree", referenced from:
[0m[31m      +[IntercomSDK_ITBHTMLParser attributedStringFromNode:attributes:codeAttributes:] in Intercom(ITBHTMLParser.o)
[0m[31m  "_xmlFreeDoc", referenced from:
[0m[31m      +[IntercomSDK_ITBHTMLParser attributedStringFromHTML:defaultAttributes:codeAttributes:] in Intercom(ITBHTMLParser.o)
[0m[31m  "_xmlGetProp", referenced from:
[0m[31m      +[IntercomSDK_ITBHTMLParser attributedStringFromNode:attributes:codeAttributes:] in Intercom(ITBHTMLParser.o)
[0m[31mld: symbol(s) not found for architecture x86_64
[0m[31mclang: error: linker command failed with exit code 1 (use -v to see invocation)
[0m
  When running <c++ link>.
	at com.facebook.buck.step.StepFailedException.createForFailingStepWithException(StepFailedException.java:57)
	at com.facebook.buck.step.StepFailedException.createForFailingStepWithExitCode(StepFailedException.java:51)
	at com.facebook.buck.step.DefaultStepRunner.runStepForBuildTarget(DefaultStepRunner.java:54)
	at com.facebook.buck.core.build.engine.impl.CachingBuildRuleBuilder$BuildRuleSteps.executeCommands(CachingBuildRuleBuilder.java:1449)
	at com.facebook.buck.core.build.engine.impl.CachingBuildRuleBuilder$BuildRuleSteps.runWithDefaultExecutor(CachingBuildRuleBuilder.java:1411)
	at com.facebook.buck.core.build.engine.impl.CachingBuildRuleBuilder$2.runWithDefaultBehavior(CachingBuildRuleBuilder.java:850)
	at com.google.common.util.concurrent.TrustedListenableFutureTask$TrustedFutureInterruptibleAsyncTask.runInterruptibly(TrustedListenableFutureTask.java:162)
	at com.google.common.util.concurrent.TrustedListenableFutureTask$TrustedFutureInterruptibleAsyncTask.runInterruptibly(TrustedListenableFutureTask.java:145)
	at com.google.common.util.concurrent.InterruptibleTask.run(InterruptibleTask.java:57)
	... 10 more
Caused by: com.facebook.buck.core.exceptions.HumanReadableException: Command failed with exit code 1.
stderr: [31mUndefined symbols for architecture x86_64:
[0m[31m  "_htmlReadMemory", referenced from:
[0m[31m      +[IntercomSDK_ITBHTMLParser attributedStringFromHTML:defaultAttributes:codeAttributes:] in Intercom(ITBHTMLParser.o)
[0m[31m  "_xmlFree", referenced from:
[0m[31m      +[IntercomSDK_ITBHTMLParser attributedStringFromNode:attributes:codeAttributes:] in Intercom(ITBHTMLParser.o)
[0m[31m  "_xmlFreeDoc", referenced from:
[0m[31m      +[IntercomSDK_ITBHTMLParser attributedStringFromHTML:defaultAttributes:codeAttributes:] in Intercom(ITBHTMLParser.o)
[0m[31m  "_xmlGetProp", referenced from:
[0m[31m      +[IntercomSDK_ITBHTMLParser attributedStringFromNode:attributes:codeAttributes:] in Intercom(ITBHTMLParser.o)
[0m[31mld: symbol(s) not found for architecture x86_64
[0m[31mclang: error: linker command failed with exit code 1 (use -v to see invocation)
[0m
	at com.facebook.buck.step.StepFailedException.createForFailingStepWithExitCode(StepFailedException.java:52)
	... 17 more

[2019-04-13 16:32:53.594][info ][command:63395037-6c76-43f2-8009-dccefe55fd9d][tid:4673][com.facebook.buck.event.listener.LoggingBuildListener] Build finished at 2019-04-13 16:32:53.593
[2019-04-13 16:32:53.594][debug][command:63395037-6c76-43f2-8009-dccefe55fd9d][tid:4667][com.facebook.buck.util.perf.ProcessTracker] shutDown
[2019-04-13 16:32:53.594][debug][command:null][tid:4666][com.google.common.util.concurrent.ServiceManager] Service PerfStatsTracking [TERMINATED] has terminated. Previous state was: STOPPING
[2019-04-13 16:32:53.594][debug][command:null][tid:4666][com.google.common.util.concurrent.ServiceManager] Service PerfStatsTracking [TERMINATED] has terminated. Previous state was: STOPPING
[2019-04-13 16:32:53.594][debug][command:63395037-6c76-43f2-8009-dccefe55fd9d][tid:14][com.facebook.buck.event.listener.RenderingConsole] Stopping render scheduler
[2019-04-13 16:32:53.595][info ][command:63395037-6c76-43f2-8009-dccefe55fd9d][tid:14][com.facebook.buck.cli.Main] Awaiting termination of PROJECT executor service. Waiting for all jobs to complete, or up to maximum of 60 seconds...
[2019-04-13 16:32:53.595][info ][command:63395037-6c76-43f2-8009-dccefe55fd9d][tid:14][com.facebook.buck.cli.Main] Successfully terminated PROJECT executor service.
[2019-04-13 16:32:53.595][info ][command:63395037-6c76-43f2-8009-dccefe55fd9d][tid:14][com.facebook.buck.cli.Main] Awaiting termination of NETWORK executor service. Waiting for all jobs to complete, or up to maximum of 60 seconds...
[2019-04-13 16:32:53.595][info ][command:63395037-6c76-43f2-8009-dccefe55fd9d][tid:14][com.facebook.buck.cli.Main] Successfully terminated NETWORK executor service.
[2019-04-13 16:32:53.595][info ][command:63395037-6c76-43f2-8009-dccefe55fd9d][tid:14][com.facebook.buck.cli.Main] Awaiting termination of CPU executor service. Waiting for all jobs to complete, or up to maximum of 60 seconds...
[2019-04-13 16:32:53.595][info ][command:63395037-6c76-43f2-8009-dccefe55fd9d][tid:14][com.facebook.buck.cli.Main] Successfully terminated CPU executor service.
[2019-04-13 16:32:53.596][info ][command:63395037-6c76-43f2-8009-dccefe55fd9d][tid:14][com.facebook.buck.cli.Main] Awaiting termination of ScheduledExecutorService executor service. Waiting for all jobs to complete, or up to maximum of 60 seconds...
[2019-04-13 16:32:53.596][info ][command:63395037-6c76-43f2-8009-dccefe55fd9d][tid:14][com.facebook.buck.cli.Main] Successfully terminated ScheduledExecutorService executor service.
[2019-04-13 16:32:53.596][info ][command:63395037-6c76-43f2-8009-dccefe55fd9d][tid:14][com.facebook.buck.cli.Main] Awaiting termination of CounterAggregatorExecutor executor service. Waiting for all jobs to complete, or up to maximum of 20 seconds...
[2019-04-13 16:32:53.596][debug][command:63395037-6c76-43f2-8009-dccefe55fd9d][tid:4667][com.google.common.util.concurrent.ServiceManager] Service ProcessTracker [TERMINATED] has terminated. Previous state was: STOPPING
[2019-04-13 16:32:53.596][info ][command:63395037-6c76-43f2-8009-dccefe55fd9d][tid:14][com.facebook.buck.cli.Main] Successfully terminated CounterAggregatorExecutor executor service.
[2019-04-13 16:32:53.596][info ][command:63395037-6c76-43f2-8009-dccefe55fd9d][tid:14][com.facebook.buck.cli.Main] Awaiting termination of HTTP Read executor service. Waiting for all jobs to complete, or up to maximum of 1800 seconds...
[2019-04-13 16:32:53.596][info ][command:63395037-6c76-43f2-8009-dccefe55fd9d][tid:14][com.facebook.buck.cli.Main] Successfully terminated HTTP Read executor service.
[2019-04-13 16:32:53.596][info ][command:63395037-6c76-43f2-8009-dccefe55fd9d][tid:14][com.facebook.buck.cli.Main] Awaiting termination of Download Heavy Build HTTP Read executor service. Waiting for all jobs to complete, or up to maximum of 1800 seconds...
[2019-04-13 16:32:53.596][info ][command:63395037-6c76-43f2-8009-dccefe55fd9d][tid:14][com.facebook.buck.cli.Main] Successfully terminated Download Heavy Build HTTP Read executor service.
[2019-04-13 16:32:53.596][info ][command:63395037-6c76-43f2-8009-dccefe55fd9d][tid:14][com.facebook.buck.cli.Main] Awaiting termination of HTTP Write executor service. Waiting for all jobs to complete, or up to maximum of 1800 seconds...
[2019-04-13 16:32:53.596][info ][command:63395037-6c76-43f2-8009-dccefe55fd9d][tid:14][com.facebook.buck.cli.Main] Successfully terminated HTTP Write executor service.
[2019-04-13 16:32:53.596][info ][command:63395037-6c76-43f2-8009-dccefe55fd9d][tid:14][com.facebook.buck.cli.Main] Awaiting termination of Disk IO executor service. Waiting for all jobs to complete, or up to maximum of 10 seconds...
[2019-04-13 16:32:53.596][info ][command:63395037-6c76-43f2-8009-dccefe55fd9d][tid:14][com.facebook.buck.cli.Main] Successfully terminated Disk IO executor service.
[2019-04-13 16:32:53.596][debug][command:null][tid:81][com.facebook.buck.io.AsynchronousDirectoryContentsCleaner] Starting to clean buck-out/.trash
[2019-04-13 16:32:53.596][debug][command:null][tid:81][com.facebook.buck.io.AsynchronousDirectoryContentsCleaner] Starting to clean buck-out/.trash
[2019-04-13 16:32:53.596][debug][command:null][tid:81][com.facebook.buck.io.AsynchronousDirectoryContentsCleaner] Done cleaning buck-out/.trash
[2019-04-13 16:32:53.596][debug][command:null][tid:81][com.facebook.buck.io.AsynchronousDirectoryContentsCleaner] Done cleaning buck-out/.trash
[2019-04-13 16:32:53.596][debug][command:null][tid:3053][com.facebook.buck.event.listener.ChromeTraceBuildListener] Writing Chrome trace to buck-out/log/2019-04-13_08h32m52s_buildcommand_63395037-6c76-43f2-8009-dccefe55fd9d/build.2019-04-13.16-32-52.63395037-6c76-43f2-8009-dccefe55fd9d.trace
[2019-04-13 16:32:53.600][warn ][command:null][tid:14][com.facebook.buck.cli.Main] Command failed:
com.facebook.buck.command.Build$BuildExecutionException: com.facebook.buck.core.build.engine.impl.BuildRuleFailedException: com.facebook.buck.step.StepFailedException: Command failed with exit code 1.
stderr: [31mUndefined symbols for architecture x86_64:
[0m[31m  "_htmlReadMemory", referenced from:
[0m[31m      +[IntercomSDK_ITBHTMLParser attributedStringFromHTML:defaultAttributes:codeAttributes:] in Intercom(ITBHTMLParser.o)
[0m[31m  "_xmlFree", referenced from:
[0m[31m      +[IntercomSDK_ITBHTMLParser attributedStringFromNode:attributes:codeAttributes:] in Intercom(ITBHTMLParser.o)
[0m[31m  "_xmlFreeDoc", referenced from:
[0m[31m      +[IntercomSDK_ITBHTMLParser attributedStringFromHTML:defaultAttributes:codeAttributes:] in Intercom(ITBHTMLParser.o)
[0m[31m  "_xmlGetProp", referenced from:
[0m[31m      +[IntercomSDK_ITBHTMLParser attributedStringFromNode:attributes:codeAttributes:] in Intercom(ITBHTMLParser.o)
[0m[31mld: symbol(s) not found for architecture x86_64
[0m[31mclang: error: linker command failed with exit code 1 (use -v to see invocation)
[0m
  When running <c++ link>.
	at com.facebook.buck.command.Build.waitForBuildToFinish(Build.java:323)
	at com.facebook.buck.command.Build.waitForBuildToFinishAndPrintFailuresToEventBus(Build.java:421)
	at com.facebook.buck.command.Build.executeAndPrintFailuresToEventBus(Build.java:144)
	at com.facebook.buck.command.LocalBuildExecutor.buildTargets(LocalBuildExecutor.java:148)
	at com.facebook.buck.cli.BuildCommand.executeLocalBuild(BuildCommand.java:761)
	at com.facebook.buck.cli.BuildCommand.executeBuildAndProcessResult(BuildCommand.java:458)
	at com.facebook.buck.cli.BuildCommand.run(BuildCommand.java:372)
	at com.facebook.buck.cli.BuildCommand.runWithoutHelp(BuildCommand.java:338)
	at com.facebook.buck.cli.AbstractCommand.run(AbstractCommand.java:242)
	at com.facebook.buck.cli.AbstractContainerCommand.run(AbstractContainerCommand.java:79)
	at com.facebook.buck.cli.Main.runMainWithExitCode(Main.java:1300)
	at com.facebook.buck.cli.Main.runMainThenExit(Main.java:464)
	at com.facebook.buck.cli.Main.nailMain(Main.java:2412)
	at sun.reflect.NativeMethodAccessorImpl.invoke0(Native Method)
	at sun.reflect.NativeMethodAccessorImpl.invoke(NativeMethodAccessorImpl.java:62)
	at sun.reflect.DelegatingMethodAccessorImpl.invoke(DelegatingMethodAccessorImpl.java:43)
	at java.lang.reflect.Method.invoke(Method.java:498)
	at com.facebook.nailgun.NGSession.runImpl(NGSession.java:313)
	at com.facebook.nailgun.NGSession.run(NGSession.java:199)
Caused by: com.facebook.buck.core.build.engine.impl.BuildRuleFailedException: com.facebook.buck.step.StepFailedException: Command failed with exit code 1.
stderr: [31mUndefined symbols for architecture x86_64:
[0m[31m  "_htmlReadMemory", referenced from:
[0m[31m      +[IntercomSDK_ITBHTMLParser attributedStringFromHTML:defaultAttributes:codeAttributes:] in Intercom(ITBHTMLParser.o)
[0m[31m  "_xmlFree", referenced from:
[0m[31m      +[IntercomSDK_ITBHTMLParser attributedStringFromNode:attributes:codeAttributes:] in Intercom(ITBHTMLParser.o)
[0m[31m  "_xmlFreeDoc", referenced from:
[0m[31m      +[IntercomSDK_ITBHTMLParser attributedStringFromHTML:defaultAttributes:codeAttributes:] in Intercom(ITBHTMLParser.o)
[0m[31m  "_xmlGetProp", referenced from:
[0m[31m      +[IntercomSDK_ITBHTMLParser attributedStringFromNode:attributes:codeAttributes:] in Intercom(ITBHTMLParser.o)
[0m[31mld: symbol(s) not found for architecture x86_64
[0m[31mclang: error: linker command failed with exit code 1 (use -v to see invocation)
[0m
  When running <c++ link>.
	at com.facebook.buck.core.build.engine.impl.CachingBuildRuleBuilder.getFailedException(CachingBuildRuleBuilder.java:1223)
	at com.facebook.buck.core.build.engine.impl.CachingBuildRuleBuilder.lambda$build$2(CachingBuildRuleBuilder.java:386)
	at com.google.common.util.concurrent.AbstractCatchingFuture$AsyncCatchingFuture.doFallback(AbstractCatchingFuture.java:172)
	at com.google.common.util.concurrent.AbstractCatchingFuture$AsyncCatchingFuture.doFallback(AbstractCatchingFuture.java:159)
	at com.google.common.util.concurrent.AbstractCatchingFuture.run(AbstractCatchingFuture.java:112)
	at com.google.common.util.concurrent.MoreExecutors$DirectExecutor.execute(MoreExecutors.java:399)
	at com.google.common.util.concurrent.AbstractFuture.executeListener(AbstractFuture.java:1016)
	at com.google.common.util.concurrent.AbstractFuture.complete(AbstractFuture.java:867)
	at com.google.common.util.concurrent.AbstractFuture.setException(AbstractFuture.java:713)
	at com.google.common.util.concurrent.AbstractTransformFuture.run(AbstractTransformFuture.java:97)
	at com.google.common.util.concurrent.MoreExecutors$DirectExecutor.execute(MoreExecutors.java:399)
	at com.google.common.util.concurrent.AbstractFuture.executeListener(AbstractFuture.java:1016)
	at com.google.common.util.concurrent.AbstractFuture.complete(AbstractFuture.java:867)
	at com.google.common.util.concurrent.AbstractFuture.setException(AbstractFuture.java:713)
	at com.google.common.util.concurrent.AbstractTransformFuture.run(AbstractTransformFuture.java:97)
	at com.google.common.util.concurrent.MoreExecutors$DirectExecutor.execute(MoreExecutors.java:399)
	at com.google.common.util.concurrent.AbstractFuture.executeListener(AbstractFuture.java:1016)
	at com.google.common.util.concurrent.AbstractFuture.complete(AbstractFuture.java:867)
	at com.google.common.util.concurrent.AbstractFuture.setFuture(AbstractFuture.java:754)
	at com.google.common.util.concurrent.TrustedListenableFutureTask$TrustedFutureInterruptibleAsyncTask.afterRanInterruptibly(TrustedListenableFutureTask.java:170)
	at com.google.common.util.concurrent.TrustedListenableFutureTask$TrustedFutureInterruptibleAsyncTask.afterRanInterruptibly(TrustedListenableFutureTask.java:145)
	at com.google.common.util.concurrent.InterruptibleTask.run(InterruptibleTask.java:80)
	at com.google.common.util.concurrent.TrustedListenableFutureTask.run(TrustedListenableFutureTask.java:80)
	at com.facebook.buck.util.concurrent.WeightedListeningExecutorService.lambda$submit$2(WeightedListeningExecutorService.java:100)
	at com.facebook.buck.util.concurrent.WeightedListeningExecutorService.lambda$submitWithSemaphore$0(WeightedListeningExecutorService.java:74)
	at com.google.common.util.concurrent.AbstractTransformFuture$AsyncTransformFuture.doTransform(AbstractTransformFuture.java:206)
	at com.google.common.util.concurrent.AbstractTransformFuture$AsyncTransformFuture.doTransform(AbstractTransformFuture.java:195)
	at com.google.common.util.concurrent.AbstractTransformFuture.run(AbstractTransformFuture.java:115)
	at com.google.common.util.concurrent.MoreExecutors$5$1.run(MoreExecutors.java:999)
	at java.util.concurrent.ThreadPoolExecutor.runWorker(ThreadPoolExecutor.java:1149)
	at java.util.concurrent.ThreadPoolExecutor$Worker.run(ThreadPoolExecutor.java:624)
	at java.lang.Thread.run(Thread.java:748)
Caused by: com.facebook.buck.step.StepFailedException: Command failed with exit code 1.
stderr: [31mUndefined symbols for architecture x86_64:
[0m[31m  "_htmlReadMemory", referenced from:
[0m[31m      +[IntercomSDK_ITBHTMLParser attributedStringFromHTML:defaultAttributes:codeAttributes:] in Intercom(ITBHTMLParser.o)
[0m[31m  "_xmlFree", referenced from:
[0m[31m      +[IntercomSDK_ITBHTMLParser attributedStringFromNode:attributes:codeAttributes:] in Intercom(ITBHTMLParser.o)
[0m[31m  "_xmlFreeDoc", referenced from:
[0m[31m      +[IntercomSDK_ITBHTMLParser attributedStringFromHTML:defaultAttributes:codeAttributes:] in Intercom(ITBHTMLParser.o)
[0m[31m  "_xmlGetProp", referenced from:
[0m[31m      +[IntercomSDK_ITBHTMLParser attributedStringFromNode:attributes:codeAttributes:] in Intercom(ITBHTMLParser.o)
[0m[31mld: symbol(s) not found for architecture x86_64
[0m[31mclang: error: linker command failed with exit code 1 (use -v to see invocation)
[0m
  When running <c++ link>.
	at com.facebook.buck.step.StepFailedException.createForFailingStepWithException(StepFailedException.java:57)
	at com.facebook.buck.step.StepFailedException.createForFailingStepWithExitCode(StepFailedException.java:51)
	at com.facebook.buck.step.DefaultStepRunner.runStepForBuildTarget(DefaultStepRunner.java:54)
	at com.facebook.buck.core.build.engine.impl.CachingBuildRuleBuilder$BuildRuleSteps.executeCommands(CachingBuildRuleBuilder.java:1449)
	at com.facebook.buck.core.build.engine.impl.CachingBuildRuleBuilder$BuildRuleSteps.runWithDefaultExecutor(CachingBuildRuleBuilder.java:1411)
	at com.facebook.buck.core.build.engine.impl.CachingBuildRuleBuilder$2.runWithDefaultBehavior(CachingBuildRuleBuilder.java:850)
	at com.google.common.util.concurrent.TrustedListenableFutureTask$TrustedFutureInterruptibleAsyncTask.runInterruptibly(TrustedListenableFutureTask.java:162)
	at com.google.common.util.concurrent.TrustedListenableFutureTask$TrustedFutureInterruptibleAsyncTask.runInterruptibly(TrustedListenableFutureTask.java:145)
	at com.google.common.util.concurrent.InterruptibleTask.run(InterruptibleTask.java:57)
	... 10 more
Caused by: com.facebook.buck.core.exceptions.HumanReadableException: Command failed with exit code 1.
stderr: [31mUndefined symbols for architecture x86_64:
[0m[31m  "_htmlReadMemory", referenced from:
[0m[31m      +[IntercomSDK_ITBHTMLParser attributedStringFromHTML:defaultAttributes:codeAttributes:] in Intercom(ITBHTMLParser.o)
[0m[31m  "_xmlFree", referenced from:
[0m[31m      +[IntercomSDK_ITBHTMLParser attributedStringFromNode:attributes:codeAttributes:] in Intercom(ITBHTMLParser.o)
[0m[31m  "_xmlFreeDoc", referenced from:
[0m[31m      +[IntercomSDK_ITBHTMLParser attributedStringFromHTML:defaultAttributes:codeAttributes:] in Intercom(ITBHTMLParser.o)
[0m[31m  "_xmlGetProp", referenced from:
[0m[31m      +[IntercomSDK_ITBHTMLParser attributedStringFromNode:attributes:codeAttributes:] in Intercom(ITBHTMLParser.o)
[0m[31mld: symbol(s) not found for architecture x86_64
[0m[31mclang: error: linker command failed with exit code 1 (use -v to see invocation)
[0m
	at com.facebook.buck.step.StepFailedException.createForFailingStepWithExitCode(StepFailedException.java:52)
	... 17 more

[2019-04-13 16:32:53.600][warn ][command:null][tid:14][com.facebook.buck.util.Console] Command failure: Command failed with exit code 1.
stderr: [31mUndefined symbols for architecture x86_64:
[0m[31m  "_htmlReadMemory", referenced from:
[0m[31m      +[IntercomSDK_ITBHTMLParser attributedStringFromHTML:defaultAttributes:codeAttributes:] in Intercom(ITBHTMLParser.o)
[0m[31m  "_xmlFree", referenced from:
[0m[31m      +[IntercomSDK_ITBHTMLParser attributedStringFromNode:attributes:codeAttributes:] in Intercom(ITBHTMLParser.o)
[0m[31m  "_xmlFreeDoc", referenced from:
[0m[31m      +[IntercomSDK_ITBHTMLParser attributedStringFromHTML:defaultAttributes:codeAttributes:] in Intercom(ITBHTMLParser.o)
[0m[31m  "_xmlGetProp", referenced from:
[0m[31m      +[IntercomSDK_ITBHTMLParser attributedStringFromNode:attributes:codeAttributes:] in Intercom(ITBHTMLParser.o)
[0m[31mld: symbol(s) not found for architecture x86_64
[0m[31mclang: error: linker command failed with exit code 1 (use -v to see invocation)
[0m
    When running <c++ link>.
    When building rule //BuckTest:AppBinary#binary,iphonesimulator-x86_64.
[2019-04-13 16:32:53.600][debug][command:null][tid:14][com.facebook.buck.cli.Main] Done.
[2019-04-13 16:32:53.601][info ][command:null][tid:14][com.facebook.nailgun.NGSession] Nail cleanly exited with status 1
[2019-04-13 16:32:53.601][debug][command:null][tid:14][com.facebook.nailgun.NGCommunicator] Shutting down socket for input
[2019-04-13 16:32:53.601][debug][command:null][tid:14][com.facebook.nailgun.NGCommunicator] Shutting down socket for output
[2019-04-13 16:32:53.601][debug][command:null][tid:14][com.facebook.nailgun.NGCommunicator] Shutting down read ExecutorService
[2019-04-13 16:32:53.601][debug][command:null][tid:14][com.facebook.nailgun.NGCommunicator] Shutting down orchestrator ExecutorService
[2019-04-13 16:32:53.601][debug][command:null][tid:4658][com.facebook.nailgun.NGCommunicator] Socket is disconnected
[2019-04-13 16:32:53.601][debug][command:null][tid:4658][com.facebook.nailgun.NGCommunicator] Nailgun client disconnected
[2019-04-13 16:32:53.601][debug][command:null][tid:4658][com.facebook.nailgun.NGCommunicator] Orchestrator thread finished
[2019-04-13 16:32:53.602][debug][command:null][tid:14][com.facebook.nailgun.NGSession] NGSession 1 is closing client socket
[2019-04-13 16:35:58.648][debug][command:null][tid:14][com.facebook.nailgun.NGSession] NGSession 1 accepted new connection
[2019-04-13 16:35:58.650][debug][command:null][tid:4689][com.facebook.nailgun.NGCommunicator] Orchestrator thread started
[2019-04-13 16:35:58.650][debug][command:null][tid:14][com.facebook.nailgun.NGCommunicator] Shutting down socket for input
[2019-04-13 16:35:58.651][debug][command:null][tid:14][com.facebook.nailgun.NGCommunicator] Shutting down socket for output
[2019-04-13 16:35:58.651][debug][command:null][tid:14][com.facebook.nailgun.NGCommunicator] Shutting down read ExecutorService
[2019-04-13 16:35:58.651][debug][command:null][tid:14][com.facebook.nailgun.NGCommunicator] Shutting down orchestrator ExecutorService
[2019-04-13 16:35:58.651][debug][command:null][tid:4689][com.facebook.nailgun.NGCommunicator] Socket is disconnected
[2019-04-13 16:35:58.651][debug][command:null][tid:4689][com.facebook.nailgun.NGCommunicator] Nailgun client disconnected
[2019-04-13 16:35:58.651][debug][command:null][tid:4689][com.facebook.nailgun.NGCommunicator] Orchestrator thread finished
[2019-04-13 16:35:58.651][debug][command:null][tid:14][com.facebook.nailgun.NGSession] NGSession 1 is closing client socket
[2019-04-13 16:35:58.663][debug][command:null][tid:14][com.facebook.nailgun.NGSession] NGSession 1 accepted new connection
[2019-04-13 16:35:58.666][debug][command:null][tid:4691][com.facebook.nailgun.NGCommunicator] Orchestrator thread started
[2019-04-13 16:35:58.666][debug][command:null][tid:14][com.facebook.buck.util.config.Configs] Loading configuration for /Users/stevenlee/Downloads/BuckTest 3
[2019-04-13 16:35:58.667][debug][command:null][tid:14][com.facebook.buck.util.config.Configs] Loaded project configuration file /Users/stevenlee/Downloads/BuckTest 3/.buckconfig
[2019-04-13 16:35:58.667][debug][command:null][tid:14][com.facebook.buck.util.config.Configs] Adding configuration overrides RawConfig{values={}}
[2019-04-13 16:35:58.669][debug][command:null][tid:14][com.facebook.buck.cli.Main] Rotating log.
[2019-04-13 16:35:58.672][debug][command:null][tid:14][com.facebook.buck.cli.Main] Starting up (build date 1970-01-01 07:29:59 +0730, rev ad23befe7c1a36c999860af0af69e726f1c8e423), args: [build, //BuckTest:BuckTest]
[2019-04-13 16:35:58.677][debug][command:null][tid:14][com.facebook.buck.cli.Main] System properties: {java.vendor=Oracle Corporation, sun.java.launcher=SUN_STANDARD, sun.management.compiler=HotSpot 64-Bit Tiered Compilers, jnidispatch.path=/Users/stevenlee/Downloads/BuckTest 3/.buckd/tmp/buck_run.MYLnMR/jna-1522160945/jna7580457604094113883.tmp, os.name=Mac OS X, buck.enable_objc=true, sun.boot.class.path=/Library/Java/JavaVirtualMachines/jdk1.8.0_201.jdk/Contents/Home/jre/lib/resources.jar:/Library/Java/JavaVirtualMachines/jdk1.8.0_201.jdk/Contents/Home/jre/lib/rt.jar:/Library/Java/JavaVirtualMachines/jdk1.8.0_201.jdk/Contents/Home/jre/lib/sunrsasign.jar:/Library/Java/JavaVirtualMachines/jdk1.8.0_201.jdk/Contents/Home/jre/lib/jsse.jar:/Library/Java/JavaVirtualMachines/jdk1.8.0_201.jdk/Contents/Home/jre/lib/jce.jar:/Library/Java/JavaVirtualMachines/jdk1.8.0_201.jdk/Contents/Home/jre/lib/charsets.jar:/Library/Java/JavaVirtualMachines/jdk1.8.0_201.jdk/Contents/Home/jre/lib/jfr.jar:/Library/Java/JavaVirtualMachines/jdk1.8.0_201.jdk/Contents/Home/jre/classes, user.country.format=SG, buck.module.resources=/Users/stevenlee/Downloads/BuckTest 3/.buckd/resources/ad23befe7c1a36c999860af0af69e726f1c8e423/buck-modules-resources, pf4j.pluginsDir=/Users/stevenlee/Downloads/BuckTest 3/.buckd/resources/ad23befe7c1a36c999860af0af69e726f1c8e423/buck-modules, buck.resource_lock_path=/Users/stevenlee/Downloads/BuckTest 3/.buckd/resources/ad23befe7c1a36c999860af0af69e726f1c8e423/.buck_lock, buck.path_to_isolated_trampoline=/Users/stevenlee/Downloads/BuckTest 3/.buckd/resources/ad23befe7c1a36c999860af0af69e726f1c8e423/path_to_isolated_trampoline, java.vm.specification.vendor=Oracle Corporation, java.runtime.version=1.8.0_201-b09, jna.loaded=true, buck.testrunner_classes=/Users/stevenlee/Downloads/BuckTest 3/.buckd/resources/ad23befe7c1a36c999860af0af69e726f1c8e423/testrunner_classes, buck.logging_config_file=/Users/stevenlee/Downloads/BuckTest 3/.buckd/resources/ad23befe7c1a36c999860af0af69e726f1c8e423/logging_config_file, buck.path_to_sh_binary_template=/Users/stevenlee/Downloads/BuckTest 3/.buckd/resources/ad23befe7c1a36c999860af0af69e726f1c8e423/path_to_sh_binary_template, user.name=stevenlee, com.facebook.nailgun.NGServer.outputPath=/Users/stevenlee/Downloads/BuckTest 3/.buckd/tmp/buck_run.MYLnMR/ngserver-out, buck.path_to_pywatchman=/Users/stevenlee/Downloads/BuckTest 3/.buckd/resources/ad23befe7c1a36c999860af0af69e726f1c8e423/path_to_pywatchman, buck.report_generator_jar=/Users/stevenlee/Downloads/BuckTest 3/.buckd/resources/ad23befe7c1a36c999860af0af69e726f1c8e423/report_generator_jar, buck.git_commit=ad23befe7c1a36c999860af0af69e726f1c8e423, user.language=en, sun.boot.library.path=/Library/Java/JavaVirtualMachines/jdk1.8.0_201.jdk/Contents/Home/jre/lib, jna.nosys=true, java.version=1.8.0_201, user.timezone=Asia/Singapore, buck.test_util_no_tests_dir=true, sun.arch.data.model=64, http.nonProxyHosts=local|*.local|169.254/16|*.169.254/16, java.endorsed.dirs=/Library/Java/JavaVirtualMachines/jdk1.8.0_201.jdk/Contents/Home/jre/lib/endorsed, sun.cpu.isalist=, sun.jnu.encoding=UTF-8, file.encoding.pkg=sun.io, file.separator=/, java.specification.name=Java Platform API Specification, buck.jacoco_agent_jar=/Users/stevenlee/Downloads/BuckTest 3/.buckd/resources/ad23befe7c1a36c999860af0af69e726f1c8e423/jacoco_agent_jar, java.class.version=52.0, user.country=GB, buck.binary_hash=dbcee53f32f7fa760cef191b77064a13, java.home=/Library/Java/JavaVirtualMachines/jdk1.8.0_201.jdk/Contents/Home/jre, buck.fix_script=/Users/stevenlee/Downloads/BuckTest 3/.buckd/resources/ad23befe7c1a36c999860af0af69e726f1c8e423/fix_script, java.vm.info=mixed mode, os.version=10.14.4, buck.version_uid=ad23befe7c1a36c999860af0af69e726f1c8e423, org.eclipse.jetty.util.log.class=org.eclipse.jetty.util.log.JavaUtilLog, path.separator=:, java.vm.version=25.201-b09, java.awt.printerjob=sun.lwawt.macosx.CPrinterJob, sun.io.unicode.encoding=UnicodeBig, awt.toolkit=sun.lwawt.macosx.LWCToolkit, buck.mode=package, buck.buck_build_type_info=/Users/stevenlee/Downloads/BuckTest 3/.buckd/resources/ad23befe7c1a36c999860af0af69e726f1c8e423/buck_build_type_info, socksNonProxyHosts=local|*.local|169.254/16|*.169.254/16, ftp.nonProxyHosts=local|*.local|169.254/16|*.169.254/16, buck.dx=/Users/stevenlee/Downloads/BuckTest 3/.buckd/resources/ad23befe7c1a36c999860af0af69e726f1c8e423/dx, buck.git_commit_timestamp=-1, user.home=/Users/stevenlee, java.specification.vendor=Oracle Corporation, buck.git_dirty=0, java.library.path=/Users/stevenlee/Downloads/BuckTest 3/.buckd/resources/ad23befe7c1a36c999860af0af69e726f1c8e423, java.vendor.url=http://java.oracle.com/, java.vm.vendor=Oracle Corporation, gopherProxySet=false, java.runtime.name=Java(TM) SE Runtime Environment, sun.java.command=com.facebook.buck.cli.bootstrapper.ClassLoaderBootstrapper com.facebook.buck.cli.Main$DaemonBootstrap local:.buckd/sock 180000, java.class.path=/Users/stevenlee/Downloads/BuckTest 3/.buckd/resources/ad23befe7c1a36c999860af0af69e726f1c8e423/bootstrapper_jar, buck.buckd_dir=/Users/stevenlee/Downloads/BuckTest 3/.buckd, buck.path_to_pathlib_py=/Users/stevenlee/Downloads/BuckTest 3/.buckd/resources/ad23befe7c1a36c999860af0af69e726f1c8e423/pathlib.py, buck.buckd_launch_time_nanos=253965445725020, java.vm.specification.name=Java Virtual Machine Specification, java.vm.specification.version=1.8, sun.cpu.endian=little, sun.os.patch.level=unknown, java.awt.headless=true, java.io.tmpdir=/Users/stevenlee/Downloads/BuckTest 3/.buckd/tmp/buck_run.MYLnMR, buck.android_agent_path=/Users/stevenlee/Downloads/BuckTest 3/.buckd/resources/ad23befe7c1a36c999860af0af69e726f1c8e423/android_agent_path, java.vendor.url.bug=http://bugreport.sun.com/bugreport/, buck.path_to_python_dsl=, jna.platform.library.path=/usr/lib:/usr/lib, os.arch=x86_64, java.awt.graphicsenv=sun.awt.CGraphicsEnvironment, java.ext.dirs=/Users/stevenlee/Library/Java/Extensions:/Library/Java/JavaVirtualMachines/jdk1.8.0_201.jdk/Contents/Home/jre/lib/ext:/Library/Java/Extensions:/Network/Library/Java/Extensions:/System/Library/Java/Extensions:/usr/lib/java, java.util.logging.config.class=com.facebook.buck.cli.bootstrapper.LogConfig, buck.path_to_six_py=/Users/stevenlee/Downloads/BuckTest 3/.buckd/resources/ad23befe7c1a36c999860af0af69e726f1c8e423/six.py, user.dir=/Users/stevenlee/Downloads/BuckTest 3, java.nio.file.spi.DefaultFileSystemProvider=com.facebook.buck.cli.bootstrapper.filesystem.BuckFileSystemProvider, line.separator=
, java.vm.name=Java HotSpot(TM) 64-Bit Server VM, buck.path_to_typing=/Users/stevenlee/Downloads/BuckTest 3/.buckd/resources/ad23befe7c1a36c999860af0af69e726f1c8e423/path_to_typing, buck.native_exopackage_fake_path=/Users/stevenlee/Downloads/BuckTest 3/.buckd/resources/ad23befe7c1a36c999860af0af69e726f1c8e423/native_exopackage_fake_path, file.encoding=UTF-8, java.specification.version=1.8}
[2019-04-13 16:35:58.677][debug][command:null][tid:14][com.facebook.buck.util.config.Configs] Loading configuration for /Users/stevenlee/Downloads/BuckTest 3
[2019-04-13 16:35:58.677][debug][command:null][tid:14][com.facebook.buck.util.config.Configs] Loaded project configuration file /Users/stevenlee/Downloads/BuckTest 3/.buckconfig
[2019-04-13 16:35:58.677][debug][command:null][tid:14][com.facebook.buck.util.config.Configs] Adding configuration overrides RawConfig{values={}}
[2019-04-13 16:35:58.678][info ][command:null][tid:14][com.facebook.buck.io.watchman.WatchmanFactory] Creating for: [/Users/stevenlee/Downloads/BuckTest 3]
[2019-04-13 16:35:58.679][debug][command:null][tid:14][com.facebook.buck.io.ExecutableFinder] Executable 'watchman' mapped to 'Optional[/usr/local/bin/watchman]'
[2019-04-13 16:35:58.679][debug][command:null][tid:14][com.facebook.buck.util.ListeningProcessExecutor] Launching process with params ProcessExecutorParams{command=[/usr/local/bin/watchman, --output-encoding=bser, get-sockname]}
[2019-04-13 16:35:58.680][debug][command:null][tid:14][com.facebook.buck.util.ListeningProcessExecutor] Successfully launched process com.zaxxer.nuprocess.osx.OsxProcess@242d5480
[2019-04-13 16:35:58.680][debug][command:null][tid:14][com.facebook.buck.util.ListeningProcessExecutor] Waiting for process com.facebook.buck.util.ListeningProcessExecutor$LaunchedProcessImpl@3aaa385c timeout 1000000000 NANOSECONDS
[2019-04-13 16:35:58.695][debug][command:null][tid:14][com.facebook.buck.util.ListeningProcessExecutor] Wait for process returned 0
[2019-04-13 16:35:58.695][debug][command:null][tid:14][com.facebook.buck.io.watchman.WatchmanFactory] Waited 14 ms for Watchman command get-sockname, exit code 0
[2019-04-13 16:35:58.695][debug][command:null][tid:14][com.facebook.buck.io.watchman.WatchmanFactory] stdout of command: {sockname=/usr/local/var/run/watchman/stevenlee-state/sock, version=4.9.0}
[2019-04-13 16:35:58.695][info ][command:null][tid:14][com.facebook.buck.io.watchman.WatchmanFactory] Connecting to Watchman version 4.9.0 at /usr/local/var/run/watchman/stevenlee-state/sock
[2019-04-13 16:35:58.696][debug][command:null][tid:14][com.facebook.buck.io.watchman.WatchmanTransportClient] Query [version, {required=[cmd-watch-project], optional=[term-dirname, cmd-watch-project, wildmatch, wildmatch_multislash, glob_generator, clock-sync-timeout]}] returned in 0 ms
[2019-04-13 16:35:58.696][info ][command:null][tid:14][com.facebook.buck.io.watchman.WatchmanFactory] Took 0 ms to query capabilities {term-dirname=DIRNAME, cmd-watch-project=SUPPORTS_PROJECT_WATCH, wildmatch=WILDMATCH_GLOB, wildmatch_multislash=WILDMATCH_MULTISLASH, glob_generator=GLOB_GENERATOR, clock-sync-timeout=CLOCK_SYNC_TIMEOUT}
[2019-04-13 16:35:58.696][debug][command:null][tid:14][com.facebook.buck.io.watchman.WatchmanFactory] Got capabilities response: {clock-sync-timeout=true, glob_generator=true, wildmatch_multislash=false, cmd-watch-project=true, wildmatch=true, term-dirname=true}
[2019-04-13 16:35:58.696][debug][command:null][tid:14][com.facebook.buck.io.watchman.WatchmanFactory] Got Watchman capabilities: [CLOCK_SYNC_TIMEOUT, GLOB_GENERATOR, SUPPORTS_PROJECT_WATCH, WILDMATCH_GLOB, DIRNAME]
[2019-04-13 16:35:58.696][info ][command:null][tid:14][com.facebook.buck.io.watchman.WatchmanFactory] Adding watchman root: /Users/stevenlee/Downloads/BuckTest 3
[2019-04-13 16:35:58.696][debug][command:null][tid:14][com.facebook.buck.io.watchman.WatchmanTransportClient] Query [watch-project, /Users/stevenlee/Downloads/BuckTest 3] returned in 0 ms
[2019-04-13 16:35:58.696][debug][command:null][tid:14][com.facebook.buck.io.watchman.WatchmanTransportClient] Query [watch-project, /Users/stevenlee/Downloads/BuckTest 3] returned in 0 ms
[2019-04-13 16:35:58.696][info ][command:null][tid:14][com.facebook.buck.io.watchman.WatchmanFactory] Took 0 ms to add root /Users/stevenlee/Downloads/BuckTest 3
[2019-04-13 16:35:58.704][debug][command:null][tid:14][com.facebook.buck.io.watchman.WatchmanTransportClient] Query [clock, /Users/stevenlee/Downloads/BuckTest 3, {sync_timeout=100}] returned in 7 ms
[2019-04-13 16:35:58.704][info ][command:null][tid:14][com.facebook.buck.io.watchman.WatchmanFactory] Took 7 ms to query for initial clock id Optional[c:1554802630:396:1:21369]
[2019-04-13 16:35:58.704][debug][command:null][tid:14][com.facebook.buck.io.watchman.WatchmanFactory] Connected to Watchman
[2019-04-13 16:35:58.704][debug][command:null][tid:14][com.facebook.buck.io.watchman.WatchmanTransportClient] Closing Watchman transport.
[2019-04-13 16:35:58.704][debug][command:null][tid:14][com.facebook.buck.cli.Main] Watchman capabilities: [CLOCK_SYNC_TIMEOUT, GLOB_GENERATOR, SUPPORTS_PROJECT_WATCH, WILDMATCH_GLOB, DIRNAME] Project watches: {/Users/stevenlee/Downloads/BuckTest 3=ProjectWatch{watchRoot=/Users/stevenlee/Downloads/BuckTest 3}} Glob handler config: PYTHON Query timeout ms config: Optional.empty
[2019-04-13 16:35:58.720][debug][command:null][tid:14][com.facebook.buck.apple.toolchain.impl.AppleToolchainDiscovery] Searching for Xcode toolchains under /Users/stevenlee/Downloads/Xcode.app/Contents/Developer/Toolchains
[2019-04-13 16:35:58.720][debug][command:null][tid:14][com.facebook.buck.apple.toolchain.impl.AppleToolchainDiscovery] Searching for Xcode toolchains in /Users/stevenlee/Downloads/Xcode.app/Contents/Developer/Toolchains
[2019-04-13 16:35:58.720][debug][command:null][tid:14][com.facebook.buck.apple.toolchain.impl.AppleToolchainDiscovery] Getting identifier for for Xcode toolchain under /Users/stevenlee/Downloads/Xcode.app/Contents/Developer/Toolchains/XcodeDefault.xctoolchain
[2019-04-13 16:35:58.720][debug][command:null][tid:14][com.facebook.buck.apple.toolchain.impl.AppleToolchainDiscovery] Mapped SDK identifier com.apple.dt.toolchain.XcodeDefault to path /Users/stevenlee/Downloads/Xcode.app/Contents/Developer/Toolchains/XcodeDefault.xctoolchain
[2019-04-13 16:35:58.721][debug][command:null][tid:14][com.facebook.buck.apple.toolchain.impl.AppleSdkDiscovery] Searching for Xcode platforms under /Users/stevenlee/Downloads/Xcode.app/Contents/Developer/Platforms
[2019-04-13 16:35:58.721][debug][command:null][tid:14][com.facebook.buck.apple.toolchain.impl.AppleSdkDiscovery] Searching for Xcode SDKs in /Users/stevenlee/Downloads/Xcode.app/Contents/Developer/Platforms
[2019-04-13 16:35:58.721][debug][command:null][tid:14][com.facebook.buck.apple.toolchain.impl.AppleSdkDiscovery] Fetching SDK name for /Users/stevenlee/Downloads/Xcode.app/Contents/Developer/Platforms/AppleTVOS.platform/Developer/SDKs/AppleTVOS12.1.sdk
[2019-04-13 16:35:58.721][debug][command:null][tid:14][com.facebook.buck.apple.toolchain.impl.AppleSdkDiscovery] Found SDK AppleSdk{name=appletvos12.1, version=12.1, applePlatform=ApplePlatform{name=appletvos, provisioningProfileName=tvOS, architectures=[arm64], minVersionFlagPrefix=-mtvos-version-min=, appIncludesFrameworks=false}, architectures=[arm64], toolchains=[AppleToolchain{identifier=com.apple.dt.toolchain.XcodeDefault, path=/Users/stevenlee/Downloads/Xcode.app/Contents/Developer/Toolchains/XcodeDefault.xctoolchain}]}
[2019-04-13 16:35:58.721][debug][command:null][tid:14][com.facebook.buck.apple.toolchain.impl.AppleSdkDiscovery] Fetching SDK name for /Users/stevenlee/Downloads/Xcode.app/Contents/Developer/Platforms/AppleTVOS.platform/Developer/SDKs/AppleTVOS.sdk
[2019-04-13 16:35:58.721][debug][command:null][tid:14][com.facebook.buck.apple.toolchain.impl.AppleSdkDiscovery] Skipping already scanned SDK directory /Users/stevenlee/Downloads/Xcode.app/Contents/Developer/Platforms/AppleTVOS.platform/Developer/SDKs/AppleTVOS.sdk
[2019-04-13 16:35:58.721][debug][command:null][tid:14][com.facebook.buck.apple.toolchain.impl.AppleSdkDiscovery] Fetching SDK name for /Users/stevenlee/Downloads/Xcode.app/Contents/Developer/Platforms/iPhoneOS.platform/Developer/SDKs/iPhoneOS.sdk
[2019-04-13 16:35:58.722][debug][command:null][tid:14][com.facebook.buck.apple.toolchain.impl.AppleSdkDiscovery] Found SDK AppleSdk{name=iphoneos12.1, version=12.1, applePlatform=ApplePlatform{name=iphoneos, swiftName=ios, provisioningProfileName=iOS, architectures=[armv7, arm64], minVersionFlagPrefix=-mios-version-min=, stubBinaryPath=Library/Application Support/WatchKit/WK, appIncludesFrameworks=false}, architectures=[armv7, arm64], toolchains=[AppleToolchain{identifier=com.apple.dt.toolchain.XcodeDefault, path=/Users/stevenlee/Downloads/Xcode.app/Contents/Developer/Toolchains/XcodeDefault.xctoolchain}]}
[2019-04-13 16:35:58.722][debug][command:null][tid:14][com.facebook.buck.apple.toolchain.impl.AppleSdkDiscovery] Fetching SDK name for /Users/stevenlee/Downloads/Xcode.app/Contents/Developer/Platforms/iPhoneOS.platform/Developer/SDKs/iPhoneOS12.1.sdk
[2019-04-13 16:35:58.722][debug][command:null][tid:14][com.facebook.buck.apple.toolchain.impl.AppleSdkDiscovery] Skipping already scanned SDK directory /Users/stevenlee/Downloads/Xcode.app/Contents/Developer/Platforms/iPhoneOS.platform/Developer/SDKs/iPhoneOS.sdk
[2019-04-13 16:35:58.722][debug][command:null][tid:14][com.facebook.buck.apple.toolchain.impl.AppleSdkDiscovery] Fetching SDK name for /Users/stevenlee/Downloads/Xcode.app/Contents/Developer/Platforms/WatchOS.platform/Developer/SDKs/WatchOS.sdk
[2019-04-13 16:35:58.722][debug][command:null][tid:14][com.facebook.buck.apple.toolchain.impl.AppleSdkDiscovery] Found SDK AppleSdk{name=watchos5.1, version=5.1, applePlatform=ApplePlatform{name=watchos, provisioningProfileName=iOS, architectures=[armv7k, arm64_32], minVersionFlagPrefix=-mwatchos-version-min=, stubBinaryPath=Library/Application Support/WatchKit/WK, appIncludesFrameworks=false}, architectures=[armv7k, arm64_32], toolchains=[AppleToolchain{identifier=com.apple.dt.toolchain.XcodeDefault, path=/Users/stevenlee/Downloads/Xcode.app/Contents/Developer/Toolchains/XcodeDefault.xctoolchain}]}
[2019-04-13 16:35:58.722][debug][command:null][tid:14][com.facebook.buck.apple.toolchain.impl.AppleSdkDiscovery] Fetching SDK name for /Users/stevenlee/Downloads/Xcode.app/Contents/Developer/Platforms/WatchOS.platform/Developer/SDKs/WatchOS5.1.sdk
[2019-04-13 16:35:58.722][debug][command:null][tid:14][com.facebook.buck.apple.toolchain.impl.AppleSdkDiscovery] Skipping already scanned SDK directory /Users/stevenlee/Downloads/Xcode.app/Contents/Developer/Platforms/WatchOS.platform/Developer/SDKs/WatchOS.sdk
[2019-04-13 16:35:58.722][debug][command:null][tid:14][com.facebook.buck.apple.toolchain.impl.AppleSdkDiscovery] Fetching SDK name for /Users/stevenlee/Downloads/Xcode.app/Contents/Developer/Platforms/MacOSX.platform/Developer/SDKs/MacOSX10.14.sdk
[2019-04-13 16:35:58.723][debug][command:null][tid:14][com.facebook.buck.apple.toolchain.impl.AppleSdkDiscovery] Found SDK AppleSdk{name=macosx10.14, version=10.14, applePlatform=ApplePlatform{name=macosx, architectures=[i386, x86_64], minVersionFlagPrefix=-mmacosx-version-min=, appIncludesFrameworks=true}, architectures=[i386, x86_64], toolchains=[AppleToolchain{identifier=com.apple.dt.toolchain.XcodeDefault, path=/Users/stevenlee/Downloads/Xcode.app/Contents/Developer/Toolchains/XcodeDefault.xctoolchain}]}
[2019-04-13 16:35:58.723][debug][command:null][tid:14][com.facebook.buck.apple.toolchain.impl.AppleSdkDiscovery] Fetching SDK name for /Users/stevenlee/Downloads/Xcode.app/Contents/Developer/Platforms/MacOSX.platform/Developer/SDKs/MacOSX.sdk
[2019-04-13 16:35:58.723][debug][command:null][tid:14][com.facebook.buck.apple.toolchain.impl.AppleSdkDiscovery] Skipping already scanned SDK directory /Users/stevenlee/Downloads/Xcode.app/Contents/Developer/Platforms/MacOSX.platform/Developer/SDKs/MacOSX.sdk
[2019-04-13 16:35:58.723][debug][command:null][tid:14][com.facebook.buck.apple.toolchain.impl.AppleSdkDiscovery] Fetching SDK name for /Users/stevenlee/Downloads/Xcode.app/Contents/Developer/Platforms/WatchSimulator.platform/Developer/SDKs/WatchSimulator.sdk
[2019-04-13 16:35:58.723][debug][command:null][tid:14][com.facebook.buck.apple.toolchain.impl.AppleSdkDiscovery] Found SDK AppleSdk{name=watchsimulator5.1, version=5.1, applePlatform=ApplePlatform{name=watchsimulator, architectures=[i386, x86_64], minVersionFlagPrefix=-mwatchos-simulator-version-min=, stubBinaryPath=Library/Application Support/WatchKit/WK, appIncludesFrameworks=false}, architectures=[i386, x86_64], toolchains=[AppleToolchain{identifier=com.apple.dt.toolchain.XcodeDefault, path=/Users/stevenlee/Downloads/Xcode.app/Contents/Developer/Toolchains/XcodeDefault.xctoolchain}]}
[2019-04-13 16:35:58.723][debug][command:null][tid:14][com.facebook.buck.apple.toolchain.impl.AppleSdkDiscovery] Fetching SDK name for /Users/stevenlee/Downloads/Xcode.app/Contents/Developer/Platforms/WatchSimulator.platform/Developer/SDKs/WatchSimulator5.1.sdk
[2019-04-13 16:35:58.723][debug][command:null][tid:14][com.facebook.buck.apple.toolchain.impl.AppleSdkDiscovery] Skipping already scanned SDK directory /Users/stevenlee/Downloads/Xcode.app/Contents/Developer/Platforms/WatchSimulator.platform/Developer/SDKs/WatchSimulator.sdk
[2019-04-13 16:35:58.724][debug][command:null][tid:14][com.facebook.buck.apple.toolchain.impl.AppleSdkDiscovery] Fetching SDK name for /Users/stevenlee/Downloads/Xcode.app/Contents/Developer/Platforms/AppleTVSimulator.platform/Developer/SDKs/AppleTVSimulator.sdk
[2019-04-13 16:35:58.724][debug][command:null][tid:14][com.facebook.buck.apple.toolchain.impl.AppleSdkDiscovery] Found SDK AppleSdk{name=appletvsimulator12.1, version=12.1, applePlatform=ApplePlatform{name=appletvsimulator, swiftName=tvos, architectures=[x86_64], minVersionFlagPrefix=-mtvos-simulator-version-min=, appIncludesFrameworks=false}, architectures=[x86_64], toolchains=[AppleToolchain{identifier=com.apple.dt.toolchain.XcodeDefault, path=/Users/stevenlee/Downloads/Xcode.app/Contents/Developer/Toolchains/XcodeDefault.xctoolchain}]}
[2019-04-13 16:35:58.724][debug][command:null][tid:14][com.facebook.buck.apple.toolchain.impl.AppleSdkDiscovery] Fetching SDK name for /Users/stevenlee/Downloads/Xcode.app/Contents/Developer/Platforms/AppleTVSimulator.platform/Developer/SDKs/AppleTVSimulator12.1.sdk
[2019-04-13 16:35:58.724][debug][command:null][tid:14][com.facebook.buck.apple.toolchain.impl.AppleSdkDiscovery] Skipping already scanned SDK directory /Users/stevenlee/Downloads/Xcode.app/Contents/Developer/Platforms/AppleTVSimulator.platform/Developer/SDKs/AppleTVSimulator.sdk
[2019-04-13 16:35:58.724][debug][command:null][tid:14][com.facebook.buck.apple.toolchain.impl.AppleSdkDiscovery] Fetching SDK name for /Users/stevenlee/Downloads/Xcode.app/Contents/Developer/Platforms/iPhoneSimulator.platform/Developer/SDKs/iPhoneSimulator.sdk
[2019-04-13 16:35:58.724][debug][command:null][tid:14][com.facebook.buck.apple.toolchain.impl.AppleSdkDiscovery] Found SDK AppleSdk{name=iphonesimulator12.1, version=12.1, applePlatform=ApplePlatform{name=iphonesimulator, swiftName=ios, architectures=[i386, x86_64], minVersionFlagPrefix=-mios-simulator-version-min=, stubBinaryPath=Library/Application Support/WatchKit/WK, appIncludesFrameworks=false}, architectures=[i386, x86_64], toolchains=[AppleToolchain{identifier=com.apple.dt.toolchain.XcodeDefault, path=/Users/stevenlee/Downloads/Xcode.app/Contents/Developer/Toolchains/XcodeDefault.xctoolchain}]}
[2019-04-13 16:35:58.725][debug][command:null][tid:14][com.facebook.buck.apple.toolchain.impl.AppleSdkDiscovery] Fetching SDK name for /Users/stevenlee/Downloads/Xcode.app/Contents/Developer/Platforms/iPhoneSimulator.platform/Developer/SDKs/iPhoneSimulator12.1.sdk
[2019-04-13 16:35:58.725][debug][command:null][tid:14][com.facebook.buck.apple.toolchain.impl.AppleSdkDiscovery] Skipping already scanned SDK directory /Users/stevenlee/Downloads/Xcode.app/Contents/Developer/Platforms/iPhoneSimulator.platform/Developer/SDKs/iPhoneSimulator.sdk
[2019-04-13 16:35:58.725][warn ][command:null][tid:14][com.facebook.buck.core.toolchain.impl.DefaultToolchainProvider] Cannot create a toolchain: android-ndk-location. Cause: Android NDK could not be found. Make sure to set one of these  environment variables: ANDROID_NDK_REPOSITORY, ANDROID_NDK, or NDK_HOME or ndk.ndk_path or ndk.ndk_repository_path in your .buckconfig
