[2019-04-14 10:33:34.035][debug][command:5aef4faf-1051-4df3-affa-0d1480df2420][tid:14][com.facebook.buck.event.listener.RenderingConsole] Starting render scheduler (interval 100 ms)
[2019-04-14 10:33:34.035][debug][command:5aef4faf-1051-4df3-affa-0d1480df2420][tid:14][com.google.common.util.concurrent.ServiceManager] Starting PerfStatsTracking [STARTING].
[2019-04-14 10:33:34.036][debug][command:null][tid:5996][com.google.common.util.concurrent.ServiceManager] Started PerfStatsTracking [RUNNING] in 609.5 μs.
[2019-04-14 10:33:34.036][debug][command:null][tid:5996][com.google.common.util.concurrent.ServiceManager] Started PerfStatsTracking [RUNNING] in 609.5 μs.
[2019-04-14 10:33:34.036][debug][command:5aef4faf-1051-4df3-affa-0d1480df2420][tid:14][com.google.common.util.concurrent.ServiceManager] Starting ProcessTracker [STARTING].
[2019-04-14 10:33:34.036][debug][command:null][tid:5997][com.facebook.buck.util.perf.ProcessTracker] startUp
[2019-04-14 10:33:34.036][debug][command:null][tid:5997][com.facebook.buck.util.perf.ProcessTracker] startUp
[2019-04-14 10:33:34.036][debug][command:5aef4faf-1051-4df3-affa-0d1480df2420][tid:14][com.facebook.buck.util.environment.MacWifiSsidFinder] Getting current SSID..
[2019-04-14 10:33:34.037][debug][command:5aef4faf-1051-4df3-affa-0d1480df2420][tid:14][com.facebook.buck.util.environment.MacWifiSsidFinder] Getting SSID from Wi-Fi interface: <CWInterface: 0x7faff1909d90> [interfaceName=en0]
[2019-04-14 10:33:34.037][debug][command:null][tid:5997][com.google.common.util.concurrent.ServiceManager] Started ProcessTracker [RUNNING] in 1.297 ms.
[2019-04-14 10:33:34.037][debug][command:null][tid:5997][com.google.common.util.concurrent.ServiceManager] Started ProcessTracker [RUNNING] in 1.297 ms.
[2019-04-14 10:33:34.037][debug][command:5aef4faf-1051-4df3-affa-0d1480df2420][tid:14][com.facebook.buck.util.environment.MacWifiSsidFinder] Found SSID: fam_5G
[2019-04-14 10:33:34.037][debug][command:5aef4faf-1051-4df3-affa-0d1480df2420][tid:14][com.facebook.buck.cli.Main] InvocationInfo BuildId=[5aef4faf-1051-4df3-affa-0d1480df2420] Args=[build, //BuckTest:BuckTest]
[2019-04-14 10:33:34.040][warn ][command:null][tid:6000][com.facebook.buck.event.listener.PublicAnnouncementManager] Failed to get public announcements. Reason: Failed to establish connection to server.
[2019-04-14 10:33:34.040][warn ][command:null][tid:6000][com.facebook.buck.event.listener.PublicAnnouncementManager] Failed to get public announcements. Reason: Failed to establish connection to server.
[2019-04-14 10:33:34.040][debug][command:null][tid:6001][com.facebook.buck.util.environment.MacNetworkConfiguration] Determine network service order and extract device names
[2019-04-14 10:33:34.040][debug][command:null][tid:6001][com.facebook.buck.util.environment.MacNetworkConfiguration] Determine network service order and extract device names
[2019-04-14 10:33:34.040][debug][command:null][tid:6001][com.facebook.buck.util.ListeningProcessExecutor] Launching process with params ProcessExecutorParams{command=[networksetup, -listnetworkserviceorder, ]}
[2019-04-14 10:33:34.040][debug][command:null][tid:6001][com.facebook.buck.util.ListeningProcessExecutor] Launching process with params ProcessExecutorParams{command=[networksetup, -listnetworkserviceorder, ]}
[2019-04-14 10:33:34.041][debug][command:null][tid:6001][com.facebook.buck.util.ListeningProcessExecutor] Successfully launched process com.zaxxer.nuprocess.osx.OsxProcess@3295b46f
[2019-04-14 10:33:34.041][debug][command:null][tid:6001][com.facebook.buck.util.ListeningProcessExecutor] Successfully launched process com.zaxxer.nuprocess.osx.OsxProcess@3295b46f
[2019-04-14 10:33:34.041][debug][command:null][tid:6001][com.facebook.buck.util.ListeningProcessExecutor] Waiting for process com.facebook.buck.util.ListeningProcessExecutor$LaunchedProcessImpl@3581b6b3 timeout 1000 MILLISECONDS
[2019-04-14 10:33:34.041][debug][command:null][tid:6001][com.facebook.buck.util.ListeningProcessExecutor] Waiting for process com.facebook.buck.util.ListeningProcessExecutor$LaunchedProcessImpl@3581b6b3 timeout 1000 MILLISECONDS
[2019-04-14 10:33:34.106][debug][command:null][tid:6001][com.facebook.buck.util.ListeningProcessExecutor] Wait for process returned 0
[2019-04-14 10:33:34.106][debug][command:null][tid:6001][com.facebook.buck.util.ListeningProcessExecutor] Wait for process returned 0
[2019-04-14 10:33:34.106][debug][command:null][tid:6001][com.facebook.buck.util.ListeningProcessExecutor] Destroying process com.facebook.buck.util.ListeningProcessExecutor$LaunchedProcessImpl@3581b6b3 (force true)
[2019-04-14 10:33:34.106][debug][command:null][tid:6001][com.facebook.buck.util.ListeningProcessExecutor] Destroying process com.facebook.buck.util.ListeningProcessExecutor$LaunchedProcessImpl@3581b6b3 (force true)
[2019-04-14 10:33:34.106][debug][command:null][tid:6001][com.facebook.buck.util.environment.MacNetworkConfiguration] Determine active state of media for device
[2019-04-14 10:33:34.106][debug][command:null][tid:6001][com.facebook.buck.util.environment.MacNetworkConfiguration] Determine active state of media for device
[2019-04-14 10:33:34.106][debug][command:null][tid:6001][com.facebook.buck.util.ListeningProcessExecutor] Launching process with params ProcessExecutorParams{command=[networksetup, -getMedia, en7]}
[2019-04-14 10:33:34.106][debug][command:null][tid:6001][com.facebook.buck.util.ListeningProcessExecutor] Launching process with params ProcessExecutorParams{command=[networksetup, -getMedia, en7]}
[2019-04-14 10:33:34.107][debug][command:null][tid:6001][com.facebook.buck.util.ListeningProcessExecutor] Successfully launched process com.zaxxer.nuprocess.osx.OsxProcess@6a365bea
[2019-04-14 10:33:34.107][debug][command:null][tid:6001][com.facebook.buck.util.ListeningProcessExecutor] Successfully launched process com.zaxxer.nuprocess.osx.OsxProcess@6a365bea
[2019-04-14 10:33:34.108][debug][command:null][tid:6001][com.facebook.buck.util.ListeningProcessExecutor] Waiting for process com.facebook.buck.util.ListeningProcessExecutor$LaunchedProcessImpl@615a549 timeout 1000 MILLISECONDS
[2019-04-14 10:33:34.108][debug][command:null][tid:6001][com.facebook.buck.util.ListeningProcessExecutor] Waiting for process com.facebook.buck.util.ListeningProcessExecutor$LaunchedProcessImpl@615a549 timeout 1000 MILLISECONDS
[2019-04-14 10:33:34.138][debug][command:null][tid:6005][com.facebook.buck.io.watchman.WatchmanTransportClient] Query [query, /Users/stevenlee/Downloads/BuckTest 3, {since=c:1554802630:396:1:23689, expression=[not, [anyof, [type, d], [dirname, .idea], [dirname, .buckd], [dirname, buck-out/cache], [dirname, tools], [dirname, .git], [dirname, buck-out/.trash], [dirname, buck-out], [match, [build], wholename, {includedotfiles=true}], [match, **/*.pbxproj, wholename, {includedotfiles=true}], [match, **/*.xcscheme, wholename, {includedotfiles=true}], [match, **/*.xcworkspacedata, wholename, {includedotfiles=true}], [match, **/*~, wholename, {includedotfiles=true}], [match, **/#*#, wholename, {includedotfiles=true}], [match, **/.#*, wholename, {includedotfiles=true}], [match, **/*.swo, wholename, {includedotfiles=true}], [match, **/*.swp, wholename, {includedotfiles=true}], [match, **/*.swpx, wholename, {includedotfiles=true}], [match, **/*.un~, wholename, {includedotfiles=true}], [match, **/*.netrhwist, wholename, {includedotfiles=true}], [match, .idea, wholename, {includedotfiles=true}], [match, .iml, wholename, {includedotfiles=true}], [match, **/*.pydevproject, wholename, {includedotfiles=true}], [match, .project, wholename, {includedotfiles=true}], [match, .metadata, wholename, {includedotfiles=true}], [match, **/*.tmp, wholename, {includedotfiles=true}], [match, **/*.bak, wholename, {includedotfiles=true}], [match, **/*.nib, wholename, {includedotfiles=true}], [match, .classpath, wholename, {includedotfiles=true}], [match, .settings, wholename, {includedotfiles=true}], [match, .loadpath, wholename, {includedotfiles=true}], [match, .externalToolBuilders, wholename, {includedotfiles=true}], [match, .cproject, wholename, {includedotfiles=true}], [match, .buildpath, wholename, {includedotfiles=true}], [match, .DS_Store, wholename, {includedotfiles=true}], [match, .AppleDouble, wholename, {includedotfiles=true}], [match, .LSOverride, wholename, {includedotfiles=true}], [match, .Spotlight-V100, wholename, {includedotfiles=true}], [match, .Trashes, wholename, {includedotfiles=true}], [match, $RECYCLE.BIN, wholename, {includedotfiles=true}], [match, **/*.sublime-workspace, wholename, {includedotfiles=true}]]], empty_on_fresh_instance=true, fields=[name, exists, new]}] returned in 4 ms
[2019-04-14 10:33:34.138][debug][command:null][tid:6005][com.facebook.buck.io.watchman.WatchmanTransportClient] Query [query, /Users/stevenlee/Downloads/BuckTest 3, {since=c:1554802630:396:1:23689, expression=[not, [anyof, [type, d], [dirname, .idea], [dirname, .buckd], [dirname, buck-out/cache], [dirname, tools], [dirname, .git], [dirname, buck-out/.trash], [dirname, buck-out], [match, [build], wholename, {includedotfiles=true}], [match, **/*.pbxproj, wholename, {includedotfiles=true}], [match, **/*.xcscheme, wholename, {includedotfiles=true}], [match, **/*.xcworkspacedata, wholename, {includedotfiles=true}], [match, **/*~, wholename, {includedotfiles=true}], [match, **/#*#, wholename, {includedotfiles=true}], [match, **/.#*, wholename, {includedotfiles=true}], [match, **/*.swo, wholename, {includedotfiles=true}], [match, **/*.swp, wholename, {includedotfiles=true}], [match, **/*.swpx, wholename, {includedotfiles=true}], [match, **/*.un~, wholename, {includedotfiles=true}], [match, **/*.netrhwist, wholename, {includedotfiles=true}], [match, .idea, wholename, {includedotfiles=true}], [match, .iml, wholename, {includedotfiles=true}], [match, **/*.pydevproject, wholename, {includedotfiles=true}], [match, .project, wholename, {includedotfiles=true}], [match, .metadata, wholename, {includedotfiles=true}], [match, **/*.tmp, wholename, {includedotfiles=true}], [match, **/*.bak, wholename, {includedotfiles=true}], [match, **/*.nib, wholename, {includedotfiles=true}], [match, .classpath, wholename, {includedotfiles=true}], [match, .settings, wholename, {includedotfiles=true}], [match, .loadpath, wholename, {includedotfiles=true}], [match, .externalToolBuilders, wholename, {includedotfiles=true}], [match, .cproject, wholename, {includedotfiles=true}], [match, .buildpath, wholename, {includedotfiles=true}], [match, .DS_Store, wholename, {includedotfiles=true}], [match, .AppleDouble, wholename, {includedotfiles=true}], [match, .LSOverride, wholename, {includedotfiles=true}], [match, .Spotlight-V100, wholename, {includedotfiles=true}], [match, .Trashes, wholename, {includedotfiles=true}], [match, $RECYCLE.BIN, wholename, {includedotfiles=true}], [match, **/*.sublime-workspace, wholename, {includedotfiles=true}]]], empty_on_fresh_instance=true, fields=[name, exists, new]}] returned in 4 ms
[2019-04-14 10:33:34.139][debug][command:null][tid:6005][com.facebook.buck.io.watchman.WatchmanWatcher] Updating Watchman Cursor from c:1554802630:396:1:23689 to c:1554802630:396:1:23692
[2019-04-14 10:33:34.139][debug][command:null][tid:6005][com.facebook.buck.io.watchman.WatchmanWatcher] Updating Watchman Cursor from c:1554802630:396:1:23689 to c:1554802630:396:1:23692
[2019-04-14 10:33:34.139][debug][command:null][tid:6005][com.facebook.buck.io.watchman.WatchmanWatcher] Posted 0 Watchman events.
[2019-04-14 10:33:34.139][debug][command:null][tid:6005][com.facebook.buck.io.watchman.WatchmanWatcher] Posted 0 Watchman events.
[2019-04-14 10:33:34.139][debug][command:null][tid:6005][com.facebook.buck.io.watchman.WatchmanTransportClient] Closing Watchman transport.
[2019-04-14 10:33:34.139][debug][command:null][tid:6005][com.facebook.buck.io.watchman.WatchmanTransportClient] Closing Watchman transport.
[2019-04-14 10:33:34.141][info ][command:5aef4faf-1051-4df3-affa-0d1480df2420][tid:6004][com.facebook.buck.event.listener.LoggingBuildListener] Build started at 2019-04-14 10:33:34.140
[2019-04-14 10:33:34.141][debug][command:null][tid:6001][com.facebook.buck.util.ListeningProcessExecutor] Wait for process returned 4
[2019-04-14 10:33:34.141][debug][command:null][tid:6001][com.facebook.buck.util.ListeningProcessExecutor] Wait for process returned 4
[2019-04-14 10:33:34.141][debug][command:null][tid:6001][com.facebook.buck.util.ListeningProcessExecutor] Destroying process com.facebook.buck.util.ListeningProcessExecutor$LaunchedProcessImpl@615a549 (force true)
[2019-04-14 10:33:34.141][debug][command:null][tid:6001][com.facebook.buck.util.ListeningProcessExecutor] Destroying process com.facebook.buck.util.ListeningProcessExecutor$LaunchedProcessImpl@615a549 (force true)
[2019-04-14 10:33:34.141][debug][command:null][tid:6001][com.facebook.buck.util.environment.MacNetworkConfiguration] Determine active state of media for device
[2019-04-14 10:33:34.141][debug][command:null][tid:6001][com.facebook.buck.util.environment.MacNetworkConfiguration] Determine active state of media for device
[2019-04-14 10:33:34.141][debug][command:null][tid:6001][com.facebook.buck.util.ListeningProcessExecutor] Launching process with params ProcessExecutorParams{command=[networksetup, -getMedia, en8]}
[2019-04-14 10:33:34.141][debug][command:null][tid:6001][com.facebook.buck.util.ListeningProcessExecutor] Launching process with params ProcessExecutorParams{command=[networksetup, -getMedia, en8]}
[2019-04-14 10:33:34.141][debug][command:5aef4faf-1051-4df3-affa-0d1480df2420][tid:14][com.facebook.buck.parser.DaemonicParserState] Starting to invalidate caches for /Users/stevenlee/Downloads/BuckTest 3..
[2019-04-14 10:33:34.141][debug][command:5aef4faf-1051-4df3-affa-0d1480df2420][tid:14][com.facebook.buck.parser.DaemonicParserState] Cell caches were empty, no data invalidated.
[2019-04-14 10:33:34.142][debug][command:null][tid:6001][com.facebook.buck.util.ListeningProcessExecutor] Successfully launched process com.zaxxer.nuprocess.osx.OsxProcess@25514e60
[2019-04-14 10:33:34.142][debug][command:null][tid:6001][com.facebook.buck.util.ListeningProcessExecutor] Successfully launched process com.zaxxer.nuprocess.osx.OsxProcess@25514e60
[2019-04-14 10:33:34.142][debug][command:null][tid:6001][com.facebook.buck.util.ListeningProcessExecutor] Waiting for process com.facebook.buck.util.ListeningProcessExecutor$LaunchedProcessImpl@4d92f6c7 timeout 1000 MILLISECONDS
[2019-04-14 10:33:34.142][debug][command:null][tid:6001][com.facebook.buck.util.ListeningProcessExecutor] Waiting for process com.facebook.buck.util.ListeningProcessExecutor$LaunchedProcessImpl@4d92f6c7 timeout 1000 MILLISECONDS
[2019-04-14 10:33:34.143][debug][command:5aef4faf-1051-4df3-affa-0d1480df2420][tid:6009][com.facebook.buck.io.ExecutableFinder] Executable 'python2' mapped to 'Optional[/usr/local/bin/python2]'
[2019-04-14 10:33:34.144][debug][command:5aef4faf-1051-4df3-affa-0d1480df2420][tid:6009][com.facebook.buck.parser.BuckPythonProgram] Writing python rules stub to /Users/stevenlee/Downloads/BuckTest 3/.buckd/tmp/buck_run.MYLnMR/buck_python_program2815057312869842029.
[2019-04-14 10:33:34.154][debug][command:5aef4faf-1051-4df3-affa-0d1480df2420][tid:6009][com.facebook.buck.parser.BuckPythonProgram] Created temporary buck.py instance at /Users/stevenlee/Downloads/BuckTest 3/.buckd/tmp/buck_run.MYLnMR/buck_python_program2815057312869842029.
[2019-04-14 10:33:34.158][debug][command:5aef4faf-1051-4df3-affa-0d1480df2420][tid:6009][com.facebook.buck.parser.PythonDslProjectBuildFileParser] Starting buck.py command: [/usr/local/bin/python2, -u, /Users/stevenlee/Downloads/BuckTest 3/.buckd/tmp/buck_run.MYLnMR/buck_python_program2815057312869842029/__main__.py, --allow_empty_globs, --watchman_glob_stat_results, --watchman_use_glob_generator, --watchman_socket_path, /usr/local/var/run/watchman/stevenlee-state/sock, --project_root, /Users/stevenlee/Downloads/BuckTest 3, --cell_name, , --build_file_name, BUCK, --quiet, --config, /Users/stevenlee/Downloads/BuckTest 3/.buckd/tmp/buck_run.MYLnMR/raw_config104936931079788977.json, --ignore_paths, /Users/stevenlee/Downloads/BuckTest 3/.buckd/tmp/buck_run.MYLnMR/ignore_paths2921112202559815441.json, --warn_about_deprecated_syntax] environment: Optional[{BUCK_TTY=1, MFLAGS=, TERM_SESSION_ID=B7F867FC-6086-443D-86C9-B9216F788C9B, HOME=/Users/stevenlee, XPC_SERVICE_NAME=0, Apple_PubSub_Socket_Render=/private/tmp/com.apple.launchd.N5oPspERQh/Render, NAILGUN_FILESEPARATOR=/, BUCK_PYTHON_SPACE_INIT_TIME=14, LOGNAME=stevenlee, BUCK_BUILD_ID=5aef4faf-1051-4df3-affa-0d1480df2420, TMPDIR=/var/folders/3q/crrbqtbs2vs_j7z2zzqj4g240000gp/T/, USER=stevenlee, SHELL=/bin/bash, TERM_PROGRAM_VERSION=421.1.1, PWD=/Users/stevenlee/Downloads/BuckTest 3, XPC_FLAGS=0x0, BUCK_TERM_COLUMNS=238, MAKELEVEL=1, LC_CTYPE=UTF-8, TERM_PROGRAM=Apple_Terminal, __CF_USER_TEXT_ENCODING=0x1F6:0:2, SHLVL=1, NAILGUN_TTY_2=1, BUCK_CLASSPATH=/Users/stevenlee/Downloads/BuckTest 3/.buckd/resources/ad23befe7c1a36c999860af0af69e726f1c8e423/buck_server, CLASSPATH=/Users/stevenlee/Downloads/BuckTest 3/.buckd/resources/ad23befe7c1a36c999860af0af69e726f1c8e423/bootstrapper_jar, NAILGUN_TTY_1=1, NAILGUN_TTY_0=1, MAKEFLAGS=, NAILGUN_PATHSEPARATOR=:, PATH=/usr/local/bin:/usr/bin:/bin:/usr/sbin:/sbin:/Applications/Wireshark.app/Contents/MacOS::, TERM=xterm-256color, OLDPWD=/Users/stevenlee/Library, _=/usr/bin/make, SSH_AUTH_SOCK=/private/tmp/com.apple.launchd.xtBSbF1Zl8/Listeners, PYTHONHASHSEED=7}]
[2019-04-14 10:33:34.162][debug][command:5aef4faf-1051-4df3-affa-0d1480df2420][tid:6009][com.facebook.buck.parser.PythonDslProjectBuildFileParser] Started process com.facebook.buck.util.ProcessExecutor$LaunchedProcessImpl@41d682e2 successfully
[2019-04-14 10:33:34.175][debug][command:null][tid:6001][com.facebook.buck.util.ListeningProcessExecutor] Wait for process returned 4
[2019-04-14 10:33:34.175][debug][command:null][tid:6001][com.facebook.buck.util.ListeningProcessExecutor] Wait for process returned 4
[2019-04-14 10:33:34.175][debug][command:null][tid:6001][com.facebook.buck.util.ListeningProcessExecutor] Destroying process com.facebook.buck.util.ListeningProcessExecutor$LaunchedProcessImpl@4d92f6c7 (force true)
[2019-04-14 10:33:34.175][debug][command:null][tid:6001][com.facebook.buck.util.ListeningProcessExecutor] Destroying process com.facebook.buck.util.ListeningProcessExecutor$LaunchedProcessImpl@4d92f6c7 (force true)
[2019-04-14 10:33:34.175][debug][command:null][tid:6001][com.facebook.buck.util.environment.MacNetworkConfiguration] Determine active state of media for device
[2019-04-14 10:33:34.175][debug][command:null][tid:6001][com.facebook.buck.util.environment.MacNetworkConfiguration] Determine active state of media for device
[2019-04-14 10:33:34.175][debug][command:null][tid:6001][com.facebook.buck.util.ListeningProcessExecutor] Launching process with params ProcessExecutorParams{command=[networksetup, -getMedia, en0]}
[2019-04-14 10:33:34.175][debug][command:null][tid:6001][com.facebook.buck.util.ListeningProcessExecutor] Launching process with params ProcessExecutorParams{command=[networksetup, -getMedia, en0]}
[2019-04-14 10:33:34.176][debug][command:null][tid:6001][com.facebook.buck.util.ListeningProcessExecutor] Successfully launched process com.zaxxer.nuprocess.osx.OsxProcess@5ebd6df
[2019-04-14 10:33:34.176][debug][command:null][tid:6001][com.facebook.buck.util.ListeningProcessExecutor] Successfully launched process com.zaxxer.nuprocess.osx.OsxProcess@5ebd6df
[2019-04-14 10:33:34.176][debug][command:null][tid:6001][com.facebook.buck.util.ListeningProcessExecutor] Waiting for process com.facebook.buck.util.ListeningProcessExecutor$LaunchedProcessImpl@33aad15f timeout 1000 MILLISECONDS
[2019-04-14 10:33:34.176][debug][command:null][tid:6001][com.facebook.buck.util.ListeningProcessExecutor] Waiting for process com.facebook.buck.util.ListeningProcessExecutor$LaunchedProcessImpl@33aad15f timeout 1000 MILLISECONDS
[2019-04-14 10:33:34.207][debug][command:null][tid:6001][com.facebook.buck.util.ListeningProcessExecutor] Wait for process returned 0
[2019-04-14 10:33:34.207][debug][command:null][tid:6001][com.facebook.buck.util.ListeningProcessExecutor] Wait for process returned 0
[2019-04-14 10:33:34.207][debug][command:null][tid:6001][com.facebook.buck.util.ListeningProcessExecutor] Destroying process com.facebook.buck.util.ListeningProcessExecutor$LaunchedProcessImpl@33aad15f (force true)
[2019-04-14 10:33:34.207][debug][command:null][tid:6001][com.facebook.buck.util.ListeningProcessExecutor] Destroying process com.facebook.buck.util.ListeningProcessExecutor$LaunchedProcessImpl@33aad15f (force true)
[2019-04-14 10:33:34.207][debug][command:null][tid:6001][com.facebook.buck.util.environment.MacNetworkConfiguration] Determine WiFi SSID of device
[2019-04-14 10:33:34.207][debug][command:null][tid:6001][com.facebook.buck.util.environment.MacNetworkConfiguration] Determine WiFi SSID of device
[2019-04-14 10:33:34.207][debug][command:null][tid:6001][com.facebook.buck.util.ListeningProcessExecutor] Launching process with params ProcessExecutorParams{command=[networksetup, -getairportnetwork, en0]}
[2019-04-14 10:33:34.207][debug][command:null][tid:6001][com.facebook.buck.util.ListeningProcessExecutor] Launching process with params ProcessExecutorParams{command=[networksetup, -getairportnetwork, en0]}
[2019-04-14 10:33:34.208][debug][command:null][tid:6001][com.facebook.buck.util.ListeningProcessExecutor] Successfully launched process com.zaxxer.nuprocess.osx.OsxProcess@20df29d4
[2019-04-14 10:33:34.208][debug][command:null][tid:6001][com.facebook.buck.util.ListeningProcessExecutor] Successfully launched process com.zaxxer.nuprocess.osx.OsxProcess@20df29d4
[2019-04-14 10:33:34.208][debug][command:null][tid:6001][com.facebook.buck.util.ListeningProcessExecutor] Waiting for process com.facebook.buck.util.ListeningProcessExecutor$LaunchedProcessImpl@2945b796 timeout 1000 MILLISECONDS
[2019-04-14 10:33:34.208][debug][command:null][tid:6001][com.facebook.buck.util.ListeningProcessExecutor] Waiting for process com.facebook.buck.util.ListeningProcessExecutor$LaunchedProcessImpl@2945b796 timeout 1000 MILLISECONDS
[2019-04-14 10:33:34.240][debug][command:null][tid:6001][com.facebook.buck.util.ListeningProcessExecutor] Wait for process returned 0
[2019-04-14 10:33:34.240][debug][command:null][tid:6001][com.facebook.buck.util.ListeningProcessExecutor] Wait for process returned 0
[2019-04-14 10:33:34.240][debug][command:null][tid:6001][com.facebook.buck.util.ListeningProcessExecutor] Destroying process com.facebook.buck.util.ListeningProcessExecutor$LaunchedProcessImpl@2945b796 (force true)
[2019-04-14 10:33:34.240][debug][command:null][tid:6001][com.facebook.buck.util.ListeningProcessExecutor] Destroying process com.facebook.buck.util.ListeningProcessExecutor$LaunchedProcessImpl@2945b796 (force true)
[2019-04-14 10:33:34.428][warn ][command:5aef4faf-1051-4df3-affa-0d1480df2420][tid:6015][com.facebook.buck.core.toolchain.impl.DefaultToolchainProvider] Cannot create a toolchain: android-ndk-location. Cause: Android NDK could not be found. Make sure to set one of these  environment variables: ANDROID_NDK_REPOSITORY, ANDROID_NDK, or NDK_HOME or ndk.ndk_path or ndk.ndk_repository_path in your .buckconfig
[2019-04-14 10:33:34.428][warn ][command:5aef4faf-1051-4df3-affa-0d1480df2420][tid:6015][com.facebook.buck.core.toolchain.impl.DefaultToolchainProvider] Cannot create a toolchain: ndk-cxx-platforms. Cause: Android NDK could not be found. Make sure to set one of these  environment variables: ANDROID_NDK_REPOSITORY, ANDROID_NDK, or NDK_HOME or ndk.ndk_path or ndk.ndk_repository_path in your .buckconfig
[2019-04-14 10:33:34.440][debug][command:5aef4faf-1051-4df3-affa-0d1480df2420][tid:6015][com.facebook.buck.apple.toolchain.impl.AppleToolchainDiscovery] Searching for Xcode toolchains under /Users/stevenlee/Downloads/Xcode.app/Contents/Developer/Toolchains
[2019-04-14 10:33:34.440][debug][command:5aef4faf-1051-4df3-affa-0d1480df2420][tid:6015][com.facebook.buck.apple.toolchain.impl.AppleToolchainDiscovery] Searching for Xcode toolchains in /Users/stevenlee/Downloads/Xcode.app/Contents/Developer/Toolchains
[2019-04-14 10:33:34.440][debug][command:5aef4faf-1051-4df3-affa-0d1480df2420][tid:6015][com.facebook.buck.apple.toolchain.impl.AppleToolchainDiscovery] Getting identifier for for Xcode toolchain under /Users/stevenlee/Downloads/Xcode.app/Contents/Developer/Toolchains/XcodeDefault.xctoolchain
[2019-04-14 10:33:34.440][debug][command:5aef4faf-1051-4df3-affa-0d1480df2420][tid:6015][com.facebook.buck.apple.toolchain.impl.AppleToolchainDiscovery] Mapped SDK identifier com.apple.dt.toolchain.XcodeDefault to path /Users/stevenlee/Downloads/Xcode.app/Contents/Developer/Toolchains/XcodeDefault.xctoolchain
[2019-04-14 10:33:34.440][debug][command:5aef4faf-1051-4df3-affa-0d1480df2420][tid:6015][com.facebook.buck.apple.toolchain.impl.AppleSdkDiscovery] Searching for Xcode platforms under /Users/stevenlee/Downloads/Xcode.app/Contents/Developer/Platforms
[2019-04-14 10:33:34.440][debug][command:5aef4faf-1051-4df3-affa-0d1480df2420][tid:6015][com.facebook.buck.apple.toolchain.impl.AppleSdkDiscovery] Searching for Xcode SDKs in /Users/stevenlee/Downloads/Xcode.app/Contents/Developer/Platforms
[2019-04-14 10:33:34.441][debug][command:5aef4faf-1051-4df3-affa-0d1480df2420][tid:6015][com.facebook.buck.apple.toolchain.impl.AppleSdkDiscovery] Fetching SDK name for /Users/stevenlee/Downloads/Xcode.app/Contents/Developer/Platforms/AppleTVOS.platform/Developer/SDKs/AppleTVOS12.1.sdk
[2019-04-14 10:33:34.441][debug][command:5aef4faf-1051-4df3-affa-0d1480df2420][tid:6015][com.facebook.buck.apple.toolchain.impl.AppleSdkDiscovery] Found SDK AppleSdk{name=appletvos12.1, version=12.1, applePlatform=ApplePlatform{name=appletvos, provisioningProfileName=tvOS, architectures=[arm64], minVersionFlagPrefix=-mtvos-version-min=, appIncludesFrameworks=false}, architectures=[arm64], toolchains=[AppleToolchain{identifier=com.apple.dt.toolchain.XcodeDefault, path=/Users/stevenlee/Downloads/Xcode.app/Contents/Developer/Toolchains/XcodeDefault.xctoolchain}]}
[2019-04-14 10:33:34.441][debug][command:5aef4faf-1051-4df3-affa-0d1480df2420][tid:6015][com.facebook.buck.apple.toolchain.impl.AppleSdkDiscovery] Fetching SDK name for /Users/stevenlee/Downloads/Xcode.app/Contents/Developer/Platforms/AppleTVOS.platform/Developer/SDKs/AppleTVOS.sdk
[2019-04-14 10:33:34.441][debug][command:5aef4faf-1051-4df3-affa-0d1480df2420][tid:6015][com.facebook.buck.apple.toolchain.impl.AppleSdkDiscovery] Skipping already scanned SDK directory /Users/stevenlee/Downloads/Xcode.app/Contents/Developer/Platforms/AppleTVOS.platform/Developer/SDKs/AppleTVOS.sdk
[2019-04-14 10:33:34.441][debug][command:5aef4faf-1051-4df3-affa-0d1480df2420][tid:6015][com.facebook.buck.apple.toolchain.impl.AppleSdkDiscovery] Fetching SDK name for /Users/stevenlee/Downloads/Xcode.app/Contents/Developer/Platforms/iPhoneOS.platform/Developer/SDKs/iPhoneOS.sdk
[2019-04-14 10:33:34.441][debug][command:5aef4faf-1051-4df3-affa-0d1480df2420][tid:6015][com.facebook.buck.apple.toolchain.impl.AppleSdkDiscovery] Found SDK AppleSdk{name=iphoneos12.1, version=12.1, applePlatform=ApplePlatform{name=iphoneos, swiftName=ios, provisioningProfileName=iOS, architectures=[armv7, arm64], minVersionFlagPrefix=-mios-version-min=, stubBinaryPath=Library/Application Support/WatchKit/WK, appIncludesFrameworks=false}, architectures=[armv7, arm64], toolchains=[AppleToolchain{identifier=com.apple.dt.toolchain.XcodeDefault, path=/Users/stevenlee/Downloads/Xcode.app/Contents/Developer/Toolchains/XcodeDefault.xctoolchain}]}
[2019-04-14 10:33:34.441][debug][command:5aef4faf-1051-4df3-affa-0d1480df2420][tid:6015][com.facebook.buck.apple.toolchain.impl.AppleSdkDiscovery] Fetching SDK name for /Users/stevenlee/Downloads/Xcode.app/Contents/Developer/Platforms/iPhoneOS.platform/Developer/SDKs/iPhoneOS12.1.sdk
[2019-04-14 10:33:34.442][debug][command:5aef4faf-1051-4df3-affa-0d1480df2420][tid:6015][com.facebook.buck.apple.toolchain.impl.AppleSdkDiscovery] Skipping already scanned SDK directory /Users/stevenlee/Downloads/Xcode.app/Contents/Developer/Platforms/iPhoneOS.platform/Developer/SDKs/iPhoneOS.sdk
[2019-04-14 10:33:34.442][debug][command:5aef4faf-1051-4df3-affa-0d1480df2420][tid:6015][com.facebook.buck.apple.toolchain.impl.AppleSdkDiscovery] Fetching SDK name for /Users/stevenlee/Downloads/Xcode.app/Contents/Developer/Platforms/WatchOS.platform/Developer/SDKs/WatchOS.sdk
[2019-04-14 10:33:34.442][debug][command:5aef4faf-1051-4df3-affa-0d1480df2420][tid:6015][com.facebook.buck.apple.toolchain.impl.AppleSdkDiscovery] Found SDK AppleSdk{name=watchos5.1, version=5.1, applePlatform=ApplePlatform{name=watchos, provisioningProfileName=iOS, architectures=[armv7k, arm64_32], minVersionFlagPrefix=-mwatchos-version-min=, stubBinaryPath=Library/Application Support/WatchKit/WK, appIncludesFrameworks=false}, architectures=[armv7k, arm64_32], toolchains=[AppleToolchain{identifier=com.apple.dt.toolchain.XcodeDefault, path=/Users/stevenlee/Downloads/Xcode.app/Contents/Developer/Toolchains/XcodeDefault.xctoolchain}]}
[2019-04-14 10:33:34.442][debug][command:5aef4faf-1051-4df3-affa-0d1480df2420][tid:6015][com.facebook.buck.apple.toolchain.impl.AppleSdkDiscovery] Fetching SDK name for /Users/stevenlee/Downloads/Xcode.app/Contents/Developer/Platforms/WatchOS.platform/Developer/SDKs/WatchOS5.1.sdk
[2019-04-14 10:33:34.442][debug][command:5aef4faf-1051-4df3-affa-0d1480df2420][tid:6015][com.facebook.buck.apple.toolchain.impl.AppleSdkDiscovery] Skipping already scanned SDK directory /Users/stevenlee/Downloads/Xcode.app/Contents/Developer/Platforms/WatchOS.platform/Developer/SDKs/WatchOS.sdk
[2019-04-14 10:33:34.442][debug][command:5aef4faf-1051-4df3-affa-0d1480df2420][tid:6015][com.facebook.buck.apple.toolchain.impl.AppleSdkDiscovery] Fetching SDK name for /Users/stevenlee/Downloads/Xcode.app/Contents/Developer/Platforms/MacOSX.platform/Developer/SDKs/MacOSX10.14.sdk
[2019-04-14 10:33:34.442][debug][command:5aef4faf-1051-4df3-affa-0d1480df2420][tid:6015][com.facebook.buck.apple.toolchain.impl.AppleSdkDiscovery] Found SDK AppleSdk{name=macosx10.14, version=10.14, applePlatform=ApplePlatform{name=macosx, architectures=[i386, x86_64], minVersionFlagPrefix=-mmacosx-version-min=, appIncludesFrameworks=true}, architectures=[i386, x86_64], toolchains=[AppleToolchain{identifier=com.apple.dt.toolchain.XcodeDefault, path=/Users/stevenlee/Downloads/Xcode.app/Contents/Developer/Toolchains/XcodeDefault.xctoolchain}]}
[2019-04-14 10:33:34.442][debug][command:5aef4faf-1051-4df3-affa-0d1480df2420][tid:6015][com.facebook.buck.apple.toolchain.impl.AppleSdkDiscovery] Fetching SDK name for /Users/stevenlee/Downloads/Xcode.app/Contents/Developer/Platforms/MacOSX.platform/Developer/SDKs/MacOSX.sdk
[2019-04-14 10:33:34.442][debug][command:5aef4faf-1051-4df3-affa-0d1480df2420][tid:6015][com.facebook.buck.apple.toolchain.impl.AppleSdkDiscovery] Skipping already scanned SDK directory /Users/stevenlee/Downloads/Xcode.app/Contents/Developer/Platforms/MacOSX.platform/Developer/SDKs/MacOSX.sdk
[2019-04-14 10:33:34.442][debug][command:5aef4faf-1051-4df3-affa-0d1480df2420][tid:6015][com.facebook.buck.apple.toolchain.impl.AppleSdkDiscovery] Fetching SDK name for /Users/stevenlee/Downloads/Xcode.app/Contents/Developer/Platforms/WatchSimulator.platform/Developer/SDKs/WatchSimulator.sdk
[2019-04-14 10:33:34.443][debug][command:5aef4faf-1051-4df3-affa-0d1480df2420][tid:6015][com.facebook.buck.apple.toolchain.impl.AppleSdkDiscovery] Found SDK AppleSdk{name=watchsimulator5.1, version=5.1, applePlatform=ApplePlatform{name=watchsimulator, architectures=[i386, x86_64], minVersionFlagPrefix=-mwatchos-simulator-version-min=, stubBinaryPath=Library/Application Support/WatchKit/WK, appIncludesFrameworks=false}, architectures=[i386, x86_64], toolchains=[AppleToolchain{identifier=com.apple.dt.toolchain.XcodeDefault, path=/Users/stevenlee/Downloads/Xcode.app/Contents/Developer/Toolchains/XcodeDefault.xctoolchain}]}
[2019-04-14 10:33:34.443][debug][command:5aef4faf-1051-4df3-affa-0d1480df2420][tid:6015][com.facebook.buck.apple.toolchain.impl.AppleSdkDiscovery] Fetching SDK name for /Users/stevenlee/Downloads/Xcode.app/Contents/Developer/Platforms/WatchSimulator.platform/Developer/SDKs/WatchSimulator5.1.sdk
[2019-04-14 10:33:34.443][debug][command:5aef4faf-1051-4df3-affa-0d1480df2420][tid:6015][com.facebook.buck.apple.toolchain.impl.AppleSdkDiscovery] Skipping already scanned SDK directory /Users/stevenlee/Downloads/Xcode.app/Contents/Developer/Platforms/WatchSimulator.platform/Developer/SDKs/WatchSimulator.sdk
[2019-04-14 10:33:34.443][debug][command:5aef4faf-1051-4df3-affa-0d1480df2420][tid:6015][com.facebook.buck.apple.toolchain.impl.AppleSdkDiscovery] Fetching SDK name for /Users/stevenlee/Downloads/Xcode.app/Contents/Developer/Platforms/AppleTVSimulator.platform/Developer/SDKs/AppleTVSimulator.sdk
[2019-04-14 10:33:34.443][debug][command:5aef4faf-1051-4df3-affa-0d1480df2420][tid:6015][com.facebook.buck.apple.toolchain.impl.AppleSdkDiscovery] Found SDK AppleSdk{name=appletvsimulator12.1, version=12.1, applePlatform=ApplePlatform{name=appletvsimulator, swiftName=tvos, architectures=[x86_64], minVersionFlagPrefix=-mtvos-simulator-version-min=, appIncludesFrameworks=false}, architectures=[x86_64], toolchains=[AppleToolchain{identifier=com.apple.dt.toolchain.XcodeDefault, path=/Users/stevenlee/Downloads/Xcode.app/Contents/Developer/Toolchains/XcodeDefault.xctoolchain}]}
[2019-04-14 10:33:34.443][debug][command:5aef4faf-1051-4df3-affa-0d1480df2420][tid:6015][com.facebook.buck.apple.toolchain.impl.AppleSdkDiscovery] Fetching SDK name for /Users/stevenlee/Downloads/Xcode.app/Contents/Developer/Platforms/AppleTVSimulator.platform/Developer/SDKs/AppleTVSimulator12.1.sdk
[2019-04-14 10:33:34.443][debug][command:5aef4faf-1051-4df3-affa-0d1480df2420][tid:6015][com.facebook.buck.apple.toolchain.impl.AppleSdkDiscovery] Skipping already scanned SDK directory /Users/stevenlee/Downloads/Xcode.app/Contents/Developer/Platforms/AppleTVSimulator.platform/Developer/SDKs/AppleTVSimulator.sdk
[2019-04-14 10:33:34.443][debug][command:5aef4faf-1051-4df3-affa-0d1480df2420][tid:6015][com.facebook.buck.apple.toolchain.impl.AppleSdkDiscovery] Fetching SDK name for /Users/stevenlee/Downloads/Xcode.app/Contents/Developer/Platforms/iPhoneSimulator.platform/Developer/SDKs/iPhoneSimulator.sdk
[2019-04-14 10:33:34.444][debug][command:5aef4faf-1051-4df3-affa-0d1480df2420][tid:6015][com.facebook.buck.apple.toolchain.impl.AppleSdkDiscovery] Found SDK AppleSdk{name=iphonesimulator12.1, version=12.1, applePlatform=ApplePlatform{name=iphonesimulator, swiftName=ios, architectures=[i386, x86_64], minVersionFlagPrefix=-mios-simulator-version-min=, stubBinaryPath=Library/Application Support/WatchKit/WK, appIncludesFrameworks=false}, architectures=[i386, x86_64], toolchains=[AppleToolchain{identifier=com.apple.dt.toolchain.XcodeDefault, path=/Users/stevenlee/Downloads/Xcode.app/Contents/Developer/Toolchains/XcodeDefault.xctoolchain}]}
[2019-04-14 10:33:34.444][debug][command:5aef4faf-1051-4df3-affa-0d1480df2420][tid:6015][com.facebook.buck.apple.toolchain.impl.AppleSdkDiscovery] Fetching SDK name for /Users/stevenlee/Downloads/Xcode.app/Contents/Developer/Platforms/iPhoneSimulator.platform/Developer/SDKs/iPhoneSimulator12.1.sdk
[2019-04-14 10:33:34.444][debug][command:5aef4faf-1051-4df3-affa-0d1480df2420][tid:6015][com.facebook.buck.apple.toolchain.impl.AppleSdkDiscovery] Skipping already scanned SDK directory /Users/stevenlee/Downloads/Xcode.app/Contents/Developer/Platforms/iPhoneSimulator.platform/Developer/SDKs/iPhoneSimulator.sdk
[2019-04-14 10:33:34.444][debug][command:5aef4faf-1051-4df3-affa-0d1480df2420][tid:6015][com.facebook.buck.apple.toolchain.impl.AppleCxxPlatforms] SDK AppleSdk{name=appletvos12.1, version=12.1, applePlatform=ApplePlatform{name=appletvos, provisioningProfileName=tvOS, architectures=[arm64], minVersionFlagPrefix=-mtvos-version-min=, appIncludesFrameworks=false}, architectures=[arm64], toolchains=[AppleToolchain{identifier=com.apple.dt.toolchain.XcodeDefault, path=/Users/stevenlee/Downloads/Xcode.app/Contents/Developer/Toolchains/XcodeDefault.xctoolchain}]} using default version 12.1
[2019-04-14 10:33:34.445][debug][command:5aef4faf-1051-4df3-affa-0d1480df2420][tid:6015][com.facebook.buck.apple.toolchain.impl.AppleCxxPlatforms] Xcode build version is: 10B61
[2019-04-14 10:33:34.447][debug][command:5aef4faf-1051-4df3-affa-0d1480df2420][tid:6015][com.facebook.buck.apple.toolchain.impl.AppleCxxPlatforms] Apple toolchain path: /Users/stevenlee/Downloads/Xcode.app/Contents/Developer/Toolchains/XcodeDefault.xctoolchain
[2019-04-14 10:33:34.447][debug][command:5aef4faf-1051-4df3-affa-0d1480df2420][tid:6015][com.facebook.buck.apple.toolchain.impl.AppleCxxPlatforms] Headers verification platform whitelist: [^\Q/Users/stevenlee/Downloads/Xcode.app/Contents/Developer/Platforms/AppleTVOS.platform/Developer/Library/Frameworks\E\/.*, ^\Q/Users/stevenlee/Downloads/Xcode.app/Contents/Developer/Platforms/AppleTVOS.platform/Developer/SDKs/AppleTVOS.sdk\E\/.*, ^\Q/Users/stevenlee/Downloads/Xcode.app/Contents/Developer/Toolchains/XcodeDefault.xctoolchain\E\/.*]
[2019-04-14 10:33:34.448][debug][command:5aef4faf-1051-4df3-affa-0d1480df2420][tid:6015][com.facebook.buck.apple.toolchain.impl.AppleCxxPlatforms] SDK AppleSdk{name=iphoneos12.1, version=12.1, applePlatform=ApplePlatform{name=iphoneos, swiftName=ios, provisioningProfileName=iOS, architectures=[armv7, arm64], minVersionFlagPrefix=-mios-version-min=, stubBinaryPath=Library/Application Support/WatchKit/WK, appIncludesFrameworks=false}, architectures=[armv7, arm64], toolchains=[AppleToolchain{identifier=com.apple.dt.toolchain.XcodeDefault, path=/Users/stevenlee/Downloads/Xcode.app/Contents/Developer/Toolchains/XcodeDefault.xctoolchain}]} using default version 11.0
[2019-04-14 10:33:34.449][debug][command:5aef4faf-1051-4df3-affa-0d1480df2420][tid:6015][com.facebook.buck.apple.toolchain.impl.AppleCxxPlatforms] Xcode build version is: 10B61
[2019-04-14 10:33:34.450][debug][command:5aef4faf-1051-4df3-affa-0d1480df2420][tid:6015][com.facebook.buck.apple.toolchain.impl.AppleCxxPlatforms] Apple toolchain path: /Users/stevenlee/Downloads/Xcode.app/Contents/Developer/Toolchains/XcodeDefault.xctoolchain
[2019-04-14 10:33:34.450][debug][command:5aef4faf-1051-4df3-affa-0d1480df2420][tid:6015][com.facebook.buck.apple.toolchain.impl.AppleCxxPlatforms] Headers verification platform whitelist: [^\Q/Users/stevenlee/Downloads/Xcode.app/Contents/Developer/Platforms/iPhoneOS.platform/Developer/Library/Frameworks\E\/.*, ^\Q/Users/stevenlee/Downloads/Xcode.app/Contents/Developer/Platforms/iPhoneOS.platform/Developer/SDKs/iPhoneOS.sdk\E\/.*, ^\Q/Users/stevenlee/Downloads/Xcode.app/Contents/Developer/Toolchains/XcodeDefault.xctoolchain\E\/.*]
[2019-04-14 10:33:34.453][debug][command:5aef4faf-1051-4df3-affa-0d1480df2420][tid:6015][com.facebook.buck.apple.toolchain.impl.AppleCxxPlatforms] Xcode build version is: 10B61
[2019-04-14 10:33:34.454][debug][command:5aef4faf-1051-4df3-affa-0d1480df2420][tid:6015][com.facebook.buck.apple.toolchain.impl.AppleCxxPlatforms] Apple toolchain path: /Users/stevenlee/Downloads/Xcode.app/Contents/Developer/Toolchains/XcodeDefault.xctoolchain
[2019-04-14 10:33:34.454][debug][command:5aef4faf-1051-4df3-affa-0d1480df2420][tid:6015][com.facebook.buck.apple.toolchain.impl.AppleCxxPlatforms] Headers verification platform whitelist: [^\Q/Users/stevenlee/Downloads/Xcode.app/Contents/Developer/Platforms/iPhoneOS.platform/Developer/Library/Frameworks\E\/.*, ^\Q/Users/stevenlee/Downloads/Xcode.app/Contents/Developer/Platforms/iPhoneOS.platform/Developer/SDKs/iPhoneOS.sdk\E\/.*, ^\Q/Users/stevenlee/Downloads/Xcode.app/Contents/Developer/Toolchains/XcodeDefault.xctoolchain\E\/.*]
[2019-04-14 10:33:34.455][debug][command:5aef4faf-1051-4df3-affa-0d1480df2420][tid:6015][com.facebook.buck.apple.toolchain.impl.AppleCxxPlatforms] SDK AppleSdk{name=watchos5.1, version=5.1, applePlatform=ApplePlatform{name=watchos, provisioningProfileName=iOS, architectures=[armv7k, arm64_32], minVersionFlagPrefix=-mwatchos-version-min=, stubBinaryPath=Library/Application Support/WatchKit/WK, appIncludesFrameworks=false}, architectures=[armv7k, arm64_32], toolchains=[AppleToolchain{identifier=com.apple.dt.toolchain.XcodeDefault, path=/Users/stevenlee/Downloads/Xcode.app/Contents/Developer/Toolchains/XcodeDefault.xctoolchain}]} using default version 5.1
[2019-04-14 10:33:34.455][debug][command:5aef4faf-1051-4df3-affa-0d1480df2420][tid:6015][com.facebook.buck.apple.toolchain.impl.AppleCxxPlatforms] Xcode build version is: 10B61
[2019-04-14 10:33:34.456][debug][command:5aef4faf-1051-4df3-affa-0d1480df2420][tid:6015][com.facebook.buck.apple.toolchain.impl.AppleCxxPlatforms] Apple toolchain path: /Users/stevenlee/Downloads/Xcode.app/Contents/Developer/Toolchains/XcodeDefault.xctoolchain
[2019-04-14 10:33:34.456][debug][command:5aef4faf-1051-4df3-affa-0d1480df2420][tid:6015][com.facebook.buck.apple.toolchain.impl.AppleCxxPlatforms] Headers verification platform whitelist: [^\Q/Users/stevenlee/Downloads/Xcode.app/Contents/Developer/Platforms/WatchOS.platform/Developer/Library/Frameworks\E\/.*, ^\Q/Users/stevenlee/Downloads/Xcode.app/Contents/Developer/Platforms/WatchOS.platform/Developer/SDKs/WatchOS.sdk\E\/.*, ^\Q/Users/stevenlee/Downloads/Xcode.app/Contents/Developer/Toolchains/XcodeDefault.xctoolchain\E\/.*]
[2019-04-14 10:33:34.457][debug][command:5aef4faf-1051-4df3-affa-0d1480df2420][tid:6015][com.facebook.buck.apple.toolchain.impl.AppleCxxPlatforms] Xcode build version is: 10B61
[2019-04-14 10:33:34.458][debug][command:5aef4faf-1051-4df3-affa-0d1480df2420][tid:6015][com.facebook.buck.apple.toolchain.impl.AppleCxxPlatforms] Apple toolchain path: /Users/stevenlee/Downloads/Xcode.app/Contents/Developer/Toolchains/XcodeDefault.xctoolchain
[2019-04-14 10:33:34.458][debug][command:5aef4faf-1051-4df3-affa-0d1480df2420][tid:6015][com.facebook.buck.apple.toolchain.impl.AppleCxxPlatforms] Headers verification platform whitelist: [^\Q/Users/stevenlee/Downloads/Xcode.app/Contents/Developer/Platforms/WatchOS.platform/Developer/Library/Frameworks\E\/.*, ^\Q/Users/stevenlee/Downloads/Xcode.app/Contents/Developer/Platforms/WatchOS.platform/Developer/SDKs/WatchOS.sdk\E\/.*, ^\Q/Users/stevenlee/Downloads/Xcode.app/Contents/Developer/Toolchains/XcodeDefault.xctoolchain\E\/.*]
[2019-04-14 10:33:34.458][debug][command:5aef4faf-1051-4df3-affa-0d1480df2420][tid:6015][com.facebook.buck.apple.toolchain.impl.AppleCxxPlatforms] SDK AppleSdk{name=macosx10.14, version=10.14, applePlatform=ApplePlatform{name=macosx, architectures=[i386, x86_64], minVersionFlagPrefix=-mmacosx-version-min=, appIncludesFrameworks=true}, architectures=[i386, x86_64], toolchains=[AppleToolchain{identifier=com.apple.dt.toolchain.XcodeDefault, path=/Users/stevenlee/Downloads/Xcode.app/Contents/Developer/Toolchains/XcodeDefault.xctoolchain}]} using default version 10.14
[2019-04-14 10:33:34.459][debug][command:5aef4faf-1051-4df3-affa-0d1480df2420][tid:6015][com.facebook.buck.apple.toolchain.impl.AppleCxxPlatforms] Xcode build version is: 10B61
[2019-04-14 10:33:34.460][warn ][command:5aef4faf-1051-4df3-affa-0d1480df2420][tid:6015][com.facebook.buck.apple.toolchain.impl.AppleCxxPlatforms] In /Users/stevenlee/Downloads/Xcode.app/Contents/Developer/Platforms/MacOSX.platform/version.plist, missing ProductBuildVersion. Build version will be unset for this platform.
[2019-04-14 10:33:34.460][debug][command:5aef4faf-1051-4df3-affa-0d1480df2420][tid:6015][com.facebook.buck.apple.toolchain.impl.AppleCxxPlatforms] Apple toolchain path: /Users/stevenlee/Downloads/Xcode.app/Contents/Developer/Toolchains/XcodeDefault.xctoolchain
[2019-04-14 10:33:34.460][debug][command:5aef4faf-1051-4df3-affa-0d1480df2420][tid:6015][com.facebook.buck.apple.toolchain.impl.AppleCxxPlatforms] Headers verification platform whitelist: [^\Q/Users/stevenlee/Downloads/Xcode.app/Contents/Developer/Platforms/MacOSX.platform/Developer/Library/Frameworks\E\/.*, ^\Q/Users/stevenlee/Downloads/Xcode.app/Contents/Developer/Platforms/MacOSX.platform/Developer/SDKs/MacOSX.sdk\E\/.*, ^\Q/Users/stevenlee/Downloads/Xcode.app/Contents/Developer/Toolchains/XcodeDefault.xctoolchain\E\/.*]
[2019-04-14 10:33:34.461][debug][command:5aef4faf-1051-4df3-affa-0d1480df2420][tid:6015][com.facebook.buck.apple.toolchain.impl.AppleCxxPlatforms] Xcode build version is: 10B61
[2019-04-14 10:33:34.461][warn ][command:5aef4faf-1051-4df3-affa-0d1480df2420][tid:6015][com.facebook.buck.apple.toolchain.impl.AppleCxxPlatforms] In /Users/stevenlee/Downloads/Xcode.app/Contents/Developer/Platforms/MacOSX.platform/version.plist, missing ProductBuildVersion. Build version will be unset for this platform.
[2019-04-14 10:33:34.461][debug][command:5aef4faf-1051-4df3-affa-0d1480df2420][tid:6015][com.facebook.buck.apple.toolchain.impl.AppleCxxPlatforms] Apple toolchain path: /Users/stevenlee/Downloads/Xcode.app/Contents/Developer/Toolchains/XcodeDefault.xctoolchain
[2019-04-14 10:33:34.462][debug][command:5aef4faf-1051-4df3-affa-0d1480df2420][tid:6015][com.facebook.buck.apple.toolchain.impl.AppleCxxPlatforms] Headers verification platform whitelist: [^\Q/Users/stevenlee/Downloads/Xcode.app/Contents/Developer/Platforms/MacOSX.platform/Developer/Library/Frameworks\E\/.*, ^\Q/Users/stevenlee/Downloads/Xcode.app/Contents/Developer/Platforms/MacOSX.platform/Developer/SDKs/MacOSX.sdk\E\/.*, ^\Q/Users/stevenlee/Downloads/Xcode.app/Contents/Developer/Toolchains/XcodeDefault.xctoolchain\E\/.*]
[2019-04-14 10:33:34.462][debug][command:5aef4faf-1051-4df3-affa-0d1480df2420][tid:6015][com.facebook.buck.apple.toolchain.impl.AppleCxxPlatforms] SDK AppleSdk{name=watchsimulator5.1, version=5.1, applePlatform=ApplePlatform{name=watchsimulator, architectures=[i386, x86_64], minVersionFlagPrefix=-mwatchos-simulator-version-min=, stubBinaryPath=Library/Application Support/WatchKit/WK, appIncludesFrameworks=false}, architectures=[i386, x86_64], toolchains=[AppleToolchain{identifier=com.apple.dt.toolchain.XcodeDefault, path=/Users/stevenlee/Downloads/Xcode.app/Contents/Developer/Toolchains/XcodeDefault.xctoolchain}]} using default version 5.1
[2019-04-14 10:33:34.462][debug][command:5aef4faf-1051-4df3-affa-0d1480df2420][tid:6015][com.facebook.buck.apple.toolchain.impl.AppleCxxPlatforms] Xcode build version is: 10B61
[2019-04-14 10:33:34.463][debug][command:5aef4faf-1051-4df3-affa-0d1480df2420][tid:6015][com.facebook.buck.apple.toolchain.impl.AppleCxxPlatforms] Apple toolchain path: /Users/stevenlee/Downloads/Xcode.app/Contents/Developer/Toolchains/XcodeDefault.xctoolchain
[2019-04-14 10:33:34.463][debug][command:5aef4faf-1051-4df3-affa-0d1480df2420][tid:6015][com.facebook.buck.apple.toolchain.impl.AppleCxxPlatforms] Headers verification platform whitelist: [^\Q/Users/stevenlee/Downloads/Xcode.app/Contents/Developer/Platforms/WatchSimulator.platform/Developer/Library/Frameworks\E\/.*, ^\Q/Users/stevenlee/Downloads/Xcode.app/Contents/Developer/Platforms/WatchSimulator.platform/Developer/SDKs/WatchSimulator.sdk\E\/.*, ^\Q/Users/stevenlee/Downloads/Xcode.app/Contents/Developer/Toolchains/XcodeDefault.xctoolchain\E\/.*]
[2019-04-14 10:33:34.464][debug][command:5aef4faf-1051-4df3-affa-0d1480df2420][tid:6015][com.facebook.buck.apple.toolchain.impl.AppleCxxPlatforms] Xcode build version is: 10B61
[2019-04-14 10:33:34.465][debug][command:5aef4faf-1051-4df3-affa-0d1480df2420][tid:6015][com.facebook.buck.apple.toolchain.impl.AppleCxxPlatforms] Apple toolchain path: /Users/stevenlee/Downloads/Xcode.app/Contents/Developer/Toolchains/XcodeDefault.xctoolchain
[2019-04-14 10:33:34.465][debug][command:5aef4faf-1051-4df3-affa-0d1480df2420][tid:6015][com.facebook.buck.apple.toolchain.impl.AppleCxxPlatforms] Headers verification platform whitelist: [^\Q/Users/stevenlee/Downloads/Xcode.app/Contents/Developer/Platforms/WatchSimulator.platform/Developer/Library/Frameworks\E\/.*, ^\Q/Users/stevenlee/Downloads/Xcode.app/Contents/Developer/Platforms/WatchSimulator.platform/Developer/SDKs/WatchSimulator.sdk\E\/.*, ^\Q/Users/stevenlee/Downloads/Xcode.app/Contents/Developer/Toolchains/XcodeDefault.xctoolchain\E\/.*]
[2019-04-14 10:33:34.465][debug][command:5aef4faf-1051-4df3-affa-0d1480df2420][tid:6015][com.facebook.buck.apple.toolchain.impl.AppleCxxPlatforms] SDK AppleSdk{name=appletvsimulator12.1, version=12.1, applePlatform=ApplePlatform{name=appletvsimulator, swiftName=tvos, architectures=[x86_64], minVersionFlagPrefix=-mtvos-simulator-version-min=, appIncludesFrameworks=false}, architectures=[x86_64], toolchains=[AppleToolchain{identifier=com.apple.dt.toolchain.XcodeDefault, path=/Users/stevenlee/Downloads/Xcode.app/Contents/Developer/Toolchains/XcodeDefault.xctoolchain}]} using default version 12.1
[2019-04-14 10:33:34.466][debug][command:5aef4faf-1051-4df3-affa-0d1480df2420][tid:6015][com.facebook.buck.apple.toolchain.impl.AppleCxxPlatforms] Xcode build version is: 10B61
[2019-04-14 10:33:34.478][warn ][command:5aef4faf-1051-4df3-affa-0d1480df2420][tid:6015][com.facebook.buck.apple.toolchain.impl.AppleCxxPlatforms] /Users/stevenlee/Downloads/Xcode.app/Contents/Developer/Platforms/AppleTVSimulator.platform/version.plist does not exist. Build version will be unset for this platform.
[2019-04-14 10:33:34.478][debug][command:5aef4faf-1051-4df3-affa-0d1480df2420][tid:6015][com.facebook.buck.apple.toolchain.impl.AppleCxxPlatforms] Apple toolchain path: /Users/stevenlee/Downloads/Xcode.app/Contents/Developer/Toolchains/XcodeDefault.xctoolchain
[2019-04-14 10:33:34.478][debug][command:5aef4faf-1051-4df3-affa-0d1480df2420][tid:6015][com.facebook.buck.apple.toolchain.impl.AppleCxxPlatforms] Headers verification platform whitelist: [^\Q/Users/stevenlee/Downloads/Xcode.app/Contents/Developer/Platforms/AppleTVSimulator.platform/Developer/Library/Frameworks\E\/.*, ^\Q/Users/stevenlee/Downloads/Xcode.app/Contents/Developer/Platforms/AppleTVSimulator.platform/Developer/SDKs/AppleTVSimulator.sdk\E\/.*, ^\Q/Users/stevenlee/Downloads/Xcode.app/Contents/Developer/Toolchains/XcodeDefault.xctoolchain\E\/.*]
[2019-04-14 10:33:34.479][debug][command:5aef4faf-1051-4df3-affa-0d1480df2420][tid:6015][com.facebook.buck.apple.toolchain.impl.AppleCxxPlatforms] SDK AppleSdk{name=iphonesimulator12.1, version=12.1, applePlatform=ApplePlatform{name=iphonesimulator, swiftName=ios, architectures=[i386, x86_64], minVersionFlagPrefix=-mios-simulator-version-min=, stubBinaryPath=Library/Application Support/WatchKit/WK, appIncludesFrameworks=false}, architectures=[i386, x86_64], toolchains=[AppleToolchain{identifier=com.apple.dt.toolchain.XcodeDefault, path=/Users/stevenlee/Downloads/Xcode.app/Contents/Developer/Toolchains/XcodeDefault.xctoolchain}]} using default version 11.0
[2019-04-14 10:33:34.479][debug][command:5aef4faf-1051-4df3-affa-0d1480df2420][tid:6015][com.facebook.buck.apple.toolchain.impl.AppleCxxPlatforms] Xcode build version is: 10B61
[2019-04-14 10:33:34.481][warn ][command:5aef4faf-1051-4df3-affa-0d1480df2420][tid:6015][com.facebook.buck.apple.toolchain.impl.AppleCxxPlatforms] /Users/stevenlee/Downloads/Xcode.app/Contents/Developer/Platforms/iPhoneSimulator.platform/version.plist does not exist. Build version will be unset for this platform.
[2019-04-14 10:33:34.481][debug][command:5aef4faf-1051-4df3-affa-0d1480df2420][tid:6015][com.facebook.buck.apple.toolchain.impl.AppleCxxPlatforms] Apple toolchain path: /Users/stevenlee/Downloads/Xcode.app/Contents/Developer/Toolchains/XcodeDefault.xctoolchain
[2019-04-14 10:33:34.481][debug][command:5aef4faf-1051-4df3-affa-0d1480df2420][tid:6015][com.facebook.buck.apple.toolchain.impl.AppleCxxPlatforms] Headers verification platform whitelist: [^\Q/Users/stevenlee/Downloads/Xcode.app/Contents/Developer/Platforms/iPhoneSimulator.platform/Developer/Library/Frameworks\E\/.*, ^\Q/Users/stevenlee/Downloads/Xcode.app/Contents/Developer/Platforms/iPhoneSimulator.platform/Developer/SDKs/iPhoneSimulator.sdk\E\/.*, ^\Q/Users/stevenlee/Downloads/Xcode.app/Contents/Developer/Toolchains/XcodeDefault.xctoolchain\E\/.*]
[2019-04-14 10:33:34.482][debug][command:5aef4faf-1051-4df3-affa-0d1480df2420][tid:6015][com.facebook.buck.apple.toolchain.impl.AppleCxxPlatforms] Xcode build version is: 10B61
[2019-04-14 10:33:34.484][warn ][command:5aef4faf-1051-4df3-affa-0d1480df2420][tid:6015][com.facebook.buck.apple.toolchain.impl.AppleCxxPlatforms] /Users/stevenlee/Downloads/Xcode.app/Contents/Developer/Platforms/iPhoneSimulator.platform/version.plist does not exist. Build version will be unset for this platform.
[2019-04-14 10:33:34.484][debug][command:5aef4faf-1051-4df3-affa-0d1480df2420][tid:6015][com.facebook.buck.apple.toolchain.impl.AppleCxxPlatforms] Apple toolchain path: /Users/stevenlee/Downloads/Xcode.app/Contents/Developer/Toolchains/XcodeDefault.xctoolchain
[2019-04-14 10:33:34.484][debug][command:5aef4faf-1051-4df3-affa-0d1480df2420][tid:6015][com.facebook.buck.apple.toolchain.impl.AppleCxxPlatforms] Headers verification platform whitelist: [^\Q/Users/stevenlee/Downloads/Xcode.app/Contents/Developer/Platforms/iPhoneSimulator.platform/Developer/Library/Frameworks\E\/.*, ^\Q/Users/stevenlee/Downloads/Xcode.app/Contents/Developer/Platforms/iPhoneSimulator.platform/Developer/SDKs/iPhoneSimulator.sdk\E\/.*, ^\Q/Users/stevenlee/Downloads/Xcode.app/Contents/Developer/Toolchains/XcodeDefault.xctoolchain\E\/.*]
[2019-04-14 10:33:34.485][debug][command:5aef4faf-1051-4df3-affa-0d1480df2420][tid:6015][com.facebook.buck.apple.toolchain.impl.AppleCxxPlatforms] SDK AppleSdk{name=appletvos, version=12.1, applePlatform=ApplePlatform{name=appletvos, provisioningProfileName=tvOS, architectures=[arm64], minVersionFlagPrefix=-mtvos-version-min=, appIncludesFrameworks=false}, architectures=[arm64], toolchains=[AppleToolchain{identifier=com.apple.dt.toolchain.XcodeDefault, path=/Users/stevenlee/Downloads/Xcode.app/Contents/Developer/Toolchains/XcodeDefault.xctoolchain}]} using default version 12.1
[2019-04-14 10:33:34.485][debug][command:5aef4faf-1051-4df3-affa-0d1480df2420][tid:6015][com.facebook.buck.apple.toolchain.impl.AppleCxxPlatforms] Xcode build version is: 10B61
[2019-04-14 10:33:34.488][debug][command:5aef4faf-1051-4df3-affa-0d1480df2420][tid:6015][com.facebook.buck.apple.toolchain.impl.AppleCxxPlatforms] Apple toolchain path: /Users/stevenlee/Downloads/Xcode.app/Contents/Developer/Toolchains/XcodeDefault.xctoolchain
[2019-04-14 10:33:34.488][debug][command:5aef4faf-1051-4df3-affa-0d1480df2420][tid:6015][com.facebook.buck.apple.toolchain.impl.AppleCxxPlatforms] Headers verification platform whitelist: [^\Q/Users/stevenlee/Downloads/Xcode.app/Contents/Developer/Platforms/AppleTVOS.platform/Developer/Library/Frameworks\E\/.*, ^\Q/Users/stevenlee/Downloads/Xcode.app/Contents/Developer/Platforms/AppleTVOS.platform/Developer/SDKs/AppleTVOS.sdk\E\/.*, ^\Q/Users/stevenlee/Downloads/Xcode.app/Contents/Developer/Toolchains/XcodeDefault.xctoolchain\E\/.*]
[2019-04-14 10:33:34.488][debug][command:5aef4faf-1051-4df3-affa-0d1480df2420][tid:6015][com.facebook.buck.apple.toolchain.impl.AppleCxxPlatforms] SDK AppleSdk{name=appletvsimulator, version=12.1, applePlatform=ApplePlatform{name=appletvsimulator, swiftName=tvos, architectures=[x86_64], minVersionFlagPrefix=-mtvos-simulator-version-min=, appIncludesFrameworks=false}, architectures=[x86_64], toolchains=[AppleToolchain{identifier=com.apple.dt.toolchain.XcodeDefault, path=/Users/stevenlee/Downloads/Xcode.app/Contents/Developer/Toolchains/XcodeDefault.xctoolchain}]} using default version 12.1
[2019-04-14 10:33:34.489][debug][command:5aef4faf-1051-4df3-affa-0d1480df2420][tid:6015][com.facebook.buck.apple.toolchain.impl.AppleCxxPlatforms] Xcode build version is: 10B61
[2019-04-14 10:33:34.489][warn ][command:5aef4faf-1051-4df3-affa-0d1480df2420][tid:6015][com.facebook.buck.apple.toolchain.impl.AppleCxxPlatforms] /Users/stevenlee/Downloads/Xcode.app/Contents/Developer/Platforms/AppleTVSimulator.platform/version.plist does not exist. Build version will be unset for this platform.
[2019-04-14 10:33:34.489][debug][command:5aef4faf-1051-4df3-affa-0d1480df2420][tid:6015][com.facebook.buck.apple.toolchain.impl.AppleCxxPlatforms] Apple toolchain path: /Users/stevenlee/Downloads/Xcode.app/Contents/Developer/Toolchains/XcodeDefault.xctoolchain
[2019-04-14 10:33:34.489][debug][command:5aef4faf-1051-4df3-affa-0d1480df2420][tid:6015][com.facebook.buck.apple.toolchain.impl.AppleCxxPlatforms] Headers verification platform whitelist: [^\Q/Users/stevenlee/Downloads/Xcode.app/Contents/Developer/Platforms/AppleTVSimulator.platform/Developer/Library/Frameworks\E\/.*, ^\Q/Users/stevenlee/Downloads/Xcode.app/Contents/Developer/Platforms/AppleTVSimulator.platform/Developer/SDKs/AppleTVSimulator.sdk\E\/.*, ^\Q/Users/stevenlee/Downloads/Xcode.app/Contents/Developer/Toolchains/XcodeDefault.xctoolchain\E\/.*]
[2019-04-14 10:33:34.490][debug][command:5aef4faf-1051-4df3-affa-0d1480df2420][tid:6015][com.facebook.buck.apple.toolchain.impl.AppleCxxPlatforms] SDK AppleSdk{name=iphoneos, version=12.1, applePlatform=ApplePlatform{name=iphoneos, swiftName=ios, provisioningProfileName=iOS, architectures=[armv7, arm64], minVersionFlagPrefix=-mios-version-min=, stubBinaryPath=Library/Application Support/WatchKit/WK, appIncludesFrameworks=false}, architectures=[armv7, arm64], toolchains=[AppleToolchain{identifier=com.apple.dt.toolchain.XcodeDefault, path=/Users/stevenlee/Downloads/Xcode.app/Contents/Developer/Toolchains/XcodeDefault.xctoolchain}]} using default version 11.0
[2019-04-14 10:33:34.490][debug][command:5aef4faf-1051-4df3-affa-0d1480df2420][tid:6015][com.facebook.buck.apple.toolchain.impl.AppleCxxPlatforms] Xcode build version is: 10B61
[2019-04-14 10:33:34.491][debug][command:5aef4faf-1051-4df3-affa-0d1480df2420][tid:6015][com.facebook.buck.apple.toolchain.impl.AppleCxxPlatforms] Apple toolchain path: /Users/stevenlee/Downloads/Xcode.app/Contents/Developer/Toolchains/XcodeDefault.xctoolchain
[2019-04-14 10:33:34.491][debug][command:5aef4faf-1051-4df3-affa-0d1480df2420][tid:6015][com.facebook.buck.apple.toolchain.impl.AppleCxxPlatforms] Headers verification platform whitelist: [^\Q/Users/stevenlee/Downloads/Xcode.app/Contents/Developer/Platforms/iPhoneOS.platform/Developer/Library/Frameworks\E\/.*, ^\Q/Users/stevenlee/Downloads/Xcode.app/Contents/Developer/Platforms/iPhoneOS.platform/Developer/SDKs/iPhoneOS.sdk\E\/.*, ^\Q/Users/stevenlee/Downloads/Xcode.app/Contents/Developer/Toolchains/XcodeDefault.xctoolchain\E\/.*]
[2019-04-14 10:33:34.492][debug][command:5aef4faf-1051-4df3-affa-0d1480df2420][tid:6015][com.facebook.buck.apple.toolchain.impl.AppleCxxPlatforms] Xcode build version is: 10B61
[2019-04-14 10:33:34.492][debug][command:5aef4faf-1051-4df3-affa-0d1480df2420][tid:6015][com.facebook.buck.apple.toolchain.impl.AppleCxxPlatforms] Apple toolchain path: /Users/stevenlee/Downloads/Xcode.app/Contents/Developer/Toolchains/XcodeDefault.xctoolchain
[2019-04-14 10:33:34.492][debug][command:5aef4faf-1051-4df3-affa-0d1480df2420][tid:6015][com.facebook.buck.apple.toolchain.impl.AppleCxxPlatforms] Headers verification platform whitelist: [^\Q/Users/stevenlee/Downloads/Xcode.app/Contents/Developer/Platforms/iPhoneOS.platform/Developer/Library/Frameworks\E\/.*, ^\Q/Users/stevenlee/Downloads/Xcode.app/Contents/Developer/Platforms/iPhoneOS.platform/Developer/SDKs/iPhoneOS.sdk\E\/.*, ^\Q/Users/stevenlee/Downloads/Xcode.app/Contents/Developer/Toolchains/XcodeDefault.xctoolchain\E\/.*]
[2019-04-14 10:33:34.493][debug][command:5aef4faf-1051-4df3-affa-0d1480df2420][tid:6015][com.facebook.buck.apple.toolchain.impl.AppleCxxPlatforms] SDK AppleSdk{name=iphonesimulator, version=12.1, applePlatform=ApplePlatform{name=iphonesimulator, swiftName=ios, architectures=[i386, x86_64], minVersionFlagPrefix=-mios-simulator-version-min=, stubBinaryPath=Library/Application Support/WatchKit/WK, appIncludesFrameworks=false}, architectures=[i386, x86_64], toolchains=[AppleToolchain{identifier=com.apple.dt.toolchain.XcodeDefault, path=/Users/stevenlee/Downloads/Xcode.app/Contents/Developer/Toolchains/XcodeDefault.xctoolchain}]} using default version 11.0
[2019-04-14 10:33:34.493][debug][command:5aef4faf-1051-4df3-affa-0d1480df2420][tid:6015][com.facebook.buck.apple.toolchain.impl.AppleCxxPlatforms] Xcode build version is: 10B61
[2019-04-14 10:33:34.494][warn ][command:5aef4faf-1051-4df3-affa-0d1480df2420][tid:6015][com.facebook.buck.apple.toolchain.impl.AppleCxxPlatforms] /Users/stevenlee/Downloads/Xcode.app/Contents/Developer/Platforms/iPhoneSimulator.platform/version.plist does not exist. Build version will be unset for this platform.
[2019-04-14 10:33:34.494][debug][command:5aef4faf-1051-4df3-affa-0d1480df2420][tid:6015][com.facebook.buck.apple.toolchain.impl.AppleCxxPlatforms] Apple toolchain path: /Users/stevenlee/Downloads/Xcode.app/Contents/Developer/Toolchains/XcodeDefault.xctoolchain
[2019-04-14 10:33:34.494][debug][command:5aef4faf-1051-4df3-affa-0d1480df2420][tid:6015][com.facebook.buck.apple.toolchain.impl.AppleCxxPlatforms] Headers verification platform whitelist: [^\Q/Users/stevenlee/Downloads/Xcode.app/Contents/Developer/Platforms/iPhoneSimulator.platform/Developer/Library/Frameworks\E\/.*, ^\Q/Users/stevenlee/Downloads/Xcode.app/Contents/Developer/Platforms/iPhoneSimulator.platform/Developer/SDKs/iPhoneSimulator.sdk\E\/.*, ^\Q/Users/stevenlee/Downloads/Xcode.app/Contents/Developer/Toolchains/XcodeDefault.xctoolchain\E\/.*]
[2019-04-14 10:33:34.494][debug][command:5aef4faf-1051-4df3-affa-0d1480df2420][tid:6015][com.facebook.buck.apple.toolchain.impl.AppleCxxPlatforms] Xcode build version is: 10B61
[2019-04-14 10:33:34.495][warn ][command:5aef4faf-1051-4df3-affa-0d1480df2420][tid:6015][com.facebook.buck.apple.toolchain.impl.AppleCxxPlatforms] /Users/stevenlee/Downloads/Xcode.app/Contents/Developer/Platforms/iPhoneSimulator.platform/version.plist does not exist. Build version will be unset for this platform.
[2019-04-14 10:33:34.495][debug][command:5aef4faf-1051-4df3-affa-0d1480df2420][tid:6015][com.facebook.buck.apple.toolchain.impl.AppleCxxPlatforms] Apple toolchain path: /Users/stevenlee/Downloads/Xcode.app/Contents/Developer/Toolchains/XcodeDefault.xctoolchain
[2019-04-14 10:33:34.495][debug][command:5aef4faf-1051-4df3-affa-0d1480df2420][tid:6015][com.facebook.buck.apple.toolchain.impl.AppleCxxPlatforms] Headers verification platform whitelist: [^\Q/Users/stevenlee/Downloads/Xcode.app/Contents/Developer/Platforms/iPhoneSimulator.platform/Developer/Library/Frameworks\E\/.*, ^\Q/Users/stevenlee/Downloads/Xcode.app/Contents/Developer/Platforms/iPhoneSimulator.platform/Developer/SDKs/iPhoneSimulator.sdk\E\/.*, ^\Q/Users/stevenlee/Downloads/Xcode.app/Contents/Developer/Toolchains/XcodeDefault.xctoolchain\E\/.*]
[2019-04-14 10:33:34.495][debug][command:5aef4faf-1051-4df3-affa-0d1480df2420][tid:6015][com.facebook.buck.apple.toolchain.impl.AppleCxxPlatforms] SDK AppleSdk{name=macosx, version=10.14, applePlatform=ApplePlatform{name=macosx, architectures=[i386, x86_64], minVersionFlagPrefix=-mmacosx-version-min=, appIncludesFrameworks=true}, architectures=[i386, x86_64], toolchains=[AppleToolchain{identifier=com.apple.dt.toolchain.XcodeDefault, path=/Users/stevenlee/Downloads/Xcode.app/Contents/Developer/Toolchains/XcodeDefault.xctoolchain}]} using default version 10.14
[2019-04-14 10:33:34.496][debug][command:5aef4faf-1051-4df3-affa-0d1480df2420][tid:6015][com.facebook.buck.apple.toolchain.impl.AppleCxxPlatforms] Xcode build version is: 10B61
[2019-04-14 10:33:34.496][warn ][command:5aef4faf-1051-4df3-affa-0d1480df2420][tid:6015][com.facebook.buck.apple.toolchain.impl.AppleCxxPlatforms] In /Users/stevenlee/Downloads/Xcode.app/Contents/Developer/Platforms/MacOSX.platform/version.plist, missing ProductBuildVersion. Build version will be unset for this platform.
[2019-04-14 10:33:34.496][debug][command:5aef4faf-1051-4df3-affa-0d1480df2420][tid:6015][com.facebook.buck.apple.toolchain.impl.AppleCxxPlatforms] Apple toolchain path: /Users/stevenlee/Downloads/Xcode.app/Contents/Developer/Toolchains/XcodeDefault.xctoolchain
[2019-04-14 10:33:34.497][debug][command:5aef4faf-1051-4df3-affa-0d1480df2420][tid:6015][com.facebook.buck.apple.toolchain.impl.AppleCxxPlatforms] Headers verification platform whitelist: [^\Q/Users/stevenlee/Downloads/Xcode.app/Contents/Developer/Platforms/MacOSX.platform/Developer/Library/Frameworks\E\/.*, ^\Q/Users/stevenlee/Downloads/Xcode.app/Contents/Developer/Platforms/MacOSX.platform/Developer/SDKs/MacOSX.sdk\E\/.*, ^\Q/Users/stevenlee/Downloads/Xcode.app/Contents/Developer/Toolchains/XcodeDefault.xctoolchain\E\/.*]
[2019-04-14 10:33:34.497][debug][command:5aef4faf-1051-4df3-affa-0d1480df2420][tid:6015][com.facebook.buck.apple.toolchain.impl.AppleCxxPlatforms] Xcode build version is: 10B61
[2019-04-14 10:33:34.498][warn ][command:5aef4faf-1051-4df3-affa-0d1480df2420][tid:6015][com.facebook.buck.apple.toolchain.impl.AppleCxxPlatforms] In /Users/stevenlee/Downloads/Xcode.app/Contents/Developer/Platforms/MacOSX.platform/version.plist, missing ProductBuildVersion. Build version will be unset for this platform.
[2019-04-14 10:33:34.498][debug][command:5aef4faf-1051-4df3-affa-0d1480df2420][tid:6015][com.facebook.buck.apple.toolchain.impl.AppleCxxPlatforms] Apple toolchain path: /Users/stevenlee/Downloads/Xcode.app/Contents/Developer/Toolchains/XcodeDefault.xctoolchain
[2019-04-14 10:33:34.498][debug][command:5aef4faf-1051-4df3-affa-0d1480df2420][tid:6015][com.facebook.buck.apple.toolchain.impl.AppleCxxPlatforms] Headers verification platform whitelist: [^\Q/Users/stevenlee/Downloads/Xcode.app/Contents/Developer/Platforms/MacOSX.platform/Developer/Library/Frameworks\E\/.*, ^\Q/Users/stevenlee/Downloads/Xcode.app/Contents/Developer/Platforms/MacOSX.platform/Developer/SDKs/MacOSX.sdk\E\/.*, ^\Q/Users/stevenlee/Downloads/Xcode.app/Contents/Developer/Toolchains/XcodeDefault.xctoolchain\E\/.*]
[2019-04-14 10:33:34.498][debug][command:5aef4faf-1051-4df3-affa-0d1480df2420][tid:6015][com.facebook.buck.apple.toolchain.impl.AppleCxxPlatforms] SDK AppleSdk{name=watchos, version=5.1, applePlatform=ApplePlatform{name=watchos, provisioningProfileName=iOS, architectures=[armv7k, arm64_32], minVersionFlagPrefix=-mwatchos-version-min=, stubBinaryPath=Library/Application Support/WatchKit/WK, appIncludesFrameworks=false}, architectures=[armv7k, arm64_32], toolchains=[AppleToolchain{identifier=com.apple.dt.toolchain.XcodeDefault, path=/Users/stevenlee/Downloads/Xcode.app/Contents/Developer/Toolchains/XcodeDefault.xctoolchain}]} using default version 5.1
[2019-04-14 10:33:34.499][debug][command:5aef4faf-1051-4df3-affa-0d1480df2420][tid:6015][com.facebook.buck.apple.toolchain.impl.AppleCxxPlatforms] Xcode build version is: 10B61
[2019-04-14 10:33:34.499][debug][command:5aef4faf-1051-4df3-affa-0d1480df2420][tid:6015][com.facebook.buck.apple.toolchain.impl.AppleCxxPlatforms] Apple toolchain path: /Users/stevenlee/Downloads/Xcode.app/Contents/Developer/Toolchains/XcodeDefault.xctoolchain
[2019-04-14 10:33:34.500][debug][command:5aef4faf-1051-4df3-affa-0d1480df2420][tid:6015][com.facebook.buck.apple.toolchain.impl.AppleCxxPlatforms] Headers verification platform whitelist: [^\Q/Users/stevenlee/Downloads/Xcode.app/Contents/Developer/Platforms/WatchOS.platform/Developer/Library/Frameworks\E\/.*, ^\Q/Users/stevenlee/Downloads/Xcode.app/Contents/Developer/Platforms/WatchOS.platform/Developer/SDKs/WatchOS.sdk\E\/.*, ^\Q/Users/stevenlee/Downloads/Xcode.app/Contents/Developer/Toolchains/XcodeDefault.xctoolchain\E\/.*]
[2019-04-14 10:33:34.500][debug][command:5aef4faf-1051-4df3-affa-0d1480df2420][tid:6015][com.facebook.buck.apple.toolchain.impl.AppleCxxPlatforms] Xcode build version is: 10B61
[2019-04-14 10:33:34.501][debug][command:5aef4faf-1051-4df3-affa-0d1480df2420][tid:6015][com.facebook.buck.apple.toolchain.impl.AppleCxxPlatforms] Apple toolchain path: /Users/stevenlee/Downloads/Xcode.app/Contents/Developer/Toolchains/XcodeDefault.xctoolchain
[2019-04-14 10:33:34.501][debug][command:5aef4faf-1051-4df3-affa-0d1480df2420][tid:6015][com.facebook.buck.apple.toolchain.impl.AppleCxxPlatforms] Headers verification platform whitelist: [^\Q/Users/stevenlee/Downloads/Xcode.app/Contents/Developer/Platforms/WatchOS.platform/Developer/Library/Frameworks\E\/.*, ^\Q/Users/stevenlee/Downloads/Xcode.app/Contents/Developer/Platforms/WatchOS.platform/Developer/SDKs/WatchOS.sdk\E\/.*, ^\Q/Users/stevenlee/Downloads/Xcode.app/Contents/Developer/Toolchains/XcodeDefault.xctoolchain\E\/.*]
[2019-04-14 10:33:34.501][debug][command:5aef4faf-1051-4df3-affa-0d1480df2420][tid:6015][com.facebook.buck.apple.toolchain.impl.AppleCxxPlatforms] SDK AppleSdk{name=watchsimulator, version=5.1, applePlatform=ApplePlatform{name=watchsimulator, architectures=[i386, x86_64], minVersionFlagPrefix=-mwatchos-simulator-version-min=, stubBinaryPath=Library/Application Support/WatchKit/WK, appIncludesFrameworks=false}, architectures=[i386, x86_64], toolchains=[AppleToolchain{identifier=com.apple.dt.toolchain.XcodeDefault, path=/Users/stevenlee/Downloads/Xcode.app/Contents/Developer/Toolchains/XcodeDefault.xctoolchain}]} using default version 5.1
[2019-04-14 10:33:34.502][debug][command:5aef4faf-1051-4df3-affa-0d1480df2420][tid:6015][com.facebook.buck.apple.toolchain.impl.AppleCxxPlatforms] Xcode build version is: 10B61
[2019-04-14 10:33:34.502][debug][command:5aef4faf-1051-4df3-affa-0d1480df2420][tid:6015][com.facebook.buck.apple.toolchain.impl.AppleCxxPlatforms] Apple toolchain path: /Users/stevenlee/Downloads/Xcode.app/Contents/Developer/Toolchains/XcodeDefault.xctoolchain
[2019-04-14 10:33:34.502][debug][command:5aef4faf-1051-4df3-affa-0d1480df2420][tid:6015][com.facebook.buck.apple.toolchain.impl.AppleCxxPlatforms] Headers verification platform whitelist: [^\Q/Users/stevenlee/Downloads/Xcode.app/Contents/Developer/Platforms/WatchSimulator.platform/Developer/Library/Frameworks\E\/.*, ^\Q/Users/stevenlee/Downloads/Xcode.app/Contents/Developer/Platforms/WatchSimulator.platform/Developer/SDKs/WatchSimulator.sdk\E\/.*, ^\Q/Users/stevenlee/Downloads/Xcode.app/Contents/Developer/Toolchains/XcodeDefault.xctoolchain\E\/.*]
[2019-04-14 10:33:34.503][debug][command:5aef4faf-1051-4df3-affa-0d1480df2420][tid:6015][com.facebook.buck.apple.toolchain.impl.AppleCxxPlatforms] Xcode build version is: 10B61
[2019-04-14 10:33:34.504][debug][command:5aef4faf-1051-4df3-affa-0d1480df2420][tid:6015][com.facebook.buck.apple.toolchain.impl.AppleCxxPlatforms] Apple toolchain path: /Users/stevenlee/Downloads/Xcode.app/Contents/Developer/Toolchains/XcodeDefault.xctoolchain
[2019-04-14 10:33:34.504][debug][command:5aef4faf-1051-4df3-affa-0d1480df2420][tid:6015][com.facebook.buck.apple.toolchain.impl.AppleCxxPlatforms] Headers verification platform whitelist: [^\Q/Users/stevenlee/Downloads/Xcode.app/Contents/Developer/Platforms/WatchSimulator.platform/Developer/Library/Frameworks\E\/.*, ^\Q/Users/stevenlee/Downloads/Xcode.app/Contents/Developer/Platforms/WatchSimulator.platform/Developer/SDKs/WatchSimulator.sdk\E\/.*, ^\Q/Users/stevenlee/Downloads/Xcode.app/Contents/Developer/Toolchains/XcodeDefault.xctoolchain\E\/.*]
[2019-04-14 10:33:34.504][debug][command:5aef4faf-1051-4df3-affa-0d1480df2420][tid:6015][com.facebook.buck.io.ExecutableFinder] Executable 'clang' mapped to 'Optional[/usr/bin/clang]'
[2019-04-14 10:33:34.505][debug][command:5aef4faf-1051-4df3-affa-0d1480df2420][tid:6015][com.facebook.buck.io.ExecutableFinder] Executable 'clang++' mapped to 'Optional[/usr/bin/clang++]'
[2019-04-14 10:33:34.505][debug][command:5aef4faf-1051-4df3-affa-0d1480df2420][tid:6015][com.facebook.buck.cxx.toolchain.CxxPlatforms] Using config default C++ platform CxxPlatform{flavor=iphonesimulator-x86_64, as=com.facebook.buck.cxx.toolchain.CompilerProvider@31bafa75, asflags=[-isysroot, /Users/stevenlee/Downloads/Xcode.app/Contents/Developer/Platforms/iPhoneSimulator.platform/Developer/SDKs/iPhoneSimulator.sdk, -arch, x86_64, -mios-simulator-version-min=11.0, -iquote, /Users/stevenlee/Downloads/BuckTest 3], aspp=com.facebook.buck.cxx.toolchain.PreprocessorProvider@4f8b9215, asppflags=[], cc=com.facebook.buck.cxx.toolchain.CompilerProvider@c10e2a, cflags=[-isysroot, /Users/stevenlee/Downloads/Xcode.app/Contents/Developer/Platforms/iPhoneSimulator.platform/Developer/SDKs/iPhoneSimulator.sdk, -arch, x86_64, -mios-simulator-version-min=11.0, -iquote, /Users/stevenlee/Downloads/BuckTest 3, -g, -fmodules, -fobjc-arc, -D, BUCK, -w], cxx=com.facebook.buck.cxx.toolchain.CompilerProvider@371a38fe, cxxflags=[-isysroot, /Users/stevenlee/Downloads/Xcode.app/Contents/Developer/Platforms/iPhoneSimulator.platform/Developer/SDKs/iPhoneSimulator.sdk, -arch, x86_64, -mios-simulator-version-min=11.0, -iquote, /Users/stevenlee/Downloads/BuckTest 3, -fobjc-arc, -std=c++14, -D, DEBUG, -g], cpp=com.facebook.buck.cxx.toolchain.PreprocessorProvider@5195053a, cppflags=[], cxxpp=com.facebook.buck.cxx.toolchain.PreprocessorProvider@421d3e27, cxxppflags=[], cudappflags=[], cudaflags=[], hipppflags=[], hipflags=[], asmppflags=[], asmflags=[], ld=com.facebook.buck.cxx.toolchain.linker.DefaultLinkerProvider@4a25d810, ldflags=[-isysroot, /Users/stevenlee/Downloads/Xcode.app/Contents/Developer/Platforms/iPhoneSimulator.platform/Developer/SDKs/iPhoneSimulator.sdk, -arch, x86_64, -mios-simulator-version-min=11.0, -iquote, /Users/stevenlee/Downloads/BuckTest 3, -Wl,-sdk_version, -Wl,12.1, -Wl,-ObjC, -Xlinker, -objc_abi_version, -Xlinker, 2, -fobjc-arc, -fobjc-link-runtime], runtimeLdflags={}, strip=VersionedTool{path=/Users/stevenlee/Downloads/Xcode.app/Contents/Developer/Toolchains/XcodeDefault.xctoolchain/usr/bin/strip, extraArgs=[], name=apple-strip, version=12.1:10B61}, stripFlags=[], ar=com.facebook.buck.cxx.toolchain.ArchiverProvider$1@2c1ed462, archiveContents=NORMAL, arflags=[], ranlib=com.facebook.buck.core.toolchain.toolprovider.impl.ConstantToolProvider@55dbb80e, ranlibflags=[], symbolNameTool=com.facebook.buck.cxx.toolchain.LazyDelegatingSymbolNameTool@7e9c5894, sharedLibraryExtension=dylib, sharedLibraryVersionedExtensionFormat=%s.dylib, staticLibraryExtension=a, objectFileExtension=o, compilerDebugPathSanitizer=com.facebook.buck.cxx.toolchain.PrefixMapDebugPathSanitizer@1a9dfa0f, assemblerDebugPathSanitizer=com.facebook.buck.cxx.toolchain.MungingDebugPathSanitizer@40fa80fa, headerVerification=HeaderVerification{mode=IGNORE, whitelist=[], platformWhitelist=[^\Q/Users/stevenlee/Downloads/Xcode.app/Contents/Developer/Platforms/iPhoneSimulator.platform/Developer/Library/Frameworks\E\/.*, ^\Q/Users/stevenlee/Downloads/Xcode.app/Contents/Developer/Platforms/iPhoneSimulator.platform/Developer/SDKs/iPhoneSimulator.sdk\E\/.*, ^\Q/Users/stevenlee/Downloads/Xcode.app/Contents/Developer/Toolchains/XcodeDefault.xctoolchain\E\/.*], whitelistPatterns=[^\Q/Users/stevenlee/Downloads/Xcode.app/Contents/Developer/Platforms/iPhoneSimulator.platform/Developer/Library/Frameworks\E\/.*, ^\Q/Users/stevenlee/Downloads/Xcode.app/Contents/Developer/Platforms/iPhoneSimulator.platform/Developer/SDKs/iPhoneSimulator.sdk\E\/.*, ^\Q/Users/stevenlee/Downloads/Xcode.app/Contents/Developer/Toolchains/XcodeDefault.xctoolchain\E\/.*]}, flagMacros={SDKROOT=/Users/stevenlee/Downloads/Xcode.app/Contents/Developer/Platforms/iPhoneSimulator.platform/Developer/SDKs/iPhoneSimulator.sdk, PLATFORM_DIR=/Users/stevenlee/Downloads/Xcode.app/Contents/Developer/Platforms/iPhoneSimulator.platform, CURRENT_ARCH=x86_64, DEVELOPER_DIR=/Users/stevenlee/Downloads/Xcode.app/Contents/Developer}, publicHeadersSymlinksEnabled=true, privateHeadersSymlinksEnabled=true, picTypeForSharedLinking=PIC, conflictingHeaderBasenameWhitelist=[]}
[2019-04-14 10:33:34.930][debug][command:5aef4faf-1051-4df3-affa-0d1480df2420][tid:14][com.facebook.buck.core.model.actiongraph.computation.ActionGraphProvider] Computing TargetGraph HashCode...
[2019-04-14 10:33:34.930][info ][command:5aef4faf-1051-4df3-affa-0d1480df2420][tid:14][com.facebook.buck.core.model.actiongraph.computation.ActionGraphProvider] ActionGraph cache miss. Cache was empty.
[2019-04-14 10:33:34.930][debug][command:5aef4faf-1051-4df3-affa-0d1480df2420][tid:14][com.facebook.buck.core.model.actiongraph.computation.SerialActionGraphFactory] start target graph walk
[2019-04-14 10:33:34.930][debug][command:null][tid:6023][com.facebook.buck.parser.PythonDslProjectBuildFileParser] Closing buck.py process stdin
[2019-04-14 10:33:34.930][debug][command:null][tid:6023][com.facebook.buck.parser.PythonDslProjectBuildFileParser] Closing buck.py process stdin
[2019-04-14 10:33:34.948][debug][command:null][tid:6023][com.facebook.buck.parser.PythonDslProjectBuildFileParser] Waiting for process com.facebook.buck.util.ProcessExecutor$LaunchedProcessImpl@41d682e2 to exit...
[2019-04-14 10:33:34.948][debug][command:null][tid:6023][com.facebook.buck.parser.PythonDslProjectBuildFileParser] Waiting for process com.facebook.buck.util.ProcessExecutor$LaunchedProcessImpl@41d682e2 to exit...
[2019-04-14 10:33:34.948][debug][command:null][tid:6023][com.facebook.buck.parser.PythonDslProjectBuildFileParser] Process com.facebook.buck.util.ProcessExecutor$LaunchedProcessImpl@41d682e2 exited cleanly.
[2019-04-14 10:33:34.948][debug][command:null][tid:6023][com.facebook.buck.parser.PythonDslProjectBuildFileParser] Process com.facebook.buck.util.ProcessExecutor$LaunchedProcessImpl@41d682e2 exited cleanly.
[2019-04-14 10:33:34.969][debug][command:5aef4faf-1051-4df3-affa-0d1480df2420][tid:14][com.facebook.buck.apple.toolchain.impl.ProvisioningProfileStoreFactory] Provisioning profile search path: /Users/stevenlee/Library/MobileDevice/Provisioning Profiles
[2019-04-14 10:33:34.972][debug][command:5aef4faf-1051-4df3-affa-0d1480df2420][tid:14][com.facebook.buck.core.model.actiongraph.computation.SerialActionGraphFactory] end target graph walk
[2019-04-14 10:33:34.972][info ][command:5aef4faf-1051-4df3-affa-0d1480df2420][tid:14][com.facebook.buck.core.model.actiongraph.computation.ActionGraphProvider] ActionGraph cache assignment.
[2019-04-14 10:33:34.973][debug][command:5aef4faf-1051-4df3-affa-0d1480df2420][tid:14][com.facebook.buck.core.build.engine.impl.MetadataChecker] Checking metadata_storage for /Users/stevenlee/Downloads/BuckTest 3
[2019-04-14 10:33:36.076][warn ][command:5aef4faf-1051-4df3-affa-0d1480df2420][tid:6019][com.facebook.buck.rules.keys.RuleKeyBuilder] Attempting to add absolute path to rule key. Only using file name: /usr/bin/codesign
[2019-04-14 10:33:36.084][debug][command:5aef4faf-1051-4df3-affa-0d1480df2420][tid:6019][com.facebook.buck.core.build.engine.cache.manager.BuildCacheArtifactFetcher] Cache miss for '//BuckTest:BuckTest#dwarf-and-dsym,no-include-frameworks' with rulekey 'cea300488b3da99f07ac446ab9a3c9eaf4824a2d'
[2019-04-14 10:33:36.087][debug][command:5aef4faf-1051-4df3-affa-0d1480df2420][tid:6021][com.facebook.buck.core.build.engine.cache.manager.BuildCacheArtifactFetcher] Cache miss for '//BuckTest:AppBinary#apple-dsym,iphonesimulator-x86_64' with rulekey '5d772ba2700a8caea9ba6fcc5928b05aa0c776d7'
[2019-04-14 10:33:36.087][debug][command:5aef4faf-1051-4df3-affa-0d1480df2420][tid:6022][com.facebook.buck.core.build.engine.cache.manager.BuildCacheArtifactFetcher] Cache miss for '//BuckTest:AppBinary#iphonesimulator-x86_64,strip-non-global,stripped' with rulekey 'c53b8cd32827bc97a577a83c6cd69914f9fec01e'
[2019-04-14 10:33:36.087][debug][command:5aef4faf-1051-4df3-affa-0d1480df2420][tid:6019][com.facebook.buck.core.build.engine.cache.manager.BuildCacheArtifactFetcher] Cache miss for '//BuckTest:AppBinary#apple-debuggable-binary,dwarf-and-dsym,iphonesimulator-x86_64' with rulekey 'c705e6780c479240da4ad983f6cc4218452706b8'
[2019-04-14 10:33:36.092][debug][command:5aef4faf-1051-4df3-affa-0d1480df2420][tid:6019][com.facebook.buck.core.build.engine.cache.manager.BuildCacheArtifactFetcher] Cache miss for '//Pods:SwiftKeychainWrapper#iphonesimulator-x86_64,static' with rulekey '59c2d4d1e9252582f129c4dedc57cda978e1210b'
[2019-04-14 10:33:36.092][debug][command:5aef4faf-1051-4df3-affa-0d1480df2420][tid:6013][com.facebook.buck.core.build.engine.cache.manager.BuildCacheArtifactFetcher] Cache miss for '//Pods:SwiftyRSA#iphonesimulator-x86_64,static' with rulekey 'fc6879d48bff54b14644c6465614f3c31ae79e14'
[2019-04-14 10:33:36.092][debug][command:5aef4faf-1051-4df3-affa-0d1480df2420][tid:6019][com.facebook.buck.core.build.engine.cache.manager.BuildCacheArtifactFetcher] Cache miss for '//Pods:Alamofire#iphonesimulator-x86_64,static' with rulekey 'e3ff98dd2d7ca5d4116fad5971e1a09d212b3832'
[2019-04-14 10:33:36.092][debug][command:5aef4faf-1051-4df3-affa-0d1480df2420][tid:6013][com.facebook.buck.core.build.engine.cache.manager.BuildCacheArtifactFetcher] Cache miss for '//Pods:SkyFloatingLabelTextField#iphonesimulator-x86_64,static' with rulekey 'b8dec91d2b52d12993a1ff36a7b564ebf9c55cea'
[2019-04-14 10:33:36.092][debug][command:5aef4faf-1051-4df3-affa-0d1480df2420][tid:6009][com.facebook.buck.core.build.engine.cache.manager.BuildCacheArtifactFetcher] Cache miss for '//Pods:CountryPickerSwift#iphonesimulator-x86_64,static' with rulekey 'e23d527b3de9bc3ddf61fdda05bc29498409bb88'
[2019-04-14 10:33:36.092][debug][command:5aef4faf-1051-4df3-affa-0d1480df2420][tid:6020][com.facebook.buck.core.build.engine.cache.manager.BuildCacheArtifactFetcher] Cache miss for '//Pods:Lottie#iphonesimulator-x86_64,static' with rulekey '3f15ca6f22c39ce02584fbfd96a614f8c243d5d1'
[2019-04-14 10:33:36.092][debug][command:5aef4faf-1051-4df3-affa-0d1480df2420][tid:6014][com.facebook.buck.core.build.engine.cache.manager.BuildCacheArtifactFetcher] Cache miss for '//BuckTest:AppBinary#binary,iphonesimulator-x86_64' with rulekey 'fbd62917318f12a8efdf60edaaeba09c8412572c'
[2019-04-14 10:33:36.092][debug][command:5aef4faf-1051-4df3-affa-0d1480df2420][tid:6019][com.facebook.buck.core.build.engine.cache.manager.BuildCacheArtifactFetcher] Cache miss for '//Pods:SwinjectStoryboard#iphonesimulator-x86_64,static' with rulekey 'd5b4e49594c769bfac8a11faac79ff735908809d'
[2019-04-14 10:33:36.093][debug][command:5aef4faf-1051-4df3-affa-0d1480df2420][tid:6021][com.facebook.buck.core.build.engine.cache.manager.BuildCacheArtifactFetcher] Cache miss for '//Pods:Mixpanel#iphonesimulator-x86_64,static' with rulekey '11c923aaad650a8f12f92106e14bd9354f8345ba'
[2019-04-14 10:33:36.093][debug][command:5aef4faf-1051-4df3-affa-0d1480df2420][tid:6009][com.facebook.buck.core.build.engine.cache.manager.BuildCacheArtifactFetcher] Cache miss for '//Pods:RxCocoa#iphonesimulator-x86_64,static' with rulekey '395249787638736afaf0ce2abcc815baf1f48391'
[2019-04-14 10:33:36.092][debug][command:5aef4faf-1051-4df3-affa-0d1480df2420][tid:6022][com.facebook.buck.core.build.engine.cache.manager.BuildCacheArtifactFetcher] Cache miss for '//Pods:Armchair#iphonesimulator-x86_64,static' with rulekey '9331ec3d4e443292bdc8aefe21081bb0d0d0343e'
[2019-04-14 10:33:36.093][debug][command:5aef4faf-1051-4df3-affa-0d1480df2420][tid:6020][com.facebook.buck.core.build.engine.cache.manager.BuildCacheArtifactFetcher] Cache miss for '//Pods:Validator#iphonesimulator-x86_64,static' with rulekey '697f121361acfd41d0ffde955816f7b6ba032a28'
[2019-04-14 10:33:36.093][debug][command:5aef4faf-1051-4df3-affa-0d1480df2420][tid:6019][com.facebook.buck.core.build.engine.cache.manager.BuildCacheArtifactFetcher] Cache miss for '//Pods:Swinject#iphonesimulator-x86_64,static' with rulekey 'e0a97f1c8c5a3aaac13239cde25d1302d97a2fbe'
[2019-04-14 10:33:36.093][debug][command:5aef4faf-1051-4df3-affa-0d1480df2420][tid:6022][com.facebook.buck.core.build.engine.cache.manager.BuildCacheArtifactFetcher] Cache miss for '//Pods:IQKeyboardManagerSwift#iphonesimulator-x86_64,static' with rulekey '309762eaeb69d8b3e865e154a221411a2db6de7d'
[2019-04-14 10:33:36.093][debug][command:5aef4faf-1051-4df3-affa-0d1480df2420][tid:6019][com.facebook.buck.core.build.engine.cache.manager.BuildCacheArtifactFetcher] Cache miss for '//Pods:Hero#iphonesimulator-x86_64,static' with rulekey 'cd2d3ef70d9a9889a82737ddba90cb2ea967ce66'
[2019-04-14 10:33:36.093][debug][command:5aef4faf-1051-4df3-affa-0d1480df2420][tid:6013][com.facebook.buck.core.build.engine.cache.manager.BuildCacheArtifactFetcher] Cache miss for '//Pods:RxSwift#iphonesimulator-x86_64,static' with rulekey '872bb17138a24e2ab301b4dca771f5c37ccc40be'
[2019-04-14 10:33:36.095][debug][command:5aef4faf-1051-4df3-affa-0d1480df2420][tid:6022][com.facebook.buck.core.build.engine.cache.manager.BuildCacheArtifactFetcher] Cache miss for '//Pods:SwiftKeychainWrapper#apple-swift-compile,iphonesimulator-x86_64' with rulekey 'e5293276f6d65440aa22e117e264deec37d8afed'
[2019-04-14 10:33:36.095][debug][command:5aef4faf-1051-4df3-affa-0d1480df2420][tid:6019][com.facebook.buck.core.build.engine.cache.manager.BuildCacheArtifactFetcher] Cache miss for '//Pods:SwiftyRSA#apple-swift-compile,iphonesimulator-x86_64' with rulekey '4037c55c4c4d49f613ae93311e9ec11e300b7977'
[2019-04-14 10:33:36.095][debug][command:5aef4faf-1051-4df3-affa-0d1480df2420][tid:6022][com.facebook.buck.core.build.engine.cache.manager.BuildCacheArtifactFetcher] Cache miss for '//Pods:SwiftyRSA#compile-NSData_SHA.m.oe1265d67,iphonesimulator-x86_64' with rulekey '8b510e647d69e3ce1d0eef357f810363dc183bce'
[2019-04-14 10:33:36.095][debug][command:5aef4faf-1051-4df3-affa-0d1480df2420][tid:6013][com.facebook.buck.core.build.engine.cache.manager.BuildCacheArtifactFetcher] Cache miss for '//Pods:Alamofire#apple-swift-compile,iphonesimulator-x86_64' with rulekey '603bf27a29be0f432beb4baa9995d3326b8b9705'
[2019-04-14 10:33:36.095][debug][command:5aef4faf-1051-4df3-affa-0d1480df2420][tid:6013][com.facebook.buck.core.build.engine.cache.manager.BuildCacheArtifactFetcher] Cache miss for '//Pods:Lottie#apple-swift-compile,iphonesimulator-x86_64' with rulekey 'a00ca862decd5271eefb2d1ddaf616f366145a4c'
[2019-04-14 10:33:36.095][debug][command:5aef4faf-1051-4df3-affa-0d1480df2420][tid:6013][com.facebook.buck.core.build.engine.cache.manager.BuildCacheArtifactFetcher] Cache miss for '//Pods:SwinjectStoryboard#compile-_SwinjectStoryboardBase.m.oea583abe,iphonesimulator-x86_64' with rulekey '3455e25df5f3c0d3ad2284adc40104fd2e8e83ab'
[2019-04-14 10:33:36.095][debug][command:5aef4faf-1051-4df3-affa-0d1480df2420][tid:6009][com.facebook.buck.core.build.engine.cache.manager.BuildCacheArtifactFetcher] Cache miss for '//Pods:Armchair#apple-swift-compile,iphonesimulator-x86_64' with rulekey 'c02a5cc7684c00ae88edc0a28aaccb7fc7ea175e'
[2019-04-14 10:33:36.096][debug][command:5aef4faf-1051-4df3-affa-0d1480df2420][tid:6019][com.facebook.buck.core.build.engine.cache.manager.BuildCacheArtifactFetcher] Cache miss for '//Pods:SwinjectStoryboard#compile-SwinjectStoryboard_SetUp.m.o7507cf09,iphonesimulator-x86_64' with rulekey '2ab75a2f423d9acc88e69f80eb2b39cffe29dd46'
[2019-04-14 10:33:36.096][debug][command:5aef4faf-1051-4df3-affa-0d1480df2420][tid:6022][com.facebook.buck.core.build.engine.cache.manager.BuildCacheArtifactFetcher] Cache miss for '//Pods:SwinjectStoryboard#apple-swift-compile,iphonesimulator-x86_64' with rulekey '5c74710eb67bd8272587f48491c27ed95b9a76cd'
[2019-04-14 10:33:36.096][debug][command:5aef4faf-1051-4df3-affa-0d1480df2420][tid:6015][com.facebook.buck.core.build.engine.cache.manager.BuildCacheArtifactFetcher] Cache miss for '//Pods:Swinject#apple-swift-compile,iphonesimulator-x86_64' with rulekey 'a70857187214e7ad47f3e00dc9e41ae678035272'
[2019-04-14 10:33:36.096][debug][command:5aef4faf-1051-4df3-affa-0d1480df2420][tid:6009][com.facebook.buck.core.build.engine.cache.manager.BuildCacheArtifactFetcher] Cache miss for '//Pods:SkyFloatingLabelTextField#apple-swift-compile,iphonesimulator-x86_64' with rulekey '6f08bbc2e928a318ae75a66c05281a7b58705b01'
[2019-04-14 10:33:36.096][debug][command:5aef4faf-1051-4df3-affa-0d1480df2420][tid:6013][com.facebook.buck.core.build.engine.cache.manager.BuildCacheArtifactFetcher] Cache miss for '//Pods:SwinjectStoryboard#compile-UIStoryboard_Swizzling.m.obc487e72,iphonesimulator-x86_64' with rulekey '146d632a83d6ae9165a8bfb68609b9abf0eb8857'
[2019-04-14 10:33:36.096][debug][command:5aef4faf-1051-4df3-affa-0d1480df2420][tid:6014][com.facebook.buck.core.build.engine.cache.manager.BuildCacheArtifactFetcher] Cache miss for '//Pods:CountryPickerSwift#apple-swift-compile,iphonesimulator-x86_64' with rulekey '3f02245f0c810c1f0fd3fb3456d88833cb956c75'
[2019-04-14 10:33:36.096][debug][command:5aef4faf-1051-4df3-affa-0d1480df2420][tid:6014][com.facebook.buck.core.build.engine.cache.manager.BuildCacheArtifactFetcher] Cache miss for '//Pods:Mixpanel#apple-swift-compile,iphonesimulator-x86_64' with rulekey '6c3e12a8c09e2b7d0a43d955506005ef23bba9da'
[2019-04-14 10:33:36.096][debug][command:5aef4faf-1051-4df3-affa-0d1480df2420][tid:6021][com.facebook.buck.core.build.engine.cache.manager.BuildCacheArtifactFetcher] Cache miss for '//Pods:Validator#apple-swift-compile,iphonesimulator-x86_64' with rulekey '18b2957d7342ec6e53f2014b8ebeacae2eccc2e1'
[2019-04-14 10:33:36.096][debug][command:5aef4faf-1051-4df3-affa-0d1480df2420][tid:6019][com.facebook.buck.core.build.engine.cache.manager.BuildCacheArtifactFetcher] Cache miss for '//Pods:Mixpanel#compile-ExceptionWrapper.m.occa45d4d,iphonesimulator-x86_64' with rulekey 'd516cfd2811a1c00de098c9612afd22e4b6c3032'
[2019-04-14 10:33:36.096][debug][command:5aef4faf-1051-4df3-affa-0d1480df2420][tid:6020][com.facebook.buck.core.build.engine.cache.manager.BuildCacheArtifactFetcher] Cache miss for '//Pods:RxSwift#apple-swift-compile,iphonesimulator-x86_64' with rulekey 'a749ccca37c99fd5de9ed77e1021cff52270def4'
[2019-04-14 10:33:36.096][debug][command:5aef4faf-1051-4df3-affa-0d1480df2420][tid:6013][com.facebook.buck.core.build.engine.cache.manager.BuildCacheArtifactFetcher] Cache miss for '//Pods:IQKeyboardManagerSwift#apple-swift-compile,iphonesimulator-x86_64' with rulekey 'f014167d501657f226ae579e9b4b2354cd487609'
[2019-04-14 10:33:36.096][debug][command:5aef4faf-1051-4df3-affa-0d1480df2420][tid:6020][com.facebook.buck.core.build.engine.cache.manager.BuildCacheArtifactFetcher] Cache miss for '//Pods:RxCocoa#compile-_RXDelegateProxy.m.o7c08d5d3,iphonesimulator-x86_64' with rulekey '41713634fa77035b0daffd355fe39ca33cb24ac8'
[2019-04-14 10:33:36.096][debug][command:5aef4faf-1051-4df3-affa-0d1480df2420][tid:6019][com.facebook.buck.core.build.engine.cache.manager.BuildCacheArtifactFetcher] Cache miss for '//Pods:RxCocoa#compile-_RXObjCRuntime.m.o012b4dbb,iphonesimulator-x86_64' with rulekey '57b96392bbb34daf8dbca57abb6c647133c532c9'
[2019-04-14 10:33:36.096][debug][command:5aef4faf-1051-4df3-affa-0d1480df2420][tid:6020][com.facebook.buck.core.build.engine.cache.manager.BuildCacheArtifactFetcher] Cache miss for '//Pods:RxCocoa#compile-_RXKVOObserver.m.o8a241065,iphonesimulator-x86_64' with rulekey 'dc07be0e300ee2bdb689fd99138aa8c759a71a3d'
[2019-04-14 10:33:36.096][debug][command:5aef4faf-1051-4df3-affa-0d1480df2420][tid:6019][com.facebook.buck.core.build.engine.cache.manager.BuildCacheArtifactFetcher] Cache miss for '//Pods:RxCocoa#compile-_RX.m.o22138631,iphonesimulator-x86_64' with rulekey '66bd858f1843cb533b2ecbd1504a064af7f4d803'
[2019-04-14 10:33:36.096][debug][command:5aef4faf-1051-4df3-affa-0d1480df2420][tid:6022][com.facebook.buck.core.build.engine.cache.manager.BuildCacheArtifactFetcher] Cache miss for '//Pods:RxCocoa#apple-swift-compile,iphonesimulator-x86_64' with rulekey '4025e8520042e0e212bf28659c44e98f22e4b1dc'
[2019-04-14 10:33:36.096][debug][command:5aef4faf-1051-4df3-affa-0d1480df2420][tid:6022][com.facebook.buck.core.build.engine.cache.manager.BuildCacheArtifactFetcher] Cache miss for '//BuckTest:AppBinary#iphonesimulator-x86_64,swift-compile' with rulekey 'd4d077a49c1ca802227661b2918e152b9d695bef'
[2019-04-14 10:33:36.097][debug][command:5aef4faf-1051-4df3-affa-0d1480df2420][tid:6022][com.facebook.buck.core.build.engine.cache.manager.BuildCacheArtifactFetcher] Cache miss for '//Pods:Hero#apple-swift-compile,iphonesimulator-x86_64' with rulekey '76cca3696046fae34ea2c0c43810d6816264ae76'
[2019-04-14 10:33:36.109][debug][command:5aef4faf-1051-4df3-affa-0d1480df2420][tid:6014][com.facebook.buck.core.build.engine.impl.CachingBuildRuleBuilder] Building locally: //Pods:Lottie#apple-swift-compile,iphonesimulator-x86_64
[2019-04-14 10:33:36.109][debug][command:5aef4faf-1051-4df3-affa-0d1480df2420][tid:6013][com.facebook.buck.core.build.engine.impl.CachingBuildRuleBuilder] Building locally: //Pods:Alamofire#apple-swift-compile,iphonesimulator-x86_64
[2019-04-14 10:33:36.110][debug][command:5aef4faf-1051-4df3-affa-0d1480df2420][tid:6015][com.facebook.buck.core.build.engine.impl.CachingBuildRuleBuilder] Building locally: //Pods:RxSwift#apple-swift-compile,iphonesimulator-x86_64
[2019-04-14 10:33:36.110][debug][command:5aef4faf-1051-4df3-affa-0d1480df2420][tid:6020][com.facebook.buck.core.build.engine.impl.CachingBuildRuleBuilder] Building locally: //Pods:Validator#apple-swift-compile,iphonesimulator-x86_64
[2019-04-14 10:33:36.111][debug][command:5aef4faf-1051-4df3-affa-0d1480df2420][tid:6014][com.facebook.buck.swift.SwiftCompileStep] [/Users/stevenlee/Downloads/Xcode.app/Contents/Developer/Toolchains/XcodeDefault.xctoolchain/usr/bin/swiftc, -frontend, -sdk, /Users/stevenlee/Downloads/Xcode.app/Contents/Developer/Platforms/iPhoneSimulator.platform/Developer/SDKs/iPhoneSimulator.sdk, -target, x86_64-apple-ios11.0, -c, -enable-objc-interop, -parse-as-library, -serialize-debugging-options, -module-name, Lottie, -emit-module, -emit-module-path, buck-out/gen/Pods/Lottie#apple-swift-compile,iphonesimulator-x86_64/Lottie.swiftmodule, -emit-objc-header-path, buck-out/gen/Pods/Lottie#apple-swift-compile,iphonesimulator-x86_64/Lottie-Swift.h, -o, buck-out/gen/Pods/Lottie#apple-swift-compile,iphonesimulator-x86_64/Lottie.o, -swift-version, 5.0, -DBUCK, -enable-testing, -g, -Onone, -whole-module-optimization, -suppress-warnings, -filelist, /Users/stevenlee/Downloads/BuckTest 3/buck-out/bin/Pods/Lottie#apple-swift-compile,iphonesimulator-x86_64__filelist.txt]
[2019-04-14 10:33:36.111][debug][command:5aef4faf-1051-4df3-affa-0d1480df2420][tid:6014][com.facebook.buck.util.ListeningProcessExecutor] Launching process with params ProcessExecutorParams{command=[/Users/stevenlee/Downloads/Xcode.app/Contents/Developer/Toolchains/XcodeDefault.xctoolchain/usr/bin/swiftc, -frontend, -sdk, /Users/stevenlee/Downloads/Xcode.app/Contents/Developer/Platforms/iPhoneSimulator.platform/Developer/SDKs/iPhoneSimulator.sdk, -target, x86_64-apple-ios11.0, -c, -enable-objc-interop, -parse-as-library, -serialize-debugging-options, -module-name, Lottie, -emit-module, -emit-module-path, buck-out/gen/Pods/Lottie#apple-swift-compile,iphonesimulator-x86_64/Lottie.swiftmodule, -emit-objc-header-path, buck-out/gen/Pods/Lottie#apple-swift-compile,iphonesimulator-x86_64/Lottie-Swift.h, -o, buck-out/gen/Pods/Lottie#apple-swift-compile,iphonesimulator-x86_64/Lottie.o, -swift-version, 5.0, -DBUCK, -enable-testing, -g, -Onone, -whole-module-optimization, -suppress-warnings, -filelist, /Users/stevenlee/Downloads/BuckTest 3/buck-out/bin/Pods/Lottie#apple-swift-compile,iphonesimulator-x86_64__filelist.txt], directory=/Users/stevenlee/Downloads/BuckTest 3, environment={}}
[2019-04-14 10:33:36.111][debug][command:5aef4faf-1051-4df3-affa-0d1480df2420][tid:6015][com.facebook.buck.swift.SwiftCompileStep] [/Users/stevenlee/Downloads/Xcode.app/Contents/Developer/Toolchains/XcodeDefault.xctoolchain/usr/bin/swiftc, -frontend, -sdk, /Users/stevenlee/Downloads/Xcode.app/Contents/Developer/Platforms/iPhoneSimulator.platform/Developer/SDKs/iPhoneSimulator.sdk, -target, x86_64-apple-ios11.0, -c, -enable-objc-interop, -parse-as-library, -serialize-debugging-options, -module-name, RxSwift, -emit-module, -emit-module-path, buck-out/gen/Pods/RxSwift#apple-swift-compile,iphonesimulator-x86_64/RxSwift.swiftmodule, -emit-objc-header-path, buck-out/gen/Pods/RxSwift#apple-swift-compile,iphonesimulator-x86_64/RxSwift-Swift.h, -o, buck-out/gen/Pods/RxSwift#apple-swift-compile,iphonesimulator-x86_64/RxSwift.o, -swift-version, 5.0, -DBUCK, -enable-testing, -g, -Onone, -whole-module-optimization, -suppress-warnings, -filelist, /Users/stevenlee/Downloads/BuckTest 3/buck-out/bin/Pods/RxSwift#apple-swift-compile,iphonesimulator-x86_64__filelist.txt]
[2019-04-14 10:33:36.111][debug][command:5aef4faf-1051-4df3-affa-0d1480df2420][tid:6015][com.facebook.buck.util.ListeningProcessExecutor] Launching process with params ProcessExecutorParams{command=[/Users/stevenlee/Downloads/Xcode.app/Contents/Developer/Toolchains/XcodeDefault.xctoolchain/usr/bin/swiftc, -frontend, -sdk, /Users/stevenlee/Downloads/Xcode.app/Contents/Developer/Platforms/iPhoneSimulator.platform/Developer/SDKs/iPhoneSimulator.sdk, -target, x86_64-apple-ios11.0, -c, -enable-objc-interop, -parse-as-library, -serialize-debugging-options, -module-name, RxSwift, -emit-module, -emit-module-path, buck-out/gen/Pods/RxSwift#apple-swift-compile,iphonesimulator-x86_64/RxSwift.swiftmodule, -emit-objc-header-path, buck-out/gen/Pods/RxSwift#apple-swift-compile,iphonesimulator-x86_64/RxSwift-Swift.h, -o, buck-out/gen/Pods/RxSwift#apple-swift-compile,iphonesimulator-x86_64/RxSwift.o, -swift-version, 5.0, -DBUCK, -enable-testing, -g, -Onone, -whole-module-optimization, -suppress-warnings, -filelist, /Users/stevenlee/Downloads/BuckTest 3/buck-out/bin/Pods/RxSwift#apple-swift-compile,iphonesimulator-x86_64__filelist.txt], directory=/Users/stevenlee/Downloads/BuckTest 3, environment={}}
[2019-04-14 10:33:36.112][debug][command:5aef4faf-1051-4df3-affa-0d1480df2420][tid:6013][com.facebook.buck.swift.SwiftCompileStep] [/Users/stevenlee/Downloads/Xcode.app/Contents/Developer/Toolchains/XcodeDefault.xctoolchain/usr/bin/swiftc, -frontend, -sdk, /Users/stevenlee/Downloads/Xcode.app/Contents/Developer/Platforms/iPhoneSimulator.platform/Developer/SDKs/iPhoneSimulator.sdk, -target, x86_64-apple-ios11.0, -c, -enable-objc-interop, -parse-as-library, -serialize-debugging-options, -module-name, Alamofire, -emit-module, -emit-module-path, buck-out/gen/Pods/Alamofire#apple-swift-compile,iphonesimulator-x86_64/Alamofire.swiftmodule, -emit-objc-header-path, buck-out/gen/Pods/Alamofire#apple-swift-compile,iphonesimulator-x86_64/Alamofire-Swift.h, -o, buck-out/gen/Pods/Alamofire#apple-swift-compile,iphonesimulator-x86_64/Alamofire.o, -swift-version, 5.0, -DBUCK, -enable-testing, -g, -Onone, -whole-module-optimization, -suppress-warnings, -filelist, /Users/stevenlee/Downloads/BuckTest 3/buck-out/bin/Pods/Alamofire#apple-swift-compile,iphonesimulator-x86_64__filelist.txt]
[2019-04-14 10:33:36.112][debug][command:5aef4faf-1051-4df3-affa-0d1480df2420][tid:6013][com.facebook.buck.util.ListeningProcessExecutor] Launching process with params ProcessExecutorParams{command=[/Users/stevenlee/Downloads/Xcode.app/Contents/Developer/Toolchains/XcodeDefault.xctoolchain/usr/bin/swiftc, -frontend, -sdk, /Users/stevenlee/Downloads/Xcode.app/Contents/Developer/Platforms/iPhoneSimulator.platform/Developer/SDKs/iPhoneSimulator.sdk, -target, x86_64-apple-ios11.0, -c, -enable-objc-interop, -parse-as-library, -serialize-debugging-options, -module-name, Alamofire, -emit-module, -emit-module-path, buck-out/gen/Pods/Alamofire#apple-swift-compile,iphonesimulator-x86_64/Alamofire.swiftmodule, -emit-objc-header-path, buck-out/gen/Pods/Alamofire#apple-swift-compile,iphonesimulator-x86_64/Alamofire-Swift.h, -o, buck-out/gen/Pods/Alamofire#apple-swift-compile,iphonesimulator-x86_64/Alamofire.o, -swift-version, 5.0, -DBUCK, -enable-testing, -g, -Onone, -whole-module-optimization, -suppress-warnings, -filelist, /Users/stevenlee/Downloads/BuckTest 3/buck-out/bin/Pods/Alamofire#apple-swift-compile,iphonesimulator-x86_64__filelist.txt], directory=/Users/stevenlee/Downloads/BuckTest 3, environment={}}
[2019-04-14 10:33:36.112][debug][command:5aef4faf-1051-4df3-affa-0d1480df2420][tid:6021][com.facebook.buck.core.build.engine.impl.CachingBuildRuleBuilder] Building locally: //Pods:CountryPickerSwift#apple-swift-compile,iphonesimulator-x86_64
[2019-04-14 10:33:36.112][debug][command:5aef4faf-1051-4df3-affa-0d1480df2420][tid:6020][com.facebook.buck.swift.SwiftCompileStep] [/Users/stevenlee/Downloads/Xcode.app/Contents/Developer/Toolchains/XcodeDefault.xctoolchain/usr/bin/swiftc, -frontend, -sdk, /Users/stevenlee/Downloads/Xcode.app/Contents/Developer/Platforms/iPhoneSimulator.platform/Developer/SDKs/iPhoneSimulator.sdk, -target, x86_64-apple-ios11.0, -c, -enable-objc-interop, -parse-as-library, -serialize-debugging-options, -module-name, Validator, -emit-module, -emit-module-path, buck-out/gen/Pods/Validator#apple-swift-compile,iphonesimulator-x86_64/Validator.swiftmodule, -emit-objc-header-path, buck-out/gen/Pods/Validator#apple-swift-compile,iphonesimulator-x86_64/Validator-Swift.h, -o, buck-out/gen/Pods/Validator#apple-swift-compile,iphonesimulator-x86_64/Validator.o, -swift-version, 5.0, -DBUCK, -enable-testing, -g, -Onone, -whole-module-optimization, -suppress-warnings, -filelist, /Users/stevenlee/Downloads/BuckTest 3/buck-out/bin/Pods/Validator#apple-swift-compile,iphonesimulator-x86_64__filelist.txt]
[2019-04-14 10:33:36.112][debug][command:5aef4faf-1051-4df3-affa-0d1480df2420][tid:6020][com.facebook.buck.util.ListeningProcessExecutor] Launching process with params ProcessExecutorParams{command=[/Users/stevenlee/Downloads/Xcode.app/Contents/Developer/Toolchains/XcodeDefault.xctoolchain/usr/bin/swiftc, -frontend, -sdk, /Users/stevenlee/Downloads/Xcode.app/Contents/Developer/Platforms/iPhoneSimulator.platform/Developer/SDKs/iPhoneSimulator.sdk, -target, x86_64-apple-ios11.0, -c, -enable-objc-interop, -parse-as-library, -serialize-debugging-options, -module-name, Validator, -emit-module, -emit-module-path, buck-out/gen/Pods/Validator#apple-swift-compile,iphonesimulator-x86_64/Validator.swiftmodule, -emit-objc-header-path, buck-out/gen/Pods/Validator#apple-swift-compile,iphonesimulator-x86_64/Validator-Swift.h, -o, buck-out/gen/Pods/Validator#apple-swift-compile,iphonesimulator-x86_64/Validator.o, -swift-version, 5.0, -DBUCK, -enable-testing, -g, -Onone, -whole-module-optimization, -suppress-warnings, -filelist, /Users/stevenlee/Downloads/BuckTest 3/buck-out/bin/Pods/Validator#apple-swift-compile,iphonesimulator-x86_64__filelist.txt], directory=/Users/stevenlee/Downloads/BuckTest 3, environment={}}
[2019-04-14 10:33:36.113][debug][command:5aef4faf-1051-4df3-affa-0d1480df2420][tid:6021][com.facebook.buck.swift.SwiftCompileStep] [/Users/stevenlee/Downloads/Xcode.app/Contents/Developer/Toolchains/XcodeDefault.xctoolchain/usr/bin/swiftc, -frontend, -sdk, /Users/stevenlee/Downloads/Xcode.app/Contents/Developer/Platforms/iPhoneSimulator.platform/Developer/SDKs/iPhoneSimulator.sdk, -target, x86_64-apple-ios11.0, -c, -enable-objc-interop, -parse-as-library, -serialize-debugging-options, -module-name, CountryPicker, -emit-module, -emit-module-path, buck-out/gen/Pods/CountryPickerSwift#apple-swift-compile,iphonesimulator-x86_64/CountryPicker.swiftmodule, -emit-objc-header-path, buck-out/gen/Pods/CountryPickerSwift#apple-swift-compile,iphonesimulator-x86_64/CountryPicker-Swift.h, -o, buck-out/gen/Pods/CountryPickerSwift#apple-swift-compile,iphonesimulator-x86_64/CountryPicker.o, -swift-version, 5.0, -DBUCK, -enable-testing, -g, -Onone, -whole-module-optimization, -suppress-warnings, -filelist, /Users/stevenlee/Downloads/BuckTest 3/buck-out/bin/Pods/CountryPickerSwift#apple-swift-compile,iphonesimulator-x86_64__filelist.txt]
[2019-04-14 10:33:36.113][debug][command:5aef4faf-1051-4df3-affa-0d1480df2420][tid:6021][com.facebook.buck.util.ListeningProcessExecutor] Launching process with params ProcessExecutorParams{command=[/Users/stevenlee/Downloads/Xcode.app/Contents/Developer/Toolchains/XcodeDefault.xctoolchain/usr/bin/swiftc, -frontend, -sdk, /Users/stevenlee/Downloads/Xcode.app/Contents/Developer/Platforms/iPhoneSimulator.platform/Developer/SDKs/iPhoneSimulator.sdk, -target, x86_64-apple-ios11.0, -c, -enable-objc-interop, -parse-as-library, -serialize-debugging-options, -module-name, CountryPicker, -emit-module, -emit-module-path, buck-out/gen/Pods/CountryPickerSwift#apple-swift-compile,iphonesimulator-x86_64/CountryPicker.swiftmodule, -emit-objc-header-path, buck-out/gen/Pods/CountryPickerSwift#apple-swift-compile,iphonesimulator-x86_64/CountryPicker-Swift.h, -o, buck-out/gen/Pods/CountryPickerSwift#apple-swift-compile,iphonesimulator-x86_64/CountryPicker.o, -swift-version, 5.0, -DBUCK, -enable-testing, -g, -Onone, -whole-module-optimization, -suppress-warnings, -filelist, /Users/stevenlee/Downloads/BuckTest 3/buck-out/bin/Pods/CountryPickerSwift#apple-swift-compile,iphonesimulator-x86_64__filelist.txt], directory=/Users/stevenlee/Downloads/BuckTest 3, environment={}}
[2019-04-14 10:33:36.115][debug][command:5aef4faf-1051-4df3-affa-0d1480df2420][tid:6014][com.facebook.buck.util.ListeningProcessExecutor] Successfully launched process com.zaxxer.nuprocess.osx.OsxProcess@3f4617fd
[2019-04-14 10:33:36.115][debug][command:5aef4faf-1051-4df3-affa-0d1480df2420][tid:6014][com.facebook.buck.util.ListeningProcessExecutor] Waiting for process com.facebook.buck.util.ListeningProcessExecutor$LaunchedProcessImpl@5d95fbd9 timeout 0 SECONDS
[2019-04-14 10:33:36.119][debug][command:5aef4faf-1051-4df3-affa-0d1480df2420][tid:6022][com.facebook.buck.core.build.engine.impl.CachingBuildRuleBuilder] Building locally: //Pods:SkyFloatingLabelTextField#apple-swift-compile,iphonesimulator-x86_64
[2019-04-14 10:33:36.119][debug][command:5aef4faf-1051-4df3-affa-0d1480df2420][tid:6021][com.facebook.buck.util.ListeningProcessExecutor] Successfully launched process com.zaxxer.nuprocess.osx.OsxProcess@6d14dd2d
[2019-04-14 10:33:36.119][debug][command:5aef4faf-1051-4df3-affa-0d1480df2420][tid:6009][com.facebook.buck.core.build.engine.impl.CachingBuildRuleBuilder] Building locally: //Pods:Hero#apple-swift-compile,iphonesimulator-x86_64
[2019-04-14 10:33:36.120][debug][command:5aef4faf-1051-4df3-affa-0d1480df2420][tid:6021][com.facebook.buck.util.ListeningProcessExecutor] Waiting for process com.facebook.buck.util.ListeningProcessExecutor$LaunchedProcessImpl@1bcf3870 timeout 0 SECONDS
[2019-04-14 10:33:36.120][debug][command:5aef4faf-1051-4df3-affa-0d1480df2420][tid:6022][com.facebook.buck.swift.SwiftCompileStep] [/Users/stevenlee/Downloads/Xcode.app/Contents/Developer/Toolchains/XcodeDefault.xctoolchain/usr/bin/swiftc, -frontend, -sdk, /Users/stevenlee/Downloads/Xcode.app/Contents/Developer/Platforms/iPhoneSimulator.platform/Developer/SDKs/iPhoneSimulator.sdk, -target, x86_64-apple-ios11.0, -c, -enable-objc-interop, -parse-as-library, -serialize-debugging-options, -module-name, SkyFloatingLabelTextField, -emit-module, -emit-module-path, buck-out/gen/Pods/SkyFloatingLabelTextField#apple-swift-compile,iphonesimulator-x86_64/SkyFloatingLabelTextField.swiftmodule, -emit-objc-header-path, buck-out/gen/Pods/SkyFloatingLabelTextField#apple-swift-compile,iphonesimulator-x86_64/SkyFloatingLabelTextField-Swift.h, -o, buck-out/gen/Pods/SkyFloatingLabelTextField#apple-swift-compile,iphonesimulator-x86_64/SkyFloatingLabelTextField.o, -swift-version, 5.0, -DBUCK, -enable-testing, -g, -Onone, -whole-module-optimization, -suppress-warnings, -filelist, /Users/stevenlee/Downloads/BuckTest 3/buck-out/bin/Pods/SkyFloatingLabelTextField#apple-swift-compile,iphonesimulator-x86_64__filelist.txt]
[2019-04-14 10:33:36.120][debug][command:5aef4faf-1051-4df3-affa-0d1480df2420][tid:6022][com.facebook.buck.util.ListeningProcessExecutor] Launching process with params ProcessExecutorParams{command=[/Users/stevenlee/Downloads/Xcode.app/Contents/Developer/Toolchains/XcodeDefault.xctoolchain/usr/bin/swiftc, -frontend, -sdk, /Users/stevenlee/Downloads/Xcode.app/Contents/Developer/Platforms/iPhoneSimulator.platform/Developer/SDKs/iPhoneSimulator.sdk, -target, x86_64-apple-ios11.0, -c, -enable-objc-interop, -parse-as-library, -serialize-debugging-options, -module-name, SkyFloatingLabelTextField, -emit-module, -emit-module-path, buck-out/gen/Pods/SkyFloatingLabelTextField#apple-swift-compile,iphonesimulator-x86_64/SkyFloatingLabelTextField.swiftmodule, -emit-objc-header-path, buck-out/gen/Pods/SkyFloatingLabelTextField#apple-swift-compile,iphonesimulator-x86_64/SkyFloatingLabelTextField-Swift.h, -o, buck-out/gen/Pods/SkyFloatingLabelTextField#apple-swift-compile,iphonesimulator-x86_64/SkyFloatingLabelTextField.o, -swift-version, 5.0, -DBUCK, -enable-testing, -g, -Onone, -whole-module-optimization, -suppress-warnings, -filelist, /Users/stevenlee/Downloads/BuckTest 3/buck-out/bin/Pods/SkyFloatingLabelTextField#apple-swift-compile,iphonesimulator-x86_64__filelist.txt], directory=/Users/stevenlee/Downloads/BuckTest 3, environment={}}
[2019-04-14 10:33:36.121][debug][command:5aef4faf-1051-4df3-affa-0d1480df2420][tid:6009][com.facebook.buck.swift.SwiftCompileStep] [/Users/stevenlee/Downloads/Xcode.app/Contents/Developer/Toolchains/XcodeDefault.xctoolchain/usr/bin/swiftc, -frontend, -sdk, /Users/stevenlee/Downloads/Xcode.app/Contents/Developer/Platforms/iPhoneSimulator.platform/Developer/SDKs/iPhoneSimulator.sdk, -target, x86_64-apple-ios11.0, -c, -enable-objc-interop, -parse-as-library, -serialize-debugging-options, -module-name, Hero, -emit-module, -emit-module-path, buck-out/gen/Pods/Hero#apple-swift-compile,iphonesimulator-x86_64/Hero.swiftmodule, -emit-objc-header-path, buck-out/gen/Pods/Hero#apple-swift-compile,iphonesimulator-x86_64/Hero-Swift.h, -o, buck-out/gen/Pods/Hero#apple-swift-compile,iphonesimulator-x86_64/Hero.o, -swift-version, 5.0, -DBUCK, -enable-testing, -g, -Onone, -whole-module-optimization, -suppress-warnings, -filelist, /Users/stevenlee/Downloads/BuckTest 3/buck-out/bin/Pods/Hero#apple-swift-compile,iphonesimulator-x86_64__filelist.txt]
[2019-04-14 10:33:36.121][debug][command:5aef4faf-1051-4df3-affa-0d1480df2420][tid:6009][com.facebook.buck.util.ListeningProcessExecutor] Launching process with params ProcessExecutorParams{command=[/Users/stevenlee/Downloads/Xcode.app/Contents/Developer/Toolchains/XcodeDefault.xctoolchain/usr/bin/swiftc, -frontend, -sdk, /Users/stevenlee/Downloads/Xcode.app/Contents/Developer/Platforms/iPhoneSimulator.platform/Developer/SDKs/iPhoneSimulator.sdk, -target, x86_64-apple-ios11.0, -c, -enable-objc-interop, -parse-as-library, -serialize-debugging-options, -module-name, Hero, -emit-module, -emit-module-path, buck-out/gen/Pods/Hero#apple-swift-compile,iphonesimulator-x86_64/Hero.swiftmodule, -emit-objc-header-path, buck-out/gen/Pods/Hero#apple-swift-compile,iphonesimulator-x86_64/Hero-Swift.h, -o, buck-out/gen/Pods/Hero#apple-swift-compile,iphonesimulator-x86_64/Hero.o, -swift-version, 5.0, -DBUCK, -enable-testing, -g, -Onone, -whole-module-optimization, -suppress-warnings, -filelist, /Users/stevenlee/Downloads/BuckTest 3/buck-out/bin/Pods/Hero#apple-swift-compile,iphonesimulator-x86_64__filelist.txt], directory=/Users/stevenlee/Downloads/BuckTest 3, environment={}}
[2019-04-14 10:33:36.122][debug][command:5aef4faf-1051-4df3-affa-0d1480df2420][tid:6020][com.facebook.buck.util.ListeningProcessExecutor] Successfully launched process com.zaxxer.nuprocess.osx.OsxProcess@7b3dd849
[2019-04-14 10:33:36.122][debug][command:5aef4faf-1051-4df3-affa-0d1480df2420][tid:6020][com.facebook.buck.util.ListeningProcessExecutor] Waiting for process com.facebook.buck.util.ListeningProcessExecutor$LaunchedProcessImpl@1759fb20 timeout 0 SECONDS
[2019-04-14 10:33:36.123][debug][command:5aef4faf-1051-4df3-affa-0d1480df2420][tid:6019][com.facebook.buck.core.build.engine.impl.CachingBuildRuleBuilder] Building locally: //Pods:IQKeyboardManagerSwift#apple-swift-compile,iphonesimulator-x86_64
[2019-04-14 10:33:36.123][debug][command:5aef4faf-1051-4df3-affa-0d1480df2420][tid:6013][com.facebook.buck.util.ListeningProcessExecutor] Successfully launched process com.zaxxer.nuprocess.osx.OsxProcess@739e8d8a
[2019-04-14 10:33:36.124][debug][command:5aef4faf-1051-4df3-affa-0d1480df2420][tid:6013][com.facebook.buck.util.ListeningProcessExecutor] Waiting for process com.facebook.buck.util.ListeningProcessExecutor$LaunchedProcessImpl@6d0d7307 timeout 0 SECONDS
[2019-04-14 10:33:36.124][debug][command:5aef4faf-1051-4df3-affa-0d1480df2420][tid:6019][com.facebook.buck.swift.SwiftCompileStep] [/Users/stevenlee/Downloads/Xcode.app/Contents/Developer/Toolchains/XcodeDefault.xctoolchain/usr/bin/swiftc, -frontend, -sdk, /Users/stevenlee/Downloads/Xcode.app/Contents/Developer/Platforms/iPhoneSimulator.platform/Developer/SDKs/iPhoneSimulator.sdk, -target, x86_64-apple-ios11.0, -c, -enable-objc-interop, -parse-as-library, -serialize-debugging-options, -module-name, IQKeyboardManagerSwift, -emit-module, -emit-module-path, buck-out/gen/Pods/IQKeyboardManagerSwift#apple-swift-compile,iphonesimulator-x86_64/IQKeyboardManagerSwift.swiftmodule, -emit-objc-header-path, buck-out/gen/Pods/IQKeyboardManagerSwift#apple-swift-compile,iphonesimulator-x86_64/IQKeyboardManagerSwift-Swift.h, -o, buck-out/gen/Pods/IQKeyboardManagerSwift#apple-swift-compile,iphonesimulator-x86_64/IQKeyboardManagerSwift.o, -swift-version, 5.0, -DBUCK, -enable-testing, -g, -Onone, -whole-module-optimization, -suppress-warnings, -filelist, /Users/stevenlee/Downloads/BuckTest 3/buck-out/bin/Pods/IQKeyboardManagerSwift#apple-swift-compile,iphonesimulator-x86_64__filelist.txt]
[2019-04-14 10:33:36.124][debug][command:5aef4faf-1051-4df3-affa-0d1480df2420][tid:6019][com.facebook.buck.util.ListeningProcessExecutor] Launching process with params ProcessExecutorParams{command=[/Users/stevenlee/Downloads/Xcode.app/Contents/Developer/Toolchains/XcodeDefault.xctoolchain/usr/bin/swiftc, -frontend, -sdk, /Users/stevenlee/Downloads/Xcode.app/Contents/Developer/Platforms/iPhoneSimulator.platform/Developer/SDKs/iPhoneSimulator.sdk, -target, x86_64-apple-ios11.0, -c, -enable-objc-interop, -parse-as-library, -serialize-debugging-options, -module-name, IQKeyboardManagerSwift, -emit-module, -emit-module-path, buck-out/gen/Pods/IQKeyboardManagerSwift#apple-swift-compile,iphonesimulator-x86_64/IQKeyboardManagerSwift.swiftmodule, -emit-objc-header-path, buck-out/gen/Pods/IQKeyboardManagerSwift#apple-swift-compile,iphonesimulator-x86_64/IQKeyboardManagerSwift-Swift.h, -o, buck-out/gen/Pods/IQKeyboardManagerSwift#apple-swift-compile,iphonesimulator-x86_64/IQKeyboardManagerSwift.o, -swift-version, 5.0, -DBUCK, -enable-testing, -g, -Onone, -whole-module-optimization, -suppress-warnings, -filelist, /Users/stevenlee/Downloads/BuckTest 3/buck-out/bin/Pods/IQKeyboardManagerSwift#apple-swift-compile,iphonesimulator-x86_64__filelist.txt], directory=/Users/stevenlee/Downloads/BuckTest 3, environment={}}
[2019-04-14 10:33:36.126][debug][command:5aef4faf-1051-4df3-affa-0d1480df2420][tid:6015][com.facebook.buck.util.ListeningProcessExecutor] Successfully launched process com.zaxxer.nuprocess.osx.OsxProcess@42e29e1d
[2019-04-14 10:33:36.126][debug][command:5aef4faf-1051-4df3-affa-0d1480df2420][tid:6015][com.facebook.buck.util.ListeningProcessExecutor] Waiting for process com.facebook.buck.util.ListeningProcessExecutor$LaunchedProcessImpl@1e3b17a3 timeout 0 SECONDS
[2019-04-14 10:33:36.127][debug][command:5aef4faf-1051-4df3-affa-0d1480df2420][tid:6019][com.facebook.buck.util.ListeningProcessExecutor] Successfully launched process com.zaxxer.nuprocess.osx.OsxProcess@438a7c2a
[2019-04-14 10:33:36.127][debug][command:5aef4faf-1051-4df3-affa-0d1480df2420][tid:6019][com.facebook.buck.util.ListeningProcessExecutor] Waiting for process com.facebook.buck.util.ListeningProcessExecutor$LaunchedProcessImpl@7ae8a255 timeout 0 SECONDS
[2019-04-14 10:33:36.129][debug][command:5aef4faf-1051-4df3-affa-0d1480df2420][tid:6009][com.facebook.buck.util.ListeningProcessExecutor] Successfully launched process com.zaxxer.nuprocess.osx.OsxProcess@45c8ac3b
[2019-04-14 10:33:36.130][debug][command:5aef4faf-1051-4df3-affa-0d1480df2420][tid:6009][com.facebook.buck.util.ListeningProcessExecutor] Waiting for process com.facebook.buck.util.ListeningProcessExecutor$LaunchedProcessImpl@76616051 timeout 0 SECONDS
[2019-04-14 10:33:36.151][debug][command:5aef4faf-1051-4df3-affa-0d1480df2420][tid:6022][com.facebook.buck.util.ListeningProcessExecutor] Successfully launched process com.zaxxer.nuprocess.osx.OsxProcess@73330d0d
[2019-04-14 10:33:36.151][debug][command:5aef4faf-1051-4df3-affa-0d1480df2420][tid:6022][com.facebook.buck.util.ListeningProcessExecutor] Waiting for process com.facebook.buck.util.ListeningProcessExecutor$LaunchedProcessImpl@6e38d0bb timeout 0 SECONDS
[2019-04-14 10:33:36.826][debug][command:5aef4faf-1051-4df3-affa-0d1480df2420][tid:6021][com.facebook.buck.util.ListeningProcessExecutor] Wait for process returned 1
[2019-04-14 10:33:36.826][error][command:5aef4faf-1051-4df3-affa-0d1480df2420][tid:6021][com.facebook.buck.swift.SwiftCompileStep] Error running /Users/stevenlee/Downloads/Xcode.app/Contents/Developer/Toolchains/XcodeDefault.xctoolchain/usr/bin/swiftc -frontend -sdk /Users/stevenlee/Downloads/Xcode.app/Contents/Developer/Platforms/iPhoneSimulator.platform/Developer/SDKs/iPhoneSimulator.sdk -target x86_64-apple-ios11.0 -c -enable-objc-interop -parse-as-library -serialize-debugging-options -module-name CountryPicker -emit-module -emit-module-path buck-out/gen/Pods/CountryPickerSwift#apple-swift-compile,iphonesimulator-x86_64/CountryPicker.swiftmodule -emit-objc-header-path buck-out/gen/Pods/CountryPickerSwift#apple-swift-compile,iphonesimulator-x86_64/CountryPicker-Swift.h -o buck-out/gen/Pods/CountryPickerSwift#apple-swift-compile,iphonesimulator-x86_64/CountryPicker.o -swift-version 5.0 -DBUCK -enable-testing -g -Onone -whole-module-optimization -suppress-warnings -filelist /Users/stevenlee/Downloads/BuckTest 3/buck-out/bin/Pods/CountryPickerSwift#apple-swift-compile,iphonesimulator-x86_64__filelist.txt: <unknown>:0: error: invalid value '5.0' in '-swift-version 5.0'
<unknown>:0: note: use major version, as in '-swift-version 5'

[2019-04-14 10:33:36.842][debug][command:5aef4faf-1051-4df3-affa-0d1480df2420][tid:6020][com.facebook.buck.util.ListeningProcessExecutor] Wait for process returned 1
[2019-04-14 10:33:36.842][error][command:5aef4faf-1051-4df3-affa-0d1480df2420][tid:6020][com.facebook.buck.swift.SwiftCompileStep] Error running /Users/stevenlee/Downloads/Xcode.app/Contents/Developer/Toolchains/XcodeDefault.xctoolchain/usr/bin/swiftc -frontend -sdk /Users/stevenlee/Downloads/Xcode.app/Contents/Developer/Platforms/iPhoneSimulator.platform/Developer/SDKs/iPhoneSimulator.sdk -target x86_64-apple-ios11.0 -c -enable-objc-interop -parse-as-library -serialize-debugging-options -module-name Validator -emit-module -emit-module-path buck-out/gen/Pods/Validator#apple-swift-compile,iphonesimulator-x86_64/Validator.swiftmodule -emit-objc-header-path buck-out/gen/Pods/Validator#apple-swift-compile,iphonesimulator-x86_64/Validator-Swift.h -o buck-out/gen/Pods/Validator#apple-swift-compile,iphonesimulator-x86_64/Validator.o -swift-version 5.0 -DBUCK -enable-testing -g -Onone -whole-module-optimization -suppress-warnings -filelist /Users/stevenlee/Downloads/BuckTest 3/buck-out/bin/Pods/Validator#apple-swift-compile,iphonesimulator-x86_64__filelist.txt: <unknown>:0: error: invalid value '5.0' in '-swift-version 5.0'
<unknown>:0: note: use major version, as in '-swift-version 5'

[2019-04-14 10:33:36.848][debug][command:5aef4faf-1051-4df3-affa-0d1480df2420][tid:6021][com.facebook.buck.core.build.engine.impl.CachingBuildRuleBuilder] Building rule [//Pods:CountryPickerSwift#apple-swift-compile,iphonesimulator-x86_64] failed.
com.facebook.buck.core.build.engine.impl.BuildRuleFailedException: com.facebook.buck.step.StepFailedException: Command failed with exit code 1.
stderr: <unknown>:0: error: invalid value '5.0' in '-swift-version 5.0'
<unknown>:0: note: use major version, as in '-swift-version 5'

  When running <swift compile>.
	at com.facebook.buck.core.build.engine.impl.CachingBuildRuleBuilder.getFailedException(CachingBuildRuleBuilder.java:1223)
	at com.facebook.buck.core.build.engine.impl.CachingBuildRuleBuilder.lambda$build$2(CachingBuildRuleBuilder.java:386)
	at com.google.common.util.concurrent.AbstractCatchingFuture$AsyncCatchingFuture.doFallback(AbstractCatchingFuture.java:172)
	at com.google.common.util.concurrent.AbstractCatchingFuture$AsyncCatchingFuture.doFallback(AbstractCatchingFuture.java:159)
	at com.google.common.util.concurrent.AbstractCatchingFuture.run(AbstractCatchingFuture.java:112)
	at com.google.common.util.concurrent.MoreExecutors$DirectExecutor.execute(MoreExecutors.java:399)
	at com.google.common.util.concurrent.AbstractFuture.executeListener(AbstractFuture.java:1016)
	at com.google.common.util.concurrent.AbstractFuture.complete(AbstractFuture.java:867)
	at com.google.common.util.concurrent.AbstractFuture.setException(AbstractFuture.java:713)
	at com.google.common.util.concurrent.AbstractTransformFuture.run(AbstractTransformFuture.java:97)
	at com.google.common.util.concurrent.MoreExecutors$DirectExecutor.execute(MoreExecutors.java:399)
	at com.google.common.util.concurrent.AbstractFuture.executeListener(AbstractFuture.java:1016)
	at com.google.common.util.concurrent.AbstractFuture.complete(AbstractFuture.java:867)
	at com.google.common.util.concurrent.AbstractFuture.setException(AbstractFuture.java:713)
	at com.google.common.util.concurrent.AbstractTransformFuture.run(AbstractTransformFuture.java:97)
	at com.google.common.util.concurrent.MoreExecutors$DirectExecutor.execute(MoreExecutors.java:399)
	at com.google.common.util.concurrent.AbstractFuture.executeListener(AbstractFuture.java:1016)
	at com.google.common.util.concurrent.AbstractFuture.complete(AbstractFuture.java:867)
	at com.google.common.util.concurrent.AbstractFuture.setFuture(AbstractFuture.java:754)
	at com.google.common.util.concurrent.TrustedListenableFutureTask$TrustedFutureInterruptibleAsyncTask.afterRanInterruptibly(TrustedListenableFutureTask.java:170)
	at com.google.common.util.concurrent.TrustedListenableFutureTask$TrustedFutureInterruptibleAsyncTask.afterRanInterruptibly(TrustedListenableFutureTask.java:145)
	at com.google.common.util.concurrent.InterruptibleTask.run(InterruptibleTask.java:80)
	at com.google.common.util.concurrent.TrustedListenableFutureTask.run(TrustedListenableFutureTask.java:80)
	at com.facebook.buck.util.concurrent.WeightedListeningExecutorService.lambda$submit$2(WeightedListeningExecutorService.java:100)
	at com.facebook.buck.util.concurrent.WeightedListeningExecutorService.lambda$submitWithSemaphore$0(WeightedListeningExecutorService.java:74)
	at com.google.common.util.concurrent.AbstractTransformFuture$AsyncTransformFuture.doTransform(AbstractTransformFuture.java:206)
	at com.google.common.util.concurrent.AbstractTransformFuture$AsyncTransformFuture.doTransform(AbstractTransformFuture.java:195)
	at com.google.common.util.concurrent.AbstractTransformFuture.run(AbstractTransformFuture.java:115)
	at com.google.common.util.concurrent.MoreExecutors$5$1.run(MoreExecutors.java:999)
	at java.util.concurrent.ThreadPoolExecutor.runWorker(ThreadPoolExecutor.java:1149)
	at java.util.concurrent.ThreadPoolExecutor$Worker.run(ThreadPoolExecutor.java:624)
	at java.lang.Thread.run(Thread.java:748)
Caused by: com.facebook.buck.step.StepFailedException: Command failed with exit code 1.
stderr: <unknown>:0: error: invalid value '5.0' in '-swift-version 5.0'
<unknown>:0: note: use major version, as in '-swift-version 5'

  When running <swift compile>.
	at com.facebook.buck.step.StepFailedException.createForFailingStepWithException(StepFailedException.java:57)
	at com.facebook.buck.step.StepFailedException.createForFailingStepWithExitCode(StepFailedException.java:51)
	at com.facebook.buck.step.DefaultStepRunner.runStepForBuildTarget(DefaultStepRunner.java:54)
	at com.facebook.buck.core.build.engine.impl.CachingBuildRuleBuilder$BuildRuleSteps.executeCommands(CachingBuildRuleBuilder.java:1449)
	at com.facebook.buck.core.build.engine.impl.CachingBuildRuleBuilder$BuildRuleSteps.runWithDefaultExecutor(CachingBuildRuleBuilder.java:1411)
	at com.facebook.buck.core.build.engine.impl.CachingBuildRuleBuilder$2.runWithDefaultBehavior(CachingBuildRuleBuilder.java:850)
	at com.google.common.util.concurrent.TrustedListenableFutureTask$TrustedFutureInterruptibleAsyncTask.runInterruptibly(TrustedListenableFutureTask.java:162)
	at com.google.common.util.concurrent.TrustedListenableFutureTask$TrustedFutureInterruptibleAsyncTask.runInterruptibly(TrustedListenableFutureTask.java:145)
	at com.google.common.util.concurrent.InterruptibleTask.run(InterruptibleTask.java:57)
	... 10 more
Caused by: com.facebook.buck.core.exceptions.HumanReadableException: Command failed with exit code 1.
stderr: <unknown>:0: error: invalid value '5.0' in '-swift-version 5.0'
<unknown>:0: note: use major version, as in '-swift-version 5'

	at com.facebook.buck.step.StepFailedException.createForFailingStepWithExitCode(StepFailedException.java:52)
	... 17 more

[2019-04-14 10:33:36.849][debug][command:5aef4faf-1051-4df3-affa-0d1480df2420][tid:6022][com.facebook.buck.util.ListeningProcessExecutor] Wait for process returned 1
[2019-04-14 10:33:36.849][error][command:5aef4faf-1051-4df3-affa-0d1480df2420][tid:6022][com.facebook.buck.swift.SwiftCompileStep] Error running /Users/stevenlee/Downloads/Xcode.app/Contents/Developer/Toolchains/XcodeDefault.xctoolchain/usr/bin/swiftc -frontend -sdk /Users/stevenlee/Downloads/Xcode.app/Contents/Developer/Platforms/iPhoneSimulator.platform/Developer/SDKs/iPhoneSimulator.sdk -target x86_64-apple-ios11.0 -c -enable-objc-interop -parse-as-library -serialize-debugging-options -module-name SkyFloatingLabelTextField -emit-module -emit-module-path buck-out/gen/Pods/SkyFloatingLabelTextField#apple-swift-compile,iphonesimulator-x86_64/SkyFloatingLabelTextField.swiftmodule -emit-objc-header-path buck-out/gen/Pods/SkyFloatingLabelTextField#apple-swift-compile,iphonesimulator-x86_64/SkyFloatingLabelTextField-Swift.h -o buck-out/gen/Pods/SkyFloatingLabelTextField#apple-swift-compile,iphonesimulator-x86_64/SkyFloatingLabelTextField.o -swift-version 5.0 -DBUCK -enable-testing -g -Onone -whole-module-optimization -suppress-warnings -filelist /Users/stevenlee/Downloads/BuckTest 3/buck-out/bin/Pods/SkyFloatingLabelTextField#apple-swift-compile,iphonesimulator-x86_64__filelist.txt: <unknown>:0: error: invalid value '5.0' in '-swift-version 5.0'
<unknown>:0: note: use major version, as in '-swift-version 5'

[2019-04-14 10:33:36.856][debug][command:5aef4faf-1051-4df3-affa-0d1480df2420][tid:6021][com.facebook.buck.core.build.engine.impl.CachingBuildRuleBuilder] Building rule [//Pods:Validator#apple-swift-compile,iphonesimulator-x86_64] failed.
com.facebook.buck.core.build.engine.impl.BuildRuleFailedException: com.facebook.buck.step.StepFailedException: Command failed with exit code 1.
stderr: <unknown>:0: error: invalid value '5.0' in '-swift-version 5.0'
<unknown>:0: note: use major version, as in '-swift-version 5'

  When running <swift compile>.
	at com.facebook.buck.core.build.engine.impl.CachingBuildRuleBuilder.getFailedException(CachingBuildRuleBuilder.java:1223)
	at com.facebook.buck.core.build.engine.impl.CachingBuildRuleBuilder.lambda$build$2(CachingBuildRuleBuilder.java:386)
	at com.google.common.util.concurrent.AbstractCatchingFuture$AsyncCatchingFuture.doFallback(AbstractCatchingFuture.java:172)
	at com.google.common.util.concurrent.AbstractCatchingFuture$AsyncCatchingFuture.doFallback(AbstractCatchingFuture.java:159)
	at com.google.common.util.concurrent.AbstractCatchingFuture.run(AbstractCatchingFuture.java:112)
	at com.google.common.util.concurrent.MoreExecutors$DirectExecutor.execute(MoreExecutors.java:399)
	at com.google.common.util.concurrent.AbstractFuture.executeListener(AbstractFuture.java:1016)
	at com.google.common.util.concurrent.AbstractFuture.complete(AbstractFuture.java:867)
	at com.google.common.util.concurrent.AbstractFuture.setException(AbstractFuture.java:713)
	at com.google.common.util.concurrent.AbstractTransformFuture.run(AbstractTransformFuture.java:97)
	at com.google.common.util.concurrent.MoreExecutors$DirectExecutor.execute(MoreExecutors.java:399)
	at com.google.common.util.concurrent.AbstractFuture.executeListener(AbstractFuture.java:1016)
	at com.google.common.util.concurrent.AbstractFuture.complete(AbstractFuture.java:867)
	at com.google.common.util.concurrent.AbstractFuture.setException(AbstractFuture.java:713)
	at com.google.common.util.concurrent.AbstractTransformFuture.run(AbstractTransformFuture.java:97)
	at com.google.common.util.concurrent.MoreExecutors$DirectExecutor.execute(MoreExecutors.java:399)
	at com.google.common.util.concurrent.AbstractFuture.executeListener(AbstractFuture.java:1016)
	at com.google.common.util.concurrent.AbstractFuture.complete(AbstractFuture.java:867)
	at com.google.common.util.concurrent.AbstractFuture.setFuture(AbstractFuture.java:754)
	at com.google.common.util.concurrent.TrustedListenableFutureTask$TrustedFutureInterruptibleAsyncTask.afterRanInterruptibly(TrustedListenableFutureTask.java:170)
	at com.google.common.util.concurrent.TrustedListenableFutureTask$TrustedFutureInterruptibleAsyncTask.afterRanInterruptibly(TrustedListenableFutureTask.java:145)
	at com.google.common.util.concurrent.InterruptibleTask.run(InterruptibleTask.java:80)
	at com.google.common.util.concurrent.TrustedListenableFutureTask.run(TrustedListenableFutureTask.java:80)
	at com.facebook.buck.util.concurrent.WeightedListeningExecutorService.lambda$submit$2(WeightedListeningExecutorService.java:100)
	at com.facebook.buck.util.concurrent.WeightedListeningExecutorService.lambda$submitWithSemaphore$0(WeightedListeningExecutorService.java:74)
	at com.google.common.util.concurrent.AbstractTransformFuture$AsyncTransformFuture.doTransform(AbstractTransformFuture.java:206)
	at com.google.common.util.concurrent.AbstractTransformFuture$AsyncTransformFuture.doTransform(AbstractTransformFuture.java:195)
	at com.google.common.util.concurrent.AbstractTransformFuture.run(AbstractTransformFuture.java:115)
	at com.google.common.util.concurrent.MoreExecutors$5$1.run(MoreExecutors.java:999)
	at java.util.concurrent.ThreadPoolExecutor.runWorker(ThreadPoolExecutor.java:1149)
	at java.util.concurrent.ThreadPoolExecutor$Worker.run(ThreadPoolExecutor.java:624)
	at java.lang.Thread.run(Thread.java:748)
Caused by: com.facebook.buck.step.StepFailedException: Command failed with exit code 1.
stderr: <unknown>:0: error: invalid value '5.0' in '-swift-version 5.0'
<unknown>:0: note: use major version, as in '-swift-version 5'

  When running <swift compile>.
	at com.facebook.buck.step.StepFailedException.createForFailingStepWithException(StepFailedException.java:57)
	at com.facebook.buck.step.StepFailedException.createForFailingStepWithExitCode(StepFailedException.java:51)
	at com.facebook.buck.step.DefaultStepRunner.runStepForBuildTarget(DefaultStepRunner.java:54)
	at com.facebook.buck.core.build.engine.impl.CachingBuildRuleBuilder$BuildRuleSteps.executeCommands(CachingBuildRuleBuilder.java:1449)
	at com.facebook.buck.core.build.engine.impl.CachingBuildRuleBuilder$BuildRuleSteps.runWithDefaultExecutor(CachingBuildRuleBuilder.java:1411)
	at com.facebook.buck.core.build.engine.impl.CachingBuildRuleBuilder$2.runWithDefaultBehavior(CachingBuildRuleBuilder.java:850)
	at com.google.common.util.concurrent.TrustedListenableFutureTask$TrustedFutureInterruptibleAsyncTask.runInterruptibly(TrustedListenableFutureTask.java:162)
	at com.google.common.util.concurrent.TrustedListenableFutureTask$TrustedFutureInterruptibleAsyncTask.runInterruptibly(TrustedListenableFutureTask.java:145)
	at com.google.common.util.concurrent.InterruptibleTask.run(InterruptibleTask.java:57)
	... 10 more
Caused by: com.facebook.buck.core.exceptions.HumanReadableException: Command failed with exit code 1.
stderr: <unknown>:0: error: invalid value '5.0' in '-swift-version 5.0'
<unknown>:0: note: use major version, as in '-swift-version 5'

	at com.facebook.buck.step.StepFailedException.createForFailingStepWithExitCode(StepFailedException.java:52)
	... 17 more

[2019-04-14 10:33:36.858][debug][command:5aef4faf-1051-4df3-affa-0d1480df2420][tid:6021][com.facebook.buck.core.build.engine.impl.CachingBuildRuleBuilder] Building rule [//Pods:SkyFloatingLabelTextField#apple-swift-compile,iphonesimulator-x86_64] failed.
com.facebook.buck.core.build.engine.impl.BuildRuleFailedException: com.facebook.buck.step.StepFailedException: Command failed with exit code 1.
stderr: <unknown>:0: error: invalid value '5.0' in '-swift-version 5.0'
<unknown>:0: note: use major version, as in '-swift-version 5'

  When running <swift compile>.
	at com.facebook.buck.core.build.engine.impl.CachingBuildRuleBuilder.getFailedException(CachingBuildRuleBuilder.java:1223)
	at com.facebook.buck.core.build.engine.impl.CachingBuildRuleBuilder.lambda$build$2(CachingBuildRuleBuilder.java:386)
	at com.google.common.util.concurrent.AbstractCatchingFuture$AsyncCatchingFuture.doFallback(AbstractCatchingFuture.java:172)
	at com.google.common.util.concurrent.AbstractCatchingFuture$AsyncCatchingFuture.doFallback(AbstractCatchingFuture.java:159)
	at com.google.common.util.concurrent.AbstractCatchingFuture.run(AbstractCatchingFuture.java:112)
	at com.google.common.util.concurrent.MoreExecutors$DirectExecutor.execute(MoreExecutors.java:399)
	at com.google.common.util.concurrent.AbstractFuture.executeListener(AbstractFuture.java:1016)
	at com.google.common.util.concurrent.AbstractFuture.complete(AbstractFuture.java:867)
	at com.google.common.util.concurrent.AbstractFuture.setException(AbstractFuture.java:713)
	at com.google.common.util.concurrent.AbstractTransformFuture.run(AbstractTransformFuture.java:97)
	at com.google.common.util.concurrent.MoreExecutors$DirectExecutor.execute(MoreExecutors.java:399)
	at com.google.common.util.concurrent.AbstractFuture.executeListener(AbstractFuture.java:1016)
	at com.google.common.util.concurrent.AbstractFuture.complete(AbstractFuture.java:867)
	at com.google.common.util.concurrent.AbstractFuture.setException(AbstractFuture.java:713)
	at com.google.common.util.concurrent.AbstractTransformFuture.run(AbstractTransformFuture.java:97)
	at com.google.common.util.concurrent.MoreExecutors$DirectExecutor.execute(MoreExecutors.java:399)
	at com.google.common.util.concurrent.AbstractFuture.executeListener(AbstractFuture.java:1016)
	at com.google.common.util.concurrent.AbstractFuture.complete(AbstractFuture.java:867)
	at com.google.common.util.concurrent.AbstractFuture.setFuture(AbstractFuture.java:754)
	at com.google.common.util.concurrent.TrustedListenableFutureTask$TrustedFutureInterruptibleAsyncTask.afterRanInterruptibly(TrustedListenableFutureTask.java:170)
	at com.google.common.util.concurrent.TrustedListenableFutureTask$TrustedFutureInterruptibleAsyncTask.afterRanInterruptibly(TrustedListenableFutureTask.java:145)
	at com.google.common.util.concurrent.InterruptibleTask.run(InterruptibleTask.java:80)
	at com.google.common.util.concurrent.TrustedListenableFutureTask.run(TrustedListenableFutureTask.java:80)
	at com.facebook.buck.util.concurrent.WeightedListeningExecutorService.lambda$submit$2(WeightedListeningExecutorService.java:100)
	at com.facebook.buck.util.concurrent.WeightedListeningExecutorService.lambda$submitWithSemaphore$0(WeightedListeningExecutorService.java:74)
	at com.google.common.util.concurrent.AbstractTransformFuture$AsyncTransformFuture.doTransform(AbstractTransformFuture.java:206)
	at com.google.common.util.concurrent.AbstractTransformFuture$AsyncTransformFuture.doTransform(AbstractTransformFuture.java:195)
	at com.google.common.util.concurrent.AbstractTransformFuture.run(AbstractTransformFuture.java:115)
	at com.google.common.util.concurrent.MoreExecutors$5$1.run(MoreExecutors.java:999)
	at java.util.concurrent.ThreadPoolExecutor.runWorker(ThreadPoolExecutor.java:1149)
	at java.util.concurrent.ThreadPoolExecutor$Worker.run(ThreadPoolExecutor.java:624)
	at java.lang.Thread.run(Thread.java:748)
Caused by: com.facebook.buck.step.StepFailedException: Command failed with exit code 1.
stderr: <unknown>:0: error: invalid value '5.0' in '-swift-version 5.0'
<unknown>:0: note: use major version, as in '-swift-version 5'

  When running <swift compile>.
	at com.facebook.buck.step.StepFailedException.createForFailingStepWithException(StepFailedException.java:57)
	at com.facebook.buck.step.StepFailedException.createForFailingStepWithExitCode(StepFailedException.java:51)
	at com.facebook.buck.step.DefaultStepRunner.runStepForBuildTarget(DefaultStepRunner.java:54)
	at com.facebook.buck.core.build.engine.impl.CachingBuildRuleBuilder$BuildRuleSteps.executeCommands(CachingBuildRuleBuilder.java:1449)
	at com.facebook.buck.core.build.engine.impl.CachingBuildRuleBuilder$BuildRuleSteps.runWithDefaultExecutor(CachingBuildRuleBuilder.java:1411)
	at com.facebook.buck.core.build.engine.impl.CachingBuildRuleBuilder$2.runWithDefaultBehavior(CachingBuildRuleBuilder.java:850)
	at com.google.common.util.concurrent.TrustedListenableFutureTask$TrustedFutureInterruptibleAsyncTask.runInterruptibly(TrustedListenableFutureTask.java:162)
	at com.google.common.util.concurrent.TrustedListenableFutureTask$TrustedFutureInterruptibleAsyncTask.runInterruptibly(TrustedListenableFutureTask.java:145)
	at com.google.common.util.concurrent.InterruptibleTask.run(InterruptibleTask.java:57)
	... 10 more
Caused by: com.facebook.buck.core.exceptions.HumanReadableException: Command failed with exit code 1.
stderr: <unknown>:0: error: invalid value '5.0' in '-swift-version 5.0'
<unknown>:0: note: use major version, as in '-swift-version 5'

	at com.facebook.buck.step.StepFailedException.createForFailingStepWithExitCode(StepFailedException.java:52)
	... 17 more

[2019-04-14 10:33:37.381][debug][command:5aef4faf-1051-4df3-affa-0d1480df2420][tid:6013][com.facebook.buck.util.ListeningProcessExecutor] Wait for process returned 1
[2019-04-14 10:33:37.381][error][command:5aef4faf-1051-4df3-affa-0d1480df2420][tid:6013][com.facebook.buck.swift.SwiftCompileStep] Error running /Users/stevenlee/Downloads/Xcode.app/Contents/Developer/Toolchains/XcodeDefault.xctoolchain/usr/bin/swiftc -frontend -sdk /Users/stevenlee/Downloads/Xcode.app/Contents/Developer/Platforms/iPhoneSimulator.platform/Developer/SDKs/iPhoneSimulator.sdk -target x86_64-apple-ios11.0 -c -enable-objc-interop -parse-as-library -serialize-debugging-options -module-name Alamofire -emit-module -emit-module-path buck-out/gen/Pods/Alamofire#apple-swift-compile,iphonesimulator-x86_64/Alamofire.swiftmodule -emit-objc-header-path buck-out/gen/Pods/Alamofire#apple-swift-compile,iphonesimulator-x86_64/Alamofire-Swift.h -o buck-out/gen/Pods/Alamofire#apple-swift-compile,iphonesimulator-x86_64/Alamofire.o -swift-version 5.0 -DBUCK -enable-testing -g -Onone -whole-module-optimization -suppress-warnings -filelist /Users/stevenlee/Downloads/BuckTest 3/buck-out/bin/Pods/Alamofire#apple-swift-compile,iphonesimulator-x86_64__filelist.txt: <unknown>:0: error: invalid value '5.0' in '-swift-version 5.0'
<unknown>:0: note: use major version, as in '-swift-version 5'

[2019-04-14 10:33:37.381][debug][command:5aef4faf-1051-4df3-affa-0d1480df2420][tid:6013][com.facebook.buck.core.build.engine.impl.CachingBuildRuleBuilder] Building rule [//Pods:Alamofire#apple-swift-compile,iphonesimulator-x86_64] failed.
com.facebook.buck.core.build.engine.impl.BuildRuleFailedException: com.facebook.buck.step.StepFailedException: Command failed with exit code 1.
stderr: <unknown>:0: error: invalid value '5.0' in '-swift-version 5.0'
<unknown>:0: note: use major version, as in '-swift-version 5'

  When running <swift compile>.
	at com.facebook.buck.core.build.engine.impl.CachingBuildRuleBuilder.getFailedException(CachingBuildRuleBuilder.java:1223)
	at com.facebook.buck.core.build.engine.impl.CachingBuildRuleBuilder.lambda$build$2(CachingBuildRuleBuilder.java:386)
	at com.google.common.util.concurrent.AbstractCatchingFuture$AsyncCatchingFuture.doFallback(AbstractCatchingFuture.java:172)
	at com.google.common.util.concurrent.AbstractCatchingFuture$AsyncCatchingFuture.doFallback(AbstractCatchingFuture.java:159)
	at com.google.common.util.concurrent.AbstractCatchingFuture.run(AbstractCatchingFuture.java:112)
	at com.google.common.util.concurrent.MoreExecutors$DirectExecutor.execute(MoreExecutors.java:399)
	at com.google.common.util.concurrent.AbstractFuture.executeListener(AbstractFuture.java:1016)
	at com.google.common.util.concurrent.AbstractFuture.complete(AbstractFuture.java:867)
	at com.google.common.util.concurrent.AbstractFuture.setException(AbstractFuture.java:713)
	at com.google.common.util.concurrent.AbstractTransformFuture.run(AbstractTransformFuture.java:97)
	at com.google.common.util.concurrent.MoreExecutors$DirectExecutor.execute(MoreExecutors.java:399)
	at com.google.common.util.concurrent.AbstractFuture.executeListener(AbstractFuture.java:1016)
	at com.google.common.util.concurrent.AbstractFuture.complete(AbstractFuture.java:867)
	at com.google.common.util.concurrent.AbstractFuture.setException(AbstractFuture.java:713)
	at com.google.common.util.concurrent.AbstractTransformFuture.run(AbstractTransformFuture.java:97)
	at com.google.common.util.concurrent.MoreExecutors$DirectExecutor.execute(MoreExecutors.java:399)
	at com.google.common.util.concurrent.AbstractFuture.executeListener(AbstractFuture.java:1016)
	at com.google.common.util.concurrent.AbstractFuture.complete(AbstractFuture.java:867)
	at com.google.common.util.concurrent.AbstractFuture.setFuture(AbstractFuture.java:754)
	at com.google.common.util.concurrent.TrustedListenableFutureTask$TrustedFutureInterruptibleAsyncTask.afterRanInterruptibly(TrustedListenableFutureTask.java:170)
	at com.google.common.util.concurrent.TrustedListenableFutureTask$TrustedFutureInterruptibleAsyncTask.afterRanInterruptibly(TrustedListenableFutureTask.java:145)
	at com.google.common.util.concurrent.InterruptibleTask.run(InterruptibleTask.java:80)
	at com.google.common.util.concurrent.TrustedListenableFutureTask.run(TrustedListenableFutureTask.java:80)
	at com.facebook.buck.util.concurrent.WeightedListeningExecutorService.lambda$submit$2(WeightedListeningExecutorService.java:100)
	at com.facebook.buck.util.concurrent.WeightedListeningExecutorService.lambda$submitWithSemaphore$0(WeightedListeningExecutorService.java:74)
	at com.google.common.util.concurrent.AbstractTransformFuture$AsyncTransformFuture.doTransform(AbstractTransformFuture.java:206)
	at com.google.common.util.concurrent.AbstractTransformFuture$AsyncTransformFuture.doTransform(AbstractTransformFuture.java:195)
	at com.google.common.util.concurrent.AbstractTransformFuture.run(AbstractTransformFuture.java:115)
	at com.google.common.util.concurrent.MoreExecutors$5$1.run(MoreExecutors.java:999)
	at java.util.concurrent.ThreadPoolExecutor.runWorker(ThreadPoolExecutor.java:1149)
	at java.util.concurrent.ThreadPoolExecutor$Worker.run(ThreadPoolExecutor.java:624)
	at java.lang.Thread.run(Thread.java:748)
Caused by: com.facebook.buck.step.StepFailedException: Command failed with exit code 1.
stderr: <unknown>:0: error: invalid value '5.0' in '-swift-version 5.0'
<unknown>:0: note: use major version, as in '-swift-version 5'

  When running <swift compile>.
	at com.facebook.buck.step.StepFailedException.createForFailingStepWithException(StepFailedException.java:57)
	at com.facebook.buck.step.StepFailedException.createForFailingStepWithExitCode(StepFailedException.java:51)
	at com.facebook.buck.step.DefaultStepRunner.runStepForBuildTarget(DefaultStepRunner.java:54)
	at com.facebook.buck.core.build.engine.impl.CachingBuildRuleBuilder$BuildRuleSteps.executeCommands(CachingBuildRuleBuilder.java:1449)
	at com.facebook.buck.core.build.engine.impl.CachingBuildRuleBuilder$BuildRuleSteps.runWithDefaultExecutor(CachingBuildRuleBuilder.java:1411)
	at com.facebook.buck.core.build.engine.impl.CachingBuildRuleBuilder$2.runWithDefaultBehavior(CachingBuildRuleBuilder.java:850)
	at com.google.common.util.concurrent.TrustedListenableFutureTask$TrustedFutureInterruptibleAsyncTask.runInterruptibly(TrustedListenableFutureTask.java:162)
	at com.google.common.util.concurrent.TrustedListenableFutureTask$TrustedFutureInterruptibleAsyncTask.runInterruptibly(TrustedListenableFutureTask.java:145)
	at com.google.common.util.concurrent.InterruptibleTask.run(InterruptibleTask.java:57)
	... 10 more
Caused by: com.facebook.buck.core.exceptions.HumanReadableException: Command failed with exit code 1.
stderr: <unknown>:0: error: invalid value '5.0' in '-swift-version 5.0'
<unknown>:0: note: use major version, as in '-swift-version 5'

	at com.facebook.buck.step.StepFailedException.createForFailingStepWithExitCode(StepFailedException.java:52)
	... 17 more

[2019-04-14 10:33:37.477][debug][command:5aef4faf-1051-4df3-affa-0d1480df2420][tid:6019][com.facebook.buck.util.ListeningProcessExecutor] Wait for process returned 1
[2019-04-14 10:33:37.477][error][command:5aef4faf-1051-4df3-affa-0d1480df2420][tid:6019][com.facebook.buck.swift.SwiftCompileStep] Error running /Users/stevenlee/Downloads/Xcode.app/Contents/Developer/Toolchains/XcodeDefault.xctoolchain/usr/bin/swiftc -frontend -sdk /Users/stevenlee/Downloads/Xcode.app/Contents/Developer/Platforms/iPhoneSimulator.platform/Developer/SDKs/iPhoneSimulator.sdk -target x86_64-apple-ios11.0 -c -enable-objc-interop -parse-as-library -serialize-debugging-options -module-name IQKeyboardManagerSwift -emit-module -emit-module-path buck-out/gen/Pods/IQKeyboardManagerSwift#apple-swift-compile,iphonesimulator-x86_64/IQKeyboardManagerSwift.swiftmodule -emit-objc-header-path buck-out/gen/Pods/IQKeyboardManagerSwift#apple-swift-compile,iphonesimulator-x86_64/IQKeyboardManagerSwift-Swift.h -o buck-out/gen/Pods/IQKeyboardManagerSwift#apple-swift-compile,iphonesimulator-x86_64/IQKeyboardManagerSwift.o -swift-version 5.0 -DBUCK -enable-testing -g -Onone -whole-module-optimization -suppress-warnings -filelist /Users/stevenlee/Downloads/BuckTest 3/buck-out/bin/Pods/IQKeyboardManagerSwift#apple-swift-compile,iphonesimulator-x86_64__filelist.txt: <unknown>:0: error: invalid value '5.0' in '-swift-version 5.0'
<unknown>:0: note: use major version, as in '-swift-version 5'

[2019-04-14 10:33:37.478][debug][command:5aef4faf-1051-4df3-affa-0d1480df2420][tid:6019][com.facebook.buck.core.build.engine.impl.CachingBuildRuleBuilder] Building rule [//Pods:IQKeyboardManagerSwift#apple-swift-compile,iphonesimulator-x86_64] failed.
com.facebook.buck.core.build.engine.impl.BuildRuleFailedException: com.facebook.buck.step.StepFailedException: Command failed with exit code 1.
stderr: <unknown>:0: error: invalid value '5.0' in '-swift-version 5.0'
<unknown>:0: note: use major version, as in '-swift-version 5'

  When running <swift compile>.
	at com.facebook.buck.core.build.engine.impl.CachingBuildRuleBuilder.getFailedException(CachingBuildRuleBuilder.java:1223)
	at com.facebook.buck.core.build.engine.impl.CachingBuildRuleBuilder.lambda$build$2(CachingBuildRuleBuilder.java:386)
	at com.google.common.util.concurrent.AbstractCatchingFuture$AsyncCatchingFuture.doFallback(AbstractCatchingFuture.java:172)
	at com.google.common.util.concurrent.AbstractCatchingFuture$AsyncCatchingFuture.doFallback(AbstractCatchingFuture.java:159)
	at com.google.common.util.concurrent.AbstractCatchingFuture.run(AbstractCatchingFuture.java:112)
	at com.google.common.util.concurrent.MoreExecutors$DirectExecutor.execute(MoreExecutors.java:399)
	at com.google.common.util.concurrent.AbstractFuture.executeListener(AbstractFuture.java:1016)
	at com.google.common.util.concurrent.AbstractFuture.complete(AbstractFuture.java:867)
	at com.google.common.util.concurrent.AbstractFuture.setException(AbstractFuture.java:713)
	at com.google.common.util.concurrent.AbstractTransformFuture.run(AbstractTransformFuture.java:97)
	at com.google.common.util.concurrent.MoreExecutors$DirectExecutor.execute(MoreExecutors.java:399)
	at com.google.common.util.concurrent.AbstractFuture.executeListener(AbstractFuture.java:1016)
	at com.google.common.util.concurrent.AbstractFuture.complete(AbstractFuture.java:867)
	at com.google.common.util.concurrent.AbstractFuture.setException(AbstractFuture.java:713)
	at com.google.common.util.concurrent.AbstractTransformFuture.run(AbstractTransformFuture.java:97)
	at com.google.common.util.concurrent.MoreExecutors$DirectExecutor.execute(MoreExecutors.java:399)
	at com.google.common.util.concurrent.AbstractFuture.executeListener(AbstractFuture.java:1016)
	at com.google.common.util.concurrent.AbstractFuture.complete(AbstractFuture.java:867)
	at com.google.common.util.concurrent.AbstractFuture.setFuture(AbstractFuture.java:754)
	at com.google.common.util.concurrent.TrustedListenableFutureTask$TrustedFutureInterruptibleAsyncTask.afterRanInterruptibly(TrustedListenableFutureTask.java:170)
	at com.google.common.util.concurrent.TrustedListenableFutureTask$TrustedFutureInterruptibleAsyncTask.afterRanInterruptibly(TrustedListenableFutureTask.java:145)
	at com.google.common.util.concurrent.InterruptibleTask.run(InterruptibleTask.java:80)
	at com.google.common.util.concurrent.TrustedListenableFutureTask.run(TrustedListenableFutureTask.java:80)
	at com.facebook.buck.util.concurrent.WeightedListeningExecutorService.lambda$submit$2(WeightedListeningExecutorService.java:100)
	at com.facebook.buck.util.concurrent.WeightedListeningExecutorService.lambda$submitWithSemaphore$0(WeightedListeningExecutorService.java:74)
	at com.google.common.util.concurrent.AbstractTransformFuture$AsyncTransformFuture.doTransform(AbstractTransformFuture.java:206)
	at com.google.common.util.concurrent.AbstractTransformFuture$AsyncTransformFuture.doTransform(AbstractTransformFuture.java:195)
	at com.google.common.util.concurrent.AbstractTransformFuture.run(AbstractTransformFuture.java:115)
	at com.google.common.util.concurrent.MoreExecutors$5$1.run(MoreExecutors.java:999)
	at java.util.concurrent.ThreadPoolExecutor.runWorker(ThreadPoolExecutor.java:1149)
	at java.util.concurrent.ThreadPoolExecutor$Worker.run(ThreadPoolExecutor.java:624)
	at java.lang.Thread.run(Thread.java:748)
Caused by: com.facebook.buck.step.StepFailedException: Command failed with exit code 1.
stderr: <unknown>:0: error: invalid value '5.0' in '-swift-version 5.0'
<unknown>:0: note: use major version, as in '-swift-version 5'

  When running <swift compile>.
	at com.facebook.buck.step.StepFailedException.createForFailingStepWithException(StepFailedException.java:57)
	at com.facebook.buck.step.StepFailedException.createForFailingStepWithExitCode(StepFailedException.java:51)
	at com.facebook.buck.step.DefaultStepRunner.runStepForBuildTarget(DefaultStepRunner.java:54)
	at com.facebook.buck.core.build.engine.impl.CachingBuildRuleBuilder$BuildRuleSteps.executeCommands(CachingBuildRuleBuilder.java:1449)
	at com.facebook.buck.core.build.engine.impl.CachingBuildRuleBuilder$BuildRuleSteps.runWithDefaultExecutor(CachingBuildRuleBuilder.java:1411)
	at com.facebook.buck.core.build.engine.impl.CachingBuildRuleBuilder$2.runWithDefaultBehavior(CachingBuildRuleBuilder.java:850)
	at com.google.common.util.concurrent.TrustedListenableFutureTask$TrustedFutureInterruptibleAsyncTask.runInterruptibly(TrustedListenableFutureTask.java:162)
	at com.google.common.util.concurrent.TrustedListenableFutureTask$TrustedFutureInterruptibleAsyncTask.runInterruptibly(TrustedListenableFutureTask.java:145)
	at com.google.common.util.concurrent.InterruptibleTask.run(InterruptibleTask.java:57)
	... 10 more
Caused by: com.facebook.buck.core.exceptions.HumanReadableException: Command failed with exit code 1.
stderr: <unknown>:0: error: invalid value '5.0' in '-swift-version 5.0'
<unknown>:0: note: use major version, as in '-swift-version 5'

	at com.facebook.buck.step.StepFailedException.createForFailingStepWithExitCode(StepFailedException.java:52)
	... 17 more

[2019-04-14 10:33:37.777][debug][command:5aef4faf-1051-4df3-affa-0d1480df2420][tid:6009][com.facebook.buck.util.ListeningProcessExecutor] Wait for process returned 1
[2019-04-14 10:33:37.777][error][command:5aef4faf-1051-4df3-affa-0d1480df2420][tid:6009][com.facebook.buck.swift.SwiftCompileStep] Error running /Users/stevenlee/Downloads/Xcode.app/Contents/Developer/Toolchains/XcodeDefault.xctoolchain/usr/bin/swiftc -frontend -sdk /Users/stevenlee/Downloads/Xcode.app/Contents/Developer/Platforms/iPhoneSimulator.platform/Developer/SDKs/iPhoneSimulator.sdk -target x86_64-apple-ios11.0 -c -enable-objc-interop -parse-as-library -serialize-debugging-options -module-name Hero -emit-module -emit-module-path buck-out/gen/Pods/Hero#apple-swift-compile,iphonesimulator-x86_64/Hero.swiftmodule -emit-objc-header-path buck-out/gen/Pods/Hero#apple-swift-compile,iphonesimulator-x86_64/Hero-Swift.h -o buck-out/gen/Pods/Hero#apple-swift-compile,iphonesimulator-x86_64/Hero.o -swift-version 5.0 -DBUCK -enable-testing -g -Onone -whole-module-optimization -suppress-warnings -filelist /Users/stevenlee/Downloads/BuckTest 3/buck-out/bin/Pods/Hero#apple-swift-compile,iphonesimulator-x86_64__filelist.txt: <unknown>:0: error: invalid value '5.0' in '-swift-version 5.0'
<unknown>:0: note: use major version, as in '-swift-version 5'

[2019-04-14 10:33:37.778][debug][command:5aef4faf-1051-4df3-affa-0d1480df2420][tid:6009][com.facebook.buck.core.build.engine.impl.CachingBuildRuleBuilder] Building rule [//Pods:Hero#apple-swift-compile,iphonesimulator-x86_64] failed.
com.facebook.buck.core.build.engine.impl.BuildRuleFailedException: com.facebook.buck.step.StepFailedException: Command failed with exit code 1.
stderr: <unknown>:0: error: invalid value '5.0' in '-swift-version 5.0'
<unknown>:0: note: use major version, as in '-swift-version 5'

  When running <swift compile>.
	at com.facebook.buck.core.build.engine.impl.CachingBuildRuleBuilder.getFailedException(CachingBuildRuleBuilder.java:1223)
	at com.facebook.buck.core.build.engine.impl.CachingBuildRuleBuilder.lambda$build$2(CachingBuildRuleBuilder.java:386)
	at com.google.common.util.concurrent.AbstractCatchingFuture$AsyncCatchingFuture.doFallback(AbstractCatchingFuture.java:172)
	at com.google.common.util.concurrent.AbstractCatchingFuture$AsyncCatchingFuture.doFallback(AbstractCatchingFuture.java:159)
	at com.google.common.util.concurrent.AbstractCatchingFuture.run(AbstractCatchingFuture.java:112)
	at com.google.common.util.concurrent.MoreExecutors$DirectExecutor.execute(MoreExecutors.java:399)
	at com.google.common.util.concurrent.AbstractFuture.executeListener(AbstractFuture.java:1016)
	at com.google.common.util.concurrent.AbstractFuture.complete(AbstractFuture.java:867)
	at com.google.common.util.concurrent.AbstractFuture.setException(AbstractFuture.java:713)
	at com.google.common.util.concurrent.AbstractTransformFuture.run(AbstractTransformFuture.java:97)
	at com.google.common.util.concurrent.MoreExecutors$DirectExecutor.execute(MoreExecutors.java:399)
	at com.google.common.util.concurrent.AbstractFuture.executeListener(AbstractFuture.java:1016)
	at com.google.common.util.concurrent.AbstractFuture.complete(AbstractFuture.java:867)
	at com.google.common.util.concurrent.AbstractFuture.setException(AbstractFuture.java:713)
	at com.google.common.util.concurrent.AbstractTransformFuture.run(AbstractTransformFuture.java:97)
	at com.google.common.util.concurrent.MoreExecutors$DirectExecutor.execute(MoreExecutors.java:399)
	at com.google.common.util.concurrent.AbstractFuture.executeListener(AbstractFuture.java:1016)
	at com.google.common.util.concurrent.AbstractFuture.complete(AbstractFuture.java:867)
	at com.google.common.util.concurrent.AbstractFuture.setFuture(AbstractFuture.java:754)
	at com.google.common.util.concurrent.TrustedListenableFutureTask$TrustedFutureInterruptibleAsyncTask.afterRanInterruptibly(TrustedListenableFutureTask.java:170)
	at com.google.common.util.concurrent.TrustedListenableFutureTask$TrustedFutureInterruptibleAsyncTask.afterRanInterruptibly(TrustedListenableFutureTask.java:145)
	at com.google.common.util.concurrent.InterruptibleTask.run(InterruptibleTask.java:80)
	at com.google.common.util.concurrent.TrustedListenableFutureTask.run(TrustedListenableFutureTask.java:80)
	at com.facebook.buck.util.concurrent.WeightedListeningExecutorService.lambda$submit$2(WeightedListeningExecutorService.java:100)
	at com.facebook.buck.util.concurrent.WeightedListeningExecutorService.lambda$submitWithSemaphore$0(WeightedListeningExecutorService.java:74)
	at com.google.common.util.concurrent.AbstractTransformFuture$AsyncTransformFuture.doTransform(AbstractTransformFuture.java:206)
	at com.google.common.util.concurrent.AbstractTransformFuture$AsyncTransformFuture.doTransform(AbstractTransformFuture.java:195)
	at com.google.common.util.concurrent.AbstractTransformFuture.run(AbstractTransformFuture.java:115)
	at com.google.common.util.concurrent.MoreExecutors$5$1.run(MoreExecutors.java:999)
	at java.util.concurrent.ThreadPoolExecutor.runWorker(ThreadPoolExecutor.java:1149)
	at java.util.concurrent.ThreadPoolExecutor$Worker.run(ThreadPoolExecutor.java:624)
	at java.lang.Thread.run(Thread.java:748)
Caused by: com.facebook.buck.step.StepFailedException: Command failed with exit code 1.
stderr: <unknown>:0: error: invalid value '5.0' in '-swift-version 5.0'
<unknown>:0: note: use major version, as in '-swift-version 5'

  When running <swift compile>.
	at com.facebook.buck.step.StepFailedException.createForFailingStepWithException(StepFailedException.java:57)
	at com.facebook.buck.step.StepFailedException.createForFailingStepWithExitCode(StepFailedException.java:51)
	at com.facebook.buck.step.DefaultStepRunner.runStepForBuildTarget(DefaultStepRunner.java:54)
	at com.facebook.buck.core.build.engine.impl.CachingBuildRuleBuilder$BuildRuleSteps.executeCommands(CachingBuildRuleBuilder.java:1449)
	at com.facebook.buck.core.build.engine.impl.CachingBuildRuleBuilder$BuildRuleSteps.runWithDefaultExecutor(CachingBuildRuleBuilder.java:1411)
	at com.facebook.buck.core.build.engine.impl.CachingBuildRuleBuilder$2.runWithDefaultBehavior(CachingBuildRuleBuilder.java:850)
	at com.google.common.util.concurrent.TrustedListenableFutureTask$TrustedFutureInterruptibleAsyncTask.runInterruptibly(TrustedListenableFutureTask.java:162)
	at com.google.common.util.concurrent.TrustedListenableFutureTask$TrustedFutureInterruptibleAsyncTask.runInterruptibly(TrustedListenableFutureTask.java:145)
	at com.google.common.util.concurrent.InterruptibleTask.run(InterruptibleTask.java:57)
	... 10 more
Caused by: com.facebook.buck.core.exceptions.HumanReadableException: Command failed with exit code 1.
stderr: <unknown>:0: error: invalid value '5.0' in '-swift-version 5.0'
<unknown>:0: note: use major version, as in '-swift-version 5'

	at com.facebook.buck.step.StepFailedException.createForFailingStepWithExitCode(StepFailedException.java:52)
	... 17 more

[2019-04-14 10:33:38.054][debug][command:5aef4faf-1051-4df3-affa-0d1480df2420][tid:6015][com.facebook.buck.util.ListeningProcessExecutor] Wait for process returned 1
[2019-04-14 10:33:38.055][error][command:5aef4faf-1051-4df3-affa-0d1480df2420][tid:6015][com.facebook.buck.swift.SwiftCompileStep] Error running /Users/stevenlee/Downloads/Xcode.app/Contents/Developer/Toolchains/XcodeDefault.xctoolchain/usr/bin/swiftc -frontend -sdk /Users/stevenlee/Downloads/Xcode.app/Contents/Developer/Platforms/iPhoneSimulator.platform/Developer/SDKs/iPhoneSimulator.sdk -target x86_64-apple-ios11.0 -c -enable-objc-interop -parse-as-library -serialize-debugging-options -module-name RxSwift -emit-module -emit-module-path buck-out/gen/Pods/RxSwift#apple-swift-compile,iphonesimulator-x86_64/RxSwift.swiftmodule -emit-objc-header-path buck-out/gen/Pods/RxSwift#apple-swift-compile,iphonesimulator-x86_64/RxSwift-Swift.h -o buck-out/gen/Pods/RxSwift#apple-swift-compile,iphonesimulator-x86_64/RxSwift.o -swift-version 5.0 -DBUCK -enable-testing -g -Onone -whole-module-optimization -suppress-warnings -filelist /Users/stevenlee/Downloads/BuckTest 3/buck-out/bin/Pods/RxSwift#apple-swift-compile,iphonesimulator-x86_64__filelist.txt: <unknown>:0: error: invalid value '5.0' in '-swift-version 5.0'
<unknown>:0: note: use major version, as in '-swift-version 5'

[2019-04-14 10:33:38.055][debug][command:5aef4faf-1051-4df3-affa-0d1480df2420][tid:6015][com.facebook.buck.core.build.engine.impl.CachingBuildRuleBuilder] Building rule [//Pods:RxSwift#apple-swift-compile,iphonesimulator-x86_64] failed.
com.facebook.buck.core.build.engine.impl.BuildRuleFailedException: com.facebook.buck.step.StepFailedException: Command failed with exit code 1.
stderr: <unknown>:0: error: invalid value '5.0' in '-swift-version 5.0'
<unknown>:0: note: use major version, as in '-swift-version 5'

  When running <swift compile>.
	at com.facebook.buck.core.build.engine.impl.CachingBuildRuleBuilder.getFailedException(CachingBuildRuleBuilder.java:1223)
	at com.facebook.buck.core.build.engine.impl.CachingBuildRuleBuilder.lambda$build$2(CachingBuildRuleBuilder.java:386)
	at com.google.common.util.concurrent.AbstractCatchingFuture$AsyncCatchingFuture.doFallback(AbstractCatchingFuture.java:172)
	at com.google.common.util.concurrent.AbstractCatchingFuture$AsyncCatchingFuture.doFallback(AbstractCatchingFuture.java:159)
	at com.google.common.util.concurrent.AbstractCatchingFuture.run(AbstractCatchingFuture.java:112)
	at com.google.common.util.concurrent.MoreExecutors$DirectExecutor.execute(MoreExecutors.java:399)
	at com.google.common.util.concurrent.AbstractFuture.executeListener(AbstractFuture.java:1016)
	at com.google.common.util.concurrent.AbstractFuture.complete(AbstractFuture.java:867)
	at com.google.common.util.concurrent.AbstractFuture.setException(AbstractFuture.java:713)
	at com.google.common.util.concurrent.AbstractTransformFuture.run(AbstractTransformFuture.java:97)
	at com.google.common.util.concurrent.MoreExecutors$DirectExecutor.execute(MoreExecutors.java:399)
	at com.google.common.util.concurrent.AbstractFuture.executeListener(AbstractFuture.java:1016)
	at com.google.common.util.concurrent.AbstractFuture.complete(AbstractFuture.java:867)
	at com.google.common.util.concurrent.AbstractFuture.setException(AbstractFuture.java:713)
	at com.google.common.util.concurrent.AbstractTransformFuture.run(AbstractTransformFuture.java:97)
	at com.google.common.util.concurrent.MoreExecutors$DirectExecutor.execute(MoreExecutors.java:399)
	at com.google.common.util.concurrent.AbstractFuture.executeListener(AbstractFuture.java:1016)
	at com.google.common.util.concurrent.AbstractFuture.complete(AbstractFuture.java:867)
	at com.google.common.util.concurrent.AbstractFuture.setFuture(AbstractFuture.java:754)
	at com.google.common.util.concurrent.TrustedListenableFutureTask$TrustedFutureInterruptibleAsyncTask.afterRanInterruptibly(TrustedListenableFutureTask.java:170)
	at com.google.common.util.concurrent.TrustedListenableFutureTask$TrustedFutureInterruptibleAsyncTask.afterRanInterruptibly(TrustedListenableFutureTask.java:145)
	at com.google.common.util.concurrent.InterruptibleTask.run(InterruptibleTask.java:80)
	at com.google.common.util.concurrent.TrustedListenableFutureTask.run(TrustedListenableFutureTask.java:80)
	at com.facebook.buck.util.concurrent.WeightedListeningExecutorService.lambda$submit$2(WeightedListeningExecutorService.java:100)
	at com.facebook.buck.util.concurrent.WeightedListeningExecutorService.lambda$submitWithSemaphore$0(WeightedListeningExecutorService.java:74)
	at com.google.common.util.concurrent.AbstractTransformFuture$AsyncTransformFuture.doTransform(AbstractTransformFuture.java:206)
	at com.google.common.util.concurrent.AbstractTransformFuture$AsyncTransformFuture.doTransform(AbstractTransformFuture.java:195)
	at com.google.common.util.concurrent.AbstractTransformFuture.run(AbstractTransformFuture.java:115)
	at com.google.common.util.concurrent.MoreExecutors$5$1.run(MoreExecutors.java:999)
	at java.util.concurrent.ThreadPoolExecutor.runWorker(ThreadPoolExecutor.java:1149)
	at java.util.concurrent.ThreadPoolExecutor$Worker.run(ThreadPoolExecutor.java:624)
	at java.lang.Thread.run(Thread.java:748)
Caused by: com.facebook.buck.step.StepFailedException: Command failed with exit code 1.
stderr: <unknown>:0: error: invalid value '5.0' in '-swift-version 5.0'
<unknown>:0: note: use major version, as in '-swift-version 5'

  When running <swift compile>.
	at com.facebook.buck.step.StepFailedException.createForFailingStepWithException(StepFailedException.java:57)
	at com.facebook.buck.step.StepFailedException.createForFailingStepWithExitCode(StepFailedException.java:51)
	at com.facebook.buck.step.DefaultStepRunner.runStepForBuildTarget(DefaultStepRunner.java:54)
	at com.facebook.buck.core.build.engine.impl.CachingBuildRuleBuilder$BuildRuleSteps.executeCommands(CachingBuildRuleBuilder.java:1449)
	at com.facebook.buck.core.build.engine.impl.CachingBuildRuleBuilder$BuildRuleSteps.runWithDefaultExecutor(CachingBuildRuleBuilder.java:1411)
	at com.facebook.buck.core.build.engine.impl.CachingBuildRuleBuilder$2.runWithDefaultBehavior(CachingBuildRuleBuilder.java:850)
	at com.google.common.util.concurrent.TrustedListenableFutureTask$TrustedFutureInterruptibleAsyncTask.runInterruptibly(TrustedListenableFutureTask.java:162)
	at com.google.common.util.concurrent.TrustedListenableFutureTask$TrustedFutureInterruptibleAsyncTask.runInterruptibly(TrustedListenableFutureTask.java:145)
	at com.google.common.util.concurrent.InterruptibleTask.run(InterruptibleTask.java:57)
	... 10 more
Caused by: com.facebook.buck.core.exceptions.HumanReadableException: Command failed with exit code 1.
stderr: <unknown>:0: error: invalid value '5.0' in '-swift-version 5.0'
<unknown>:0: note: use major version, as in '-swift-version 5'

	at com.facebook.buck.step.StepFailedException.createForFailingStepWithExitCode(StepFailedException.java:52)
	... 17 more

[2019-04-14 10:33:38.419][debug][command:5aef4faf-1051-4df3-affa-0d1480df2420][tid:6014][com.facebook.buck.util.ListeningProcessExecutor] Wait for process returned 1
[2019-04-14 10:33:38.419][error][command:5aef4faf-1051-4df3-affa-0d1480df2420][tid:6014][com.facebook.buck.swift.SwiftCompileStep] Error running /Users/stevenlee/Downloads/Xcode.app/Contents/Developer/Toolchains/XcodeDefault.xctoolchain/usr/bin/swiftc -frontend -sdk /Users/stevenlee/Downloads/Xcode.app/Contents/Developer/Platforms/iPhoneSimulator.platform/Developer/SDKs/iPhoneSimulator.sdk -target x86_64-apple-ios11.0 -c -enable-objc-interop -parse-as-library -serialize-debugging-options -module-name Lottie -emit-module -emit-module-path buck-out/gen/Pods/Lottie#apple-swift-compile,iphonesimulator-x86_64/Lottie.swiftmodule -emit-objc-header-path buck-out/gen/Pods/Lottie#apple-swift-compile,iphonesimulator-x86_64/Lottie-Swift.h -o buck-out/gen/Pods/Lottie#apple-swift-compile,iphonesimulator-x86_64/Lottie.o -swift-version 5.0 -DBUCK -enable-testing -g -Onone -whole-module-optimization -suppress-warnings -filelist /Users/stevenlee/Downloads/BuckTest 3/buck-out/bin/Pods/Lottie#apple-swift-compile,iphonesimulator-x86_64__filelist.txt: <unknown>:0: error: invalid value '5.0' in '-swift-version 5.0'
<unknown>:0: note: use major version, as in '-swift-version 5'

[2019-04-14 10:33:38.420][debug][command:5aef4faf-1051-4df3-affa-0d1480df2420][tid:6014][com.facebook.buck.core.build.engine.impl.CachingBuildRuleBuilder] Building rule [//Pods:Lottie#apple-swift-compile,iphonesimulator-x86_64] failed.
com.facebook.buck.core.build.engine.impl.BuildRuleFailedException: com.facebook.buck.step.StepFailedException: Command failed with exit code 1.
stderr: <unknown>:0: error: invalid value '5.0' in '-swift-version 5.0'
<unknown>:0: note: use major version, as in '-swift-version 5'

  When running <swift compile>.
	at com.facebook.buck.core.build.engine.impl.CachingBuildRuleBuilder.getFailedException(CachingBuildRuleBuilder.java:1223)
	at com.facebook.buck.core.build.engine.impl.CachingBuildRuleBuilder.lambda$build$2(CachingBuildRuleBuilder.java:386)
	at com.google.common.util.concurrent.AbstractCatchingFuture$AsyncCatchingFuture.doFallback(AbstractCatchingFuture.java:172)
	at com.google.common.util.concurrent.AbstractCatchingFuture$AsyncCatchingFuture.doFallback(AbstractCatchingFuture.java:159)
	at com.google.common.util.concurrent.AbstractCatchingFuture.run(AbstractCatchingFuture.java:112)
	at com.google.common.util.concurrent.MoreExecutors$DirectExecutor.execute(MoreExecutors.java:399)
	at com.google.common.util.concurrent.AbstractFuture.executeListener(AbstractFuture.java:1016)
	at com.google.common.util.concurrent.AbstractFuture.complete(AbstractFuture.java:867)
	at com.google.common.util.concurrent.AbstractFuture.setException(AbstractFuture.java:713)
	at com.google.common.util.concurrent.AbstractTransformFuture.run(AbstractTransformFuture.java:97)
	at com.google.common.util.concurrent.MoreExecutors$DirectExecutor.execute(MoreExecutors.java:399)
	at com.google.common.util.concurrent.AbstractFuture.executeListener(AbstractFuture.java:1016)
	at com.google.common.util.concurrent.AbstractFuture.complete(AbstractFuture.java:867)
	at com.google.common.util.concurrent.AbstractFuture.setException(AbstractFuture.java:713)
	at com.google.common.util.concurrent.AbstractTransformFuture.run(AbstractTransformFuture.java:97)
	at com.google.common.util.concurrent.MoreExecutors$DirectExecutor.execute(MoreExecutors.java:399)
	at com.google.common.util.concurrent.AbstractFuture.executeListener(AbstractFuture.java:1016)
	at com.google.common.util.concurrent.AbstractFuture.complete(AbstractFuture.java:867)
	at com.google.common.util.concurrent.AbstractFuture.setFuture(AbstractFuture.java:754)
	at com.google.common.util.concurrent.TrustedListenableFutureTask$TrustedFutureInterruptibleAsyncTask.afterRanInterruptibly(TrustedListenableFutureTask.java:170)
	at com.google.common.util.concurrent.TrustedListenableFutureTask$TrustedFutureInterruptibleAsyncTask.afterRanInterruptibly(TrustedListenableFutureTask.java:145)
	at com.google.common.util.concurrent.InterruptibleTask.run(InterruptibleTask.java:80)
	at com.google.common.util.concurrent.TrustedListenableFutureTask.run(TrustedListenableFutureTask.java:80)
	at com.facebook.buck.util.concurrent.WeightedListeningExecutorService.lambda$submit$2(WeightedListeningExecutorService.java:100)
	at com.facebook.buck.util.concurrent.WeightedListeningExecutorService.lambda$submitWithSemaphore$0(WeightedListeningExecutorService.java:74)
	at com.google.common.util.concurrent.AbstractTransformFuture$AsyncTransformFuture.doTransform(AbstractTransformFuture.java:206)
	at com.google.common.util.concurrent.AbstractTransformFuture$AsyncTransformFuture.doTransform(AbstractTransformFuture.java:195)
	at com.google.common.util.concurrent.AbstractTransformFuture.run(AbstractTransformFuture.java:115)
	at com.google.common.util.concurrent.MoreExecutors$5$1.run(MoreExecutors.java:999)
	at java.util.concurrent.ThreadPoolExecutor.runWorker(ThreadPoolExecutor.java:1149)
	at java.util.concurrent.ThreadPoolExecutor$Worker.run(ThreadPoolExecutor.java:624)
	at java.lang.Thread.run(Thread.java:748)
Caused by: com.facebook.buck.step.StepFailedException: Command failed with exit code 1.
stderr: <unknown>:0: error: invalid value '5.0' in '-swift-version 5.0'
<unknown>:0: note: use major version, as in '-swift-version 5'

  When running <swift compile>.
	at com.facebook.buck.step.StepFailedException.createForFailingStepWithException(StepFailedException.java:57)
	at com.facebook.buck.step.StepFailedException.createForFailingStepWithExitCode(StepFailedException.java:51)
	at com.facebook.buck.step.DefaultStepRunner.runStepForBuildTarget(DefaultStepRunner.java:54)
	at com.facebook.buck.core.build.engine.impl.CachingBuildRuleBuilder$BuildRuleSteps.executeCommands(CachingBuildRuleBuilder.java:1449)
	at com.facebook.buck.core.build.engine.impl.CachingBuildRuleBuilder$BuildRuleSteps.runWithDefaultExecutor(CachingBuildRuleBuilder.java:1411)
	at com.facebook.buck.core.build.engine.impl.CachingBuildRuleBuilder$2.runWithDefaultBehavior(CachingBuildRuleBuilder.java:850)
	at com.google.common.util.concurrent.TrustedListenableFutureTask$TrustedFutureInterruptibleAsyncTask.runInterruptibly(TrustedListenableFutureTask.java:162)
	at com.google.common.util.concurrent.TrustedListenableFutureTask$TrustedFutureInterruptibleAsyncTask.runInterruptibly(TrustedListenableFutureTask.java:145)
	at com.google.common.util.concurrent.InterruptibleTask.run(InterruptibleTask.java:57)
	... 10 more
Caused by: com.facebook.buck.core.exceptions.HumanReadableException: Command failed with exit code 1.
stderr: <unknown>:0: error: invalid value '5.0' in '-swift-version 5.0'
<unknown>:0: note: use major version, as in '-swift-version 5'

	at com.facebook.buck.step.StepFailedException.createForFailingStepWithExitCode(StepFailedException.java:52)
	... 17 more

[2019-04-14 10:33:38.422][info ][command:5aef4faf-1051-4df3-affa-0d1480df2420][tid:6004][com.facebook.buck.event.listener.LoggingBuildListener] Build finished at 2019-04-14 10:33:38.422
[2019-04-14 10:33:38.422][debug][command:5aef4faf-1051-4df3-affa-0d1480df2420][tid:5997][com.facebook.buck.util.perf.ProcessTracker] shutDown
[2019-04-14 10:33:38.422][debug][command:5aef4faf-1051-4df3-affa-0d1480df2420][tid:5996][com.google.common.util.concurrent.ServiceManager] Service PerfStatsTracking [TERMINATED] has terminated. Previous state was: STOPPING
[2019-04-14 10:33:38.423][debug][command:5aef4faf-1051-4df3-affa-0d1480df2420][tid:14][com.facebook.buck.event.listener.RenderingConsole] Stopping render scheduler
[2019-04-14 10:33:38.424][info ][command:5aef4faf-1051-4df3-affa-0d1480df2420][tid:14][com.facebook.buck.cli.Main] Awaiting termination of PROJECT executor service. Waiting for all jobs to complete, or up to maximum of 60 seconds...
[2019-04-14 10:33:38.424][info ][command:5aef4faf-1051-4df3-affa-0d1480df2420][tid:14][com.facebook.buck.cli.Main] Successfully terminated PROJECT executor service.
[2019-04-14 10:33:38.424][info ][command:5aef4faf-1051-4df3-affa-0d1480df2420][tid:14][com.facebook.buck.cli.Main] Awaiting termination of NETWORK executor service. Waiting for all jobs to complete, or up to maximum of 60 seconds...
[2019-04-14 10:33:38.424][info ][command:5aef4faf-1051-4df3-affa-0d1480df2420][tid:14][com.facebook.buck.cli.Main] Successfully terminated NETWORK executor service.
[2019-04-14 10:33:38.424][info ][command:5aef4faf-1051-4df3-affa-0d1480df2420][tid:14][com.facebook.buck.cli.Main] Awaiting termination of CPU executor service. Waiting for all jobs to complete, or up to maximum of 60 seconds...
[2019-04-14 10:33:38.424][info ][command:5aef4faf-1051-4df3-affa-0d1480df2420][tid:14][com.facebook.buck.cli.Main] Successfully terminated CPU executor service.
[2019-04-14 10:33:38.424][info ][command:5aef4faf-1051-4df3-affa-0d1480df2420][tid:14][com.facebook.buck.cli.Main] Awaiting termination of ScheduledExecutorService executor service. Waiting for all jobs to complete, or up to maximum of 60 seconds...
[2019-04-14 10:33:38.424][info ][command:5aef4faf-1051-4df3-affa-0d1480df2420][tid:14][com.facebook.buck.cli.Main] Successfully terminated ScheduledExecutorService executor service.
[2019-04-14 10:33:38.424][info ][command:5aef4faf-1051-4df3-affa-0d1480df2420][tid:14][com.facebook.buck.cli.Main] Awaiting termination of CounterAggregatorExecutor executor service. Waiting for all jobs to complete, or up to maximum of 20 seconds...
[2019-04-14 10:33:38.424][info ][command:5aef4faf-1051-4df3-affa-0d1480df2420][tid:14][com.facebook.buck.cli.Main] Successfully terminated CounterAggregatorExecutor executor service.
[2019-04-14 10:33:38.424][debug][command:5aef4faf-1051-4df3-affa-0d1480df2420][tid:5997][com.google.common.util.concurrent.ServiceManager] Service ProcessTracker [TERMINATED] has terminated. Previous state was: STOPPING
[2019-04-14 10:33:38.424][info ][command:5aef4faf-1051-4df3-affa-0d1480df2420][tid:14][com.facebook.buck.cli.Main] Awaiting termination of HTTP Read executor service. Waiting for all jobs to complete, or up to maximum of 1800 seconds...
[2019-04-14 10:33:38.424][info ][command:5aef4faf-1051-4df3-affa-0d1480df2420][tid:14][com.facebook.buck.cli.Main] Successfully terminated HTTP Read executor service.
[2019-04-14 10:33:38.424][info ][command:5aef4faf-1051-4df3-affa-0d1480df2420][tid:14][com.facebook.buck.cli.Main] Awaiting termination of Download Heavy Build HTTP Read executor service. Waiting for all jobs to complete, or up to maximum of 1800 seconds...
[2019-04-14 10:33:38.424][info ][command:5aef4faf-1051-4df3-affa-0d1480df2420][tid:14][com.facebook.buck.cli.Main] Successfully terminated Download Heavy Build HTTP Read executor service.
[2019-04-14 10:33:38.424][info ][command:5aef4faf-1051-4df3-affa-0d1480df2420][tid:14][com.facebook.buck.cli.Main] Awaiting termination of HTTP Write executor service. Waiting for all jobs to complete, or up to maximum of 1800 seconds...
[2019-04-14 10:33:38.424][info ][command:5aef4faf-1051-4df3-affa-0d1480df2420][tid:14][com.facebook.buck.cli.Main] Successfully terminated HTTP Write executor service.
[2019-04-14 10:33:38.424][info ][command:5aef4faf-1051-4df3-affa-0d1480df2420][tid:14][com.facebook.buck.cli.Main] Awaiting termination of Disk IO executor service. Waiting for all jobs to complete, or up to maximum of 10 seconds...
[2019-04-14 10:33:38.424][info ][command:5aef4faf-1051-4df3-affa-0d1480df2420][tid:14][com.facebook.buck.cli.Main] Successfully terminated Disk IO executor service.
[2019-04-14 10:33:38.425][debug][command:null][tid:81][com.facebook.buck.io.AsynchronousDirectoryContentsCleaner] Starting to clean buck-out/.trash
[2019-04-14 10:33:38.425][debug][command:null][tid:81][com.facebook.buck.io.AsynchronousDirectoryContentsCleaner] Starting to clean buck-out/.trash
[2019-04-14 10:33:38.425][debug][command:null][tid:81][com.facebook.buck.io.AsynchronousDirectoryContentsCleaner] Done cleaning buck-out/.trash
[2019-04-14 10:33:38.425][debug][command:null][tid:81][com.facebook.buck.io.AsynchronousDirectoryContentsCleaner] Done cleaning buck-out/.trash
[2019-04-14 10:33:38.425][debug][command:null][tid:6027][com.facebook.buck.event.listener.ChromeTraceBuildListener] Writing Chrome trace to buck-out/log/2019-04-14_02h33m34s_buildcommand_5aef4faf-1051-4df3-affa-0d1480df2420/build.2019-04-14.10-33-34.5aef4faf-1051-4df3-affa-0d1480df2420.trace
[2019-04-14 10:33:38.430][warn ][command:null][tid:14][com.facebook.buck.cli.Main] Command failed:
com.facebook.buck.command.Build$BuildExecutionException: com.facebook.buck.core.build.engine.impl.BuildRuleFailedException: com.facebook.buck.step.StepFailedException: Command failed with exit code 1.
stderr: <unknown>:0: error: invalid value '5.0' in '-swift-version 5.0'
<unknown>:0: note: use major version, as in '-swift-version 5'

  When running <swift compile>.
	at com.facebook.buck.command.Build.waitForBuildToFinish(Build.java:323)
	at com.facebook.buck.command.Build.waitForBuildToFinishAndPrintFailuresToEventBus(Build.java:421)
	at com.facebook.buck.command.Build.executeAndPrintFailuresToEventBus(Build.java:144)
	at com.facebook.buck.command.LocalBuildExecutor.buildTargets(LocalBuildExecutor.java:148)
	at com.facebook.buck.cli.BuildCommand.executeLocalBuild(BuildCommand.java:761)
	at com.facebook.buck.cli.BuildCommand.executeBuildAndProcessResult(BuildCommand.java:458)
	at com.facebook.buck.cli.BuildCommand.run(BuildCommand.java:372)
	at com.facebook.buck.cli.BuildCommand.runWithoutHelp(BuildCommand.java:338)
	at com.facebook.buck.cli.AbstractCommand.run(AbstractCommand.java:242)
	at com.facebook.buck.cli.AbstractContainerCommand.run(AbstractContainerCommand.java:79)
	at com.facebook.buck.cli.Main.runMainWithExitCode(Main.java:1300)
	at com.facebook.buck.cli.Main.runMainThenExit(Main.java:464)
	at com.facebook.buck.cli.Main.nailMain(Main.java:2412)
	at sun.reflect.NativeMethodAccessorImpl.invoke0(Native Method)
	at sun.reflect.NativeMethodAccessorImpl.invoke(NativeMethodAccessorImpl.java:62)
	at sun.reflect.DelegatingMethodAccessorImpl.invoke(DelegatingMethodAccessorImpl.java:43)
	at java.lang.reflect.Method.invoke(Method.java:498)
	at com.facebook.nailgun.NGSession.runImpl(NGSession.java:313)
	at com.facebook.nailgun.NGSession.run(NGSession.java:199)
Caused by: com.facebook.buck.core.build.engine.impl.BuildRuleFailedException: com.facebook.buck.step.StepFailedException: Command failed with exit code 1.
stderr: <unknown>:0: error: invalid value '5.0' in '-swift-version 5.0'
<unknown>:0: note: use major version, as in '-swift-version 5'

  When running <swift compile>.
	at com.facebook.buck.core.build.engine.impl.CachingBuildRuleBuilder.getFailedException(CachingBuildRuleBuilder.java:1223)
	at com.facebook.buck.core.build.engine.impl.CachingBuildRuleBuilder.lambda$build$2(CachingBuildRuleBuilder.java:386)
	at com.google.common.util.concurrent.AbstractCatchingFuture$AsyncCatchingFuture.doFallback(AbstractCatchingFuture.java:172)
	at com.google.common.util.concurrent.AbstractCatchingFuture$AsyncCatchingFuture.doFallback(AbstractCatchingFuture.java:159)
	at com.google.common.util.concurrent.AbstractCatchingFuture.run(AbstractCatchingFuture.java:112)
	at com.google.common.util.concurrent.MoreExecutors$DirectExecutor.execute(MoreExecutors.java:399)
	at com.google.common.util.concurrent.AbstractFuture.executeListener(AbstractFuture.java:1016)
	at com.google.common.util.concurrent.AbstractFuture.complete(AbstractFuture.java:867)
	at com.google.common.util.concurrent.AbstractFuture.setException(AbstractFuture.java:713)
	at com.google.common.util.concurrent.AbstractTransformFuture.run(AbstractTransformFuture.java:97)
	at com.google.common.util.concurrent.MoreExecutors$DirectExecutor.execute(MoreExecutors.java:399)
	at com.google.common.util.concurrent.AbstractFuture.executeListener(AbstractFuture.java:1016)
	at com.google.common.util.concurrent.AbstractFuture.complete(AbstractFuture.java:867)
	at com.google.common.util.concurrent.AbstractFuture.setException(AbstractFuture.java:713)
	at com.google.common.util.concurrent.AbstractTransformFuture.run(AbstractTransformFuture.java:97)
	at com.google.common.util.concurrent.MoreExecutors$DirectExecutor.execute(MoreExecutors.java:399)
	at com.google.common.util.concurrent.AbstractFuture.executeListener(AbstractFuture.java:1016)
	at com.google.common.util.concurrent.AbstractFuture.complete(AbstractFuture.java:867)
	at com.google.common.util.concurrent.AbstractFuture.setFuture(AbstractFuture.java:754)
	at com.google.common.util.concurrent.TrustedListenableFutureTask$TrustedFutureInterruptibleAsyncTask.afterRanInterruptibly(TrustedListenableFutureTask.java:170)
	at com.google.common.util.concurrent.TrustedListenableFutureTask$TrustedFutureInterruptibleAsyncTask.afterRanInterruptibly(TrustedListenableFutureTask.java:145)
	at com.google.common.util.concurrent.InterruptibleTask.run(InterruptibleTask.java:80)
	at com.google.common.util.concurrent.TrustedListenableFutureTask.run(TrustedListenableFutureTask.java:80)
	at com.facebook.buck.util.concurrent.WeightedListeningExecutorService.lambda$submit$2(WeightedListeningExecutorService.java:100)
	at com.facebook.buck.util.concurrent.WeightedListeningExecutorService.lambda$submitWithSemaphore$0(WeightedListeningExecutorService.java:74)
	at com.google.common.util.concurrent.AbstractTransformFuture$AsyncTransformFuture.doTransform(AbstractTransformFuture.java:206)
	at com.google.common.util.concurrent.AbstractTransformFuture$AsyncTransformFuture.doTransform(AbstractTransformFuture.java:195)
	at com.google.common.util.concurrent.AbstractTransformFuture.run(AbstractTransformFuture.java:115)
	at com.google.common.util.concurrent.MoreExecutors$5$1.run(MoreExecutors.java:999)
	at java.util.concurrent.ThreadPoolExecutor.runWorker(ThreadPoolExecutor.java:1149)
	at java.util.concurrent.ThreadPoolExecutor$Worker.run(ThreadPoolExecutor.java:624)
	at java.lang.Thread.run(Thread.java:748)
Caused by: com.facebook.buck.step.StepFailedException: Command failed with exit code 1.
stderr: <unknown>:0: error: invalid value '5.0' in '-swift-version 5.0'
<unknown>:0: note: use major version, as in '-swift-version 5'

  When running <swift compile>.
	at com.facebook.buck.step.StepFailedException.createForFailingStepWithException(StepFailedException.java:57)
	at com.facebook.buck.step.StepFailedException.createForFailingStepWithExitCode(StepFailedException.java:51)
	at com.facebook.buck.step.DefaultStepRunner.runStepForBuildTarget(DefaultStepRunner.java:54)
	at com.facebook.buck.core.build.engine.impl.CachingBuildRuleBuilder$BuildRuleSteps.executeCommands(CachingBuildRuleBuilder.java:1449)
	at com.facebook.buck.core.build.engine.impl.CachingBuildRuleBuilder$BuildRuleSteps.runWithDefaultExecutor(CachingBuildRuleBuilder.java:1411)
	at com.facebook.buck.core.build.engine.impl.CachingBuildRuleBuilder$2.runWithDefaultBehavior(CachingBuildRuleBuilder.java:850)
	at com.google.common.util.concurrent.TrustedListenableFutureTask$TrustedFutureInterruptibleAsyncTask.runInterruptibly(TrustedListenableFutureTask.java:162)
	at com.google.common.util.concurrent.TrustedListenableFutureTask$TrustedFutureInterruptibleAsyncTask.runInterruptibly(TrustedListenableFutureTask.java:145)
	at com.google.common.util.concurrent.InterruptibleTask.run(InterruptibleTask.java:57)
	... 10 more
Caused by: com.facebook.buck.core.exceptions.HumanReadableException: Command failed with exit code 1.
stderr: <unknown>:0: error: invalid value '5.0' in '-swift-version 5.0'
<unknown>:0: note: use major version, as in '-swift-version 5'

	at com.facebook.buck.step.StepFailedException.createForFailingStepWithExitCode(StepFailedException.java:52)
	... 17 more

[2019-04-14 10:33:38.430][warn ][command:null][tid:14][com.facebook.buck.util.Console] Command failure: Command failed with exit code 1.
stderr: <unknown>:0: error: invalid value '5.0' in '-swift-version 5.0'
<unknown>:0: note: use major version, as in '-swift-version 5'

    When running <swift compile>.
    When building rule //Pods:CountryPickerSwift#apple-swift-compile,iphonesimulator-x86_64.
[2019-04-14 10:33:38.430][debug][command:null][tid:14][com.facebook.buck.cli.Main] Done.
[2019-04-14 10:33:38.431][info ][command:null][tid:14][com.facebook.nailgun.NGSession] Nail cleanly exited with status 1
[2019-04-14 10:33:38.431][debug][command:null][tid:14][com.facebook.nailgun.NGCommunicator] Shutting down socket for input
[2019-04-14 10:33:38.431][debug][command:null][tid:14][com.facebook.nailgun.NGCommunicator] Shutting down socket for output
[2019-04-14 10:33:38.431][debug][command:null][tid:14][com.facebook.nailgun.NGCommunicator] Shutting down read ExecutorService
[2019-04-14 10:33:38.431][debug][command:null][tid:5989][com.facebook.nailgun.NGCommunicator] Socket is disconnected
[2019-04-14 10:33:38.431][debug][command:null][tid:5989][com.facebook.nailgun.NGCommunicator] Nailgun client disconnected
[2019-04-14 10:33:38.431][debug][command:null][tid:14][com.facebook.nailgun.NGCommunicator] Shutting down orchestrator ExecutorService
[2019-04-14 10:33:38.431][debug][command:null][tid:5989][com.facebook.nailgun.NGCommunicator] Orchestrator thread finished
[2019-04-14 10:33:38.432][debug][command:null][tid:14][com.facebook.nailgun.NGSession] NGSession 1 is closing client socket
[2019-04-14 10:35:30.826][debug][command:null][tid:14][com.facebook.nailgun.NGSession] NGSession 1 accepted new connection
[2019-04-14 10:35:30.828][debug][command:null][tid:6029][com.facebook.nailgun.NGCommunicator] Orchestrator thread started
[2019-04-14 10:35:30.828][debug][command:null][tid:14][com.facebook.nailgun.NGCommunicator] Shutting down socket for input
[2019-04-14 10:35:30.828][debug][command:null][tid:14][com.facebook.nailgun.NGCommunicator] Shutting down socket for output
[2019-04-14 10:35:30.828][debug][command:null][tid:14][com.facebook.nailgun.NGCommunicator] Shutting down read ExecutorService
[2019-04-14 10:35:30.828][debug][command:null][tid:6029][com.facebook.nailgun.NGCommunicator] Socket is disconnected
[2019-04-14 10:35:30.828][debug][command:null][tid:14][com.facebook.nailgun.NGCommunicator] Shutting down orchestrator ExecutorService
[2019-04-14 10:35:30.828][debug][command:null][tid:6029][com.facebook.nailgun.NGCommunicator] Nailgun client disconnected
[2019-04-14 10:35:30.828][debug][command:null][tid:6029][com.facebook.nailgun.NGCommunicator] Orchestrator thread finished
[2019-04-14 10:35:30.829][debug][command:null][tid:14][com.facebook.nailgun.NGSession] NGSession 1 is closing client socket
[2019-04-14 10:35:30.841][debug][command:null][tid:14][com.facebook.nailgun.NGSession] NGSession 1 accepted new connection
[2019-04-14 10:35:30.843][debug][command:null][tid:6031][com.facebook.nailgun.NGCommunicator] Orchestrator thread started
[2019-04-14 10:35:30.844][debug][command:null][tid:14][com.facebook.buck.util.config.Configs] Loading configuration for /Users/stevenlee/Downloads/BuckTest 3
[2019-04-14 10:35:30.844][debug][command:null][tid:14][com.facebook.buck.util.config.Configs] Loaded project configuration file /Users/stevenlee/Downloads/BuckTest 3/.buckconfig
[2019-04-14 10:35:30.844][debug][command:null][tid:14][com.facebook.buck.util.config.Configs] Adding configuration overrides RawConfig{values={}}
[2019-04-14 10:35:30.846][debug][command:null][tid:14][com.facebook.buck.cli.Main] Rotating log.
[2019-04-14 10:35:30.848][debug][command:null][tid:14][com.facebook.buck.cli.Main] Starting up (build date 1970-01-01 07:29:59 +0730, rev ad23befe7c1a36c999860af0af69e726f1c8e423), args: [build, //BuckTest:BuckTest]
[2019-04-14 10:35:30.854][debug][command:null][tid:14][com.facebook.buck.cli.Main] System properties: {java.vendor=Oracle Corporation, sun.java.launcher=SUN_STANDARD, sun.management.compiler=HotSpot 64-Bit Tiered Compilers, jnidispatch.path=/Users/stevenlee/Downloads/BuckTest 3/.buckd/tmp/buck_run.MYLnMR/jna-1522160945/jna7580457604094113883.tmp, os.name=Mac OS X, buck.enable_objc=true, sun.boot.class.path=/Library/Java/JavaVirtualMachines/jdk1.8.0_201.jdk/Contents/Home/jre/lib/resources.jar:/Library/Java/JavaVirtualMachines/jdk1.8.0_201.jdk/Contents/Home/jre/lib/rt.jar:/Library/Java/JavaVirtualMachines/jdk1.8.0_201.jdk/Contents/Home/jre/lib/sunrsasign.jar:/Library/Java/JavaVirtualMachines/jdk1.8.0_201.jdk/Contents/Home/jre/lib/jsse.jar:/Library/Java/JavaVirtualMachines/jdk1.8.0_201.jdk/Contents/Home/jre/lib/jce.jar:/Library/Java/JavaVirtualMachines/jdk1.8.0_201.jdk/Contents/Home/jre/lib/charsets.jar:/Library/Java/JavaVirtualMachines/jdk1.8.0_201.jdk/Contents/Home/jre/lib/jfr.jar:/Library/Java/JavaVirtualMachines/jdk1.8.0_201.jdk/Contents/Home/jre/classes, user.country.format=SG, buck.module.resources=/Users/stevenlee/Downloads/BuckTest 3/.buckd/resources/ad23befe7c1a36c999860af0af69e726f1c8e423/buck-modules-resources, pf4j.pluginsDir=/Users/stevenlee/Downloads/BuckTest 3/.buckd/resources/ad23befe7c1a36c999860af0af69e726f1c8e423/buck-modules, buck.resource_lock_path=/Users/stevenlee/Downloads/BuckTest 3/.buckd/resources/ad23befe7c1a36c999860af0af69e726f1c8e423/.buck_lock, buck.path_to_isolated_trampoline=/Users/stevenlee/Downloads/BuckTest 3/.buckd/resources/ad23befe7c1a36c999860af0af69e726f1c8e423/path_to_isolated_trampoline, java.vm.specification.vendor=Oracle Corporation, java.runtime.version=1.8.0_201-b09, jna.loaded=true, buck.testrunner_classes=/Users/stevenlee/Downloads/BuckTest 3/.buckd/resources/ad23befe7c1a36c999860af0af69e726f1c8e423/testrunner_classes, buck.logging_config_file=/Users/stevenlee/Downloads/BuckTest 3/.buckd/resources/ad23befe7c1a36c999860af0af69e726f1c8e423/logging_config_file, buck.path_to_sh_binary_template=/Users/stevenlee/Downloads/BuckTest 3/.buckd/resources/ad23befe7c1a36c999860af0af69e726f1c8e423/path_to_sh_binary_template, user.name=stevenlee, com.facebook.nailgun.NGServer.outputPath=/Users/stevenlee/Downloads/BuckTest 3/.buckd/tmp/buck_run.MYLnMR/ngserver-out, buck.path_to_pywatchman=/Users/stevenlee/Downloads/BuckTest 3/.buckd/resources/ad23befe7c1a36c999860af0af69e726f1c8e423/path_to_pywatchman, buck.report_generator_jar=/Users/stevenlee/Downloads/BuckTest 3/.buckd/resources/ad23befe7c1a36c999860af0af69e726f1c8e423/report_generator_jar, buck.git_commit=ad23befe7c1a36c999860af0af69e726f1c8e423, user.language=en, sun.boot.library.path=/Library/Java/JavaVirtualMachines/jdk1.8.0_201.jdk/Contents/Home/jre/lib, jna.nosys=true, java.version=1.8.0_201, user.timezone=Asia/Singapore, buck.test_util_no_tests_dir=true, sun.arch.data.model=64, http.nonProxyHosts=local|*.local|169.254/16|*.169.254/16, java.endorsed.dirs=/Library/Java/JavaVirtualMachines/jdk1.8.0_201.jdk/Contents/Home/jre/lib/endorsed, sun.cpu.isalist=, sun.jnu.encoding=UTF-8, file.encoding.pkg=sun.io, file.separator=/, java.specification.name=Java Platform API Specification, buck.jacoco_agent_jar=/Users/stevenlee/Downloads/BuckTest 3/.buckd/resources/ad23befe7c1a36c999860af0af69e726f1c8e423/jacoco_agent_jar, java.class.version=52.0, user.country=GB, buck.binary_hash=dbcee53f32f7fa760cef191b77064a13, java.home=/Library/Java/JavaVirtualMachines/jdk1.8.0_201.jdk/Contents/Home/jre, buck.fix_script=/Users/stevenlee/Downloads/BuckTest 3/.buckd/resources/ad23befe7c1a36c999860af0af69e726f1c8e423/fix_script, java.vm.info=mixed mode, os.version=10.14.4, buck.version_uid=ad23befe7c1a36c999860af0af69e726f1c8e423, org.eclipse.jetty.util.log.class=org.eclipse.jetty.util.log.JavaUtilLog, path.separator=:, java.vm.version=25.201-b09, java.awt.printerjob=sun.lwawt.macosx.CPrinterJob, sun.io.unicode.encoding=UnicodeBig, awt.toolkit=sun.lwawt.macosx.LWCToolkit, buck.mode=package, buck.buck_build_type_info=/Users/stevenlee/Downloads/BuckTest 3/.buckd/resources/ad23befe7c1a36c999860af0af69e726f1c8e423/buck_build_type_info, socksNonProxyHosts=local|*.local|169.254/16|*.169.254/16, ftp.nonProxyHosts=local|*.local|169.254/16|*.169.254/16, buck.dx=/Users/stevenlee/Downloads/BuckTest 3/.buckd/resources/ad23befe7c1a36c999860af0af69e726f1c8e423/dx, buck.git_commit_timestamp=-1, user.home=/Users/stevenlee, java.specification.vendor=Oracle Corporation, buck.git_dirty=0, java.library.path=/Users/stevenlee/Downloads/BuckTest 3/.buckd/resources/ad23befe7c1a36c999860af0af69e726f1c8e423, java.vendor.url=http://java.oracle.com/, java.vm.vendor=Oracle Corporation, gopherProxySet=false, java.runtime.name=Java(TM) SE Runtime Environment, sun.java.command=com.facebook.buck.cli.bootstrapper.ClassLoaderBootstrapper com.facebook.buck.cli.Main$DaemonBootstrap local:.buckd/sock 180000, java.class.path=/Users/stevenlee/Downloads/BuckTest 3/.buckd/resources/ad23befe7c1a36c999860af0af69e726f1c8e423/bootstrapper_jar, buck.buckd_dir=/Users/stevenlee/Downloads/BuckTest 3/.buckd, buck.path_to_pathlib_py=/Users/stevenlee/Downloads/BuckTest 3/.buckd/resources/ad23befe7c1a36c999860af0af69e726f1c8e423/pathlib.py, buck.buckd_launch_time_nanos=253965445725020, java.vm.specification.name=Java Virtual Machine Specification, java.vm.specification.version=1.8, sun.cpu.endian=little, sun.os.patch.level=unknown, java.awt.headless=true, java.io.tmpdir=/Users/stevenlee/Downloads/BuckTest 3/.buckd/tmp/buck_run.MYLnMR, buck.android_agent_path=/Users/stevenlee/Downloads/BuckTest 3/.buckd/resources/ad23befe7c1a36c999860af0af69e726f1c8e423/android_agent_path, java.vendor.url.bug=http://bugreport.sun.com/bugreport/, buck.path_to_python_dsl=, jna.platform.library.path=/usr/lib:/usr/lib, os.arch=x86_64, java.awt.graphicsenv=sun.awt.CGraphicsEnvironment, java.ext.dirs=/Users/stevenlee/Library/Java/Extensions:/Library/Java/JavaVirtualMachines/jdk1.8.0_201.jdk/Contents/Home/jre/lib/ext:/Library/Java/Extensions:/Network/Library/Java/Extensions:/System/Library/Java/Extensions:/usr/lib/java, java.util.logging.config.class=com.facebook.buck.cli.bootstrapper.LogConfig, buck.path_to_six_py=/Users/stevenlee/Downloads/BuckTest 3/.buckd/resources/ad23befe7c1a36c999860af0af69e726f1c8e423/six.py, user.dir=/Users/stevenlee/Downloads/BuckTest 3, java.nio.file.spi.DefaultFileSystemProvider=com.facebook.buck.cli.bootstrapper.filesystem.BuckFileSystemProvider, line.separator=
, java.vm.name=Java HotSpot(TM) 64-Bit Server VM, buck.path_to_typing=/Users/stevenlee/Downloads/BuckTest 3/.buckd/resources/ad23befe7c1a36c999860af0af69e726f1c8e423/path_to_typing, buck.native_exopackage_fake_path=/Users/stevenlee/Downloads/BuckTest 3/.buckd/resources/ad23befe7c1a36c999860af0af69e726f1c8e423/native_exopackage_fake_path, file.encoding=UTF-8, java.specification.version=1.8}
[2019-04-14 10:35:30.854][debug][command:null][tid:14][com.facebook.buck.util.config.Configs] Loading configuration for /Users/stevenlee/Downloads/BuckTest 3
[2019-04-14 10:35:30.855][debug][command:null][tid:14][com.facebook.buck.util.config.Configs] Loaded project configuration file /Users/stevenlee/Downloads/BuckTest 3/.buckconfig
[2019-04-14 10:35:30.855][debug][command:null][tid:14][com.facebook.buck.util.config.Configs] Adding configuration overrides RawConfig{values={}}
[2019-04-14 10:35:30.856][info ][command:null][tid:14][com.facebook.buck.io.watchman.WatchmanFactory] Creating for: [/Users/stevenlee/Downloads/BuckTest 3]
[2019-04-14 10:35:30.856][debug][command:null][tid:14][com.facebook.buck.io.ExecutableFinder] Executable 'watchman' mapped to 'Optional[/usr/local/bin/watchman]'
[2019-04-14 10:35:30.856][debug][command:null][tid:14][com.facebook.buck.util.ListeningProcessExecutor] Launching process with params ProcessExecutorParams{command=[/usr/local/bin/watchman, --output-encoding=bser, get-sockname]}
[2019-04-14 10:35:30.858][debug][command:null][tid:14][com.facebook.buck.util.ListeningProcessExecutor] Successfully launched process com.zaxxer.nuprocess.osx.OsxProcess@77ebe468
[2019-04-14 10:35:30.858][debug][command:null][tid:14][com.facebook.buck.util.ListeningProcessExecutor] Waiting for process com.facebook.buck.util.ListeningProcessExecutor$LaunchedProcessImpl@d776a43 timeout 1000000000 NANOSECONDS
[2019-04-14 10:35:30.874][debug][command:null][tid:14][com.facebook.buck.util.ListeningProcessExecutor] Wait for process returned 0
[2019-04-14 10:35:30.874][debug][command:null][tid:14][com.facebook.buck.io.watchman.WatchmanFactory] Waited 16 ms for Watchman command get-sockname, exit code 0
[2019-04-14 10:35:30.874][debug][command:null][tid:14][com.facebook.buck.io.watchman.WatchmanFactory] stdout of command: {sockname=/usr/local/var/run/watchman/stevenlee-state/sock, version=4.9.0}
[2019-04-14 10:35:30.874][info ][command:null][tid:14][com.facebook.buck.io.watchman.WatchmanFactory] Connecting to Watchman version 4.9.0 at /usr/local/var/run/watchman/stevenlee-state/sock
[2019-04-14 10:35:30.875][debug][command:null][tid:14][com.facebook.buck.io.watchman.WatchmanTransportClient] Query [version, {required=[cmd-watch-project], optional=[term-dirname, cmd-watch-project, wildmatch, wildmatch_multislash, glob_generator, clock-sync-timeout]}] returned in 0 ms
[2019-04-14 10:35:30.875][info ][command:null][tid:14][com.facebook.buck.io.watchman.WatchmanFactory] Took 0 ms to query capabilities {term-dirname=DIRNAME, cmd-watch-project=SUPPORTS_PROJECT_WATCH, wildmatch=WILDMATCH_GLOB, wildmatch_multislash=WILDMATCH_MULTISLASH, glob_generator=GLOB_GENERATOR, clock-sync-timeout=CLOCK_SYNC_TIMEOUT}
[2019-04-14 10:35:30.875][debug][command:null][tid:14][com.facebook.buck.io.watchman.WatchmanFactory] Got capabilities response: {clock-sync-timeout=true, glob_generator=true, wildmatch_multislash=false, cmd-watch-project=true, wildmatch=true, term-dirname=true}
[2019-04-14 10:35:30.875][debug][command:null][tid:14][com.facebook.buck.io.watchman.WatchmanFactory] Got Watchman capabilities: [CLOCK_SYNC_TIMEOUT, GLOB_GENERATOR, SUPPORTS_PROJECT_WATCH, WILDMATCH_GLOB, DIRNAME]
[2019-04-14 10:35:30.875][info ][command:null][tid:14][com.facebook.buck.io.watchman.WatchmanFactory] Adding watchman root: /Users/stevenlee/Downloads/BuckTest 3
[2019-04-14 10:35:30.875][debug][command:null][tid:14][com.facebook.buck.io.watchman.WatchmanTransportClient] Query [watch-project, /Users/stevenlee/Downloads/BuckTest 3] returned in 0 ms
[2019-04-14 10:35:30.876][debug][command:null][tid:14][com.facebook.buck.io.watchman.WatchmanTransportClient] Query [watch-project, /Users/stevenlee/Downloads/BuckTest 3] returned in 0 ms
[2019-04-14 10:35:30.876][info ][command:null][tid:14][com.facebook.buck.io.watchman.WatchmanFactory] Took 0 ms to add root /Users/stevenlee/Downloads/BuckTest 3
[2019-04-14 10:35:30.883][debug][command:null][tid:14][com.facebook.buck.io.watchman.WatchmanTransportClient] Query [clock, /Users/stevenlee/Downloads/BuckTest 3, {sync_timeout=100}] returned in 7 ms
[2019-04-14 10:35:30.883][info ][command:null][tid:14][com.facebook.buck.io.watchman.WatchmanFactory] Took 7 ms to query for initial clock id Optional[c:1554802630:396:1:23714]
[2019-04-14 10:35:30.883][debug][command:null][tid:14][com.facebook.buck.io.watchman.WatchmanFactory] Connected to Watchman
[2019-04-14 10:35:30.883][debug][command:null][tid:14][com.facebook.buck.io.watchman.WatchmanTransportClient] Closing Watchman transport.
[2019-04-14 10:35:30.884][debug][command:null][tid:14][com.facebook.buck.cli.Main] Watchman capabilities: [CLOCK_SYNC_TIMEOUT, GLOB_GENERATOR, SUPPORTS_PROJECT_WATCH, WILDMATCH_GLOB, DIRNAME] Project watches: {/Users/stevenlee/Downloads/BuckTest 3=ProjectWatch{watchRoot=/Users/stevenlee/Downloads/BuckTest 3}} Glob handler config: PYTHON Query timeout ms config: Optional.empty
[2019-04-14 10:35:30.885][warn ][command:null][tid:14][com.facebook.buck.cli.DaemonLifecycleManager] Shutting down and restarting daemon on config or directory graphBuilder change (ImmutableCell{cellPathResolver=DefaultCellPathResolver{root=/Users/stevenlee/Downloads/BuckTest 3, cellPaths={}}} != ImmutableCell{cellPathResolver=DefaultCellPathResolver{root=/Users/stevenlee/Downloads/BuckTest 3, cellPaths={}}})
[2019-04-14 10:35:30.885][info ][command:null][tid:14][com.facebook.buck.cli.DaemonLifecycleManager] Reusing web server
[2019-04-14 10:35:30.885][info ][command:null][tid:5993][com.facebook.buck.support.bgtasks.AsyncBackgroundTaskManager] Scheduler thread interrupted; shutting down manager
[2019-04-14 10:35:30.887][warn ][command:null][tid:14][com.facebook.buck.cli.Daemon] Can't start web server
[2019-04-14 10:35:30.887][debug][command:null][tid:14][com.facebook.buck.cli.Daemon] Using Watchman Cursor: {/Users/stevenlee/Downloads/BuckTest 3=c:1554802630:396:1:23714}
